[2022-10-04T05:58:11.896+0000] {taskinstance.py:1165} INFO - Dependencies all met for <TaskInstance: our_first_dag_v1.greet manual__2022-10-04T05:58:09.989871+00:00 [queued]>
[2022-10-04T05:58:11.907+0000] {taskinstance.py:1165} INFO - Dependencies all met for <TaskInstance: our_first_dag_v1.greet manual__2022-10-04T05:58:09.989871+00:00 [queued]>
[2022-10-04T05:58:11.908+0000] {taskinstance.py:1362} INFO - 
--------------------------------------------------------------------------------
[2022-10-04T05:58:11.908+0000] {taskinstance.py:1363} INFO - Starting attempt 1 of 3
[2022-10-04T05:58:11.908+0000] {taskinstance.py:1364} INFO - 
--------------------------------------------------------------------------------
[2022-10-04T05:58:11.927+0000] {taskinstance.py:1383} INFO - Executing <Task(PythonOperator): greet> on 2022-10-04 05:58:09.989871+00:00
[2022-10-04T05:58:11.931+0000] {standard_task_runner.py:54} INFO - Started process 386 to run task
[2022-10-04T05:58:11.934+0000] {standard_task_runner.py:82} INFO - Running: ['***', 'tasks', 'run', 'our_first_dag_v1', 'greet', 'manual__2022-10-04T05:58:09.989871+00:00', '--job-id', '7', '--raw', '--subdir', 'DAGS_FOLDER/our_first_dag.py', '--cfg-path', '/tmp/tmp5p78t5jz']
[2022-10-04T05:58:11.936+0000] {standard_task_runner.py:83} INFO - Job 7: Subtask greet
[2022-10-04T05:58:11.937+0000] {dagbag.py:525} INFO - Filling up the DagBag from /opt/***/dags/our_first_dag.py
[2022-10-04T05:58:12.022+0000] {task_command.py:384} INFO - Running <TaskInstance: our_first_dag_v1.greet manual__2022-10-04T05:58:09.989871+00:00 [running]> on host e877189be071
[2022-10-04T05:58:12.104+0000] {taskinstance.py:1592} INFO - Exporting the following env vars:
AIRFLOW_CTX_DAG_OWNER=***
AIRFLOW_CTX_DAG_ID=our_first_dag_v1
AIRFLOW_CTX_TASK_ID=greet
AIRFLOW_CTX_EXECUTION_DATE=2022-10-04T05:58:09.989871+00:00
AIRFLOW_CTX_TRY_NUMBER=1
AIRFLOW_CTX_DAG_RUN_ID=manual__2022-10-04T05:58:09.989871+00:00
[2022-10-04T05:58:12.134+0000] {logging_mixin.py:117} INFO - Hello Venkata Reddy Jillela you are 25 years old
[2022-10-04T05:58:12.134+0000] {python.py:177} INFO - Done. Returned value was: None
[2022-10-04T05:58:12.150+0000] {taskinstance.py:1406} INFO - Marking task as SUCCESS. dag_id=our_first_dag_v1, task_id=greet, execution_date=20221004T055809, start_date=20221004T055811, end_date=20221004T055812
[2022-10-04T05:58:12.227+0000] {local_task_job.py:164} INFO - Task exited with return code 0
[2022-10-04T05:58:12.253+0000] {local_task_job.py:273} INFO - 0 downstream tasks scheduled from follow-on schedule check
