[2022-10-04T06:57:31.049+0000] {taskinstance.py:1165} INFO - Dependencies all met for <TaskInstance: dag_with_cron_expression_v1.greet manual__2022-10-04T06:57:29.901964+00:00 [queued]>
[2022-10-04T06:57:31.060+0000] {taskinstance.py:1165} INFO - Dependencies all met for <TaskInstance: dag_with_cron_expression_v1.greet manual__2022-10-04T06:57:29.901964+00:00 [queued]>
[2022-10-04T06:57:31.061+0000] {taskinstance.py:1362} INFO - 
--------------------------------------------------------------------------------
[2022-10-04T06:57:31.061+0000] {taskinstance.py:1363} INFO - Starting attempt 1 of 3
[2022-10-04T06:57:31.061+0000] {taskinstance.py:1364} INFO - 
--------------------------------------------------------------------------------
[2022-10-04T06:57:31.078+0000] {taskinstance.py:1383} INFO - Executing <Task(BashOperator): greet> on 2022-10-04 06:57:29.901964+00:00
[2022-10-04T06:57:31.082+0000] {standard_task_runner.py:54} INFO - Started process 5217 to run task
[2022-10-04T06:57:31.087+0000] {standard_task_runner.py:82} INFO - Running: ['***', 'tasks', 'run', 'dag_with_cron_expression_v1', 'greet', 'manual__2022-10-04T06:57:29.901964+00:00', '--job-id', '42', '--raw', '--subdir', 'DAGS_FOLDER/dag_with_cron_expression.py', '--cfg-path', '/tmp/tmpwn31vn96']
[2022-10-04T06:57:31.090+0000] {standard_task_runner.py:83} INFO - Job 42: Subtask greet
[2022-10-04T06:57:31.092+0000] {dagbag.py:525} INFO - Filling up the DagBag from /opt/***/dags/dag_with_cron_expression.py
[2022-10-04T06:57:31.181+0000] {task_command.py:384} INFO - Running <TaskInstance: dag_with_cron_expression_v1.greet manual__2022-10-04T06:57:29.901964+00:00 [running]> on host e877189be071
[2022-10-04T06:57:31.261+0000] {taskinstance.py:1592} INFO - Exporting the following env vars:
AIRFLOW_CTX_DAG_OWNER=***
AIRFLOW_CTX_DAG_ID=dag_with_cron_expression_v1
AIRFLOW_CTX_TASK_ID=greet
AIRFLOW_CTX_EXECUTION_DATE=2022-10-04T06:57:29.901964+00:00
AIRFLOW_CTX_TRY_NUMBER=1
AIRFLOW_CTX_DAG_RUN_ID=manual__2022-10-04T06:57:29.901964+00:00
[2022-10-04T06:57:31.262+0000] {subprocess.py:63} INFO - Tmp dir root location: 
 /tmp
[2022-10-04T06:57:31.263+0000] {subprocess.py:75} INFO - Running command: ['/bin/bash', '-c', 'echo "Hello World"']
[2022-10-04T06:57:31.270+0000] {subprocess.py:86} INFO - Output:
[2022-10-04T06:57:31.272+0000] {subprocess.py:93} INFO - Hello World
[2022-10-04T06:57:31.272+0000] {subprocess.py:97} INFO - Command exited with return code 0
[2022-10-04T06:57:31.298+0000] {taskinstance.py:1406} INFO - Marking task as SUCCESS. dag_id=dag_with_cron_expression_v1, task_id=greet, execution_date=20221004T065729, start_date=20221004T065731, end_date=20221004T065731
[2022-10-04T06:57:31.338+0000] {local_task_job.py:164} INFO - Task exited with return code 0
[2022-10-04T06:57:31.363+0000] {local_task_job.py:273} INFO - 0 downstream tasks scheduled from follow-on schedule check
