[2022-10-04T06:17:14.877+0000] {taskinstance.py:1165} INFO - Dependencies all met for <TaskInstance: our_first_dag_api_v1.get_age manual__2022-10-04T06:17:13.529280+00:00 [queued]>
[2022-10-04T06:17:14.888+0000] {taskinstance.py:1165} INFO - Dependencies all met for <TaskInstance: our_first_dag_api_v1.get_age manual__2022-10-04T06:17:13.529280+00:00 [queued]>
[2022-10-04T06:17:14.888+0000] {taskinstance.py:1362} INFO - 
--------------------------------------------------------------------------------
[2022-10-04T06:17:14.888+0000] {taskinstance.py:1363} INFO - Starting attempt 1 of 3
[2022-10-04T06:17:14.888+0000] {taskinstance.py:1364} INFO - 
--------------------------------------------------------------------------------
[2022-10-04T06:17:14.906+0000] {taskinstance.py:1383} INFO - Executing <Task(_PythonDecoratedOperator): get_age> on 2022-10-04 06:17:13.529280+00:00
[2022-10-04T06:17:14.911+0000] {standard_task_runner.py:54} INFO - Started process 1799 to run task
[2022-10-04T06:17:14.914+0000] {standard_task_runner.py:82} INFO - Running: ['***', 'tasks', 'run', 'our_first_dag_api_v1', 'get_age', 'manual__2022-10-04T06:17:13.529280+00:00', '--job-id', '9', '--raw', '--subdir', 'DAGS_FOLDER/dag_with_taskflow_api.py', '--cfg-path', '/tmp/tmpcc36nt5s']
[2022-10-04T06:17:14.915+0000] {standard_task_runner.py:83} INFO - Job 9: Subtask get_age
[2022-10-04T06:17:14.916+0000] {dagbag.py:525} INFO - Filling up the DagBag from /opt/***/dags/dag_with_taskflow_api.py
[2022-10-04T06:17:14.939+0000] {logging_mixin.py:117} WARNING - /home/***/.local/lib/python3.7/site-packages/***/models/dag.py:3425 RemovedInAirflow3Warning: Param `schedule_interval` is deprecated and will be removed in a future release. Please use `schedule` instead.
[2022-10-04T06:17:14.943+0000] {taskmixin.py:205} WARNING - Dependency <Task(_PythonDecoratedOperator): get_name>, greet already registered for DAG: our_first_dag_api_v1
[2022-10-04T06:17:14.943+0000] {taskmixin.py:205} WARNING - Dependency <Task(_PythonDecoratedOperator): greet>, get_name already registered for DAG: our_first_dag_api_v1
[2022-10-04T06:17:14.943+0000] {taskmixin.py:205} WARNING - Dependency <Task(_PythonDecoratedOperator): get_age>, greet already registered for DAG: our_first_dag_api_v1
[2022-10-04T06:17:14.944+0000] {taskmixin.py:205} WARNING - Dependency <Task(_PythonDecoratedOperator): greet>, get_age already registered for DAG: our_first_dag_api_v1
[2022-10-04T06:17:14.944+0000] {taskmixin.py:205} WARNING - Dependency <Task(_PythonDecoratedOperator): get_name>, greet already registered for DAG: our_first_dag_api_v1
[2022-10-04T06:17:14.944+0000] {taskmixin.py:205} WARNING - Dependency <Task(_PythonDecoratedOperator): greet>, get_name already registered for DAG: our_first_dag_api_v1
[2022-10-04T06:17:14.944+0000] {taskmixin.py:205} WARNING - Dependency <Task(_PythonDecoratedOperator): get_age>, greet already registered for DAG: our_first_dag_api_v1
[2022-10-04T06:17:14.944+0000] {taskmixin.py:205} WARNING - Dependency <Task(_PythonDecoratedOperator): greet>, get_age already registered for DAG: our_first_dag_api_v1
[2022-10-04T06:17:14.944+0000] {taskmixin.py:205} WARNING - Dependency <Task(_PythonDecoratedOperator): get_name>, greet already registered for DAG: our_first_dag_api_v1
[2022-10-04T06:17:14.944+0000] {taskmixin.py:205} WARNING - Dependency <Task(_PythonDecoratedOperator): greet>, get_name already registered for DAG: our_first_dag_api_v1
[2022-10-04T06:17:14.944+0000] {taskmixin.py:205} WARNING - Dependency <Task(_PythonDecoratedOperator): get_age>, greet already registered for DAG: our_first_dag_api_v1
[2022-10-04T06:17:14.944+0000] {taskmixin.py:205} WARNING - Dependency <Task(_PythonDecoratedOperator): greet>, get_age already registered for DAG: our_first_dag_api_v1
[2022-10-04T06:17:14.944+0000] {taskmixin.py:205} WARNING - Dependency <Task(_PythonDecoratedOperator): get_name>, greet already registered for DAG: our_first_dag_api_v1
[2022-10-04T06:17:14.945+0000] {taskmixin.py:205} WARNING - Dependency <Task(_PythonDecoratedOperator): greet>, get_name already registered for DAG: our_first_dag_api_v1
[2022-10-04T06:17:14.945+0000] {taskmixin.py:205} WARNING - Dependency <Task(_PythonDecoratedOperator): get_age>, greet already registered for DAG: our_first_dag_api_v1
[2022-10-04T06:17:14.945+0000] {taskmixin.py:205} WARNING - Dependency <Task(_PythonDecoratedOperator): greet>, get_age already registered for DAG: our_first_dag_api_v1
[2022-10-04T06:17:14.945+0000] {taskmixin.py:205} WARNING - Dependency <Task(_PythonDecoratedOperator): get_name>, greet already registered for DAG: our_first_dag_api_v1
[2022-10-04T06:17:14.945+0000] {taskmixin.py:205} WARNING - Dependency <Task(_PythonDecoratedOperator): greet>, get_name already registered for DAG: our_first_dag_api_v1
[2022-10-04T06:17:14.945+0000] {taskmixin.py:205} WARNING - Dependency <Task(_PythonDecoratedOperator): get_age>, greet already registered for DAG: our_first_dag_api_v1
[2022-10-04T06:17:14.945+0000] {taskmixin.py:205} WARNING - Dependency <Task(_PythonDecoratedOperator): greet>, get_age already registered for DAG: our_first_dag_api_v1
[2022-10-04T06:17:14.945+0000] {taskmixin.py:205} WARNING - Dependency <Task(_PythonDecoratedOperator): get_name>, greet already registered for DAG: our_first_dag_api_v1
[2022-10-04T06:17:14.945+0000] {taskmixin.py:205} WARNING - Dependency <Task(_PythonDecoratedOperator): greet>, get_name already registered for DAG: our_first_dag_api_v1
[2022-10-04T06:17:14.945+0000] {taskmixin.py:205} WARNING - Dependency <Task(_PythonDecoratedOperator): get_age>, greet already registered for DAG: our_first_dag_api_v1
[2022-10-04T06:17:14.945+0000] {taskmixin.py:205} WARNING - Dependency <Task(_PythonDecoratedOperator): greet>, get_age already registered for DAG: our_first_dag_api_v1
[2022-10-04T06:17:15.021+0000] {task_command.py:384} INFO - Running <TaskInstance: our_first_dag_api_v1.get_age manual__2022-10-04T06:17:13.529280+00:00 [running]> on host e877189be071
[2022-10-04T06:17:15.127+0000] {taskinstance.py:1592} INFO - Exporting the following env vars:
AIRFLOW_CTX_DAG_OWNER=***
AIRFLOW_CTX_DAG_ID=our_first_dag_api_v1
AIRFLOW_CTX_TASK_ID=get_age
AIRFLOW_CTX_EXECUTION_DATE=2022-10-04T06:17:13.529280+00:00
AIRFLOW_CTX_TRY_NUMBER=1
AIRFLOW_CTX_DAG_RUN_ID=manual__2022-10-04T06:17:13.529280+00:00
[2022-10-04T06:17:15.128+0000] {python.py:177} INFO - Done. Returned value was: {'age': 25}
[2022-10-04T06:17:15.172+0000] {taskinstance.py:1406} INFO - Marking task as SUCCESS. dag_id=our_first_dag_api_v1, task_id=get_age, execution_date=20221004T061713, start_date=20221004T061714, end_date=20221004T061715
[2022-10-04T06:17:15.206+0000] {local_task_job.py:164} INFO - Task exited with return code 0
[2022-10-04T06:17:15.247+0000] {local_task_job.py:273} INFO - 1 downstream tasks scheduled from follow-on schedule check
