[2022-10-04T06:57:21.254+0000] {taskinstance.py:1165} INFO - Dependencies all met for <TaskInstance: dag_with_cron_expression_v1.greet scheduled__2022-10-02T00:00:00+00:00 [queued]>
[2022-10-04T06:57:21.309+0000] {taskinstance.py:1165} INFO - Dependencies all met for <TaskInstance: dag_with_cron_expression_v1.greet scheduled__2022-10-02T00:00:00+00:00 [queued]>
[2022-10-04T06:57:21.309+0000] {taskinstance.py:1362} INFO - 
--------------------------------------------------------------------------------
[2022-10-04T06:57:21.310+0000] {taskinstance.py:1363} INFO - Starting attempt 1 of 3
[2022-10-04T06:57:21.310+0000] {taskinstance.py:1364} INFO - 
--------------------------------------------------------------------------------
[2022-10-04T06:57:21.382+0000] {taskinstance.py:1383} INFO - Executing <Task(BashOperator): greet> on 2022-10-02 00:00:00+00:00
[2022-10-04T06:57:21.400+0000] {standard_task_runner.py:54} INFO - Started process 5201 to run task
[2022-10-04T06:57:21.423+0000] {standard_task_runner.py:82} INFO - Running: ['***', 'tasks', 'run', 'dag_with_cron_expression_v1', 'greet', 'scheduled__2022-10-02T00:00:00+00:00', '--job-id', '40', '--raw', '--subdir', 'DAGS_FOLDER/dag_with_cron_expression.py', '--cfg-path', '/tmp/tmpydkg7ukm']
[2022-10-04T06:57:21.426+0000] {standard_task_runner.py:83} INFO - Job 40: Subtask greet
[2022-10-04T06:57:21.429+0000] {dagbag.py:525} INFO - Filling up the DagBag from /opt/***/dags/dag_with_cron_expression.py
[2022-10-04T06:57:21.810+0000] {task_command.py:384} INFO - Running <TaskInstance: dag_with_cron_expression_v1.greet scheduled__2022-10-02T00:00:00+00:00 [running]> on host e877189be071
[2022-10-04T06:57:22.093+0000] {taskinstance.py:1592} INFO - Exporting the following env vars:
AIRFLOW_CTX_DAG_OWNER=***
AIRFLOW_CTX_DAG_ID=dag_with_cron_expression_v1
AIRFLOW_CTX_TASK_ID=greet
AIRFLOW_CTX_EXECUTION_DATE=2022-10-02T00:00:00+00:00
AIRFLOW_CTX_TRY_NUMBER=1
AIRFLOW_CTX_DAG_RUN_ID=scheduled__2022-10-02T00:00:00+00:00
[2022-10-04T06:57:22.095+0000] {subprocess.py:63} INFO - Tmp dir root location: 
 /tmp
[2022-10-04T06:57:22.097+0000] {subprocess.py:75} INFO - Running command: ['/bin/bash', '-c', 'echo "Hello World"']
[2022-10-04T06:57:22.118+0000] {subprocess.py:86} INFO - Output:
[2022-10-04T06:57:22.121+0000] {subprocess.py:93} INFO - Hello World
[2022-10-04T06:57:22.122+0000] {subprocess.py:97} INFO - Command exited with return code 0
[2022-10-04T06:57:22.183+0000] {taskinstance.py:1406} INFO - Marking task as SUCCESS. dag_id=dag_with_cron_expression_v1, task_id=greet, execution_date=20221002T000000, start_date=20221004T065721, end_date=20221004T065722
[2022-10-04T06:57:22.241+0000] {local_task_job.py:164} INFO - Task exited with return code 0
[2022-10-04T06:57:22.285+0000] {local_task_job.py:273} INFO - 0 downstream tasks scheduled from follow-on schedule check
