[2022-10-04T06:57:12.374+0000] {taskinstance.py:1165} INFO - Dependencies all met for <TaskInstance: dag_with_cron_expression_v1.greet scheduled__2022-09-18T00:00:00+00:00 [queued]>
[2022-10-04T06:57:12.453+0000] {taskinstance.py:1165} INFO - Dependencies all met for <TaskInstance: dag_with_cron_expression_v1.greet scheduled__2022-09-18T00:00:00+00:00 [queued]>
[2022-10-04T06:57:12.461+0000] {taskinstance.py:1362} INFO - 
--------------------------------------------------------------------------------
[2022-10-04T06:57:12.461+0000] {taskinstance.py:1363} INFO - Starting attempt 1 of 3
[2022-10-04T06:57:12.462+0000] {taskinstance.py:1364} INFO - 
--------------------------------------------------------------------------------
[2022-10-04T06:57:12.958+0000] {taskinstance.py:1383} INFO - Executing <Task(BashOperator): greet> on 2022-09-18 00:00:00+00:00
[2022-10-04T06:57:12.996+0000] {standard_task_runner.py:54} INFO - Started process 5142 to run task
[2022-10-04T06:57:13.042+0000] {standard_task_runner.py:82} INFO - Running: ['***', 'tasks', 'run', 'dag_with_cron_expression_v1', 'greet', 'scheduled__2022-09-18T00:00:00+00:00', '--job-id', '26', '--raw', '--subdir', 'DAGS_FOLDER/dag_with_cron_expression.py', '--cfg-path', '/tmp/tmpgauimmse']
[2022-10-04T06:57:13.045+0000] {standard_task_runner.py:83} INFO - Job 26: Subtask greet
[2022-10-04T06:57:13.048+0000] {dagbag.py:525} INFO - Filling up the DagBag from /opt/***/dags/dag_with_cron_expression.py
[2022-10-04T06:57:13.522+0000] {task_command.py:384} INFO - Running <TaskInstance: dag_with_cron_expression_v1.greet scheduled__2022-09-18T00:00:00+00:00 [running]> on host e877189be071
[2022-10-04T06:57:13.949+0000] {taskinstance.py:1592} INFO - Exporting the following env vars:
AIRFLOW_CTX_DAG_OWNER=***
AIRFLOW_CTX_DAG_ID=dag_with_cron_expression_v1
AIRFLOW_CTX_TASK_ID=greet
AIRFLOW_CTX_EXECUTION_DATE=2022-09-18T00:00:00+00:00
AIRFLOW_CTX_TRY_NUMBER=1
AIRFLOW_CTX_DAG_RUN_ID=scheduled__2022-09-18T00:00:00+00:00
[2022-10-04T06:57:13.955+0000] {subprocess.py:63} INFO - Tmp dir root location: 
 /tmp
[2022-10-04T06:57:13.958+0000] {subprocess.py:75} INFO - Running command: ['/bin/bash', '-c', 'echo "Hello World"']
[2022-10-04T06:57:14.001+0000] {subprocess.py:86} INFO - Output:
[2022-10-04T06:57:14.006+0000] {subprocess.py:93} INFO - Hello World
[2022-10-04T06:57:14.007+0000] {subprocess.py:97} INFO - Command exited with return code 0
[2022-10-04T06:57:14.229+0000] {taskinstance.py:1406} INFO - Marking task as SUCCESS. dag_id=dag_with_cron_expression_v1, task_id=greet, execution_date=20220918T000000, start_date=20221004T065712, end_date=20221004T065714
[2022-10-04T06:57:14.330+0000] {local_task_job.py:164} INFO - Task exited with return code 0
[2022-10-04T06:57:14.432+0000] {local_task_job.py:273} INFO - 0 downstream tasks scheduled from follow-on schedule check
