[2022-10-04T10:47:45.864+0000] {taskinstance.py:1165} INFO - Dependencies all met for <TaskInstance: dag_with_python_dependencies.get_sklearn scheduled__2022-10-03T00:00:00+00:00 [queued]>
[2022-10-04T10:47:45.878+0000] {taskinstance.py:1165} INFO - Dependencies all met for <TaskInstance: dag_with_python_dependencies.get_sklearn scheduled__2022-10-03T00:00:00+00:00 [queued]>
[2022-10-04T10:47:45.878+0000] {taskinstance.py:1362} INFO - 
--------------------------------------------------------------------------------
[2022-10-04T10:47:45.878+0000] {taskinstance.py:1363} INFO - Starting attempt 1 of 3
[2022-10-04T10:47:45.878+0000] {taskinstance.py:1364} INFO - 
--------------------------------------------------------------------------------
[2022-10-04T10:47:45.903+0000] {taskinstance.py:1383} INFO - Executing <Task(PythonOperator): get_sklearn> on 2022-10-03 00:00:00+00:00
[2022-10-04T10:47:45.907+0000] {standard_task_runner.py:54} INFO - Started process 3917 to run task
[2022-10-04T10:47:45.911+0000] {standard_task_runner.py:82} INFO - Running: ['***', 'tasks', 'run', 'dag_with_python_dependencies', 'get_sklearn', 'scheduled__2022-10-03T00:00:00+00:00', '--job-id', '93', '--raw', '--subdir', 'DAGS_FOLDER/dag_with_python_dependencies.py', '--cfg-path', '/tmp/tmpon037hxd']
[2022-10-04T10:47:45.913+0000] {standard_task_runner.py:83} INFO - Job 93: Subtask get_sklearn
[2022-10-04T10:47:45.914+0000] {dagbag.py:525} INFO - Filling up the DagBag from /opt/***/dags/dag_with_python_dependencies.py
[2022-10-04T10:47:46.654+0000] {task_command.py:384} INFO - Running <TaskInstance: dag_with_python_dependencies.get_sklearn scheduled__2022-10-03T00:00:00+00:00 [running]> on host fe59f3828ca7
[2022-10-04T10:47:46.816+0000] {taskinstance.py:1592} INFO - Exporting the following env vars:
AIRFLOW_CTX_DAG_OWNER=***
AIRFLOW_CTX_DAG_ID=dag_with_python_dependencies
AIRFLOW_CTX_TASK_ID=get_sklearn
AIRFLOW_CTX_EXECUTION_DATE=2022-10-03T00:00:00+00:00
AIRFLOW_CTX_TRY_NUMBER=1
AIRFLOW_CTX_DAG_RUN_ID=scheduled__2022-10-03T00:00:00+00:00
[2022-10-04T10:47:47.571+0000] {logging_mixin.py:117} INFO - sklearn version: 0.24.2
[2022-10-04T10:47:47.572+0000] {python.py:177} INFO - Done. Returned value was: None
[2022-10-04T10:47:47.591+0000] {taskinstance.py:1406} INFO - Marking task as SUCCESS. dag_id=dag_with_python_dependencies, task_id=get_sklearn, execution_date=20221003T000000, start_date=20221004T104745, end_date=20221004T104747
[2022-10-04T10:47:47.649+0000] {local_task_job.py:164} INFO - Task exited with return code 0
[2022-10-04T10:47:47.688+0000] {local_task_job.py:273} INFO - 0 downstream tasks scheduled from follow-on schedule check
