[2022-10-04T06:48:46.920+0000] {taskinstance.py:1165} INFO - Dependencies all met for <TaskInstance: our_first_dag__catchup_v2.greet manual__2022-10-04T06:48:45.909530+00:00 [queued]>
[2022-10-04T06:48:46.931+0000] {taskinstance.py:1165} INFO - Dependencies all met for <TaskInstance: our_first_dag__catchup_v2.greet manual__2022-10-04T06:48:45.909530+00:00 [queued]>
[2022-10-04T06:48:46.932+0000] {taskinstance.py:1362} INFO - 
--------------------------------------------------------------------------------
[2022-10-04T06:48:46.932+0000] {taskinstance.py:1363} INFO - Starting attempt 1 of 3
[2022-10-04T06:48:46.932+0000] {taskinstance.py:1364} INFO - 
--------------------------------------------------------------------------------
[2022-10-04T06:48:46.949+0000] {taskinstance.py:1383} INFO - Executing <Task(BashOperator): greet> on 2022-10-04 06:48:45.909530+00:00
[2022-10-04T06:48:46.952+0000] {standard_task_runner.py:54} INFO - Started process 4424 to run task
[2022-10-04T06:48:46.955+0000] {standard_task_runner.py:82} INFO - Running: ['***', 'tasks', 'run', 'our_first_dag__catchup_v2', 'greet', 'manual__2022-10-04T06:48:45.909530+00:00', '--job-id', '11', '--raw', '--subdir', 'DAGS_FOLDER/dag_with_catchup_and_backfill.py', '--cfg-path', '/tmp/tmp5iau43l6']
[2022-10-04T06:48:46.956+0000] {standard_task_runner.py:83} INFO - Job 11: Subtask greet
[2022-10-04T06:48:46.957+0000] {dagbag.py:525} INFO - Filling up the DagBag from /opt/***/dags/dag_with_catchup_and_backfill.py
[2022-10-04T06:48:47.033+0000] {task_command.py:384} INFO - Running <TaskInstance: our_first_dag__catchup_v2.greet manual__2022-10-04T06:48:45.909530+00:00 [running]> on host e877189be071
[2022-10-04T06:48:47.140+0000] {taskinstance.py:1592} INFO - Exporting the following env vars:
AIRFLOW_CTX_DAG_OWNER=***
AIRFLOW_CTX_DAG_ID=our_first_dag__catchup_v2
AIRFLOW_CTX_TASK_ID=greet
AIRFLOW_CTX_EXECUTION_DATE=2022-10-04T06:48:45.909530+00:00
AIRFLOW_CTX_TRY_NUMBER=1
AIRFLOW_CTX_DAG_RUN_ID=manual__2022-10-04T06:48:45.909530+00:00
[2022-10-04T06:48:47.141+0000] {subprocess.py:63} INFO - Tmp dir root location: 
 /tmp
[2022-10-04T06:48:47.141+0000] {subprocess.py:75} INFO - Running command: ['/bin/bash', '-c', 'echo "Hello World"']
[2022-10-04T06:48:47.148+0000] {subprocess.py:86} INFO - Output:
[2022-10-04T06:48:47.152+0000] {subprocess.py:93} INFO - Hello World
[2022-10-04T06:48:47.153+0000] {subprocess.py:97} INFO - Command exited with return code 0
[2022-10-04T06:48:47.179+0000] {taskinstance.py:1406} INFO - Marking task as SUCCESS. dag_id=our_first_dag__catchup_v2, task_id=greet, execution_date=20221004T064845, start_date=20221004T064846, end_date=20221004T064847
[2022-10-04T06:48:47.207+0000] {local_task_job.py:164} INFO - Task exited with return code 0
[2022-10-04T06:48:47.228+0000] {local_task_job.py:273} INFO - 0 downstream tasks scheduled from follow-on schedule check
