[2022-10-04T08:18:11.029+0000] {taskinstance.py:1165} INFO - Dependencies all met for <TaskInstance: dag_with_postgres_v3.create_table scheduled__2022-10-02T00:00:00+00:00 [queued]>
[2022-10-04T08:18:11.045+0000] {taskinstance.py:1165} INFO - Dependencies all met for <TaskInstance: dag_with_postgres_v3.create_table scheduled__2022-10-02T00:00:00+00:00 [queued]>
[2022-10-04T08:18:11.045+0000] {taskinstance.py:1362} INFO - 
--------------------------------------------------------------------------------
[2022-10-04T08:18:11.045+0000] {taskinstance.py:1363} INFO - Starting attempt 1 of 3
[2022-10-04T08:18:11.045+0000] {taskinstance.py:1364} INFO - 
--------------------------------------------------------------------------------
[2022-10-04T08:18:11.072+0000] {taskinstance.py:1383} INFO - Executing <Task(PostgresOperator): create_table> on 2022-10-02 00:00:00+00:00
[2022-10-04T08:18:11.076+0000] {standard_task_runner.py:54} INFO - Started process 12920 to run task
[2022-10-04T08:18:11.080+0000] {standard_task_runner.py:82} INFO - Running: ['***', 'tasks', 'run', 'dag_with_postgres_v3', 'create_table', 'scheduled__2022-10-02T00:00:00+00:00', '--job-id', '55', '--raw', '--subdir', 'DAGS_FOLDER/dag_with_postgres_operator.py', '--cfg-path', '/tmp/tmpdnpbsj6v']
[2022-10-04T08:18:11.082+0000] {standard_task_runner.py:83} INFO - Job 55: Subtask create_table
[2022-10-04T08:18:11.083+0000] {dagbag.py:525} INFO - Filling up the DagBag from /opt/***/dags/dag_with_postgres_operator.py
[2022-10-04T08:18:11.243+0000] {task_command.py:384} INFO - Running <TaskInstance: dag_with_postgres_v3.create_table scheduled__2022-10-02T00:00:00+00:00 [running]> on host e877189be071
[2022-10-04T08:18:11.556+0000] {taskinstance.py:1592} INFO - Exporting the following env vars:
AIRFLOW_CTX_DAG_OWNER=***
AIRFLOW_CTX_DAG_ID=dag_with_postgres_v3
AIRFLOW_CTX_TASK_ID=create_table
AIRFLOW_CTX_EXECUTION_DATE=2022-10-02T00:00:00+00:00
AIRFLOW_CTX_TRY_NUMBER=1
AIRFLOW_CTX_DAG_RUN_ID=scheduled__2022-10-02T00:00:00+00:00
[2022-10-04T08:18:11.571+0000] {base.py:71} INFO - Using connection ID 'postgres_localhost' for task execution.
[2022-10-04T08:18:11.593+0000] {sql.py:315} INFO - Running statement: 
            create table if not exists dag_runs(
                dt date,
                dag_id character varying,
                primary key (dt, dag_id)
            )
        , parameters: None
[2022-10-04T08:18:11.601+0000] {postgres.py:96} INFO - NOTICE:  relation "dag_runs" already exists, skipping

[2022-10-04T08:18:11.748+0000] {taskinstance.py:1406} INFO - Marking task as SUCCESS. dag_id=dag_with_postgres_v3, task_id=create_table, execution_date=20221002T000000, start_date=20221004T081811, end_date=20221004T081811
[2022-10-04T08:18:11.813+0000] {local_task_job.py:164} INFO - Task exited with return code 0
[2022-10-04T08:18:11.866+0000] {local_task_job.py:273} INFO - 1 downstream tasks scheduled from follow-on schedule check
