[2022-10-04T08:17:44.589+0000] {taskinstance.py:1165} INFO - Dependencies all met for <TaskInstance: dag_with_postgres_v3.delete_data_from_table_dag_runs manual__2022-10-04T08:17:42.084356+00:00 [queued]>
[2022-10-04T08:17:44.606+0000] {taskinstance.py:1165} INFO - Dependencies all met for <TaskInstance: dag_with_postgres_v3.delete_data_from_table_dag_runs manual__2022-10-04T08:17:42.084356+00:00 [queued]>
[2022-10-04T08:17:44.606+0000] {taskinstance.py:1362} INFO - 
--------------------------------------------------------------------------------
[2022-10-04T08:17:44.607+0000] {taskinstance.py:1363} INFO - Starting attempt 1 of 3
[2022-10-04T08:17:44.607+0000] {taskinstance.py:1364} INFO - 
--------------------------------------------------------------------------------
[2022-10-04T08:17:44.631+0000] {taskinstance.py:1383} INFO - Executing <Task(PostgresOperator): delete_data_from_table_dag_runs> on 2022-10-04 08:17:42.084356+00:00
[2022-10-04T08:17:44.636+0000] {standard_task_runner.py:54} INFO - Started process 12859 to run task
[2022-10-04T08:17:44.640+0000] {standard_task_runner.py:82} INFO - Running: ['***', 'tasks', 'run', 'dag_with_postgres_v3', 'delete_data_from_table_dag_runs', 'manual__2022-10-04T08:17:42.084356+00:00', '--job-id', '50', '--raw', '--subdir', 'DAGS_FOLDER/dag_with_postgres_operator.py', '--cfg-path', '/tmp/tmpcdbmg3yi']
[2022-10-04T08:17:44.641+0000] {standard_task_runner.py:83} INFO - Job 50: Subtask delete_data_from_table_dag_runs
[2022-10-04T08:17:44.642+0000] {dagbag.py:525} INFO - Filling up the DagBag from /opt/***/dags/dag_with_postgres_operator.py
[2022-10-04T08:17:44.820+0000] {task_command.py:384} INFO - Running <TaskInstance: dag_with_postgres_v3.delete_data_from_table_dag_runs manual__2022-10-04T08:17:42.084356+00:00 [running]> on host e877189be071
[2022-10-04T08:17:45.091+0000] {taskinstance.py:1592} INFO - Exporting the following env vars:
AIRFLOW_CTX_DAG_OWNER=***
AIRFLOW_CTX_DAG_ID=dag_with_postgres_v3
AIRFLOW_CTX_TASK_ID=delete_data_from_table_dag_runs
AIRFLOW_CTX_EXECUTION_DATE=2022-10-04T08:17:42.084356+00:00
AIRFLOW_CTX_TRY_NUMBER=1
AIRFLOW_CTX_DAG_RUN_ID=manual__2022-10-04T08:17:42.084356+00:00
[2022-10-04T08:17:45.104+0000] {base.py:71} INFO - Using connection ID 'postgres_localhost' for task execution.
[2022-10-04T08:17:45.122+0000] {sql.py:315} INFO - Running statement: 
            delete from dag_runs where dt = '2022-10-04' and dag_id = 'dag_with_postgres_v3'
        , parameters: None
[2022-10-04T08:17:45.130+0000] {sql.py:324} INFO - Rows affected: 0
[2022-10-04T08:17:45.151+0000] {taskinstance.py:1406} INFO - Marking task as SUCCESS. dag_id=dag_with_postgres_v3, task_id=delete_data_from_table_dag_runs, execution_date=20221004T081742, start_date=20221004T081744, end_date=20221004T081745
[2022-10-04T08:17:45.213+0000] {local_task_job.py:164} INFO - Task exited with return code 0
[2022-10-04T08:17:45.254+0000] {local_task_job.py:273} INFO - 1 downstream tasks scheduled from follow-on schedule check
