[2022-10-04T08:18:12.889+0000] {taskinstance.py:1165} INFO - Dependencies all met for <TaskInstance: dag_with_postgres_v3.delete_data_from_table_dag_runs scheduled__2022-10-02T00:00:00+00:00 [queued]>
[2022-10-04T08:18:12.914+0000] {taskinstance.py:1165} INFO - Dependencies all met for <TaskInstance: dag_with_postgres_v3.delete_data_from_table_dag_runs scheduled__2022-10-02T00:00:00+00:00 [queued]>
[2022-10-04T08:18:12.915+0000] {taskinstance.py:1362} INFO - 
--------------------------------------------------------------------------------
[2022-10-04T08:18:12.916+0000] {taskinstance.py:1363} INFO - Starting attempt 1 of 3
[2022-10-04T08:18:12.916+0000] {taskinstance.py:1364} INFO - 
--------------------------------------------------------------------------------
[2022-10-04T08:18:12.951+0000] {taskinstance.py:1383} INFO - Executing <Task(PostgresOperator): delete_data_from_table_dag_runs> on 2022-10-02 00:00:00+00:00
[2022-10-04T08:18:12.958+0000] {standard_task_runner.py:54} INFO - Started process 12927 to run task
[2022-10-04T08:18:12.963+0000] {standard_task_runner.py:82} INFO - Running: ['***', 'tasks', 'run', 'dag_with_postgres_v3', 'delete_data_from_table_dag_runs', 'scheduled__2022-10-02T00:00:00+00:00', '--job-id', '58', '--raw', '--subdir', 'DAGS_FOLDER/dag_with_postgres_operator.py', '--cfg-path', '/tmp/tmp3hvh63db']
[2022-10-04T08:18:12.966+0000] {standard_task_runner.py:83} INFO - Job 58: Subtask delete_data_from_table_dag_runs
[2022-10-04T08:18:12.967+0000] {dagbag.py:525} INFO - Filling up the DagBag from /opt/***/dags/dag_with_postgres_operator.py
[2022-10-04T08:18:13.218+0000] {task_command.py:384} INFO - Running <TaskInstance: dag_with_postgres_v3.delete_data_from_table_dag_runs scheduled__2022-10-02T00:00:00+00:00 [running]> on host e877189be071
[2022-10-04T08:18:13.611+0000] {taskinstance.py:1592} INFO - Exporting the following env vars:
AIRFLOW_CTX_DAG_OWNER=***
AIRFLOW_CTX_DAG_ID=dag_with_postgres_v3
AIRFLOW_CTX_TASK_ID=delete_data_from_table_dag_runs
AIRFLOW_CTX_EXECUTION_DATE=2022-10-02T00:00:00+00:00
AIRFLOW_CTX_TRY_NUMBER=1
AIRFLOW_CTX_DAG_RUN_ID=scheduled__2022-10-02T00:00:00+00:00
[2022-10-04T08:18:13.626+0000] {base.py:71} INFO - Using connection ID 'postgres_localhost' for task execution.
[2022-10-04T08:18:13.650+0000] {sql.py:315} INFO - Running statement: 
            delete from dag_runs where dt = '2022-10-02' and dag_id = 'dag_with_postgres_v3'
        , parameters: None
[2022-10-04T08:18:13.658+0000] {sql.py:324} INFO - Rows affected: 0
[2022-10-04T08:18:13.680+0000] {taskinstance.py:1406} INFO - Marking task as SUCCESS. dag_id=dag_with_postgres_v3, task_id=delete_data_from_table_dag_runs, execution_date=20221002T000000, start_date=20221004T081812, end_date=20221004T081813
[2022-10-04T08:18:13.737+0000] {local_task_job.py:164} INFO - Task exited with return code 0
[2022-10-04T08:18:13.844+0000] {local_task_job.py:273} INFO - 1 downstream tasks scheduled from follow-on schedule check
