[2022-10-03T12:24:24.241+0000] {processor.py:156} INFO - Started process (PID=263) to work on /home/airflow/.local/lib/python3.7/site-packages/airflow/example_dags/example_latest_only.py
[2022-10-03T12:24:24.242+0000] {processor.py:758} INFO - Processing file /home/airflow/.local/lib/python3.7/site-packages/airflow/example_dags/example_latest_only.py for tasks to queue
[2022-10-03T12:24:24.243+0000] {logging_mixin.py:117} INFO - [2022-10-03T12:24:24.243+0000] {dagbag.py:525} INFO - Filling up the DagBag from /home/airflow/.local/lib/python3.7/site-packages/airflow/example_dags/example_latest_only.py
[2022-10-03T12:24:24.264+0000] {processor.py:768} INFO - DAG(s) dict_keys(['latest_only']) retrieved from /home/airflow/.local/lib/python3.7/site-packages/airflow/example_dags/example_latest_only.py
[2022-10-03T12:24:24.333+0000] {logging_mixin.py:117} INFO - [2022-10-03T12:24:24.333+0000] {dag.py:2573} INFO - Sync 1 DAGs
[2022-10-03T12:24:24.377+0000] {logging_mixin.py:117} INFO - [2022-10-03T12:24:24.377+0000] {dag.py:3328} INFO - Setting next_dagrun for latest_only to 2022-10-03T08:24:24.376848+00:00, run_after=2022-10-03T12:24:24.376848+00:00
[2022-10-03T12:24:24.412+0000] {processor.py:178} INFO - Processing /home/airflow/.local/lib/python3.7/site-packages/airflow/example_dags/example_latest_only.py took 0.174 seconds
[2022-10-03T12:24:56.021+0000] {processor.py:156} INFO - Started process (PID=471) to work on /home/airflow/.local/lib/python3.7/site-packages/airflow/example_dags/example_latest_only.py
[2022-10-03T12:24:56.022+0000] {processor.py:758} INFO - Processing file /home/airflow/.local/lib/python3.7/site-packages/airflow/example_dags/example_latest_only.py for tasks to queue
[2022-10-03T12:24:56.023+0000] {logging_mixin.py:117} INFO - [2022-10-03T12:24:56.023+0000] {dagbag.py:525} INFO - Filling up the DagBag from /home/airflow/.local/lib/python3.7/site-packages/airflow/example_dags/example_latest_only.py
[2022-10-03T12:24:56.042+0000] {processor.py:768} INFO - DAG(s) dict_keys(['latest_only']) retrieved from /home/airflow/.local/lib/python3.7/site-packages/airflow/example_dags/example_latest_only.py
[2022-10-03T12:24:56.125+0000] {logging_mixin.py:117} INFO - [2022-10-03T12:24:56.125+0000] {dag.py:2573} INFO - Sync 1 DAGs
[2022-10-03T12:24:56.212+0000] {logging_mixin.py:117} INFO - [2022-10-03T12:24:56.211+0000] {dag.py:3328} INFO - Setting next_dagrun for latest_only to 2022-10-03T08:24:56.211032+00:00, run_after=2022-10-03T12:24:56.211032+00:00
[2022-10-03T12:24:56.507+0000] {processor.py:178} INFO - Processing /home/airflow/.local/lib/python3.7/site-packages/airflow/example_dags/example_latest_only.py took 0.490 seconds
[2022-10-03T12:25:27.075+0000] {processor.py:156} INFO - Started process (PID=671) to work on /home/airflow/.local/lib/python3.7/site-packages/airflow/example_dags/example_latest_only.py
[2022-10-03T12:25:27.077+0000] {processor.py:758} INFO - Processing file /home/airflow/.local/lib/python3.7/site-packages/airflow/example_dags/example_latest_only.py for tasks to queue
[2022-10-03T12:25:27.079+0000] {logging_mixin.py:117} INFO - [2022-10-03T12:25:27.078+0000] {dagbag.py:525} INFO - Filling up the DagBag from /home/airflow/.local/lib/python3.7/site-packages/airflow/example_dags/example_latest_only.py
[2022-10-03T12:25:27.115+0000] {processor.py:768} INFO - DAG(s) dict_keys(['latest_only']) retrieved from /home/airflow/.local/lib/python3.7/site-packages/airflow/example_dags/example_latest_only.py
[2022-10-03T12:25:27.204+0000] {logging_mixin.py:117} INFO - [2022-10-03T12:25:27.203+0000] {dag.py:2573} INFO - Sync 1 DAGs
[2022-10-03T12:25:27.465+0000] {logging_mixin.py:117} INFO - [2022-10-03T12:25:27.465+0000] {dag.py:3328} INFO - Setting next_dagrun for latest_only to 2022-10-03T08:25:27.465014+00:00, run_after=2022-10-03T12:25:27.465014+00:00
[2022-10-03T12:25:27.519+0000] {processor.py:178} INFO - Processing /home/airflow/.local/lib/python3.7/site-packages/airflow/example_dags/example_latest_only.py took 0.452 seconds
[2022-10-03T12:25:58.268+0000] {processor.py:156} INFO - Started process (PID=878) to work on /home/airflow/.local/lib/python3.7/site-packages/airflow/example_dags/example_latest_only.py
[2022-10-03T12:25:58.269+0000] {processor.py:758} INFO - Processing file /home/airflow/.local/lib/python3.7/site-packages/airflow/example_dags/example_latest_only.py for tasks to queue
[2022-10-03T12:25:58.270+0000] {logging_mixin.py:117} INFO - [2022-10-03T12:25:58.270+0000] {dagbag.py:525} INFO - Filling up the DagBag from /home/airflow/.local/lib/python3.7/site-packages/airflow/example_dags/example_latest_only.py
[2022-10-03T12:25:58.291+0000] {processor.py:768} INFO - DAG(s) dict_keys(['latest_only']) retrieved from /home/airflow/.local/lib/python3.7/site-packages/airflow/example_dags/example_latest_only.py
[2022-10-03T12:25:58.499+0000] {logging_mixin.py:117} INFO - [2022-10-03T12:25:58.499+0000] {dag.py:2573} INFO - Sync 1 DAGs
[2022-10-03T12:25:58.534+0000] {logging_mixin.py:117} INFO - [2022-10-03T12:25:58.534+0000] {dag.py:3328} INFO - Setting next_dagrun for latest_only to 2022-10-03T08:25:58.533789+00:00, run_after=2022-10-03T12:25:58.533789+00:00
[2022-10-03T12:25:58.566+0000] {processor.py:178} INFO - Processing /home/airflow/.local/lib/python3.7/site-packages/airflow/example_dags/example_latest_only.py took 0.304 seconds
[2022-10-03T12:26:30.209+0000] {processor.py:156} INFO - Started process (PID=1077) to work on /home/airflow/.local/lib/python3.7/site-packages/airflow/example_dags/example_latest_only.py
[2022-10-03T12:26:30.212+0000] {processor.py:758} INFO - Processing file /home/airflow/.local/lib/python3.7/site-packages/airflow/example_dags/example_latest_only.py for tasks to queue
[2022-10-03T12:26:30.213+0000] {logging_mixin.py:117} INFO - [2022-10-03T12:26:30.213+0000] {dagbag.py:525} INFO - Filling up the DagBag from /home/airflow/.local/lib/python3.7/site-packages/airflow/example_dags/example_latest_only.py
[2022-10-03T12:26:30.275+0000] {processor.py:768} INFO - DAG(s) dict_keys(['latest_only']) retrieved from /home/airflow/.local/lib/python3.7/site-packages/airflow/example_dags/example_latest_only.py
[2022-10-03T12:26:30.644+0000] {logging_mixin.py:117} INFO - [2022-10-03T12:26:30.644+0000] {dag.py:2573} INFO - Sync 1 DAGs
[2022-10-03T12:26:30.726+0000] {logging_mixin.py:117} INFO - [2022-10-03T12:26:30.725+0000] {dag.py:3328} INFO - Setting next_dagrun for latest_only to 2022-10-03T08:26:30.725416+00:00, run_after=2022-10-03T12:26:30.725416+00:00
[2022-10-03T12:26:30.776+0000] {processor.py:178} INFO - Processing /home/airflow/.local/lib/python3.7/site-packages/airflow/example_dags/example_latest_only.py took 0.577 seconds
[2022-10-03T12:27:01.585+0000] {processor.py:156} INFO - Started process (PID=1293) to work on /home/airflow/.local/lib/python3.7/site-packages/airflow/example_dags/example_latest_only.py
[2022-10-03T12:27:01.586+0000] {processor.py:758} INFO - Processing file /home/airflow/.local/lib/python3.7/site-packages/airflow/example_dags/example_latest_only.py for tasks to queue
[2022-10-03T12:27:01.587+0000] {logging_mixin.py:117} INFO - [2022-10-03T12:27:01.587+0000] {dagbag.py:525} INFO - Filling up the DagBag from /home/airflow/.local/lib/python3.7/site-packages/airflow/example_dags/example_latest_only.py
[2022-10-03T12:27:01.605+0000] {processor.py:768} INFO - DAG(s) dict_keys(['latest_only']) retrieved from /home/airflow/.local/lib/python3.7/site-packages/airflow/example_dags/example_latest_only.py
[2022-10-03T12:27:01.760+0000] {logging_mixin.py:117} INFO - [2022-10-03T12:27:01.759+0000] {dag.py:2573} INFO - Sync 1 DAGs
[2022-10-03T12:27:01.784+0000] {logging_mixin.py:117} INFO - [2022-10-03T12:27:01.784+0000] {dag.py:3328} INFO - Setting next_dagrun for latest_only to 2022-10-03T08:27:01.784404+00:00, run_after=2022-10-03T12:27:01.784404+00:00
[2022-10-03T12:27:01.813+0000] {processor.py:178} INFO - Processing /home/airflow/.local/lib/python3.7/site-packages/airflow/example_dags/example_latest_only.py took 0.233 seconds
[2022-10-03T12:27:32.253+0000] {processor.py:156} INFO - Started process (PID=1518) to work on /home/airflow/.local/lib/python3.7/site-packages/airflow/example_dags/example_latest_only.py
[2022-10-03T12:27:32.255+0000] {processor.py:758} INFO - Processing file /home/airflow/.local/lib/python3.7/site-packages/airflow/example_dags/example_latest_only.py for tasks to queue
[2022-10-03T12:27:32.256+0000] {logging_mixin.py:117} INFO - [2022-10-03T12:27:32.256+0000] {dagbag.py:525} INFO - Filling up the DagBag from /home/airflow/.local/lib/python3.7/site-packages/airflow/example_dags/example_latest_only.py
[2022-10-03T12:27:32.284+0000] {processor.py:768} INFO - DAG(s) dict_keys(['latest_only']) retrieved from /home/airflow/.local/lib/python3.7/site-packages/airflow/example_dags/example_latest_only.py
[2022-10-03T12:27:32.367+0000] {logging_mixin.py:117} INFO - [2022-10-03T12:27:32.367+0000] {dag.py:2573} INFO - Sync 1 DAGs
[2022-10-03T12:27:32.425+0000] {logging_mixin.py:117} INFO - [2022-10-03T12:27:32.424+0000] {dag.py:3328} INFO - Setting next_dagrun for latest_only to 2022-10-03T08:27:32.424448+00:00, run_after=2022-10-03T12:27:32.424448+00:00
[2022-10-03T12:27:32.472+0000] {processor.py:178} INFO - Processing /home/airflow/.local/lib/python3.7/site-packages/airflow/example_dags/example_latest_only.py took 0.225 seconds
[2022-10-03T12:28:03.130+0000] {processor.py:156} INFO - Started process (PID=1724) to work on /home/airflow/.local/lib/python3.7/site-packages/airflow/example_dags/example_latest_only.py
[2022-10-03T12:28:03.132+0000] {processor.py:758} INFO - Processing file /home/airflow/.local/lib/python3.7/site-packages/airflow/example_dags/example_latest_only.py for tasks to queue
[2022-10-03T12:28:03.133+0000] {logging_mixin.py:117} INFO - [2022-10-03T12:28:03.133+0000] {dagbag.py:525} INFO - Filling up the DagBag from /home/airflow/.local/lib/python3.7/site-packages/airflow/example_dags/example_latest_only.py
[2022-10-03T12:28:03.170+0000] {processor.py:768} INFO - DAG(s) dict_keys(['latest_only']) retrieved from /home/airflow/.local/lib/python3.7/site-packages/airflow/example_dags/example_latest_only.py
[2022-10-03T12:28:03.267+0000] {logging_mixin.py:117} INFO - [2022-10-03T12:28:03.267+0000] {dag.py:2573} INFO - Sync 1 DAGs
[2022-10-03T12:28:03.303+0000] {logging_mixin.py:117} INFO - [2022-10-03T12:28:03.303+0000] {dag.py:3328} INFO - Setting next_dagrun for latest_only to 2022-10-03T08:28:03.303233+00:00, run_after=2022-10-03T12:28:03.303233+00:00
[2022-10-03T12:28:03.335+0000] {processor.py:178} INFO - Processing /home/airflow/.local/lib/python3.7/site-packages/airflow/example_dags/example_latest_only.py took 0.211 seconds
[2022-10-03T12:28:33.933+0000] {processor.py:156} INFO - Started process (PID=1924) to work on /home/airflow/.local/lib/python3.7/site-packages/airflow/example_dags/example_latest_only.py
[2022-10-03T12:28:33.934+0000] {processor.py:758} INFO - Processing file /home/airflow/.local/lib/python3.7/site-packages/airflow/example_dags/example_latest_only.py for tasks to queue
[2022-10-03T12:28:33.935+0000] {logging_mixin.py:117} INFO - [2022-10-03T12:28:33.935+0000] {dagbag.py:525} INFO - Filling up the DagBag from /home/airflow/.local/lib/python3.7/site-packages/airflow/example_dags/example_latest_only.py
[2022-10-03T12:28:33.950+0000] {processor.py:768} INFO - DAG(s) dict_keys(['latest_only']) retrieved from /home/airflow/.local/lib/python3.7/site-packages/airflow/example_dags/example_latest_only.py
[2022-10-03T12:28:33.997+0000] {logging_mixin.py:117} INFO - [2022-10-03T12:28:33.997+0000] {dag.py:2573} INFO - Sync 1 DAGs
[2022-10-03T12:28:34.029+0000] {logging_mixin.py:117} INFO - [2022-10-03T12:28:34.029+0000] {dag.py:3328} INFO - Setting next_dagrun for latest_only to 2022-10-03T08:28:34.029038+00:00, run_after=2022-10-03T12:28:34.029038+00:00
[2022-10-03T12:28:34.058+0000] {processor.py:178} INFO - Processing /home/airflow/.local/lib/python3.7/site-packages/airflow/example_dags/example_latest_only.py took 0.128 seconds
[2022-10-03T12:29:04.787+0000] {processor.py:156} INFO - Started process (PID=2131) to work on /home/airflow/.local/lib/python3.7/site-packages/airflow/example_dags/example_latest_only.py
[2022-10-03T12:29:04.787+0000] {processor.py:758} INFO - Processing file /home/airflow/.local/lib/python3.7/site-packages/airflow/example_dags/example_latest_only.py for tasks to queue
[2022-10-03T12:29:04.788+0000] {logging_mixin.py:117} INFO - [2022-10-03T12:29:04.788+0000] {dagbag.py:525} INFO - Filling up the DagBag from /home/airflow/.local/lib/python3.7/site-packages/airflow/example_dags/example_latest_only.py
[2022-10-03T12:29:04.803+0000] {processor.py:768} INFO - DAG(s) dict_keys(['latest_only']) retrieved from /home/airflow/.local/lib/python3.7/site-packages/airflow/example_dags/example_latest_only.py
[2022-10-03T12:29:04.848+0000] {logging_mixin.py:117} INFO - [2022-10-03T12:29:04.848+0000] {dag.py:2573} INFO - Sync 1 DAGs
[2022-10-03T12:29:04.877+0000] {logging_mixin.py:117} INFO - [2022-10-03T12:29:04.877+0000] {dag.py:3328} INFO - Setting next_dagrun for latest_only to 2022-10-03T08:29:04.877337+00:00, run_after=2022-10-03T12:29:04.877337+00:00
[2022-10-03T12:29:04.907+0000] {processor.py:178} INFO - Processing /home/airflow/.local/lib/python3.7/site-packages/airflow/example_dags/example_latest_only.py took 0.123 seconds
[2022-10-03T12:29:35.686+0000] {processor.py:156} INFO - Started process (PID=2338) to work on /home/airflow/.local/lib/python3.7/site-packages/airflow/example_dags/example_latest_only.py
[2022-10-03T12:29:35.689+0000] {processor.py:758} INFO - Processing file /home/airflow/.local/lib/python3.7/site-packages/airflow/example_dags/example_latest_only.py for tasks to queue
[2022-10-03T12:29:35.692+0000] {logging_mixin.py:117} INFO - [2022-10-03T12:29:35.691+0000] {dagbag.py:525} INFO - Filling up the DagBag from /home/airflow/.local/lib/python3.7/site-packages/airflow/example_dags/example_latest_only.py
[2022-10-03T12:29:35.729+0000] {processor.py:768} INFO - DAG(s) dict_keys(['latest_only']) retrieved from /home/airflow/.local/lib/python3.7/site-packages/airflow/example_dags/example_latest_only.py
[2022-10-03T12:29:35.836+0000] {logging_mixin.py:117} INFO - [2022-10-03T12:29:35.835+0000] {dag.py:2573} INFO - Sync 1 DAGs
[2022-10-03T12:29:35.906+0000] {logging_mixin.py:117} INFO - [2022-10-03T12:29:35.905+0000] {dag.py:3328} INFO - Setting next_dagrun for latest_only to 2022-10-03T08:29:35.905351+00:00, run_after=2022-10-03T12:29:35.905351+00:00
[2022-10-03T12:29:35.956+0000] {processor.py:178} INFO - Processing /home/airflow/.local/lib/python3.7/site-packages/airflow/example_dags/example_latest_only.py took 0.278 seconds
[2022-10-03T12:30:06.123+0000] {processor.py:156} INFO - Started process (PID=2536) to work on /home/airflow/.local/lib/python3.7/site-packages/airflow/example_dags/example_latest_only.py
[2022-10-03T12:30:06.125+0000] {processor.py:758} INFO - Processing file /home/airflow/.local/lib/python3.7/site-packages/airflow/example_dags/example_latest_only.py for tasks to queue
[2022-10-03T12:30:06.127+0000] {logging_mixin.py:117} INFO - [2022-10-03T12:30:06.126+0000] {dagbag.py:525} INFO - Filling up the DagBag from /home/airflow/.local/lib/python3.7/site-packages/airflow/example_dags/example_latest_only.py
[2022-10-03T12:30:06.158+0000] {processor.py:768} INFO - DAG(s) dict_keys(['latest_only']) retrieved from /home/airflow/.local/lib/python3.7/site-packages/airflow/example_dags/example_latest_only.py
[2022-10-03T12:30:06.245+0000] {logging_mixin.py:117} INFO - [2022-10-03T12:30:06.245+0000] {dag.py:2573} INFO - Sync 1 DAGs
[2022-10-03T12:30:06.304+0000] {logging_mixin.py:117} INFO - [2022-10-03T12:30:06.304+0000] {dag.py:3328} INFO - Setting next_dagrun for latest_only to 2022-10-03T08:30:06.303657+00:00, run_after=2022-10-03T12:30:06.303657+00:00
[2022-10-03T12:30:06.351+0000] {processor.py:178} INFO - Processing /home/airflow/.local/lib/python3.7/site-packages/airflow/example_dags/example_latest_only.py took 0.235 seconds
[2022-10-03T12:30:37.415+0000] {processor.py:156} INFO - Started process (PID=2745) to work on /home/airflow/.local/lib/python3.7/site-packages/airflow/example_dags/example_latest_only.py
[2022-10-03T12:30:37.416+0000] {processor.py:758} INFO - Processing file /home/airflow/.local/lib/python3.7/site-packages/airflow/example_dags/example_latest_only.py for tasks to queue
[2022-10-03T12:30:37.417+0000] {logging_mixin.py:117} INFO - [2022-10-03T12:30:37.417+0000] {dagbag.py:525} INFO - Filling up the DagBag from /home/airflow/.local/lib/python3.7/site-packages/airflow/example_dags/example_latest_only.py
[2022-10-03T12:30:37.433+0000] {processor.py:768} INFO - DAG(s) dict_keys(['latest_only']) retrieved from /home/airflow/.local/lib/python3.7/site-packages/airflow/example_dags/example_latest_only.py
[2022-10-03T12:30:37.481+0000] {logging_mixin.py:117} INFO - [2022-10-03T12:30:37.481+0000] {dag.py:2573} INFO - Sync 1 DAGs
[2022-10-03T12:30:37.512+0000] {logging_mixin.py:117} INFO - [2022-10-03T12:30:37.512+0000] {dag.py:3328} INFO - Setting next_dagrun for latest_only to 2022-10-03T08:30:37.512226+00:00, run_after=2022-10-03T12:30:37.512226+00:00
[2022-10-03T12:30:37.537+0000] {processor.py:178} INFO - Processing /home/airflow/.local/lib/python3.7/site-packages/airflow/example_dags/example_latest_only.py took 0.125 seconds
[2022-10-03T12:31:08.073+0000] {processor.py:156} INFO - Started process (PID=2943) to work on /home/airflow/.local/lib/python3.7/site-packages/airflow/example_dags/example_latest_only.py
[2022-10-03T12:31:08.074+0000] {processor.py:758} INFO - Processing file /home/airflow/.local/lib/python3.7/site-packages/airflow/example_dags/example_latest_only.py for tasks to queue
[2022-10-03T12:31:08.075+0000] {logging_mixin.py:117} INFO - [2022-10-03T12:31:08.075+0000] {dagbag.py:525} INFO - Filling up the DagBag from /home/airflow/.local/lib/python3.7/site-packages/airflow/example_dags/example_latest_only.py
[2022-10-03T12:31:08.090+0000] {processor.py:768} INFO - DAG(s) dict_keys(['latest_only']) retrieved from /home/airflow/.local/lib/python3.7/site-packages/airflow/example_dags/example_latest_only.py
[2022-10-03T12:31:08.146+0000] {logging_mixin.py:117} INFO - [2022-10-03T12:31:08.146+0000] {dag.py:2573} INFO - Sync 1 DAGs
[2022-10-03T12:31:08.177+0000] {logging_mixin.py:117} INFO - [2022-10-03T12:31:08.176+0000] {dag.py:3328} INFO - Setting next_dagrun for latest_only to 2022-10-03T08:31:08.176637+00:00, run_after=2022-10-03T12:31:08.176637+00:00
[2022-10-03T12:31:08.205+0000] {processor.py:178} INFO - Processing /home/airflow/.local/lib/python3.7/site-packages/airflow/example_dags/example_latest_only.py took 0.136 seconds
[2022-10-03T12:31:38.485+0000] {processor.py:156} INFO - Started process (PID=3150) to work on /home/airflow/.local/lib/python3.7/site-packages/airflow/example_dags/example_latest_only.py
[2022-10-03T12:31:38.486+0000] {processor.py:758} INFO - Processing file /home/airflow/.local/lib/python3.7/site-packages/airflow/example_dags/example_latest_only.py for tasks to queue
[2022-10-03T12:31:38.486+0000] {logging_mixin.py:117} INFO - [2022-10-03T12:31:38.486+0000] {dagbag.py:525} INFO - Filling up the DagBag from /home/airflow/.local/lib/python3.7/site-packages/airflow/example_dags/example_latest_only.py
[2022-10-03T12:31:38.501+0000] {processor.py:768} INFO - DAG(s) dict_keys(['latest_only']) retrieved from /home/airflow/.local/lib/python3.7/site-packages/airflow/example_dags/example_latest_only.py
[2022-10-03T12:31:38.547+0000] {logging_mixin.py:117} INFO - [2022-10-03T12:31:38.547+0000] {dag.py:2573} INFO - Sync 1 DAGs
[2022-10-03T12:31:38.577+0000] {logging_mixin.py:117} INFO - [2022-10-03T12:31:38.576+0000] {dag.py:3328} INFO - Setting next_dagrun for latest_only to 2022-10-03T08:31:38.576671+00:00, run_after=2022-10-03T12:31:38.576671+00:00
[2022-10-03T12:31:38.604+0000] {processor.py:178} INFO - Processing /home/airflow/.local/lib/python3.7/site-packages/airflow/example_dags/example_latest_only.py took 0.124 seconds
[2022-10-03T12:32:08.668+0000] {processor.py:156} INFO - Started process (PID=3348) to work on /home/airflow/.local/lib/python3.7/site-packages/airflow/example_dags/example_latest_only.py
[2022-10-03T12:32:08.669+0000] {processor.py:758} INFO - Processing file /home/airflow/.local/lib/python3.7/site-packages/airflow/example_dags/example_latest_only.py for tasks to queue
[2022-10-03T12:32:08.670+0000] {logging_mixin.py:117} INFO - [2022-10-03T12:32:08.670+0000] {dagbag.py:525} INFO - Filling up the DagBag from /home/airflow/.local/lib/python3.7/site-packages/airflow/example_dags/example_latest_only.py
[2022-10-03T12:32:08.686+0000] {processor.py:768} INFO - DAG(s) dict_keys(['latest_only']) retrieved from /home/airflow/.local/lib/python3.7/site-packages/airflow/example_dags/example_latest_only.py
[2022-10-03T12:32:08.733+0000] {logging_mixin.py:117} INFO - [2022-10-03T12:32:08.733+0000] {dag.py:2573} INFO - Sync 1 DAGs
[2022-10-03T12:32:08.763+0000] {logging_mixin.py:117} INFO - [2022-10-03T12:32:08.763+0000] {dag.py:3328} INFO - Setting next_dagrun for latest_only to 2022-10-03T08:32:08.763422+00:00, run_after=2022-10-03T12:32:08.763422+00:00
[2022-10-03T12:32:08.791+0000] {processor.py:178} INFO - Processing /home/airflow/.local/lib/python3.7/site-packages/airflow/example_dags/example_latest_only.py took 0.127 seconds
[2022-10-03T12:32:39.059+0000] {processor.py:156} INFO - Started process (PID=3555) to work on /home/airflow/.local/lib/python3.7/site-packages/airflow/example_dags/example_latest_only.py
[2022-10-03T12:32:39.060+0000] {processor.py:758} INFO - Processing file /home/airflow/.local/lib/python3.7/site-packages/airflow/example_dags/example_latest_only.py for tasks to queue
[2022-10-03T12:32:39.060+0000] {logging_mixin.py:117} INFO - [2022-10-03T12:32:39.060+0000] {dagbag.py:525} INFO - Filling up the DagBag from /home/airflow/.local/lib/python3.7/site-packages/airflow/example_dags/example_latest_only.py
[2022-10-03T12:32:39.076+0000] {processor.py:768} INFO - DAG(s) dict_keys(['latest_only']) retrieved from /home/airflow/.local/lib/python3.7/site-packages/airflow/example_dags/example_latest_only.py
[2022-10-03T12:32:39.121+0000] {logging_mixin.py:117} INFO - [2022-10-03T12:32:39.121+0000] {dag.py:2573} INFO - Sync 1 DAGs
[2022-10-03T12:32:39.151+0000] {logging_mixin.py:117} INFO - [2022-10-03T12:32:39.150+0000] {dag.py:3328} INFO - Setting next_dagrun for latest_only to 2022-10-03T08:32:39.150713+00:00, run_after=2022-10-03T12:32:39.150713+00:00
[2022-10-03T12:32:39.175+0000] {processor.py:178} INFO - Processing /home/airflow/.local/lib/python3.7/site-packages/airflow/example_dags/example_latest_only.py took 0.120 seconds
[2022-10-03T12:33:09.495+0000] {processor.py:156} INFO - Started process (PID=3762) to work on /home/airflow/.local/lib/python3.7/site-packages/airflow/example_dags/example_latest_only.py
[2022-10-03T12:33:09.496+0000] {processor.py:758} INFO - Processing file /home/airflow/.local/lib/python3.7/site-packages/airflow/example_dags/example_latest_only.py for tasks to queue
[2022-10-03T12:33:09.497+0000] {logging_mixin.py:117} INFO - [2022-10-03T12:33:09.497+0000] {dagbag.py:525} INFO - Filling up the DagBag from /home/airflow/.local/lib/python3.7/site-packages/airflow/example_dags/example_latest_only.py
[2022-10-03T12:33:09.514+0000] {processor.py:768} INFO - DAG(s) dict_keys(['latest_only']) retrieved from /home/airflow/.local/lib/python3.7/site-packages/airflow/example_dags/example_latest_only.py
[2022-10-03T12:33:09.564+0000] {logging_mixin.py:117} INFO - [2022-10-03T12:33:09.564+0000] {dag.py:2573} INFO - Sync 1 DAGs
[2022-10-03T12:33:09.596+0000] {logging_mixin.py:117} INFO - [2022-10-03T12:33:09.596+0000] {dag.py:3328} INFO - Setting next_dagrun for latest_only to 2022-10-03T08:33:09.596415+00:00, run_after=2022-10-03T12:33:09.596415+00:00
[2022-10-03T12:33:09.627+0000] {processor.py:178} INFO - Processing /home/airflow/.local/lib/python3.7/site-packages/airflow/example_dags/example_latest_only.py took 0.136 seconds
[2022-10-03T12:33:40.134+0000] {processor.py:156} INFO - Started process (PID=3960) to work on /home/airflow/.local/lib/python3.7/site-packages/airflow/example_dags/example_latest_only.py
[2022-10-03T12:33:40.135+0000] {processor.py:758} INFO - Processing file /home/airflow/.local/lib/python3.7/site-packages/airflow/example_dags/example_latest_only.py for tasks to queue
[2022-10-03T12:33:40.135+0000] {logging_mixin.py:117} INFO - [2022-10-03T12:33:40.135+0000] {dagbag.py:525} INFO - Filling up the DagBag from /home/airflow/.local/lib/python3.7/site-packages/airflow/example_dags/example_latest_only.py
[2022-10-03T12:33:40.151+0000] {processor.py:768} INFO - DAG(s) dict_keys(['latest_only']) retrieved from /home/airflow/.local/lib/python3.7/site-packages/airflow/example_dags/example_latest_only.py
[2022-10-03T12:33:40.196+0000] {logging_mixin.py:117} INFO - [2022-10-03T12:33:40.196+0000] {dag.py:2573} INFO - Sync 1 DAGs
[2022-10-03T12:33:40.229+0000] {logging_mixin.py:117} INFO - [2022-10-03T12:33:40.229+0000] {dag.py:3328} INFO - Setting next_dagrun for latest_only to 2022-10-03T08:33:40.228750+00:00, run_after=2022-10-03T12:33:40.228750+00:00
[2022-10-03T12:33:40.258+0000] {processor.py:178} INFO - Processing /home/airflow/.local/lib/python3.7/site-packages/airflow/example_dags/example_latest_only.py took 0.129 seconds
[2022-10-03T12:34:10.576+0000] {processor.py:156} INFO - Started process (PID=4165) to work on /home/airflow/.local/lib/python3.7/site-packages/airflow/example_dags/example_latest_only.py
[2022-10-03T12:34:10.578+0000] {processor.py:758} INFO - Processing file /home/airflow/.local/lib/python3.7/site-packages/airflow/example_dags/example_latest_only.py for tasks to queue
[2022-10-03T12:34:10.579+0000] {logging_mixin.py:117} INFO - [2022-10-03T12:34:10.579+0000] {dagbag.py:525} INFO - Filling up the DagBag from /home/airflow/.local/lib/python3.7/site-packages/airflow/example_dags/example_latest_only.py
[2022-10-03T12:34:10.615+0000] {processor.py:768} INFO - DAG(s) dict_keys(['latest_only']) retrieved from /home/airflow/.local/lib/python3.7/site-packages/airflow/example_dags/example_latest_only.py
[2022-10-03T12:34:10.718+0000] {logging_mixin.py:117} INFO - [2022-10-03T12:34:10.718+0000] {dag.py:2573} INFO - Sync 1 DAGs
[2022-10-03T12:34:10.780+0000] {logging_mixin.py:117} INFO - [2022-10-03T12:34:10.779+0000] {dag.py:3328} INFO - Setting next_dagrun for latest_only to 2022-10-03T08:34:10.779029+00:00, run_after=2022-10-03T12:34:10.779029+00:00
[2022-10-03T12:34:10.835+0000] {processor.py:178} INFO - Processing /home/airflow/.local/lib/python3.7/site-packages/airflow/example_dags/example_latest_only.py took 0.267 seconds
[2022-10-03T12:34:41.887+0000] {processor.py:156} INFO - Started process (PID=4364) to work on /home/airflow/.local/lib/python3.7/site-packages/airflow/example_dags/example_latest_only.py
[2022-10-03T12:34:41.890+0000] {processor.py:758} INFO - Processing file /home/airflow/.local/lib/python3.7/site-packages/airflow/example_dags/example_latest_only.py for tasks to queue
[2022-10-03T12:34:41.893+0000] {logging_mixin.py:117} INFO - [2022-10-03T12:34:41.892+0000] {dagbag.py:525} INFO - Filling up the DagBag from /home/airflow/.local/lib/python3.7/site-packages/airflow/example_dags/example_latest_only.py
[2022-10-03T12:34:41.927+0000] {processor.py:768} INFO - DAG(s) dict_keys(['latest_only']) retrieved from /home/airflow/.local/lib/python3.7/site-packages/airflow/example_dags/example_latest_only.py
[2022-10-03T12:34:42.029+0000] {logging_mixin.py:117} INFO - [2022-10-03T12:34:42.028+0000] {dag.py:2573} INFO - Sync 1 DAGs
[2022-10-03T12:34:42.094+0000] {logging_mixin.py:117} INFO - [2022-10-03T12:34:42.094+0000] {dag.py:3328} INFO - Setting next_dagrun for latest_only to 2022-10-03T08:34:42.093424+00:00, run_after=2022-10-03T12:34:42.093424+00:00
[2022-10-03T12:34:42.143+0000] {processor.py:178} INFO - Processing /home/airflow/.local/lib/python3.7/site-packages/airflow/example_dags/example_latest_only.py took 0.264 seconds
[2022-10-03T12:35:12.894+0000] {processor.py:156} INFO - Started process (PID=4571) to work on /home/airflow/.local/lib/python3.7/site-packages/airflow/example_dags/example_latest_only.py
[2022-10-03T12:35:12.895+0000] {processor.py:758} INFO - Processing file /home/airflow/.local/lib/python3.7/site-packages/airflow/example_dags/example_latest_only.py for tasks to queue
[2022-10-03T12:35:12.896+0000] {logging_mixin.py:117} INFO - [2022-10-03T12:35:12.896+0000] {dagbag.py:525} INFO - Filling up the DagBag from /home/airflow/.local/lib/python3.7/site-packages/airflow/example_dags/example_latest_only.py
[2022-10-03T12:35:12.911+0000] {processor.py:768} INFO - DAG(s) dict_keys(['latest_only']) retrieved from /home/airflow/.local/lib/python3.7/site-packages/airflow/example_dags/example_latest_only.py
[2022-10-03T12:35:12.961+0000] {logging_mixin.py:117} INFO - [2022-10-03T12:35:12.961+0000] {dag.py:2573} INFO - Sync 1 DAGs
[2022-10-03T12:35:13.000+0000] {logging_mixin.py:117} INFO - [2022-10-03T12:35:13.000+0000] {dag.py:3328} INFO - Setting next_dagrun for latest_only to 2022-10-03T08:35:13.000131+00:00, run_after=2022-10-03T12:35:13.000131+00:00
[2022-10-03T12:35:13.032+0000] {processor.py:178} INFO - Processing /home/airflow/.local/lib/python3.7/site-packages/airflow/example_dags/example_latest_only.py took 0.141 seconds
[2022-10-03T12:35:43.430+0000] {processor.py:156} INFO - Started process (PID=4769) to work on /home/airflow/.local/lib/python3.7/site-packages/airflow/example_dags/example_latest_only.py
[2022-10-03T12:35:43.430+0000] {processor.py:758} INFO - Processing file /home/airflow/.local/lib/python3.7/site-packages/airflow/example_dags/example_latest_only.py for tasks to queue
[2022-10-03T12:35:43.431+0000] {logging_mixin.py:117} INFO - [2022-10-03T12:35:43.431+0000] {dagbag.py:525} INFO - Filling up the DagBag from /home/airflow/.local/lib/python3.7/site-packages/airflow/example_dags/example_latest_only.py
[2022-10-03T12:35:43.447+0000] {processor.py:768} INFO - DAG(s) dict_keys(['latest_only']) retrieved from /home/airflow/.local/lib/python3.7/site-packages/airflow/example_dags/example_latest_only.py
[2022-10-03T12:35:43.493+0000] {logging_mixin.py:117} INFO - [2022-10-03T12:35:43.492+0000] {dag.py:2573} INFO - Sync 1 DAGs
[2022-10-03T12:35:43.524+0000] {logging_mixin.py:117} INFO - [2022-10-03T12:35:43.523+0000] {dag.py:3328} INFO - Setting next_dagrun for latest_only to 2022-10-03T08:35:43.523514+00:00, run_after=2022-10-03T12:35:43.523514+00:00
[2022-10-03T12:35:43.551+0000] {processor.py:178} INFO - Processing /home/airflow/.local/lib/python3.7/site-packages/airflow/example_dags/example_latest_only.py took 0.124 seconds
[2022-10-03T12:36:13.846+0000] {processor.py:156} INFO - Started process (PID=4976) to work on /home/airflow/.local/lib/python3.7/site-packages/airflow/example_dags/example_latest_only.py
[2022-10-03T12:36:13.847+0000] {processor.py:758} INFO - Processing file /home/airflow/.local/lib/python3.7/site-packages/airflow/example_dags/example_latest_only.py for tasks to queue
[2022-10-03T12:36:13.848+0000] {logging_mixin.py:117} INFO - [2022-10-03T12:36:13.848+0000] {dagbag.py:525} INFO - Filling up the DagBag from /home/airflow/.local/lib/python3.7/site-packages/airflow/example_dags/example_latest_only.py
[2022-10-03T12:36:13.863+0000] {processor.py:768} INFO - DAG(s) dict_keys(['latest_only']) retrieved from /home/airflow/.local/lib/python3.7/site-packages/airflow/example_dags/example_latest_only.py
[2022-10-03T12:36:13.911+0000] {logging_mixin.py:117} INFO - [2022-10-03T12:36:13.910+0000] {dag.py:2573} INFO - Sync 1 DAGs
[2022-10-03T12:36:13.944+0000] {logging_mixin.py:117} INFO - [2022-10-03T12:36:13.944+0000] {dag.py:3328} INFO - Setting next_dagrun for latest_only to 2022-10-03T08:36:13.944008+00:00, run_after=2022-10-03T12:36:13.944008+00:00
[2022-10-03T12:36:13.972+0000] {processor.py:178} INFO - Processing /home/airflow/.local/lib/python3.7/site-packages/airflow/example_dags/example_latest_only.py took 0.131 seconds
[2022-10-03T12:36:44.143+0000] {processor.py:156} INFO - Started process (PID=5174) to work on /home/airflow/.local/lib/python3.7/site-packages/airflow/example_dags/example_latest_only.py
[2022-10-03T12:36:44.144+0000] {processor.py:758} INFO - Processing file /home/airflow/.local/lib/python3.7/site-packages/airflow/example_dags/example_latest_only.py for tasks to queue
[2022-10-03T12:36:44.145+0000] {logging_mixin.py:117} INFO - [2022-10-03T12:36:44.144+0000] {dagbag.py:525} INFO - Filling up the DagBag from /home/airflow/.local/lib/python3.7/site-packages/airflow/example_dags/example_latest_only.py
[2022-10-03T12:36:44.159+0000] {processor.py:768} INFO - DAG(s) dict_keys(['latest_only']) retrieved from /home/airflow/.local/lib/python3.7/site-packages/airflow/example_dags/example_latest_only.py
[2022-10-03T12:36:44.206+0000] {logging_mixin.py:117} INFO - [2022-10-03T12:36:44.206+0000] {dag.py:2573} INFO - Sync 1 DAGs
[2022-10-03T12:36:44.235+0000] {logging_mixin.py:117} INFO - [2022-10-03T12:36:44.235+0000] {dag.py:3328} INFO - Setting next_dagrun for latest_only to 2022-10-03T08:36:44.235080+00:00, run_after=2022-10-03T12:36:44.235080+00:00
[2022-10-03T12:36:44.262+0000] {processor.py:178} INFO - Processing /home/airflow/.local/lib/python3.7/site-packages/airflow/example_dags/example_latest_only.py took 0.122 seconds
[2022-10-03T12:37:14.581+0000] {processor.py:156} INFO - Started process (PID=5381) to work on /home/airflow/.local/lib/python3.7/site-packages/airflow/example_dags/example_latest_only.py
[2022-10-03T12:37:14.582+0000] {processor.py:758} INFO - Processing file /home/airflow/.local/lib/python3.7/site-packages/airflow/example_dags/example_latest_only.py for tasks to queue
[2022-10-03T12:37:14.583+0000] {logging_mixin.py:117} INFO - [2022-10-03T12:37:14.583+0000] {dagbag.py:525} INFO - Filling up the DagBag from /home/airflow/.local/lib/python3.7/site-packages/airflow/example_dags/example_latest_only.py
[2022-10-03T12:37:14.599+0000] {processor.py:768} INFO - DAG(s) dict_keys(['latest_only']) retrieved from /home/airflow/.local/lib/python3.7/site-packages/airflow/example_dags/example_latest_only.py
[2022-10-03T12:37:14.646+0000] {logging_mixin.py:117} INFO - [2022-10-03T12:37:14.646+0000] {dag.py:2573} INFO - Sync 1 DAGs
[2022-10-03T12:37:14.676+0000] {logging_mixin.py:117} INFO - [2022-10-03T12:37:14.676+0000] {dag.py:3328} INFO - Setting next_dagrun for latest_only to 2022-10-03T08:37:14.676014+00:00, run_after=2022-10-03T12:37:14.676014+00:00
[2022-10-03T12:37:14.706+0000] {processor.py:178} INFO - Processing /home/airflow/.local/lib/python3.7/site-packages/airflow/example_dags/example_latest_only.py took 0.128 seconds
[2022-10-03T12:37:44.865+0000] {processor.py:156} INFO - Started process (PID=5588) to work on /home/airflow/.local/lib/python3.7/site-packages/airflow/example_dags/example_latest_only.py
[2022-10-03T12:37:44.866+0000] {processor.py:758} INFO - Processing file /home/airflow/.local/lib/python3.7/site-packages/airflow/example_dags/example_latest_only.py for tasks to queue
[2022-10-03T12:37:44.868+0000] {logging_mixin.py:117} INFO - [2022-10-03T12:37:44.867+0000] {dagbag.py:525} INFO - Filling up the DagBag from /home/airflow/.local/lib/python3.7/site-packages/airflow/example_dags/example_latest_only.py
[2022-10-03T12:37:44.887+0000] {processor.py:768} INFO - DAG(s) dict_keys(['latest_only']) retrieved from /home/airflow/.local/lib/python3.7/site-packages/airflow/example_dags/example_latest_only.py
[2022-10-03T12:37:44.943+0000] {logging_mixin.py:117} INFO - [2022-10-03T12:37:44.943+0000] {dag.py:2573} INFO - Sync 1 DAGs
[2022-10-03T12:37:44.983+0000] {logging_mixin.py:117} INFO - [2022-10-03T12:37:44.983+0000] {dag.py:3328} INFO - Setting next_dagrun for latest_only to 2022-10-03T08:37:44.983384+00:00, run_after=2022-10-03T12:37:44.983384+00:00
[2022-10-03T12:37:45.016+0000] {processor.py:178} INFO - Processing /home/airflow/.local/lib/python3.7/site-packages/airflow/example_dags/example_latest_only.py took 0.155 seconds
[2022-10-03T12:38:15.361+0000] {processor.py:156} INFO - Started process (PID=5786) to work on /home/airflow/.local/lib/python3.7/site-packages/airflow/example_dags/example_latest_only.py
[2022-10-03T12:38:15.363+0000] {processor.py:758} INFO - Processing file /home/airflow/.local/lib/python3.7/site-packages/airflow/example_dags/example_latest_only.py for tasks to queue
[2022-10-03T12:38:15.364+0000] {logging_mixin.py:117} INFO - [2022-10-03T12:38:15.364+0000] {dagbag.py:525} INFO - Filling up the DagBag from /home/airflow/.local/lib/python3.7/site-packages/airflow/example_dags/example_latest_only.py
[2022-10-03T12:38:15.400+0000] {processor.py:768} INFO - DAG(s) dict_keys(['latest_only']) retrieved from /home/airflow/.local/lib/python3.7/site-packages/airflow/example_dags/example_latest_only.py
[2022-10-03T12:38:15.521+0000] {logging_mixin.py:117} INFO - [2022-10-03T12:38:15.521+0000] {dag.py:2573} INFO - Sync 1 DAGs
[2022-10-03T12:38:15.611+0000] {logging_mixin.py:117} INFO - [2022-10-03T12:38:15.611+0000] {dag.py:3328} INFO - Setting next_dagrun for latest_only to 2022-10-03T08:38:15.610645+00:00, run_after=2022-10-03T12:38:15.610645+00:00
[2022-10-03T12:38:15.671+0000] {processor.py:178} INFO - Processing /home/airflow/.local/lib/python3.7/site-packages/airflow/example_dags/example_latest_only.py took 0.318 seconds
[2022-10-03T12:38:45.946+0000] {processor.py:156} INFO - Started process (PID=5993) to work on /home/airflow/.local/lib/python3.7/site-packages/airflow/example_dags/example_latest_only.py
[2022-10-03T12:38:45.947+0000] {processor.py:758} INFO - Processing file /home/airflow/.local/lib/python3.7/site-packages/airflow/example_dags/example_latest_only.py for tasks to queue
[2022-10-03T12:38:45.949+0000] {logging_mixin.py:117} INFO - [2022-10-03T12:38:45.948+0000] {dagbag.py:525} INFO - Filling up the DagBag from /home/airflow/.local/lib/python3.7/site-packages/airflow/example_dags/example_latest_only.py
[2022-10-03T12:38:45.979+0000] {processor.py:768} INFO - DAG(s) dict_keys(['latest_only']) retrieved from /home/airflow/.local/lib/python3.7/site-packages/airflow/example_dags/example_latest_only.py
[2022-10-03T12:38:46.069+0000] {logging_mixin.py:117} INFO - [2022-10-03T12:38:46.068+0000] {dag.py:2573} INFO - Sync 1 DAGs
[2022-10-03T12:38:46.131+0000] {logging_mixin.py:117} INFO - [2022-10-03T12:38:46.130+0000] {dag.py:3328} INFO - Setting next_dagrun for latest_only to 2022-10-03T08:38:46.130286+00:00, run_after=2022-10-03T12:38:46.130286+00:00
[2022-10-03T12:38:46.181+0000] {processor.py:178} INFO - Processing /home/airflow/.local/lib/python3.7/site-packages/airflow/example_dags/example_latest_only.py took 0.241 seconds
[2022-10-03T12:39:16.904+0000] {processor.py:156} INFO - Started process (PID=6191) to work on /home/airflow/.local/lib/python3.7/site-packages/airflow/example_dags/example_latest_only.py
[2022-10-03T12:39:16.906+0000] {processor.py:758} INFO - Processing file /home/airflow/.local/lib/python3.7/site-packages/airflow/example_dags/example_latest_only.py for tasks to queue
[2022-10-03T12:39:16.907+0000] {logging_mixin.py:117} INFO - [2022-10-03T12:39:16.907+0000] {dagbag.py:525} INFO - Filling up the DagBag from /home/airflow/.local/lib/python3.7/site-packages/airflow/example_dags/example_latest_only.py
[2022-10-03T12:39:16.927+0000] {processor.py:768} INFO - DAG(s) dict_keys(['latest_only']) retrieved from /home/airflow/.local/lib/python3.7/site-packages/airflow/example_dags/example_latest_only.py
[2022-10-03T12:39:16.992+0000] {logging_mixin.py:117} INFO - [2022-10-03T12:39:16.991+0000] {dag.py:2573} INFO - Sync 1 DAGs
[2022-10-03T12:39:17.025+0000] {logging_mixin.py:117} INFO - [2022-10-03T12:39:17.025+0000] {dag.py:3328} INFO - Setting next_dagrun for latest_only to 2022-10-03T08:39:17.025385+00:00, run_after=2022-10-03T12:39:17.025385+00:00
[2022-10-03T12:39:17.055+0000] {processor.py:178} INFO - Processing /home/airflow/.local/lib/python3.7/site-packages/airflow/example_dags/example_latest_only.py took 0.157 seconds
[2022-10-03T12:39:47.121+0000] {processor.py:156} INFO - Started process (PID=6398) to work on /home/airflow/.local/lib/python3.7/site-packages/airflow/example_dags/example_latest_only.py
[2022-10-03T12:39:47.121+0000] {processor.py:758} INFO - Processing file /home/airflow/.local/lib/python3.7/site-packages/airflow/example_dags/example_latest_only.py for tasks to queue
[2022-10-03T12:39:47.122+0000] {logging_mixin.py:117} INFO - [2022-10-03T12:39:47.122+0000] {dagbag.py:525} INFO - Filling up the DagBag from /home/airflow/.local/lib/python3.7/site-packages/airflow/example_dags/example_latest_only.py
[2022-10-03T12:39:47.137+0000] {processor.py:768} INFO - DAG(s) dict_keys(['latest_only']) retrieved from /home/airflow/.local/lib/python3.7/site-packages/airflow/example_dags/example_latest_only.py
[2022-10-03T12:39:47.184+0000] {logging_mixin.py:117} INFO - [2022-10-03T12:39:47.184+0000] {dag.py:2573} INFO - Sync 1 DAGs
[2022-10-03T12:39:47.215+0000] {logging_mixin.py:117} INFO - [2022-10-03T12:39:47.215+0000] {dag.py:3328} INFO - Setting next_dagrun for latest_only to 2022-10-03T08:39:47.215456+00:00, run_after=2022-10-03T12:39:47.215456+00:00
[2022-10-03T12:39:47.241+0000] {processor.py:178} INFO - Processing /home/airflow/.local/lib/python3.7/site-packages/airflow/example_dags/example_latest_only.py took 0.123 seconds
[2022-10-03T12:40:17.628+0000] {processor.py:156} INFO - Started process (PID=6596) to work on /home/airflow/.local/lib/python3.7/site-packages/airflow/example_dags/example_latest_only.py
[2022-10-03T12:40:17.629+0000] {processor.py:758} INFO - Processing file /home/airflow/.local/lib/python3.7/site-packages/airflow/example_dags/example_latest_only.py for tasks to queue
[2022-10-03T12:40:17.629+0000] {logging_mixin.py:117} INFO - [2022-10-03T12:40:17.629+0000] {dagbag.py:525} INFO - Filling up the DagBag from /home/airflow/.local/lib/python3.7/site-packages/airflow/example_dags/example_latest_only.py
[2022-10-03T12:40:17.644+0000] {processor.py:768} INFO - DAG(s) dict_keys(['latest_only']) retrieved from /home/airflow/.local/lib/python3.7/site-packages/airflow/example_dags/example_latest_only.py
[2022-10-03T12:40:17.690+0000] {logging_mixin.py:117} INFO - [2022-10-03T12:40:17.690+0000] {dag.py:2573} INFO - Sync 1 DAGs
[2022-10-03T12:40:17.720+0000] {logging_mixin.py:117} INFO - [2022-10-03T12:40:17.720+0000] {dag.py:3328} INFO - Setting next_dagrun for latest_only to 2022-10-03T08:40:17.720290+00:00, run_after=2022-10-03T12:40:17.720290+00:00
[2022-10-03T12:40:17.748+0000] {processor.py:178} INFO - Processing /home/airflow/.local/lib/python3.7/site-packages/airflow/example_dags/example_latest_only.py took 0.123 seconds
[2022-10-03T12:40:48.367+0000] {processor.py:156} INFO - Started process (PID=6803) to work on /home/airflow/.local/lib/python3.7/site-packages/airflow/example_dags/example_latest_only.py
[2022-10-03T12:40:48.368+0000] {processor.py:758} INFO - Processing file /home/airflow/.local/lib/python3.7/site-packages/airflow/example_dags/example_latest_only.py for tasks to queue
[2022-10-03T12:40:48.370+0000] {logging_mixin.py:117} INFO - [2022-10-03T12:40:48.369+0000] {dagbag.py:525} INFO - Filling up the DagBag from /home/airflow/.local/lib/python3.7/site-packages/airflow/example_dags/example_latest_only.py
[2022-10-03T12:40:48.406+0000] {processor.py:768} INFO - DAG(s) dict_keys(['latest_only']) retrieved from /home/airflow/.local/lib/python3.7/site-packages/airflow/example_dags/example_latest_only.py
[2022-10-03T12:40:48.505+0000] {logging_mixin.py:117} INFO - [2022-10-03T12:40:48.505+0000] {dag.py:2573} INFO - Sync 1 DAGs
[2022-10-03T12:40:48.564+0000] {logging_mixin.py:117} INFO - [2022-10-03T12:40:48.564+0000] {dag.py:3328} INFO - Setting next_dagrun for latest_only to 2022-10-03T08:40:48.564100+00:00, run_after=2022-10-03T12:40:48.564100+00:00
[2022-10-03T12:40:48.626+0000] {processor.py:178} INFO - Processing /home/airflow/.local/lib/python3.7/site-packages/airflow/example_dags/example_latest_only.py took 0.265 seconds
[2022-10-03T12:41:18.849+0000] {processor.py:156} INFO - Started process (PID=7001) to work on /home/airflow/.local/lib/python3.7/site-packages/airflow/example_dags/example_latest_only.py
[2022-10-03T12:41:18.850+0000] {processor.py:758} INFO - Processing file /home/airflow/.local/lib/python3.7/site-packages/airflow/example_dags/example_latest_only.py for tasks to queue
[2022-10-03T12:41:18.851+0000] {logging_mixin.py:117} INFO - [2022-10-03T12:41:18.851+0000] {dagbag.py:525} INFO - Filling up the DagBag from /home/airflow/.local/lib/python3.7/site-packages/airflow/example_dags/example_latest_only.py
[2022-10-03T12:41:18.869+0000] {processor.py:768} INFO - DAG(s) dict_keys(['latest_only']) retrieved from /home/airflow/.local/lib/python3.7/site-packages/airflow/example_dags/example_latest_only.py
[2022-10-03T12:41:18.921+0000] {logging_mixin.py:117} INFO - [2022-10-03T12:41:18.921+0000] {dag.py:2573} INFO - Sync 1 DAGs
[2022-10-03T12:41:18.951+0000] {logging_mixin.py:117} INFO - [2022-10-03T12:41:18.951+0000] {dag.py:3328} INFO - Setting next_dagrun for latest_only to 2022-10-03T08:41:18.950916+00:00, run_after=2022-10-03T12:41:18.950916+00:00
[2022-10-03T12:41:18.981+0000] {processor.py:178} INFO - Processing /home/airflow/.local/lib/python3.7/site-packages/airflow/example_dags/example_latest_only.py took 0.135 seconds
[2022-10-03T12:41:49.148+0000] {processor.py:156} INFO - Started process (PID=7208) to work on /home/airflow/.local/lib/python3.7/site-packages/airflow/example_dags/example_latest_only.py
[2022-10-03T12:41:49.149+0000] {processor.py:758} INFO - Processing file /home/airflow/.local/lib/python3.7/site-packages/airflow/example_dags/example_latest_only.py for tasks to queue
[2022-10-03T12:41:49.150+0000] {logging_mixin.py:117} INFO - [2022-10-03T12:41:49.150+0000] {dagbag.py:525} INFO - Filling up the DagBag from /home/airflow/.local/lib/python3.7/site-packages/airflow/example_dags/example_latest_only.py
[2022-10-03T12:41:49.169+0000] {processor.py:768} INFO - DAG(s) dict_keys(['latest_only']) retrieved from /home/airflow/.local/lib/python3.7/site-packages/airflow/example_dags/example_latest_only.py
[2022-10-03T12:41:49.229+0000] {logging_mixin.py:117} INFO - [2022-10-03T12:41:49.229+0000] {dag.py:2573} INFO - Sync 1 DAGs
[2022-10-03T12:41:49.272+0000] {logging_mixin.py:117} INFO - [2022-10-03T12:41:49.272+0000] {dag.py:3328} INFO - Setting next_dagrun for latest_only to 2022-10-03T08:41:49.272049+00:00, run_after=2022-10-03T12:41:49.272049+00:00
[2022-10-03T12:41:49.304+0000] {processor.py:178} INFO - Processing /home/airflow/.local/lib/python3.7/site-packages/airflow/example_dags/example_latest_only.py took 0.161 seconds
[2022-10-03T12:42:19.409+0000] {processor.py:156} INFO - Started process (PID=7415) to work on /home/airflow/.local/lib/python3.7/site-packages/airflow/example_dags/example_latest_only.py
[2022-10-03T12:42:19.410+0000] {processor.py:758} INFO - Processing file /home/airflow/.local/lib/python3.7/site-packages/airflow/example_dags/example_latest_only.py for tasks to queue
[2022-10-03T12:42:19.411+0000] {logging_mixin.py:117} INFO - [2022-10-03T12:42:19.411+0000] {dagbag.py:525} INFO - Filling up the DagBag from /home/airflow/.local/lib/python3.7/site-packages/airflow/example_dags/example_latest_only.py
[2022-10-03T12:42:19.427+0000] {processor.py:768} INFO - DAG(s) dict_keys(['latest_only']) retrieved from /home/airflow/.local/lib/python3.7/site-packages/airflow/example_dags/example_latest_only.py
[2022-10-03T12:42:19.476+0000] {logging_mixin.py:117} INFO - [2022-10-03T12:42:19.476+0000] {dag.py:2573} INFO - Sync 1 DAGs
[2022-10-03T12:42:19.507+0000] {logging_mixin.py:117} INFO - [2022-10-03T12:42:19.507+0000] {dag.py:3328} INFO - Setting next_dagrun for latest_only to 2022-10-03T08:42:19.507005+00:00, run_after=2022-10-03T12:42:19.507005+00:00
[2022-10-03T12:42:19.535+0000] {processor.py:178} INFO - Processing /home/airflow/.local/lib/python3.7/site-packages/airflow/example_dags/example_latest_only.py took 0.129 seconds
[2022-10-03T12:42:49.993+0000] {processor.py:156} INFO - Started process (PID=7613) to work on /home/airflow/.local/lib/python3.7/site-packages/airflow/example_dags/example_latest_only.py
[2022-10-03T12:42:49.994+0000] {processor.py:758} INFO - Processing file /home/airflow/.local/lib/python3.7/site-packages/airflow/example_dags/example_latest_only.py for tasks to queue
[2022-10-03T12:42:49.995+0000] {logging_mixin.py:117} INFO - [2022-10-03T12:42:49.995+0000] {dagbag.py:525} INFO - Filling up the DagBag from /home/airflow/.local/lib/python3.7/site-packages/airflow/example_dags/example_latest_only.py
[2022-10-03T12:42:50.019+0000] {processor.py:768} INFO - DAG(s) dict_keys(['latest_only']) retrieved from /home/airflow/.local/lib/python3.7/site-packages/airflow/example_dags/example_latest_only.py
[2022-10-03T12:42:50.070+0000] {logging_mixin.py:117} INFO - [2022-10-03T12:42:50.070+0000] {dag.py:2573} INFO - Sync 1 DAGs
[2022-10-03T12:42:50.102+0000] {logging_mixin.py:117} INFO - [2022-10-03T12:42:50.102+0000] {dag.py:3328} INFO - Setting next_dagrun for latest_only to 2022-10-03T08:42:50.102349+00:00, run_after=2022-10-03T12:42:50.102349+00:00
[2022-10-03T12:42:50.127+0000] {processor.py:178} INFO - Processing /home/airflow/.local/lib/python3.7/site-packages/airflow/example_dags/example_latest_only.py took 0.138 seconds
[2022-10-03T12:43:20.335+0000] {processor.py:156} INFO - Started process (PID=7820) to work on /home/airflow/.local/lib/python3.7/site-packages/airflow/example_dags/example_latest_only.py
[2022-10-03T12:43:20.336+0000] {processor.py:758} INFO - Processing file /home/airflow/.local/lib/python3.7/site-packages/airflow/example_dags/example_latest_only.py for tasks to queue
[2022-10-03T12:43:20.337+0000] {logging_mixin.py:117} INFO - [2022-10-03T12:43:20.337+0000] {dagbag.py:525} INFO - Filling up the DagBag from /home/airflow/.local/lib/python3.7/site-packages/airflow/example_dags/example_latest_only.py
[2022-10-03T12:43:20.358+0000] {processor.py:768} INFO - DAG(s) dict_keys(['latest_only']) retrieved from /home/airflow/.local/lib/python3.7/site-packages/airflow/example_dags/example_latest_only.py
[2022-10-03T12:43:20.422+0000] {logging_mixin.py:117} INFO - [2022-10-03T12:43:20.422+0000] {dag.py:2573} INFO - Sync 1 DAGs
[2022-10-03T12:43:20.461+0000] {logging_mixin.py:117} INFO - [2022-10-03T12:43:20.461+0000] {dag.py:3328} INFO - Setting next_dagrun for latest_only to 2022-10-03T08:43:20.460938+00:00, run_after=2022-10-03T12:43:20.460938+00:00
[2022-10-03T12:43:20.495+0000] {processor.py:178} INFO - Processing /home/airflow/.local/lib/python3.7/site-packages/airflow/example_dags/example_latest_only.py took 0.164 seconds
[2022-10-03T12:43:50.890+0000] {processor.py:156} INFO - Started process (PID=8018) to work on /home/airflow/.local/lib/python3.7/site-packages/airflow/example_dags/example_latest_only.py
[2022-10-03T12:43:50.890+0000] {processor.py:758} INFO - Processing file /home/airflow/.local/lib/python3.7/site-packages/airflow/example_dags/example_latest_only.py for tasks to queue
[2022-10-03T12:43:50.891+0000] {logging_mixin.py:117} INFO - [2022-10-03T12:43:50.891+0000] {dagbag.py:525} INFO - Filling up the DagBag from /home/airflow/.local/lib/python3.7/site-packages/airflow/example_dags/example_latest_only.py
[2022-10-03T12:43:50.905+0000] {processor.py:768} INFO - DAG(s) dict_keys(['latest_only']) retrieved from /home/airflow/.local/lib/python3.7/site-packages/airflow/example_dags/example_latest_only.py
[2022-10-03T12:43:50.948+0000] {logging_mixin.py:117} INFO - [2022-10-03T12:43:50.948+0000] {dag.py:2573} INFO - Sync 1 DAGs
[2022-10-03T12:43:50.973+0000] {logging_mixin.py:117} INFO - [2022-10-03T12:43:50.973+0000] {dag.py:3328} INFO - Setting next_dagrun for latest_only to 2022-10-03T08:43:50.973098+00:00, run_after=2022-10-03T12:43:50.973098+00:00
[2022-10-03T12:43:51.000+0000] {processor.py:178} INFO - Processing /home/airflow/.local/lib/python3.7/site-packages/airflow/example_dags/example_latest_only.py took 0.115 seconds
[2022-10-03T12:44:21.156+0000] {processor.py:156} INFO - Started process (PID=8227) to work on /home/airflow/.local/lib/python3.7/site-packages/airflow/example_dags/example_latest_only.py
[2022-10-03T12:44:21.156+0000] {processor.py:758} INFO - Processing file /home/airflow/.local/lib/python3.7/site-packages/airflow/example_dags/example_latest_only.py for tasks to queue
[2022-10-03T12:44:21.157+0000] {logging_mixin.py:117} INFO - [2022-10-03T12:44:21.157+0000] {dagbag.py:525} INFO - Filling up the DagBag from /home/airflow/.local/lib/python3.7/site-packages/airflow/example_dags/example_latest_only.py
[2022-10-03T12:44:21.169+0000] {processor.py:768} INFO - DAG(s) dict_keys(['latest_only']) retrieved from /home/airflow/.local/lib/python3.7/site-packages/airflow/example_dags/example_latest_only.py
[2022-10-03T12:44:21.206+0000] {logging_mixin.py:117} INFO - [2022-10-03T12:44:21.206+0000] {dag.py:2573} INFO - Sync 1 DAGs
[2022-10-03T12:44:21.232+0000] {logging_mixin.py:117} INFO - [2022-10-03T12:44:21.232+0000] {dag.py:3328} INFO - Setting next_dagrun for latest_only to 2022-10-03T08:44:21.232096+00:00, run_after=2022-10-03T12:44:21.232096+00:00
[2022-10-03T12:44:21.253+0000] {processor.py:178} INFO - Processing /home/airflow/.local/lib/python3.7/site-packages/airflow/example_dags/example_latest_only.py took 0.101 seconds
[2022-10-03T12:44:52.591+0000] {processor.py:156} INFO - Started process (PID=8432) to work on /home/airflow/.local/lib/python3.7/site-packages/airflow/example_dags/example_latest_only.py
[2022-10-03T12:44:52.592+0000] {processor.py:758} INFO - Processing file /home/airflow/.local/lib/python3.7/site-packages/airflow/example_dags/example_latest_only.py for tasks to queue
[2022-10-03T12:44:52.594+0000] {logging_mixin.py:117} INFO - [2022-10-03T12:44:52.594+0000] {dagbag.py:525} INFO - Filling up the DagBag from /home/airflow/.local/lib/python3.7/site-packages/airflow/example_dags/example_latest_only.py
[2022-10-03T12:44:52.609+0000] {processor.py:768} INFO - DAG(s) dict_keys(['latest_only']) retrieved from /home/airflow/.local/lib/python3.7/site-packages/airflow/example_dags/example_latest_only.py
[2022-10-03T12:44:52.664+0000] {logging_mixin.py:117} INFO - [2022-10-03T12:44:52.664+0000] {dag.py:2573} INFO - Sync 1 DAGs
[2022-10-03T12:44:52.695+0000] {logging_mixin.py:117} INFO - [2022-10-03T12:44:52.695+0000] {dag.py:3328} INFO - Setting next_dagrun for latest_only to 2022-10-03T08:44:52.694974+00:00, run_after=2022-10-03T12:44:52.694974+00:00
[2022-10-03T12:44:52.722+0000] {processor.py:178} INFO - Processing /home/airflow/.local/lib/python3.7/site-packages/airflow/example_dags/example_latest_only.py took 0.134 seconds
[2022-10-03T12:45:23.236+0000] {processor.py:156} INFO - Started process (PID=8631) to work on /home/airflow/.local/lib/python3.7/site-packages/airflow/example_dags/example_latest_only.py
[2022-10-03T12:45:23.237+0000] {processor.py:758} INFO - Processing file /home/airflow/.local/lib/python3.7/site-packages/airflow/example_dags/example_latest_only.py for tasks to queue
[2022-10-03T12:45:23.238+0000] {logging_mixin.py:117} INFO - [2022-10-03T12:45:23.238+0000] {dagbag.py:525} INFO - Filling up the DagBag from /home/airflow/.local/lib/python3.7/site-packages/airflow/example_dags/example_latest_only.py
[2022-10-03T12:45:23.255+0000] {processor.py:768} INFO - DAG(s) dict_keys(['latest_only']) retrieved from /home/airflow/.local/lib/python3.7/site-packages/airflow/example_dags/example_latest_only.py
[2022-10-03T12:45:23.301+0000] {logging_mixin.py:117} INFO - [2022-10-03T12:45:23.301+0000] {dag.py:2573} INFO - Sync 1 DAGs
[2022-10-03T12:45:23.331+0000] {logging_mixin.py:117} INFO - [2022-10-03T12:45:23.330+0000] {dag.py:3328} INFO - Setting next_dagrun for latest_only to 2022-10-03T08:45:23.330500+00:00, run_after=2022-10-03T12:45:23.330500+00:00
[2022-10-03T12:45:23.357+0000] {processor.py:178} INFO - Processing /home/airflow/.local/lib/python3.7/site-packages/airflow/example_dags/example_latest_only.py took 0.125 seconds
[2022-10-03T12:45:53.480+0000] {processor.py:156} INFO - Started process (PID=8838) to work on /home/airflow/.local/lib/python3.7/site-packages/airflow/example_dags/example_latest_only.py
[2022-10-03T12:45:53.481+0000] {processor.py:758} INFO - Processing file /home/airflow/.local/lib/python3.7/site-packages/airflow/example_dags/example_latest_only.py for tasks to queue
[2022-10-03T12:45:53.482+0000] {logging_mixin.py:117} INFO - [2022-10-03T12:45:53.481+0000] {dagbag.py:525} INFO - Filling up the DagBag from /home/airflow/.local/lib/python3.7/site-packages/airflow/example_dags/example_latest_only.py
[2022-10-03T12:45:53.495+0000] {processor.py:768} INFO - DAG(s) dict_keys(['latest_only']) retrieved from /home/airflow/.local/lib/python3.7/site-packages/airflow/example_dags/example_latest_only.py
[2022-10-03T12:45:53.537+0000] {logging_mixin.py:117} INFO - [2022-10-03T12:45:53.537+0000] {dag.py:2573} INFO - Sync 1 DAGs
[2022-10-03T12:45:53.566+0000] {logging_mixin.py:117} INFO - [2022-10-03T12:45:53.566+0000] {dag.py:3328} INFO - Setting next_dagrun for latest_only to 2022-10-03T08:45:53.566506+00:00, run_after=2022-10-03T12:45:53.566506+00:00
[2022-10-03T12:45:53.592+0000] {processor.py:178} INFO - Processing /home/airflow/.local/lib/python3.7/site-packages/airflow/example_dags/example_latest_only.py took 0.115 seconds
