[2022-10-03T12:24:26.599+0000] {processor.py:156} INFO - Started process (PID=308) to work on /home/airflow/.local/lib/python3.7/site-packages/airflow/example_dags/example_branch_python_dop_operator_3.py
[2022-10-03T12:24:26.600+0000] {processor.py:758} INFO - Processing file /home/airflow/.local/lib/python3.7/site-packages/airflow/example_dags/example_branch_python_dop_operator_3.py for tasks to queue
[2022-10-03T12:24:26.601+0000] {logging_mixin.py:117} INFO - [2022-10-03T12:24:26.601+0000] {dagbag.py:525} INFO - Filling up the DagBag from /home/airflow/.local/lib/python3.7/site-packages/airflow/example_dags/example_branch_python_dop_operator_3.py
[2022-10-03T12:24:26.664+0000] {processor.py:768} INFO - DAG(s) dict_keys(['example_branch_dop_operator_v3']) retrieved from /home/airflow/.local/lib/python3.7/site-packages/airflow/example_dags/example_branch_python_dop_operator_3.py
[2022-10-03T12:24:26.785+0000] {logging_mixin.py:117} INFO - [2022-10-03T12:24:26.784+0000] {dag.py:2573} INFO - Sync 1 DAGs
[2022-10-03T12:24:26.895+0000] {logging_mixin.py:117} INFO - [2022-10-03T12:24:26.894+0000] {dag.py:3328} INFO - Setting next_dagrun for example_branch_dop_operator_v3 to 2022-10-03T12:23:00+00:00, run_after=2022-10-03T12:24:00+00:00
[2022-10-03T12:24:27.209+0000] {processor.py:178} INFO - Processing /home/airflow/.local/lib/python3.7/site-packages/airflow/example_dags/example_branch_python_dop_operator_3.py took 0.618 seconds
[2022-10-03T12:24:58.962+0000] {processor.py:156} INFO - Started process (PID=516) to work on /home/airflow/.local/lib/python3.7/site-packages/airflow/example_dags/example_branch_python_dop_operator_3.py
[2022-10-03T12:24:58.966+0000] {processor.py:758} INFO - Processing file /home/airflow/.local/lib/python3.7/site-packages/airflow/example_dags/example_branch_python_dop_operator_3.py for tasks to queue
[2022-10-03T12:24:58.968+0000] {logging_mixin.py:117} INFO - [2022-10-03T12:24:58.968+0000] {dagbag.py:525} INFO - Filling up the DagBag from /home/airflow/.local/lib/python3.7/site-packages/airflow/example_dags/example_branch_python_dop_operator_3.py
[2022-10-03T12:24:59.093+0000] {processor.py:768} INFO - DAG(s) dict_keys(['example_branch_dop_operator_v3']) retrieved from /home/airflow/.local/lib/python3.7/site-packages/airflow/example_dags/example_branch_python_dop_operator_3.py
[2022-10-03T12:24:59.295+0000] {logging_mixin.py:117} INFO - [2022-10-03T12:24:59.294+0000] {dag.py:2573} INFO - Sync 1 DAGs
[2022-10-03T12:24:59.768+0000] {logging_mixin.py:117} INFO - [2022-10-03T12:24:59.767+0000] {dag.py:3328} INFO - Setting next_dagrun for example_branch_dop_operator_v3 to 2022-10-03T12:23:00+00:00, run_after=2022-10-03T12:24:00+00:00
[2022-10-03T12:24:59.815+0000] {processor.py:178} INFO - Processing /home/airflow/.local/lib/python3.7/site-packages/airflow/example_dags/example_branch_python_dop_operator_3.py took 0.869 seconds
[2022-10-03T12:25:30.093+0000] {processor.py:156} INFO - Started process (PID=718) to work on /home/airflow/.local/lib/python3.7/site-packages/airflow/example_dags/example_branch_python_dop_operator_3.py
[2022-10-03T12:25:30.095+0000] {processor.py:758} INFO - Processing file /home/airflow/.local/lib/python3.7/site-packages/airflow/example_dags/example_branch_python_dop_operator_3.py for tasks to queue
[2022-10-03T12:25:30.097+0000] {logging_mixin.py:117} INFO - [2022-10-03T12:25:30.096+0000] {dagbag.py:525} INFO - Filling up the DagBag from /home/airflow/.local/lib/python3.7/site-packages/airflow/example_dags/example_branch_python_dop_operator_3.py
[2022-10-03T12:25:30.156+0000] {processor.py:768} INFO - DAG(s) dict_keys(['example_branch_dop_operator_v3']) retrieved from /home/airflow/.local/lib/python3.7/site-packages/airflow/example_dags/example_branch_python_dop_operator_3.py
[2022-10-03T12:25:30.490+0000] {logging_mixin.py:117} INFO - [2022-10-03T12:25:30.489+0000] {dag.py:2573} INFO - Sync 1 DAGs
[2022-10-03T12:25:30.578+0000] {logging_mixin.py:117} INFO - [2022-10-03T12:25:30.578+0000] {dag.py:3328} INFO - Setting next_dagrun for example_branch_dop_operator_v3 to 2022-10-03T12:24:00+00:00, run_after=2022-10-03T12:25:00+00:00
[2022-10-03T12:25:30.630+0000] {processor.py:178} INFO - Processing /home/airflow/.local/lib/python3.7/site-packages/airflow/example_dags/example_branch_python_dop_operator_3.py took 0.543 seconds
[2022-10-03T12:26:01.313+0000] {processor.py:156} INFO - Started process (PID=923) to work on /home/airflow/.local/lib/python3.7/site-packages/airflow/example_dags/example_branch_python_dop_operator_3.py
[2022-10-03T12:26:01.315+0000] {processor.py:758} INFO - Processing file /home/airflow/.local/lib/python3.7/site-packages/airflow/example_dags/example_branch_python_dop_operator_3.py for tasks to queue
[2022-10-03T12:26:01.316+0000] {logging_mixin.py:117} INFO - [2022-10-03T12:26:01.316+0000] {dagbag.py:525} INFO - Filling up the DagBag from /home/airflow/.local/lib/python3.7/site-packages/airflow/example_dags/example_branch_python_dop_operator_3.py
[2022-10-03T12:26:01.386+0000] {processor.py:768} INFO - DAG(s) dict_keys(['example_branch_dop_operator_v3']) retrieved from /home/airflow/.local/lib/python3.7/site-packages/airflow/example_dags/example_branch_python_dop_operator_3.py
[2022-10-03T12:26:01.705+0000] {logging_mixin.py:117} INFO - [2022-10-03T12:26:01.705+0000] {dag.py:2573} INFO - Sync 1 DAGs
[2022-10-03T12:26:01.817+0000] {logging_mixin.py:117} INFO - [2022-10-03T12:26:01.817+0000] {dag.py:3328} INFO - Setting next_dagrun for example_branch_dop_operator_v3 to 2022-10-03T12:25:00+00:00, run_after=2022-10-03T12:26:00+00:00
[2022-10-03T12:26:01.877+0000] {processor.py:178} INFO - Processing /home/airflow/.local/lib/python3.7/site-packages/airflow/example_dags/example_branch_python_dop_operator_3.py took 0.572 seconds
[2022-10-03T12:26:32.887+0000] {processor.py:156} INFO - Started process (PID=1122) to work on /home/airflow/.local/lib/python3.7/site-packages/airflow/example_dags/example_branch_python_dop_operator_3.py
[2022-10-03T12:26:32.889+0000] {processor.py:758} INFO - Processing file /home/airflow/.local/lib/python3.7/site-packages/airflow/example_dags/example_branch_python_dop_operator_3.py for tasks to queue
[2022-10-03T12:26:32.889+0000] {logging_mixin.py:117} INFO - [2022-10-03T12:26:32.889+0000] {dagbag.py:525} INFO - Filling up the DagBag from /home/airflow/.local/lib/python3.7/site-packages/airflow/example_dags/example_branch_python_dop_operator_3.py
[2022-10-03T12:26:32.918+0000] {processor.py:768} INFO - DAG(s) dict_keys(['example_branch_dop_operator_v3']) retrieved from /home/airflow/.local/lib/python3.7/site-packages/airflow/example_dags/example_branch_python_dop_operator_3.py
[2022-10-03T12:26:33.076+0000] {logging_mixin.py:117} INFO - [2022-10-03T12:26:33.076+0000] {dag.py:2573} INFO - Sync 1 DAGs
[2022-10-03T12:26:33.109+0000] {logging_mixin.py:117} INFO - [2022-10-03T12:26:33.108+0000] {dag.py:3328} INFO - Setting next_dagrun for example_branch_dop_operator_v3 to 2022-10-03T12:25:00+00:00, run_after=2022-10-03T12:26:00+00:00
[2022-10-03T12:26:33.136+0000] {processor.py:178} INFO - Processing /home/airflow/.local/lib/python3.7/site-packages/airflow/example_dags/example_branch_python_dop_operator_3.py took 0.252 seconds
[2022-10-03T12:27:03.767+0000] {processor.py:156} INFO - Started process (PID=1347) to work on /home/airflow/.local/lib/python3.7/site-packages/airflow/example_dags/example_branch_python_dop_operator_3.py
[2022-10-03T12:27:03.769+0000] {processor.py:758} INFO - Processing file /home/airflow/.local/lib/python3.7/site-packages/airflow/example_dags/example_branch_python_dop_operator_3.py for tasks to queue
[2022-10-03T12:27:03.770+0000] {logging_mixin.py:117} INFO - [2022-10-03T12:27:03.770+0000] {dagbag.py:525} INFO - Filling up the DagBag from /home/airflow/.local/lib/python3.7/site-packages/airflow/example_dags/example_branch_python_dop_operator_3.py
[2022-10-03T12:27:04.013+0000] {processor.py:768} INFO - DAG(s) dict_keys(['example_branch_dop_operator_v3']) retrieved from /home/airflow/.local/lib/python3.7/site-packages/airflow/example_dags/example_branch_python_dop_operator_3.py
[2022-10-03T12:27:04.085+0000] {logging_mixin.py:117} INFO - [2022-10-03T12:27:04.085+0000] {dag.py:2573} INFO - Sync 1 DAGs
[2022-10-03T12:27:04.158+0000] {logging_mixin.py:117} INFO - [2022-10-03T12:27:04.158+0000] {dag.py:3328} INFO - Setting next_dagrun for example_branch_dop_operator_v3 to 2022-10-03T12:26:00+00:00, run_after=2022-10-03T12:27:00+00:00
[2022-10-03T12:27:04.209+0000] {processor.py:178} INFO - Processing /home/airflow/.local/lib/python3.7/site-packages/airflow/example_dags/example_branch_python_dop_operator_3.py took 0.449 seconds
[2022-10-03T12:27:34.500+0000] {processor.py:156} INFO - Started process (PID=1565) to work on /home/airflow/.local/lib/python3.7/site-packages/airflow/example_dags/example_branch_python_dop_operator_3.py
[2022-10-03T12:27:34.501+0000] {processor.py:758} INFO - Processing file /home/airflow/.local/lib/python3.7/site-packages/airflow/example_dags/example_branch_python_dop_operator_3.py for tasks to queue
[2022-10-03T12:27:34.502+0000] {logging_mixin.py:117} INFO - [2022-10-03T12:27:34.502+0000] {dagbag.py:525} INFO - Filling up the DagBag from /home/airflow/.local/lib/python3.7/site-packages/airflow/example_dags/example_branch_python_dop_operator_3.py
[2022-10-03T12:27:34.533+0000] {processor.py:768} INFO - DAG(s) dict_keys(['example_branch_dop_operator_v3']) retrieved from /home/airflow/.local/lib/python3.7/site-packages/airflow/example_dags/example_branch_python_dop_operator_3.py
[2022-10-03T12:27:34.576+0000] {logging_mixin.py:117} INFO - [2022-10-03T12:27:34.576+0000] {dag.py:2573} INFO - Sync 1 DAGs
[2022-10-03T12:27:34.606+0000] {logging_mixin.py:117} INFO - [2022-10-03T12:27:34.606+0000] {dag.py:3328} INFO - Setting next_dagrun for example_branch_dop_operator_v3 to 2022-10-03T12:26:00+00:00, run_after=2022-10-03T12:27:00+00:00
[2022-10-03T12:27:34.630+0000] {processor.py:178} INFO - Processing /home/airflow/.local/lib/python3.7/site-packages/airflow/example_dags/example_branch_python_dop_operator_3.py took 0.132 seconds
[2022-10-03T12:28:05.280+0000] {processor.py:156} INFO - Started process (PID=1772) to work on /home/airflow/.local/lib/python3.7/site-packages/airflow/example_dags/example_branch_python_dop_operator_3.py
[2022-10-03T12:28:05.281+0000] {processor.py:758} INFO - Processing file /home/airflow/.local/lib/python3.7/site-packages/airflow/example_dags/example_branch_python_dop_operator_3.py for tasks to queue
[2022-10-03T12:28:05.282+0000] {logging_mixin.py:117} INFO - [2022-10-03T12:28:05.282+0000] {dagbag.py:525} INFO - Filling up the DagBag from /home/airflow/.local/lib/python3.7/site-packages/airflow/example_dags/example_branch_python_dop_operator_3.py
[2022-10-03T12:28:05.310+0000] {processor.py:768} INFO - DAG(s) dict_keys(['example_branch_dop_operator_v3']) retrieved from /home/airflow/.local/lib/python3.7/site-packages/airflow/example_dags/example_branch_python_dop_operator_3.py
[2022-10-03T12:28:05.361+0000] {logging_mixin.py:117} INFO - [2022-10-03T12:28:05.361+0000] {dag.py:2573} INFO - Sync 1 DAGs
[2022-10-03T12:28:05.415+0000] {logging_mixin.py:117} INFO - [2022-10-03T12:28:05.415+0000] {dag.py:3328} INFO - Setting next_dagrun for example_branch_dop_operator_v3 to 2022-10-03T12:27:00+00:00, run_after=2022-10-03T12:28:00+00:00
[2022-10-03T12:28:05.459+0000] {processor.py:178} INFO - Processing /home/airflow/.local/lib/python3.7/site-packages/airflow/example_dags/example_branch_python_dop_operator_3.py took 0.183 seconds
[2022-10-03T12:28:35.962+0000] {processor.py:156} INFO - Started process (PID=1980) to work on /home/airflow/.local/lib/python3.7/site-packages/airflow/example_dags/example_branch_python_dop_operator_3.py
[2022-10-03T12:28:35.963+0000] {processor.py:758} INFO - Processing file /home/airflow/.local/lib/python3.7/site-packages/airflow/example_dags/example_branch_python_dop_operator_3.py for tasks to queue
[2022-10-03T12:28:35.964+0000] {logging_mixin.py:117} INFO - [2022-10-03T12:28:35.964+0000] {dagbag.py:525} INFO - Filling up the DagBag from /home/airflow/.local/lib/python3.7/site-packages/airflow/example_dags/example_branch_python_dop_operator_3.py
[2022-10-03T12:28:36.000+0000] {processor.py:768} INFO - DAG(s) dict_keys(['example_branch_dop_operator_v3']) retrieved from /home/airflow/.local/lib/python3.7/site-packages/airflow/example_dags/example_branch_python_dop_operator_3.py
[2022-10-03T12:28:36.049+0000] {logging_mixin.py:117} INFO - [2022-10-03T12:28:36.049+0000] {dag.py:2573} INFO - Sync 1 DAGs
[2022-10-03T12:28:36.090+0000] {logging_mixin.py:117} INFO - [2022-10-03T12:28:36.090+0000] {dag.py:3328} INFO - Setting next_dagrun for example_branch_dop_operator_v3 to 2022-10-03T12:27:00+00:00, run_after=2022-10-03T12:28:00+00:00
[2022-10-03T12:28:36.122+0000] {processor.py:178} INFO - Processing /home/airflow/.local/lib/python3.7/site-packages/airflow/example_dags/example_branch_python_dop_operator_3.py took 0.163 seconds
[2022-10-03T12:29:07.032+0000] {processor.py:156} INFO - Started process (PID=2178) to work on /home/airflow/.local/lib/python3.7/site-packages/airflow/example_dags/example_branch_python_dop_operator_3.py
[2022-10-03T12:29:07.034+0000] {processor.py:758} INFO - Processing file /home/airflow/.local/lib/python3.7/site-packages/airflow/example_dags/example_branch_python_dop_operator_3.py for tasks to queue
[2022-10-03T12:29:07.035+0000] {logging_mixin.py:117} INFO - [2022-10-03T12:29:07.035+0000] {dagbag.py:525} INFO - Filling up the DagBag from /home/airflow/.local/lib/python3.7/site-packages/airflow/example_dags/example_branch_python_dop_operator_3.py
[2022-10-03T12:29:07.101+0000] {processor.py:768} INFO - DAG(s) dict_keys(['example_branch_dop_operator_v3']) retrieved from /home/airflow/.local/lib/python3.7/site-packages/airflow/example_dags/example_branch_python_dop_operator_3.py
[2022-10-03T12:29:07.192+0000] {logging_mixin.py:117} INFO - [2022-10-03T12:29:07.191+0000] {dag.py:2573} INFO - Sync 1 DAGs
[2022-10-03T12:29:07.280+0000] {logging_mixin.py:117} INFO - [2022-10-03T12:29:07.280+0000] {dag.py:3328} INFO - Setting next_dagrun for example_branch_dop_operator_v3 to 2022-10-03T12:28:00+00:00, run_after=2022-10-03T12:29:00+00:00
[2022-10-03T12:29:07.332+0000] {processor.py:178} INFO - Processing /home/airflow/.local/lib/python3.7/site-packages/airflow/example_dags/example_branch_python_dop_operator_3.py took 0.309 seconds
[2022-10-03T12:29:37.518+0000] {processor.py:156} INFO - Started process (PID=2383) to work on /home/airflow/.local/lib/python3.7/site-packages/airflow/example_dags/example_branch_python_dop_operator_3.py
[2022-10-03T12:29:37.520+0000] {processor.py:758} INFO - Processing file /home/airflow/.local/lib/python3.7/site-packages/airflow/example_dags/example_branch_python_dop_operator_3.py for tasks to queue
[2022-10-03T12:29:37.522+0000] {logging_mixin.py:117} INFO - [2022-10-03T12:29:37.522+0000] {dagbag.py:525} INFO - Filling up the DagBag from /home/airflow/.local/lib/python3.7/site-packages/airflow/example_dags/example_branch_python_dop_operator_3.py
[2022-10-03T12:29:37.595+0000] {processor.py:768} INFO - DAG(s) dict_keys(['example_branch_dop_operator_v3']) retrieved from /home/airflow/.local/lib/python3.7/site-packages/airflow/example_dags/example_branch_python_dop_operator_3.py
[2022-10-03T12:29:37.699+0000] {logging_mixin.py:117} INFO - [2022-10-03T12:29:37.699+0000] {dag.py:2573} INFO - Sync 1 DAGs
[2022-10-03T12:29:37.772+0000] {logging_mixin.py:117} INFO - [2022-10-03T12:29:37.771+0000] {dag.py:3328} INFO - Setting next_dagrun for example_branch_dop_operator_v3 to 2022-10-03T12:28:00+00:00, run_after=2022-10-03T12:29:00+00:00
[2022-10-03T12:29:37.822+0000] {processor.py:178} INFO - Processing /home/airflow/.local/lib/python3.7/site-packages/airflow/example_dags/example_branch_python_dop_operator_3.py took 0.309 seconds
[2022-10-03T12:30:08.517+0000] {processor.py:156} INFO - Started process (PID=2581) to work on /home/airflow/.local/lib/python3.7/site-packages/airflow/example_dags/example_branch_python_dop_operator_3.py
[2022-10-03T12:30:08.519+0000] {processor.py:758} INFO - Processing file /home/airflow/.local/lib/python3.7/site-packages/airflow/example_dags/example_branch_python_dop_operator_3.py for tasks to queue
[2022-10-03T12:30:08.519+0000] {logging_mixin.py:117} INFO - [2022-10-03T12:30:08.519+0000] {dagbag.py:525} INFO - Filling up the DagBag from /home/airflow/.local/lib/python3.7/site-packages/airflow/example_dags/example_branch_python_dop_operator_3.py
[2022-10-03T12:30:08.558+0000] {processor.py:768} INFO - DAG(s) dict_keys(['example_branch_dop_operator_v3']) retrieved from /home/airflow/.local/lib/python3.7/site-packages/airflow/example_dags/example_branch_python_dop_operator_3.py
[2022-10-03T12:30:08.600+0000] {logging_mixin.py:117} INFO - [2022-10-03T12:30:08.600+0000] {dag.py:2573} INFO - Sync 1 DAGs
[2022-10-03T12:30:08.633+0000] {logging_mixin.py:117} INFO - [2022-10-03T12:30:08.633+0000] {dag.py:3328} INFO - Setting next_dagrun for example_branch_dop_operator_v3 to 2022-10-03T12:29:00+00:00, run_after=2022-10-03T12:30:00+00:00
[2022-10-03T12:30:08.659+0000] {processor.py:178} INFO - Processing /home/airflow/.local/lib/python3.7/site-packages/airflow/example_dags/example_branch_python_dop_operator_3.py took 0.146 seconds
[2022-10-03T12:30:39.187+0000] {processor.py:156} INFO - Started process (PID=2788) to work on /home/airflow/.local/lib/python3.7/site-packages/airflow/example_dags/example_branch_python_dop_operator_3.py
[2022-10-03T12:30:39.188+0000] {processor.py:758} INFO - Processing file /home/airflow/.local/lib/python3.7/site-packages/airflow/example_dags/example_branch_python_dop_operator_3.py for tasks to queue
[2022-10-03T12:30:39.189+0000] {logging_mixin.py:117} INFO - [2022-10-03T12:30:39.189+0000] {dagbag.py:525} INFO - Filling up the DagBag from /home/airflow/.local/lib/python3.7/site-packages/airflow/example_dags/example_branch_python_dop_operator_3.py
[2022-10-03T12:30:39.216+0000] {processor.py:768} INFO - DAG(s) dict_keys(['example_branch_dop_operator_v3']) retrieved from /home/airflow/.local/lib/python3.7/site-packages/airflow/example_dags/example_branch_python_dop_operator_3.py
[2022-10-03T12:30:39.262+0000] {logging_mixin.py:117} INFO - [2022-10-03T12:30:39.261+0000] {dag.py:2573} INFO - Sync 1 DAGs
[2022-10-03T12:30:39.297+0000] {logging_mixin.py:117} INFO - [2022-10-03T12:30:39.296+0000] {dag.py:3328} INFO - Setting next_dagrun for example_branch_dop_operator_v3 to 2022-10-03T12:29:00+00:00, run_after=2022-10-03T12:30:00+00:00
[2022-10-03T12:30:39.326+0000] {processor.py:178} INFO - Processing /home/airflow/.local/lib/python3.7/site-packages/airflow/example_dags/example_branch_python_dop_operator_3.py took 0.141 seconds
[2022-10-03T12:31:09.982+0000] {processor.py:156} INFO - Started process (PID=2993) to work on /home/airflow/.local/lib/python3.7/site-packages/airflow/example_dags/example_branch_python_dop_operator_3.py
[2022-10-03T12:31:09.984+0000] {processor.py:758} INFO - Processing file /home/airflow/.local/lib/python3.7/site-packages/airflow/example_dags/example_branch_python_dop_operator_3.py for tasks to queue
[2022-10-03T12:31:09.986+0000] {logging_mixin.py:117} INFO - [2022-10-03T12:31:09.985+0000] {dagbag.py:525} INFO - Filling up the DagBag from /home/airflow/.local/lib/python3.7/site-packages/airflow/example_dags/example_branch_python_dop_operator_3.py
[2022-10-03T12:31:10.056+0000] {processor.py:768} INFO - DAG(s) dict_keys(['example_branch_dop_operator_v3']) retrieved from /home/airflow/.local/lib/python3.7/site-packages/airflow/example_dags/example_branch_python_dop_operator_3.py
[2022-10-03T12:31:10.146+0000] {logging_mixin.py:117} INFO - [2022-10-03T12:31:10.146+0000] {dag.py:2573} INFO - Sync 1 DAGs
[2022-10-03T12:31:10.230+0000] {logging_mixin.py:117} INFO - [2022-10-03T12:31:10.229+0000] {dag.py:3328} INFO - Setting next_dagrun for example_branch_dop_operator_v3 to 2022-10-03T12:30:00+00:00, run_after=2022-10-03T12:31:00+00:00
[2022-10-03T12:31:10.284+0000] {processor.py:178} INFO - Processing /home/airflow/.local/lib/python3.7/site-packages/airflow/example_dags/example_branch_python_dop_operator_3.py took 0.308 seconds
[2022-10-03T12:31:40.440+0000] {processor.py:156} INFO - Started process (PID=3193) to work on /home/airflow/.local/lib/python3.7/site-packages/airflow/example_dags/example_branch_python_dop_operator_3.py
[2022-10-03T12:31:40.442+0000] {processor.py:758} INFO - Processing file /home/airflow/.local/lib/python3.7/site-packages/airflow/example_dags/example_branch_python_dop_operator_3.py for tasks to queue
[2022-10-03T12:31:40.444+0000] {logging_mixin.py:117} INFO - [2022-10-03T12:31:40.444+0000] {dagbag.py:525} INFO - Filling up the DagBag from /home/airflow/.local/lib/python3.7/site-packages/airflow/example_dags/example_branch_python_dop_operator_3.py
[2022-10-03T12:31:40.534+0000] {processor.py:768} INFO - DAG(s) dict_keys(['example_branch_dop_operator_v3']) retrieved from /home/airflow/.local/lib/python3.7/site-packages/airflow/example_dags/example_branch_python_dop_operator_3.py
[2022-10-03T12:31:40.647+0000] {logging_mixin.py:117} INFO - [2022-10-03T12:31:40.647+0000] {dag.py:2573} INFO - Sync 1 DAGs
[2022-10-03T12:31:40.743+0000] {logging_mixin.py:117} INFO - [2022-10-03T12:31:40.743+0000] {dag.py:3328} INFO - Setting next_dagrun for example_branch_dop_operator_v3 to 2022-10-03T12:30:00+00:00, run_after=2022-10-03T12:31:00+00:00
[2022-10-03T12:31:40.791+0000] {processor.py:178} INFO - Processing /home/airflow/.local/lib/python3.7/site-packages/airflow/example_dags/example_branch_python_dop_operator_3.py took 0.362 seconds
[2022-10-03T12:32:11.218+0000] {processor.py:156} INFO - Started process (PID=3395) to work on /home/airflow/.local/lib/python3.7/site-packages/airflow/example_dags/example_branch_python_dop_operator_3.py
[2022-10-03T12:32:11.220+0000] {processor.py:758} INFO - Processing file /home/airflow/.local/lib/python3.7/site-packages/airflow/example_dags/example_branch_python_dop_operator_3.py for tasks to queue
[2022-10-03T12:32:11.221+0000] {logging_mixin.py:117} INFO - [2022-10-03T12:32:11.221+0000] {dagbag.py:525} INFO - Filling up the DagBag from /home/airflow/.local/lib/python3.7/site-packages/airflow/example_dags/example_branch_python_dop_operator_3.py
[2022-10-03T12:32:11.278+0000] {processor.py:768} INFO - DAG(s) dict_keys(['example_branch_dop_operator_v3']) retrieved from /home/airflow/.local/lib/python3.7/site-packages/airflow/example_dags/example_branch_python_dop_operator_3.py
[2022-10-03T12:32:11.373+0000] {logging_mixin.py:117} INFO - [2022-10-03T12:32:11.373+0000] {dag.py:2573} INFO - Sync 1 DAGs
[2022-10-03T12:32:11.459+0000] {logging_mixin.py:117} INFO - [2022-10-03T12:32:11.458+0000] {dag.py:3328} INFO - Setting next_dagrun for example_branch_dop_operator_v3 to 2022-10-03T12:31:00+00:00, run_after=2022-10-03T12:32:00+00:00
[2022-10-03T12:32:11.511+0000] {processor.py:178} INFO - Processing /home/airflow/.local/lib/python3.7/site-packages/airflow/example_dags/example_branch_python_dop_operator_3.py took 0.300 seconds
[2022-10-03T12:32:41.585+0000] {processor.py:156} INFO - Started process (PID=3593) to work on /home/airflow/.local/lib/python3.7/site-packages/airflow/example_dags/example_branch_python_dop_operator_3.py
[2022-10-03T12:32:41.585+0000] {processor.py:758} INFO - Processing file /home/airflow/.local/lib/python3.7/site-packages/airflow/example_dags/example_branch_python_dop_operator_3.py for tasks to queue
[2022-10-03T12:32:41.586+0000] {logging_mixin.py:117} INFO - [2022-10-03T12:32:41.586+0000] {dagbag.py:525} INFO - Filling up the DagBag from /home/airflow/.local/lib/python3.7/site-packages/airflow/example_dags/example_branch_python_dop_operator_3.py
[2022-10-03T12:32:41.624+0000] {processor.py:768} INFO - DAG(s) dict_keys(['example_branch_dop_operator_v3']) retrieved from /home/airflow/.local/lib/python3.7/site-packages/airflow/example_dags/example_branch_python_dop_operator_3.py
[2022-10-03T12:32:41.681+0000] {logging_mixin.py:117} INFO - [2022-10-03T12:32:41.681+0000] {dag.py:2573} INFO - Sync 1 DAGs
[2022-10-03T12:32:41.716+0000] {logging_mixin.py:117} INFO - [2022-10-03T12:32:41.716+0000] {dag.py:3328} INFO - Setting next_dagrun for example_branch_dop_operator_v3 to 2022-10-03T12:31:00+00:00, run_after=2022-10-03T12:32:00+00:00
[2022-10-03T12:32:41.746+0000] {processor.py:178} INFO - Processing /home/airflow/.local/lib/python3.7/site-packages/airflow/example_dags/example_branch_python_dop_operator_3.py took 0.168 seconds
[2022-10-03T12:33:12.032+0000] {processor.py:156} INFO - Started process (PID=3800) to work on /home/airflow/.local/lib/python3.7/site-packages/airflow/example_dags/example_branch_python_dop_operator_3.py
[2022-10-03T12:33:12.033+0000] {processor.py:758} INFO - Processing file /home/airflow/.local/lib/python3.7/site-packages/airflow/example_dags/example_branch_python_dop_operator_3.py for tasks to queue
[2022-10-03T12:33:12.034+0000] {logging_mixin.py:117} INFO - [2022-10-03T12:33:12.034+0000] {dagbag.py:525} INFO - Filling up the DagBag from /home/airflow/.local/lib/python3.7/site-packages/airflow/example_dags/example_branch_python_dop_operator_3.py
[2022-10-03T12:33:12.062+0000] {processor.py:768} INFO - DAG(s) dict_keys(['example_branch_dop_operator_v3']) retrieved from /home/airflow/.local/lib/python3.7/site-packages/airflow/example_dags/example_branch_python_dop_operator_3.py
[2022-10-03T12:33:12.108+0000] {logging_mixin.py:117} INFO - [2022-10-03T12:33:12.108+0000] {dag.py:2573} INFO - Sync 1 DAGs
[2022-10-03T12:33:12.143+0000] {logging_mixin.py:117} INFO - [2022-10-03T12:33:12.143+0000] {dag.py:3328} INFO - Setting next_dagrun for example_branch_dop_operator_v3 to 2022-10-03T12:32:00+00:00, run_after=2022-10-03T12:33:00+00:00
[2022-10-03T12:33:12.171+0000] {processor.py:178} INFO - Processing /home/airflow/.local/lib/python3.7/site-packages/airflow/example_dags/example_branch_python_dop_operator_3.py took 0.142 seconds
[2022-10-03T12:33:42.706+0000] {processor.py:156} INFO - Started process (PID=3998) to work on /home/airflow/.local/lib/python3.7/site-packages/airflow/example_dags/example_branch_python_dop_operator_3.py
[2022-10-03T12:33:42.707+0000] {processor.py:758} INFO - Processing file /home/airflow/.local/lib/python3.7/site-packages/airflow/example_dags/example_branch_python_dop_operator_3.py for tasks to queue
[2022-10-03T12:33:42.708+0000] {logging_mixin.py:117} INFO - [2022-10-03T12:33:42.708+0000] {dagbag.py:525} INFO - Filling up the DagBag from /home/airflow/.local/lib/python3.7/site-packages/airflow/example_dags/example_branch_python_dop_operator_3.py
[2022-10-03T12:33:42.741+0000] {processor.py:768} INFO - DAG(s) dict_keys(['example_branch_dop_operator_v3']) retrieved from /home/airflow/.local/lib/python3.7/site-packages/airflow/example_dags/example_branch_python_dop_operator_3.py
[2022-10-03T12:33:42.793+0000] {logging_mixin.py:117} INFO - [2022-10-03T12:33:42.793+0000] {dag.py:2573} INFO - Sync 1 DAGs
[2022-10-03T12:33:42.834+0000] {logging_mixin.py:117} INFO - [2022-10-03T12:33:42.834+0000] {dag.py:3328} INFO - Setting next_dagrun for example_branch_dop_operator_v3 to 2022-10-03T12:32:00+00:00, run_after=2022-10-03T12:33:00+00:00
[2022-10-03T12:33:42.863+0000] {processor.py:178} INFO - Processing /home/airflow/.local/lib/python3.7/site-packages/airflow/example_dags/example_branch_python_dop_operator_3.py took 0.161 seconds
[2022-10-03T12:34:12.904+0000] {processor.py:156} INFO - Started process (PID=4205) to work on /home/airflow/.local/lib/python3.7/site-packages/airflow/example_dags/example_branch_python_dop_operator_3.py
[2022-10-03T12:34:12.905+0000] {processor.py:758} INFO - Processing file /home/airflow/.local/lib/python3.7/site-packages/airflow/example_dags/example_branch_python_dop_operator_3.py for tasks to queue
[2022-10-03T12:34:12.906+0000] {logging_mixin.py:117} INFO - [2022-10-03T12:34:12.905+0000] {dagbag.py:525} INFO - Filling up the DagBag from /home/airflow/.local/lib/python3.7/site-packages/airflow/example_dags/example_branch_python_dop_operator_3.py
[2022-10-03T12:34:12.932+0000] {processor.py:768} INFO - DAG(s) dict_keys(['example_branch_dop_operator_v3']) retrieved from /home/airflow/.local/lib/python3.7/site-packages/airflow/example_dags/example_branch_python_dop_operator_3.py
[2022-10-03T12:34:12.978+0000] {logging_mixin.py:117} INFO - [2022-10-03T12:34:12.978+0000] {dag.py:2573} INFO - Sync 1 DAGs
[2022-10-03T12:34:13.016+0000] {logging_mixin.py:117} INFO - [2022-10-03T12:34:13.016+0000] {dag.py:3328} INFO - Setting next_dagrun for example_branch_dop_operator_v3 to 2022-10-03T12:33:00+00:00, run_after=2022-10-03T12:34:00+00:00
[2022-10-03T12:34:13.046+0000] {processor.py:178} INFO - Processing /home/airflow/.local/lib/python3.7/site-packages/airflow/example_dags/example_branch_python_dop_operator_3.py took 0.145 seconds
[2022-10-03T12:34:43.953+0000] {processor.py:156} INFO - Started process (PID=4406) to work on /home/airflow/.local/lib/python3.7/site-packages/airflow/example_dags/example_branch_python_dop_operator_3.py
[2022-10-03T12:34:43.954+0000] {processor.py:758} INFO - Processing file /home/airflow/.local/lib/python3.7/site-packages/airflow/example_dags/example_branch_python_dop_operator_3.py for tasks to queue
[2022-10-03T12:34:43.956+0000] {logging_mixin.py:117} INFO - [2022-10-03T12:34:43.956+0000] {dagbag.py:525} INFO - Filling up the DagBag from /home/airflow/.local/lib/python3.7/site-packages/airflow/example_dags/example_branch_python_dop_operator_3.py
[2022-10-03T12:34:44.010+0000] {processor.py:768} INFO - DAG(s) dict_keys(['example_branch_dop_operator_v3']) retrieved from /home/airflow/.local/lib/python3.7/site-packages/airflow/example_dags/example_branch_python_dop_operator_3.py
[2022-10-03T12:34:44.102+0000] {logging_mixin.py:117} INFO - [2022-10-03T12:34:44.102+0000] {dag.py:2573} INFO - Sync 1 DAGs
[2022-10-03T12:34:44.178+0000] {logging_mixin.py:117} INFO - [2022-10-03T12:34:44.178+0000] {dag.py:3328} INFO - Setting next_dagrun for example_branch_dop_operator_v3 to 2022-10-03T12:33:00+00:00, run_after=2022-10-03T12:34:00+00:00
[2022-10-03T12:34:44.228+0000] {processor.py:178} INFO - Processing /home/airflow/.local/lib/python3.7/site-packages/airflow/example_dags/example_branch_python_dop_operator_3.py took 0.282 seconds
[2022-10-03T12:35:14.812+0000] {processor.py:156} INFO - Started process (PID=4611) to work on /home/airflow/.local/lib/python3.7/site-packages/airflow/example_dags/example_branch_python_dop_operator_3.py
[2022-10-03T12:35:14.813+0000] {processor.py:758} INFO - Processing file /home/airflow/.local/lib/python3.7/site-packages/airflow/example_dags/example_branch_python_dop_operator_3.py for tasks to queue
[2022-10-03T12:35:14.814+0000] {logging_mixin.py:117} INFO - [2022-10-03T12:35:14.814+0000] {dagbag.py:525} INFO - Filling up the DagBag from /home/airflow/.local/lib/python3.7/site-packages/airflow/example_dags/example_branch_python_dop_operator_3.py
[2022-10-03T12:35:14.839+0000] {processor.py:768} INFO - DAG(s) dict_keys(['example_branch_dop_operator_v3']) retrieved from /home/airflow/.local/lib/python3.7/site-packages/airflow/example_dags/example_branch_python_dop_operator_3.py
[2022-10-03T12:35:14.891+0000] {logging_mixin.py:117} INFO - [2022-10-03T12:35:14.890+0000] {dag.py:2573} INFO - Sync 1 DAGs
[2022-10-03T12:35:14.927+0000] {logging_mixin.py:117} INFO - [2022-10-03T12:35:14.927+0000] {dag.py:3328} INFO - Setting next_dagrun for example_branch_dop_operator_v3 to 2022-10-03T12:34:00+00:00, run_after=2022-10-03T12:35:00+00:00
[2022-10-03T12:35:14.954+0000] {processor.py:178} INFO - Processing /home/airflow/.local/lib/python3.7/site-packages/airflow/example_dags/example_branch_python_dop_operator_3.py took 0.147 seconds
[2022-10-03T12:35:45.280+0000] {processor.py:156} INFO - Started process (PID=4809) to work on /home/airflow/.local/lib/python3.7/site-packages/airflow/example_dags/example_branch_python_dop_operator_3.py
[2022-10-03T12:35:45.280+0000] {processor.py:758} INFO - Processing file /home/airflow/.local/lib/python3.7/site-packages/airflow/example_dags/example_branch_python_dop_operator_3.py for tasks to queue
[2022-10-03T12:35:45.281+0000] {logging_mixin.py:117} INFO - [2022-10-03T12:35:45.281+0000] {dagbag.py:525} INFO - Filling up the DagBag from /home/airflow/.local/lib/python3.7/site-packages/airflow/example_dags/example_branch_python_dop_operator_3.py
[2022-10-03T12:35:45.310+0000] {processor.py:768} INFO - DAG(s) dict_keys(['example_branch_dop_operator_v3']) retrieved from /home/airflow/.local/lib/python3.7/site-packages/airflow/example_dags/example_branch_python_dop_operator_3.py
[2022-10-03T12:35:45.366+0000] {logging_mixin.py:117} INFO - [2022-10-03T12:35:45.365+0000] {dag.py:2573} INFO - Sync 1 DAGs
[2022-10-03T12:35:45.423+0000] {logging_mixin.py:117} INFO - [2022-10-03T12:35:45.423+0000] {dag.py:3328} INFO - Setting next_dagrun for example_branch_dop_operator_v3 to 2022-10-03T12:34:00+00:00, run_after=2022-10-03T12:35:00+00:00
[2022-10-03T12:35:45.463+0000] {processor.py:178} INFO - Processing /home/airflow/.local/lib/python3.7/site-packages/airflow/example_dags/example_branch_python_dop_operator_3.py took 0.187 seconds
[2022-10-03T12:36:15.782+0000] {processor.py:156} INFO - Started process (PID=5016) to work on /home/airflow/.local/lib/python3.7/site-packages/airflow/example_dags/example_branch_python_dop_operator_3.py
[2022-10-03T12:36:15.783+0000] {processor.py:758} INFO - Processing file /home/airflow/.local/lib/python3.7/site-packages/airflow/example_dags/example_branch_python_dop_operator_3.py for tasks to queue
[2022-10-03T12:36:15.784+0000] {logging_mixin.py:117} INFO - [2022-10-03T12:36:15.784+0000] {dagbag.py:525} INFO - Filling up the DagBag from /home/airflow/.local/lib/python3.7/site-packages/airflow/example_dags/example_branch_python_dop_operator_3.py
[2022-10-03T12:36:15.812+0000] {processor.py:768} INFO - DAG(s) dict_keys(['example_branch_dop_operator_v3']) retrieved from /home/airflow/.local/lib/python3.7/site-packages/airflow/example_dags/example_branch_python_dop_operator_3.py
[2022-10-03T12:36:15.863+0000] {logging_mixin.py:117} INFO - [2022-10-03T12:36:15.863+0000] {dag.py:2573} INFO - Sync 1 DAGs
[2022-10-03T12:36:15.904+0000] {logging_mixin.py:117} INFO - [2022-10-03T12:36:15.904+0000] {dag.py:3328} INFO - Setting next_dagrun for example_branch_dop_operator_v3 to 2022-10-03T12:35:00+00:00, run_after=2022-10-03T12:36:00+00:00
[2022-10-03T12:36:15.935+0000] {processor.py:178} INFO - Processing /home/airflow/.local/lib/python3.7/site-packages/airflow/example_dags/example_branch_python_dop_operator_3.py took 0.157 seconds
[2022-10-03T12:36:46.113+0000] {processor.py:156} INFO - Started process (PID=5223) to work on /home/airflow/.local/lib/python3.7/site-packages/airflow/example_dags/example_branch_python_dop_operator_3.py
[2022-10-03T12:36:46.114+0000] {processor.py:758} INFO - Processing file /home/airflow/.local/lib/python3.7/site-packages/airflow/example_dags/example_branch_python_dop_operator_3.py for tasks to queue
[2022-10-03T12:36:46.115+0000] {logging_mixin.py:117} INFO - [2022-10-03T12:36:46.115+0000] {dagbag.py:525} INFO - Filling up the DagBag from /home/airflow/.local/lib/python3.7/site-packages/airflow/example_dags/example_branch_python_dop_operator_3.py
[2022-10-03T12:36:46.155+0000] {processor.py:768} INFO - DAG(s) dict_keys(['example_branch_dop_operator_v3']) retrieved from /home/airflow/.local/lib/python3.7/site-packages/airflow/example_dags/example_branch_python_dop_operator_3.py
[2022-10-03T12:36:46.225+0000] {logging_mixin.py:117} INFO - [2022-10-03T12:36:46.225+0000] {dag.py:2573} INFO - Sync 1 DAGs
[2022-10-03T12:36:46.293+0000] {logging_mixin.py:117} INFO - [2022-10-03T12:36:46.292+0000] {dag.py:3328} INFO - Setting next_dagrun for example_branch_dop_operator_v3 to 2022-10-03T12:35:00+00:00, run_after=2022-10-03T12:36:00+00:00
[2022-10-03T12:36:46.329+0000] {processor.py:178} INFO - Processing /home/airflow/.local/lib/python3.7/site-packages/airflow/example_dags/example_branch_python_dop_operator_3.py took 0.219 seconds
[2022-10-03T12:37:16.520+0000] {processor.py:156} INFO - Started process (PID=5421) to work on /home/airflow/.local/lib/python3.7/site-packages/airflow/example_dags/example_branch_python_dop_operator_3.py
[2022-10-03T12:37:16.521+0000] {processor.py:758} INFO - Processing file /home/airflow/.local/lib/python3.7/site-packages/airflow/example_dags/example_branch_python_dop_operator_3.py for tasks to queue
[2022-10-03T12:37:16.523+0000] {logging_mixin.py:117} INFO - [2022-10-03T12:37:16.522+0000] {dagbag.py:525} INFO - Filling up the DagBag from /home/airflow/.local/lib/python3.7/site-packages/airflow/example_dags/example_branch_python_dop_operator_3.py
[2022-10-03T12:37:16.600+0000] {processor.py:768} INFO - DAG(s) dict_keys(['example_branch_dop_operator_v3']) retrieved from /home/airflow/.local/lib/python3.7/site-packages/airflow/example_dags/example_branch_python_dop_operator_3.py
[2022-10-03T12:37:16.717+0000] {logging_mixin.py:117} INFO - [2022-10-03T12:37:16.716+0000] {dag.py:2573} INFO - Sync 1 DAGs
[2022-10-03T12:37:16.802+0000] {logging_mixin.py:117} INFO - [2022-10-03T12:37:16.802+0000] {dag.py:3328} INFO - Setting next_dagrun for example_branch_dop_operator_v3 to 2022-10-03T12:36:00+00:00, run_after=2022-10-03T12:37:00+00:00
[2022-10-03T12:37:16.852+0000] {processor.py:178} INFO - Processing /home/airflow/.local/lib/python3.7/site-packages/airflow/example_dags/example_branch_python_dop_operator_3.py took 0.339 seconds
[2022-10-03T12:37:47.621+0000] {processor.py:156} INFO - Started process (PID=5628) to work on /home/airflow/.local/lib/python3.7/site-packages/airflow/example_dags/example_branch_python_dop_operator_3.py
[2022-10-03T12:37:47.623+0000] {processor.py:758} INFO - Processing file /home/airflow/.local/lib/python3.7/site-packages/airflow/example_dags/example_branch_python_dop_operator_3.py for tasks to queue
[2022-10-03T12:37:47.625+0000] {logging_mixin.py:117} INFO - [2022-10-03T12:37:47.625+0000] {dagbag.py:525} INFO - Filling up the DagBag from /home/airflow/.local/lib/python3.7/site-packages/airflow/example_dags/example_branch_python_dop_operator_3.py
[2022-10-03T12:37:47.681+0000] {processor.py:768} INFO - DAG(s) dict_keys(['example_branch_dop_operator_v3']) retrieved from /home/airflow/.local/lib/python3.7/site-packages/airflow/example_dags/example_branch_python_dop_operator_3.py
[2022-10-03T12:37:47.769+0000] {logging_mixin.py:117} INFO - [2022-10-03T12:37:47.769+0000] {dag.py:2573} INFO - Sync 1 DAGs
[2022-10-03T12:37:47.808+0000] {logging_mixin.py:117} INFO - [2022-10-03T12:37:47.808+0000] {dag.py:3328} INFO - Setting next_dagrun for example_branch_dop_operator_v3 to 2022-10-03T12:36:00+00:00, run_after=2022-10-03T12:37:00+00:00
[2022-10-03T12:37:47.834+0000] {processor.py:178} INFO - Processing /home/airflow/.local/lib/python3.7/site-packages/airflow/example_dags/example_branch_python_dop_operator_3.py took 0.219 seconds
[2022-10-03T12:38:18.767+0000] {processor.py:156} INFO - Started process (PID=5826) to work on /home/airflow/.local/lib/python3.7/site-packages/airflow/example_dags/example_branch_python_dop_operator_3.py
[2022-10-03T12:38:18.768+0000] {processor.py:758} INFO - Processing file /home/airflow/.local/lib/python3.7/site-packages/airflow/example_dags/example_branch_python_dop_operator_3.py for tasks to queue
[2022-10-03T12:38:18.769+0000] {logging_mixin.py:117} INFO - [2022-10-03T12:38:18.769+0000] {dagbag.py:525} INFO - Filling up the DagBag from /home/airflow/.local/lib/python3.7/site-packages/airflow/example_dags/example_branch_python_dop_operator_3.py
[2022-10-03T12:38:18.808+0000] {processor.py:768} INFO - DAG(s) dict_keys(['example_branch_dop_operator_v3']) retrieved from /home/airflow/.local/lib/python3.7/site-packages/airflow/example_dags/example_branch_python_dop_operator_3.py
[2022-10-03T12:38:18.862+0000] {logging_mixin.py:117} INFO - [2022-10-03T12:38:18.861+0000] {dag.py:2573} INFO - Sync 1 DAGs
[2022-10-03T12:38:18.898+0000] {logging_mixin.py:117} INFO - [2022-10-03T12:38:18.898+0000] {dag.py:3328} INFO - Setting next_dagrun for example_branch_dop_operator_v3 to 2022-10-03T12:37:00+00:00, run_after=2022-10-03T12:38:00+00:00
[2022-10-03T12:38:18.926+0000] {processor.py:178} INFO - Processing /home/airflow/.local/lib/python3.7/site-packages/airflow/example_dags/example_branch_python_dop_operator_3.py took 0.166 seconds
[2022-10-03T12:38:49.234+0000] {processor.py:156} INFO - Started process (PID=6033) to work on /home/airflow/.local/lib/python3.7/site-packages/airflow/example_dags/example_branch_python_dop_operator_3.py
[2022-10-03T12:38:49.235+0000] {processor.py:758} INFO - Processing file /home/airflow/.local/lib/python3.7/site-packages/airflow/example_dags/example_branch_python_dop_operator_3.py for tasks to queue
[2022-10-03T12:38:49.236+0000] {logging_mixin.py:117} INFO - [2022-10-03T12:38:49.236+0000] {dagbag.py:525} INFO - Filling up the DagBag from /home/airflow/.local/lib/python3.7/site-packages/airflow/example_dags/example_branch_python_dop_operator_3.py
[2022-10-03T12:38:49.263+0000] {processor.py:768} INFO - DAG(s) dict_keys(['example_branch_dop_operator_v3']) retrieved from /home/airflow/.local/lib/python3.7/site-packages/airflow/example_dags/example_branch_python_dop_operator_3.py
[2022-10-03T12:38:49.310+0000] {logging_mixin.py:117} INFO - [2022-10-03T12:38:49.310+0000] {dag.py:2573} INFO - Sync 1 DAGs
[2022-10-03T12:38:49.348+0000] {logging_mixin.py:117} INFO - [2022-10-03T12:38:49.347+0000] {dag.py:3328} INFO - Setting next_dagrun for example_branch_dop_operator_v3 to 2022-10-03T12:37:00+00:00, run_after=2022-10-03T12:38:00+00:00
[2022-10-03T12:38:49.377+0000] {processor.py:178} INFO - Processing /home/airflow/.local/lib/python3.7/site-packages/airflow/example_dags/example_branch_python_dop_operator_3.py took 0.146 seconds
[2022-10-03T12:39:19.851+0000] {processor.py:156} INFO - Started process (PID=6240) to work on /home/airflow/.local/lib/python3.7/site-packages/airflow/example_dags/example_branch_python_dop_operator_3.py
[2022-10-03T12:39:19.852+0000] {processor.py:758} INFO - Processing file /home/airflow/.local/lib/python3.7/site-packages/airflow/example_dags/example_branch_python_dop_operator_3.py for tasks to queue
[2022-10-03T12:39:19.853+0000] {logging_mixin.py:117} INFO - [2022-10-03T12:39:19.853+0000] {dagbag.py:525} INFO - Filling up the DagBag from /home/airflow/.local/lib/python3.7/site-packages/airflow/example_dags/example_branch_python_dop_operator_3.py
[2022-10-03T12:39:19.914+0000] {processor.py:768} INFO - DAG(s) dict_keys(['example_branch_dop_operator_v3']) retrieved from /home/airflow/.local/lib/python3.7/site-packages/airflow/example_dags/example_branch_python_dop_operator_3.py
[2022-10-03T12:39:20.008+0000] {logging_mixin.py:117} INFO - [2022-10-03T12:39:20.008+0000] {dag.py:2573} INFO - Sync 1 DAGs
[2022-10-03T12:39:20.088+0000] {logging_mixin.py:117} INFO - [2022-10-03T12:39:20.088+0000] {dag.py:3328} INFO - Setting next_dagrun for example_branch_dop_operator_v3 to 2022-10-03T12:38:00+00:00, run_after=2022-10-03T12:39:00+00:00
[2022-10-03T12:39:20.141+0000] {processor.py:178} INFO - Processing /home/airflow/.local/lib/python3.7/site-packages/airflow/example_dags/example_branch_python_dop_operator_3.py took 0.296 seconds
[2022-10-03T12:39:50.638+0000] {processor.py:156} INFO - Started process (PID=6438) to work on /home/airflow/.local/lib/python3.7/site-packages/airflow/example_dags/example_branch_python_dop_operator_3.py
[2022-10-03T12:39:50.640+0000] {processor.py:758} INFO - Processing file /home/airflow/.local/lib/python3.7/site-packages/airflow/example_dags/example_branch_python_dop_operator_3.py for tasks to queue
[2022-10-03T12:39:50.642+0000] {logging_mixin.py:117} INFO - [2022-10-03T12:39:50.641+0000] {dagbag.py:525} INFO - Filling up the DagBag from /home/airflow/.local/lib/python3.7/site-packages/airflow/example_dags/example_branch_python_dop_operator_3.py
[2022-10-03T12:39:50.715+0000] {processor.py:768} INFO - DAG(s) dict_keys(['example_branch_dop_operator_v3']) retrieved from /home/airflow/.local/lib/python3.7/site-packages/airflow/example_dags/example_branch_python_dop_operator_3.py
[2022-10-03T12:39:50.819+0000] {logging_mixin.py:117} INFO - [2022-10-03T12:39:50.819+0000] {dag.py:2573} INFO - Sync 1 DAGs
[2022-10-03T12:39:50.897+0000] {logging_mixin.py:117} INFO - [2022-10-03T12:39:50.897+0000] {dag.py:3328} INFO - Setting next_dagrun for example_branch_dop_operator_v3 to 2022-10-03T12:38:00+00:00, run_after=2022-10-03T12:39:00+00:00
[2022-10-03T12:39:50.947+0000] {processor.py:178} INFO - Processing /home/airflow/.local/lib/python3.7/site-packages/airflow/example_dags/example_branch_python_dop_operator_3.py took 0.316 seconds
[2022-10-03T12:40:21.484+0000] {processor.py:156} INFO - Started process (PID=6645) to work on /home/airflow/.local/lib/python3.7/site-packages/airflow/example_dags/example_branch_python_dop_operator_3.py
[2022-10-03T12:40:21.487+0000] {processor.py:758} INFO - Processing file /home/airflow/.local/lib/python3.7/site-packages/airflow/example_dags/example_branch_python_dop_operator_3.py for tasks to queue
[2022-10-03T12:40:21.489+0000] {logging_mixin.py:117} INFO - [2022-10-03T12:40:21.488+0000] {dagbag.py:525} INFO - Filling up the DagBag from /home/airflow/.local/lib/python3.7/site-packages/airflow/example_dags/example_branch_python_dop_operator_3.py
[2022-10-03T12:40:21.548+0000] {processor.py:768} INFO - DAG(s) dict_keys(['example_branch_dop_operator_v3']) retrieved from /home/airflow/.local/lib/python3.7/site-packages/airflow/example_dags/example_branch_python_dop_operator_3.py
[2022-10-03T12:40:21.639+0000] {logging_mixin.py:117} INFO - [2022-10-03T12:40:21.638+0000] {dag.py:2573} INFO - Sync 1 DAGs
[2022-10-03T12:40:21.727+0000] {logging_mixin.py:117} INFO - [2022-10-03T12:40:21.727+0000] {dag.py:3328} INFO - Setting next_dagrun for example_branch_dop_operator_v3 to 2022-10-03T12:39:00+00:00, run_after=2022-10-03T12:40:00+00:00
[2022-10-03T12:40:21.782+0000] {processor.py:178} INFO - Processing /home/airflow/.local/lib/python3.7/site-packages/airflow/example_dags/example_branch_python_dop_operator_3.py took 0.304 seconds
[2022-10-03T12:40:51.943+0000] {processor.py:156} INFO - Started process (PID=6843) to work on /home/airflow/.local/lib/python3.7/site-packages/airflow/example_dags/example_branch_python_dop_operator_3.py
[2022-10-03T12:40:51.945+0000] {processor.py:758} INFO - Processing file /home/airflow/.local/lib/python3.7/site-packages/airflow/example_dags/example_branch_python_dop_operator_3.py for tasks to queue
[2022-10-03T12:40:51.947+0000] {logging_mixin.py:117} INFO - [2022-10-03T12:40:51.946+0000] {dagbag.py:525} INFO - Filling up the DagBag from /home/airflow/.local/lib/python3.7/site-packages/airflow/example_dags/example_branch_python_dop_operator_3.py
[2022-10-03T12:40:52.007+0000] {processor.py:768} INFO - DAG(s) dict_keys(['example_branch_dop_operator_v3']) retrieved from /home/airflow/.local/lib/python3.7/site-packages/airflow/example_dags/example_branch_python_dop_operator_3.py
[2022-10-03T12:40:52.098+0000] {logging_mixin.py:117} INFO - [2022-10-03T12:40:52.098+0000] {dag.py:2573} INFO - Sync 1 DAGs
[2022-10-03T12:40:52.168+0000] {logging_mixin.py:117} INFO - [2022-10-03T12:40:52.168+0000] {dag.py:3328} INFO - Setting next_dagrun for example_branch_dop_operator_v3 to 2022-10-03T12:39:00+00:00, run_after=2022-10-03T12:40:00+00:00
[2022-10-03T12:40:52.213+0000] {processor.py:178} INFO - Processing /home/airflow/.local/lib/python3.7/site-packages/airflow/example_dags/example_branch_python_dop_operator_3.py took 0.277 seconds
[2022-10-03T12:41:22.867+0000] {processor.py:156} INFO - Started process (PID=7050) to work on /home/airflow/.local/lib/python3.7/site-packages/airflow/example_dags/example_branch_python_dop_operator_3.py
[2022-10-03T12:41:22.869+0000] {processor.py:758} INFO - Processing file /home/airflow/.local/lib/python3.7/site-packages/airflow/example_dags/example_branch_python_dop_operator_3.py for tasks to queue
[2022-10-03T12:41:22.870+0000] {logging_mixin.py:117} INFO - [2022-10-03T12:41:22.870+0000] {dagbag.py:525} INFO - Filling up the DagBag from /home/airflow/.local/lib/python3.7/site-packages/airflow/example_dags/example_branch_python_dop_operator_3.py
[2022-10-03T12:41:22.926+0000] {processor.py:768} INFO - DAG(s) dict_keys(['example_branch_dop_operator_v3']) retrieved from /home/airflow/.local/lib/python3.7/site-packages/airflow/example_dags/example_branch_python_dop_operator_3.py
[2022-10-03T12:41:23.015+0000] {logging_mixin.py:117} INFO - [2022-10-03T12:41:23.014+0000] {dag.py:2573} INFO - Sync 1 DAGs
[2022-10-03T12:41:23.086+0000] {logging_mixin.py:117} INFO - [2022-10-03T12:41:23.086+0000] {dag.py:3328} INFO - Setting next_dagrun for example_branch_dop_operator_v3 to 2022-10-03T12:40:00+00:00, run_after=2022-10-03T12:41:00+00:00
[2022-10-03T12:41:23.135+0000] {processor.py:178} INFO - Processing /home/airflow/.local/lib/python3.7/site-packages/airflow/example_dags/example_branch_python_dop_operator_3.py took 0.276 seconds
[2022-10-03T12:41:53.809+0000] {processor.py:156} INFO - Started process (PID=7248) to work on /home/airflow/.local/lib/python3.7/site-packages/airflow/example_dags/example_branch_python_dop_operator_3.py
[2022-10-03T12:41:53.811+0000] {processor.py:758} INFO - Processing file /home/airflow/.local/lib/python3.7/site-packages/airflow/example_dags/example_branch_python_dop_operator_3.py for tasks to queue
[2022-10-03T12:41:53.812+0000] {logging_mixin.py:117} INFO - [2022-10-03T12:41:53.812+0000] {dagbag.py:525} INFO - Filling up the DagBag from /home/airflow/.local/lib/python3.7/site-packages/airflow/example_dags/example_branch_python_dop_operator_3.py
[2022-10-03T12:41:53.840+0000] {processor.py:768} INFO - DAG(s) dict_keys(['example_branch_dop_operator_v3']) retrieved from /home/airflow/.local/lib/python3.7/site-packages/airflow/example_dags/example_branch_python_dop_operator_3.py
[2022-10-03T12:41:53.885+0000] {logging_mixin.py:117} INFO - [2022-10-03T12:41:53.885+0000] {dag.py:2573} INFO - Sync 1 DAGs
[2022-10-03T12:41:53.918+0000] {logging_mixin.py:117} INFO - [2022-10-03T12:41:53.918+0000] {dag.py:3328} INFO - Setting next_dagrun for example_branch_dop_operator_v3 to 2022-10-03T12:40:00+00:00, run_after=2022-10-03T12:41:00+00:00
[2022-10-03T12:41:53.945+0000] {processor.py:178} INFO - Processing /home/airflow/.local/lib/python3.7/site-packages/airflow/example_dags/example_branch_python_dop_operator_3.py took 0.139 seconds
[2022-10-03T12:42:24.082+0000] {processor.py:156} INFO - Started process (PID=7455) to work on /home/airflow/.local/lib/python3.7/site-packages/airflow/example_dags/example_branch_python_dop_operator_3.py
[2022-10-03T12:42:24.083+0000] {processor.py:758} INFO - Processing file /home/airflow/.local/lib/python3.7/site-packages/airflow/example_dags/example_branch_python_dop_operator_3.py for tasks to queue
[2022-10-03T12:42:24.084+0000] {logging_mixin.py:117} INFO - [2022-10-03T12:42:24.084+0000] {dagbag.py:525} INFO - Filling up the DagBag from /home/airflow/.local/lib/python3.7/site-packages/airflow/example_dags/example_branch_python_dop_operator_3.py
[2022-10-03T12:42:24.107+0000] {processor.py:768} INFO - DAG(s) dict_keys(['example_branch_dop_operator_v3']) retrieved from /home/airflow/.local/lib/python3.7/site-packages/airflow/example_dags/example_branch_python_dop_operator_3.py
[2022-10-03T12:42:24.148+0000] {logging_mixin.py:117} INFO - [2022-10-03T12:42:24.148+0000] {dag.py:2573} INFO - Sync 1 DAGs
[2022-10-03T12:42:24.180+0000] {logging_mixin.py:117} INFO - [2022-10-03T12:42:24.180+0000] {dag.py:3328} INFO - Setting next_dagrun for example_branch_dop_operator_v3 to 2022-10-03T12:41:00+00:00, run_after=2022-10-03T12:42:00+00:00
[2022-10-03T12:42:24.215+0000] {processor.py:178} INFO - Processing /home/airflow/.local/lib/python3.7/site-packages/airflow/example_dags/example_branch_python_dop_operator_3.py took 0.136 seconds
[2022-10-03T12:42:54.380+0000] {processor.py:156} INFO - Started process (PID=7662) to work on /home/airflow/.local/lib/python3.7/site-packages/airflow/example_dags/example_branch_python_dop_operator_3.py
[2022-10-03T12:42:54.381+0000] {processor.py:758} INFO - Processing file /home/airflow/.local/lib/python3.7/site-packages/airflow/example_dags/example_branch_python_dop_operator_3.py for tasks to queue
[2022-10-03T12:42:54.382+0000] {logging_mixin.py:117} INFO - [2022-10-03T12:42:54.382+0000] {dagbag.py:525} INFO - Filling up the DagBag from /home/airflow/.local/lib/python3.7/site-packages/airflow/example_dags/example_branch_python_dop_operator_3.py
[2022-10-03T12:42:54.409+0000] {processor.py:768} INFO - DAG(s) dict_keys(['example_branch_dop_operator_v3']) retrieved from /home/airflow/.local/lib/python3.7/site-packages/airflow/example_dags/example_branch_python_dop_operator_3.py
[2022-10-03T12:42:54.456+0000] {logging_mixin.py:117} INFO - [2022-10-03T12:42:54.456+0000] {dag.py:2573} INFO - Sync 1 DAGs
[2022-10-03T12:42:54.492+0000] {logging_mixin.py:117} INFO - [2022-10-03T12:42:54.492+0000] {dag.py:3328} INFO - Setting next_dagrun for example_branch_dop_operator_v3 to 2022-10-03T12:41:00+00:00, run_after=2022-10-03T12:42:00+00:00
[2022-10-03T12:42:54.521+0000] {processor.py:178} INFO - Processing /home/airflow/.local/lib/python3.7/site-packages/airflow/example_dags/example_branch_python_dop_operator_3.py took 0.145 seconds
[2022-10-03T12:43:24.774+0000] {processor.py:156} INFO - Started process (PID=7860) to work on /home/airflow/.local/lib/python3.7/site-packages/airflow/example_dags/example_branch_python_dop_operator_3.py
[2022-10-03T12:43:24.776+0000] {processor.py:758} INFO - Processing file /home/airflow/.local/lib/python3.7/site-packages/airflow/example_dags/example_branch_python_dop_operator_3.py for tasks to queue
[2022-10-03T12:43:24.777+0000] {logging_mixin.py:117} INFO - [2022-10-03T12:43:24.777+0000] {dagbag.py:525} INFO - Filling up the DagBag from /home/airflow/.local/lib/python3.7/site-packages/airflow/example_dags/example_branch_python_dop_operator_3.py
[2022-10-03T12:43:24.833+0000] {processor.py:768} INFO - DAG(s) dict_keys(['example_branch_dop_operator_v3']) retrieved from /home/airflow/.local/lib/python3.7/site-packages/airflow/example_dags/example_branch_python_dop_operator_3.py
[2022-10-03T12:43:24.923+0000] {logging_mixin.py:117} INFO - [2022-10-03T12:43:24.922+0000] {dag.py:2573} INFO - Sync 1 DAGs
[2022-10-03T12:43:25.008+0000] {logging_mixin.py:117} INFO - [2022-10-03T12:43:25.007+0000] {dag.py:3328} INFO - Setting next_dagrun for example_branch_dop_operator_v3 to 2022-10-03T12:42:00+00:00, run_after=2022-10-03T12:43:00+00:00
[2022-10-03T12:43:25.059+0000] {processor.py:178} INFO - Processing /home/airflow/.local/lib/python3.7/site-packages/airflow/example_dags/example_branch_python_dop_operator_3.py took 0.291 seconds
[2022-10-03T12:43:55.332+0000] {processor.py:156} INFO - Started process (PID=8067) to work on /home/airflow/.local/lib/python3.7/site-packages/airflow/example_dags/example_branch_python_dop_operator_3.py
[2022-10-03T12:43:55.333+0000] {processor.py:758} INFO - Processing file /home/airflow/.local/lib/python3.7/site-packages/airflow/example_dags/example_branch_python_dop_operator_3.py for tasks to queue
[2022-10-03T12:43:55.333+0000] {logging_mixin.py:117} INFO - [2022-10-03T12:43:55.333+0000] {dagbag.py:525} INFO - Filling up the DagBag from /home/airflow/.local/lib/python3.7/site-packages/airflow/example_dags/example_branch_python_dop_operator_3.py
[2022-10-03T12:43:55.365+0000] {processor.py:768} INFO - DAG(s) dict_keys(['example_branch_dop_operator_v3']) retrieved from /home/airflow/.local/lib/python3.7/site-packages/airflow/example_dags/example_branch_python_dop_operator_3.py
[2022-10-03T12:43:55.425+0000] {logging_mixin.py:117} INFO - [2022-10-03T12:43:55.425+0000] {dag.py:2573} INFO - Sync 1 DAGs
[2022-10-03T12:43:55.480+0000] {logging_mixin.py:117} INFO - [2022-10-03T12:43:55.480+0000] {dag.py:3328} INFO - Setting next_dagrun for example_branch_dop_operator_v3 to 2022-10-03T12:42:00+00:00, run_after=2022-10-03T12:43:00+00:00
[2022-10-03T12:43:55.514+0000] {processor.py:178} INFO - Processing /home/airflow/.local/lib/python3.7/site-packages/airflow/example_dags/example_branch_python_dop_operator_3.py took 0.184 seconds
[2022-10-03T12:44:25.565+0000] {processor.py:156} INFO - Started process (PID=8265) to work on /home/airflow/.local/lib/python3.7/site-packages/airflow/example_dags/example_branch_python_dop_operator_3.py
[2022-10-03T12:44:25.566+0000] {processor.py:758} INFO - Processing file /home/airflow/.local/lib/python3.7/site-packages/airflow/example_dags/example_branch_python_dop_operator_3.py for tasks to queue
[2022-10-03T12:44:25.567+0000] {logging_mixin.py:117} INFO - [2022-10-03T12:44:25.567+0000] {dagbag.py:525} INFO - Filling up the DagBag from /home/airflow/.local/lib/python3.7/site-packages/airflow/example_dags/example_branch_python_dop_operator_3.py
[2022-10-03T12:44:25.594+0000] {processor.py:768} INFO - DAG(s) dict_keys(['example_branch_dop_operator_v3']) retrieved from /home/airflow/.local/lib/python3.7/site-packages/airflow/example_dags/example_branch_python_dop_operator_3.py
[2022-10-03T12:44:25.642+0000] {logging_mixin.py:117} INFO - [2022-10-03T12:44:25.642+0000] {dag.py:2573} INFO - Sync 1 DAGs
[2022-10-03T12:44:25.677+0000] {logging_mixin.py:117} INFO - [2022-10-03T12:44:25.677+0000] {dag.py:3328} INFO - Setting next_dagrun for example_branch_dop_operator_v3 to 2022-10-03T12:43:00+00:00, run_after=2022-10-03T12:44:00+00:00
[2022-10-03T12:44:25.702+0000] {processor.py:178} INFO - Processing /home/airflow/.local/lib/python3.7/site-packages/airflow/example_dags/example_branch_python_dop_operator_3.py took 0.141 seconds
[2022-10-03T12:44:56.106+0000] {processor.py:156} INFO - Started process (PID=8472) to work on /home/airflow/.local/lib/python3.7/site-packages/airflow/example_dags/example_branch_python_dop_operator_3.py
[2022-10-03T12:44:56.107+0000] {processor.py:758} INFO - Processing file /home/airflow/.local/lib/python3.7/site-packages/airflow/example_dags/example_branch_python_dop_operator_3.py for tasks to queue
[2022-10-03T12:44:56.108+0000] {logging_mixin.py:117} INFO - [2022-10-03T12:44:56.108+0000] {dagbag.py:525} INFO - Filling up the DagBag from /home/airflow/.local/lib/python3.7/site-packages/airflow/example_dags/example_branch_python_dop_operator_3.py
[2022-10-03T12:44:56.135+0000] {processor.py:768} INFO - DAG(s) dict_keys(['example_branch_dop_operator_v3']) retrieved from /home/airflow/.local/lib/python3.7/site-packages/airflow/example_dags/example_branch_python_dop_operator_3.py
[2022-10-03T12:44:56.182+0000] {logging_mixin.py:117} INFO - [2022-10-03T12:44:56.182+0000] {dag.py:2573} INFO - Sync 1 DAGs
[2022-10-03T12:44:56.216+0000] {logging_mixin.py:117} INFO - [2022-10-03T12:44:56.216+0000] {dag.py:3328} INFO - Setting next_dagrun for example_branch_dop_operator_v3 to 2022-10-03T12:43:00+00:00, run_after=2022-10-03T12:44:00+00:00
[2022-10-03T12:44:56.247+0000] {processor.py:178} INFO - Processing /home/airflow/.local/lib/python3.7/site-packages/airflow/example_dags/example_branch_python_dop_operator_3.py took 0.144 seconds
[2022-10-03T12:45:26.922+0000] {processor.py:156} INFO - Started process (PID=8680) to work on /home/airflow/.local/lib/python3.7/site-packages/airflow/example_dags/example_branch_python_dop_operator_3.py
[2022-10-03T12:45:26.924+0000] {processor.py:758} INFO - Processing file /home/airflow/.local/lib/python3.7/site-packages/airflow/example_dags/example_branch_python_dop_operator_3.py for tasks to queue
[2022-10-03T12:45:26.925+0000] {logging_mixin.py:117} INFO - [2022-10-03T12:45:26.925+0000] {dagbag.py:525} INFO - Filling up the DagBag from /home/airflow/.local/lib/python3.7/site-packages/airflow/example_dags/example_branch_python_dop_operator_3.py
[2022-10-03T12:45:26.995+0000] {processor.py:768} INFO - DAG(s) dict_keys(['example_branch_dop_operator_v3']) retrieved from /home/airflow/.local/lib/python3.7/site-packages/airflow/example_dags/example_branch_python_dop_operator_3.py
[2022-10-03T12:45:27.101+0000] {logging_mixin.py:117} INFO - [2022-10-03T12:45:27.100+0000] {dag.py:2573} INFO - Sync 1 DAGs
[2022-10-03T12:45:27.173+0000] {logging_mixin.py:117} INFO - [2022-10-03T12:45:27.173+0000] {dag.py:3328} INFO - Setting next_dagrun for example_branch_dop_operator_v3 to 2022-10-03T12:44:00+00:00, run_after=2022-10-03T12:45:00+00:00
[2022-10-03T12:45:27.225+0000] {processor.py:178} INFO - Processing /home/airflow/.local/lib/python3.7/site-packages/airflow/example_dags/example_branch_python_dop_operator_3.py took 0.309 seconds
[2022-10-03T12:45:57.295+0000] {processor.py:156} INFO - Started process (PID=8878) to work on /home/airflow/.local/lib/python3.7/site-packages/airflow/example_dags/example_branch_python_dop_operator_3.py
[2022-10-03T12:45:57.296+0000] {processor.py:758} INFO - Processing file /home/airflow/.local/lib/python3.7/site-packages/airflow/example_dags/example_branch_python_dop_operator_3.py for tasks to queue
[2022-10-03T12:45:57.298+0000] {logging_mixin.py:117} INFO - [2022-10-03T12:45:57.297+0000] {dagbag.py:525} INFO - Filling up the DagBag from /home/airflow/.local/lib/python3.7/site-packages/airflow/example_dags/example_branch_python_dop_operator_3.py
[2022-10-03T12:45:57.353+0000] {processor.py:768} INFO - DAG(s) dict_keys(['example_branch_dop_operator_v3']) retrieved from /home/airflow/.local/lib/python3.7/site-packages/airflow/example_dags/example_branch_python_dop_operator_3.py
[2022-10-03T12:45:57.458+0000] {logging_mixin.py:117} INFO - [2022-10-03T12:45:57.457+0000] {dag.py:2573} INFO - Sync 1 DAGs
[2022-10-03T12:45:57.544+0000] {logging_mixin.py:117} INFO - [2022-10-03T12:45:57.544+0000] {dag.py:3328} INFO - Setting next_dagrun for example_branch_dop_operator_v3 to 2022-10-03T12:44:00+00:00, run_after=2022-10-03T12:45:00+00:00
[2022-10-03T12:45:57.595+0000] {processor.py:178} INFO - Processing /home/airflow/.local/lib/python3.7/site-packages/airflow/example_dags/example_branch_python_dop_operator_3.py took 0.307 seconds
