[2022-10-03T12:24:26.253+0000] {processor.py:156} INFO - Started process (PID=298) to work on /home/airflow/.local/lib/python3.7/site-packages/airflow/example_dags/example_branch_datetime_operator.py
[2022-10-03T12:24:26.254+0000] {processor.py:758} INFO - Processing file /home/airflow/.local/lib/python3.7/site-packages/airflow/example_dags/example_branch_datetime_operator.py for tasks to queue
[2022-10-03T12:24:26.256+0000] {logging_mixin.py:117} INFO - [2022-10-03T12:24:26.255+0000] {dagbag.py:525} INFO - Filling up the DagBag from /home/airflow/.local/lib/python3.7/site-packages/airflow/example_dags/example_branch_datetime_operator.py
[2022-10-03T12:24:26.302+0000] {processor.py:768} INFO - DAG(s) dict_keys(['example_branch_datetime_operator_3', 'example_branch_datetime_operator_2', 'example_branch_datetime_operator']) retrieved from /home/airflow/.local/lib/python3.7/site-packages/airflow/example_dags/example_branch_datetime_operator.py
[2022-10-03T12:24:26.413+0000] {logging_mixin.py:117} INFO - [2022-10-03T12:24:26.412+0000] {dag.py:2573} INFO - Sync 3 DAGs
[2022-10-03T12:24:26.481+0000] {logging_mixin.py:117} INFO - [2022-10-03T12:24:26.481+0000] {dag.py:3328} INFO - Setting next_dagrun for example_branch_datetime_operator to 2022-10-02T00:00:00+00:00, run_after=2022-10-03T00:00:00+00:00
[2022-10-03T12:24:26.496+0000] {logging_mixin.py:117} INFO - [2022-10-03T12:24:26.496+0000] {dag.py:3328} INFO - Setting next_dagrun for example_branch_datetime_operator_2 to 2022-10-02T00:00:00+00:00, run_after=2022-10-03T00:00:00+00:00
[2022-10-03T12:24:26.503+0000] {logging_mixin.py:117} INFO - [2022-10-03T12:24:26.503+0000] {dag.py:3328} INFO - Setting next_dagrun for example_branch_datetime_operator_3 to 2022-10-02T00:00:00+00:00, run_after=2022-10-03T00:00:00+00:00
[2022-10-03T12:24:26.546+0000] {processor.py:178} INFO - Processing /home/airflow/.local/lib/python3.7/site-packages/airflow/example_dags/example_branch_datetime_operator.py took 0.300 seconds
[2022-10-03T12:24:58.328+0000] {processor.py:156} INFO - Started process (PID=506) to work on /home/airflow/.local/lib/python3.7/site-packages/airflow/example_dags/example_branch_datetime_operator.py
[2022-10-03T12:24:58.330+0000] {processor.py:758} INFO - Processing file /home/airflow/.local/lib/python3.7/site-packages/airflow/example_dags/example_branch_datetime_operator.py for tasks to queue
[2022-10-03T12:24:58.332+0000] {logging_mixin.py:117} INFO - [2022-10-03T12:24:58.332+0000] {dagbag.py:525} INFO - Filling up the DagBag from /home/airflow/.local/lib/python3.7/site-packages/airflow/example_dags/example_branch_datetime_operator.py
[2022-10-03T12:24:58.401+0000] {processor.py:768} INFO - DAG(s) dict_keys(['example_branch_datetime_operator_2', 'example_branch_datetime_operator', 'example_branch_datetime_operator_3']) retrieved from /home/airflow/.local/lib/python3.7/site-packages/airflow/example_dags/example_branch_datetime_operator.py
[2022-10-03T12:24:58.533+0000] {logging_mixin.py:117} INFO - [2022-10-03T12:24:58.533+0000] {dag.py:2573} INFO - Sync 3 DAGs
[2022-10-03T12:24:58.601+0000] {logging_mixin.py:117} INFO - [2022-10-03T12:24:58.601+0000] {dag.py:3328} INFO - Setting next_dagrun for example_branch_datetime_operator to 2022-10-02T00:00:00+00:00, run_after=2022-10-03T00:00:00+00:00
[2022-10-03T12:24:58.818+0000] {logging_mixin.py:117} INFO - [2022-10-03T12:24:58.818+0000] {dag.py:3328} INFO - Setting next_dagrun for example_branch_datetime_operator_2 to 2022-10-02T00:00:00+00:00, run_after=2022-10-03T00:00:00+00:00
[2022-10-03T12:24:58.826+0000] {logging_mixin.py:117} INFO - [2022-10-03T12:24:58.826+0000] {dag.py:3328} INFO - Setting next_dagrun for example_branch_datetime_operator_3 to 2022-10-02T00:00:00+00:00, run_after=2022-10-03T00:00:00+00:00
[2022-10-03T12:24:58.873+0000] {processor.py:178} INFO - Processing /home/airflow/.local/lib/python3.7/site-packages/airflow/example_dags/example_branch_datetime_operator.py took 0.558 seconds
[2022-10-03T12:25:29.121+0000] {processor.py:156} INFO - Started process (PID=706) to work on /home/airflow/.local/lib/python3.7/site-packages/airflow/example_dags/example_branch_datetime_operator.py
[2022-10-03T12:25:29.124+0000] {processor.py:758} INFO - Processing file /home/airflow/.local/lib/python3.7/site-packages/airflow/example_dags/example_branch_datetime_operator.py for tasks to queue
[2022-10-03T12:25:29.125+0000] {logging_mixin.py:117} INFO - [2022-10-03T12:25:29.125+0000] {dagbag.py:525} INFO - Filling up the DagBag from /home/airflow/.local/lib/python3.7/site-packages/airflow/example_dags/example_branch_datetime_operator.py
[2022-10-03T12:25:29.172+0000] {processor.py:768} INFO - DAG(s) dict_keys(['example_branch_datetime_operator_2', 'example_branch_datetime_operator', 'example_branch_datetime_operator_3']) retrieved from /home/airflow/.local/lib/python3.7/site-packages/airflow/example_dags/example_branch_datetime_operator.py
[2022-10-03T12:25:29.296+0000] {logging_mixin.py:117} INFO - [2022-10-03T12:25:29.295+0000] {dag.py:2573} INFO - Sync 3 DAGs
[2022-10-03T12:25:29.566+0000] {logging_mixin.py:117} INFO - [2022-10-03T12:25:29.565+0000] {dag.py:3328} INFO - Setting next_dagrun for example_branch_datetime_operator to 2022-10-02T00:00:00+00:00, run_after=2022-10-03T00:00:00+00:00
[2022-10-03T12:25:29.581+0000] {logging_mixin.py:117} INFO - [2022-10-03T12:25:29.581+0000] {dag.py:3328} INFO - Setting next_dagrun for example_branch_datetime_operator_2 to 2022-10-02T00:00:00+00:00, run_after=2022-10-03T00:00:00+00:00
[2022-10-03T12:25:29.589+0000] {logging_mixin.py:117} INFO - [2022-10-03T12:25:29.589+0000] {dag.py:3328} INFO - Setting next_dagrun for example_branch_datetime_operator_3 to 2022-10-02T00:00:00+00:00, run_after=2022-10-03T00:00:00+00:00
[2022-10-03T12:25:29.633+0000] {processor.py:178} INFO - Processing /home/airflow/.local/lib/python3.7/site-packages/airflow/example_dags/example_branch_datetime_operator.py took 0.519 seconds
[2022-10-03T12:26:00.257+0000] {processor.py:156} INFO - Started process (PID=913) to work on /home/airflow/.local/lib/python3.7/site-packages/airflow/example_dags/example_branch_datetime_operator.py
[2022-10-03T12:26:00.260+0000] {processor.py:758} INFO - Processing file /home/airflow/.local/lib/python3.7/site-packages/airflow/example_dags/example_branch_datetime_operator.py for tasks to queue
[2022-10-03T12:26:00.263+0000] {logging_mixin.py:117} INFO - [2022-10-03T12:26:00.262+0000] {dagbag.py:525} INFO - Filling up the DagBag from /home/airflow/.local/lib/python3.7/site-packages/airflow/example_dags/example_branch_datetime_operator.py
[2022-10-03T12:26:00.315+0000] {processor.py:768} INFO - DAG(s) dict_keys(['example_branch_datetime_operator_3', 'example_branch_datetime_operator_2', 'example_branch_datetime_operator']) retrieved from /home/airflow/.local/lib/python3.7/site-packages/airflow/example_dags/example_branch_datetime_operator.py
[2022-10-03T12:26:00.739+0000] {logging_mixin.py:117} INFO - [2022-10-03T12:26:00.738+0000] {dag.py:2573} INFO - Sync 3 DAGs
[2022-10-03T12:26:00.830+0000] {logging_mixin.py:117} INFO - [2022-10-03T12:26:00.828+0000] {dag.py:3328} INFO - Setting next_dagrun for example_branch_datetime_operator to 2022-10-02T00:00:00+00:00, run_after=2022-10-03T00:00:00+00:00
[2022-10-03T12:26:00.853+0000] {logging_mixin.py:117} INFO - [2022-10-03T12:26:00.852+0000] {dag.py:3328} INFO - Setting next_dagrun for example_branch_datetime_operator_2 to 2022-10-02T00:00:00+00:00, run_after=2022-10-03T00:00:00+00:00
[2022-10-03T12:26:00.865+0000] {logging_mixin.py:117} INFO - [2022-10-03T12:26:00.865+0000] {dag.py:3328} INFO - Setting next_dagrun for example_branch_datetime_operator_3 to 2022-10-02T00:00:00+00:00, run_after=2022-10-03T00:00:00+00:00
[2022-10-03T12:26:00.922+0000] {processor.py:178} INFO - Processing /home/airflow/.local/lib/python3.7/site-packages/airflow/example_dags/example_branch_datetime_operator.py took 0.672 seconds
[2022-10-03T12:26:32.570+0000] {processor.py:156} INFO - Started process (PID=1112) to work on /home/airflow/.local/lib/python3.7/site-packages/airflow/example_dags/example_branch_datetime_operator.py
[2022-10-03T12:26:32.572+0000] {processor.py:758} INFO - Processing file /home/airflow/.local/lib/python3.7/site-packages/airflow/example_dags/example_branch_datetime_operator.py for tasks to queue
[2022-10-03T12:26:32.574+0000] {logging_mixin.py:117} INFO - [2022-10-03T12:26:32.574+0000] {dagbag.py:525} INFO - Filling up the DagBag from /home/airflow/.local/lib/python3.7/site-packages/airflow/example_dags/example_branch_datetime_operator.py
[2022-10-03T12:26:32.625+0000] {processor.py:768} INFO - DAG(s) dict_keys(['example_branch_datetime_operator_3', 'example_branch_datetime_operator_2', 'example_branch_datetime_operator']) retrieved from /home/airflow/.local/lib/python3.7/site-packages/airflow/example_dags/example_branch_datetime_operator.py
[2022-10-03T12:26:32.800+0000] {logging_mixin.py:117} INFO - [2022-10-03T12:26:32.800+0000] {dag.py:2573} INFO - Sync 3 DAGs
[2022-10-03T12:26:32.827+0000] {logging_mixin.py:117} INFO - [2022-10-03T12:26:32.827+0000] {dag.py:3328} INFO - Setting next_dagrun for example_branch_datetime_operator to 2022-10-02T00:00:00+00:00, run_after=2022-10-03T00:00:00+00:00
[2022-10-03T12:26:32.833+0000] {logging_mixin.py:117} INFO - [2022-10-03T12:26:32.833+0000] {dag.py:3328} INFO - Setting next_dagrun for example_branch_datetime_operator_2 to 2022-10-02T00:00:00+00:00, run_after=2022-10-03T00:00:00+00:00
[2022-10-03T12:26:32.837+0000] {logging_mixin.py:117} INFO - [2022-10-03T12:26:32.836+0000] {dag.py:3328} INFO - Setting next_dagrun for example_branch_datetime_operator_3 to 2022-10-02T00:00:00+00:00, run_after=2022-10-03T00:00:00+00:00
[2022-10-03T12:26:32.858+0000] {processor.py:178} INFO - Processing /home/airflow/.local/lib/python3.7/site-packages/airflow/example_dags/example_branch_datetime_operator.py took 0.298 seconds
[2022-10-03T12:27:02.910+0000] {processor.py:156} INFO - Started process (PID=1337) to work on /home/airflow/.local/lib/python3.7/site-packages/airflow/example_dags/example_branch_datetime_operator.py
[2022-10-03T12:27:02.910+0000] {processor.py:758} INFO - Processing file /home/airflow/.local/lib/python3.7/site-packages/airflow/example_dags/example_branch_datetime_operator.py for tasks to queue
[2022-10-03T12:27:02.911+0000] {logging_mixin.py:117} INFO - [2022-10-03T12:27:02.911+0000] {dagbag.py:525} INFO - Filling up the DagBag from /home/airflow/.local/lib/python3.7/site-packages/airflow/example_dags/example_branch_datetime_operator.py
[2022-10-03T12:27:03.139+0000] {processor.py:768} INFO - DAG(s) dict_keys(['example_branch_datetime_operator', 'example_branch_datetime_operator_2', 'example_branch_datetime_operator_3']) retrieved from /home/airflow/.local/lib/python3.7/site-packages/airflow/example_dags/example_branch_datetime_operator.py
[2022-10-03T12:27:03.258+0000] {logging_mixin.py:117} INFO - [2022-10-03T12:27:03.258+0000] {dag.py:2573} INFO - Sync 3 DAGs
[2022-10-03T12:27:03.325+0000] {logging_mixin.py:117} INFO - [2022-10-03T12:27:03.325+0000] {dag.py:3328} INFO - Setting next_dagrun for example_branch_datetime_operator to 2022-10-02T00:00:00+00:00, run_after=2022-10-03T00:00:00+00:00
[2022-10-03T12:27:03.341+0000] {logging_mixin.py:117} INFO - [2022-10-03T12:27:03.341+0000] {dag.py:3328} INFO - Setting next_dagrun for example_branch_datetime_operator_2 to 2022-10-02T00:00:00+00:00, run_after=2022-10-03T00:00:00+00:00
[2022-10-03T12:27:03.348+0000] {logging_mixin.py:117} INFO - [2022-10-03T12:27:03.347+0000] {dag.py:3328} INFO - Setting next_dagrun for example_branch_datetime_operator_3 to 2022-10-02T00:00:00+00:00, run_after=2022-10-03T00:00:00+00:00
[2022-10-03T12:27:03.396+0000] {processor.py:178} INFO - Processing /home/airflow/.local/lib/python3.7/site-packages/airflow/example_dags/example_branch_datetime_operator.py took 0.490 seconds
[2022-10-03T12:27:34.213+0000] {processor.py:156} INFO - Started process (PID=1553) to work on /home/airflow/.local/lib/python3.7/site-packages/airflow/example_dags/example_branch_datetime_operator.py
[2022-10-03T12:27:34.214+0000] {processor.py:758} INFO - Processing file /home/airflow/.local/lib/python3.7/site-packages/airflow/example_dags/example_branch_datetime_operator.py for tasks to queue
[2022-10-03T12:27:34.214+0000] {logging_mixin.py:117} INFO - [2022-10-03T12:27:34.214+0000] {dagbag.py:525} INFO - Filling up the DagBag from /home/airflow/.local/lib/python3.7/site-packages/airflow/example_dags/example_branch_datetime_operator.py
[2022-10-03T12:27:34.232+0000] {processor.py:768} INFO - DAG(s) dict_keys(['example_branch_datetime_operator', 'example_branch_datetime_operator_2', 'example_branch_datetime_operator_3']) retrieved from /home/airflow/.local/lib/python3.7/site-packages/airflow/example_dags/example_branch_datetime_operator.py
[2022-10-03T12:27:34.278+0000] {logging_mixin.py:117} INFO - [2022-10-03T12:27:34.278+0000] {dag.py:2573} INFO - Sync 3 DAGs
[2022-10-03T12:27:34.305+0000] {logging_mixin.py:117} INFO - [2022-10-03T12:27:34.305+0000] {dag.py:3328} INFO - Setting next_dagrun for example_branch_datetime_operator to 2022-10-02T00:00:00+00:00, run_after=2022-10-03T00:00:00+00:00
[2022-10-03T12:27:34.310+0000] {logging_mixin.py:117} INFO - [2022-10-03T12:27:34.310+0000] {dag.py:3328} INFO - Setting next_dagrun for example_branch_datetime_operator_2 to 2022-10-02T00:00:00+00:00, run_after=2022-10-03T00:00:00+00:00
[2022-10-03T12:27:34.313+0000] {logging_mixin.py:117} INFO - [2022-10-03T12:27:34.313+0000] {dag.py:3328} INFO - Setting next_dagrun for example_branch_datetime_operator_3 to 2022-10-02T00:00:00+00:00, run_after=2022-10-03T00:00:00+00:00
[2022-10-03T12:27:34.336+0000] {processor.py:178} INFO - Processing /home/airflow/.local/lib/python3.7/site-packages/airflow/example_dags/example_branch_datetime_operator.py took 0.126 seconds
[2022-10-03T12:28:04.863+0000] {processor.py:156} INFO - Started process (PID=1760) to work on /home/airflow/.local/lib/python3.7/site-packages/airflow/example_dags/example_branch_datetime_operator.py
[2022-10-03T12:28:04.864+0000] {processor.py:758} INFO - Processing file /home/airflow/.local/lib/python3.7/site-packages/airflow/example_dags/example_branch_datetime_operator.py for tasks to queue
[2022-10-03T12:28:04.864+0000] {logging_mixin.py:117} INFO - [2022-10-03T12:28:04.864+0000] {dagbag.py:525} INFO - Filling up the DagBag from /home/airflow/.local/lib/python3.7/site-packages/airflow/example_dags/example_branch_datetime_operator.py
[2022-10-03T12:28:04.886+0000] {processor.py:768} INFO - DAG(s) dict_keys(['example_branch_datetime_operator_3', 'example_branch_datetime_operator_2', 'example_branch_datetime_operator']) retrieved from /home/airflow/.local/lib/python3.7/site-packages/airflow/example_dags/example_branch_datetime_operator.py
[2022-10-03T12:28:04.946+0000] {logging_mixin.py:117} INFO - [2022-10-03T12:28:04.946+0000] {dag.py:2573} INFO - Sync 3 DAGs
[2022-10-03T12:28:04.979+0000] {logging_mixin.py:117} INFO - [2022-10-03T12:28:04.979+0000] {dag.py:3328} INFO - Setting next_dagrun for example_branch_datetime_operator to 2022-10-02T00:00:00+00:00, run_after=2022-10-03T00:00:00+00:00
[2022-10-03T12:28:04.985+0000] {logging_mixin.py:117} INFO - [2022-10-03T12:28:04.985+0000] {dag.py:3328} INFO - Setting next_dagrun for example_branch_datetime_operator_2 to 2022-10-02T00:00:00+00:00, run_after=2022-10-03T00:00:00+00:00
[2022-10-03T12:28:04.989+0000] {logging_mixin.py:117} INFO - [2022-10-03T12:28:04.988+0000] {dag.py:3328} INFO - Setting next_dagrun for example_branch_datetime_operator_3 to 2022-10-02T00:00:00+00:00, run_after=2022-10-03T00:00:00+00:00
[2022-10-03T12:28:05.017+0000] {processor.py:178} INFO - Processing /home/airflow/.local/lib/python3.7/site-packages/airflow/example_dags/example_branch_datetime_operator.py took 0.157 seconds
[2022-10-03T12:28:35.576+0000] {processor.py:156} INFO - Started process (PID=1966) to work on /home/airflow/.local/lib/python3.7/site-packages/airflow/example_dags/example_branch_datetime_operator.py
[2022-10-03T12:28:35.578+0000] {processor.py:758} INFO - Processing file /home/airflow/.local/lib/python3.7/site-packages/airflow/example_dags/example_branch_datetime_operator.py for tasks to queue
[2022-10-03T12:28:35.579+0000] {logging_mixin.py:117} INFO - [2022-10-03T12:28:35.579+0000] {dagbag.py:525} INFO - Filling up the DagBag from /home/airflow/.local/lib/python3.7/site-packages/airflow/example_dags/example_branch_datetime_operator.py
[2022-10-03T12:28:35.604+0000] {processor.py:768} INFO - DAG(s) dict_keys(['example_branch_datetime_operator', 'example_branch_datetime_operator_2', 'example_branch_datetime_operator_3']) retrieved from /home/airflow/.local/lib/python3.7/site-packages/airflow/example_dags/example_branch_datetime_operator.py
[2022-10-03T12:28:35.668+0000] {logging_mixin.py:117} INFO - [2022-10-03T12:28:35.667+0000] {dag.py:2573} INFO - Sync 3 DAGs
[2022-10-03T12:28:35.702+0000] {logging_mixin.py:117} INFO - [2022-10-03T12:28:35.702+0000] {dag.py:3328} INFO - Setting next_dagrun for example_branch_datetime_operator to 2022-10-02T00:00:00+00:00, run_after=2022-10-03T00:00:00+00:00
[2022-10-03T12:28:35.709+0000] {logging_mixin.py:117} INFO - [2022-10-03T12:28:35.709+0000] {dag.py:3328} INFO - Setting next_dagrun for example_branch_datetime_operator_2 to 2022-10-02T00:00:00+00:00, run_after=2022-10-03T00:00:00+00:00
[2022-10-03T12:28:35.713+0000] {logging_mixin.py:117} INFO - [2022-10-03T12:28:35.713+0000] {dag.py:3328} INFO - Setting next_dagrun for example_branch_datetime_operator_3 to 2022-10-02T00:00:00+00:00, run_after=2022-10-03T00:00:00+00:00
[2022-10-03T12:28:35.741+0000] {processor.py:178} INFO - Processing /home/airflow/.local/lib/python3.7/site-packages/airflow/example_dags/example_branch_datetime_operator.py took 0.169 seconds
[2022-10-03T12:29:06.450+0000] {processor.py:156} INFO - Started process (PID=2166) to work on /home/airflow/.local/lib/python3.7/site-packages/airflow/example_dags/example_branch_datetime_operator.py
[2022-10-03T12:29:06.451+0000] {processor.py:758} INFO - Processing file /home/airflow/.local/lib/python3.7/site-packages/airflow/example_dags/example_branch_datetime_operator.py for tasks to queue
[2022-10-03T12:29:06.452+0000] {logging_mixin.py:117} INFO - [2022-10-03T12:29:06.452+0000] {dagbag.py:525} INFO - Filling up the DagBag from /home/airflow/.local/lib/python3.7/site-packages/airflow/example_dags/example_branch_datetime_operator.py
[2022-10-03T12:29:06.475+0000] {processor.py:768} INFO - DAG(s) dict_keys(['example_branch_datetime_operator_3', 'example_branch_datetime_operator', 'example_branch_datetime_operator_2']) retrieved from /home/airflow/.local/lib/python3.7/site-packages/airflow/example_dags/example_branch_datetime_operator.py
[2022-10-03T12:29:06.539+0000] {logging_mixin.py:117} INFO - [2022-10-03T12:29:06.539+0000] {dag.py:2573} INFO - Sync 3 DAGs
[2022-10-03T12:29:06.593+0000] {logging_mixin.py:117} INFO - [2022-10-03T12:29:06.592+0000] {dag.py:3328} INFO - Setting next_dagrun for example_branch_datetime_operator to 2022-10-02T00:00:00+00:00, run_after=2022-10-03T00:00:00+00:00
[2022-10-03T12:29:06.602+0000] {logging_mixin.py:117} INFO - [2022-10-03T12:29:06.602+0000] {dag.py:3328} INFO - Setting next_dagrun for example_branch_datetime_operator_2 to 2022-10-02T00:00:00+00:00, run_after=2022-10-03T00:00:00+00:00
[2022-10-03T12:29:06.607+0000] {logging_mixin.py:117} INFO - [2022-10-03T12:29:06.607+0000] {dag.py:3328} INFO - Setting next_dagrun for example_branch_datetime_operator_3 to 2022-10-02T00:00:00+00:00, run_after=2022-10-03T00:00:00+00:00
[2022-10-03T12:29:06.641+0000] {processor.py:178} INFO - Processing /home/airflow/.local/lib/python3.7/site-packages/airflow/example_dags/example_branch_datetime_operator.py took 0.195 seconds
[2022-10-03T12:29:36.701+0000] {processor.py:156} INFO - Started process (PID=2368) to work on /home/airflow/.local/lib/python3.7/site-packages/airflow/example_dags/example_branch_datetime_operator.py
[2022-10-03T12:29:36.704+0000] {processor.py:758} INFO - Processing file /home/airflow/.local/lib/python3.7/site-packages/airflow/example_dags/example_branch_datetime_operator.py for tasks to queue
[2022-10-03T12:29:36.707+0000] {logging_mixin.py:117} INFO - [2022-10-03T12:29:36.706+0000] {dagbag.py:525} INFO - Filling up the DagBag from /home/airflow/.local/lib/python3.7/site-packages/airflow/example_dags/example_branch_datetime_operator.py
[2022-10-03T12:29:36.768+0000] {processor.py:768} INFO - DAG(s) dict_keys(['example_branch_datetime_operator_2', 'example_branch_datetime_operator', 'example_branch_datetime_operator_3']) retrieved from /home/airflow/.local/lib/python3.7/site-packages/airflow/example_dags/example_branch_datetime_operator.py
[2022-10-03T12:29:36.915+0000] {logging_mixin.py:117} INFO - [2022-10-03T12:29:36.914+0000] {dag.py:2573} INFO - Sync 3 DAGs
[2022-10-03T12:29:37.022+0000] {logging_mixin.py:117} INFO - [2022-10-03T12:29:37.022+0000] {dag.py:3328} INFO - Setting next_dagrun for example_branch_datetime_operator to 2022-10-02T00:00:00+00:00, run_after=2022-10-03T00:00:00+00:00
[2022-10-03T12:29:37.035+0000] {logging_mixin.py:117} INFO - [2022-10-03T12:29:37.034+0000] {dag.py:3328} INFO - Setting next_dagrun for example_branch_datetime_operator_2 to 2022-10-02T00:00:00+00:00, run_after=2022-10-03T00:00:00+00:00
[2022-10-03T12:29:37.044+0000] {logging_mixin.py:117} INFO - [2022-10-03T12:29:37.043+0000] {dag.py:3328} INFO - Setting next_dagrun for example_branch_datetime_operator_3 to 2022-10-02T00:00:00+00:00, run_after=2022-10-03T00:00:00+00:00
[2022-10-03T12:29:37.087+0000] {processor.py:178} INFO - Processing /home/airflow/.local/lib/python3.7/site-packages/airflow/example_dags/example_branch_datetime_operator.py took 0.395 seconds
[2022-10-03T12:30:07.161+0000] {processor.py:156} INFO - Started process (PID=2566) to work on /home/airflow/.local/lib/python3.7/site-packages/airflow/example_dags/example_branch_datetime_operator.py
[2022-10-03T12:30:07.161+0000] {processor.py:758} INFO - Processing file /home/airflow/.local/lib/python3.7/site-packages/airflow/example_dags/example_branch_datetime_operator.py for tasks to queue
[2022-10-03T12:30:07.162+0000] {logging_mixin.py:117} INFO - [2022-10-03T12:30:07.162+0000] {dagbag.py:525} INFO - Filling up the DagBag from /home/airflow/.local/lib/python3.7/site-packages/airflow/example_dags/example_branch_datetime_operator.py
[2022-10-03T12:30:07.183+0000] {processor.py:768} INFO - DAG(s) dict_keys(['example_branch_datetime_operator', 'example_branch_datetime_operator_3', 'example_branch_datetime_operator_2']) retrieved from /home/airflow/.local/lib/python3.7/site-packages/airflow/example_dags/example_branch_datetime_operator.py
[2022-10-03T12:30:07.235+0000] {logging_mixin.py:117} INFO - [2022-10-03T12:30:07.235+0000] {dag.py:2573} INFO - Sync 3 DAGs
[2022-10-03T12:30:07.267+0000] {logging_mixin.py:117} INFO - [2022-10-03T12:30:07.267+0000] {dag.py:3328} INFO - Setting next_dagrun for example_branch_datetime_operator to 2022-10-02T00:00:00+00:00, run_after=2022-10-03T00:00:00+00:00
[2022-10-03T12:30:07.273+0000] {logging_mixin.py:117} INFO - [2022-10-03T12:30:07.273+0000] {dag.py:3328} INFO - Setting next_dagrun for example_branch_datetime_operator_2 to 2022-10-02T00:00:00+00:00, run_after=2022-10-03T00:00:00+00:00
[2022-10-03T12:30:07.276+0000] {logging_mixin.py:117} INFO - [2022-10-03T12:30:07.276+0000] {dag.py:3328} INFO - Setting next_dagrun for example_branch_datetime_operator_3 to 2022-10-02T00:00:00+00:00, run_after=2022-10-03T00:00:00+00:00
[2022-10-03T12:30:07.300+0000] {processor.py:178} INFO - Processing /home/airflow/.local/lib/python3.7/site-packages/airflow/example_dags/example_branch_datetime_operator.py took 0.143 seconds
[2022-10-03T12:30:37.971+0000] {processor.py:156} INFO - Started process (PID=2775) to work on /home/airflow/.local/lib/python3.7/site-packages/airflow/example_dags/example_branch_datetime_operator.py
[2022-10-03T12:30:37.972+0000] {processor.py:758} INFO - Processing file /home/airflow/.local/lib/python3.7/site-packages/airflow/example_dags/example_branch_datetime_operator.py for tasks to queue
[2022-10-03T12:30:37.973+0000] {logging_mixin.py:117} INFO - [2022-10-03T12:30:37.973+0000] {dagbag.py:525} INFO - Filling up the DagBag from /home/airflow/.local/lib/python3.7/site-packages/airflow/example_dags/example_branch_datetime_operator.py
[2022-10-03T12:30:37.997+0000] {processor.py:768} INFO - DAG(s) dict_keys(['example_branch_datetime_operator_3', 'example_branch_datetime_operator', 'example_branch_datetime_operator_2']) retrieved from /home/airflow/.local/lib/python3.7/site-packages/airflow/example_dags/example_branch_datetime_operator.py
[2022-10-03T12:30:38.048+0000] {logging_mixin.py:117} INFO - [2022-10-03T12:30:38.047+0000] {dag.py:2573} INFO - Sync 3 DAGs
[2022-10-03T12:30:38.080+0000] {logging_mixin.py:117} INFO - [2022-10-03T12:30:38.080+0000] {dag.py:3328} INFO - Setting next_dagrun for example_branch_datetime_operator to 2022-10-02T00:00:00+00:00, run_after=2022-10-03T00:00:00+00:00
[2022-10-03T12:30:38.085+0000] {logging_mixin.py:117} INFO - [2022-10-03T12:30:38.085+0000] {dag.py:3328} INFO - Setting next_dagrun for example_branch_datetime_operator_2 to 2022-10-02T00:00:00+00:00, run_after=2022-10-03T00:00:00+00:00
[2022-10-03T12:30:38.088+0000] {logging_mixin.py:117} INFO - [2022-10-03T12:30:38.088+0000] {dag.py:3328} INFO - Setting next_dagrun for example_branch_datetime_operator_3 to 2022-10-02T00:00:00+00:00, run_after=2022-10-03T00:00:00+00:00
[2022-10-03T12:30:38.110+0000] {processor.py:178} INFO - Processing /home/airflow/.local/lib/python3.7/site-packages/airflow/example_dags/example_branch_datetime_operator.py took 0.142 seconds
[2022-10-03T12:31:08.558+0000] {processor.py:156} INFO - Started process (PID=2971) to work on /home/airflow/.local/lib/python3.7/site-packages/airflow/example_dags/example_branch_datetime_operator.py
[2022-10-03T12:31:08.559+0000] {processor.py:758} INFO - Processing file /home/airflow/.local/lib/python3.7/site-packages/airflow/example_dags/example_branch_datetime_operator.py for tasks to queue
[2022-10-03T12:31:08.560+0000] {logging_mixin.py:117} INFO - [2022-10-03T12:31:08.560+0000] {dagbag.py:525} INFO - Filling up the DagBag from /home/airflow/.local/lib/python3.7/site-packages/airflow/example_dags/example_branch_datetime_operator.py
[2022-10-03T12:31:08.581+0000] {processor.py:768} INFO - DAG(s) dict_keys(['example_branch_datetime_operator_2', 'example_branch_datetime_operator', 'example_branch_datetime_operator_3']) retrieved from /home/airflow/.local/lib/python3.7/site-packages/airflow/example_dags/example_branch_datetime_operator.py
[2022-10-03T12:31:08.629+0000] {logging_mixin.py:117} INFO - [2022-10-03T12:31:08.629+0000] {dag.py:2573} INFO - Sync 3 DAGs
[2022-10-03T12:31:08.659+0000] {logging_mixin.py:117} INFO - [2022-10-03T12:31:08.659+0000] {dag.py:3328} INFO - Setting next_dagrun for example_branch_datetime_operator to 2022-10-02T00:00:00+00:00, run_after=2022-10-03T00:00:00+00:00
[2022-10-03T12:31:08.666+0000] {logging_mixin.py:117} INFO - [2022-10-03T12:31:08.666+0000] {dag.py:3328} INFO - Setting next_dagrun for example_branch_datetime_operator_2 to 2022-10-02T00:00:00+00:00, run_after=2022-10-03T00:00:00+00:00
[2022-10-03T12:31:08.670+0000] {logging_mixin.py:117} INFO - [2022-10-03T12:31:08.669+0000] {dag.py:3328} INFO - Setting next_dagrun for example_branch_datetime_operator_3 to 2022-10-02T00:00:00+00:00, run_after=2022-10-03T00:00:00+00:00
[2022-10-03T12:31:08.693+0000] {processor.py:178} INFO - Processing /home/airflow/.local/lib/python3.7/site-packages/airflow/example_dags/example_branch_datetime_operator.py took 0.139 seconds
[2022-10-03T12:31:38.970+0000] {processor.py:156} INFO - Started process (PID=3178) to work on /home/airflow/.local/lib/python3.7/site-packages/airflow/example_dags/example_branch_datetime_operator.py
[2022-10-03T12:31:38.971+0000] {processor.py:758} INFO - Processing file /home/airflow/.local/lib/python3.7/site-packages/airflow/example_dags/example_branch_datetime_operator.py for tasks to queue
[2022-10-03T12:31:38.972+0000] {logging_mixin.py:117} INFO - [2022-10-03T12:31:38.971+0000] {dagbag.py:525} INFO - Filling up the DagBag from /home/airflow/.local/lib/python3.7/site-packages/airflow/example_dags/example_branch_datetime_operator.py
[2022-10-03T12:31:38.993+0000] {processor.py:768} INFO - DAG(s) dict_keys(['example_branch_datetime_operator_2', 'example_branch_datetime_operator', 'example_branch_datetime_operator_3']) retrieved from /home/airflow/.local/lib/python3.7/site-packages/airflow/example_dags/example_branch_datetime_operator.py
[2022-10-03T12:31:39.089+0000] {logging_mixin.py:117} INFO - [2022-10-03T12:31:39.088+0000] {dag.py:2573} INFO - Sync 3 DAGs
[2022-10-03T12:31:39.154+0000] {logging_mixin.py:117} INFO - [2022-10-03T12:31:39.154+0000] {dag.py:3328} INFO - Setting next_dagrun for example_branch_datetime_operator to 2022-10-02T00:00:00+00:00, run_after=2022-10-03T00:00:00+00:00
[2022-10-03T12:31:39.166+0000] {logging_mixin.py:117} INFO - [2022-10-03T12:31:39.166+0000] {dag.py:3328} INFO - Setting next_dagrun for example_branch_datetime_operator_2 to 2022-10-02T00:00:00+00:00, run_after=2022-10-03T00:00:00+00:00
[2022-10-03T12:31:39.172+0000] {logging_mixin.py:117} INFO - [2022-10-03T12:31:39.172+0000] {dag.py:3328} INFO - Setting next_dagrun for example_branch_datetime_operator_3 to 2022-10-02T00:00:00+00:00, run_after=2022-10-03T00:00:00+00:00
[2022-10-03T12:31:39.214+0000] {processor.py:178} INFO - Processing /home/airflow/.local/lib/python3.7/site-packages/airflow/example_dags/example_branch_datetime_operator.py took 0.247 seconds
[2022-10-03T12:32:10.174+0000] {processor.py:156} INFO - Started process (PID=3387) to work on /home/airflow/.local/lib/python3.7/site-packages/airflow/example_dags/example_branch_datetime_operator.py
[2022-10-03T12:32:10.175+0000] {processor.py:758} INFO - Processing file /home/airflow/.local/lib/python3.7/site-packages/airflow/example_dags/example_branch_datetime_operator.py for tasks to queue
[2022-10-03T12:32:10.176+0000] {logging_mixin.py:117} INFO - [2022-10-03T12:32:10.176+0000] {dagbag.py:525} INFO - Filling up the DagBag from /home/airflow/.local/lib/python3.7/site-packages/airflow/example_dags/example_branch_datetime_operator.py
[2022-10-03T12:32:10.196+0000] {processor.py:768} INFO - DAG(s) dict_keys(['example_branch_datetime_operator_2', 'example_branch_datetime_operator_3', 'example_branch_datetime_operator']) retrieved from /home/airflow/.local/lib/python3.7/site-packages/airflow/example_dags/example_branch_datetime_operator.py
[2022-10-03T12:32:10.249+0000] {logging_mixin.py:117} INFO - [2022-10-03T12:32:10.249+0000] {dag.py:2573} INFO - Sync 3 DAGs
[2022-10-03T12:32:10.283+0000] {logging_mixin.py:117} INFO - [2022-10-03T12:32:10.283+0000] {dag.py:3328} INFO - Setting next_dagrun for example_branch_datetime_operator to 2022-10-02T00:00:00+00:00, run_after=2022-10-03T00:00:00+00:00
[2022-10-03T12:32:10.290+0000] {logging_mixin.py:117} INFO - [2022-10-03T12:32:10.290+0000] {dag.py:3328} INFO - Setting next_dagrun for example_branch_datetime_operator_2 to 2022-10-02T00:00:00+00:00, run_after=2022-10-03T00:00:00+00:00
[2022-10-03T12:32:10.293+0000] {logging_mixin.py:117} INFO - [2022-10-03T12:32:10.293+0000] {dag.py:3328} INFO - Setting next_dagrun for example_branch_datetime_operator_3 to 2022-10-02T00:00:00+00:00, run_after=2022-10-03T00:00:00+00:00
[2022-10-03T12:32:10.317+0000] {processor.py:178} INFO - Processing /home/airflow/.local/lib/python3.7/site-packages/airflow/example_dags/example_branch_datetime_operator.py took 0.147 seconds
[2022-10-03T12:32:40.541+0000] {processor.py:156} INFO - Started process (PID=3585) to work on /home/airflow/.local/lib/python3.7/site-packages/airflow/example_dags/example_branch_datetime_operator.py
[2022-10-03T12:32:40.542+0000] {processor.py:758} INFO - Processing file /home/airflow/.local/lib/python3.7/site-packages/airflow/example_dags/example_branch_datetime_operator.py for tasks to queue
[2022-10-03T12:32:40.542+0000] {logging_mixin.py:117} INFO - [2022-10-03T12:32:40.542+0000] {dagbag.py:525} INFO - Filling up the DagBag from /home/airflow/.local/lib/python3.7/site-packages/airflow/example_dags/example_branch_datetime_operator.py
[2022-10-03T12:32:40.564+0000] {processor.py:768} INFO - DAG(s) dict_keys(['example_branch_datetime_operator_2', 'example_branch_datetime_operator_3', 'example_branch_datetime_operator']) retrieved from /home/airflow/.local/lib/python3.7/site-packages/airflow/example_dags/example_branch_datetime_operator.py
[2022-10-03T12:32:40.613+0000] {logging_mixin.py:117} INFO - [2022-10-03T12:32:40.613+0000] {dag.py:2573} INFO - Sync 3 DAGs
[2022-10-03T12:32:40.641+0000] {logging_mixin.py:117} INFO - [2022-10-03T12:32:40.641+0000] {dag.py:3328} INFO - Setting next_dagrun for example_branch_datetime_operator to 2022-10-02T00:00:00+00:00, run_after=2022-10-03T00:00:00+00:00
[2022-10-03T12:32:40.648+0000] {logging_mixin.py:117} INFO - [2022-10-03T12:32:40.648+0000] {dag.py:3328} INFO - Setting next_dagrun for example_branch_datetime_operator_2 to 2022-10-02T00:00:00+00:00, run_after=2022-10-03T00:00:00+00:00
[2022-10-03T12:32:40.651+0000] {logging_mixin.py:117} INFO - [2022-10-03T12:32:40.651+0000] {dag.py:3328} INFO - Setting next_dagrun for example_branch_datetime_operator_3 to 2022-10-02T00:00:00+00:00, run_after=2022-10-03T00:00:00+00:00
[2022-10-03T12:32:40.673+0000] {processor.py:178} INFO - Processing /home/airflow/.local/lib/python3.7/site-packages/airflow/example_dags/example_branch_datetime_operator.py took 0.135 seconds
[2022-10-03T12:33:11.018+0000] {processor.py:156} INFO - Started process (PID=3792) to work on /home/airflow/.local/lib/python3.7/site-packages/airflow/example_dags/example_branch_datetime_operator.py
[2022-10-03T12:33:11.020+0000] {processor.py:758} INFO - Processing file /home/airflow/.local/lib/python3.7/site-packages/airflow/example_dags/example_branch_datetime_operator.py for tasks to queue
[2022-10-03T12:33:11.020+0000] {logging_mixin.py:117} INFO - [2022-10-03T12:33:11.020+0000] {dagbag.py:525} INFO - Filling up the DagBag from /home/airflow/.local/lib/python3.7/site-packages/airflow/example_dags/example_branch_datetime_operator.py
[2022-10-03T12:33:11.042+0000] {processor.py:768} INFO - DAG(s) dict_keys(['example_branch_datetime_operator', 'example_branch_datetime_operator_3', 'example_branch_datetime_operator_2']) retrieved from /home/airflow/.local/lib/python3.7/site-packages/airflow/example_dags/example_branch_datetime_operator.py
[2022-10-03T12:33:11.092+0000] {logging_mixin.py:117} INFO - [2022-10-03T12:33:11.091+0000] {dag.py:2573} INFO - Sync 3 DAGs
[2022-10-03T12:33:11.121+0000] {logging_mixin.py:117} INFO - [2022-10-03T12:33:11.120+0000] {dag.py:3328} INFO - Setting next_dagrun for example_branch_datetime_operator to 2022-10-02T00:00:00+00:00, run_after=2022-10-03T00:00:00+00:00
[2022-10-03T12:33:11.127+0000] {logging_mixin.py:117} INFO - [2022-10-03T12:33:11.127+0000] {dag.py:3328} INFO - Setting next_dagrun for example_branch_datetime_operator_2 to 2022-10-02T00:00:00+00:00, run_after=2022-10-03T00:00:00+00:00
[2022-10-03T12:33:11.130+0000] {logging_mixin.py:117} INFO - [2022-10-03T12:33:11.130+0000] {dag.py:3328} INFO - Setting next_dagrun for example_branch_datetime_operator_3 to 2022-10-02T00:00:00+00:00, run_after=2022-10-03T00:00:00+00:00
[2022-10-03T12:33:11.153+0000] {processor.py:178} INFO - Processing /home/airflow/.local/lib/python3.7/site-packages/airflow/example_dags/example_branch_datetime_operator.py took 0.139 seconds
[2022-10-03T12:33:41.677+0000] {processor.py:156} INFO - Started process (PID=3990) to work on /home/airflow/.local/lib/python3.7/site-packages/airflow/example_dags/example_branch_datetime_operator.py
[2022-10-03T12:33:41.678+0000] {processor.py:758} INFO - Processing file /home/airflow/.local/lib/python3.7/site-packages/airflow/example_dags/example_branch_datetime_operator.py for tasks to queue
[2022-10-03T12:33:41.679+0000] {logging_mixin.py:117} INFO - [2022-10-03T12:33:41.679+0000] {dagbag.py:525} INFO - Filling up the DagBag from /home/airflow/.local/lib/python3.7/site-packages/airflow/example_dags/example_branch_datetime_operator.py
[2022-10-03T12:33:41.702+0000] {processor.py:768} INFO - DAG(s) dict_keys(['example_branch_datetime_operator', 'example_branch_datetime_operator_3', 'example_branch_datetime_operator_2']) retrieved from /home/airflow/.local/lib/python3.7/site-packages/airflow/example_dags/example_branch_datetime_operator.py
[2022-10-03T12:33:41.751+0000] {logging_mixin.py:117} INFO - [2022-10-03T12:33:41.751+0000] {dag.py:2573} INFO - Sync 3 DAGs
[2022-10-03T12:33:41.781+0000] {logging_mixin.py:117} INFO - [2022-10-03T12:33:41.780+0000] {dag.py:3328} INFO - Setting next_dagrun for example_branch_datetime_operator to 2022-10-02T00:00:00+00:00, run_after=2022-10-03T00:00:00+00:00
[2022-10-03T12:33:41.787+0000] {logging_mixin.py:117} INFO - [2022-10-03T12:33:41.787+0000] {dag.py:3328} INFO - Setting next_dagrun for example_branch_datetime_operator_2 to 2022-10-02T00:00:00+00:00, run_after=2022-10-03T00:00:00+00:00
[2022-10-03T12:33:41.790+0000] {logging_mixin.py:117} INFO - [2022-10-03T12:33:41.790+0000] {dag.py:3328} INFO - Setting next_dagrun for example_branch_datetime_operator_3 to 2022-10-02T00:00:00+00:00, run_after=2022-10-03T00:00:00+00:00
[2022-10-03T12:33:41.812+0000] {processor.py:178} INFO - Processing /home/airflow/.local/lib/python3.7/site-packages/airflow/example_dags/example_branch_datetime_operator.py took 0.140 seconds
[2022-10-03T12:34:11.889+0000] {processor.py:156} INFO - Started process (PID=4197) to work on /home/airflow/.local/lib/python3.7/site-packages/airflow/example_dags/example_branch_datetime_operator.py
[2022-10-03T12:34:11.889+0000] {processor.py:758} INFO - Processing file /home/airflow/.local/lib/python3.7/site-packages/airflow/example_dags/example_branch_datetime_operator.py for tasks to queue
[2022-10-03T12:34:11.890+0000] {logging_mixin.py:117} INFO - [2022-10-03T12:34:11.890+0000] {dagbag.py:525} INFO - Filling up the DagBag from /home/airflow/.local/lib/python3.7/site-packages/airflow/example_dags/example_branch_datetime_operator.py
[2022-10-03T12:34:11.912+0000] {processor.py:768} INFO - DAG(s) dict_keys(['example_branch_datetime_operator_3', 'example_branch_datetime_operator', 'example_branch_datetime_operator_2']) retrieved from /home/airflow/.local/lib/python3.7/site-packages/airflow/example_dags/example_branch_datetime_operator.py
[2022-10-03T12:34:11.961+0000] {logging_mixin.py:117} INFO - [2022-10-03T12:34:11.961+0000] {dag.py:2573} INFO - Sync 3 DAGs
[2022-10-03T12:34:11.989+0000] {logging_mixin.py:117} INFO - [2022-10-03T12:34:11.989+0000] {dag.py:3328} INFO - Setting next_dagrun for example_branch_datetime_operator to 2022-10-02T00:00:00+00:00, run_after=2022-10-03T00:00:00+00:00
[2022-10-03T12:34:11.996+0000] {logging_mixin.py:117} INFO - [2022-10-03T12:34:11.996+0000] {dag.py:3328} INFO - Setting next_dagrun for example_branch_datetime_operator_2 to 2022-10-02T00:00:00+00:00, run_after=2022-10-03T00:00:00+00:00
[2022-10-03T12:34:11.998+0000] {logging_mixin.py:117} INFO - [2022-10-03T12:34:11.998+0000] {dag.py:3328} INFO - Setting next_dagrun for example_branch_datetime_operator_3 to 2022-10-02T00:00:00+00:00, run_after=2022-10-03T00:00:00+00:00
[2022-10-03T12:34:12.020+0000] {processor.py:178} INFO - Processing /home/airflow/.local/lib/python3.7/site-packages/airflow/example_dags/example_branch_datetime_operator.py took 0.134 seconds
[2022-10-03T12:34:43.273+0000] {processor.py:156} INFO - Started process (PID=4394) to work on /home/airflow/.local/lib/python3.7/site-packages/airflow/example_dags/example_branch_datetime_operator.py
[2022-10-03T12:34:43.274+0000] {processor.py:758} INFO - Processing file /home/airflow/.local/lib/python3.7/site-packages/airflow/example_dags/example_branch_datetime_operator.py for tasks to queue
[2022-10-03T12:34:43.276+0000] {logging_mixin.py:117} INFO - [2022-10-03T12:34:43.275+0000] {dagbag.py:525} INFO - Filling up the DagBag from /home/airflow/.local/lib/python3.7/site-packages/airflow/example_dags/example_branch_datetime_operator.py
[2022-10-03T12:34:43.326+0000] {processor.py:768} INFO - DAG(s) dict_keys(['example_branch_datetime_operator', 'example_branch_datetime_operator_2', 'example_branch_datetime_operator_3']) retrieved from /home/airflow/.local/lib/python3.7/site-packages/airflow/example_dags/example_branch_datetime_operator.py
[2022-10-03T12:34:43.441+0000] {logging_mixin.py:117} INFO - [2022-10-03T12:34:43.441+0000] {dag.py:2573} INFO - Sync 3 DAGs
[2022-10-03T12:34:43.509+0000] {logging_mixin.py:117} INFO - [2022-10-03T12:34:43.509+0000] {dag.py:3328} INFO - Setting next_dagrun for example_branch_datetime_operator to 2022-10-02T00:00:00+00:00, run_after=2022-10-03T00:00:00+00:00
[2022-10-03T12:34:43.521+0000] {logging_mixin.py:117} INFO - [2022-10-03T12:34:43.521+0000] {dag.py:3328} INFO - Setting next_dagrun for example_branch_datetime_operator_2 to 2022-10-02T00:00:00+00:00, run_after=2022-10-03T00:00:00+00:00
[2022-10-03T12:34:43.528+0000] {logging_mixin.py:117} INFO - [2022-10-03T12:34:43.528+0000] {dag.py:3328} INFO - Setting next_dagrun for example_branch_datetime_operator_3 to 2022-10-02T00:00:00+00:00, run_after=2022-10-03T00:00:00+00:00
[2022-10-03T12:34:43.576+0000] {processor.py:178} INFO - Processing /home/airflow/.local/lib/python3.7/site-packages/airflow/example_dags/example_branch_datetime_operator.py took 0.310 seconds
[2022-10-03T12:35:13.632+0000] {processor.py:156} INFO - Started process (PID=4601) to work on /home/airflow/.local/lib/python3.7/site-packages/airflow/example_dags/example_branch_datetime_operator.py
[2022-10-03T12:35:13.633+0000] {processor.py:758} INFO - Processing file /home/airflow/.local/lib/python3.7/site-packages/airflow/example_dags/example_branch_datetime_operator.py for tasks to queue
[2022-10-03T12:35:13.634+0000] {logging_mixin.py:117} INFO - [2022-10-03T12:35:13.634+0000] {dagbag.py:525} INFO - Filling up the DagBag from /home/airflow/.local/lib/python3.7/site-packages/airflow/example_dags/example_branch_datetime_operator.py
[2022-10-03T12:35:13.656+0000] {processor.py:768} INFO - DAG(s) dict_keys(['example_branch_datetime_operator', 'example_branch_datetime_operator_2', 'example_branch_datetime_operator_3']) retrieved from /home/airflow/.local/lib/python3.7/site-packages/airflow/example_dags/example_branch_datetime_operator.py
[2022-10-03T12:35:13.711+0000] {logging_mixin.py:117} INFO - [2022-10-03T12:35:13.710+0000] {dag.py:2573} INFO - Sync 3 DAGs
[2022-10-03T12:35:13.744+0000] {logging_mixin.py:117} INFO - [2022-10-03T12:35:13.744+0000] {dag.py:3328} INFO - Setting next_dagrun for example_branch_datetime_operator to 2022-10-02T00:00:00+00:00, run_after=2022-10-03T00:00:00+00:00
[2022-10-03T12:35:13.750+0000] {logging_mixin.py:117} INFO - [2022-10-03T12:35:13.750+0000] {dag.py:3328} INFO - Setting next_dagrun for example_branch_datetime_operator_2 to 2022-10-02T00:00:00+00:00, run_after=2022-10-03T00:00:00+00:00
[2022-10-03T12:35:13.754+0000] {logging_mixin.py:117} INFO - [2022-10-03T12:35:13.754+0000] {dag.py:3328} INFO - Setting next_dagrun for example_branch_datetime_operator_3 to 2022-10-02T00:00:00+00:00, run_after=2022-10-03T00:00:00+00:00
[2022-10-03T12:35:13.783+0000] {processor.py:178} INFO - Processing /home/airflow/.local/lib/python3.7/site-packages/airflow/example_dags/example_branch_datetime_operator.py took 0.154 seconds
[2022-10-03T12:35:44.106+0000] {processor.py:156} INFO - Started process (PID=4799) to work on /home/airflow/.local/lib/python3.7/site-packages/airflow/example_dags/example_branch_datetime_operator.py
[2022-10-03T12:35:44.107+0000] {processor.py:758} INFO - Processing file /home/airflow/.local/lib/python3.7/site-packages/airflow/example_dags/example_branch_datetime_operator.py for tasks to queue
[2022-10-03T12:35:44.107+0000] {logging_mixin.py:117} INFO - [2022-10-03T12:35:44.107+0000] {dagbag.py:525} INFO - Filling up the DagBag from /home/airflow/.local/lib/python3.7/site-packages/airflow/example_dags/example_branch_datetime_operator.py
[2022-10-03T12:35:44.128+0000] {processor.py:768} INFO - DAG(s) dict_keys(['example_branch_datetime_operator_3', 'example_branch_datetime_operator', 'example_branch_datetime_operator_2']) retrieved from /home/airflow/.local/lib/python3.7/site-packages/airflow/example_dags/example_branch_datetime_operator.py
[2022-10-03T12:35:44.191+0000] {logging_mixin.py:117} INFO - [2022-10-03T12:35:44.191+0000] {dag.py:2573} INFO - Sync 3 DAGs
[2022-10-03T12:35:44.228+0000] {logging_mixin.py:117} INFO - [2022-10-03T12:35:44.228+0000] {dag.py:3328} INFO - Setting next_dagrun for example_branch_datetime_operator to 2022-10-02T00:00:00+00:00, run_after=2022-10-03T00:00:00+00:00
[2022-10-03T12:35:44.238+0000] {logging_mixin.py:117} INFO - [2022-10-03T12:35:44.238+0000] {dag.py:3328} INFO - Setting next_dagrun for example_branch_datetime_operator_2 to 2022-10-02T00:00:00+00:00, run_after=2022-10-03T00:00:00+00:00
[2022-10-03T12:35:44.242+0000] {logging_mixin.py:117} INFO - [2022-10-03T12:35:44.242+0000] {dag.py:3328} INFO - Setting next_dagrun for example_branch_datetime_operator_3 to 2022-10-02T00:00:00+00:00, run_after=2022-10-03T00:00:00+00:00
[2022-10-03T12:35:44.271+0000] {processor.py:178} INFO - Processing /home/airflow/.local/lib/python3.7/site-packages/airflow/example_dags/example_branch_datetime_operator.py took 0.169 seconds
[2022-10-03T12:36:14.602+0000] {processor.py:156} INFO - Started process (PID=5006) to work on /home/airflow/.local/lib/python3.7/site-packages/airflow/example_dags/example_branch_datetime_operator.py
[2022-10-03T12:36:14.603+0000] {processor.py:758} INFO - Processing file /home/airflow/.local/lib/python3.7/site-packages/airflow/example_dags/example_branch_datetime_operator.py for tasks to queue
[2022-10-03T12:36:14.604+0000] {logging_mixin.py:117} INFO - [2022-10-03T12:36:14.603+0000] {dagbag.py:525} INFO - Filling up the DagBag from /home/airflow/.local/lib/python3.7/site-packages/airflow/example_dags/example_branch_datetime_operator.py
[2022-10-03T12:36:14.623+0000] {processor.py:768} INFO - DAG(s) dict_keys(['example_branch_datetime_operator', 'example_branch_datetime_operator_3', 'example_branch_datetime_operator_2']) retrieved from /home/airflow/.local/lib/python3.7/site-packages/airflow/example_dags/example_branch_datetime_operator.py
[2022-10-03T12:36:14.676+0000] {logging_mixin.py:117} INFO - [2022-10-03T12:36:14.675+0000] {dag.py:2573} INFO - Sync 3 DAGs
[2022-10-03T12:36:14.713+0000] {logging_mixin.py:117} INFO - [2022-10-03T12:36:14.713+0000] {dag.py:3328} INFO - Setting next_dagrun for example_branch_datetime_operator to 2022-10-02T00:00:00+00:00, run_after=2022-10-03T00:00:00+00:00
[2022-10-03T12:36:14.720+0000] {logging_mixin.py:117} INFO - [2022-10-03T12:36:14.720+0000] {dag.py:3328} INFO - Setting next_dagrun for example_branch_datetime_operator_2 to 2022-10-02T00:00:00+00:00, run_after=2022-10-03T00:00:00+00:00
[2022-10-03T12:36:14.723+0000] {logging_mixin.py:117} INFO - [2022-10-03T12:36:14.723+0000] {dag.py:3328} INFO - Setting next_dagrun for example_branch_datetime_operator_3 to 2022-10-02T00:00:00+00:00, run_after=2022-10-03T00:00:00+00:00
[2022-10-03T12:36:14.749+0000] {processor.py:178} INFO - Processing /home/airflow/.local/lib/python3.7/site-packages/airflow/example_dags/example_branch_datetime_operator.py took 0.150 seconds
[2022-10-03T12:36:44.935+0000] {processor.py:156} INFO - Started process (PID=5206) to work on /home/airflow/.local/lib/python3.7/site-packages/airflow/example_dags/example_branch_datetime_operator.py
[2022-10-03T12:36:44.937+0000] {processor.py:758} INFO - Processing file /home/airflow/.local/lib/python3.7/site-packages/airflow/example_dags/example_branch_datetime_operator.py for tasks to queue
[2022-10-03T12:36:44.938+0000] {logging_mixin.py:117} INFO - [2022-10-03T12:36:44.938+0000] {dagbag.py:525} INFO - Filling up the DagBag from /home/airflow/.local/lib/python3.7/site-packages/airflow/example_dags/example_branch_datetime_operator.py
[2022-10-03T12:36:44.965+0000] {processor.py:768} INFO - DAG(s) dict_keys(['example_branch_datetime_operator_2', 'example_branch_datetime_operator', 'example_branch_datetime_operator_3']) retrieved from /home/airflow/.local/lib/python3.7/site-packages/airflow/example_dags/example_branch_datetime_operator.py
[2022-10-03T12:36:45.014+0000] {logging_mixin.py:117} INFO - [2022-10-03T12:36:45.014+0000] {dag.py:2573} INFO - Sync 3 DAGs
[2022-10-03T12:36:45.046+0000] {logging_mixin.py:117} INFO - [2022-10-03T12:36:45.046+0000] {dag.py:3328} INFO - Setting next_dagrun for example_branch_datetime_operator to 2022-10-02T00:00:00+00:00, run_after=2022-10-03T00:00:00+00:00
[2022-10-03T12:36:45.051+0000] {logging_mixin.py:117} INFO - [2022-10-03T12:36:45.051+0000] {dag.py:3328} INFO - Setting next_dagrun for example_branch_datetime_operator_2 to 2022-10-02T00:00:00+00:00, run_after=2022-10-03T00:00:00+00:00
[2022-10-03T12:36:45.055+0000] {logging_mixin.py:117} INFO - [2022-10-03T12:36:45.055+0000] {dag.py:3328} INFO - Setting next_dagrun for example_branch_datetime_operator_3 to 2022-10-02T00:00:00+00:00, run_after=2022-10-03T00:00:00+00:00
[2022-10-03T12:36:45.078+0000] {processor.py:178} INFO - Processing /home/airflow/.local/lib/python3.7/site-packages/airflow/example_dags/example_branch_datetime_operator.py took 0.146 seconds
[2022-10-03T12:37:15.256+0000] {processor.py:156} INFO - Started process (PID=5411) to work on /home/airflow/.local/lib/python3.7/site-packages/airflow/example_dags/example_branch_datetime_operator.py
[2022-10-03T12:37:15.257+0000] {processor.py:758} INFO - Processing file /home/airflow/.local/lib/python3.7/site-packages/airflow/example_dags/example_branch_datetime_operator.py for tasks to queue
[2022-10-03T12:37:15.258+0000] {logging_mixin.py:117} INFO - [2022-10-03T12:37:15.258+0000] {dagbag.py:525} INFO - Filling up the DagBag from /home/airflow/.local/lib/python3.7/site-packages/airflow/example_dags/example_branch_datetime_operator.py
[2022-10-03T12:37:15.286+0000] {processor.py:768} INFO - DAG(s) dict_keys(['example_branch_datetime_operator_3', 'example_branch_datetime_operator_2', 'example_branch_datetime_operator']) retrieved from /home/airflow/.local/lib/python3.7/site-packages/airflow/example_dags/example_branch_datetime_operator.py
[2022-10-03T12:37:15.369+0000] {logging_mixin.py:117} INFO - [2022-10-03T12:37:15.368+0000] {dag.py:2573} INFO - Sync 3 DAGs
[2022-10-03T12:37:15.421+0000] {logging_mixin.py:117} INFO - [2022-10-03T12:37:15.421+0000] {dag.py:3328} INFO - Setting next_dagrun for example_branch_datetime_operator to 2022-10-02T00:00:00+00:00, run_after=2022-10-03T00:00:00+00:00
[2022-10-03T12:37:15.431+0000] {logging_mixin.py:117} INFO - [2022-10-03T12:37:15.431+0000] {dag.py:3328} INFO - Setting next_dagrun for example_branch_datetime_operator_2 to 2022-10-02T00:00:00+00:00, run_after=2022-10-03T00:00:00+00:00
[2022-10-03T12:37:15.436+0000] {logging_mixin.py:117} INFO - [2022-10-03T12:37:15.436+0000] {dag.py:3328} INFO - Setting next_dagrun for example_branch_datetime_operator_3 to 2022-10-02T00:00:00+00:00, run_after=2022-10-03T00:00:00+00:00
[2022-10-03T12:37:15.472+0000] {processor.py:178} INFO - Processing /home/airflow/.local/lib/python3.7/site-packages/airflow/example_dags/example_branch_datetime_operator.py took 0.220 seconds
[2022-10-03T12:37:45.586+0000] {processor.py:156} INFO - Started process (PID=5618) to work on /home/airflow/.local/lib/python3.7/site-packages/airflow/example_dags/example_branch_datetime_operator.py
[2022-10-03T12:37:45.587+0000] {processor.py:758} INFO - Processing file /home/airflow/.local/lib/python3.7/site-packages/airflow/example_dags/example_branch_datetime_operator.py for tasks to queue
[2022-10-03T12:37:45.587+0000] {logging_mixin.py:117} INFO - [2022-10-03T12:37:45.587+0000] {dagbag.py:525} INFO - Filling up the DagBag from /home/airflow/.local/lib/python3.7/site-packages/airflow/example_dags/example_branch_datetime_operator.py
[2022-10-03T12:37:45.611+0000] {processor.py:768} INFO - DAG(s) dict_keys(['example_branch_datetime_operator_3', 'example_branch_datetime_operator', 'example_branch_datetime_operator_2']) retrieved from /home/airflow/.local/lib/python3.7/site-packages/airflow/example_dags/example_branch_datetime_operator.py
[2022-10-03T12:37:45.669+0000] {logging_mixin.py:117} INFO - [2022-10-03T12:37:45.668+0000] {dag.py:2573} INFO - Sync 3 DAGs
[2022-10-03T12:37:45.719+0000] {logging_mixin.py:117} INFO - [2022-10-03T12:37:45.718+0000] {dag.py:3328} INFO - Setting next_dagrun for example_branch_datetime_operator to 2022-10-02T00:00:00+00:00, run_after=2022-10-03T00:00:00+00:00
[2022-10-03T12:37:45.726+0000] {logging_mixin.py:117} INFO - [2022-10-03T12:37:45.725+0000] {dag.py:3328} INFO - Setting next_dagrun for example_branch_datetime_operator_2 to 2022-10-02T00:00:00+00:00, run_after=2022-10-03T00:00:00+00:00
[2022-10-03T12:37:45.729+0000] {logging_mixin.py:117} INFO - [2022-10-03T12:37:45.729+0000] {dag.py:3328} INFO - Setting next_dagrun for example_branch_datetime_operator_3 to 2022-10-02T00:00:00+00:00, run_after=2022-10-03T00:00:00+00:00
[2022-10-03T12:37:45.755+0000] {processor.py:178} INFO - Processing /home/airflow/.local/lib/python3.7/site-packages/airflow/example_dags/example_branch_datetime_operator.py took 0.173 seconds
[2022-10-03T12:38:16.454+0000] {processor.py:156} INFO - Started process (PID=5816) to work on /home/airflow/.local/lib/python3.7/site-packages/airflow/example_dags/example_branch_datetime_operator.py
[2022-10-03T12:38:16.456+0000] {processor.py:758} INFO - Processing file /home/airflow/.local/lib/python3.7/site-packages/airflow/example_dags/example_branch_datetime_operator.py for tasks to queue
[2022-10-03T12:38:16.457+0000] {logging_mixin.py:117} INFO - [2022-10-03T12:38:16.457+0000] {dagbag.py:525} INFO - Filling up the DagBag from /home/airflow/.local/lib/python3.7/site-packages/airflow/example_dags/example_branch_datetime_operator.py
[2022-10-03T12:38:16.502+0000] {processor.py:768} INFO - DAG(s) dict_keys(['example_branch_datetime_operator_3', 'example_branch_datetime_operator_2', 'example_branch_datetime_operator']) retrieved from /home/airflow/.local/lib/python3.7/site-packages/airflow/example_dags/example_branch_datetime_operator.py
[2022-10-03T12:38:16.610+0000] {logging_mixin.py:117} INFO - [2022-10-03T12:38:16.609+0000] {dag.py:2573} INFO - Sync 3 DAGs
[2022-10-03T12:38:16.675+0000] {logging_mixin.py:117} INFO - [2022-10-03T12:38:16.675+0000] {dag.py:3328} INFO - Setting next_dagrun for example_branch_datetime_operator to 2022-10-02T00:00:00+00:00, run_after=2022-10-03T00:00:00+00:00
[2022-10-03T12:38:16.689+0000] {logging_mixin.py:117} INFO - [2022-10-03T12:38:16.689+0000] {dag.py:3328} INFO - Setting next_dagrun for example_branch_datetime_operator_2 to 2022-10-02T00:00:00+00:00, run_after=2022-10-03T00:00:00+00:00
[2022-10-03T12:38:16.697+0000] {logging_mixin.py:117} INFO - [2022-10-03T12:38:16.697+0000] {dag.py:3328} INFO - Setting next_dagrun for example_branch_datetime_operator_3 to 2022-10-02T00:00:00+00:00, run_after=2022-10-03T00:00:00+00:00
[2022-10-03T12:38:16.747+0000] {processor.py:178} INFO - Processing /home/airflow/.local/lib/python3.7/site-packages/airflow/example_dags/example_branch_datetime_operator.py took 0.300 seconds
[2022-10-03T12:38:46.950+0000] {processor.py:156} INFO - Started process (PID=6023) to work on /home/airflow/.local/lib/python3.7/site-packages/airflow/example_dags/example_branch_datetime_operator.py
[2022-10-03T12:38:46.952+0000] {processor.py:758} INFO - Processing file /home/airflow/.local/lib/python3.7/site-packages/airflow/example_dags/example_branch_datetime_operator.py for tasks to queue
[2022-10-03T12:38:46.954+0000] {logging_mixin.py:117} INFO - [2022-10-03T12:38:46.953+0000] {dagbag.py:525} INFO - Filling up the DagBag from /home/airflow/.local/lib/python3.7/site-packages/airflow/example_dags/example_branch_datetime_operator.py
[2022-10-03T12:38:47.003+0000] {processor.py:768} INFO - DAG(s) dict_keys(['example_branch_datetime_operator', 'example_branch_datetime_operator_2', 'example_branch_datetime_operator_3']) retrieved from /home/airflow/.local/lib/python3.7/site-packages/airflow/example_dags/example_branch_datetime_operator.py
[2022-10-03T12:38:47.111+0000] {logging_mixin.py:117} INFO - [2022-10-03T12:38:47.111+0000] {dag.py:2573} INFO - Sync 3 DAGs
[2022-10-03T12:38:47.176+0000] {logging_mixin.py:117} INFO - [2022-10-03T12:38:47.175+0000] {dag.py:3328} INFO - Setting next_dagrun for example_branch_datetime_operator to 2022-10-02T00:00:00+00:00, run_after=2022-10-03T00:00:00+00:00
[2022-10-03T12:38:47.187+0000] {logging_mixin.py:117} INFO - [2022-10-03T12:38:47.187+0000] {dag.py:3328} INFO - Setting next_dagrun for example_branch_datetime_operator_2 to 2022-10-02T00:00:00+00:00, run_after=2022-10-03T00:00:00+00:00
[2022-10-03T12:38:47.195+0000] {logging_mixin.py:117} INFO - [2022-10-03T12:38:47.194+0000] {dag.py:3328} INFO - Setting next_dagrun for example_branch_datetime_operator_3 to 2022-10-02T00:00:00+00:00, run_after=2022-10-03T00:00:00+00:00
[2022-10-03T12:38:47.236+0000] {processor.py:178} INFO - Processing /home/airflow/.local/lib/python3.7/site-packages/airflow/example_dags/example_branch_datetime_operator.py took 0.295 seconds
[2022-10-03T12:39:17.649+0000] {processor.py:156} INFO - Started process (PID=6221) to work on /home/airflow/.local/lib/python3.7/site-packages/airflow/example_dags/example_branch_datetime_operator.py
[2022-10-03T12:39:17.650+0000] {processor.py:758} INFO - Processing file /home/airflow/.local/lib/python3.7/site-packages/airflow/example_dags/example_branch_datetime_operator.py for tasks to queue
[2022-10-03T12:39:17.652+0000] {logging_mixin.py:117} INFO - [2022-10-03T12:39:17.651+0000] {dagbag.py:525} INFO - Filling up the DagBag from /home/airflow/.local/lib/python3.7/site-packages/airflow/example_dags/example_branch_datetime_operator.py
[2022-10-03T12:39:17.671+0000] {processor.py:768} INFO - DAG(s) dict_keys(['example_branch_datetime_operator', 'example_branch_datetime_operator_3', 'example_branch_datetime_operator_2']) retrieved from /home/airflow/.local/lib/python3.7/site-packages/airflow/example_dags/example_branch_datetime_operator.py
[2022-10-03T12:39:17.727+0000] {logging_mixin.py:117} INFO - [2022-10-03T12:39:17.727+0000] {dag.py:2573} INFO - Sync 3 DAGs
[2022-10-03T12:39:17.760+0000] {logging_mixin.py:117} INFO - [2022-10-03T12:39:17.760+0000] {dag.py:3328} INFO - Setting next_dagrun for example_branch_datetime_operator to 2022-10-02T00:00:00+00:00, run_after=2022-10-03T00:00:00+00:00
[2022-10-03T12:39:17.767+0000] {logging_mixin.py:117} INFO - [2022-10-03T12:39:17.767+0000] {dag.py:3328} INFO - Setting next_dagrun for example_branch_datetime_operator_2 to 2022-10-02T00:00:00+00:00, run_after=2022-10-03T00:00:00+00:00
[2022-10-03T12:39:17.771+0000] {logging_mixin.py:117} INFO - [2022-10-03T12:39:17.771+0000] {dag.py:3328} INFO - Setting next_dagrun for example_branch_datetime_operator_3 to 2022-10-02T00:00:00+00:00, run_after=2022-10-03T00:00:00+00:00
[2022-10-03T12:39:17.797+0000] {processor.py:178} INFO - Processing /home/airflow/.local/lib/python3.7/site-packages/airflow/example_dags/example_branch_datetime_operator.py took 0.151 seconds
[2022-10-03T12:39:48.603+0000] {processor.py:156} INFO - Started process (PID=6428) to work on /home/airflow/.local/lib/python3.7/site-packages/airflow/example_dags/example_branch_datetime_operator.py
[2022-10-03T12:39:48.604+0000] {processor.py:758} INFO - Processing file /home/airflow/.local/lib/python3.7/site-packages/airflow/example_dags/example_branch_datetime_operator.py for tasks to queue
[2022-10-03T12:39:48.605+0000] {logging_mixin.py:117} INFO - [2022-10-03T12:39:48.605+0000] {dagbag.py:525} INFO - Filling up the DagBag from /home/airflow/.local/lib/python3.7/site-packages/airflow/example_dags/example_branch_datetime_operator.py
[2022-10-03T12:39:48.627+0000] {processor.py:768} INFO - DAG(s) dict_keys(['example_branch_datetime_operator_2', 'example_branch_datetime_operator_3', 'example_branch_datetime_operator']) retrieved from /home/airflow/.local/lib/python3.7/site-packages/airflow/example_dags/example_branch_datetime_operator.py
[2022-10-03T12:39:48.680+0000] {logging_mixin.py:117} INFO - [2022-10-03T12:39:48.680+0000] {dag.py:2573} INFO - Sync 3 DAGs
[2022-10-03T12:39:48.715+0000] {logging_mixin.py:117} INFO - [2022-10-03T12:39:48.714+0000] {dag.py:3328} INFO - Setting next_dagrun for example_branch_datetime_operator to 2022-10-02T00:00:00+00:00, run_after=2022-10-03T00:00:00+00:00
[2022-10-03T12:39:48.720+0000] {logging_mixin.py:117} INFO - [2022-10-03T12:39:48.720+0000] {dag.py:3328} INFO - Setting next_dagrun for example_branch_datetime_operator_2 to 2022-10-02T00:00:00+00:00, run_after=2022-10-03T00:00:00+00:00
[2022-10-03T12:39:48.723+0000] {logging_mixin.py:117} INFO - [2022-10-03T12:39:48.723+0000] {dag.py:3328} INFO - Setting next_dagrun for example_branch_datetime_operator_3 to 2022-10-02T00:00:00+00:00, run_after=2022-10-03T00:00:00+00:00
[2022-10-03T12:39:48.754+0000] {processor.py:178} INFO - Processing /home/airflow/.local/lib/python3.7/site-packages/airflow/example_dags/example_branch_datetime_operator.py took 0.155 seconds
[2022-10-03T12:40:19.456+0000] {processor.py:156} INFO - Started process (PID=6635) to work on /home/airflow/.local/lib/python3.7/site-packages/airflow/example_dags/example_branch_datetime_operator.py
[2022-10-03T12:40:19.458+0000] {processor.py:758} INFO - Processing file /home/airflow/.local/lib/python3.7/site-packages/airflow/example_dags/example_branch_datetime_operator.py for tasks to queue
[2022-10-03T12:40:19.459+0000] {logging_mixin.py:117} INFO - [2022-10-03T12:40:19.459+0000] {dagbag.py:525} INFO - Filling up the DagBag from /home/airflow/.local/lib/python3.7/site-packages/airflow/example_dags/example_branch_datetime_operator.py
[2022-10-03T12:40:19.509+0000] {processor.py:768} INFO - DAG(s) dict_keys(['example_branch_datetime_operator_3', 'example_branch_datetime_operator_2', 'example_branch_datetime_operator']) retrieved from /home/airflow/.local/lib/python3.7/site-packages/airflow/example_dags/example_branch_datetime_operator.py
[2022-10-03T12:40:19.628+0000] {logging_mixin.py:117} INFO - [2022-10-03T12:40:19.628+0000] {dag.py:2573} INFO - Sync 3 DAGs
[2022-10-03T12:40:19.706+0000] {logging_mixin.py:117} INFO - [2022-10-03T12:40:19.706+0000] {dag.py:3328} INFO - Setting next_dagrun for example_branch_datetime_operator to 2022-10-02T00:00:00+00:00, run_after=2022-10-03T00:00:00+00:00
[2022-10-03T12:40:19.719+0000] {logging_mixin.py:117} INFO - [2022-10-03T12:40:19.718+0000] {dag.py:3328} INFO - Setting next_dagrun for example_branch_datetime_operator_2 to 2022-10-02T00:00:00+00:00, run_after=2022-10-03T00:00:00+00:00
[2022-10-03T12:40:19.726+0000] {logging_mixin.py:117} INFO - [2022-10-03T12:40:19.725+0000] {dag.py:3328} INFO - Setting next_dagrun for example_branch_datetime_operator_3 to 2022-10-02T00:00:00+00:00, run_after=2022-10-03T00:00:00+00:00
[2022-10-03T12:40:19.770+0000] {processor.py:178} INFO - Processing /home/airflow/.local/lib/python3.7/site-packages/airflow/example_dags/example_branch_datetime_operator.py took 0.321 seconds
[2022-10-03T12:40:50.551+0000] {processor.py:156} INFO - Started process (PID=6833) to work on /home/airflow/.local/lib/python3.7/site-packages/airflow/example_dags/example_branch_datetime_operator.py
[2022-10-03T12:40:50.553+0000] {processor.py:758} INFO - Processing file /home/airflow/.local/lib/python3.7/site-packages/airflow/example_dags/example_branch_datetime_operator.py for tasks to queue
[2022-10-03T12:40:50.556+0000] {logging_mixin.py:117} INFO - [2022-10-03T12:40:50.556+0000] {dagbag.py:525} INFO - Filling up the DagBag from /home/airflow/.local/lib/python3.7/site-packages/airflow/example_dags/example_branch_datetime_operator.py
[2022-10-03T12:40:50.620+0000] {processor.py:768} INFO - DAG(s) dict_keys(['example_branch_datetime_operator', 'example_branch_datetime_operator_2', 'example_branch_datetime_operator_3']) retrieved from /home/airflow/.local/lib/python3.7/site-packages/airflow/example_dags/example_branch_datetime_operator.py
[2022-10-03T12:40:50.747+0000] {logging_mixin.py:117} INFO - [2022-10-03T12:40:50.747+0000] {dag.py:2573} INFO - Sync 3 DAGs
[2022-10-03T12:40:50.820+0000] {logging_mixin.py:117} INFO - [2022-10-03T12:40:50.820+0000] {dag.py:3328} INFO - Setting next_dagrun for example_branch_datetime_operator to 2022-10-02T00:00:00+00:00, run_after=2022-10-03T00:00:00+00:00
[2022-10-03T12:40:50.832+0000] {logging_mixin.py:117} INFO - [2022-10-03T12:40:50.832+0000] {dag.py:3328} INFO - Setting next_dagrun for example_branch_datetime_operator_2 to 2022-10-02T00:00:00+00:00, run_after=2022-10-03T00:00:00+00:00
[2022-10-03T12:40:50.839+0000] {logging_mixin.py:117} INFO - [2022-10-03T12:40:50.839+0000] {dag.py:3328} INFO - Setting next_dagrun for example_branch_datetime_operator_3 to 2022-10-02T00:00:00+00:00, run_after=2022-10-03T00:00:00+00:00
[2022-10-03T12:40:50.883+0000] {processor.py:178} INFO - Processing /home/airflow/.local/lib/python3.7/site-packages/airflow/example_dags/example_branch_datetime_operator.py took 0.345 seconds
[2022-10-03T12:41:21.843+0000] {processor.py:156} INFO - Started process (PID=7042) to work on /home/airflow/.local/lib/python3.7/site-packages/airflow/example_dags/example_branch_datetime_operator.py
[2022-10-03T12:41:21.845+0000] {processor.py:758} INFO - Processing file /home/airflow/.local/lib/python3.7/site-packages/airflow/example_dags/example_branch_datetime_operator.py for tasks to queue
[2022-10-03T12:41:21.847+0000] {logging_mixin.py:117} INFO - [2022-10-03T12:41:21.846+0000] {dagbag.py:525} INFO - Filling up the DagBag from /home/airflow/.local/lib/python3.7/site-packages/airflow/example_dags/example_branch_datetime_operator.py
[2022-10-03T12:41:21.890+0000] {processor.py:768} INFO - DAG(s) dict_keys(['example_branch_datetime_operator_2', 'example_branch_datetime_operator_3', 'example_branch_datetime_operator']) retrieved from /home/airflow/.local/lib/python3.7/site-packages/airflow/example_dags/example_branch_datetime_operator.py
[2022-10-03T12:41:22.000+0000] {logging_mixin.py:117} INFO - [2022-10-03T12:41:22.000+0000] {dag.py:2573} INFO - Sync 3 DAGs
[2022-10-03T12:41:22.064+0000] {logging_mixin.py:117} INFO - [2022-10-03T12:41:22.064+0000] {dag.py:3328} INFO - Setting next_dagrun for example_branch_datetime_operator to 2022-10-02T00:00:00+00:00, run_after=2022-10-03T00:00:00+00:00
[2022-10-03T12:41:22.076+0000] {logging_mixin.py:117} INFO - [2022-10-03T12:41:22.076+0000] {dag.py:3328} INFO - Setting next_dagrun for example_branch_datetime_operator_2 to 2022-10-02T00:00:00+00:00, run_after=2022-10-03T00:00:00+00:00
[2022-10-03T12:41:22.082+0000] {logging_mixin.py:117} INFO - [2022-10-03T12:41:22.082+0000] {dag.py:3328} INFO - Setting next_dagrun for example_branch_datetime_operator_3 to 2022-10-02T00:00:00+00:00, run_after=2022-10-03T00:00:00+00:00
[2022-10-03T12:41:22.124+0000] {processor.py:178} INFO - Processing /home/airflow/.local/lib/python3.7/site-packages/airflow/example_dags/example_branch_datetime_operator.py took 0.290 seconds
[2022-10-03T12:41:52.785+0000] {processor.py:156} INFO - Started process (PID=7240) to work on /home/airflow/.local/lib/python3.7/site-packages/airflow/example_dags/example_branch_datetime_operator.py
[2022-10-03T12:41:52.787+0000] {processor.py:758} INFO - Processing file /home/airflow/.local/lib/python3.7/site-packages/airflow/example_dags/example_branch_datetime_operator.py for tasks to queue
[2022-10-03T12:41:52.787+0000] {logging_mixin.py:117} INFO - [2022-10-03T12:41:52.787+0000] {dagbag.py:525} INFO - Filling up the DagBag from /home/airflow/.local/lib/python3.7/site-packages/airflow/example_dags/example_branch_datetime_operator.py
[2022-10-03T12:41:52.808+0000] {processor.py:768} INFO - DAG(s) dict_keys(['example_branch_datetime_operator', 'example_branch_datetime_operator_2', 'example_branch_datetime_operator_3']) retrieved from /home/airflow/.local/lib/python3.7/site-packages/airflow/example_dags/example_branch_datetime_operator.py
[2022-10-03T12:41:52.853+0000] {logging_mixin.py:117} INFO - [2022-10-03T12:41:52.853+0000] {dag.py:2573} INFO - Sync 3 DAGs
[2022-10-03T12:41:52.882+0000] {logging_mixin.py:117} INFO - [2022-10-03T12:41:52.882+0000] {dag.py:3328} INFO - Setting next_dagrun for example_branch_datetime_operator to 2022-10-02T00:00:00+00:00, run_after=2022-10-03T00:00:00+00:00
[2022-10-03T12:41:52.888+0000] {logging_mixin.py:117} INFO - [2022-10-03T12:41:52.888+0000] {dag.py:3328} INFO - Setting next_dagrun for example_branch_datetime_operator_2 to 2022-10-02T00:00:00+00:00, run_after=2022-10-03T00:00:00+00:00
[2022-10-03T12:41:52.890+0000] {logging_mixin.py:117} INFO - [2022-10-03T12:41:52.890+0000] {dag.py:3328} INFO - Setting next_dagrun for example_branch_datetime_operator_3 to 2022-10-02T00:00:00+00:00, run_after=2022-10-03T00:00:00+00:00
[2022-10-03T12:41:52.912+0000] {processor.py:178} INFO - Processing /home/airflow/.local/lib/python3.7/site-packages/airflow/example_dags/example_branch_datetime_operator.py took 0.130 seconds
[2022-10-03T12:42:23.059+0000] {processor.py:156} INFO - Started process (PID=7447) to work on /home/airflow/.local/lib/python3.7/site-packages/airflow/example_dags/example_branch_datetime_operator.py
[2022-10-03T12:42:23.060+0000] {processor.py:758} INFO - Processing file /home/airflow/.local/lib/python3.7/site-packages/airflow/example_dags/example_branch_datetime_operator.py for tasks to queue
[2022-10-03T12:42:23.060+0000] {logging_mixin.py:117} INFO - [2022-10-03T12:42:23.060+0000] {dagbag.py:525} INFO - Filling up the DagBag from /home/airflow/.local/lib/python3.7/site-packages/airflow/example_dags/example_branch_datetime_operator.py
[2022-10-03T12:42:23.078+0000] {processor.py:768} INFO - DAG(s) dict_keys(['example_branch_datetime_operator_2', 'example_branch_datetime_operator_3', 'example_branch_datetime_operator']) retrieved from /home/airflow/.local/lib/python3.7/site-packages/airflow/example_dags/example_branch_datetime_operator.py
[2022-10-03T12:42:23.123+0000] {logging_mixin.py:117} INFO - [2022-10-03T12:42:23.123+0000] {dag.py:2573} INFO - Sync 3 DAGs
[2022-10-03T12:42:23.151+0000] {logging_mixin.py:117} INFO - [2022-10-03T12:42:23.150+0000] {dag.py:3328} INFO - Setting next_dagrun for example_branch_datetime_operator to 2022-10-02T00:00:00+00:00, run_after=2022-10-03T00:00:00+00:00
[2022-10-03T12:42:23.156+0000] {logging_mixin.py:117} INFO - [2022-10-03T12:42:23.155+0000] {dag.py:3328} INFO - Setting next_dagrun for example_branch_datetime_operator_2 to 2022-10-02T00:00:00+00:00, run_after=2022-10-03T00:00:00+00:00
[2022-10-03T12:42:23.158+0000] {logging_mixin.py:117} INFO - [2022-10-03T12:42:23.158+0000] {dag.py:3328} INFO - Setting next_dagrun for example_branch_datetime_operator_3 to 2022-10-02T00:00:00+00:00, run_after=2022-10-03T00:00:00+00:00
[2022-10-03T12:42:23.179+0000] {processor.py:178} INFO - Processing /home/airflow/.local/lib/python3.7/site-packages/airflow/example_dags/example_branch_datetime_operator.py took 0.122 seconds
[2022-10-03T12:42:53.357+0000] {processor.py:156} INFO - Started process (PID=7645) to work on /home/airflow/.local/lib/python3.7/site-packages/airflow/example_dags/example_branch_datetime_operator.py
[2022-10-03T12:42:53.358+0000] {processor.py:758} INFO - Processing file /home/airflow/.local/lib/python3.7/site-packages/airflow/example_dags/example_branch_datetime_operator.py for tasks to queue
[2022-10-03T12:42:53.358+0000] {logging_mixin.py:117} INFO - [2022-10-03T12:42:53.358+0000] {dagbag.py:525} INFO - Filling up the DagBag from /home/airflow/.local/lib/python3.7/site-packages/airflow/example_dags/example_branch_datetime_operator.py
[2022-10-03T12:42:53.378+0000] {processor.py:768} INFO - DAG(s) dict_keys(['example_branch_datetime_operator_3', 'example_branch_datetime_operator_2', 'example_branch_datetime_operator']) retrieved from /home/airflow/.local/lib/python3.7/site-packages/airflow/example_dags/example_branch_datetime_operator.py
[2022-10-03T12:42:53.435+0000] {logging_mixin.py:117} INFO - [2022-10-03T12:42:53.435+0000] {dag.py:2573} INFO - Sync 3 DAGs
[2022-10-03T12:42:53.463+0000] {logging_mixin.py:117} INFO - [2022-10-03T12:42:53.463+0000] {dag.py:3328} INFO - Setting next_dagrun for example_branch_datetime_operator to 2022-10-02T00:00:00+00:00, run_after=2022-10-03T00:00:00+00:00
[2022-10-03T12:42:53.470+0000] {logging_mixin.py:117} INFO - [2022-10-03T12:42:53.470+0000] {dag.py:3328} INFO - Setting next_dagrun for example_branch_datetime_operator_2 to 2022-10-02T00:00:00+00:00, run_after=2022-10-03T00:00:00+00:00
[2022-10-03T12:42:53.473+0000] {logging_mixin.py:117} INFO - [2022-10-03T12:42:53.473+0000] {dag.py:3328} INFO - Setting next_dagrun for example_branch_datetime_operator_3 to 2022-10-02T00:00:00+00:00, run_after=2022-10-03T00:00:00+00:00
[2022-10-03T12:42:53.497+0000] {processor.py:178} INFO - Processing /home/airflow/.local/lib/python3.7/site-packages/airflow/example_dags/example_branch_datetime_operator.py took 0.143 seconds
[2022-10-03T12:43:23.739+0000] {processor.py:156} INFO - Started process (PID=7852) to work on /home/airflow/.local/lib/python3.7/site-packages/airflow/example_dags/example_branch_datetime_operator.py
[2022-10-03T12:43:23.740+0000] {processor.py:758} INFO - Processing file /home/airflow/.local/lib/python3.7/site-packages/airflow/example_dags/example_branch_datetime_operator.py for tasks to queue
[2022-10-03T12:43:23.741+0000] {logging_mixin.py:117} INFO - [2022-10-03T12:43:23.741+0000] {dagbag.py:525} INFO - Filling up the DagBag from /home/airflow/.local/lib/python3.7/site-packages/airflow/example_dags/example_branch_datetime_operator.py
[2022-10-03T12:43:23.760+0000] {processor.py:768} INFO - DAG(s) dict_keys(['example_branch_datetime_operator_2', 'example_branch_datetime_operator_3', 'example_branch_datetime_operator']) retrieved from /home/airflow/.local/lib/python3.7/site-packages/airflow/example_dags/example_branch_datetime_operator.py
[2022-10-03T12:43:23.808+0000] {logging_mixin.py:117} INFO - [2022-10-03T12:43:23.808+0000] {dag.py:2573} INFO - Sync 3 DAGs
[2022-10-03T12:43:23.836+0000] {logging_mixin.py:117} INFO - [2022-10-03T12:43:23.836+0000] {dag.py:3328} INFO - Setting next_dagrun for example_branch_datetime_operator to 2022-10-02T00:00:00+00:00, run_after=2022-10-03T00:00:00+00:00
[2022-10-03T12:43:23.841+0000] {logging_mixin.py:117} INFO - [2022-10-03T12:43:23.841+0000] {dag.py:3328} INFO - Setting next_dagrun for example_branch_datetime_operator_2 to 2022-10-02T00:00:00+00:00, run_after=2022-10-03T00:00:00+00:00
[2022-10-03T12:43:23.844+0000] {logging_mixin.py:117} INFO - [2022-10-03T12:43:23.844+0000] {dag.py:3328} INFO - Setting next_dagrun for example_branch_datetime_operator_3 to 2022-10-02T00:00:00+00:00, run_after=2022-10-03T00:00:00+00:00
[2022-10-03T12:43:23.866+0000] {processor.py:178} INFO - Processing /home/airflow/.local/lib/python3.7/site-packages/airflow/example_dags/example_branch_datetime_operator.py took 0.130 seconds
[2022-10-03T12:43:54.310+0000] {processor.py:156} INFO - Started process (PID=8059) to work on /home/airflow/.local/lib/python3.7/site-packages/airflow/example_dags/example_branch_datetime_operator.py
[2022-10-03T12:43:54.311+0000] {processor.py:758} INFO - Processing file /home/airflow/.local/lib/python3.7/site-packages/airflow/example_dags/example_branch_datetime_operator.py for tasks to queue
[2022-10-03T12:43:54.311+0000] {logging_mixin.py:117} INFO - [2022-10-03T12:43:54.311+0000] {dagbag.py:525} INFO - Filling up the DagBag from /home/airflow/.local/lib/python3.7/site-packages/airflow/example_dags/example_branch_datetime_operator.py
[2022-10-03T12:43:54.329+0000] {processor.py:768} INFO - DAG(s) dict_keys(['example_branch_datetime_operator', 'example_branch_datetime_operator_2', 'example_branch_datetime_operator_3']) retrieved from /home/airflow/.local/lib/python3.7/site-packages/airflow/example_dags/example_branch_datetime_operator.py
[2022-10-03T12:43:54.372+0000] {logging_mixin.py:117} INFO - [2022-10-03T12:43:54.371+0000] {dag.py:2573} INFO - Sync 3 DAGs
[2022-10-03T12:43:54.399+0000] {logging_mixin.py:117} INFO - [2022-10-03T12:43:54.399+0000] {dag.py:3328} INFO - Setting next_dagrun for example_branch_datetime_operator to 2022-10-02T00:00:00+00:00, run_after=2022-10-03T00:00:00+00:00
[2022-10-03T12:43:54.404+0000] {logging_mixin.py:117} INFO - [2022-10-03T12:43:54.404+0000] {dag.py:3328} INFO - Setting next_dagrun for example_branch_datetime_operator_2 to 2022-10-02T00:00:00+00:00, run_after=2022-10-03T00:00:00+00:00
[2022-10-03T12:43:54.407+0000] {logging_mixin.py:117} INFO - [2022-10-03T12:43:54.407+0000] {dag.py:3328} INFO - Setting next_dagrun for example_branch_datetime_operator_3 to 2022-10-02T00:00:00+00:00, run_after=2022-10-03T00:00:00+00:00
[2022-10-03T12:43:54.429+0000] {processor.py:178} INFO - Processing /home/airflow/.local/lib/python3.7/site-packages/airflow/example_dags/example_branch_datetime_operator.py took 0.121 seconds
[2022-10-03T12:44:24.535+0000] {processor.py:156} INFO - Started process (PID=8256) to work on /home/airflow/.local/lib/python3.7/site-packages/airflow/example_dags/example_branch_datetime_operator.py
[2022-10-03T12:44:24.536+0000] {processor.py:758} INFO - Processing file /home/airflow/.local/lib/python3.7/site-packages/airflow/example_dags/example_branch_datetime_operator.py for tasks to queue
[2022-10-03T12:44:24.537+0000] {logging_mixin.py:117} INFO - [2022-10-03T12:44:24.537+0000] {dagbag.py:525} INFO - Filling up the DagBag from /home/airflow/.local/lib/python3.7/site-packages/airflow/example_dags/example_branch_datetime_operator.py
[2022-10-03T12:44:24.557+0000] {processor.py:768} INFO - DAG(s) dict_keys(['example_branch_datetime_operator', 'example_branch_datetime_operator_3', 'example_branch_datetime_operator_2']) retrieved from /home/airflow/.local/lib/python3.7/site-packages/airflow/example_dags/example_branch_datetime_operator.py
[2022-10-03T12:44:24.616+0000] {logging_mixin.py:117} INFO - [2022-10-03T12:44:24.616+0000] {dag.py:2573} INFO - Sync 3 DAGs
[2022-10-03T12:44:24.650+0000] {logging_mixin.py:117} INFO - [2022-10-03T12:44:24.650+0000] {dag.py:3328} INFO - Setting next_dagrun for example_branch_datetime_operator to 2022-10-02T00:00:00+00:00, run_after=2022-10-03T00:00:00+00:00
[2022-10-03T12:44:24.655+0000] {logging_mixin.py:117} INFO - [2022-10-03T12:44:24.655+0000] {dag.py:3328} INFO - Setting next_dagrun for example_branch_datetime_operator_2 to 2022-10-02T00:00:00+00:00, run_after=2022-10-03T00:00:00+00:00
[2022-10-03T12:44:24.658+0000] {logging_mixin.py:117} INFO - [2022-10-03T12:44:24.658+0000] {dag.py:3328} INFO - Setting next_dagrun for example_branch_datetime_operator_3 to 2022-10-02T00:00:00+00:00, run_after=2022-10-03T00:00:00+00:00
[2022-10-03T12:44:24.682+0000] {processor.py:178} INFO - Processing /home/airflow/.local/lib/python3.7/site-packages/airflow/example_dags/example_branch_datetime_operator.py took 0.151 seconds
[2022-10-03T12:44:55.080+0000] {processor.py:156} INFO - Started process (PID=8464) to work on /home/airflow/.local/lib/python3.7/site-packages/airflow/example_dags/example_branch_datetime_operator.py
[2022-10-03T12:44:55.081+0000] {processor.py:758} INFO - Processing file /home/airflow/.local/lib/python3.7/site-packages/airflow/example_dags/example_branch_datetime_operator.py for tasks to queue
[2022-10-03T12:44:55.082+0000] {logging_mixin.py:117} INFO - [2022-10-03T12:44:55.082+0000] {dagbag.py:525} INFO - Filling up the DagBag from /home/airflow/.local/lib/python3.7/site-packages/airflow/example_dags/example_branch_datetime_operator.py
[2022-10-03T12:44:55.101+0000] {processor.py:768} INFO - DAG(s) dict_keys(['example_branch_datetime_operator_2', 'example_branch_datetime_operator', 'example_branch_datetime_operator_3']) retrieved from /home/airflow/.local/lib/python3.7/site-packages/airflow/example_dags/example_branch_datetime_operator.py
[2022-10-03T12:44:55.150+0000] {logging_mixin.py:117} INFO - [2022-10-03T12:44:55.150+0000] {dag.py:2573} INFO - Sync 3 DAGs
[2022-10-03T12:44:55.181+0000] {logging_mixin.py:117} INFO - [2022-10-03T12:44:55.180+0000] {dag.py:3328} INFO - Setting next_dagrun for example_branch_datetime_operator to 2022-10-02T00:00:00+00:00, run_after=2022-10-03T00:00:00+00:00
[2022-10-03T12:44:55.187+0000] {logging_mixin.py:117} INFO - [2022-10-03T12:44:55.187+0000] {dag.py:3328} INFO - Setting next_dagrun for example_branch_datetime_operator_2 to 2022-10-02T00:00:00+00:00, run_after=2022-10-03T00:00:00+00:00
[2022-10-03T12:44:55.190+0000] {logging_mixin.py:117} INFO - [2022-10-03T12:44:55.190+0000] {dag.py:3328} INFO - Setting next_dagrun for example_branch_datetime_operator_3 to 2022-10-02T00:00:00+00:00, run_after=2022-10-03T00:00:00+00:00
[2022-10-03T12:44:55.215+0000] {processor.py:178} INFO - Processing /home/airflow/.local/lib/python3.7/site-packages/airflow/example_dags/example_branch_datetime_operator.py took 0.137 seconds
[2022-10-03T12:45:25.884+0000] {processor.py:156} INFO - Started process (PID=8672) to work on /home/airflow/.local/lib/python3.7/site-packages/airflow/example_dags/example_branch_datetime_operator.py
[2022-10-03T12:45:25.886+0000] {processor.py:758} INFO - Processing file /home/airflow/.local/lib/python3.7/site-packages/airflow/example_dags/example_branch_datetime_operator.py for tasks to queue
[2022-10-03T12:45:25.887+0000] {logging_mixin.py:117} INFO - [2022-10-03T12:45:25.887+0000] {dagbag.py:525} INFO - Filling up the DagBag from /home/airflow/.local/lib/python3.7/site-packages/airflow/example_dags/example_branch_datetime_operator.py
[2022-10-03T12:45:25.933+0000] {processor.py:768} INFO - DAG(s) dict_keys(['example_branch_datetime_operator', 'example_branch_datetime_operator_2', 'example_branch_datetime_operator_3']) retrieved from /home/airflow/.local/lib/python3.7/site-packages/airflow/example_dags/example_branch_datetime_operator.py
[2022-10-03T12:45:26.053+0000] {logging_mixin.py:117} INFO - [2022-10-03T12:45:26.053+0000] {dag.py:2573} INFO - Sync 3 DAGs
[2022-10-03T12:45:26.118+0000] {logging_mixin.py:117} INFO - [2022-10-03T12:45:26.118+0000] {dag.py:3328} INFO - Setting next_dagrun for example_branch_datetime_operator to 2022-10-02T00:00:00+00:00, run_after=2022-10-03T00:00:00+00:00
[2022-10-03T12:45:26.130+0000] {logging_mixin.py:117} INFO - [2022-10-03T12:45:26.130+0000] {dag.py:3328} INFO - Setting next_dagrun for example_branch_datetime_operator_2 to 2022-10-02T00:00:00+00:00, run_after=2022-10-03T00:00:00+00:00
[2022-10-03T12:45:26.137+0000] {logging_mixin.py:117} INFO - [2022-10-03T12:45:26.136+0000] {dag.py:3328} INFO - Setting next_dagrun for example_branch_datetime_operator_3 to 2022-10-02T00:00:00+00:00, run_after=2022-10-03T00:00:00+00:00
[2022-10-03T12:45:26.181+0000] {processor.py:178} INFO - Processing /home/airflow/.local/lib/python3.7/site-packages/airflow/example_dags/example_branch_datetime_operator.py took 0.303 seconds
[2022-10-03T12:45:57.087+0000] {processor.py:156} INFO - Started process (PID=8870) to work on /home/airflow/.local/lib/python3.7/site-packages/airflow/example_dags/example_branch_datetime_operator.py
[2022-10-03T12:45:57.088+0000] {processor.py:758} INFO - Processing file /home/airflow/.local/lib/python3.7/site-packages/airflow/example_dags/example_branch_datetime_operator.py for tasks to queue
[2022-10-03T12:45:57.089+0000] {logging_mixin.py:117} INFO - [2022-10-03T12:45:57.089+0000] {dagbag.py:525} INFO - Filling up the DagBag from /home/airflow/.local/lib/python3.7/site-packages/airflow/example_dags/example_branch_datetime_operator.py
[2022-10-03T12:45:57.115+0000] {processor.py:768} INFO - DAG(s) dict_keys(['example_branch_datetime_operator', 'example_branch_datetime_operator_3', 'example_branch_datetime_operator_2']) retrieved from /home/airflow/.local/lib/python3.7/site-packages/airflow/example_dags/example_branch_datetime_operator.py
[2022-10-03T12:45:57.166+0000] {logging_mixin.py:117} INFO - [2022-10-03T12:45:57.166+0000] {dag.py:2573} INFO - Sync 3 DAGs
[2022-10-03T12:45:57.206+0000] {logging_mixin.py:117} INFO - [2022-10-03T12:45:57.206+0000] {dag.py:3328} INFO - Setting next_dagrun for example_branch_datetime_operator to 2022-10-02T00:00:00+00:00, run_after=2022-10-03T00:00:00+00:00
[2022-10-03T12:45:57.212+0000] {logging_mixin.py:117} INFO - [2022-10-03T12:45:57.212+0000] {dag.py:3328} INFO - Setting next_dagrun for example_branch_datetime_operator_2 to 2022-10-02T00:00:00+00:00, run_after=2022-10-03T00:00:00+00:00
[2022-10-03T12:45:57.215+0000] {logging_mixin.py:117} INFO - [2022-10-03T12:45:57.215+0000] {dag.py:3328} INFO - Setting next_dagrun for example_branch_datetime_operator_3 to 2022-10-02T00:00:00+00:00, run_after=2022-10-03T00:00:00+00:00
[2022-10-03T12:45:57.243+0000] {processor.py:178} INFO - Processing /home/airflow/.local/lib/python3.7/site-packages/airflow/example_dags/example_branch_datetime_operator.py took 0.159 seconds
