[2022-10-03T12:24:22.461+0000] {processor.py:156} INFO - Started process (PID=195) to work on /home/airflow/.local/lib/python3.7/site-packages/airflow/example_dags/example_kubernetes_executor.py
[2022-10-03T12:24:22.462+0000] {processor.py:758} INFO - Processing file /home/airflow/.local/lib/python3.7/site-packages/airflow/example_dags/example_kubernetes_executor.py for tasks to queue
[2022-10-03T12:24:22.463+0000] {logging_mixin.py:117} INFO - [2022-10-03T12:24:22.463+0000] {dagbag.py:525} INFO - Filling up the DagBag from /home/airflow/.local/lib/python3.7/site-packages/airflow/example_dags/example_kubernetes_executor.py
[2022-10-03T12:24:22.540+0000] {processor.py:768} INFO - DAG(s) dict_keys(['example_kubernetes_executor']) retrieved from /home/airflow/.local/lib/python3.7/site-packages/airflow/example_dags/example_kubernetes_executor.py
[2022-10-03T12:24:22.649+0000] {logging_mixin.py:117} INFO - [2022-10-03T12:24:22.648+0000] {dag.py:2573} INFO - Sync 1 DAGs
[2022-10-03T12:24:22.720+0000] {logging_mixin.py:117} INFO - [2022-10-03T12:24:22.720+0000] {dag.py:3328} INFO - Setting next_dagrun for example_kubernetes_executor to None, run_after=None
[2022-10-03T12:24:22.969+0000] {processor.py:178} INFO - Processing /home/airflow/.local/lib/python3.7/site-packages/airflow/example_dags/example_kubernetes_executor.py took 0.514 seconds
[2022-10-03T12:24:53.430+0000] {processor.py:156} INFO - Started process (PID=392) to work on /home/airflow/.local/lib/python3.7/site-packages/airflow/example_dags/example_kubernetes_executor.py
[2022-10-03T12:24:53.432+0000] {processor.py:758} INFO - Processing file /home/airflow/.local/lib/python3.7/site-packages/airflow/example_dags/example_kubernetes_executor.py for tasks to queue
[2022-10-03T12:24:53.434+0000] {logging_mixin.py:117} INFO - [2022-10-03T12:24:53.433+0000] {dagbag.py:525} INFO - Filling up the DagBag from /home/airflow/.local/lib/python3.7/site-packages/airflow/example_dags/example_kubernetes_executor.py
[2022-10-03T12:24:53.465+0000] {processor.py:768} INFO - DAG(s) dict_keys(['example_kubernetes_executor']) retrieved from /home/airflow/.local/lib/python3.7/site-packages/airflow/example_dags/example_kubernetes_executor.py
[2022-10-03T12:24:53.513+0000] {logging_mixin.py:117} INFO - [2022-10-03T12:24:53.513+0000] {dag.py:2573} INFO - Sync 1 DAGs
[2022-10-03T12:24:53.650+0000] {logging_mixin.py:117} INFO - [2022-10-03T12:24:53.649+0000] {dag.py:3328} INFO - Setting next_dagrun for example_kubernetes_executor to None, run_after=None
[2022-10-03T12:24:53.679+0000] {processor.py:178} INFO - Processing /home/airflow/.local/lib/python3.7/site-packages/airflow/example_dags/example_kubernetes_executor.py took 0.253 seconds
[2022-10-03T12:25:24.014+0000] {processor.py:156} INFO - Started process (PID=601) to work on /home/airflow/.local/lib/python3.7/site-packages/airflow/example_dags/example_kubernetes_executor.py
[2022-10-03T12:25:24.016+0000] {processor.py:758} INFO - Processing file /home/airflow/.local/lib/python3.7/site-packages/airflow/example_dags/example_kubernetes_executor.py for tasks to queue
[2022-10-03T12:25:24.017+0000] {logging_mixin.py:117} INFO - [2022-10-03T12:25:24.017+0000] {dagbag.py:525} INFO - Filling up the DagBag from /home/airflow/.local/lib/python3.7/site-packages/airflow/example_dags/example_kubernetes_executor.py
[2022-10-03T12:25:24.081+0000] {processor.py:768} INFO - DAG(s) dict_keys(['example_kubernetes_executor']) retrieved from /home/airflow/.local/lib/python3.7/site-packages/airflow/example_dags/example_kubernetes_executor.py
[2022-10-03T12:25:24.310+0000] {logging_mixin.py:117} INFO - [2022-10-03T12:25:24.310+0000] {dag.py:2573} INFO - Sync 1 DAGs
[2022-10-03T12:25:24.348+0000] {logging_mixin.py:117} INFO - [2022-10-03T12:25:24.348+0000] {dag.py:3328} INFO - Setting next_dagrun for example_kubernetes_executor to None, run_after=None
[2022-10-03T12:25:24.381+0000] {processor.py:178} INFO - Processing /home/airflow/.local/lib/python3.7/site-packages/airflow/example_dags/example_kubernetes_executor.py took 0.372 seconds
[2022-10-03T12:25:55.346+0000] {processor.py:156} INFO - Started process (PID=799) to work on /home/airflow/.local/lib/python3.7/site-packages/airflow/example_dags/example_kubernetes_executor.py
[2022-10-03T12:25:55.348+0000] {processor.py:758} INFO - Processing file /home/airflow/.local/lib/python3.7/site-packages/airflow/example_dags/example_kubernetes_executor.py for tasks to queue
[2022-10-03T12:25:55.349+0000] {logging_mixin.py:117} INFO - [2022-10-03T12:25:55.349+0000] {dagbag.py:525} INFO - Filling up the DagBag from /home/airflow/.local/lib/python3.7/site-packages/airflow/example_dags/example_kubernetes_executor.py
[2022-10-03T12:25:55.400+0000] {processor.py:768} INFO - DAG(s) dict_keys(['example_kubernetes_executor']) retrieved from /home/airflow/.local/lib/python3.7/site-packages/airflow/example_dags/example_kubernetes_executor.py
[2022-10-03T12:25:55.609+0000] {logging_mixin.py:117} INFO - [2022-10-03T12:25:55.609+0000] {dag.py:2573} INFO - Sync 1 DAGs
[2022-10-03T12:25:55.639+0000] {logging_mixin.py:117} INFO - [2022-10-03T12:25:55.638+0000] {dag.py:3328} INFO - Setting next_dagrun for example_kubernetes_executor to None, run_after=None
[2022-10-03T12:25:55.667+0000] {processor.py:178} INFO - Processing /home/airflow/.local/lib/python3.7/site-packages/airflow/example_dags/example_kubernetes_executor.py took 0.326 seconds
[2022-10-03T12:26:25.790+0000] {processor.py:156} INFO - Started process (PID=1007) to work on /home/airflow/.local/lib/python3.7/site-packages/airflow/example_dags/example_kubernetes_executor.py
[2022-10-03T12:26:25.791+0000] {processor.py:758} INFO - Processing file /home/airflow/.local/lib/python3.7/site-packages/airflow/example_dags/example_kubernetes_executor.py for tasks to queue
[2022-10-03T12:26:25.793+0000] {logging_mixin.py:117} INFO - [2022-10-03T12:26:25.792+0000] {dagbag.py:525} INFO - Filling up the DagBag from /home/airflow/.local/lib/python3.7/site-packages/airflow/example_dags/example_kubernetes_executor.py
[2022-10-03T12:26:25.875+0000] {processor.py:768} INFO - DAG(s) dict_keys(['example_kubernetes_executor']) retrieved from /home/airflow/.local/lib/python3.7/site-packages/airflow/example_dags/example_kubernetes_executor.py
[2022-10-03T12:26:26.206+0000] {logging_mixin.py:117} INFO - [2022-10-03T12:26:26.206+0000] {dag.py:2573} INFO - Sync 1 DAGs
[2022-10-03T12:26:26.281+0000] {logging_mixin.py:117} INFO - [2022-10-03T12:26:26.281+0000] {dag.py:3328} INFO - Setting next_dagrun for example_kubernetes_executor to None, run_after=None
[2022-10-03T12:26:26.343+0000] {processor.py:178} INFO - Processing /home/airflow/.local/lib/python3.7/site-packages/airflow/example_dags/example_kubernetes_executor.py took 0.560 seconds
[2022-10-03T12:26:57.172+0000] {processor.py:156} INFO - Started process (PID=1223) to work on /home/airflow/.local/lib/python3.7/site-packages/airflow/example_dags/example_kubernetes_executor.py
[2022-10-03T12:26:57.173+0000] {processor.py:758} INFO - Processing file /home/airflow/.local/lib/python3.7/site-packages/airflow/example_dags/example_kubernetes_executor.py for tasks to queue
[2022-10-03T12:26:57.174+0000] {logging_mixin.py:117} INFO - [2022-10-03T12:26:57.174+0000] {dagbag.py:525} INFO - Filling up the DagBag from /home/airflow/.local/lib/python3.7/site-packages/airflow/example_dags/example_kubernetes_executor.py
[2022-10-03T12:26:57.334+0000] {processor.py:768} INFO - DAG(s) dict_keys(['example_kubernetes_executor']) retrieved from /home/airflow/.local/lib/python3.7/site-packages/airflow/example_dags/example_kubernetes_executor.py
[2022-10-03T12:26:57.378+0000] {logging_mixin.py:117} INFO - [2022-10-03T12:26:57.378+0000] {dag.py:2573} INFO - Sync 1 DAGs
[2022-10-03T12:26:57.410+0000] {logging_mixin.py:117} INFO - [2022-10-03T12:26:57.410+0000] {dag.py:3328} INFO - Setting next_dagrun for example_kubernetes_executor to None, run_after=None
[2022-10-03T12:26:57.440+0000] {processor.py:178} INFO - Processing /home/airflow/.local/lib/python3.7/site-packages/airflow/example_dags/example_kubernetes_executor.py took 0.271 seconds
[2022-10-03T12:27:27.919+0000] {processor.py:156} INFO - Started process (PID=1448) to work on /home/airflow/.local/lib/python3.7/site-packages/airflow/example_dags/example_kubernetes_executor.py
[2022-10-03T12:27:27.919+0000] {processor.py:758} INFO - Processing file /home/airflow/.local/lib/python3.7/site-packages/airflow/example_dags/example_kubernetes_executor.py for tasks to queue
[2022-10-03T12:27:27.920+0000] {logging_mixin.py:117} INFO - [2022-10-03T12:27:27.920+0000] {dagbag.py:525} INFO - Filling up the DagBag from /home/airflow/.local/lib/python3.7/site-packages/airflow/example_dags/example_kubernetes_executor.py
[2022-10-03T12:27:28.056+0000] {processor.py:768} INFO - DAG(s) dict_keys(['example_kubernetes_executor']) retrieved from /home/airflow/.local/lib/python3.7/site-packages/airflow/example_dags/example_kubernetes_executor.py
[2022-10-03T12:27:28.095+0000] {logging_mixin.py:117} INFO - [2022-10-03T12:27:28.095+0000] {dag.py:2573} INFO - Sync 1 DAGs
[2022-10-03T12:27:28.120+0000] {logging_mixin.py:117} INFO - [2022-10-03T12:27:28.119+0000] {dag.py:3328} INFO - Setting next_dagrun for example_kubernetes_executor to None, run_after=None
[2022-10-03T12:27:28.143+0000] {processor.py:178} INFO - Processing /home/airflow/.local/lib/python3.7/site-packages/airflow/example_dags/example_kubernetes_executor.py took 0.228 seconds
[2022-10-03T12:27:58.417+0000] {processor.py:156} INFO - Started process (PID=1646) to work on /home/airflow/.local/lib/python3.7/site-packages/airflow/example_dags/example_kubernetes_executor.py
[2022-10-03T12:27:58.418+0000] {processor.py:758} INFO - Processing file /home/airflow/.local/lib/python3.7/site-packages/airflow/example_dags/example_kubernetes_executor.py for tasks to queue
[2022-10-03T12:27:58.419+0000] {logging_mixin.py:117} INFO - [2022-10-03T12:27:58.419+0000] {dagbag.py:525} INFO - Filling up the DagBag from /home/airflow/.local/lib/python3.7/site-packages/airflow/example_dags/example_kubernetes_executor.py
[2022-10-03T12:27:58.452+0000] {processor.py:768} INFO - DAG(s) dict_keys(['example_kubernetes_executor']) retrieved from /home/airflow/.local/lib/python3.7/site-packages/airflow/example_dags/example_kubernetes_executor.py
[2022-10-03T12:27:58.516+0000] {logging_mixin.py:117} INFO - [2022-10-03T12:27:58.516+0000] {dag.py:2573} INFO - Sync 1 DAGs
[2022-10-03T12:27:58.555+0000] {logging_mixin.py:117} INFO - [2022-10-03T12:27:58.555+0000] {dag.py:3328} INFO - Setting next_dagrun for example_kubernetes_executor to None, run_after=None
[2022-10-03T12:27:58.585+0000] {processor.py:178} INFO - Processing /home/airflow/.local/lib/python3.7/site-packages/airflow/example_dags/example_kubernetes_executor.py took 0.172 seconds
[2022-10-03T12:28:28.786+0000] {processor.py:156} INFO - Started process (PID=1854) to work on /home/airflow/.local/lib/python3.7/site-packages/airflow/example_dags/example_kubernetes_executor.py
[2022-10-03T12:28:28.786+0000] {processor.py:758} INFO - Processing file /home/airflow/.local/lib/python3.7/site-packages/airflow/example_dags/example_kubernetes_executor.py for tasks to queue
[2022-10-03T12:28:28.787+0000] {logging_mixin.py:117} INFO - [2022-10-03T12:28:28.787+0000] {dagbag.py:525} INFO - Filling up the DagBag from /home/airflow/.local/lib/python3.7/site-packages/airflow/example_dags/example_kubernetes_executor.py
[2022-10-03T12:28:28.822+0000] {processor.py:768} INFO - DAG(s) dict_keys(['example_kubernetes_executor']) retrieved from /home/airflow/.local/lib/python3.7/site-packages/airflow/example_dags/example_kubernetes_executor.py
[2022-10-03T12:28:28.872+0000] {logging_mixin.py:117} INFO - [2022-10-03T12:28:28.871+0000] {dag.py:2573} INFO - Sync 1 DAGs
[2022-10-03T12:28:28.904+0000] {logging_mixin.py:117} INFO - [2022-10-03T12:28:28.903+0000] {dag.py:3328} INFO - Setting next_dagrun for example_kubernetes_executor to None, run_after=None
[2022-10-03T12:28:28.936+0000] {processor.py:178} INFO - Processing /home/airflow/.local/lib/python3.7/site-packages/airflow/example_dags/example_kubernetes_executor.py took 0.153 seconds
[2022-10-03T12:28:59.515+0000] {processor.py:156} INFO - Started process (PID=2052) to work on /home/airflow/.local/lib/python3.7/site-packages/airflow/example_dags/example_kubernetes_executor.py
[2022-10-03T12:28:59.516+0000] {processor.py:758} INFO - Processing file /home/airflow/.local/lib/python3.7/site-packages/airflow/example_dags/example_kubernetes_executor.py for tasks to queue
[2022-10-03T12:28:59.517+0000] {logging_mixin.py:117} INFO - [2022-10-03T12:28:59.517+0000] {dagbag.py:525} INFO - Filling up the DagBag from /home/airflow/.local/lib/python3.7/site-packages/airflow/example_dags/example_kubernetes_executor.py
[2022-10-03T12:28:59.561+0000] {processor.py:768} INFO - DAG(s) dict_keys(['example_kubernetes_executor']) retrieved from /home/airflow/.local/lib/python3.7/site-packages/airflow/example_dags/example_kubernetes_executor.py
[2022-10-03T12:28:59.613+0000] {logging_mixin.py:117} INFO - [2022-10-03T12:28:59.613+0000] {dag.py:2573} INFO - Sync 1 DAGs
[2022-10-03T12:28:59.647+0000] {logging_mixin.py:117} INFO - [2022-10-03T12:28:59.647+0000] {dag.py:3328} INFO - Setting next_dagrun for example_kubernetes_executor to None, run_after=None
[2022-10-03T12:28:59.680+0000] {processor.py:178} INFO - Processing /home/airflow/.local/lib/python3.7/site-packages/airflow/example_dags/example_kubernetes_executor.py took 0.169 seconds
[2022-10-03T12:29:30.265+0000] {processor.py:156} INFO - Started process (PID=2259) to work on /home/airflow/.local/lib/python3.7/site-packages/airflow/example_dags/example_kubernetes_executor.py
[2022-10-03T12:29:30.266+0000] {processor.py:758} INFO - Processing file /home/airflow/.local/lib/python3.7/site-packages/airflow/example_dags/example_kubernetes_executor.py for tasks to queue
[2022-10-03T12:29:30.266+0000] {logging_mixin.py:117} INFO - [2022-10-03T12:29:30.266+0000] {dagbag.py:525} INFO - Filling up the DagBag from /home/airflow/.local/lib/python3.7/site-packages/airflow/example_dags/example_kubernetes_executor.py
[2022-10-03T12:29:30.306+0000] {processor.py:768} INFO - DAG(s) dict_keys(['example_kubernetes_executor']) retrieved from /home/airflow/.local/lib/python3.7/site-packages/airflow/example_dags/example_kubernetes_executor.py
[2022-10-03T12:29:30.381+0000] {logging_mixin.py:117} INFO - [2022-10-03T12:29:30.380+0000] {dag.py:2573} INFO - Sync 1 DAGs
[2022-10-03T12:29:30.416+0000] {logging_mixin.py:117} INFO - [2022-10-03T12:29:30.416+0000] {dag.py:3328} INFO - Setting next_dagrun for example_kubernetes_executor to None, run_after=None
[2022-10-03T12:29:30.453+0000] {processor.py:178} INFO - Processing /home/airflow/.local/lib/python3.7/site-packages/airflow/example_dags/example_kubernetes_executor.py took 0.191 seconds
[2022-10-03T12:30:00.508+0000] {processor.py:156} INFO - Started process (PID=2466) to work on /home/airflow/.local/lib/python3.7/site-packages/airflow/example_dags/example_kubernetes_executor.py
[2022-10-03T12:30:00.510+0000] {processor.py:758} INFO - Processing file /home/airflow/.local/lib/python3.7/site-packages/airflow/example_dags/example_kubernetes_executor.py for tasks to queue
[2022-10-03T12:30:00.512+0000] {logging_mixin.py:117} INFO - [2022-10-03T12:30:00.511+0000] {dagbag.py:525} INFO - Filling up the DagBag from /home/airflow/.local/lib/python3.7/site-packages/airflow/example_dags/example_kubernetes_executor.py
[2022-10-03T12:30:00.594+0000] {processor.py:768} INFO - DAG(s) dict_keys(['example_kubernetes_executor']) retrieved from /home/airflow/.local/lib/python3.7/site-packages/airflow/example_dags/example_kubernetes_executor.py
[2022-10-03T12:30:00.697+0000] {logging_mixin.py:117} INFO - [2022-10-03T12:30:00.697+0000] {dag.py:2573} INFO - Sync 1 DAGs
[2022-10-03T12:30:00.759+0000] {logging_mixin.py:117} INFO - [2022-10-03T12:30:00.759+0000] {dag.py:3328} INFO - Setting next_dagrun for example_kubernetes_executor to None, run_after=None
[2022-10-03T12:30:00.806+0000] {processor.py:178} INFO - Processing /home/airflow/.local/lib/python3.7/site-packages/airflow/example_dags/example_kubernetes_executor.py took 0.305 seconds
[2022-10-03T12:30:31.011+0000] {processor.py:156} INFO - Started process (PID=2664) to work on /home/airflow/.local/lib/python3.7/site-packages/airflow/example_dags/example_kubernetes_executor.py
[2022-10-03T12:30:31.012+0000] {processor.py:758} INFO - Processing file /home/airflow/.local/lib/python3.7/site-packages/airflow/example_dags/example_kubernetes_executor.py for tasks to queue
[2022-10-03T12:30:31.013+0000] {logging_mixin.py:117} INFO - [2022-10-03T12:30:31.013+0000] {dagbag.py:525} INFO - Filling up the DagBag from /home/airflow/.local/lib/python3.7/site-packages/airflow/example_dags/example_kubernetes_executor.py
[2022-10-03T12:30:31.047+0000] {processor.py:768} INFO - DAG(s) dict_keys(['example_kubernetes_executor']) retrieved from /home/airflow/.local/lib/python3.7/site-packages/airflow/example_dags/example_kubernetes_executor.py
[2022-10-03T12:30:31.096+0000] {logging_mixin.py:117} INFO - [2022-10-03T12:30:31.096+0000] {dag.py:2573} INFO - Sync 1 DAGs
[2022-10-03T12:30:31.125+0000] {logging_mixin.py:117} INFO - [2022-10-03T12:30:31.125+0000] {dag.py:3328} INFO - Setting next_dagrun for example_kubernetes_executor to None, run_after=None
[2022-10-03T12:30:31.155+0000] {processor.py:178} INFO - Processing /home/airflow/.local/lib/python3.7/site-packages/airflow/example_dags/example_kubernetes_executor.py took 0.148 seconds
[2022-10-03T12:31:01.544+0000] {processor.py:156} INFO - Started process (PID=2871) to work on /home/airflow/.local/lib/python3.7/site-packages/airflow/example_dags/example_kubernetes_executor.py
[2022-10-03T12:31:01.545+0000] {processor.py:758} INFO - Processing file /home/airflow/.local/lib/python3.7/site-packages/airflow/example_dags/example_kubernetes_executor.py for tasks to queue
[2022-10-03T12:31:01.546+0000] {logging_mixin.py:117} INFO - [2022-10-03T12:31:01.546+0000] {dagbag.py:525} INFO - Filling up the DagBag from /home/airflow/.local/lib/python3.7/site-packages/airflow/example_dags/example_kubernetes_executor.py
[2022-10-03T12:31:01.596+0000] {processor.py:768} INFO - DAG(s) dict_keys(['example_kubernetes_executor']) retrieved from /home/airflow/.local/lib/python3.7/site-packages/airflow/example_dags/example_kubernetes_executor.py
[2022-10-03T12:31:01.668+0000] {logging_mixin.py:117} INFO - [2022-10-03T12:31:01.668+0000] {dag.py:2573} INFO - Sync 1 DAGs
[2022-10-03T12:31:01.709+0000] {logging_mixin.py:117} INFO - [2022-10-03T12:31:01.709+0000] {dag.py:3328} INFO - Setting next_dagrun for example_kubernetes_executor to None, run_after=None
[2022-10-03T12:31:01.734+0000] {processor.py:178} INFO - Processing /home/airflow/.local/lib/python3.7/site-packages/airflow/example_dags/example_kubernetes_executor.py took 0.194 seconds
[2022-10-03T12:31:32.107+0000] {processor.py:156} INFO - Started process (PID=3069) to work on /home/airflow/.local/lib/python3.7/site-packages/airflow/example_dags/example_kubernetes_executor.py
[2022-10-03T12:31:32.108+0000] {processor.py:758} INFO - Processing file /home/airflow/.local/lib/python3.7/site-packages/airflow/example_dags/example_kubernetes_executor.py for tasks to queue
[2022-10-03T12:31:32.108+0000] {logging_mixin.py:117} INFO - [2022-10-03T12:31:32.108+0000] {dagbag.py:525} INFO - Filling up the DagBag from /home/airflow/.local/lib/python3.7/site-packages/airflow/example_dags/example_kubernetes_executor.py
[2022-10-03T12:31:32.142+0000] {processor.py:768} INFO - DAG(s) dict_keys(['example_kubernetes_executor']) retrieved from /home/airflow/.local/lib/python3.7/site-packages/airflow/example_dags/example_kubernetes_executor.py
[2022-10-03T12:31:32.189+0000] {logging_mixin.py:117} INFO - [2022-10-03T12:31:32.189+0000] {dag.py:2573} INFO - Sync 1 DAGs
[2022-10-03T12:31:32.218+0000] {logging_mixin.py:117} INFO - [2022-10-03T12:31:32.218+0000] {dag.py:3328} INFO - Setting next_dagrun for example_kubernetes_executor to None, run_after=None
[2022-10-03T12:31:32.243+0000] {processor.py:178} INFO - Processing /home/airflow/.local/lib/python3.7/site-packages/airflow/example_dags/example_kubernetes_executor.py took 0.139 seconds
[2022-10-03T12:32:02.426+0000] {processor.py:156} INFO - Started process (PID=3276) to work on /home/airflow/.local/lib/python3.7/site-packages/airflow/example_dags/example_kubernetes_executor.py
[2022-10-03T12:32:02.427+0000] {processor.py:758} INFO - Processing file /home/airflow/.local/lib/python3.7/site-packages/airflow/example_dags/example_kubernetes_executor.py for tasks to queue
[2022-10-03T12:32:02.427+0000] {logging_mixin.py:117} INFO - [2022-10-03T12:32:02.427+0000] {dagbag.py:525} INFO - Filling up the DagBag from /home/airflow/.local/lib/python3.7/site-packages/airflow/example_dags/example_kubernetes_executor.py
[2022-10-03T12:32:02.464+0000] {processor.py:768} INFO - DAG(s) dict_keys(['example_kubernetes_executor']) retrieved from /home/airflow/.local/lib/python3.7/site-packages/airflow/example_dags/example_kubernetes_executor.py
[2022-10-03T12:32:02.514+0000] {logging_mixin.py:117} INFO - [2022-10-03T12:32:02.514+0000] {dag.py:2573} INFO - Sync 1 DAGs
[2022-10-03T12:32:02.545+0000] {logging_mixin.py:117} INFO - [2022-10-03T12:32:02.545+0000] {dag.py:3328} INFO - Setting next_dagrun for example_kubernetes_executor to None, run_after=None
[2022-10-03T12:32:02.571+0000] {processor.py:178} INFO - Processing /home/airflow/.local/lib/python3.7/site-packages/airflow/example_dags/example_kubernetes_executor.py took 0.150 seconds
[2022-10-03T12:32:32.923+0000] {processor.py:156} INFO - Started process (PID=3481) to work on /home/airflow/.local/lib/python3.7/site-packages/airflow/example_dags/example_kubernetes_executor.py
[2022-10-03T12:32:32.924+0000] {processor.py:758} INFO - Processing file /home/airflow/.local/lib/python3.7/site-packages/airflow/example_dags/example_kubernetes_executor.py for tasks to queue
[2022-10-03T12:32:32.925+0000] {logging_mixin.py:117} INFO - [2022-10-03T12:32:32.925+0000] {dagbag.py:525} INFO - Filling up the DagBag from /home/airflow/.local/lib/python3.7/site-packages/airflow/example_dags/example_kubernetes_executor.py
[2022-10-03T12:32:32.969+0000] {processor.py:768} INFO - DAG(s) dict_keys(['example_kubernetes_executor']) retrieved from /home/airflow/.local/lib/python3.7/site-packages/airflow/example_dags/example_kubernetes_executor.py
[2022-10-03T12:32:33.021+0000] {logging_mixin.py:117} INFO - [2022-10-03T12:32:33.021+0000] {dag.py:2573} INFO - Sync 1 DAGs
[2022-10-03T12:32:33.055+0000] {logging_mixin.py:117} INFO - [2022-10-03T12:32:33.055+0000] {dag.py:3328} INFO - Setting next_dagrun for example_kubernetes_executor to None, run_after=None
[2022-10-03T12:32:33.086+0000] {processor.py:178} INFO - Processing /home/airflow/.local/lib/python3.7/site-packages/airflow/example_dags/example_kubernetes_executor.py took 0.166 seconds
[2022-10-03T12:33:03.146+0000] {processor.py:156} INFO - Started process (PID=3681) to work on /home/airflow/.local/lib/python3.7/site-packages/airflow/example_dags/example_kubernetes_executor.py
[2022-10-03T12:33:03.147+0000] {processor.py:758} INFO - Processing file /home/airflow/.local/lib/python3.7/site-packages/airflow/example_dags/example_kubernetes_executor.py for tasks to queue
[2022-10-03T12:33:03.147+0000] {logging_mixin.py:117} INFO - [2022-10-03T12:33:03.147+0000] {dagbag.py:525} INFO - Filling up the DagBag from /home/airflow/.local/lib/python3.7/site-packages/airflow/example_dags/example_kubernetes_executor.py
[2022-10-03T12:33:03.180+0000] {processor.py:768} INFO - DAG(s) dict_keys(['example_kubernetes_executor']) retrieved from /home/airflow/.local/lib/python3.7/site-packages/airflow/example_dags/example_kubernetes_executor.py
[2022-10-03T12:33:03.228+0000] {logging_mixin.py:117} INFO - [2022-10-03T12:33:03.227+0000] {dag.py:2573} INFO - Sync 1 DAGs
[2022-10-03T12:33:03.263+0000] {logging_mixin.py:117} INFO - [2022-10-03T12:33:03.262+0000] {dag.py:3328} INFO - Setting next_dagrun for example_kubernetes_executor to None, run_after=None
[2022-10-03T12:33:03.291+0000] {processor.py:178} INFO - Processing /home/airflow/.local/lib/python3.7/site-packages/airflow/example_dags/example_kubernetes_executor.py took 0.149 seconds
[2022-10-03T12:33:33.522+0000] {processor.py:156} INFO - Started process (PID=3888) to work on /home/airflow/.local/lib/python3.7/site-packages/airflow/example_dags/example_kubernetes_executor.py
[2022-10-03T12:33:33.522+0000] {processor.py:758} INFO - Processing file /home/airflow/.local/lib/python3.7/site-packages/airflow/example_dags/example_kubernetes_executor.py for tasks to queue
[2022-10-03T12:33:33.523+0000] {logging_mixin.py:117} INFO - [2022-10-03T12:33:33.523+0000] {dagbag.py:525} INFO - Filling up the DagBag from /home/airflow/.local/lib/python3.7/site-packages/airflow/example_dags/example_kubernetes_executor.py
[2022-10-03T12:33:33.564+0000] {processor.py:768} INFO - DAG(s) dict_keys(['example_kubernetes_executor']) retrieved from /home/airflow/.local/lib/python3.7/site-packages/airflow/example_dags/example_kubernetes_executor.py
[2022-10-03T12:33:33.616+0000] {logging_mixin.py:117} INFO - [2022-10-03T12:33:33.616+0000] {dag.py:2573} INFO - Sync 1 DAGs
[2022-10-03T12:33:33.650+0000] {logging_mixin.py:117} INFO - [2022-10-03T12:33:33.650+0000] {dag.py:3328} INFO - Setting next_dagrun for example_kubernetes_executor to None, run_after=None
[2022-10-03T12:33:33.682+0000] {processor.py:178} INFO - Processing /home/airflow/.local/lib/python3.7/site-packages/airflow/example_dags/example_kubernetes_executor.py took 0.163 seconds
[2022-10-03T12:34:04.165+0000] {processor.py:156} INFO - Started process (PID=4086) to work on /home/airflow/.local/lib/python3.7/site-packages/airflow/example_dags/example_kubernetes_executor.py
[2022-10-03T12:34:04.166+0000] {processor.py:758} INFO - Processing file /home/airflow/.local/lib/python3.7/site-packages/airflow/example_dags/example_kubernetes_executor.py for tasks to queue
[2022-10-03T12:34:04.167+0000] {logging_mixin.py:117} INFO - [2022-10-03T12:34:04.167+0000] {dagbag.py:525} INFO - Filling up the DagBag from /home/airflow/.local/lib/python3.7/site-packages/airflow/example_dags/example_kubernetes_executor.py
[2022-10-03T12:34:04.199+0000] {processor.py:768} INFO - DAG(s) dict_keys(['example_kubernetes_executor']) retrieved from /home/airflow/.local/lib/python3.7/site-packages/airflow/example_dags/example_kubernetes_executor.py
[2022-10-03T12:34:04.248+0000] {logging_mixin.py:117} INFO - [2022-10-03T12:34:04.248+0000] {dag.py:2573} INFO - Sync 1 DAGs
[2022-10-03T12:34:04.277+0000] {logging_mixin.py:117} INFO - [2022-10-03T12:34:04.277+0000] {dag.py:3328} INFO - Setting next_dagrun for example_kubernetes_executor to None, run_after=None
[2022-10-03T12:34:04.304+0000] {processor.py:178} INFO - Processing /home/airflow/.local/lib/python3.7/site-packages/airflow/example_dags/example_kubernetes_executor.py took 0.142 seconds
[2022-10-03T12:34:34.729+0000] {processor.py:156} INFO - Started process (PID=4294) to work on /home/airflow/.local/lib/python3.7/site-packages/airflow/example_dags/example_kubernetes_executor.py
[2022-10-03T12:34:34.730+0000] {processor.py:758} INFO - Processing file /home/airflow/.local/lib/python3.7/site-packages/airflow/example_dags/example_kubernetes_executor.py for tasks to queue
[2022-10-03T12:34:34.730+0000] {logging_mixin.py:117} INFO - [2022-10-03T12:34:34.730+0000] {dagbag.py:525} INFO - Filling up the DagBag from /home/airflow/.local/lib/python3.7/site-packages/airflow/example_dags/example_kubernetes_executor.py
[2022-10-03T12:34:34.762+0000] {processor.py:768} INFO - DAG(s) dict_keys(['example_kubernetes_executor']) retrieved from /home/airflow/.local/lib/python3.7/site-packages/airflow/example_dags/example_kubernetes_executor.py
[2022-10-03T12:34:34.811+0000] {logging_mixin.py:117} INFO - [2022-10-03T12:34:34.811+0000] {dag.py:2573} INFO - Sync 1 DAGs
[2022-10-03T12:34:34.842+0000] {logging_mixin.py:117} INFO - [2022-10-03T12:34:34.842+0000] {dag.py:3328} INFO - Setting next_dagrun for example_kubernetes_executor to None, run_after=None
[2022-10-03T12:34:34.872+0000] {processor.py:178} INFO - Processing /home/airflow/.local/lib/python3.7/site-packages/airflow/example_dags/example_kubernetes_executor.py took 0.147 seconds
[2022-10-03T12:35:04.939+0000] {processor.py:156} INFO - Started process (PID=4492) to work on /home/airflow/.local/lib/python3.7/site-packages/airflow/example_dags/example_kubernetes_executor.py
[2022-10-03T12:35:04.940+0000] {processor.py:758} INFO - Processing file /home/airflow/.local/lib/python3.7/site-packages/airflow/example_dags/example_kubernetes_executor.py for tasks to queue
[2022-10-03T12:35:04.941+0000] {logging_mixin.py:117} INFO - [2022-10-03T12:35:04.941+0000] {dagbag.py:525} INFO - Filling up the DagBag from /home/airflow/.local/lib/python3.7/site-packages/airflow/example_dags/example_kubernetes_executor.py
[2022-10-03T12:35:04.976+0000] {processor.py:768} INFO - DAG(s) dict_keys(['example_kubernetes_executor']) retrieved from /home/airflow/.local/lib/python3.7/site-packages/airflow/example_dags/example_kubernetes_executor.py
[2022-10-03T12:35:05.030+0000] {logging_mixin.py:117} INFO - [2022-10-03T12:35:05.030+0000] {dag.py:2573} INFO - Sync 1 DAGs
[2022-10-03T12:35:05.064+0000] {logging_mixin.py:117} INFO - [2022-10-03T12:35:05.064+0000] {dag.py:3328} INFO - Setting next_dagrun for example_kubernetes_executor to None, run_after=None
[2022-10-03T12:35:05.094+0000] {processor.py:178} INFO - Processing /home/airflow/.local/lib/python3.7/site-packages/airflow/example_dags/example_kubernetes_executor.py took 0.158 seconds
[2022-10-03T12:35:35.396+0000] {processor.py:156} INFO - Started process (PID=4699) to work on /home/airflow/.local/lib/python3.7/site-packages/airflow/example_dags/example_kubernetes_executor.py
[2022-10-03T12:35:35.398+0000] {processor.py:758} INFO - Processing file /home/airflow/.local/lib/python3.7/site-packages/airflow/example_dags/example_kubernetes_executor.py for tasks to queue
[2022-10-03T12:35:35.400+0000] {logging_mixin.py:117} INFO - [2022-10-03T12:35:35.399+0000] {dagbag.py:525} INFO - Filling up the DagBag from /home/airflow/.local/lib/python3.7/site-packages/airflow/example_dags/example_kubernetes_executor.py
[2022-10-03T12:35:35.506+0000] {processor.py:768} INFO - DAG(s) dict_keys(['example_kubernetes_executor']) retrieved from /home/airflow/.local/lib/python3.7/site-packages/airflow/example_dags/example_kubernetes_executor.py
[2022-10-03T12:35:35.675+0000] {logging_mixin.py:117} INFO - [2022-10-03T12:35:35.674+0000] {dag.py:2573} INFO - Sync 1 DAGs
[2022-10-03T12:35:35.774+0000] {logging_mixin.py:117} INFO - [2022-10-03T12:35:35.773+0000] {dag.py:3328} INFO - Setting next_dagrun for example_kubernetes_executor to None, run_after=None
[2022-10-03T12:35:35.837+0000] {processor.py:178} INFO - Processing /home/airflow/.local/lib/python3.7/site-packages/airflow/example_dags/example_kubernetes_executor.py took 0.450 seconds
[2022-10-03T12:36:06.731+0000] {processor.py:156} INFO - Started process (PID=4897) to work on /home/airflow/.local/lib/python3.7/site-packages/airflow/example_dags/example_kubernetes_executor.py
[2022-10-03T12:36:06.732+0000] {processor.py:758} INFO - Processing file /home/airflow/.local/lib/python3.7/site-packages/airflow/example_dags/example_kubernetes_executor.py for tasks to queue
[2022-10-03T12:36:06.733+0000] {logging_mixin.py:117} INFO - [2022-10-03T12:36:06.733+0000] {dagbag.py:525} INFO - Filling up the DagBag from /home/airflow/.local/lib/python3.7/site-packages/airflow/example_dags/example_kubernetes_executor.py
[2022-10-03T12:36:06.788+0000] {processor.py:768} INFO - DAG(s) dict_keys(['example_kubernetes_executor']) retrieved from /home/airflow/.local/lib/python3.7/site-packages/airflow/example_dags/example_kubernetes_executor.py
[2022-10-03T12:36:06.842+0000] {logging_mixin.py:117} INFO - [2022-10-03T12:36:06.842+0000] {dag.py:2573} INFO - Sync 1 DAGs
[2022-10-03T12:36:06.871+0000] {logging_mixin.py:117} INFO - [2022-10-03T12:36:06.871+0000] {dag.py:3328} INFO - Setting next_dagrun for example_kubernetes_executor to None, run_after=None
[2022-10-03T12:36:06.898+0000] {processor.py:178} INFO - Processing /home/airflow/.local/lib/python3.7/site-packages/airflow/example_dags/example_kubernetes_executor.py took 0.173 seconds
[2022-10-03T12:36:37.194+0000] {processor.py:156} INFO - Started process (PID=5104) to work on /home/airflow/.local/lib/python3.7/site-packages/airflow/example_dags/example_kubernetes_executor.py
[2022-10-03T12:36:37.195+0000] {processor.py:758} INFO - Processing file /home/airflow/.local/lib/python3.7/site-packages/airflow/example_dags/example_kubernetes_executor.py for tasks to queue
[2022-10-03T12:36:37.196+0000] {logging_mixin.py:117} INFO - [2022-10-03T12:36:37.196+0000] {dagbag.py:525} INFO - Filling up the DagBag from /home/airflow/.local/lib/python3.7/site-packages/airflow/example_dags/example_kubernetes_executor.py
[2022-10-03T12:36:37.228+0000] {processor.py:768} INFO - DAG(s) dict_keys(['example_kubernetes_executor']) retrieved from /home/airflow/.local/lib/python3.7/site-packages/airflow/example_dags/example_kubernetes_executor.py
[2022-10-03T12:36:37.276+0000] {logging_mixin.py:117} INFO - [2022-10-03T12:36:37.276+0000] {dag.py:2573} INFO - Sync 1 DAGs
[2022-10-03T12:36:37.304+0000] {logging_mixin.py:117} INFO - [2022-10-03T12:36:37.304+0000] {dag.py:3328} INFO - Setting next_dagrun for example_kubernetes_executor to None, run_after=None
[2022-10-03T12:36:37.333+0000] {processor.py:178} INFO - Processing /home/airflow/.local/lib/python3.7/site-packages/airflow/example_dags/example_kubernetes_executor.py took 0.142 seconds
[2022-10-03T12:37:08.337+0000] {processor.py:156} INFO - Started process (PID=5302) to work on /home/airflow/.local/lib/python3.7/site-packages/airflow/example_dags/example_kubernetes_executor.py
[2022-10-03T12:37:08.338+0000] {processor.py:758} INFO - Processing file /home/airflow/.local/lib/python3.7/site-packages/airflow/example_dags/example_kubernetes_executor.py for tasks to queue
[2022-10-03T12:37:08.339+0000] {logging_mixin.py:117} INFO - [2022-10-03T12:37:08.339+0000] {dagbag.py:525} INFO - Filling up the DagBag from /home/airflow/.local/lib/python3.7/site-packages/airflow/example_dags/example_kubernetes_executor.py
[2022-10-03T12:37:08.372+0000] {processor.py:768} INFO - DAG(s) dict_keys(['example_kubernetes_executor']) retrieved from /home/airflow/.local/lib/python3.7/site-packages/airflow/example_dags/example_kubernetes_executor.py
[2022-10-03T12:37:08.420+0000] {logging_mixin.py:117} INFO - [2022-10-03T12:37:08.420+0000] {dag.py:2573} INFO - Sync 1 DAGs
[2022-10-03T12:37:08.451+0000] {logging_mixin.py:117} INFO - [2022-10-03T12:37:08.451+0000] {dag.py:3328} INFO - Setting next_dagrun for example_kubernetes_executor to None, run_after=None
[2022-10-03T12:37:08.479+0000] {processor.py:178} INFO - Processing /home/airflow/.local/lib/python3.7/site-packages/airflow/example_dags/example_kubernetes_executor.py took 0.145 seconds
[2022-10-03T12:37:39.057+0000] {processor.py:156} INFO - Started process (PID=5509) to work on /home/airflow/.local/lib/python3.7/site-packages/airflow/example_dags/example_kubernetes_executor.py
[2022-10-03T12:37:39.058+0000] {processor.py:758} INFO - Processing file /home/airflow/.local/lib/python3.7/site-packages/airflow/example_dags/example_kubernetes_executor.py for tasks to queue
[2022-10-03T12:37:39.059+0000] {logging_mixin.py:117} INFO - [2022-10-03T12:37:39.059+0000] {dagbag.py:525} INFO - Filling up the DagBag from /home/airflow/.local/lib/python3.7/site-packages/airflow/example_dags/example_kubernetes_executor.py
[2022-10-03T12:37:39.091+0000] {processor.py:768} INFO - DAG(s) dict_keys(['example_kubernetes_executor']) retrieved from /home/airflow/.local/lib/python3.7/site-packages/airflow/example_dags/example_kubernetes_executor.py
[2022-10-03T12:37:39.165+0000] {logging_mixin.py:117} INFO - [2022-10-03T12:37:39.164+0000] {dag.py:2573} INFO - Sync 1 DAGs
[2022-10-03T12:37:39.198+0000] {logging_mixin.py:117} INFO - [2022-10-03T12:37:39.198+0000] {dag.py:3328} INFO - Setting next_dagrun for example_kubernetes_executor to None, run_after=None
[2022-10-03T12:37:39.228+0000] {processor.py:178} INFO - Processing /home/airflow/.local/lib/python3.7/site-packages/airflow/example_dags/example_kubernetes_executor.py took 0.175 seconds
[2022-10-03T12:38:10.106+0000] {processor.py:156} INFO - Started process (PID=5716) to work on /home/airflow/.local/lib/python3.7/site-packages/airflow/example_dags/example_kubernetes_executor.py
[2022-10-03T12:38:10.107+0000] {processor.py:758} INFO - Processing file /home/airflow/.local/lib/python3.7/site-packages/airflow/example_dags/example_kubernetes_executor.py for tasks to queue
[2022-10-03T12:38:10.107+0000] {logging_mixin.py:117} INFO - [2022-10-03T12:38:10.107+0000] {dagbag.py:525} INFO - Filling up the DagBag from /home/airflow/.local/lib/python3.7/site-packages/airflow/example_dags/example_kubernetes_executor.py
[2022-10-03T12:38:10.139+0000] {processor.py:768} INFO - DAG(s) dict_keys(['example_kubernetes_executor']) retrieved from /home/airflow/.local/lib/python3.7/site-packages/airflow/example_dags/example_kubernetes_executor.py
[2022-10-03T12:38:10.188+0000] {logging_mixin.py:117} INFO - [2022-10-03T12:38:10.188+0000] {dag.py:2573} INFO - Sync 1 DAGs
[2022-10-03T12:38:10.217+0000] {logging_mixin.py:117} INFO - [2022-10-03T12:38:10.217+0000] {dag.py:3328} INFO - Setting next_dagrun for example_kubernetes_executor to None, run_after=None
[2022-10-03T12:38:10.244+0000] {processor.py:178} INFO - Processing /home/airflow/.local/lib/python3.7/site-packages/airflow/example_dags/example_kubernetes_executor.py took 0.143 seconds
[2022-10-03T12:38:40.397+0000] {processor.py:156} INFO - Started process (PID=5914) to work on /home/airflow/.local/lib/python3.7/site-packages/airflow/example_dags/example_kubernetes_executor.py
[2022-10-03T12:38:40.398+0000] {processor.py:758} INFO - Processing file /home/airflow/.local/lib/python3.7/site-packages/airflow/example_dags/example_kubernetes_executor.py for tasks to queue
[2022-10-03T12:38:40.400+0000] {logging_mixin.py:117} INFO - [2022-10-03T12:38:40.399+0000] {dagbag.py:525} INFO - Filling up the DagBag from /home/airflow/.local/lib/python3.7/site-packages/airflow/example_dags/example_kubernetes_executor.py
[2022-10-03T12:38:40.485+0000] {processor.py:768} INFO - DAG(s) dict_keys(['example_kubernetes_executor']) retrieved from /home/airflow/.local/lib/python3.7/site-packages/airflow/example_dags/example_kubernetes_executor.py
[2022-10-03T12:38:40.613+0000] {logging_mixin.py:117} INFO - [2022-10-03T12:38:40.613+0000] {dag.py:2573} INFO - Sync 1 DAGs
[2022-10-03T12:38:40.686+0000] {logging_mixin.py:117} INFO - [2022-10-03T12:38:40.686+0000] {dag.py:3328} INFO - Setting next_dagrun for example_kubernetes_executor to None, run_after=None
[2022-10-03T12:38:40.733+0000] {processor.py:178} INFO - Processing /home/airflow/.local/lib/python3.7/site-packages/airflow/example_dags/example_kubernetes_executor.py took 0.347 seconds
[2022-10-03T12:39:11.356+0000] {processor.py:156} INFO - Started process (PID=6121) to work on /home/airflow/.local/lib/python3.7/site-packages/airflow/example_dags/example_kubernetes_executor.py
[2022-10-03T12:39:11.357+0000] {processor.py:758} INFO - Processing file /home/airflow/.local/lib/python3.7/site-packages/airflow/example_dags/example_kubernetes_executor.py for tasks to queue
[2022-10-03T12:39:11.357+0000] {logging_mixin.py:117} INFO - [2022-10-03T12:39:11.357+0000] {dagbag.py:525} INFO - Filling up the DagBag from /home/airflow/.local/lib/python3.7/site-packages/airflow/example_dags/example_kubernetes_executor.py
[2022-10-03T12:39:11.402+0000] {processor.py:768} INFO - DAG(s) dict_keys(['example_kubernetes_executor']) retrieved from /home/airflow/.local/lib/python3.7/site-packages/airflow/example_dags/example_kubernetes_executor.py
[2022-10-03T12:39:11.456+0000] {logging_mixin.py:117} INFO - [2022-10-03T12:39:11.455+0000] {dag.py:2573} INFO - Sync 1 DAGs
[2022-10-03T12:39:11.491+0000] {logging_mixin.py:117} INFO - [2022-10-03T12:39:11.491+0000] {dag.py:3328} INFO - Setting next_dagrun for example_kubernetes_executor to None, run_after=None
[2022-10-03T12:39:11.525+0000] {processor.py:178} INFO - Processing /home/airflow/.local/lib/python3.7/site-packages/airflow/example_dags/example_kubernetes_executor.py took 0.174 seconds
[2022-10-03T12:39:41.574+0000] {processor.py:156} INFO - Started process (PID=6319) to work on /home/airflow/.local/lib/python3.7/site-packages/airflow/example_dags/example_kubernetes_executor.py
[2022-10-03T12:39:41.576+0000] {processor.py:758} INFO - Processing file /home/airflow/.local/lib/python3.7/site-packages/airflow/example_dags/example_kubernetes_executor.py for tasks to queue
[2022-10-03T12:39:41.577+0000] {logging_mixin.py:117} INFO - [2022-10-03T12:39:41.577+0000] {dagbag.py:525} INFO - Filling up the DagBag from /home/airflow/.local/lib/python3.7/site-packages/airflow/example_dags/example_kubernetes_executor.py
[2022-10-03T12:39:41.653+0000] {processor.py:768} INFO - DAG(s) dict_keys(['example_kubernetes_executor']) retrieved from /home/airflow/.local/lib/python3.7/site-packages/airflow/example_dags/example_kubernetes_executor.py
[2022-10-03T12:39:41.763+0000] {logging_mixin.py:117} INFO - [2022-10-03T12:39:41.762+0000] {dag.py:2573} INFO - Sync 1 DAGs
[2022-10-03T12:39:41.838+0000] {logging_mixin.py:117} INFO - [2022-10-03T12:39:41.838+0000] {dag.py:3328} INFO - Setting next_dagrun for example_kubernetes_executor to None, run_after=None
[2022-10-03T12:39:41.890+0000] {processor.py:178} INFO - Processing /home/airflow/.local/lib/python3.7/site-packages/airflow/example_dags/example_kubernetes_executor.py took 0.325 seconds
[2022-10-03T12:40:12.347+0000] {processor.py:156} INFO - Started process (PID=6526) to work on /home/airflow/.local/lib/python3.7/site-packages/airflow/example_dags/example_kubernetes_executor.py
[2022-10-03T12:40:12.348+0000] {processor.py:758} INFO - Processing file /home/airflow/.local/lib/python3.7/site-packages/airflow/example_dags/example_kubernetes_executor.py for tasks to queue
[2022-10-03T12:40:12.349+0000] {logging_mixin.py:117} INFO - [2022-10-03T12:40:12.349+0000] {dagbag.py:525} INFO - Filling up the DagBag from /home/airflow/.local/lib/python3.7/site-packages/airflow/example_dags/example_kubernetes_executor.py
[2022-10-03T12:40:12.383+0000] {processor.py:768} INFO - DAG(s) dict_keys(['example_kubernetes_executor']) retrieved from /home/airflow/.local/lib/python3.7/site-packages/airflow/example_dags/example_kubernetes_executor.py
[2022-10-03T12:40:12.431+0000] {logging_mixin.py:117} INFO - [2022-10-03T12:40:12.431+0000] {dag.py:2573} INFO - Sync 1 DAGs
[2022-10-03T12:40:12.461+0000] {logging_mixin.py:117} INFO - [2022-10-03T12:40:12.460+0000] {dag.py:3328} INFO - Setting next_dagrun for example_kubernetes_executor to None, run_after=None
[2022-10-03T12:40:12.490+0000] {processor.py:178} INFO - Processing /home/airflow/.local/lib/python3.7/site-packages/airflow/example_dags/example_kubernetes_executor.py took 0.146 seconds
[2022-10-03T12:40:43.435+0000] {processor.py:156} INFO - Started process (PID=6733) to work on /home/airflow/.local/lib/python3.7/site-packages/airflow/example_dags/example_kubernetes_executor.py
[2022-10-03T12:40:43.436+0000] {processor.py:758} INFO - Processing file /home/airflow/.local/lib/python3.7/site-packages/airflow/example_dags/example_kubernetes_executor.py for tasks to queue
[2022-10-03T12:40:43.438+0000] {logging_mixin.py:117} INFO - [2022-10-03T12:40:43.438+0000] {dagbag.py:525} INFO - Filling up the DagBag from /home/airflow/.local/lib/python3.7/site-packages/airflow/example_dags/example_kubernetes_executor.py
[2022-10-03T12:40:43.528+0000] {processor.py:768} INFO - DAG(s) dict_keys(['example_kubernetes_executor']) retrieved from /home/airflow/.local/lib/python3.7/site-packages/airflow/example_dags/example_kubernetes_executor.py
[2022-10-03T12:40:43.644+0000] {logging_mixin.py:117} INFO - [2022-10-03T12:40:43.644+0000] {dag.py:2573} INFO - Sync 1 DAGs
[2022-10-03T12:40:43.720+0000] {logging_mixin.py:117} INFO - [2022-10-03T12:40:43.720+0000] {dag.py:3328} INFO - Setting next_dagrun for example_kubernetes_executor to None, run_after=None
[2022-10-03T12:40:43.844+0000] {processor.py:178} INFO - Processing /home/airflow/.local/lib/python3.7/site-packages/airflow/example_dags/example_kubernetes_executor.py took 0.419 seconds
[2022-10-03T12:41:14.595+0000] {processor.py:156} INFO - Started process (PID=6931) to work on /home/airflow/.local/lib/python3.7/site-packages/airflow/example_dags/example_kubernetes_executor.py
[2022-10-03T12:41:14.596+0000] {processor.py:758} INFO - Processing file /home/airflow/.local/lib/python3.7/site-packages/airflow/example_dags/example_kubernetes_executor.py for tasks to queue
[2022-10-03T12:41:14.597+0000] {logging_mixin.py:117} INFO - [2022-10-03T12:41:14.596+0000] {dagbag.py:525} INFO - Filling up the DagBag from /home/airflow/.local/lib/python3.7/site-packages/airflow/example_dags/example_kubernetes_executor.py
[2022-10-03T12:41:14.635+0000] {processor.py:768} INFO - DAG(s) dict_keys(['example_kubernetes_executor']) retrieved from /home/airflow/.local/lib/python3.7/site-packages/airflow/example_dags/example_kubernetes_executor.py
[2022-10-03T12:41:14.689+0000] {logging_mixin.py:117} INFO - [2022-10-03T12:41:14.689+0000] {dag.py:2573} INFO - Sync 1 DAGs
[2022-10-03T12:41:14.721+0000] {logging_mixin.py:117} INFO - [2022-10-03T12:41:14.721+0000] {dag.py:3328} INFO - Setting next_dagrun for example_kubernetes_executor to None, run_after=None
[2022-10-03T12:41:14.758+0000] {processor.py:178} INFO - Processing /home/airflow/.local/lib/python3.7/site-packages/airflow/example_dags/example_kubernetes_executor.py took 0.168 seconds
[2022-10-03T12:41:45.479+0000] {processor.py:156} INFO - Started process (PID=7138) to work on /home/airflow/.local/lib/python3.7/site-packages/airflow/example_dags/example_kubernetes_executor.py
[2022-10-03T12:41:45.480+0000] {processor.py:758} INFO - Processing file /home/airflow/.local/lib/python3.7/site-packages/airflow/example_dags/example_kubernetes_executor.py for tasks to queue
[2022-10-03T12:41:45.482+0000] {logging_mixin.py:117} INFO - [2022-10-03T12:41:45.481+0000] {dagbag.py:525} INFO - Filling up the DagBag from /home/airflow/.local/lib/python3.7/site-packages/airflow/example_dags/example_kubernetes_executor.py
[2022-10-03T12:41:45.573+0000] {processor.py:768} INFO - DAG(s) dict_keys(['example_kubernetes_executor']) retrieved from /home/airflow/.local/lib/python3.7/site-packages/airflow/example_dags/example_kubernetes_executor.py
[2022-10-03T12:41:45.674+0000] {logging_mixin.py:117} INFO - [2022-10-03T12:41:45.673+0000] {dag.py:2573} INFO - Sync 1 DAGs
[2022-10-03T12:41:45.735+0000] {logging_mixin.py:117} INFO - [2022-10-03T12:41:45.735+0000] {dag.py:3328} INFO - Setting next_dagrun for example_kubernetes_executor to None, run_after=None
[2022-10-03T12:41:45.784+0000] {processor.py:178} INFO - Processing /home/airflow/.local/lib/python3.7/site-packages/airflow/example_dags/example_kubernetes_executor.py took 0.311 seconds
[2022-10-03T12:42:16.328+0000] {processor.py:156} INFO - Started process (PID=7336) to work on /home/airflow/.local/lib/python3.7/site-packages/airflow/example_dags/example_kubernetes_executor.py
[2022-10-03T12:42:16.329+0000] {processor.py:758} INFO - Processing file /home/airflow/.local/lib/python3.7/site-packages/airflow/example_dags/example_kubernetes_executor.py for tasks to queue
[2022-10-03T12:42:16.329+0000] {logging_mixin.py:117} INFO - [2022-10-03T12:42:16.329+0000] {dagbag.py:525} INFO - Filling up the DagBag from /home/airflow/.local/lib/python3.7/site-packages/airflow/example_dags/example_kubernetes_executor.py
[2022-10-03T12:42:16.359+0000] {processor.py:768} INFO - DAG(s) dict_keys(['example_kubernetes_executor']) retrieved from /home/airflow/.local/lib/python3.7/site-packages/airflow/example_dags/example_kubernetes_executor.py
[2022-10-03T12:42:16.404+0000] {logging_mixin.py:117} INFO - [2022-10-03T12:42:16.404+0000] {dag.py:2573} INFO - Sync 1 DAGs
[2022-10-03T12:42:16.430+0000] {logging_mixin.py:117} INFO - [2022-10-03T12:42:16.430+0000] {dag.py:3328} INFO - Setting next_dagrun for example_kubernetes_executor to None, run_after=None
[2022-10-03T12:42:16.456+0000] {processor.py:178} INFO - Processing /home/airflow/.local/lib/python3.7/site-packages/airflow/example_dags/example_kubernetes_executor.py took 0.132 seconds
[2022-10-03T12:42:46.995+0000] {processor.py:156} INFO - Started process (PID=7543) to work on /home/airflow/.local/lib/python3.7/site-packages/airflow/example_dags/example_kubernetes_executor.py
[2022-10-03T12:42:46.996+0000] {processor.py:758} INFO - Processing file /home/airflow/.local/lib/python3.7/site-packages/airflow/example_dags/example_kubernetes_executor.py for tasks to queue
[2022-10-03T12:42:46.996+0000] {logging_mixin.py:117} INFO - [2022-10-03T12:42:46.996+0000] {dagbag.py:525} INFO - Filling up the DagBag from /home/airflow/.local/lib/python3.7/site-packages/airflow/example_dags/example_kubernetes_executor.py
[2022-10-03T12:42:47.034+0000] {processor.py:768} INFO - DAG(s) dict_keys(['example_kubernetes_executor']) retrieved from /home/airflow/.local/lib/python3.7/site-packages/airflow/example_dags/example_kubernetes_executor.py
[2022-10-03T12:42:47.083+0000] {logging_mixin.py:117} INFO - [2022-10-03T12:42:47.082+0000] {dag.py:2573} INFO - Sync 1 DAGs
[2022-10-03T12:42:47.112+0000] {logging_mixin.py:117} INFO - [2022-10-03T12:42:47.111+0000] {dag.py:3328} INFO - Setting next_dagrun for example_kubernetes_executor to None, run_after=None
[2022-10-03T12:42:47.141+0000] {processor.py:178} INFO - Processing /home/airflow/.local/lib/python3.7/site-packages/airflow/example_dags/example_kubernetes_executor.py took 0.149 seconds
[2022-10-03T12:43:17.707+0000] {processor.py:156} INFO - Started process (PID=7750) to work on /home/airflow/.local/lib/python3.7/site-packages/airflow/example_dags/example_kubernetes_executor.py
[2022-10-03T12:43:17.709+0000] {processor.py:758} INFO - Processing file /home/airflow/.local/lib/python3.7/site-packages/airflow/example_dags/example_kubernetes_executor.py for tasks to queue
[2022-10-03T12:43:17.710+0000] {logging_mixin.py:117} INFO - [2022-10-03T12:43:17.710+0000] {dagbag.py:525} INFO - Filling up the DagBag from /home/airflow/.local/lib/python3.7/site-packages/airflow/example_dags/example_kubernetes_executor.py
[2022-10-03T12:43:17.779+0000] {processor.py:768} INFO - DAG(s) dict_keys(['example_kubernetes_executor']) retrieved from /home/airflow/.local/lib/python3.7/site-packages/airflow/example_dags/example_kubernetes_executor.py
[2022-10-03T12:43:17.870+0000] {logging_mixin.py:117} INFO - [2022-10-03T12:43:17.870+0000] {dag.py:2573} INFO - Sync 1 DAGs
[2022-10-03T12:43:17.929+0000] {logging_mixin.py:117} INFO - [2022-10-03T12:43:17.929+0000] {dag.py:3328} INFO - Setting next_dagrun for example_kubernetes_executor to None, run_after=None
[2022-10-03T12:43:17.983+0000] {processor.py:178} INFO - Processing /home/airflow/.local/lib/python3.7/site-packages/airflow/example_dags/example_kubernetes_executor.py took 0.283 seconds
[2022-10-03T12:43:48.243+0000] {processor.py:156} INFO - Started process (PID=7948) to work on /home/airflow/.local/lib/python3.7/site-packages/airflow/example_dags/example_kubernetes_executor.py
[2022-10-03T12:43:48.243+0000] {processor.py:758} INFO - Processing file /home/airflow/.local/lib/python3.7/site-packages/airflow/example_dags/example_kubernetes_executor.py for tasks to queue
[2022-10-03T12:43:48.244+0000] {logging_mixin.py:117} INFO - [2022-10-03T12:43:48.244+0000] {dagbag.py:525} INFO - Filling up the DagBag from /home/airflow/.local/lib/python3.7/site-packages/airflow/example_dags/example_kubernetes_executor.py
[2022-10-03T12:43:48.277+0000] {processor.py:768} INFO - DAG(s) dict_keys(['example_kubernetes_executor']) retrieved from /home/airflow/.local/lib/python3.7/site-packages/airflow/example_dags/example_kubernetes_executor.py
[2022-10-03T12:43:48.324+0000] {logging_mixin.py:117} INFO - [2022-10-03T12:43:48.324+0000] {dag.py:2573} INFO - Sync 1 DAGs
[2022-10-03T12:43:48.356+0000] {logging_mixin.py:117} INFO - [2022-10-03T12:43:48.356+0000] {dag.py:3328} INFO - Setting next_dagrun for example_kubernetes_executor to None, run_after=None
[2022-10-03T12:43:48.384+0000] {processor.py:178} INFO - Processing /home/airflow/.local/lib/python3.7/site-packages/airflow/example_dags/example_kubernetes_executor.py took 0.144 seconds
[2022-10-03T12:44:18.940+0000] {processor.py:156} INFO - Started process (PID=8155) to work on /home/airflow/.local/lib/python3.7/site-packages/airflow/example_dags/example_kubernetes_executor.py
[2022-10-03T12:44:18.941+0000] {processor.py:758} INFO - Processing file /home/airflow/.local/lib/python3.7/site-packages/airflow/example_dags/example_kubernetes_executor.py for tasks to queue
[2022-10-03T12:44:18.942+0000] {logging_mixin.py:117} INFO - [2022-10-03T12:44:18.942+0000] {dagbag.py:525} INFO - Filling up the DagBag from /home/airflow/.local/lib/python3.7/site-packages/airflow/example_dags/example_kubernetes_executor.py
[2022-10-03T12:44:18.970+0000] {processor.py:768} INFO - DAG(s) dict_keys(['example_kubernetes_executor']) retrieved from /home/airflow/.local/lib/python3.7/site-packages/airflow/example_dags/example_kubernetes_executor.py
[2022-10-03T12:44:19.014+0000] {logging_mixin.py:117} INFO - [2022-10-03T12:44:19.014+0000] {dag.py:2573} INFO - Sync 1 DAGs
[2022-10-03T12:44:19.043+0000] {logging_mixin.py:117} INFO - [2022-10-03T12:44:19.043+0000] {dag.py:3328} INFO - Setting next_dagrun for example_kubernetes_executor to None, run_after=None
[2022-10-03T12:44:19.070+0000] {processor.py:178} INFO - Processing /home/airflow/.local/lib/python3.7/site-packages/airflow/example_dags/example_kubernetes_executor.py took 0.132 seconds
[2022-10-03T12:44:49.580+0000] {processor.py:156} INFO - Started process (PID=8353) to work on /home/airflow/.local/lib/python3.7/site-packages/airflow/example_dags/example_kubernetes_executor.py
[2022-10-03T12:44:49.581+0000] {processor.py:758} INFO - Processing file /home/airflow/.local/lib/python3.7/site-packages/airflow/example_dags/example_kubernetes_executor.py for tasks to queue
[2022-10-03T12:44:49.582+0000] {logging_mixin.py:117} INFO - [2022-10-03T12:44:49.582+0000] {dagbag.py:525} INFO - Filling up the DagBag from /home/airflow/.local/lib/python3.7/site-packages/airflow/example_dags/example_kubernetes_executor.py
[2022-10-03T12:44:49.615+0000] {processor.py:768} INFO - DAG(s) dict_keys(['example_kubernetes_executor']) retrieved from /home/airflow/.local/lib/python3.7/site-packages/airflow/example_dags/example_kubernetes_executor.py
[2022-10-03T12:44:49.662+0000] {logging_mixin.py:117} INFO - [2022-10-03T12:44:49.662+0000] {dag.py:2573} INFO - Sync 1 DAGs
[2022-10-03T12:44:49.703+0000] {logging_mixin.py:117} INFO - [2022-10-03T12:44:49.703+0000] {dag.py:3328} INFO - Setting next_dagrun for example_kubernetes_executor to None, run_after=None
[2022-10-03T12:44:49.729+0000] {processor.py:178} INFO - Processing /home/airflow/.local/lib/python3.7/site-packages/airflow/example_dags/example_kubernetes_executor.py took 0.152 seconds
[2022-10-03T12:45:19.824+0000] {processor.py:156} INFO - Started process (PID=8561) to work on /home/airflow/.local/lib/python3.7/site-packages/airflow/example_dags/example_kubernetes_executor.py
[2022-10-03T12:45:19.825+0000] {processor.py:758} INFO - Processing file /home/airflow/.local/lib/python3.7/site-packages/airflow/example_dags/example_kubernetes_executor.py for tasks to queue
[2022-10-03T12:45:19.826+0000] {logging_mixin.py:117} INFO - [2022-10-03T12:45:19.826+0000] {dagbag.py:525} INFO - Filling up the DagBag from /home/airflow/.local/lib/python3.7/site-packages/airflow/example_dags/example_kubernetes_executor.py
[2022-10-03T12:45:19.859+0000] {processor.py:768} INFO - DAG(s) dict_keys(['example_kubernetes_executor']) retrieved from /home/airflow/.local/lib/python3.7/site-packages/airflow/example_dags/example_kubernetes_executor.py
[2022-10-03T12:45:19.905+0000] {logging_mixin.py:117} INFO - [2022-10-03T12:45:19.905+0000] {dag.py:2573} INFO - Sync 1 DAGs
[2022-10-03T12:45:19.935+0000] {logging_mixin.py:117} INFO - [2022-10-03T12:45:19.935+0000] {dag.py:3328} INFO - Setting next_dagrun for example_kubernetes_executor to None, run_after=None
[2022-10-03T12:45:19.966+0000] {processor.py:178} INFO - Processing /home/airflow/.local/lib/python3.7/site-packages/airflow/example_dags/example_kubernetes_executor.py took 0.145 seconds
[2022-10-03T12:45:50.152+0000] {processor.py:156} INFO - Started process (PID=8770) to work on /home/airflow/.local/lib/python3.7/site-packages/airflow/example_dags/example_kubernetes_executor.py
[2022-10-03T12:45:50.153+0000] {processor.py:758} INFO - Processing file /home/airflow/.local/lib/python3.7/site-packages/airflow/example_dags/example_kubernetes_executor.py for tasks to queue
[2022-10-03T12:45:50.153+0000] {logging_mixin.py:117} INFO - [2022-10-03T12:45:50.153+0000] {dagbag.py:525} INFO - Filling up the DagBag from /home/airflow/.local/lib/python3.7/site-packages/airflow/example_dags/example_kubernetes_executor.py
[2022-10-03T12:45:50.192+0000] {processor.py:768} INFO - DAG(s) dict_keys(['example_kubernetes_executor']) retrieved from /home/airflow/.local/lib/python3.7/site-packages/airflow/example_dags/example_kubernetes_executor.py
[2022-10-03T12:45:50.245+0000] {logging_mixin.py:117} INFO - [2022-10-03T12:45:50.245+0000] {dag.py:2573} INFO - Sync 1 DAGs
[2022-10-03T12:45:50.283+0000] {logging_mixin.py:117} INFO - [2022-10-03T12:45:50.282+0000] {dag.py:3328} INFO - Setting next_dagrun for example_kubernetes_executor to None, run_after=None
[2022-10-03T12:45:50.310+0000] {processor.py:178} INFO - Processing /home/airflow/.local/lib/python3.7/site-packages/airflow/example_dags/example_kubernetes_executor.py took 0.163 seconds
