[2022-10-03T12:24:28.353+0000] {processor.py:156} INFO - Started process (PID=347) to work on /home/airflow/.local/lib/python3.7/site-packages/airflow/example_dags/example_external_task_marker_dag.py
[2022-10-03T12:24:28.355+0000] {processor.py:758} INFO - Processing file /home/airflow/.local/lib/python3.7/site-packages/airflow/example_dags/example_external_task_marker_dag.py for tasks to queue
[2022-10-03T12:24:28.356+0000] {logging_mixin.py:117} INFO - [2022-10-03T12:24:28.356+0000] {dagbag.py:525} INFO - Filling up the DagBag from /home/airflow/.local/lib/python3.7/site-packages/airflow/example_dags/example_external_task_marker_dag.py
[2022-10-03T12:24:28.407+0000] {processor.py:768} INFO - DAG(s) dict_keys(['example_external_task_marker_parent', 'example_external_task_marker_child']) retrieved from /home/airflow/.local/lib/python3.7/site-packages/airflow/example_dags/example_external_task_marker_dag.py
[2022-10-03T12:24:28.985+0000] {logging_mixin.py:117} INFO - [2022-10-03T12:24:28.984+0000] {dag.py:2573} INFO - Sync 2 DAGs
[2022-10-03T12:24:29.314+0000] {logging_mixin.py:117} INFO - [2022-10-03T12:24:29.314+0000] {dag.py:3328} INFO - Setting next_dagrun for example_external_task_marker_child to None, run_after=None
[2022-10-03T12:24:29.322+0000] {logging_mixin.py:117} INFO - [2022-10-03T12:24:29.322+0000] {dag.py:3328} INFO - Setting next_dagrun for example_external_task_marker_parent to None, run_after=None
[2022-10-03T12:24:29.374+0000] {processor.py:178} INFO - Processing /home/airflow/.local/lib/python3.7/site-packages/airflow/example_dags/example_external_task_marker_dag.py took 1.031 seconds
[2022-10-03T12:25:00.826+0000] {processor.py:156} INFO - Started process (PID=546) to work on /home/airflow/.local/lib/python3.7/site-packages/airflow/example_dags/example_external_task_marker_dag.py
[2022-10-03T12:25:00.828+0000] {processor.py:758} INFO - Processing file /home/airflow/.local/lib/python3.7/site-packages/airflow/example_dags/example_external_task_marker_dag.py for tasks to queue
[2022-10-03T12:25:00.828+0000] {logging_mixin.py:117} INFO - [2022-10-03T12:25:00.828+0000] {dagbag.py:525} INFO - Filling up the DagBag from /home/airflow/.local/lib/python3.7/site-packages/airflow/example_dags/example_external_task_marker_dag.py
[2022-10-03T12:25:00.845+0000] {processor.py:768} INFO - DAG(s) dict_keys(['example_external_task_marker_child', 'example_external_task_marker_parent']) retrieved from /home/airflow/.local/lib/python3.7/site-packages/airflow/example_dags/example_external_task_marker_dag.py
[2022-10-03T12:25:01.228+0000] {logging_mixin.py:117} INFO - [2022-10-03T12:25:01.227+0000] {dag.py:2573} INFO - Sync 2 DAGs
[2022-10-03T12:25:01.257+0000] {logging_mixin.py:117} INFO - [2022-10-03T12:25:01.257+0000] {dag.py:3328} INFO - Setting next_dagrun for example_external_task_marker_child to None, run_after=None
[2022-10-03T12:25:01.262+0000] {logging_mixin.py:117} INFO - [2022-10-03T12:25:01.262+0000] {dag.py:3328} INFO - Setting next_dagrun for example_external_task_marker_parent to None, run_after=None
[2022-10-03T12:25:01.288+0000] {processor.py:178} INFO - Processing /home/airflow/.local/lib/python3.7/site-packages/airflow/example_dags/example_external_task_marker_dag.py took 0.466 seconds
[2022-10-03T12:25:31.740+0000] {processor.py:156} INFO - Started process (PID=746) to work on /home/airflow/.local/lib/python3.7/site-packages/airflow/example_dags/example_external_task_marker_dag.py
[2022-10-03T12:25:31.743+0000] {processor.py:758} INFO - Processing file /home/airflow/.local/lib/python3.7/site-packages/airflow/example_dags/example_external_task_marker_dag.py for tasks to queue
[2022-10-03T12:25:31.744+0000] {logging_mixin.py:117} INFO - [2022-10-03T12:25:31.744+0000] {dagbag.py:525} INFO - Filling up the DagBag from /home/airflow/.local/lib/python3.7/site-packages/airflow/example_dags/example_external_task_marker_dag.py
[2022-10-03T12:25:31.787+0000] {processor.py:768} INFO - DAG(s) dict_keys(['example_external_task_marker_child', 'example_external_task_marker_parent']) retrieved from /home/airflow/.local/lib/python3.7/site-packages/airflow/example_dags/example_external_task_marker_dag.py
[2022-10-03T12:25:32.664+0000] {logging_mixin.py:117} INFO - [2022-10-03T12:25:32.664+0000] {dag.py:2573} INFO - Sync 2 DAGs
[2022-10-03T12:25:32.737+0000] {logging_mixin.py:117} INFO - [2022-10-03T12:25:32.736+0000] {dag.py:3328} INFO - Setting next_dagrun for example_external_task_marker_child to None, run_after=None
[2022-10-03T12:25:32.744+0000] {logging_mixin.py:117} INFO - [2022-10-03T12:25:32.744+0000] {dag.py:3328} INFO - Setting next_dagrun for example_external_task_marker_parent to None, run_after=None
[2022-10-03T12:25:32.796+0000] {processor.py:178} INFO - Processing /home/airflow/.local/lib/python3.7/site-packages/airflow/example_dags/example_external_task_marker_dag.py took 1.064 seconds
[2022-10-03T12:26:02.992+0000] {processor.py:156} INFO - Started process (PID=953) to work on /home/airflow/.local/lib/python3.7/site-packages/airflow/example_dags/example_external_task_marker_dag.py
[2022-10-03T12:26:02.994+0000] {processor.py:758} INFO - Processing file /home/airflow/.local/lib/python3.7/site-packages/airflow/example_dags/example_external_task_marker_dag.py for tasks to queue
[2022-10-03T12:26:02.996+0000] {logging_mixin.py:117} INFO - [2022-10-03T12:26:02.995+0000] {dagbag.py:525} INFO - Filling up the DagBag from /home/airflow/.local/lib/python3.7/site-packages/airflow/example_dags/example_external_task_marker_dag.py
[2022-10-03T12:26:03.038+0000] {processor.py:768} INFO - DAG(s) dict_keys(['example_external_task_marker_parent', 'example_external_task_marker_child']) retrieved from /home/airflow/.local/lib/python3.7/site-packages/airflow/example_dags/example_external_task_marker_dag.py
[2022-10-03T12:26:03.758+0000] {logging_mixin.py:117} INFO - [2022-10-03T12:26:03.758+0000] {dag.py:2573} INFO - Sync 2 DAGs
[2022-10-03T12:26:03.815+0000] {logging_mixin.py:117} INFO - [2022-10-03T12:26:03.815+0000] {dag.py:3328} INFO - Setting next_dagrun for example_external_task_marker_child to None, run_after=None
[2022-10-03T12:26:03.823+0000] {logging_mixin.py:117} INFO - [2022-10-03T12:26:03.822+0000] {dag.py:3328} INFO - Setting next_dagrun for example_external_task_marker_parent to None, run_after=None
[2022-10-03T12:26:03.865+0000] {processor.py:178} INFO - Processing /home/airflow/.local/lib/python3.7/site-packages/airflow/example_dags/example_external_task_marker_dag.py took 0.880 seconds
[2022-10-03T12:26:34.055+0000] {processor.py:156} INFO - Started process (PID=1152) to work on /home/airflow/.local/lib/python3.7/site-packages/airflow/example_dags/example_external_task_marker_dag.py
[2022-10-03T12:26:34.056+0000] {processor.py:758} INFO - Processing file /home/airflow/.local/lib/python3.7/site-packages/airflow/example_dags/example_external_task_marker_dag.py for tasks to queue
[2022-10-03T12:26:34.056+0000] {logging_mixin.py:117} INFO - [2022-10-03T12:26:34.056+0000] {dagbag.py:525} INFO - Filling up the DagBag from /home/airflow/.local/lib/python3.7/site-packages/airflow/example_dags/example_external_task_marker_dag.py
[2022-10-03T12:26:34.072+0000] {processor.py:768} INFO - DAG(s) dict_keys(['example_external_task_marker_child', 'example_external_task_marker_parent']) retrieved from /home/airflow/.local/lib/python3.7/site-packages/airflow/example_dags/example_external_task_marker_dag.py
[2022-10-03T12:26:34.509+0000] {logging_mixin.py:117} INFO - [2022-10-03T12:26:34.509+0000] {dag.py:2573} INFO - Sync 2 DAGs
[2022-10-03T12:26:34.544+0000] {logging_mixin.py:117} INFO - [2022-10-03T12:26:34.543+0000] {dag.py:3328} INFO - Setting next_dagrun for example_external_task_marker_child to None, run_after=None
[2022-10-03T12:26:34.547+0000] {logging_mixin.py:117} INFO - [2022-10-03T12:26:34.547+0000] {dag.py:3328} INFO - Setting next_dagrun for example_external_task_marker_parent to None, run_after=None
[2022-10-03T12:26:34.574+0000] {processor.py:178} INFO - Processing /home/airflow/.local/lib/python3.7/site-packages/airflow/example_dags/example_external_task_marker_dag.py took 0.523 seconds
[2022-10-03T12:27:05.307+0000] {processor.py:156} INFO - Started process (PID=1377) to work on /home/airflow/.local/lib/python3.7/site-packages/airflow/example_dags/example_external_task_marker_dag.py
[2022-10-03T12:27:05.308+0000] {processor.py:758} INFO - Processing file /home/airflow/.local/lib/python3.7/site-packages/airflow/example_dags/example_external_task_marker_dag.py for tasks to queue
[2022-10-03T12:27:05.309+0000] {logging_mixin.py:117} INFO - [2022-10-03T12:27:05.309+0000] {dagbag.py:525} INFO - Filling up the DagBag from /home/airflow/.local/lib/python3.7/site-packages/airflow/example_dags/example_external_task_marker_dag.py
[2022-10-03T12:27:05.603+0000] {processor.py:768} INFO - DAG(s) dict_keys(['example_external_task_marker_parent', 'example_external_task_marker_child']) retrieved from /home/airflow/.local/lib/python3.7/site-packages/airflow/example_dags/example_external_task_marker_dag.py
[2022-10-03T12:27:06.141+0000] {logging_mixin.py:117} INFO - [2022-10-03T12:27:06.140+0000] {dag.py:2573} INFO - Sync 2 DAGs
[2022-10-03T12:27:06.195+0000] {logging_mixin.py:117} INFO - [2022-10-03T12:27:06.194+0000] {dag.py:3328} INFO - Setting next_dagrun for example_external_task_marker_child to None, run_after=None
[2022-10-03T12:27:06.205+0000] {logging_mixin.py:117} INFO - [2022-10-03T12:27:06.205+0000] {dag.py:3328} INFO - Setting next_dagrun for example_external_task_marker_parent to None, run_after=None
[2022-10-03T12:27:06.246+0000] {processor.py:178} INFO - Processing /home/airflow/.local/lib/python3.7/site-packages/airflow/example_dags/example_external_task_marker_dag.py took 0.947 seconds
[2022-10-03T12:27:36.707+0000] {processor.py:156} INFO - Started process (PID=1593) to work on /home/airflow/.local/lib/python3.7/site-packages/airflow/example_dags/example_external_task_marker_dag.py
[2022-10-03T12:27:36.708+0000] {processor.py:758} INFO - Processing file /home/airflow/.local/lib/python3.7/site-packages/airflow/example_dags/example_external_task_marker_dag.py for tasks to queue
[2022-10-03T12:27:36.709+0000] {logging_mixin.py:117} INFO - [2022-10-03T12:27:36.709+0000] {dagbag.py:525} INFO - Filling up the DagBag from /home/airflow/.local/lib/python3.7/site-packages/airflow/example_dags/example_external_task_marker_dag.py
[2022-10-03T12:27:36.725+0000] {processor.py:768} INFO - DAG(s) dict_keys(['example_external_task_marker_parent', 'example_external_task_marker_child']) retrieved from /home/airflow/.local/lib/python3.7/site-packages/airflow/example_dags/example_external_task_marker_dag.py
[2022-10-03T12:27:36.932+0000] {logging_mixin.py:117} INFO - [2022-10-03T12:27:36.932+0000] {dag.py:2573} INFO - Sync 2 DAGs
[2022-10-03T12:27:36.962+0000] {logging_mixin.py:117} INFO - [2022-10-03T12:27:36.962+0000] {dag.py:3328} INFO - Setting next_dagrun for example_external_task_marker_child to None, run_after=None
[2022-10-03T12:27:36.966+0000] {logging_mixin.py:117} INFO - [2022-10-03T12:27:36.966+0000] {dag.py:3328} INFO - Setting next_dagrun for example_external_task_marker_parent to None, run_after=None
[2022-10-03T12:27:36.987+0000] {processor.py:178} INFO - Processing /home/airflow/.local/lib/python3.7/site-packages/airflow/example_dags/example_external_task_marker_dag.py took 0.284 seconds
[2022-10-03T12:28:07.249+0000] {processor.py:156} INFO - Started process (PID=1800) to work on /home/airflow/.local/lib/python3.7/site-packages/airflow/example_dags/example_external_task_marker_dag.py
[2022-10-03T12:28:07.250+0000] {processor.py:758} INFO - Processing file /home/airflow/.local/lib/python3.7/site-packages/airflow/example_dags/example_external_task_marker_dag.py for tasks to queue
[2022-10-03T12:28:07.252+0000] {logging_mixin.py:117} INFO - [2022-10-03T12:28:07.252+0000] {dagbag.py:525} INFO - Filling up the DagBag from /home/airflow/.local/lib/python3.7/site-packages/airflow/example_dags/example_external_task_marker_dag.py
[2022-10-03T12:28:07.287+0000] {processor.py:768} INFO - DAG(s) dict_keys(['example_external_task_marker_parent', 'example_external_task_marker_child']) retrieved from /home/airflow/.local/lib/python3.7/site-packages/airflow/example_dags/example_external_task_marker_dag.py
[2022-10-03T12:28:07.858+0000] {logging_mixin.py:117} INFO - [2022-10-03T12:28:07.857+0000] {dag.py:2573} INFO - Sync 2 DAGs
[2022-10-03T12:28:07.922+0000] {logging_mixin.py:117} INFO - [2022-10-03T12:28:07.922+0000] {dag.py:3328} INFO - Setting next_dagrun for example_external_task_marker_child to None, run_after=None
[2022-10-03T12:28:07.932+0000] {logging_mixin.py:117} INFO - [2022-10-03T12:28:07.931+0000] {dag.py:3328} INFO - Setting next_dagrun for example_external_task_marker_parent to None, run_after=None
[2022-10-03T12:28:07.976+0000] {processor.py:178} INFO - Processing /home/airflow/.local/lib/python3.7/site-packages/airflow/example_dags/example_external_task_marker_dag.py took 0.737 seconds
[2022-10-03T12:28:38.391+0000] {processor.py:156} INFO - Started process (PID=2008) to work on /home/airflow/.local/lib/python3.7/site-packages/airflow/example_dags/example_external_task_marker_dag.py
[2022-10-03T12:28:38.393+0000] {processor.py:758} INFO - Processing file /home/airflow/.local/lib/python3.7/site-packages/airflow/example_dags/example_external_task_marker_dag.py for tasks to queue
[2022-10-03T12:28:38.396+0000] {logging_mixin.py:117} INFO - [2022-10-03T12:28:38.395+0000] {dagbag.py:525} INFO - Filling up the DagBag from /home/airflow/.local/lib/python3.7/site-packages/airflow/example_dags/example_external_task_marker_dag.py
[2022-10-03T12:28:38.436+0000] {processor.py:768} INFO - DAG(s) dict_keys(['example_external_task_marker_child', 'example_external_task_marker_parent']) retrieved from /home/airflow/.local/lib/python3.7/site-packages/airflow/example_dags/example_external_task_marker_dag.py
[2022-10-03T12:28:38.965+0000] {logging_mixin.py:117} INFO - [2022-10-03T12:28:38.964+0000] {dag.py:2573} INFO - Sync 2 DAGs
[2022-10-03T12:28:39.026+0000] {logging_mixin.py:117} INFO - [2022-10-03T12:28:39.026+0000] {dag.py:3328} INFO - Setting next_dagrun for example_external_task_marker_child to None, run_after=None
[2022-10-03T12:28:39.034+0000] {logging_mixin.py:117} INFO - [2022-10-03T12:28:39.034+0000] {dag.py:3328} INFO - Setting next_dagrun for example_external_task_marker_parent to None, run_after=None
[2022-10-03T12:28:39.078+0000] {processor.py:178} INFO - Processing /home/airflow/.local/lib/python3.7/site-packages/airflow/example_dags/example_external_task_marker_dag.py took 0.694 seconds
[2022-10-03T12:29:09.347+0000] {processor.py:156} INFO - Started process (PID=2206) to work on /home/airflow/.local/lib/python3.7/site-packages/airflow/example_dags/example_external_task_marker_dag.py
[2022-10-03T12:29:09.348+0000] {processor.py:758} INFO - Processing file /home/airflow/.local/lib/python3.7/site-packages/airflow/example_dags/example_external_task_marker_dag.py for tasks to queue
[2022-10-03T12:29:09.350+0000] {logging_mixin.py:117} INFO - [2022-10-03T12:29:09.349+0000] {dagbag.py:525} INFO - Filling up the DagBag from /home/airflow/.local/lib/python3.7/site-packages/airflow/example_dags/example_external_task_marker_dag.py
[2022-10-03T12:29:09.384+0000] {processor.py:768} INFO - DAG(s) dict_keys(['example_external_task_marker_parent', 'example_external_task_marker_child']) retrieved from /home/airflow/.local/lib/python3.7/site-packages/airflow/example_dags/example_external_task_marker_dag.py
[2022-10-03T12:29:09.792+0000] {logging_mixin.py:117} INFO - [2022-10-03T12:29:09.792+0000] {dag.py:2573} INFO - Sync 2 DAGs
[2022-10-03T12:29:09.822+0000] {logging_mixin.py:117} INFO - [2022-10-03T12:29:09.822+0000] {dag.py:3328} INFO - Setting next_dagrun for example_external_task_marker_child to None, run_after=None
[2022-10-03T12:29:09.826+0000] {logging_mixin.py:117} INFO - [2022-10-03T12:29:09.826+0000] {dag.py:3328} INFO - Setting next_dagrun for example_external_task_marker_parent to None, run_after=None
[2022-10-03T12:29:09.852+0000] {processor.py:178} INFO - Processing /home/airflow/.local/lib/python3.7/site-packages/airflow/example_dags/example_external_task_marker_dag.py took 0.512 seconds
[2022-10-03T12:29:40.495+0000] {processor.py:156} INFO - Started process (PID=2413) to work on /home/airflow/.local/lib/python3.7/site-packages/airflow/example_dags/example_external_task_marker_dag.py
[2022-10-03T12:29:40.497+0000] {processor.py:758} INFO - Processing file /home/airflow/.local/lib/python3.7/site-packages/airflow/example_dags/example_external_task_marker_dag.py for tasks to queue
[2022-10-03T12:29:40.498+0000] {logging_mixin.py:117} INFO - [2022-10-03T12:29:40.498+0000] {dagbag.py:525} INFO - Filling up the DagBag from /home/airflow/.local/lib/python3.7/site-packages/airflow/example_dags/example_external_task_marker_dag.py
[2022-10-03T12:29:40.524+0000] {processor.py:768} INFO - DAG(s) dict_keys(['example_external_task_marker_parent', 'example_external_task_marker_child']) retrieved from /home/airflow/.local/lib/python3.7/site-packages/airflow/example_dags/example_external_task_marker_dag.py
[2022-10-03T12:29:40.856+0000] {logging_mixin.py:117} INFO - [2022-10-03T12:29:40.855+0000] {dag.py:2573} INFO - Sync 2 DAGs
[2022-10-03T12:29:40.896+0000] {logging_mixin.py:117} INFO - [2022-10-03T12:29:40.896+0000] {dag.py:3328} INFO - Setting next_dagrun for example_external_task_marker_child to None, run_after=None
[2022-10-03T12:29:40.901+0000] {logging_mixin.py:117} INFO - [2022-10-03T12:29:40.901+0000] {dag.py:3328} INFO - Setting next_dagrun for example_external_task_marker_parent to None, run_after=None
[2022-10-03T12:29:40.929+0000] {processor.py:178} INFO - Processing /home/airflow/.local/lib/python3.7/site-packages/airflow/example_dags/example_external_task_marker_dag.py took 0.439 seconds
[2022-10-03T12:30:10.984+0000] {processor.py:156} INFO - Started process (PID=2608) to work on /home/airflow/.local/lib/python3.7/site-packages/airflow/example_dags/example_external_task_marker_dag.py
[2022-10-03T12:30:10.984+0000] {processor.py:758} INFO - Processing file /home/airflow/.local/lib/python3.7/site-packages/airflow/example_dags/example_external_task_marker_dag.py for tasks to queue
[2022-10-03T12:30:10.986+0000] {logging_mixin.py:117} INFO - [2022-10-03T12:30:10.985+0000] {dagbag.py:525} INFO - Filling up the DagBag from /home/airflow/.local/lib/python3.7/site-packages/airflow/example_dags/example_external_task_marker_dag.py
[2022-10-03T12:30:11.005+0000] {processor.py:768} INFO - DAG(s) dict_keys(['example_external_task_marker_child', 'example_external_task_marker_parent']) retrieved from /home/airflow/.local/lib/python3.7/site-packages/airflow/example_dags/example_external_task_marker_dag.py
[2022-10-03T12:30:11.276+0000] {logging_mixin.py:117} INFO - [2022-10-03T12:30:11.276+0000] {dag.py:2573} INFO - Sync 2 DAGs
[2022-10-03T12:30:11.303+0000] {logging_mixin.py:117} INFO - [2022-10-03T12:30:11.303+0000] {dag.py:3328} INFO - Setting next_dagrun for example_external_task_marker_child to None, run_after=None
[2022-10-03T12:30:11.307+0000] {logging_mixin.py:117} INFO - [2022-10-03T12:30:11.307+0000] {dag.py:3328} INFO - Setting next_dagrun for example_external_task_marker_parent to None, run_after=None
[2022-10-03T12:30:11.329+0000] {processor.py:178} INFO - Processing /home/airflow/.local/lib/python3.7/site-packages/airflow/example_dags/example_external_task_marker_dag.py took 0.351 seconds
[2022-10-03T12:30:41.776+0000] {processor.py:156} INFO - Started process (PID=2815) to work on /home/airflow/.local/lib/python3.7/site-packages/airflow/example_dags/example_external_task_marker_dag.py
[2022-10-03T12:30:41.779+0000] {processor.py:758} INFO - Processing file /home/airflow/.local/lib/python3.7/site-packages/airflow/example_dags/example_external_task_marker_dag.py for tasks to queue
[2022-10-03T12:30:41.783+0000] {logging_mixin.py:117} INFO - [2022-10-03T12:30:41.782+0000] {dagbag.py:525} INFO - Filling up the DagBag from /home/airflow/.local/lib/python3.7/site-packages/airflow/example_dags/example_external_task_marker_dag.py
[2022-10-03T12:30:41.826+0000] {processor.py:768} INFO - DAG(s) dict_keys(['example_external_task_marker_child', 'example_external_task_marker_parent']) retrieved from /home/airflow/.local/lib/python3.7/site-packages/airflow/example_dags/example_external_task_marker_dag.py
[2022-10-03T12:30:42.336+0000] {logging_mixin.py:117} INFO - [2022-10-03T12:30:42.336+0000] {dag.py:2573} INFO - Sync 2 DAGs
[2022-10-03T12:30:42.399+0000] {logging_mixin.py:117} INFO - [2022-10-03T12:30:42.398+0000] {dag.py:3328} INFO - Setting next_dagrun for example_external_task_marker_child to None, run_after=None
[2022-10-03T12:30:42.406+0000] {logging_mixin.py:117} INFO - [2022-10-03T12:30:42.406+0000] {dag.py:3328} INFO - Setting next_dagrun for example_external_task_marker_parent to None, run_after=None
[2022-10-03T12:30:42.450+0000] {processor.py:178} INFO - Processing /home/airflow/.local/lib/python3.7/site-packages/airflow/example_dags/example_external_task_marker_dag.py took 0.682 seconds
[2022-10-03T12:31:13.407+0000] {processor.py:156} INFO - Started process (PID=3040) to work on /home/airflow/.local/lib/python3.7/site-packages/airflow/example_dags/example_external_task_marker_dag.py
[2022-10-03T12:31:13.408+0000] {processor.py:758} INFO - Processing file /home/airflow/.local/lib/python3.7/site-packages/airflow/example_dags/example_external_task_marker_dag.py for tasks to queue
[2022-10-03T12:31:13.409+0000] {logging_mixin.py:117} INFO - [2022-10-03T12:31:13.409+0000] {dagbag.py:525} INFO - Filling up the DagBag from /home/airflow/.local/lib/python3.7/site-packages/airflow/example_dags/example_external_task_marker_dag.py
[2022-10-03T12:31:13.426+0000] {processor.py:768} INFO - DAG(s) dict_keys(['example_external_task_marker_parent', 'example_external_task_marker_child']) retrieved from /home/airflow/.local/lib/python3.7/site-packages/airflow/example_dags/example_external_task_marker_dag.py
[2022-10-03T12:31:13.659+0000] {logging_mixin.py:117} INFO - [2022-10-03T12:31:13.659+0000] {dag.py:2573} INFO - Sync 2 DAGs
[2022-10-03T12:31:13.690+0000] {logging_mixin.py:117} INFO - [2022-10-03T12:31:13.690+0000] {dag.py:3328} INFO - Setting next_dagrun for example_external_task_marker_child to None, run_after=None
[2022-10-03T12:31:13.695+0000] {logging_mixin.py:117} INFO - [2022-10-03T12:31:13.695+0000] {dag.py:3328} INFO - Setting next_dagrun for example_external_task_marker_parent to None, run_after=None
[2022-10-03T12:31:13.721+0000] {processor.py:178} INFO - Processing /home/airflow/.local/lib/python3.7/site-packages/airflow/example_dags/example_external_task_marker_dag.py took 0.318 seconds
[2022-10-03T12:31:43.772+0000] {processor.py:156} INFO - Started process (PID=3238) to work on /home/airflow/.local/lib/python3.7/site-packages/airflow/example_dags/example_external_task_marker_dag.py
[2022-10-03T12:31:43.773+0000] {processor.py:758} INFO - Processing file /home/airflow/.local/lib/python3.7/site-packages/airflow/example_dags/example_external_task_marker_dag.py for tasks to queue
[2022-10-03T12:31:43.774+0000] {logging_mixin.py:117} INFO - [2022-10-03T12:31:43.774+0000] {dagbag.py:525} INFO - Filling up the DagBag from /home/airflow/.local/lib/python3.7/site-packages/airflow/example_dags/example_external_task_marker_dag.py
[2022-10-03T12:31:43.790+0000] {processor.py:768} INFO - DAG(s) dict_keys(['example_external_task_marker_child', 'example_external_task_marker_parent']) retrieved from /home/airflow/.local/lib/python3.7/site-packages/airflow/example_dags/example_external_task_marker_dag.py
[2022-10-03T12:31:44.024+0000] {logging_mixin.py:117} INFO - [2022-10-03T12:31:44.024+0000] {dag.py:2573} INFO - Sync 2 DAGs
[2022-10-03T12:31:44.054+0000] {logging_mixin.py:117} INFO - [2022-10-03T12:31:44.054+0000] {dag.py:3328} INFO - Setting next_dagrun for example_external_task_marker_child to None, run_after=None
[2022-10-03T12:31:44.058+0000] {logging_mixin.py:117} INFO - [2022-10-03T12:31:44.058+0000] {dag.py:3328} INFO - Setting next_dagrun for example_external_task_marker_parent to None, run_after=None
[2022-10-03T12:31:44.082+0000] {processor.py:178} INFO - Processing /home/airflow/.local/lib/python3.7/site-packages/airflow/example_dags/example_external_task_marker_dag.py took 0.313 seconds
[2022-10-03T12:32:14.112+0000] {processor.py:156} INFO - Started process (PID=3442) to work on /home/airflow/.local/lib/python3.7/site-packages/airflow/example_dags/example_external_task_marker_dag.py
[2022-10-03T12:32:14.114+0000] {processor.py:758} INFO - Processing file /home/airflow/.local/lib/python3.7/site-packages/airflow/example_dags/example_external_task_marker_dag.py for tasks to queue
[2022-10-03T12:32:14.115+0000] {logging_mixin.py:117} INFO - [2022-10-03T12:32:14.115+0000] {dagbag.py:525} INFO - Filling up the DagBag from /home/airflow/.local/lib/python3.7/site-packages/airflow/example_dags/example_external_task_marker_dag.py
[2022-10-03T12:32:14.131+0000] {processor.py:768} INFO - DAG(s) dict_keys(['example_external_task_marker_parent', 'example_external_task_marker_child']) retrieved from /home/airflow/.local/lib/python3.7/site-packages/airflow/example_dags/example_external_task_marker_dag.py
[2022-10-03T12:32:14.348+0000] {logging_mixin.py:117} INFO - [2022-10-03T12:32:14.348+0000] {dag.py:2573} INFO - Sync 2 DAGs
[2022-10-03T12:32:14.376+0000] {logging_mixin.py:117} INFO - [2022-10-03T12:32:14.376+0000] {dag.py:3328} INFO - Setting next_dagrun for example_external_task_marker_child to None, run_after=None
[2022-10-03T12:32:14.379+0000] {logging_mixin.py:117} INFO - [2022-10-03T12:32:14.379+0000] {dag.py:3328} INFO - Setting next_dagrun for example_external_task_marker_parent to None, run_after=None
[2022-10-03T12:32:14.406+0000] {processor.py:178} INFO - Processing /home/airflow/.local/lib/python3.7/site-packages/airflow/example_dags/example_external_task_marker_dag.py took 0.297 seconds
[2022-10-03T12:32:45.086+0000] {processor.py:156} INFO - Started process (PID=3652) to work on /home/airflow/.local/lib/python3.7/site-packages/airflow/example_dags/example_external_task_marker_dag.py
[2022-10-03T12:32:45.088+0000] {processor.py:758} INFO - Processing file /home/airflow/.local/lib/python3.7/site-packages/airflow/example_dags/example_external_task_marker_dag.py for tasks to queue
[2022-10-03T12:32:45.089+0000] {logging_mixin.py:117} INFO - [2022-10-03T12:32:45.089+0000] {dagbag.py:525} INFO - Filling up the DagBag from /home/airflow/.local/lib/python3.7/site-packages/airflow/example_dags/example_external_task_marker_dag.py
[2022-10-03T12:32:45.129+0000] {processor.py:768} INFO - DAG(s) dict_keys(['example_external_task_marker_parent', 'example_external_task_marker_child']) retrieved from /home/airflow/.local/lib/python3.7/site-packages/airflow/example_dags/example_external_task_marker_dag.py
[2022-10-03T12:32:45.722+0000] {logging_mixin.py:117} INFO - [2022-10-03T12:32:45.722+0000] {dag.py:2573} INFO - Sync 2 DAGs
[2022-10-03T12:32:45.784+0000] {logging_mixin.py:117} INFO - [2022-10-03T12:32:45.784+0000] {dag.py:3328} INFO - Setting next_dagrun for example_external_task_marker_child to None, run_after=None
[2022-10-03T12:32:45.794+0000] {logging_mixin.py:117} INFO - [2022-10-03T12:32:45.793+0000] {dag.py:3328} INFO - Setting next_dagrun for example_external_task_marker_parent to None, run_after=None
[2022-10-03T12:32:45.840+0000] {processor.py:178} INFO - Processing /home/airflow/.local/lib/python3.7/site-packages/airflow/example_dags/example_external_task_marker_dag.py took 0.762 seconds
[2022-10-03T12:33:16.743+0000] {processor.py:156} INFO - Started process (PID=3850) to work on /home/airflow/.local/lib/python3.7/site-packages/airflow/example_dags/example_external_task_marker_dag.py
[2022-10-03T12:33:16.744+0000] {processor.py:758} INFO - Processing file /home/airflow/.local/lib/python3.7/site-packages/airflow/example_dags/example_external_task_marker_dag.py for tasks to queue
[2022-10-03T12:33:16.745+0000] {logging_mixin.py:117} INFO - [2022-10-03T12:33:16.745+0000] {dagbag.py:525} INFO - Filling up the DagBag from /home/airflow/.local/lib/python3.7/site-packages/airflow/example_dags/example_external_task_marker_dag.py
[2022-10-03T12:33:16.762+0000] {processor.py:768} INFO - DAG(s) dict_keys(['example_external_task_marker_child', 'example_external_task_marker_parent']) retrieved from /home/airflow/.local/lib/python3.7/site-packages/airflow/example_dags/example_external_task_marker_dag.py
[2022-10-03T12:33:16.986+0000] {logging_mixin.py:117} INFO - [2022-10-03T12:33:16.986+0000] {dag.py:2573} INFO - Sync 2 DAGs
[2022-10-03T12:33:17.023+0000] {logging_mixin.py:117} INFO - [2022-10-03T12:33:17.023+0000] {dag.py:3328} INFO - Setting next_dagrun for example_external_task_marker_child to None, run_after=None
[2022-10-03T12:33:17.027+0000] {logging_mixin.py:117} INFO - [2022-10-03T12:33:17.027+0000] {dag.py:3328} INFO - Setting next_dagrun for example_external_task_marker_parent to None, run_after=None
[2022-10-03T12:33:17.051+0000] {processor.py:178} INFO - Processing /home/airflow/.local/lib/python3.7/site-packages/airflow/example_dags/example_external_task_marker_dag.py took 0.311 seconds
[2022-10-03T12:33:47.554+0000] {processor.py:156} INFO - Started process (PID=4057) to work on /home/airflow/.local/lib/python3.7/site-packages/airflow/example_dags/example_external_task_marker_dag.py
[2022-10-03T12:33:47.555+0000] {processor.py:758} INFO - Processing file /home/airflow/.local/lib/python3.7/site-packages/airflow/example_dags/example_external_task_marker_dag.py for tasks to queue
[2022-10-03T12:33:47.556+0000] {logging_mixin.py:117} INFO - [2022-10-03T12:33:47.556+0000] {dagbag.py:525} INFO - Filling up the DagBag from /home/airflow/.local/lib/python3.7/site-packages/airflow/example_dags/example_external_task_marker_dag.py
[2022-10-03T12:33:47.575+0000] {processor.py:768} INFO - DAG(s) dict_keys(['example_external_task_marker_parent', 'example_external_task_marker_child']) retrieved from /home/airflow/.local/lib/python3.7/site-packages/airflow/example_dags/example_external_task_marker_dag.py
[2022-10-03T12:33:47.818+0000] {logging_mixin.py:117} INFO - [2022-10-03T12:33:47.817+0000] {dag.py:2573} INFO - Sync 2 DAGs
[2022-10-03T12:33:47.849+0000] {logging_mixin.py:117} INFO - [2022-10-03T12:33:47.849+0000] {dag.py:3328} INFO - Setting next_dagrun for example_external_task_marker_child to None, run_after=None
[2022-10-03T12:33:47.853+0000] {logging_mixin.py:117} INFO - [2022-10-03T12:33:47.853+0000] {dag.py:3328} INFO - Setting next_dagrun for example_external_task_marker_parent to None, run_after=None
[2022-10-03T12:33:47.877+0000] {processor.py:178} INFO - Processing /home/airflow/.local/lib/python3.7/site-packages/airflow/example_dags/example_external_task_marker_dag.py took 0.326 seconds
[2022-10-03T12:34:17.983+0000] {processor.py:156} INFO - Started process (PID=4255) to work on /home/airflow/.local/lib/python3.7/site-packages/airflow/example_dags/example_external_task_marker_dag.py
[2022-10-03T12:34:17.984+0000] {processor.py:758} INFO - Processing file /home/airflow/.local/lib/python3.7/site-packages/airflow/example_dags/example_external_task_marker_dag.py for tasks to queue
[2022-10-03T12:34:17.985+0000] {logging_mixin.py:117} INFO - [2022-10-03T12:34:17.985+0000] {dagbag.py:525} INFO - Filling up the DagBag from /home/airflow/.local/lib/python3.7/site-packages/airflow/example_dags/example_external_task_marker_dag.py
[2022-10-03T12:34:18.005+0000] {processor.py:768} INFO - DAG(s) dict_keys(['example_external_task_marker_child', 'example_external_task_marker_parent']) retrieved from /home/airflow/.local/lib/python3.7/site-packages/airflow/example_dags/example_external_task_marker_dag.py
[2022-10-03T12:34:18.272+0000] {logging_mixin.py:117} INFO - [2022-10-03T12:34:18.272+0000] {dag.py:2573} INFO - Sync 2 DAGs
[2022-10-03T12:34:18.308+0000] {logging_mixin.py:117} INFO - [2022-10-03T12:34:18.307+0000] {dag.py:3328} INFO - Setting next_dagrun for example_external_task_marker_child to None, run_after=None
[2022-10-03T12:34:18.312+0000] {logging_mixin.py:117} INFO - [2022-10-03T12:34:18.312+0000] {dag.py:3328} INFO - Setting next_dagrun for example_external_task_marker_parent to None, run_after=None
[2022-10-03T12:34:18.338+0000] {processor.py:178} INFO - Processing /home/airflow/.local/lib/python3.7/site-packages/airflow/example_dags/example_external_task_marker_dag.py took 0.358 seconds
[2022-10-03T12:34:49.352+0000] {processor.py:156} INFO - Started process (PID=4463) to work on /home/airflow/.local/lib/python3.7/site-packages/airflow/example_dags/example_external_task_marker_dag.py
[2022-10-03T12:34:49.353+0000] {processor.py:758} INFO - Processing file /home/airflow/.local/lib/python3.7/site-packages/airflow/example_dags/example_external_task_marker_dag.py for tasks to queue
[2022-10-03T12:34:49.354+0000] {logging_mixin.py:117} INFO - [2022-10-03T12:34:49.354+0000] {dagbag.py:525} INFO - Filling up the DagBag from /home/airflow/.local/lib/python3.7/site-packages/airflow/example_dags/example_external_task_marker_dag.py
[2022-10-03T12:34:49.370+0000] {processor.py:768} INFO - DAG(s) dict_keys(['example_external_task_marker_parent', 'example_external_task_marker_child']) retrieved from /home/airflow/.local/lib/python3.7/site-packages/airflow/example_dags/example_external_task_marker_dag.py
[2022-10-03T12:34:49.602+0000] {logging_mixin.py:117} INFO - [2022-10-03T12:34:49.602+0000] {dag.py:2573} INFO - Sync 2 DAGs
[2022-10-03T12:34:49.630+0000] {logging_mixin.py:117} INFO - [2022-10-03T12:34:49.630+0000] {dag.py:3328} INFO - Setting next_dagrun for example_external_task_marker_child to None, run_after=None
[2022-10-03T12:34:49.637+0000] {logging_mixin.py:117} INFO - [2022-10-03T12:34:49.637+0000] {dag.py:3328} INFO - Setting next_dagrun for example_external_task_marker_parent to None, run_after=None
[2022-10-03T12:34:49.661+0000] {processor.py:178} INFO - Processing /home/airflow/.local/lib/python3.7/site-packages/airflow/example_dags/example_external_task_marker_dag.py took 0.314 seconds
[2022-10-03T12:35:20.618+0000] {processor.py:156} INFO - Started process (PID=4661) to work on /home/airflow/.local/lib/python3.7/site-packages/airflow/example_dags/example_external_task_marker_dag.py
[2022-10-03T12:35:20.619+0000] {processor.py:758} INFO - Processing file /home/airflow/.local/lib/python3.7/site-packages/airflow/example_dags/example_external_task_marker_dag.py for tasks to queue
[2022-10-03T12:35:20.620+0000] {logging_mixin.py:117} INFO - [2022-10-03T12:35:20.619+0000] {dagbag.py:525} INFO - Filling up the DagBag from /home/airflow/.local/lib/python3.7/site-packages/airflow/example_dags/example_external_task_marker_dag.py
[2022-10-03T12:35:20.637+0000] {processor.py:768} INFO - DAG(s) dict_keys(['example_external_task_marker_child', 'example_external_task_marker_parent']) retrieved from /home/airflow/.local/lib/python3.7/site-packages/airflow/example_dags/example_external_task_marker_dag.py
[2022-10-03T12:35:20.875+0000] {logging_mixin.py:117} INFO - [2022-10-03T12:35:20.874+0000] {dag.py:2573} INFO - Sync 2 DAGs
[2022-10-03T12:35:20.911+0000] {logging_mixin.py:117} INFO - [2022-10-03T12:35:20.911+0000] {dag.py:3328} INFO - Setting next_dagrun for example_external_task_marker_child to None, run_after=None
[2022-10-03T12:35:20.915+0000] {logging_mixin.py:117} INFO - [2022-10-03T12:35:20.915+0000] {dag.py:3328} INFO - Setting next_dagrun for example_external_task_marker_parent to None, run_after=None
[2022-10-03T12:35:20.939+0000] {processor.py:178} INFO - Processing /home/airflow/.local/lib/python3.7/site-packages/airflow/example_dags/example_external_task_marker_dag.py took 0.324 seconds
[2022-10-03T12:35:51.120+0000] {processor.py:156} INFO - Started process (PID=4868) to work on /home/airflow/.local/lib/python3.7/site-packages/airflow/example_dags/example_external_task_marker_dag.py
[2022-10-03T12:35:51.121+0000] {processor.py:758} INFO - Processing file /home/airflow/.local/lib/python3.7/site-packages/airflow/example_dags/example_external_task_marker_dag.py for tasks to queue
[2022-10-03T12:35:51.121+0000] {logging_mixin.py:117} INFO - [2022-10-03T12:35:51.121+0000] {dagbag.py:525} INFO - Filling up the DagBag from /home/airflow/.local/lib/python3.7/site-packages/airflow/example_dags/example_external_task_marker_dag.py
[2022-10-03T12:35:51.138+0000] {processor.py:768} INFO - DAG(s) dict_keys(['example_external_task_marker_child', 'example_external_task_marker_parent']) retrieved from /home/airflow/.local/lib/python3.7/site-packages/airflow/example_dags/example_external_task_marker_dag.py
[2022-10-03T12:35:51.375+0000] {logging_mixin.py:117} INFO - [2022-10-03T12:35:51.374+0000] {dag.py:2573} INFO - Sync 2 DAGs
[2022-10-03T12:35:51.409+0000] {logging_mixin.py:117} INFO - [2022-10-03T12:35:51.409+0000] {dag.py:3328} INFO - Setting next_dagrun for example_external_task_marker_child to None, run_after=None
[2022-10-03T12:35:51.414+0000] {logging_mixin.py:117} INFO - [2022-10-03T12:35:51.414+0000] {dag.py:3328} INFO - Setting next_dagrun for example_external_task_marker_parent to None, run_after=None
[2022-10-03T12:35:51.439+0000] {processor.py:178} INFO - Processing /home/airflow/.local/lib/python3.7/site-packages/airflow/example_dags/example_external_task_marker_dag.py took 0.324 seconds
[2022-10-03T12:36:21.916+0000] {processor.py:156} INFO - Started process (PID=5075) to work on /home/airflow/.local/lib/python3.7/site-packages/airflow/example_dags/example_external_task_marker_dag.py
[2022-10-03T12:36:21.917+0000] {processor.py:758} INFO - Processing file /home/airflow/.local/lib/python3.7/site-packages/airflow/example_dags/example_external_task_marker_dag.py for tasks to queue
[2022-10-03T12:36:21.918+0000] {logging_mixin.py:117} INFO - [2022-10-03T12:36:21.918+0000] {dagbag.py:525} INFO - Filling up the DagBag from /home/airflow/.local/lib/python3.7/site-packages/airflow/example_dags/example_external_task_marker_dag.py
[2022-10-03T12:36:21.958+0000] {processor.py:768} INFO - DAG(s) dict_keys(['example_external_task_marker_child', 'example_external_task_marker_parent']) retrieved from /home/airflow/.local/lib/python3.7/site-packages/airflow/example_dags/example_external_task_marker_dag.py
[2022-10-03T12:36:22.731+0000] {logging_mixin.py:117} INFO - [2022-10-03T12:36:22.730+0000] {dag.py:2573} INFO - Sync 2 DAGs
[2022-10-03T12:36:22.811+0000] {logging_mixin.py:117} INFO - [2022-10-03T12:36:22.810+0000] {dag.py:3328} INFO - Setting next_dagrun for example_external_task_marker_child to None, run_after=None
[2022-10-03T12:36:22.823+0000] {logging_mixin.py:117} INFO - [2022-10-03T12:36:22.823+0000] {dag.py:3328} INFO - Setting next_dagrun for example_external_task_marker_parent to None, run_after=None
[2022-10-03T12:36:22.877+0000] {processor.py:178} INFO - Processing /home/airflow/.local/lib/python3.7/site-packages/airflow/example_dags/example_external_task_marker_dag.py took 0.968 seconds
[2022-10-03T12:36:53.232+0000] {processor.py:156} INFO - Started process (PID=5273) to work on /home/airflow/.local/lib/python3.7/site-packages/airflow/example_dags/example_external_task_marker_dag.py
[2022-10-03T12:36:53.233+0000] {processor.py:758} INFO - Processing file /home/airflow/.local/lib/python3.7/site-packages/airflow/example_dags/example_external_task_marker_dag.py for tasks to queue
[2022-10-03T12:36:53.234+0000] {logging_mixin.py:117} INFO - [2022-10-03T12:36:53.234+0000] {dagbag.py:525} INFO - Filling up the DagBag from /home/airflow/.local/lib/python3.7/site-packages/airflow/example_dags/example_external_task_marker_dag.py
[2022-10-03T12:36:53.256+0000] {processor.py:768} INFO - DAG(s) dict_keys(['example_external_task_marker_parent', 'example_external_task_marker_child']) retrieved from /home/airflow/.local/lib/python3.7/site-packages/airflow/example_dags/example_external_task_marker_dag.py
[2022-10-03T12:36:53.734+0000] {logging_mixin.py:117} INFO - [2022-10-03T12:36:53.734+0000] {dag.py:2573} INFO - Sync 2 DAGs
[2022-10-03T12:36:53.796+0000] {logging_mixin.py:117} INFO - [2022-10-03T12:36:53.795+0000] {dag.py:3328} INFO - Setting next_dagrun for example_external_task_marker_child to None, run_after=None
[2022-10-03T12:36:53.804+0000] {logging_mixin.py:117} INFO - [2022-10-03T12:36:53.804+0000] {dag.py:3328} INFO - Setting next_dagrun for example_external_task_marker_parent to None, run_after=None
[2022-10-03T12:36:53.850+0000] {processor.py:178} INFO - Processing /home/airflow/.local/lib/python3.7/site-packages/airflow/example_dags/example_external_task_marker_dag.py took 0.621 seconds
[2022-10-03T12:37:24.467+0000] {processor.py:156} INFO - Started process (PID=5480) to work on /home/airflow/.local/lib/python3.7/site-packages/airflow/example_dags/example_external_task_marker_dag.py
[2022-10-03T12:37:24.467+0000] {processor.py:758} INFO - Processing file /home/airflow/.local/lib/python3.7/site-packages/airflow/example_dags/example_external_task_marker_dag.py for tasks to queue
[2022-10-03T12:37:24.468+0000] {logging_mixin.py:117} INFO - [2022-10-03T12:37:24.468+0000] {dagbag.py:525} INFO - Filling up the DagBag from /home/airflow/.local/lib/python3.7/site-packages/airflow/example_dags/example_external_task_marker_dag.py
[2022-10-03T12:37:24.485+0000] {processor.py:768} INFO - DAG(s) dict_keys(['example_external_task_marker_parent', 'example_external_task_marker_child']) retrieved from /home/airflow/.local/lib/python3.7/site-packages/airflow/example_dags/example_external_task_marker_dag.py
[2022-10-03T12:37:24.716+0000] {logging_mixin.py:117} INFO - [2022-10-03T12:37:24.716+0000] {dag.py:2573} INFO - Sync 2 DAGs
[2022-10-03T12:37:24.749+0000] {logging_mixin.py:117} INFO - [2022-10-03T12:37:24.748+0000] {dag.py:3328} INFO - Setting next_dagrun for example_external_task_marker_child to None, run_after=None
[2022-10-03T12:37:24.753+0000] {logging_mixin.py:117} INFO - [2022-10-03T12:37:24.753+0000] {dag.py:3328} INFO - Setting next_dagrun for example_external_task_marker_parent to None, run_after=None
[2022-10-03T12:37:24.785+0000] {processor.py:178} INFO - Processing /home/airflow/.local/lib/python3.7/site-packages/airflow/example_dags/example_external_task_marker_dag.py took 0.321 seconds
[2022-10-03T12:37:55.488+0000] {processor.py:156} INFO - Started process (PID=5678) to work on /home/airflow/.local/lib/python3.7/site-packages/airflow/example_dags/example_external_task_marker_dag.py
[2022-10-03T12:37:55.489+0000] {processor.py:758} INFO - Processing file /home/airflow/.local/lib/python3.7/site-packages/airflow/example_dags/example_external_task_marker_dag.py for tasks to queue
[2022-10-03T12:37:55.490+0000] {logging_mixin.py:117} INFO - [2022-10-03T12:37:55.490+0000] {dagbag.py:525} INFO - Filling up the DagBag from /home/airflow/.local/lib/python3.7/site-packages/airflow/example_dags/example_external_task_marker_dag.py
[2022-10-03T12:37:55.515+0000] {processor.py:768} INFO - DAG(s) dict_keys(['example_external_task_marker_parent', 'example_external_task_marker_child']) retrieved from /home/airflow/.local/lib/python3.7/site-packages/airflow/example_dags/example_external_task_marker_dag.py
[2022-10-03T12:37:55.766+0000] {logging_mixin.py:117} INFO - [2022-10-03T12:37:55.765+0000] {dag.py:2573} INFO - Sync 2 DAGs
[2022-10-03T12:37:55.797+0000] {logging_mixin.py:117} INFO - [2022-10-03T12:37:55.797+0000] {dag.py:3328} INFO - Setting next_dagrun for example_external_task_marker_child to None, run_after=None
[2022-10-03T12:37:55.802+0000] {logging_mixin.py:117} INFO - [2022-10-03T12:37:55.801+0000] {dag.py:3328} INFO - Setting next_dagrun for example_external_task_marker_parent to None, run_after=None
[2022-10-03T12:37:55.828+0000] {processor.py:178} INFO - Processing /home/airflow/.local/lib/python3.7/site-packages/airflow/example_dags/example_external_task_marker_dag.py took 0.345 seconds
[2022-10-03T12:38:26.710+0000] {processor.py:156} INFO - Started process (PID=5885) to work on /home/airflow/.local/lib/python3.7/site-packages/airflow/example_dags/example_external_task_marker_dag.py
[2022-10-03T12:38:26.711+0000] {processor.py:758} INFO - Processing file /home/airflow/.local/lib/python3.7/site-packages/airflow/example_dags/example_external_task_marker_dag.py for tasks to queue
[2022-10-03T12:38:26.712+0000] {logging_mixin.py:117} INFO - [2022-10-03T12:38:26.711+0000] {dagbag.py:525} INFO - Filling up the DagBag from /home/airflow/.local/lib/python3.7/site-packages/airflow/example_dags/example_external_task_marker_dag.py
[2022-10-03T12:38:26.730+0000] {processor.py:768} INFO - DAG(s) dict_keys(['example_external_task_marker_child', 'example_external_task_marker_parent']) retrieved from /home/airflow/.local/lib/python3.7/site-packages/airflow/example_dags/example_external_task_marker_dag.py
[2022-10-03T12:38:27.021+0000] {logging_mixin.py:117} INFO - [2022-10-03T12:38:27.021+0000] {dag.py:2573} INFO - Sync 2 DAGs
[2022-10-03T12:38:27.056+0000] {logging_mixin.py:117} INFO - [2022-10-03T12:38:27.055+0000] {dag.py:3328} INFO - Setting next_dagrun for example_external_task_marker_child to None, run_after=None
[2022-10-03T12:38:27.060+0000] {logging_mixin.py:117} INFO - [2022-10-03T12:38:27.060+0000] {dag.py:3328} INFO - Setting next_dagrun for example_external_task_marker_parent to None, run_after=None
[2022-10-03T12:38:27.087+0000] {processor.py:178} INFO - Processing /home/airflow/.local/lib/python3.7/site-packages/airflow/example_dags/example_external_task_marker_dag.py took 0.381 seconds
[2022-10-03T12:38:57.413+0000] {processor.py:156} INFO - Started process (PID=6092) to work on /home/airflow/.local/lib/python3.7/site-packages/airflow/example_dags/example_external_task_marker_dag.py
[2022-10-03T12:38:57.415+0000] {processor.py:758} INFO - Processing file /home/airflow/.local/lib/python3.7/site-packages/airflow/example_dags/example_external_task_marker_dag.py for tasks to queue
[2022-10-03T12:38:57.416+0000] {logging_mixin.py:117} INFO - [2022-10-03T12:38:57.416+0000] {dagbag.py:525} INFO - Filling up the DagBag from /home/airflow/.local/lib/python3.7/site-packages/airflow/example_dags/example_external_task_marker_dag.py
[2022-10-03T12:38:57.459+0000] {processor.py:768} INFO - DAG(s) dict_keys(['example_external_task_marker_parent', 'example_external_task_marker_child']) retrieved from /home/airflow/.local/lib/python3.7/site-packages/airflow/example_dags/example_external_task_marker_dag.py
[2022-10-03T12:38:57.964+0000] {logging_mixin.py:117} INFO - [2022-10-03T12:38:57.963+0000] {dag.py:2573} INFO - Sync 2 DAGs
[2022-10-03T12:38:58.023+0000] {logging_mixin.py:117} INFO - [2022-10-03T12:38:58.022+0000] {dag.py:3328} INFO - Setting next_dagrun for example_external_task_marker_child to None, run_after=None
[2022-10-03T12:38:58.030+0000] {logging_mixin.py:117} INFO - [2022-10-03T12:38:58.030+0000] {dag.py:3328} INFO - Setting next_dagrun for example_external_task_marker_parent to None, run_after=None
[2022-10-03T12:38:58.075+0000] {processor.py:178} INFO - Processing /home/airflow/.local/lib/python3.7/site-packages/airflow/example_dags/example_external_task_marker_dag.py took 0.672 seconds
[2022-10-03T12:39:28.351+0000] {processor.py:156} INFO - Started process (PID=6290) to work on /home/airflow/.local/lib/python3.7/site-packages/airflow/example_dags/example_external_task_marker_dag.py
[2022-10-03T12:39:28.352+0000] {processor.py:758} INFO - Processing file /home/airflow/.local/lib/python3.7/site-packages/airflow/example_dags/example_external_task_marker_dag.py for tasks to queue
[2022-10-03T12:39:28.354+0000] {logging_mixin.py:117} INFO - [2022-10-03T12:39:28.354+0000] {dagbag.py:525} INFO - Filling up the DagBag from /home/airflow/.local/lib/python3.7/site-packages/airflow/example_dags/example_external_task_marker_dag.py
[2022-10-03T12:39:28.389+0000] {processor.py:768} INFO - DAG(s) dict_keys(['example_external_task_marker_child', 'example_external_task_marker_parent']) retrieved from /home/airflow/.local/lib/python3.7/site-packages/airflow/example_dags/example_external_task_marker_dag.py
[2022-10-03T12:39:28.930+0000] {logging_mixin.py:117} INFO - [2022-10-03T12:39:28.930+0000] {dag.py:2573} INFO - Sync 2 DAGs
[2022-10-03T12:39:28.990+0000] {logging_mixin.py:117} INFO - [2022-10-03T12:39:28.990+0000] {dag.py:3328} INFO - Setting next_dagrun for example_external_task_marker_child to None, run_after=None
[2022-10-03T12:39:28.998+0000] {logging_mixin.py:117} INFO - [2022-10-03T12:39:28.998+0000] {dag.py:3328} INFO - Setting next_dagrun for example_external_task_marker_parent to None, run_after=None
[2022-10-03T12:39:29.040+0000] {processor.py:178} INFO - Processing /home/airflow/.local/lib/python3.7/site-packages/airflow/example_dags/example_external_task_marker_dag.py took 0.697 seconds
[2022-10-03T12:39:59.753+0000] {processor.py:156} INFO - Started process (PID=6497) to work on /home/airflow/.local/lib/python3.7/site-packages/airflow/example_dags/example_external_task_marker_dag.py
[2022-10-03T12:39:59.754+0000] {processor.py:758} INFO - Processing file /home/airflow/.local/lib/python3.7/site-packages/airflow/example_dags/example_external_task_marker_dag.py for tasks to queue
[2022-10-03T12:39:59.755+0000] {logging_mixin.py:117} INFO - [2022-10-03T12:39:59.755+0000] {dagbag.py:525} INFO - Filling up the DagBag from /home/airflow/.local/lib/python3.7/site-packages/airflow/example_dags/example_external_task_marker_dag.py
[2022-10-03T12:39:59.772+0000] {processor.py:768} INFO - DAG(s) dict_keys(['example_external_task_marker_child', 'example_external_task_marker_parent']) retrieved from /home/airflow/.local/lib/python3.7/site-packages/airflow/example_dags/example_external_task_marker_dag.py
[2022-10-03T12:40:00.015+0000] {logging_mixin.py:117} INFO - [2022-10-03T12:40:00.015+0000] {dag.py:2573} INFO - Sync 2 DAGs
[2022-10-03T12:40:00.045+0000] {logging_mixin.py:117} INFO - [2022-10-03T12:40:00.045+0000] {dag.py:3328} INFO - Setting next_dagrun for example_external_task_marker_child to None, run_after=None
[2022-10-03T12:40:00.049+0000] {logging_mixin.py:117} INFO - [2022-10-03T12:40:00.049+0000] {dag.py:3328} INFO - Setting next_dagrun for example_external_task_marker_parent to None, run_after=None
[2022-10-03T12:40:00.072+0000] {processor.py:178} INFO - Processing /home/airflow/.local/lib/python3.7/site-packages/airflow/example_dags/example_external_task_marker_dag.py took 0.323 seconds
[2022-10-03T12:40:30.582+0000] {processor.py:156} INFO - Started process (PID=6695) to work on /home/airflow/.local/lib/python3.7/site-packages/airflow/example_dags/example_external_task_marker_dag.py
[2022-10-03T12:40:30.583+0000] {processor.py:758} INFO - Processing file /home/airflow/.local/lib/python3.7/site-packages/airflow/example_dags/example_external_task_marker_dag.py for tasks to queue
[2022-10-03T12:40:30.584+0000] {logging_mixin.py:117} INFO - [2022-10-03T12:40:30.584+0000] {dagbag.py:525} INFO - Filling up the DagBag from /home/airflow/.local/lib/python3.7/site-packages/airflow/example_dags/example_external_task_marker_dag.py
[2022-10-03T12:40:30.607+0000] {processor.py:768} INFO - DAG(s) dict_keys(['example_external_task_marker_child', 'example_external_task_marker_parent']) retrieved from /home/airflow/.local/lib/python3.7/site-packages/airflow/example_dags/example_external_task_marker_dag.py
[2022-10-03T12:40:30.929+0000] {logging_mixin.py:117} INFO - [2022-10-03T12:40:30.928+0000] {dag.py:2573} INFO - Sync 2 DAGs
[2022-10-03T12:40:30.960+0000] {logging_mixin.py:117} INFO - [2022-10-03T12:40:30.960+0000] {dag.py:3328} INFO - Setting next_dagrun for example_external_task_marker_child to None, run_after=None
[2022-10-03T12:40:30.965+0000] {logging_mixin.py:117} INFO - [2022-10-03T12:40:30.965+0000] {dag.py:3328} INFO - Setting next_dagrun for example_external_task_marker_parent to None, run_after=None
[2022-10-03T12:40:30.996+0000] {processor.py:178} INFO - Processing /home/airflow/.local/lib/python3.7/site-packages/airflow/example_dags/example_external_task_marker_dag.py took 0.419 seconds
[2022-10-03T12:41:01.022+0000] {processor.py:156} INFO - Started process (PID=6899) to work on /home/airflow/.local/lib/python3.7/site-packages/airflow/example_dags/example_external_task_marker_dag.py
[2022-10-03T12:41:01.024+0000] {processor.py:758} INFO - Processing file /home/airflow/.local/lib/python3.7/site-packages/airflow/example_dags/example_external_task_marker_dag.py for tasks to queue
[2022-10-03T12:41:01.025+0000] {logging_mixin.py:117} INFO - [2022-10-03T12:41:01.025+0000] {dagbag.py:525} INFO - Filling up the DagBag from /home/airflow/.local/lib/python3.7/site-packages/airflow/example_dags/example_external_task_marker_dag.py
[2022-10-03T12:41:01.042+0000] {processor.py:768} INFO - DAG(s) dict_keys(['example_external_task_marker_parent', 'example_external_task_marker_child']) retrieved from /home/airflow/.local/lib/python3.7/site-packages/airflow/example_dags/example_external_task_marker_dag.py
[2022-10-03T12:41:01.255+0000] {logging_mixin.py:117} INFO - [2022-10-03T12:41:01.255+0000] {dag.py:2573} INFO - Sync 2 DAGs
[2022-10-03T12:41:01.283+0000] {logging_mixin.py:117} INFO - [2022-10-03T12:41:01.283+0000] {dag.py:3328} INFO - Setting next_dagrun for example_external_task_marker_child to None, run_after=None
[2022-10-03T12:41:01.287+0000] {logging_mixin.py:117} INFO - [2022-10-03T12:41:01.287+0000] {dag.py:3328} INFO - Setting next_dagrun for example_external_task_marker_parent to None, run_after=None
[2022-10-03T12:41:01.312+0000] {processor.py:178} INFO - Processing /home/airflow/.local/lib/python3.7/site-packages/airflow/example_dags/example_external_task_marker_dag.py took 0.293 seconds
[2022-10-03T12:41:31.848+0000] {processor.py:156} INFO - Started process (PID=7100) to work on /home/airflow/.local/lib/python3.7/site-packages/airflow/example_dags/example_external_task_marker_dag.py
[2022-10-03T12:41:31.849+0000] {processor.py:758} INFO - Processing file /home/airflow/.local/lib/python3.7/site-packages/airflow/example_dags/example_external_task_marker_dag.py for tasks to queue
[2022-10-03T12:41:31.850+0000] {logging_mixin.py:117} INFO - [2022-10-03T12:41:31.850+0000] {dagbag.py:525} INFO - Filling up the DagBag from /home/airflow/.local/lib/python3.7/site-packages/airflow/example_dags/example_external_task_marker_dag.py
[2022-10-03T12:41:31.870+0000] {processor.py:768} INFO - DAG(s) dict_keys(['example_external_task_marker_parent', 'example_external_task_marker_child']) retrieved from /home/airflow/.local/lib/python3.7/site-packages/airflow/example_dags/example_external_task_marker_dag.py
[2022-10-03T12:41:32.140+0000] {logging_mixin.py:117} INFO - [2022-10-03T12:41:32.140+0000] {dag.py:2573} INFO - Sync 2 DAGs
[2022-10-03T12:41:32.177+0000] {logging_mixin.py:117} INFO - [2022-10-03T12:41:32.177+0000] {dag.py:3328} INFO - Setting next_dagrun for example_external_task_marker_child to None, run_after=None
[2022-10-03T12:41:32.182+0000] {logging_mixin.py:117} INFO - [2022-10-03T12:41:32.182+0000] {dag.py:3328} INFO - Setting next_dagrun for example_external_task_marker_parent to None, run_after=None
[2022-10-03T12:41:32.208+0000] {processor.py:178} INFO - Processing /home/airflow/.local/lib/python3.7/site-packages/airflow/example_dags/example_external_task_marker_dag.py took 0.363 seconds
[2022-10-03T12:42:02.557+0000] {processor.py:156} INFO - Started process (PID=7307) to work on /home/airflow/.local/lib/python3.7/site-packages/airflow/example_dags/example_external_task_marker_dag.py
[2022-10-03T12:42:02.558+0000] {processor.py:758} INFO - Processing file /home/airflow/.local/lib/python3.7/site-packages/airflow/example_dags/example_external_task_marker_dag.py for tasks to queue
[2022-10-03T12:42:02.560+0000] {logging_mixin.py:117} INFO - [2022-10-03T12:42:02.559+0000] {dagbag.py:525} INFO - Filling up the DagBag from /home/airflow/.local/lib/python3.7/site-packages/airflow/example_dags/example_external_task_marker_dag.py
[2022-10-03T12:42:02.592+0000] {processor.py:768} INFO - DAG(s) dict_keys(['example_external_task_marker_child', 'example_external_task_marker_parent']) retrieved from /home/airflow/.local/lib/python3.7/site-packages/airflow/example_dags/example_external_task_marker_dag.py
[2022-10-03T12:42:03.076+0000] {logging_mixin.py:117} INFO - [2022-10-03T12:42:03.075+0000] {dag.py:2573} INFO - Sync 2 DAGs
[2022-10-03T12:42:03.140+0000] {logging_mixin.py:117} INFO - [2022-10-03T12:42:03.139+0000] {dag.py:3328} INFO - Setting next_dagrun for example_external_task_marker_child to None, run_after=None
[2022-10-03T12:42:03.148+0000] {logging_mixin.py:117} INFO - [2022-10-03T12:42:03.148+0000] {dag.py:3328} INFO - Setting next_dagrun for example_external_task_marker_parent to None, run_after=None
[2022-10-03T12:42:03.189+0000] {processor.py:178} INFO - Processing /home/airflow/.local/lib/python3.7/site-packages/airflow/example_dags/example_external_task_marker_dag.py took 0.638 seconds
[2022-10-03T12:42:33.257+0000] {processor.py:156} INFO - Started process (PID=7511) to work on /home/airflow/.local/lib/python3.7/site-packages/airflow/example_dags/example_external_task_marker_dag.py
[2022-10-03T12:42:33.260+0000] {processor.py:758} INFO - Processing file /home/airflow/.local/lib/python3.7/site-packages/airflow/example_dags/example_external_task_marker_dag.py for tasks to queue
[2022-10-03T12:42:33.262+0000] {logging_mixin.py:117} INFO - [2022-10-03T12:42:33.261+0000] {dagbag.py:525} INFO - Filling up the DagBag from /home/airflow/.local/lib/python3.7/site-packages/airflow/example_dags/example_external_task_marker_dag.py
[2022-10-03T12:42:33.294+0000] {processor.py:768} INFO - DAG(s) dict_keys(['example_external_task_marker_child', 'example_external_task_marker_parent']) retrieved from /home/airflow/.local/lib/python3.7/site-packages/airflow/example_dags/example_external_task_marker_dag.py
[2022-10-03T12:42:33.536+0000] {logging_mixin.py:117} INFO - [2022-10-03T12:42:33.536+0000] {dag.py:2573} INFO - Sync 2 DAGs
[2022-10-03T12:42:33.563+0000] {logging_mixin.py:117} INFO - [2022-10-03T12:42:33.563+0000] {dag.py:3328} INFO - Setting next_dagrun for example_external_task_marker_child to None, run_after=None
[2022-10-03T12:42:33.567+0000] {logging_mixin.py:117} INFO - [2022-10-03T12:42:33.567+0000] {dag.py:3328} INFO - Setting next_dagrun for example_external_task_marker_parent to None, run_after=None
[2022-10-03T12:42:33.590+0000] {processor.py:178} INFO - Processing /home/airflow/.local/lib/python3.7/site-packages/airflow/example_dags/example_external_task_marker_dag.py took 0.340 seconds
[2022-10-03T12:43:04.158+0000] {processor.py:156} INFO - Started process (PID=7712) to work on /home/airflow/.local/lib/python3.7/site-packages/airflow/example_dags/example_external_task_marker_dag.py
[2022-10-03T12:43:04.160+0000] {processor.py:758} INFO - Processing file /home/airflow/.local/lib/python3.7/site-packages/airflow/example_dags/example_external_task_marker_dag.py for tasks to queue
[2022-10-03T12:43:04.160+0000] {logging_mixin.py:117} INFO - [2022-10-03T12:43:04.160+0000] {dagbag.py:525} INFO - Filling up the DagBag from /home/airflow/.local/lib/python3.7/site-packages/airflow/example_dags/example_external_task_marker_dag.py
[2022-10-03T12:43:04.177+0000] {processor.py:768} INFO - DAG(s) dict_keys(['example_external_task_marker_child', 'example_external_task_marker_parent']) retrieved from /home/airflow/.local/lib/python3.7/site-packages/airflow/example_dags/example_external_task_marker_dag.py
[2022-10-03T12:43:04.390+0000] {logging_mixin.py:117} INFO - [2022-10-03T12:43:04.390+0000] {dag.py:2573} INFO - Sync 2 DAGs
[2022-10-03T12:43:04.415+0000] {logging_mixin.py:117} INFO - [2022-10-03T12:43:04.415+0000] {dag.py:3328} INFO - Setting next_dagrun for example_external_task_marker_child to None, run_after=None
[2022-10-03T12:43:04.419+0000] {logging_mixin.py:117} INFO - [2022-10-03T12:43:04.419+0000] {dag.py:3328} INFO - Setting next_dagrun for example_external_task_marker_parent to None, run_after=None
[2022-10-03T12:43:04.443+0000] {processor.py:178} INFO - Processing /home/airflow/.local/lib/python3.7/site-packages/airflow/example_dags/example_external_task_marker_dag.py took 0.288 seconds
[2022-10-03T12:43:34.704+0000] {processor.py:156} INFO - Started process (PID=7919) to work on /home/airflow/.local/lib/python3.7/site-packages/airflow/example_dags/example_external_task_marker_dag.py
[2022-10-03T12:43:34.705+0000] {processor.py:758} INFO - Processing file /home/airflow/.local/lib/python3.7/site-packages/airflow/example_dags/example_external_task_marker_dag.py for tasks to queue
[2022-10-03T12:43:34.706+0000] {logging_mixin.py:117} INFO - [2022-10-03T12:43:34.705+0000] {dagbag.py:525} INFO - Filling up the DagBag from /home/airflow/.local/lib/python3.7/site-packages/airflow/example_dags/example_external_task_marker_dag.py
[2022-10-03T12:43:34.721+0000] {processor.py:768} INFO - DAG(s) dict_keys(['example_external_task_marker_parent', 'example_external_task_marker_child']) retrieved from /home/airflow/.local/lib/python3.7/site-packages/airflow/example_dags/example_external_task_marker_dag.py
[2022-10-03T12:43:34.928+0000] {logging_mixin.py:117} INFO - [2022-10-03T12:43:34.928+0000] {dag.py:2573} INFO - Sync 2 DAGs
[2022-10-03T12:43:34.958+0000] {logging_mixin.py:117} INFO - [2022-10-03T12:43:34.958+0000] {dag.py:3328} INFO - Setting next_dagrun for example_external_task_marker_child to None, run_after=None
[2022-10-03T12:43:34.962+0000] {logging_mixin.py:117} INFO - [2022-10-03T12:43:34.962+0000] {dag.py:3328} INFO - Setting next_dagrun for example_external_task_marker_parent to None, run_after=None
[2022-10-03T12:43:34.988+0000] {processor.py:178} INFO - Processing /home/airflow/.local/lib/python3.7/site-packages/airflow/example_dags/example_external_task_marker_dag.py took 0.286 seconds
[2022-10-03T12:44:05.213+0000] {processor.py:156} INFO - Started process (PID=8126) to work on /home/airflow/.local/lib/python3.7/site-packages/airflow/example_dags/example_external_task_marker_dag.py
[2022-10-03T12:44:05.214+0000] {processor.py:758} INFO - Processing file /home/airflow/.local/lib/python3.7/site-packages/airflow/example_dags/example_external_task_marker_dag.py for tasks to queue
[2022-10-03T12:44:05.216+0000] {logging_mixin.py:117} INFO - [2022-10-03T12:44:05.215+0000] {dagbag.py:525} INFO - Filling up the DagBag from /home/airflow/.local/lib/python3.7/site-packages/airflow/example_dags/example_external_task_marker_dag.py
[2022-10-03T12:44:05.250+0000] {processor.py:768} INFO - DAG(s) dict_keys(['example_external_task_marker_child', 'example_external_task_marker_parent']) retrieved from /home/airflow/.local/lib/python3.7/site-packages/airflow/example_dags/example_external_task_marker_dag.py
[2022-10-03T12:44:05.635+0000] {logging_mixin.py:117} INFO - [2022-10-03T12:44:05.635+0000] {dag.py:2573} INFO - Sync 2 DAGs
[2022-10-03T12:44:05.662+0000] {logging_mixin.py:117} INFO - [2022-10-03T12:44:05.662+0000] {dag.py:3328} INFO - Setting next_dagrun for example_external_task_marker_child to None, run_after=None
[2022-10-03T12:44:05.666+0000] {logging_mixin.py:117} INFO - [2022-10-03T12:44:05.666+0000] {dag.py:3328} INFO - Setting next_dagrun for example_external_task_marker_parent to None, run_after=None
[2022-10-03T12:44:05.688+0000] {processor.py:178} INFO - Processing /home/airflow/.local/lib/python3.7/site-packages/airflow/example_dags/example_external_task_marker_dag.py took 0.481 seconds
[2022-10-03T12:44:35.837+0000] {processor.py:156} INFO - Started process (PID=8324) to work on /home/airflow/.local/lib/python3.7/site-packages/airflow/example_dags/example_external_task_marker_dag.py
[2022-10-03T12:44:35.838+0000] {processor.py:758} INFO - Processing file /home/airflow/.local/lib/python3.7/site-packages/airflow/example_dags/example_external_task_marker_dag.py for tasks to queue
[2022-10-03T12:44:35.839+0000] {logging_mixin.py:117} INFO - [2022-10-03T12:44:35.839+0000] {dagbag.py:525} INFO - Filling up the DagBag from /home/airflow/.local/lib/python3.7/site-packages/airflow/example_dags/example_external_task_marker_dag.py
[2022-10-03T12:44:35.860+0000] {processor.py:768} INFO - DAG(s) dict_keys(['example_external_task_marker_child', 'example_external_task_marker_parent']) retrieved from /home/airflow/.local/lib/python3.7/site-packages/airflow/example_dags/example_external_task_marker_dag.py
[2022-10-03T12:44:36.099+0000] {logging_mixin.py:117} INFO - [2022-10-03T12:44:36.099+0000] {dag.py:2573} INFO - Sync 2 DAGs
[2022-10-03T12:44:36.129+0000] {logging_mixin.py:117} INFO - [2022-10-03T12:44:36.128+0000] {dag.py:3328} INFO - Setting next_dagrun for example_external_task_marker_child to None, run_after=None
[2022-10-03T12:44:36.133+0000] {logging_mixin.py:117} INFO - [2022-10-03T12:44:36.132+0000] {dag.py:3328} INFO - Setting next_dagrun for example_external_task_marker_parent to None, run_after=None
[2022-10-03T12:44:36.159+0000] {processor.py:178} INFO - Processing /home/airflow/.local/lib/python3.7/site-packages/airflow/example_dags/example_external_task_marker_dag.py took 0.325 seconds
[2022-10-03T12:45:06.189+0000] {processor.py:156} INFO - Started process (PID=8528) to work on /home/airflow/.local/lib/python3.7/site-packages/airflow/example_dags/example_external_task_marker_dag.py
[2022-10-03T12:45:06.190+0000] {processor.py:758} INFO - Processing file /home/airflow/.local/lib/python3.7/site-packages/airflow/example_dags/example_external_task_marker_dag.py for tasks to queue
[2022-10-03T12:45:06.191+0000] {logging_mixin.py:117} INFO - [2022-10-03T12:45:06.190+0000] {dagbag.py:525} INFO - Filling up the DagBag from /home/airflow/.local/lib/python3.7/site-packages/airflow/example_dags/example_external_task_marker_dag.py
[2022-10-03T12:45:06.206+0000] {processor.py:768} INFO - DAG(s) dict_keys(['example_external_task_marker_parent', 'example_external_task_marker_child']) retrieved from /home/airflow/.local/lib/python3.7/site-packages/airflow/example_dags/example_external_task_marker_dag.py
[2022-10-03T12:45:06.435+0000] {logging_mixin.py:117} INFO - [2022-10-03T12:45:06.435+0000] {dag.py:2573} INFO - Sync 2 DAGs
[2022-10-03T12:45:06.466+0000] {logging_mixin.py:117} INFO - [2022-10-03T12:45:06.466+0000] {dag.py:3328} INFO - Setting next_dagrun for example_external_task_marker_child to None, run_after=None
[2022-10-03T12:45:06.471+0000] {logging_mixin.py:117} INFO - [2022-10-03T12:45:06.471+0000] {dag.py:3328} INFO - Setting next_dagrun for example_external_task_marker_parent to None, run_after=None
[2022-10-03T12:45:06.512+0000] {processor.py:178} INFO - Processing /home/airflow/.local/lib/python3.7/site-packages/airflow/example_dags/example_external_task_marker_dag.py took 0.328 seconds
[2022-10-03T12:45:37.004+0000] {processor.py:156} INFO - Started process (PID=8737) to work on /home/airflow/.local/lib/python3.7/site-packages/airflow/example_dags/example_external_task_marker_dag.py
[2022-10-03T12:45:37.005+0000] {processor.py:758} INFO - Processing file /home/airflow/.local/lib/python3.7/site-packages/airflow/example_dags/example_external_task_marker_dag.py for tasks to queue
[2022-10-03T12:45:37.006+0000] {logging_mixin.py:117} INFO - [2022-10-03T12:45:37.006+0000] {dagbag.py:525} INFO - Filling up the DagBag from /home/airflow/.local/lib/python3.7/site-packages/airflow/example_dags/example_external_task_marker_dag.py
[2022-10-03T12:45:37.025+0000] {processor.py:768} INFO - DAG(s) dict_keys(['example_external_task_marker_child', 'example_external_task_marker_parent']) retrieved from /home/airflow/.local/lib/python3.7/site-packages/airflow/example_dags/example_external_task_marker_dag.py
[2022-10-03T12:45:37.300+0000] {logging_mixin.py:117} INFO - [2022-10-03T12:45:37.300+0000] {dag.py:2573} INFO - Sync 2 DAGs
[2022-10-03T12:45:37.338+0000] {logging_mixin.py:117} INFO - [2022-10-03T12:45:37.338+0000] {dag.py:3328} INFO - Setting next_dagrun for example_external_task_marker_child to None, run_after=None
[2022-10-03T12:45:37.343+0000] {logging_mixin.py:117} INFO - [2022-10-03T12:45:37.343+0000] {dag.py:3328} INFO - Setting next_dagrun for example_external_task_marker_parent to None, run_after=None
[2022-10-03T12:45:37.370+0000] {processor.py:178} INFO - Processing /home/airflow/.local/lib/python3.7/site-packages/airflow/example_dags/example_external_task_marker_dag.py took 0.370 seconds
