[2022-10-03T12:24:23.128+0000] {processor.py:156} INFO - Started process (PID=213) to work on /home/airflow/.local/lib/python3.7/site-packages/airflow/example_dags/example_dag_decorator.py
[2022-10-03T12:24:23.128+0000] {processor.py:758} INFO - Processing file /home/airflow/.local/lib/python3.7/site-packages/airflow/example_dags/example_dag_decorator.py for tasks to queue
[2022-10-03T12:24:23.129+0000] {logging_mixin.py:117} INFO - [2022-10-03T12:24:23.129+0000] {dagbag.py:525} INFO - Filling up the DagBag from /home/airflow/.local/lib/python3.7/site-packages/airflow/example_dags/example_dag_decorator.py
[2022-10-03T12:24:23.175+0000] {processor.py:768} INFO - DAG(s) dict_keys(['example_dag_decorator']) retrieved from /home/airflow/.local/lib/python3.7/site-packages/airflow/example_dags/example_dag_decorator.py
[2022-10-03T12:24:23.383+0000] {logging_mixin.py:117} INFO - [2022-10-03T12:24:23.383+0000] {dag.py:2573} INFO - Sync 1 DAGs
[2022-10-03T12:24:23.412+0000] {logging_mixin.py:117} INFO - [2022-10-03T12:24:23.412+0000] {dag.py:3328} INFO - Setting next_dagrun for example_dag_decorator to None, run_after=None
[2022-10-03T12:24:23.442+0000] {processor.py:178} INFO - Processing /home/airflow/.local/lib/python3.7/site-packages/airflow/example_dags/example_dag_decorator.py took 0.317 seconds
[2022-10-03T12:24:54.224+0000] {processor.py:156} INFO - Started process (PID=414) to work on /home/airflow/.local/lib/python3.7/site-packages/airflow/example_dags/example_dag_decorator.py
[2022-10-03T12:24:54.225+0000] {processor.py:758} INFO - Processing file /home/airflow/.local/lib/python3.7/site-packages/airflow/example_dags/example_dag_decorator.py for tasks to queue
[2022-10-03T12:24:54.226+0000] {logging_mixin.py:117} INFO - [2022-10-03T12:24:54.226+0000] {dagbag.py:525} INFO - Filling up the DagBag from /home/airflow/.local/lib/python3.7/site-packages/airflow/example_dags/example_dag_decorator.py
[2022-10-03T12:24:54.269+0000] {processor.py:768} INFO - DAG(s) dict_keys(['example_dag_decorator']) retrieved from /home/airflow/.local/lib/python3.7/site-packages/airflow/example_dags/example_dag_decorator.py
[2022-10-03T12:24:54.567+0000] {logging_mixin.py:117} INFO - [2022-10-03T12:24:54.567+0000] {dag.py:2573} INFO - Sync 1 DAGs
[2022-10-03T12:24:54.599+0000] {logging_mixin.py:117} INFO - [2022-10-03T12:24:54.599+0000] {dag.py:3328} INFO - Setting next_dagrun for example_dag_decorator to None, run_after=None
[2022-10-03T12:24:54.627+0000] {processor.py:178} INFO - Processing /home/airflow/.local/lib/python3.7/site-packages/airflow/example_dags/example_dag_decorator.py took 0.406 seconds
[2022-10-03T12:25:25.026+0000] {processor.py:156} INFO - Started process (PID=623) to work on /home/airflow/.local/lib/python3.7/site-packages/airflow/example_dags/example_dag_decorator.py
[2022-10-03T12:25:25.026+0000] {processor.py:758} INFO - Processing file /home/airflow/.local/lib/python3.7/site-packages/airflow/example_dags/example_dag_decorator.py for tasks to queue
[2022-10-03T12:25:25.027+0000] {logging_mixin.py:117} INFO - [2022-10-03T12:25:25.027+0000] {dagbag.py:525} INFO - Filling up the DagBag from /home/airflow/.local/lib/python3.7/site-packages/airflow/example_dags/example_dag_decorator.py
[2022-10-03T12:25:25.073+0000] {processor.py:768} INFO - DAG(s) dict_keys(['example_dag_decorator']) retrieved from /home/airflow/.local/lib/python3.7/site-packages/airflow/example_dags/example_dag_decorator.py
[2022-10-03T12:25:25.389+0000] {logging_mixin.py:117} INFO - [2022-10-03T12:25:25.389+0000] {dag.py:2573} INFO - Sync 1 DAGs
[2022-10-03T12:25:25.432+0000] {logging_mixin.py:117} INFO - [2022-10-03T12:25:25.431+0000] {dag.py:3328} INFO - Setting next_dagrun for example_dag_decorator to None, run_after=None
[2022-10-03T12:25:25.478+0000] {processor.py:178} INFO - Processing /home/airflow/.local/lib/python3.7/site-packages/airflow/example_dags/example_dag_decorator.py took 0.456 seconds
[2022-10-03T12:25:56.264+0000] {processor.py:156} INFO - Started process (PID=821) to work on /home/airflow/.local/lib/python3.7/site-packages/airflow/example_dags/example_dag_decorator.py
[2022-10-03T12:25:56.265+0000] {processor.py:758} INFO - Processing file /home/airflow/.local/lib/python3.7/site-packages/airflow/example_dags/example_dag_decorator.py for tasks to queue
[2022-10-03T12:25:56.267+0000] {logging_mixin.py:117} INFO - [2022-10-03T12:25:56.267+0000] {dagbag.py:525} INFO - Filling up the DagBag from /home/airflow/.local/lib/python3.7/site-packages/airflow/example_dags/example_dag_decorator.py
[2022-10-03T12:25:56.307+0000] {processor.py:768} INFO - DAG(s) dict_keys(['example_dag_decorator']) retrieved from /home/airflow/.local/lib/python3.7/site-packages/airflow/example_dags/example_dag_decorator.py
[2022-10-03T12:25:56.564+0000] {logging_mixin.py:117} INFO - [2022-10-03T12:25:56.564+0000] {dag.py:2573} INFO - Sync 1 DAGs
[2022-10-03T12:25:56.610+0000] {logging_mixin.py:117} INFO - [2022-10-03T12:25:56.610+0000] {dag.py:3328} INFO - Setting next_dagrun for example_dag_decorator to None, run_after=None
[2022-10-03T12:25:56.648+0000] {processor.py:178} INFO - Processing /home/airflow/.local/lib/python3.7/site-packages/airflow/example_dags/example_dag_decorator.py took 0.390 seconds
[2022-10-03T12:26:27.027+0000] {processor.py:156} INFO - Started process (PID=1027) to work on /home/airflow/.local/lib/python3.7/site-packages/airflow/example_dags/example_dag_decorator.py
[2022-10-03T12:26:27.029+0000] {processor.py:758} INFO - Processing file /home/airflow/.local/lib/python3.7/site-packages/airflow/example_dags/example_dag_decorator.py for tasks to queue
[2022-10-03T12:26:27.030+0000] {logging_mixin.py:117} INFO - [2022-10-03T12:26:27.030+0000] {dagbag.py:525} INFO - Filling up the DagBag from /home/airflow/.local/lib/python3.7/site-packages/airflow/example_dags/example_dag_decorator.py
[2022-10-03T12:26:27.098+0000] {processor.py:768} INFO - DAG(s) dict_keys(['example_dag_decorator']) retrieved from /home/airflow/.local/lib/python3.7/site-packages/airflow/example_dags/example_dag_decorator.py
[2022-10-03T12:26:27.538+0000] {logging_mixin.py:117} INFO - [2022-10-03T12:26:27.537+0000] {dag.py:2573} INFO - Sync 1 DAGs
[2022-10-03T12:26:27.603+0000] {logging_mixin.py:117} INFO - [2022-10-03T12:26:27.603+0000] {dag.py:3328} INFO - Setting next_dagrun for example_dag_decorator to None, run_after=None
[2022-10-03T12:26:27.655+0000] {processor.py:178} INFO - Processing /home/airflow/.local/lib/python3.7/site-packages/airflow/example_dags/example_dag_decorator.py took 0.634 seconds
[2022-10-03T12:26:57.988+0000] {processor.py:156} INFO - Started process (PID=1245) to work on /home/airflow/.local/lib/python3.7/site-packages/airflow/example_dags/example_dag_decorator.py
[2022-10-03T12:26:57.988+0000] {processor.py:758} INFO - Processing file /home/airflow/.local/lib/python3.7/site-packages/airflow/example_dags/example_dag_decorator.py for tasks to queue
[2022-10-03T12:26:57.989+0000] {logging_mixin.py:117} INFO - [2022-10-03T12:26:57.989+0000] {dagbag.py:525} INFO - Filling up the DagBag from /home/airflow/.local/lib/python3.7/site-packages/airflow/example_dags/example_dag_decorator.py
[2022-10-03T12:26:58.129+0000] {processor.py:768} INFO - DAG(s) dict_keys(['example_dag_decorator']) retrieved from /home/airflow/.local/lib/python3.7/site-packages/airflow/example_dags/example_dag_decorator.py
[2022-10-03T12:26:58.217+0000] {logging_mixin.py:117} INFO - [2022-10-03T12:26:58.217+0000] {dag.py:2573} INFO - Sync 1 DAGs
[2022-10-03T12:26:58.240+0000] {logging_mixin.py:117} INFO - [2022-10-03T12:26:58.240+0000] {dag.py:3328} INFO - Setting next_dagrun for example_dag_decorator to None, run_after=None
[2022-10-03T12:26:58.266+0000] {processor.py:178} INFO - Processing /home/airflow/.local/lib/python3.7/site-packages/airflow/example_dags/example_dag_decorator.py took 0.282 seconds
[2022-10-03T12:27:28.666+0000] {processor.py:156} INFO - Started process (PID=1467) to work on /home/airflow/.local/lib/python3.7/site-packages/airflow/example_dags/example_dag_decorator.py
[2022-10-03T12:27:28.667+0000] {processor.py:758} INFO - Processing file /home/airflow/.local/lib/python3.7/site-packages/airflow/example_dags/example_dag_decorator.py for tasks to queue
[2022-10-03T12:27:28.669+0000] {logging_mixin.py:117} INFO - [2022-10-03T12:27:28.668+0000] {dagbag.py:525} INFO - Filling up the DagBag from /home/airflow/.local/lib/python3.7/site-packages/airflow/example_dags/example_dag_decorator.py
[2022-10-03T12:27:28.917+0000] {processor.py:768} INFO - DAG(s) dict_keys(['example_dag_decorator']) retrieved from /home/airflow/.local/lib/python3.7/site-packages/airflow/example_dags/example_dag_decorator.py
[2022-10-03T12:27:29.086+0000] {logging_mixin.py:117} INFO - [2022-10-03T12:27:29.085+0000] {dag.py:2573} INFO - Sync 1 DAGs
[2022-10-03T12:27:29.137+0000] {logging_mixin.py:117} INFO - [2022-10-03T12:27:29.136+0000] {dag.py:3328} INFO - Setting next_dagrun for example_dag_decorator to None, run_after=None
[2022-10-03T12:27:29.184+0000] {processor.py:178} INFO - Processing /home/airflow/.local/lib/python3.7/site-packages/airflow/example_dags/example_dag_decorator.py took 0.525 seconds
[2022-10-03T12:27:59.764+0000] {processor.py:156} INFO - Started process (PID=1666) to work on /home/airflow/.local/lib/python3.7/site-packages/airflow/example_dags/example_dag_decorator.py
[2022-10-03T12:27:59.765+0000] {processor.py:758} INFO - Processing file /home/airflow/.local/lib/python3.7/site-packages/airflow/example_dags/example_dag_decorator.py for tasks to queue
[2022-10-03T12:27:59.765+0000] {logging_mixin.py:117} INFO - [2022-10-03T12:27:59.765+0000] {dagbag.py:525} INFO - Filling up the DagBag from /home/airflow/.local/lib/python3.7/site-packages/airflow/example_dags/example_dag_decorator.py
[2022-10-03T12:27:59.794+0000] {processor.py:768} INFO - DAG(s) dict_keys(['example_dag_decorator']) retrieved from /home/airflow/.local/lib/python3.7/site-packages/airflow/example_dags/example_dag_decorator.py
[2022-10-03T12:27:59.887+0000] {logging_mixin.py:117} INFO - [2022-10-03T12:27:59.887+0000] {dag.py:2573} INFO - Sync 1 DAGs
[2022-10-03T12:27:59.922+0000] {logging_mixin.py:117} INFO - [2022-10-03T12:27:59.922+0000] {dag.py:3328} INFO - Setting next_dagrun for example_dag_decorator to None, run_after=None
[2022-10-03T12:27:59.951+0000] {processor.py:178} INFO - Processing /home/airflow/.local/lib/python3.7/site-packages/airflow/example_dags/example_dag_decorator.py took 0.190 seconds
[2022-10-03T12:28:30.124+0000] {processor.py:156} INFO - Started process (PID=1874) to work on /home/airflow/.local/lib/python3.7/site-packages/airflow/example_dags/example_dag_decorator.py
[2022-10-03T12:28:30.126+0000] {processor.py:758} INFO - Processing file /home/airflow/.local/lib/python3.7/site-packages/airflow/example_dags/example_dag_decorator.py for tasks to queue
[2022-10-03T12:28:30.126+0000] {logging_mixin.py:117} INFO - [2022-10-03T12:28:30.126+0000] {dagbag.py:525} INFO - Filling up the DagBag from /home/airflow/.local/lib/python3.7/site-packages/airflow/example_dags/example_dag_decorator.py
[2022-10-03T12:28:30.162+0000] {processor.py:768} INFO - DAG(s) dict_keys(['example_dag_decorator']) retrieved from /home/airflow/.local/lib/python3.7/site-packages/airflow/example_dags/example_dag_decorator.py
[2022-10-03T12:28:30.277+0000] {logging_mixin.py:117} INFO - [2022-10-03T12:28:30.277+0000] {dag.py:2573} INFO - Sync 1 DAGs
[2022-10-03T12:28:30.309+0000] {logging_mixin.py:117} INFO - [2022-10-03T12:28:30.309+0000] {dag.py:3328} INFO - Setting next_dagrun for example_dag_decorator to None, run_after=None
[2022-10-03T12:28:30.342+0000] {processor.py:178} INFO - Processing /home/airflow/.local/lib/python3.7/site-packages/airflow/example_dags/example_dag_decorator.py took 0.221 seconds
[2022-10-03T12:29:00.959+0000] {processor.py:156} INFO - Started process (PID=2081) to work on /home/airflow/.local/lib/python3.7/site-packages/airflow/example_dags/example_dag_decorator.py
[2022-10-03T12:29:00.960+0000] {processor.py:758} INFO - Processing file /home/airflow/.local/lib/python3.7/site-packages/airflow/example_dags/example_dag_decorator.py for tasks to queue
[2022-10-03T12:29:00.960+0000] {logging_mixin.py:117} INFO - [2022-10-03T12:29:00.960+0000] {dagbag.py:525} INFO - Filling up the DagBag from /home/airflow/.local/lib/python3.7/site-packages/airflow/example_dags/example_dag_decorator.py
[2022-10-03T12:29:00.996+0000] {processor.py:768} INFO - DAG(s) dict_keys(['example_dag_decorator']) retrieved from /home/airflow/.local/lib/python3.7/site-packages/airflow/example_dags/example_dag_decorator.py
[2022-10-03T12:29:01.118+0000] {logging_mixin.py:117} INFO - [2022-10-03T12:29:01.118+0000] {dag.py:2573} INFO - Sync 1 DAGs
[2022-10-03T12:29:01.149+0000] {logging_mixin.py:117} INFO - [2022-10-03T12:29:01.149+0000] {dag.py:3328} INFO - Setting next_dagrun for example_dag_decorator to None, run_after=None
[2022-10-03T12:29:01.179+0000] {processor.py:178} INFO - Processing /home/airflow/.local/lib/python3.7/site-packages/airflow/example_dags/example_dag_decorator.py took 0.223 seconds
[2022-10-03T12:29:31.708+0000] {processor.py:156} INFO - Started process (PID=2279) to work on /home/airflow/.local/lib/python3.7/site-packages/airflow/example_dags/example_dag_decorator.py
[2022-10-03T12:29:31.709+0000] {processor.py:758} INFO - Processing file /home/airflow/.local/lib/python3.7/site-packages/airflow/example_dags/example_dag_decorator.py for tasks to queue
[2022-10-03T12:29:31.711+0000] {logging_mixin.py:117} INFO - [2022-10-03T12:29:31.711+0000] {dagbag.py:525} INFO - Filling up the DagBag from /home/airflow/.local/lib/python3.7/site-packages/airflow/example_dags/example_dag_decorator.py
[2022-10-03T12:29:31.805+0000] {processor.py:768} INFO - DAG(s) dict_keys(['example_dag_decorator']) retrieved from /home/airflow/.local/lib/python3.7/site-packages/airflow/example_dags/example_dag_decorator.py
[2022-10-03T12:29:32.000+0000] {logging_mixin.py:117} INFO - [2022-10-03T12:29:32.000+0000] {dag.py:2573} INFO - Sync 1 DAGs
[2022-10-03T12:29:32.057+0000] {logging_mixin.py:117} INFO - [2022-10-03T12:29:32.056+0000] {dag.py:3328} INFO - Setting next_dagrun for example_dag_decorator to None, run_after=None
[2022-10-03T12:29:32.111+0000] {processor.py:178} INFO - Processing /home/airflow/.local/lib/python3.7/site-packages/airflow/example_dags/example_dag_decorator.py took 0.412 seconds
[2022-10-03T12:30:02.164+0000] {processor.py:156} INFO - Started process (PID=2486) to work on /home/airflow/.local/lib/python3.7/site-packages/airflow/example_dags/example_dag_decorator.py
[2022-10-03T12:30:02.165+0000] {processor.py:758} INFO - Processing file /home/airflow/.local/lib/python3.7/site-packages/airflow/example_dags/example_dag_decorator.py for tasks to queue
[2022-10-03T12:30:02.165+0000] {logging_mixin.py:117} INFO - [2022-10-03T12:30:02.165+0000] {dagbag.py:525} INFO - Filling up the DagBag from /home/airflow/.local/lib/python3.7/site-packages/airflow/example_dags/example_dag_decorator.py
[2022-10-03T12:30:02.194+0000] {processor.py:768} INFO - DAG(s) dict_keys(['example_dag_decorator']) retrieved from /home/airflow/.local/lib/python3.7/site-packages/airflow/example_dags/example_dag_decorator.py
[2022-10-03T12:30:02.277+0000] {logging_mixin.py:117} INFO - [2022-10-03T12:30:02.276+0000] {dag.py:2573} INFO - Sync 1 DAGs
[2022-10-03T12:30:02.301+0000] {logging_mixin.py:117} INFO - [2022-10-03T12:30:02.300+0000] {dag.py:3328} INFO - Setting next_dagrun for example_dag_decorator to None, run_after=None
[2022-10-03T12:30:02.325+0000] {processor.py:178} INFO - Processing /home/airflow/.local/lib/python3.7/site-packages/airflow/example_dags/example_dag_decorator.py took 0.164 seconds
[2022-10-03T12:30:32.356+0000] {processor.py:156} INFO - Started process (PID=2684) to work on /home/airflow/.local/lib/python3.7/site-packages/airflow/example_dags/example_dag_decorator.py
[2022-10-03T12:30:32.357+0000] {processor.py:758} INFO - Processing file /home/airflow/.local/lib/python3.7/site-packages/airflow/example_dags/example_dag_decorator.py for tasks to queue
[2022-10-03T12:30:32.358+0000] {logging_mixin.py:117} INFO - [2022-10-03T12:30:32.358+0000] {dagbag.py:525} INFO - Filling up the DagBag from /home/airflow/.local/lib/python3.7/site-packages/airflow/example_dags/example_dag_decorator.py
[2022-10-03T12:30:32.391+0000] {processor.py:768} INFO - DAG(s) dict_keys(['example_dag_decorator']) retrieved from /home/airflow/.local/lib/python3.7/site-packages/airflow/example_dags/example_dag_decorator.py
[2022-10-03T12:30:32.491+0000] {logging_mixin.py:117} INFO - [2022-10-03T12:30:32.490+0000] {dag.py:2573} INFO - Sync 1 DAGs
[2022-10-03T12:30:32.521+0000] {logging_mixin.py:117} INFO - [2022-10-03T12:30:32.521+0000] {dag.py:3328} INFO - Setting next_dagrun for example_dag_decorator to None, run_after=None
[2022-10-03T12:30:32.549+0000] {processor.py:178} INFO - Processing /home/airflow/.local/lib/python3.7/site-packages/airflow/example_dags/example_dag_decorator.py took 0.197 seconds
[2022-10-03T12:31:02.910+0000] {processor.py:156} INFO - Started process (PID=2891) to work on /home/airflow/.local/lib/python3.7/site-packages/airflow/example_dags/example_dag_decorator.py
[2022-10-03T12:31:02.911+0000] {processor.py:758} INFO - Processing file /home/airflow/.local/lib/python3.7/site-packages/airflow/example_dags/example_dag_decorator.py for tasks to queue
[2022-10-03T12:31:02.912+0000] {logging_mixin.py:117} INFO - [2022-10-03T12:31:02.912+0000] {dagbag.py:525} INFO - Filling up the DagBag from /home/airflow/.local/lib/python3.7/site-packages/airflow/example_dags/example_dag_decorator.py
[2022-10-03T12:31:02.945+0000] {processor.py:768} INFO - DAG(s) dict_keys(['example_dag_decorator']) retrieved from /home/airflow/.local/lib/python3.7/site-packages/airflow/example_dags/example_dag_decorator.py
[2022-10-03T12:31:03.055+0000] {logging_mixin.py:117} INFO - [2022-10-03T12:31:03.055+0000] {dag.py:2573} INFO - Sync 1 DAGs
[2022-10-03T12:31:03.086+0000] {logging_mixin.py:117} INFO - [2022-10-03T12:31:03.086+0000] {dag.py:3328} INFO - Setting next_dagrun for example_dag_decorator to None, run_after=None
[2022-10-03T12:31:03.115+0000] {processor.py:178} INFO - Processing /home/airflow/.local/lib/python3.7/site-packages/airflow/example_dags/example_dag_decorator.py took 0.208 seconds
[2022-10-03T12:31:33.286+0000] {processor.py:156} INFO - Started process (PID=3089) to work on /home/airflow/.local/lib/python3.7/site-packages/airflow/example_dags/example_dag_decorator.py
[2022-10-03T12:31:33.286+0000] {processor.py:758} INFO - Processing file /home/airflow/.local/lib/python3.7/site-packages/airflow/example_dags/example_dag_decorator.py for tasks to queue
[2022-10-03T12:31:33.287+0000] {logging_mixin.py:117} INFO - [2022-10-03T12:31:33.287+0000] {dagbag.py:525} INFO - Filling up the DagBag from /home/airflow/.local/lib/python3.7/site-packages/airflow/example_dags/example_dag_decorator.py
[2022-10-03T12:31:33.319+0000] {processor.py:768} INFO - DAG(s) dict_keys(['example_dag_decorator']) retrieved from /home/airflow/.local/lib/python3.7/site-packages/airflow/example_dags/example_dag_decorator.py
[2022-10-03T12:31:33.418+0000] {logging_mixin.py:117} INFO - [2022-10-03T12:31:33.418+0000] {dag.py:2573} INFO - Sync 1 DAGs
[2022-10-03T12:31:33.450+0000] {logging_mixin.py:117} INFO - [2022-10-03T12:31:33.450+0000] {dag.py:3328} INFO - Setting next_dagrun for example_dag_decorator to None, run_after=None
[2022-10-03T12:31:33.480+0000] {processor.py:178} INFO - Processing /home/airflow/.local/lib/python3.7/site-packages/airflow/example_dags/example_dag_decorator.py took 0.198 seconds
[2022-10-03T12:32:03.753+0000] {processor.py:156} INFO - Started process (PID=3296) to work on /home/airflow/.local/lib/python3.7/site-packages/airflow/example_dags/example_dag_decorator.py
[2022-10-03T12:32:03.754+0000] {processor.py:758} INFO - Processing file /home/airflow/.local/lib/python3.7/site-packages/airflow/example_dags/example_dag_decorator.py for tasks to queue
[2022-10-03T12:32:03.755+0000] {logging_mixin.py:117} INFO - [2022-10-03T12:32:03.755+0000] {dagbag.py:525} INFO - Filling up the DagBag from /home/airflow/.local/lib/python3.7/site-packages/airflow/example_dags/example_dag_decorator.py
[2022-10-03T12:32:03.786+0000] {processor.py:768} INFO - DAG(s) dict_keys(['example_dag_decorator']) retrieved from /home/airflow/.local/lib/python3.7/site-packages/airflow/example_dags/example_dag_decorator.py
[2022-10-03T12:32:03.882+0000] {logging_mixin.py:117} INFO - [2022-10-03T12:32:03.882+0000] {dag.py:2573} INFO - Sync 1 DAGs
[2022-10-03T12:32:03.915+0000] {logging_mixin.py:117} INFO - [2022-10-03T12:32:03.914+0000] {dag.py:3328} INFO - Setting next_dagrun for example_dag_decorator to None, run_after=None
[2022-10-03T12:32:03.943+0000] {processor.py:178} INFO - Processing /home/airflow/.local/lib/python3.7/site-packages/airflow/example_dags/example_dag_decorator.py took 0.193 seconds
[2022-10-03T12:32:34.134+0000] {processor.py:156} INFO - Started process (PID=3503) to work on /home/airflow/.local/lib/python3.7/site-packages/airflow/example_dags/example_dag_decorator.py
[2022-10-03T12:32:34.135+0000] {processor.py:758} INFO - Processing file /home/airflow/.local/lib/python3.7/site-packages/airflow/example_dags/example_dag_decorator.py for tasks to queue
[2022-10-03T12:32:34.135+0000] {logging_mixin.py:117} INFO - [2022-10-03T12:32:34.135+0000] {dagbag.py:525} INFO - Filling up the DagBag from /home/airflow/.local/lib/python3.7/site-packages/airflow/example_dags/example_dag_decorator.py
[2022-10-03T12:32:34.168+0000] {processor.py:768} INFO - DAG(s) dict_keys(['example_dag_decorator']) retrieved from /home/airflow/.local/lib/python3.7/site-packages/airflow/example_dags/example_dag_decorator.py
[2022-10-03T12:32:34.285+0000] {logging_mixin.py:117} INFO - [2022-10-03T12:32:34.285+0000] {dag.py:2573} INFO - Sync 1 DAGs
[2022-10-03T12:32:34.314+0000] {logging_mixin.py:117} INFO - [2022-10-03T12:32:34.314+0000] {dag.py:3328} INFO - Setting next_dagrun for example_dag_decorator to None, run_after=None
[2022-10-03T12:32:34.344+0000] {processor.py:178} INFO - Processing /home/airflow/.local/lib/python3.7/site-packages/airflow/example_dags/example_dag_decorator.py took 0.216 seconds
[2022-10-03T12:33:04.479+0000] {processor.py:156} INFO - Started process (PID=3703) to work on /home/airflow/.local/lib/python3.7/site-packages/airflow/example_dags/example_dag_decorator.py
[2022-10-03T12:33:04.480+0000] {processor.py:758} INFO - Processing file /home/airflow/.local/lib/python3.7/site-packages/airflow/example_dags/example_dag_decorator.py for tasks to queue
[2022-10-03T12:33:04.481+0000] {logging_mixin.py:117} INFO - [2022-10-03T12:33:04.481+0000] {dagbag.py:525} INFO - Filling up the DagBag from /home/airflow/.local/lib/python3.7/site-packages/airflow/example_dags/example_dag_decorator.py
[2022-10-03T12:33:04.514+0000] {processor.py:768} INFO - DAG(s) dict_keys(['example_dag_decorator']) retrieved from /home/airflow/.local/lib/python3.7/site-packages/airflow/example_dags/example_dag_decorator.py
[2022-10-03T12:33:04.612+0000] {logging_mixin.py:117} INFO - [2022-10-03T12:33:04.612+0000] {dag.py:2573} INFO - Sync 1 DAGs
[2022-10-03T12:33:04.643+0000] {logging_mixin.py:117} INFO - [2022-10-03T12:33:04.642+0000] {dag.py:3328} INFO - Setting next_dagrun for example_dag_decorator to None, run_after=None
[2022-10-03T12:33:04.669+0000] {processor.py:178} INFO - Processing /home/airflow/.local/lib/python3.7/site-packages/airflow/example_dags/example_dag_decorator.py took 0.194 seconds
[2022-10-03T12:33:34.892+0000] {processor.py:156} INFO - Started process (PID=3908) to work on /home/airflow/.local/lib/python3.7/site-packages/airflow/example_dags/example_dag_decorator.py
[2022-10-03T12:33:34.893+0000] {processor.py:758} INFO - Processing file /home/airflow/.local/lib/python3.7/site-packages/airflow/example_dags/example_dag_decorator.py for tasks to queue
[2022-10-03T12:33:34.894+0000] {logging_mixin.py:117} INFO - [2022-10-03T12:33:34.894+0000] {dagbag.py:525} INFO - Filling up the DagBag from /home/airflow/.local/lib/python3.7/site-packages/airflow/example_dags/example_dag_decorator.py
[2022-10-03T12:33:34.960+0000] {processor.py:768} INFO - DAG(s) dict_keys(['example_dag_decorator']) retrieved from /home/airflow/.local/lib/python3.7/site-packages/airflow/example_dags/example_dag_decorator.py
[2022-10-03T12:33:35.158+0000] {logging_mixin.py:117} INFO - [2022-10-03T12:33:35.158+0000] {dag.py:2573} INFO - Sync 1 DAGs
[2022-10-03T12:33:35.217+0000] {logging_mixin.py:117} INFO - [2022-10-03T12:33:35.217+0000] {dag.py:3328} INFO - Setting next_dagrun for example_dag_decorator to None, run_after=None
[2022-10-03T12:33:35.268+0000] {processor.py:178} INFO - Processing /home/airflow/.local/lib/python3.7/site-packages/airflow/example_dags/example_dag_decorator.py took 0.382 seconds
[2022-10-03T12:34:05.496+0000] {processor.py:156} INFO - Started process (PID=4106) to work on /home/airflow/.local/lib/python3.7/site-packages/airflow/example_dags/example_dag_decorator.py
[2022-10-03T12:34:05.498+0000] {processor.py:758} INFO - Processing file /home/airflow/.local/lib/python3.7/site-packages/airflow/example_dags/example_dag_decorator.py for tasks to queue
[2022-10-03T12:34:05.499+0000] {logging_mixin.py:117} INFO - [2022-10-03T12:34:05.499+0000] {dagbag.py:525} INFO - Filling up the DagBag from /home/airflow/.local/lib/python3.7/site-packages/airflow/example_dags/example_dag_decorator.py
[2022-10-03T12:34:05.546+0000] {processor.py:768} INFO - DAG(s) dict_keys(['example_dag_decorator']) retrieved from /home/airflow/.local/lib/python3.7/site-packages/airflow/example_dags/example_dag_decorator.py
[2022-10-03T12:34:05.665+0000] {logging_mixin.py:117} INFO - [2022-10-03T12:34:05.665+0000] {dag.py:2573} INFO - Sync 1 DAGs
[2022-10-03T12:34:05.697+0000] {logging_mixin.py:117} INFO - [2022-10-03T12:34:05.697+0000] {dag.py:3328} INFO - Setting next_dagrun for example_dag_decorator to None, run_after=None
[2022-10-03T12:34:05.727+0000] {processor.py:178} INFO - Processing /home/airflow/.local/lib/python3.7/site-packages/airflow/example_dags/example_dag_decorator.py took 0.236 seconds
[2022-10-03T12:34:36.056+0000] {processor.py:156} INFO - Started process (PID=4314) to work on /home/airflow/.local/lib/python3.7/site-packages/airflow/example_dags/example_dag_decorator.py
[2022-10-03T12:34:36.057+0000] {processor.py:758} INFO - Processing file /home/airflow/.local/lib/python3.7/site-packages/airflow/example_dags/example_dag_decorator.py for tasks to queue
[2022-10-03T12:34:36.058+0000] {logging_mixin.py:117} INFO - [2022-10-03T12:34:36.058+0000] {dagbag.py:525} INFO - Filling up the DagBag from /home/airflow/.local/lib/python3.7/site-packages/airflow/example_dags/example_dag_decorator.py
[2022-10-03T12:34:36.091+0000] {processor.py:768} INFO - DAG(s) dict_keys(['example_dag_decorator']) retrieved from /home/airflow/.local/lib/python3.7/site-packages/airflow/example_dags/example_dag_decorator.py
[2022-10-03T12:34:36.192+0000] {logging_mixin.py:117} INFO - [2022-10-03T12:34:36.191+0000] {dag.py:2573} INFO - Sync 1 DAGs
[2022-10-03T12:34:36.221+0000] {logging_mixin.py:117} INFO - [2022-10-03T12:34:36.220+0000] {dag.py:3328} INFO - Setting next_dagrun for example_dag_decorator to None, run_after=None
[2022-10-03T12:34:36.247+0000] {processor.py:178} INFO - Processing /home/airflow/.local/lib/python3.7/site-packages/airflow/example_dags/example_dag_decorator.py took 0.193 seconds
[2022-10-03T12:35:06.335+0000] {processor.py:156} INFO - Started process (PID=4512) to work on /home/airflow/.local/lib/python3.7/site-packages/airflow/example_dags/example_dag_decorator.py
[2022-10-03T12:35:06.337+0000] {processor.py:758} INFO - Processing file /home/airflow/.local/lib/python3.7/site-packages/airflow/example_dags/example_dag_decorator.py for tasks to queue
[2022-10-03T12:35:06.338+0000] {logging_mixin.py:117} INFO - [2022-10-03T12:35:06.338+0000] {dagbag.py:525} INFO - Filling up the DagBag from /home/airflow/.local/lib/python3.7/site-packages/airflow/example_dags/example_dag_decorator.py
[2022-10-03T12:35:06.418+0000] {processor.py:768} INFO - DAG(s) dict_keys(['example_dag_decorator']) retrieved from /home/airflow/.local/lib/python3.7/site-packages/airflow/example_dags/example_dag_decorator.py
[2022-10-03T12:35:06.662+0000] {logging_mixin.py:117} INFO - [2022-10-03T12:35:06.662+0000] {dag.py:2573} INFO - Sync 1 DAGs
[2022-10-03T12:35:06.749+0000] {logging_mixin.py:117} INFO - [2022-10-03T12:35:06.749+0000] {dag.py:3328} INFO - Setting next_dagrun for example_dag_decorator to None, run_after=None
[2022-10-03T12:35:06.805+0000] {processor.py:178} INFO - Processing /home/airflow/.local/lib/python3.7/site-packages/airflow/example_dags/example_dag_decorator.py took 0.480 seconds
[2022-10-03T12:35:37.235+0000] {processor.py:156} INFO - Started process (PID=4719) to work on /home/airflow/.local/lib/python3.7/site-packages/airflow/example_dags/example_dag_decorator.py
[2022-10-03T12:35:37.237+0000] {processor.py:758} INFO - Processing file /home/airflow/.local/lib/python3.7/site-packages/airflow/example_dags/example_dag_decorator.py for tasks to queue
[2022-10-03T12:35:37.238+0000] {logging_mixin.py:117} INFO - [2022-10-03T12:35:37.238+0000] {dagbag.py:525} INFO - Filling up the DagBag from /home/airflow/.local/lib/python3.7/site-packages/airflow/example_dags/example_dag_decorator.py
[2022-10-03T12:35:37.313+0000] {processor.py:768} INFO - DAG(s) dict_keys(['example_dag_decorator']) retrieved from /home/airflow/.local/lib/python3.7/site-packages/airflow/example_dags/example_dag_decorator.py
[2022-10-03T12:35:37.518+0000] {logging_mixin.py:117} INFO - [2022-10-03T12:35:37.518+0000] {dag.py:2573} INFO - Sync 1 DAGs
[2022-10-03T12:35:37.582+0000] {logging_mixin.py:117} INFO - [2022-10-03T12:35:37.582+0000] {dag.py:3328} INFO - Setting next_dagrun for example_dag_decorator to None, run_after=None
[2022-10-03T12:35:37.633+0000] {processor.py:178} INFO - Processing /home/airflow/.local/lib/python3.7/site-packages/airflow/example_dags/example_dag_decorator.py took 0.405 seconds
[2022-10-03T12:36:07.941+0000] {processor.py:156} INFO - Started process (PID=4917) to work on /home/airflow/.local/lib/python3.7/site-packages/airflow/example_dags/example_dag_decorator.py
[2022-10-03T12:36:07.942+0000] {processor.py:758} INFO - Processing file /home/airflow/.local/lib/python3.7/site-packages/airflow/example_dags/example_dag_decorator.py for tasks to queue
[2022-10-03T12:36:07.943+0000] {logging_mixin.py:117} INFO - [2022-10-03T12:36:07.943+0000] {dagbag.py:525} INFO - Filling up the DagBag from /home/airflow/.local/lib/python3.7/site-packages/airflow/example_dags/example_dag_decorator.py
[2022-10-03T12:36:07.975+0000] {processor.py:768} INFO - DAG(s) dict_keys(['example_dag_decorator']) retrieved from /home/airflow/.local/lib/python3.7/site-packages/airflow/example_dags/example_dag_decorator.py
[2022-10-03T12:36:08.074+0000] {logging_mixin.py:117} INFO - [2022-10-03T12:36:08.073+0000] {dag.py:2573} INFO - Sync 1 DAGs
[2022-10-03T12:36:08.105+0000] {logging_mixin.py:117} INFO - [2022-10-03T12:36:08.105+0000] {dag.py:3328} INFO - Setting next_dagrun for example_dag_decorator to None, run_after=None
[2022-10-03T12:36:08.133+0000] {processor.py:178} INFO - Processing /home/airflow/.local/lib/python3.7/site-packages/airflow/example_dags/example_dag_decorator.py took 0.195 seconds
[2022-10-03T12:36:38.520+0000] {processor.py:156} INFO - Started process (PID=5124) to work on /home/airflow/.local/lib/python3.7/site-packages/airflow/example_dags/example_dag_decorator.py
[2022-10-03T12:36:38.521+0000] {processor.py:758} INFO - Processing file /home/airflow/.local/lib/python3.7/site-packages/airflow/example_dags/example_dag_decorator.py for tasks to queue
[2022-10-03T12:36:38.523+0000] {logging_mixin.py:117} INFO - [2022-10-03T12:36:38.522+0000] {dagbag.py:525} INFO - Filling up the DagBag from /home/airflow/.local/lib/python3.7/site-packages/airflow/example_dags/example_dag_decorator.py
[2022-10-03T12:36:38.560+0000] {processor.py:768} INFO - DAG(s) dict_keys(['example_dag_decorator']) retrieved from /home/airflow/.local/lib/python3.7/site-packages/airflow/example_dags/example_dag_decorator.py
[2022-10-03T12:36:38.660+0000] {logging_mixin.py:117} INFO - [2022-10-03T12:36:38.660+0000] {dag.py:2573} INFO - Sync 1 DAGs
[2022-10-03T12:36:38.691+0000] {logging_mixin.py:117} INFO - [2022-10-03T12:36:38.691+0000] {dag.py:3328} INFO - Setting next_dagrun for example_dag_decorator to None, run_after=None
[2022-10-03T12:36:38.719+0000] {processor.py:178} INFO - Processing /home/airflow/.local/lib/python3.7/site-packages/airflow/example_dags/example_dag_decorator.py took 0.201 seconds
[2022-10-03T12:37:09.522+0000] {processor.py:156} INFO - Started process (PID=5331) to work on /home/airflow/.local/lib/python3.7/site-packages/airflow/example_dags/example_dag_decorator.py
[2022-10-03T12:37:09.523+0000] {processor.py:758} INFO - Processing file /home/airflow/.local/lib/python3.7/site-packages/airflow/example_dags/example_dag_decorator.py for tasks to queue
[2022-10-03T12:37:09.524+0000] {logging_mixin.py:117} INFO - [2022-10-03T12:37:09.524+0000] {dagbag.py:525} INFO - Filling up the DagBag from /home/airflow/.local/lib/python3.7/site-packages/airflow/example_dags/example_dag_decorator.py
[2022-10-03T12:37:09.563+0000] {processor.py:768} INFO - DAG(s) dict_keys(['example_dag_decorator']) retrieved from /home/airflow/.local/lib/python3.7/site-packages/airflow/example_dags/example_dag_decorator.py
[2022-10-03T12:37:09.674+0000] {logging_mixin.py:117} INFO - [2022-10-03T12:37:09.674+0000] {dag.py:2573} INFO - Sync 1 DAGs
[2022-10-03T12:37:09.707+0000] {logging_mixin.py:117} INFO - [2022-10-03T12:37:09.707+0000] {dag.py:3328} INFO - Setting next_dagrun for example_dag_decorator to None, run_after=None
[2022-10-03T12:37:09.737+0000] {processor.py:178} INFO - Processing /home/airflow/.local/lib/python3.7/site-packages/airflow/example_dags/example_dag_decorator.py took 0.219 seconds
[2022-10-03T12:37:40.291+0000] {processor.py:156} INFO - Started process (PID=5529) to work on /home/airflow/.local/lib/python3.7/site-packages/airflow/example_dags/example_dag_decorator.py
[2022-10-03T12:37:40.293+0000] {processor.py:758} INFO - Processing file /home/airflow/.local/lib/python3.7/site-packages/airflow/example_dags/example_dag_decorator.py for tasks to queue
[2022-10-03T12:37:40.295+0000] {logging_mixin.py:117} INFO - [2022-10-03T12:37:40.295+0000] {dagbag.py:525} INFO - Filling up the DagBag from /home/airflow/.local/lib/python3.7/site-packages/airflow/example_dags/example_dag_decorator.py
[2022-10-03T12:37:40.374+0000] {processor.py:768} INFO - DAG(s) dict_keys(['example_dag_decorator']) retrieved from /home/airflow/.local/lib/python3.7/site-packages/airflow/example_dags/example_dag_decorator.py
[2022-10-03T12:37:40.661+0000] {logging_mixin.py:117} INFO - [2022-10-03T12:37:40.661+0000] {dag.py:2573} INFO - Sync 1 DAGs
[2022-10-03T12:37:40.727+0000] {logging_mixin.py:117} INFO - [2022-10-03T12:37:40.727+0000] {dag.py:3328} INFO - Setting next_dagrun for example_dag_decorator to None, run_after=None
[2022-10-03T12:37:40.780+0000] {processor.py:178} INFO - Processing /home/airflow/.local/lib/python3.7/site-packages/airflow/example_dags/example_dag_decorator.py took 0.496 seconds
[2022-10-03T12:38:11.468+0000] {processor.py:156} INFO - Started process (PID=5736) to work on /home/airflow/.local/lib/python3.7/site-packages/airflow/example_dags/example_dag_decorator.py
[2022-10-03T12:38:11.468+0000] {processor.py:758} INFO - Processing file /home/airflow/.local/lib/python3.7/site-packages/airflow/example_dags/example_dag_decorator.py for tasks to queue
[2022-10-03T12:38:11.469+0000] {logging_mixin.py:117} INFO - [2022-10-03T12:38:11.469+0000] {dagbag.py:525} INFO - Filling up the DagBag from /home/airflow/.local/lib/python3.7/site-packages/airflow/example_dags/example_dag_decorator.py
[2022-10-03T12:38:11.501+0000] {processor.py:768} INFO - DAG(s) dict_keys(['example_dag_decorator']) retrieved from /home/airflow/.local/lib/python3.7/site-packages/airflow/example_dags/example_dag_decorator.py
[2022-10-03T12:38:11.635+0000] {logging_mixin.py:117} INFO - [2022-10-03T12:38:11.635+0000] {dag.py:2573} INFO - Sync 1 DAGs
[2022-10-03T12:38:11.679+0000] {logging_mixin.py:117} INFO - [2022-10-03T12:38:11.679+0000] {dag.py:3328} INFO - Setting next_dagrun for example_dag_decorator to None, run_after=None
[2022-10-03T12:38:11.708+0000] {processor.py:178} INFO - Processing /home/airflow/.local/lib/python3.7/site-packages/airflow/example_dags/example_dag_decorator.py took 0.244 seconds
[2022-10-03T12:38:42.070+0000] {processor.py:156} INFO - Started process (PID=5934) to work on /home/airflow/.local/lib/python3.7/site-packages/airflow/example_dags/example_dag_decorator.py
[2022-10-03T12:38:42.072+0000] {processor.py:758} INFO - Processing file /home/airflow/.local/lib/python3.7/site-packages/airflow/example_dags/example_dag_decorator.py for tasks to queue
[2022-10-03T12:38:42.074+0000] {logging_mixin.py:117} INFO - [2022-10-03T12:38:42.073+0000] {dagbag.py:525} INFO - Filling up the DagBag from /home/airflow/.local/lib/python3.7/site-packages/airflow/example_dags/example_dag_decorator.py
[2022-10-03T12:38:42.135+0000] {processor.py:768} INFO - DAG(s) dict_keys(['example_dag_decorator']) retrieved from /home/airflow/.local/lib/python3.7/site-packages/airflow/example_dags/example_dag_decorator.py
[2022-10-03T12:38:42.238+0000] {logging_mixin.py:117} INFO - [2022-10-03T12:38:42.238+0000] {dag.py:2573} INFO - Sync 1 DAGs
[2022-10-03T12:38:42.270+0000] {logging_mixin.py:117} INFO - [2022-10-03T12:38:42.269+0000] {dag.py:3328} INFO - Setting next_dagrun for example_dag_decorator to None, run_after=None
[2022-10-03T12:38:42.298+0000] {processor.py:178} INFO - Processing /home/airflow/.local/lib/python3.7/site-packages/airflow/example_dags/example_dag_decorator.py took 0.233 seconds
[2022-10-03T12:39:12.760+0000] {processor.py:156} INFO - Started process (PID=6141) to work on /home/airflow/.local/lib/python3.7/site-packages/airflow/example_dags/example_dag_decorator.py
[2022-10-03T12:39:12.761+0000] {processor.py:758} INFO - Processing file /home/airflow/.local/lib/python3.7/site-packages/airflow/example_dags/example_dag_decorator.py for tasks to queue
[2022-10-03T12:39:12.762+0000] {logging_mixin.py:117} INFO - [2022-10-03T12:39:12.762+0000] {dagbag.py:525} INFO - Filling up the DagBag from /home/airflow/.local/lib/python3.7/site-packages/airflow/example_dags/example_dag_decorator.py
[2022-10-03T12:39:12.807+0000] {processor.py:768} INFO - DAG(s) dict_keys(['example_dag_decorator']) retrieved from /home/airflow/.local/lib/python3.7/site-packages/airflow/example_dags/example_dag_decorator.py
[2022-10-03T12:39:12.945+0000] {logging_mixin.py:117} INFO - [2022-10-03T12:39:12.945+0000] {dag.py:2573} INFO - Sync 1 DAGs
[2022-10-03T12:39:12.980+0000] {logging_mixin.py:117} INFO - [2022-10-03T12:39:12.980+0000] {dag.py:3328} INFO - Setting next_dagrun for example_dag_decorator to None, run_after=None
[2022-10-03T12:39:13.013+0000] {processor.py:178} INFO - Processing /home/airflow/.local/lib/python3.7/site-packages/airflow/example_dags/example_dag_decorator.py took 0.258 seconds
[2022-10-03T12:39:43.201+0000] {processor.py:156} INFO - Started process (PID=6346) to work on /home/airflow/.local/lib/python3.7/site-packages/airflow/example_dags/example_dag_decorator.py
[2022-10-03T12:39:43.202+0000] {processor.py:758} INFO - Processing file /home/airflow/.local/lib/python3.7/site-packages/airflow/example_dags/example_dag_decorator.py for tasks to queue
[2022-10-03T12:39:43.203+0000] {logging_mixin.py:117} INFO - [2022-10-03T12:39:43.203+0000] {dagbag.py:525} INFO - Filling up the DagBag from /home/airflow/.local/lib/python3.7/site-packages/airflow/example_dags/example_dag_decorator.py
[2022-10-03T12:39:43.237+0000] {processor.py:768} INFO - DAG(s) dict_keys(['example_dag_decorator']) retrieved from /home/airflow/.local/lib/python3.7/site-packages/airflow/example_dags/example_dag_decorator.py
[2022-10-03T12:39:43.349+0000] {logging_mixin.py:117} INFO - [2022-10-03T12:39:43.348+0000] {dag.py:2573} INFO - Sync 1 DAGs
[2022-10-03T12:39:43.381+0000] {logging_mixin.py:117} INFO - [2022-10-03T12:39:43.381+0000] {dag.py:3328} INFO - Setting next_dagrun for example_dag_decorator to None, run_after=None
[2022-10-03T12:39:43.413+0000] {processor.py:178} INFO - Processing /home/airflow/.local/lib/python3.7/site-packages/airflow/example_dags/example_dag_decorator.py took 0.215 seconds
[2022-10-03T12:40:13.702+0000] {processor.py:156} INFO - Started process (PID=6546) to work on /home/airflow/.local/lib/python3.7/site-packages/airflow/example_dags/example_dag_decorator.py
[2022-10-03T12:40:13.703+0000] {processor.py:758} INFO - Processing file /home/airflow/.local/lib/python3.7/site-packages/airflow/example_dags/example_dag_decorator.py for tasks to queue
[2022-10-03T12:40:13.705+0000] {logging_mixin.py:117} INFO - [2022-10-03T12:40:13.704+0000] {dagbag.py:525} INFO - Filling up the DagBag from /home/airflow/.local/lib/python3.7/site-packages/airflow/example_dags/example_dag_decorator.py
[2022-10-03T12:40:13.750+0000] {processor.py:768} INFO - DAG(s) dict_keys(['example_dag_decorator']) retrieved from /home/airflow/.local/lib/python3.7/site-packages/airflow/example_dags/example_dag_decorator.py
[2022-10-03T12:40:13.872+0000] {logging_mixin.py:117} INFO - [2022-10-03T12:40:13.872+0000] {dag.py:2573} INFO - Sync 1 DAGs
[2022-10-03T12:40:13.905+0000] {logging_mixin.py:117} INFO - [2022-10-03T12:40:13.905+0000] {dag.py:3328} INFO - Setting next_dagrun for example_dag_decorator to None, run_after=None
[2022-10-03T12:40:13.937+0000] {processor.py:178} INFO - Processing /home/airflow/.local/lib/python3.7/site-packages/airflow/example_dags/example_dag_decorator.py took 0.239 seconds
[2022-10-03T12:40:44.623+0000] {processor.py:156} INFO - Started process (PID=6755) to work on /home/airflow/.local/lib/python3.7/site-packages/airflow/example_dags/example_dag_decorator.py
[2022-10-03T12:40:44.625+0000] {processor.py:758} INFO - Processing file /home/airflow/.local/lib/python3.7/site-packages/airflow/example_dags/example_dag_decorator.py for tasks to queue
[2022-10-03T12:40:44.626+0000] {logging_mixin.py:117} INFO - [2022-10-03T12:40:44.626+0000] {dagbag.py:525} INFO - Filling up the DagBag from /home/airflow/.local/lib/python3.7/site-packages/airflow/example_dags/example_dag_decorator.py
[2022-10-03T12:40:44.705+0000] {processor.py:768} INFO - DAG(s) dict_keys(['example_dag_decorator']) retrieved from /home/airflow/.local/lib/python3.7/site-packages/airflow/example_dags/example_dag_decorator.py
[2022-10-03T12:40:44.952+0000] {logging_mixin.py:117} INFO - [2022-10-03T12:40:44.952+0000] {dag.py:2573} INFO - Sync 1 DAGs
[2022-10-03T12:40:45.029+0000] {logging_mixin.py:117} INFO - [2022-10-03T12:40:45.028+0000] {dag.py:3328} INFO - Setting next_dagrun for example_dag_decorator to None, run_after=None
[2022-10-03T12:40:45.081+0000] {processor.py:178} INFO - Processing /home/airflow/.local/lib/python3.7/site-packages/airflow/example_dags/example_dag_decorator.py took 0.466 seconds
[2022-10-03T12:41:15.310+0000] {processor.py:156} INFO - Started process (PID=6958) to work on /home/airflow/.local/lib/python3.7/site-packages/airflow/example_dags/example_dag_decorator.py
[2022-10-03T12:41:15.312+0000] {processor.py:758} INFO - Processing file /home/airflow/.local/lib/python3.7/site-packages/airflow/example_dags/example_dag_decorator.py for tasks to queue
[2022-10-03T12:41:15.314+0000] {logging_mixin.py:117} INFO - [2022-10-03T12:41:15.313+0000] {dagbag.py:525} INFO - Filling up the DagBag from /home/airflow/.local/lib/python3.7/site-packages/airflow/example_dags/example_dag_decorator.py
[2022-10-03T12:41:15.394+0000] {processor.py:768} INFO - DAG(s) dict_keys(['example_dag_decorator']) retrieved from /home/airflow/.local/lib/python3.7/site-packages/airflow/example_dags/example_dag_decorator.py
[2022-10-03T12:41:15.640+0000] {logging_mixin.py:117} INFO - [2022-10-03T12:41:15.639+0000] {dag.py:2573} INFO - Sync 1 DAGs
[2022-10-03T12:41:15.703+0000] {logging_mixin.py:117} INFO - [2022-10-03T12:41:15.703+0000] {dag.py:3328} INFO - Setting next_dagrun for example_dag_decorator to None, run_after=None
[2022-10-03T12:41:15.756+0000] {processor.py:178} INFO - Processing /home/airflow/.local/lib/python3.7/site-packages/airflow/example_dags/example_dag_decorator.py took 0.452 seconds
[2022-10-03T12:41:46.840+0000] {processor.py:156} INFO - Started process (PID=7165) to work on /home/airflow/.local/lib/python3.7/site-packages/airflow/example_dags/example_dag_decorator.py
[2022-10-03T12:41:46.842+0000] {processor.py:758} INFO - Processing file /home/airflow/.local/lib/python3.7/site-packages/airflow/example_dags/example_dag_decorator.py for tasks to queue
[2022-10-03T12:41:46.844+0000] {logging_mixin.py:117} INFO - [2022-10-03T12:41:46.843+0000] {dagbag.py:525} INFO - Filling up the DagBag from /home/airflow/.local/lib/python3.7/site-packages/airflow/example_dags/example_dag_decorator.py
[2022-10-03T12:41:46.952+0000] {processor.py:768} INFO - DAG(s) dict_keys(['example_dag_decorator']) retrieved from /home/airflow/.local/lib/python3.7/site-packages/airflow/example_dags/example_dag_decorator.py
[2022-10-03T12:41:47.155+0000] {logging_mixin.py:117} INFO - [2022-10-03T12:41:47.155+0000] {dag.py:2573} INFO - Sync 1 DAGs
[2022-10-03T12:41:47.211+0000] {logging_mixin.py:117} INFO - [2022-10-03T12:41:47.211+0000] {dag.py:3328} INFO - Setting next_dagrun for example_dag_decorator to None, run_after=None
[2022-10-03T12:41:47.272+0000] {processor.py:178} INFO - Processing /home/airflow/.local/lib/python3.7/site-packages/airflow/example_dags/example_dag_decorator.py took 0.442 seconds
[2022-10-03T12:42:17.659+0000] {processor.py:156} INFO - Started process (PID=7358) to work on /home/airflow/.local/lib/python3.7/site-packages/airflow/example_dags/example_dag_decorator.py
[2022-10-03T12:42:17.660+0000] {processor.py:758} INFO - Processing file /home/airflow/.local/lib/python3.7/site-packages/airflow/example_dags/example_dag_decorator.py for tasks to queue
[2022-10-03T12:42:17.661+0000] {logging_mixin.py:117} INFO - [2022-10-03T12:42:17.661+0000] {dagbag.py:525} INFO - Filling up the DagBag from /home/airflow/.local/lib/python3.7/site-packages/airflow/example_dags/example_dag_decorator.py
[2022-10-03T12:42:17.690+0000] {processor.py:768} INFO - DAG(s) dict_keys(['example_dag_decorator']) retrieved from /home/airflow/.local/lib/python3.7/site-packages/airflow/example_dags/example_dag_decorator.py
[2022-10-03T12:42:17.780+0000] {logging_mixin.py:117} INFO - [2022-10-03T12:42:17.780+0000] {dag.py:2573} INFO - Sync 1 DAGs
[2022-10-03T12:42:17.805+0000] {logging_mixin.py:117} INFO - [2022-10-03T12:42:17.805+0000] {dag.py:3328} INFO - Setting next_dagrun for example_dag_decorator to None, run_after=None
[2022-10-03T12:42:17.830+0000] {processor.py:178} INFO - Processing /home/airflow/.local/lib/python3.7/site-packages/airflow/example_dags/example_dag_decorator.py took 0.175 seconds
[2022-10-03T12:42:48.331+0000] {processor.py:156} INFO - Started process (PID=7565) to work on /home/airflow/.local/lib/python3.7/site-packages/airflow/example_dags/example_dag_decorator.py
[2022-10-03T12:42:48.337+0000] {processor.py:758} INFO - Processing file /home/airflow/.local/lib/python3.7/site-packages/airflow/example_dags/example_dag_decorator.py for tasks to queue
[2022-10-03T12:42:48.338+0000] {logging_mixin.py:117} INFO - [2022-10-03T12:42:48.338+0000] {dagbag.py:525} INFO - Filling up the DagBag from /home/airflow/.local/lib/python3.7/site-packages/airflow/example_dags/example_dag_decorator.py
[2022-10-03T12:42:48.386+0000] {processor.py:768} INFO - DAG(s) dict_keys(['example_dag_decorator']) retrieved from /home/airflow/.local/lib/python3.7/site-packages/airflow/example_dags/example_dag_decorator.py
[2022-10-03T12:42:48.518+0000] {logging_mixin.py:117} INFO - [2022-10-03T12:42:48.518+0000] {dag.py:2573} INFO - Sync 1 DAGs
[2022-10-03T12:42:48.594+0000] {logging_mixin.py:117} INFO - [2022-10-03T12:42:48.594+0000] {dag.py:3328} INFO - Setting next_dagrun for example_dag_decorator to None, run_after=None
[2022-10-03T12:42:48.644+0000] {processor.py:178} INFO - Processing /home/airflow/.local/lib/python3.7/site-packages/airflow/example_dags/example_dag_decorator.py took 0.318 seconds
[2022-10-03T12:43:18.753+0000] {processor.py:156} INFO - Started process (PID=7777) to work on /home/airflow/.local/lib/python3.7/site-packages/airflow/example_dags/example_dag_decorator.py
[2022-10-03T12:43:18.754+0000] {processor.py:758} INFO - Processing file /home/airflow/.local/lib/python3.7/site-packages/airflow/example_dags/example_dag_decorator.py for tasks to queue
[2022-10-03T12:43:18.755+0000] {logging_mixin.py:117} INFO - [2022-10-03T12:43:18.755+0000] {dagbag.py:525} INFO - Filling up the DagBag from /home/airflow/.local/lib/python3.7/site-packages/airflow/example_dags/example_dag_decorator.py
[2022-10-03T12:43:18.783+0000] {processor.py:768} INFO - DAG(s) dict_keys(['example_dag_decorator']) retrieved from /home/airflow/.local/lib/python3.7/site-packages/airflow/example_dags/example_dag_decorator.py
[2022-10-03T12:43:18.867+0000] {logging_mixin.py:117} INFO - [2022-10-03T12:43:18.867+0000] {dag.py:2573} INFO - Sync 1 DAGs
[2022-10-03T12:43:18.890+0000] {logging_mixin.py:117} INFO - [2022-10-03T12:43:18.890+0000] {dag.py:3328} INFO - Setting next_dagrun for example_dag_decorator to None, run_after=None
[2022-10-03T12:43:18.915+0000] {processor.py:178} INFO - Processing /home/airflow/.local/lib/python3.7/site-packages/airflow/example_dags/example_dag_decorator.py took 0.164 seconds
[2022-10-03T12:43:49.701+0000] {processor.py:156} INFO - Started process (PID=7968) to work on /home/airflow/.local/lib/python3.7/site-packages/airflow/example_dags/example_dag_decorator.py
[2022-10-03T12:43:49.703+0000] {processor.py:758} INFO - Processing file /home/airflow/.local/lib/python3.7/site-packages/airflow/example_dags/example_dag_decorator.py for tasks to queue
[2022-10-03T12:43:49.704+0000] {logging_mixin.py:117} INFO - [2022-10-03T12:43:49.704+0000] {dagbag.py:525} INFO - Filling up the DagBag from /home/airflow/.local/lib/python3.7/site-packages/airflow/example_dags/example_dag_decorator.py
[2022-10-03T12:43:49.771+0000] {processor.py:768} INFO - DAG(s) dict_keys(['example_dag_decorator']) retrieved from /home/airflow/.local/lib/python3.7/site-packages/airflow/example_dags/example_dag_decorator.py
[2022-10-03T12:43:49.963+0000] {logging_mixin.py:117} INFO - [2022-10-03T12:43:49.963+0000] {dag.py:2573} INFO - Sync 1 DAGs
[2022-10-03T12:43:50.018+0000] {logging_mixin.py:117} INFO - [2022-10-03T12:43:50.018+0000] {dag.py:3328} INFO - Setting next_dagrun for example_dag_decorator to None, run_after=None
[2022-10-03T12:43:50.066+0000] {processor.py:178} INFO - Processing /home/airflow/.local/lib/python3.7/site-packages/airflow/example_dags/example_dag_decorator.py took 0.371 seconds
[2022-10-03T12:44:20.244+0000] {processor.py:156} INFO - Started process (PID=8175) to work on /home/airflow/.local/lib/python3.7/site-packages/airflow/example_dags/example_dag_decorator.py
[2022-10-03T12:44:20.245+0000] {processor.py:758} INFO - Processing file /home/airflow/.local/lib/python3.7/site-packages/airflow/example_dags/example_dag_decorator.py for tasks to queue
[2022-10-03T12:44:20.245+0000] {logging_mixin.py:117} INFO - [2022-10-03T12:44:20.245+0000] {dagbag.py:525} INFO - Filling up the DagBag from /home/airflow/.local/lib/python3.7/site-packages/airflow/example_dags/example_dag_decorator.py
[2022-10-03T12:44:20.276+0000] {processor.py:768} INFO - DAG(s) dict_keys(['example_dag_decorator']) retrieved from /home/airflow/.local/lib/python3.7/site-packages/airflow/example_dags/example_dag_decorator.py
[2022-10-03T12:44:20.374+0000] {logging_mixin.py:117} INFO - [2022-10-03T12:44:20.374+0000] {dag.py:2573} INFO - Sync 1 DAGs
[2022-10-03T12:44:20.419+0000] {logging_mixin.py:117} INFO - [2022-10-03T12:44:20.419+0000] {dag.py:3328} INFO - Setting next_dagrun for example_dag_decorator to None, run_after=None
[2022-10-03T12:44:20.454+0000] {processor.py:178} INFO - Processing /home/airflow/.local/lib/python3.7/site-packages/airflow/example_dags/example_dag_decorator.py took 0.214 seconds
[2022-10-03T12:44:51.107+0000] {processor.py:156} INFO - Started process (PID=8382) to work on /home/airflow/.local/lib/python3.7/site-packages/airflow/example_dags/example_dag_decorator.py
[2022-10-03T12:44:51.109+0000] {processor.py:758} INFO - Processing file /home/airflow/.local/lib/python3.7/site-packages/airflow/example_dags/example_dag_decorator.py for tasks to queue
[2022-10-03T12:44:51.110+0000] {logging_mixin.py:117} INFO - [2022-10-03T12:44:51.110+0000] {dagbag.py:525} INFO - Filling up the DagBag from /home/airflow/.local/lib/python3.7/site-packages/airflow/example_dags/example_dag_decorator.py
[2022-10-03T12:44:51.186+0000] {processor.py:768} INFO - DAG(s) dict_keys(['example_dag_decorator']) retrieved from /home/airflow/.local/lib/python3.7/site-packages/airflow/example_dags/example_dag_decorator.py
[2022-10-03T12:44:51.402+0000] {logging_mixin.py:117} INFO - [2022-10-03T12:44:51.402+0000] {dag.py:2573} INFO - Sync 1 DAGs
[2022-10-03T12:44:51.478+0000] {logging_mixin.py:117} INFO - [2022-10-03T12:44:51.477+0000] {dag.py:3328} INFO - Setting next_dagrun for example_dag_decorator to None, run_after=None
[2022-10-03T12:44:51.534+0000] {processor.py:178} INFO - Processing /home/airflow/.local/lib/python3.7/site-packages/airflow/example_dags/example_dag_decorator.py took 0.436 seconds
[2022-10-03T12:45:22.331+0000] {processor.py:156} INFO - Started process (PID=8583) to work on /home/airflow/.local/lib/python3.7/site-packages/airflow/example_dags/example_dag_decorator.py
[2022-10-03T12:45:22.333+0000] {processor.py:758} INFO - Processing file /home/airflow/.local/lib/python3.7/site-packages/airflow/example_dags/example_dag_decorator.py for tasks to queue
[2022-10-03T12:45:22.334+0000] {logging_mixin.py:117} INFO - [2022-10-03T12:45:22.334+0000] {dagbag.py:525} INFO - Filling up the DagBag from /home/airflow/.local/lib/python3.7/site-packages/airflow/example_dags/example_dag_decorator.py
[2022-10-03T12:45:22.369+0000] {processor.py:768} INFO - DAG(s) dict_keys(['example_dag_decorator']) retrieved from /home/airflow/.local/lib/python3.7/site-packages/airflow/example_dags/example_dag_decorator.py
[2022-10-03T12:45:22.476+0000] {logging_mixin.py:117} INFO - [2022-10-03T12:45:22.476+0000] {dag.py:2573} INFO - Sync 1 DAGs
[2022-10-03T12:45:22.507+0000] {logging_mixin.py:117} INFO - [2022-10-03T12:45:22.507+0000] {dag.py:3328} INFO - Setting next_dagrun for example_dag_decorator to None, run_after=None
[2022-10-03T12:45:22.538+0000] {processor.py:178} INFO - Processing /home/airflow/.local/lib/python3.7/site-packages/airflow/example_dags/example_dag_decorator.py took 0.211 seconds
[2022-10-03T12:45:52.602+0000] {processor.py:156} INFO - Started process (PID=8790) to work on /home/airflow/.local/lib/python3.7/site-packages/airflow/example_dags/example_dag_decorator.py
[2022-10-03T12:45:52.603+0000] {processor.py:758} INFO - Processing file /home/airflow/.local/lib/python3.7/site-packages/airflow/example_dags/example_dag_decorator.py for tasks to queue
[2022-10-03T12:45:52.604+0000] {logging_mixin.py:117} INFO - [2022-10-03T12:45:52.604+0000] {dagbag.py:525} INFO - Filling up the DagBag from /home/airflow/.local/lib/python3.7/site-packages/airflow/example_dags/example_dag_decorator.py
[2022-10-03T12:45:52.635+0000] {processor.py:768} INFO - DAG(s) dict_keys(['example_dag_decorator']) retrieved from /home/airflow/.local/lib/python3.7/site-packages/airflow/example_dags/example_dag_decorator.py
[2022-10-03T12:45:52.727+0000] {logging_mixin.py:117} INFO - [2022-10-03T12:45:52.727+0000] {dag.py:2573} INFO - Sync 1 DAGs
[2022-10-03T12:45:52.754+0000] {logging_mixin.py:117} INFO - [2022-10-03T12:45:52.754+0000] {dag.py:3328} INFO - Setting next_dagrun for example_dag_decorator to None, run_after=None
[2022-10-03T12:45:52.779+0000] {processor.py:178} INFO - Processing /home/airflow/.local/lib/python3.7/site-packages/airflow/example_dags/example_dag_decorator.py took 0.181 seconds
