[2022-10-03T12:24:25.548+0000] {processor.py:156} INFO - Started process (PID=288) to work on /home/airflow/.local/lib/python3.7/site-packages/airflow/example_dags/example_time_delta_sensor_async.py
[2022-10-03T12:24:25.549+0000] {processor.py:758} INFO - Processing file /home/airflow/.local/lib/python3.7/site-packages/airflow/example_dags/example_time_delta_sensor_async.py for tasks to queue
[2022-10-03T12:24:25.551+0000] {logging_mixin.py:117} INFO - [2022-10-03T12:24:25.551+0000] {dagbag.py:525} INFO - Filling up the DagBag from /home/airflow/.local/lib/python3.7/site-packages/airflow/example_dags/example_time_delta_sensor_async.py
[2022-10-03T12:24:25.595+0000] {processor.py:768} INFO - DAG(s) dict_keys(['example_time_delta_sensor_async']) retrieved from /home/airflow/.local/lib/python3.7/site-packages/airflow/example_dags/example_time_delta_sensor_async.py
[2022-10-03T12:24:26.103+0000] {logging_mixin.py:117} INFO - [2022-10-03T12:24:26.102+0000] {dag.py:2573} INFO - Sync 1 DAGs
[2022-10-03T12:24:26.351+0000] {logging_mixin.py:117} INFO - [2022-10-03T12:24:26.351+0000] {dag.py:3328} INFO - Setting next_dagrun for example_time_delta_sensor_async to None, run_after=None
[2022-10-03T12:24:26.397+0000] {processor.py:178} INFO - Processing /home/airflow/.local/lib/python3.7/site-packages/airflow/example_dags/example_time_delta_sensor_async.py took 0.858 seconds
[2022-10-03T12:24:57.410+0000] {processor.py:156} INFO - Started process (PID=496) to work on /home/airflow/.local/lib/python3.7/site-packages/airflow/example_dags/example_time_delta_sensor_async.py
[2022-10-03T12:24:57.412+0000] {processor.py:758} INFO - Processing file /home/airflow/.local/lib/python3.7/site-packages/airflow/example_dags/example_time_delta_sensor_async.py for tasks to queue
[2022-10-03T12:24:57.414+0000] {logging_mixin.py:117} INFO - [2022-10-03T12:24:57.413+0000] {dagbag.py:525} INFO - Filling up the DagBag from /home/airflow/.local/lib/python3.7/site-packages/airflow/example_dags/example_time_delta_sensor_async.py
[2022-10-03T12:24:57.457+0000] {processor.py:768} INFO - DAG(s) dict_keys(['example_time_delta_sensor_async']) retrieved from /home/airflow/.local/lib/python3.7/site-packages/airflow/example_dags/example_time_delta_sensor_async.py
[2022-10-03T12:24:57.955+0000] {logging_mixin.py:117} INFO - [2022-10-03T12:24:57.955+0000] {dag.py:2573} INFO - Sync 1 DAGs
[2022-10-03T12:24:58.200+0000] {logging_mixin.py:117} INFO - [2022-10-03T12:24:58.200+0000] {dag.py:3328} INFO - Setting next_dagrun for example_time_delta_sensor_async to None, run_after=None
[2022-10-03T12:24:58.243+0000] {processor.py:178} INFO - Processing /home/airflow/.local/lib/python3.7/site-packages/airflow/example_dags/example_time_delta_sensor_async.py took 0.839 seconds
[2022-10-03T12:25:28.585+0000] {processor.py:156} INFO - Started process (PID=698) to work on /home/airflow/.local/lib/python3.7/site-packages/airflow/example_dags/example_time_delta_sensor_async.py
[2022-10-03T12:25:28.587+0000] {processor.py:758} INFO - Processing file /home/airflow/.local/lib/python3.7/site-packages/airflow/example_dags/example_time_delta_sensor_async.py for tasks to queue
[2022-10-03T12:25:28.590+0000] {logging_mixin.py:117} INFO - [2022-10-03T12:25:28.589+0000] {dagbag.py:525} INFO - Filling up the DagBag from /home/airflow/.local/lib/python3.7/site-packages/airflow/example_dags/example_time_delta_sensor_async.py
[2022-10-03T12:25:28.626+0000] {processor.py:768} INFO - DAG(s) dict_keys(['example_time_delta_sensor_async']) retrieved from /home/airflow/.local/lib/python3.7/site-packages/airflow/example_dags/example_time_delta_sensor_async.py
[2022-10-03T12:25:29.344+0000] {logging_mixin.py:117} INFO - [2022-10-03T12:25:29.344+0000] {dag.py:2573} INFO - Sync 1 DAGs
[2022-10-03T12:25:29.400+0000] {logging_mixin.py:117} INFO - [2022-10-03T12:25:29.400+0000] {dag.py:3328} INFO - Setting next_dagrun for example_time_delta_sensor_async to None, run_after=None
[2022-10-03T12:25:29.450+0000] {processor.py:178} INFO - Processing /home/airflow/.local/lib/python3.7/site-packages/airflow/example_dags/example_time_delta_sensor_async.py took 0.875 seconds
[2022-10-03T12:26:00.092+0000] {processor.py:156} INFO - Started process (PID=908) to work on /home/airflow/.local/lib/python3.7/site-packages/airflow/example_dags/example_time_delta_sensor_async.py
[2022-10-03T12:26:00.095+0000] {processor.py:758} INFO - Processing file /home/airflow/.local/lib/python3.7/site-packages/airflow/example_dags/example_time_delta_sensor_async.py for tasks to queue
[2022-10-03T12:26:00.097+0000] {logging_mixin.py:117} INFO - [2022-10-03T12:26:00.097+0000] {dagbag.py:525} INFO - Filling up the DagBag from /home/airflow/.local/lib/python3.7/site-packages/airflow/example_dags/example_time_delta_sensor_async.py
[2022-10-03T12:26:00.139+0000] {processor.py:768} INFO - DAG(s) dict_keys(['example_time_delta_sensor_async']) retrieved from /home/airflow/.local/lib/python3.7/site-packages/airflow/example_dags/example_time_delta_sensor_async.py
[2022-10-03T12:26:01.132+0000] {logging_mixin.py:117} INFO - [2022-10-03T12:26:01.131+0000] {dag.py:2573} INFO - Sync 1 DAGs
[2022-10-03T12:26:01.197+0000] {logging_mixin.py:117} INFO - [2022-10-03T12:26:01.197+0000] {dag.py:3328} INFO - Setting next_dagrun for example_time_delta_sensor_async to None, run_after=None
[2022-10-03T12:26:01.260+0000] {processor.py:178} INFO - Processing /home/airflow/.local/lib/python3.7/site-packages/airflow/example_dags/example_time_delta_sensor_async.py took 1.176 seconds
[2022-10-03T12:26:32.155+0000] {processor.py:156} INFO - Started process (PID=1107) to work on /home/airflow/.local/lib/python3.7/site-packages/airflow/example_dags/example_time_delta_sensor_async.py
[2022-10-03T12:26:32.157+0000] {processor.py:758} INFO - Processing file /home/airflow/.local/lib/python3.7/site-packages/airflow/example_dags/example_time_delta_sensor_async.py for tasks to queue
[2022-10-03T12:26:32.158+0000] {logging_mixin.py:117} INFO - [2022-10-03T12:26:32.158+0000] {dagbag.py:525} INFO - Filling up the DagBag from /home/airflow/.local/lib/python3.7/site-packages/airflow/example_dags/example_time_delta_sensor_async.py
[2022-10-03T12:26:32.193+0000] {processor.py:768} INFO - DAG(s) dict_keys(['example_time_delta_sensor_async']) retrieved from /home/airflow/.local/lib/python3.7/site-packages/airflow/example_dags/example_time_delta_sensor_async.py
[2022-10-03T12:26:32.792+0000] {logging_mixin.py:117} INFO - [2022-10-03T12:26:32.792+0000] {dag.py:2573} INFO - Sync 1 DAGs
[2022-10-03T12:26:32.817+0000] {logging_mixin.py:117} INFO - [2022-10-03T12:26:32.817+0000] {dag.py:3328} INFO - Setting next_dagrun for example_time_delta_sensor_async to None, run_after=None
[2022-10-03T12:26:32.844+0000] {processor.py:178} INFO - Processing /home/airflow/.local/lib/python3.7/site-packages/airflow/example_dags/example_time_delta_sensor_async.py took 0.698 seconds
[2022-10-03T12:27:02.905+0000] {processor.py:156} INFO - Started process (PID=1334) to work on /home/airflow/.local/lib/python3.7/site-packages/airflow/example_dags/example_time_delta_sensor_async.py
[2022-10-03T12:27:02.906+0000] {processor.py:758} INFO - Processing file /home/airflow/.local/lib/python3.7/site-packages/airflow/example_dags/example_time_delta_sensor_async.py for tasks to queue
[2022-10-03T12:27:02.907+0000] {logging_mixin.py:117} INFO - [2022-10-03T12:27:02.907+0000] {dagbag.py:525} INFO - Filling up the DagBag from /home/airflow/.local/lib/python3.7/site-packages/airflow/example_dags/example_time_delta_sensor_async.py
[2022-10-03T12:27:03.121+0000] {processor.py:768} INFO - DAG(s) dict_keys(['example_time_delta_sensor_async']) retrieved from /home/airflow/.local/lib/python3.7/site-packages/airflow/example_dags/example_time_delta_sensor_async.py
[2022-10-03T12:27:03.624+0000] {logging_mixin.py:117} INFO - [2022-10-03T12:27:03.623+0000] {dag.py:2573} INFO - Sync 1 DAGs
[2022-10-03T12:27:03.677+0000] {logging_mixin.py:117} INFO - [2022-10-03T12:27:03.676+0000] {dag.py:3328} INFO - Setting next_dagrun for example_time_delta_sensor_async to None, run_after=None
[2022-10-03T12:27:03.718+0000] {processor.py:178} INFO - Processing /home/airflow/.local/lib/python3.7/site-packages/airflow/example_dags/example_time_delta_sensor_async.py took 0.817 seconds
[2022-10-03T12:27:34.208+0000] {processor.py:156} INFO - Started process (PID=1550) to work on /home/airflow/.local/lib/python3.7/site-packages/airflow/example_dags/example_time_delta_sensor_async.py
[2022-10-03T12:27:34.209+0000] {processor.py:758} INFO - Processing file /home/airflow/.local/lib/python3.7/site-packages/airflow/example_dags/example_time_delta_sensor_async.py for tasks to queue
[2022-10-03T12:27:34.210+0000] {logging_mixin.py:117} INFO - [2022-10-03T12:27:34.210+0000] {dagbag.py:525} INFO - Filling up the DagBag from /home/airflow/.local/lib/python3.7/site-packages/airflow/example_dags/example_time_delta_sensor_async.py
[2022-10-03T12:27:34.223+0000] {processor.py:768} INFO - DAG(s) dict_keys(['example_time_delta_sensor_async']) retrieved from /home/airflow/.local/lib/python3.7/site-packages/airflow/example_dags/example_time_delta_sensor_async.py
[2022-10-03T12:27:34.423+0000] {logging_mixin.py:117} INFO - [2022-10-03T12:27:34.422+0000] {dag.py:2573} INFO - Sync 1 DAGs
[2022-10-03T12:27:34.448+0000] {logging_mixin.py:117} INFO - [2022-10-03T12:27:34.448+0000] {dag.py:3328} INFO - Setting next_dagrun for example_time_delta_sensor_async to None, run_after=None
[2022-10-03T12:27:34.475+0000] {processor.py:178} INFO - Processing /home/airflow/.local/lib/python3.7/site-packages/airflow/example_dags/example_time_delta_sensor_async.py took 0.271 seconds
[2022-10-03T12:28:04.858+0000] {processor.py:156} INFO - Started process (PID=1757) to work on /home/airflow/.local/lib/python3.7/site-packages/airflow/example_dags/example_time_delta_sensor_async.py
[2022-10-03T12:28:04.859+0000] {processor.py:758} INFO - Processing file /home/airflow/.local/lib/python3.7/site-packages/airflow/example_dags/example_time_delta_sensor_async.py for tasks to queue
[2022-10-03T12:28:04.860+0000] {logging_mixin.py:117} INFO - [2022-10-03T12:28:04.860+0000] {dagbag.py:525} INFO - Filling up the DagBag from /home/airflow/.local/lib/python3.7/site-packages/airflow/example_dags/example_time_delta_sensor_async.py
[2022-10-03T12:28:04.874+0000] {processor.py:768} INFO - DAG(s) dict_keys(['example_time_delta_sensor_async']) retrieved from /home/airflow/.local/lib/python3.7/site-packages/airflow/example_dags/example_time_delta_sensor_async.py
[2022-10-03T12:28:05.131+0000] {logging_mixin.py:117} INFO - [2022-10-03T12:28:05.130+0000] {dag.py:2573} INFO - Sync 1 DAGs
[2022-10-03T12:28:05.168+0000] {logging_mixin.py:117} INFO - [2022-10-03T12:28:05.168+0000] {dag.py:3328} INFO - Setting next_dagrun for example_time_delta_sensor_async to None, run_after=None
[2022-10-03T12:28:05.208+0000] {processor.py:178} INFO - Processing /home/airflow/.local/lib/python3.7/site-packages/airflow/example_dags/example_time_delta_sensor_async.py took 0.354 seconds
[2022-10-03T12:28:35.571+0000] {processor.py:156} INFO - Started process (PID=1963) to work on /home/airflow/.local/lib/python3.7/site-packages/airflow/example_dags/example_time_delta_sensor_async.py
[2022-10-03T12:28:35.573+0000] {processor.py:758} INFO - Processing file /home/airflow/.local/lib/python3.7/site-packages/airflow/example_dags/example_time_delta_sensor_async.py for tasks to queue
[2022-10-03T12:28:35.574+0000] {logging_mixin.py:117} INFO - [2022-10-03T12:28:35.574+0000] {dagbag.py:525} INFO - Filling up the DagBag from /home/airflow/.local/lib/python3.7/site-packages/airflow/example_dags/example_time_delta_sensor_async.py
[2022-10-03T12:28:35.590+0000] {processor.py:768} INFO - DAG(s) dict_keys(['example_time_delta_sensor_async']) retrieved from /home/airflow/.local/lib/python3.7/site-packages/airflow/example_dags/example_time_delta_sensor_async.py
[2022-10-03T12:28:35.867+0000] {logging_mixin.py:117} INFO - [2022-10-03T12:28:35.867+0000] {dag.py:2573} INFO - Sync 1 DAGs
[2022-10-03T12:28:35.906+0000] {logging_mixin.py:117} INFO - [2022-10-03T12:28:35.905+0000] {dag.py:3328} INFO - Setting next_dagrun for example_time_delta_sensor_async to None, run_after=None
[2022-10-03T12:28:35.934+0000] {processor.py:178} INFO - Processing /home/airflow/.local/lib/python3.7/site-packages/airflow/example_dags/example_time_delta_sensor_async.py took 0.367 seconds
[2022-10-03T12:29:06.445+0000] {processor.py:156} INFO - Started process (PID=2163) to work on /home/airflow/.local/lib/python3.7/site-packages/airflow/example_dags/example_time_delta_sensor_async.py
[2022-10-03T12:29:06.446+0000] {processor.py:758} INFO - Processing file /home/airflow/.local/lib/python3.7/site-packages/airflow/example_dags/example_time_delta_sensor_async.py for tasks to queue
[2022-10-03T12:29:06.446+0000] {logging_mixin.py:117} INFO - [2022-10-03T12:29:06.446+0000] {dagbag.py:525} INFO - Filling up the DagBag from /home/airflow/.local/lib/python3.7/site-packages/airflow/example_dags/example_time_delta_sensor_async.py
[2022-10-03T12:29:06.463+0000] {processor.py:768} INFO - DAG(s) dict_keys(['example_time_delta_sensor_async']) retrieved from /home/airflow/.local/lib/python3.7/site-packages/airflow/example_dags/example_time_delta_sensor_async.py
[2022-10-03T12:29:06.853+0000] {logging_mixin.py:117} INFO - [2022-10-03T12:29:06.852+0000] {dag.py:2573} INFO - Sync 1 DAGs
[2022-10-03T12:29:06.927+0000] {logging_mixin.py:117} INFO - [2022-10-03T12:29:06.926+0000] {dag.py:3328} INFO - Setting next_dagrun for example_time_delta_sensor_async to None, run_after=None
[2022-10-03T12:29:06.982+0000] {processor.py:178} INFO - Processing /home/airflow/.local/lib/python3.7/site-packages/airflow/example_dags/example_time_delta_sensor_async.py took 0.541 seconds
[2022-10-03T12:29:37.082+0000] {processor.py:156} INFO - Started process (PID=2373) to work on /home/airflow/.local/lib/python3.7/site-packages/airflow/example_dags/example_time_delta_sensor_async.py
[2022-10-03T12:29:37.084+0000] {processor.py:758} INFO - Processing file /home/airflow/.local/lib/python3.7/site-packages/airflow/example_dags/example_time_delta_sensor_async.py for tasks to queue
[2022-10-03T12:29:37.086+0000] {logging_mixin.py:117} INFO - [2022-10-03T12:29:37.085+0000] {dagbag.py:525} INFO - Filling up the DagBag from /home/airflow/.local/lib/python3.7/site-packages/airflow/example_dags/example_time_delta_sensor_async.py
[2022-10-03T12:29:37.120+0000] {processor.py:768} INFO - DAG(s) dict_keys(['example_time_delta_sensor_async']) retrieved from /home/airflow/.local/lib/python3.7/site-packages/airflow/example_dags/example_time_delta_sensor_async.py
[2022-10-03T12:29:37.658+0000] {logging_mixin.py:117} INFO - [2022-10-03T12:29:37.658+0000] {dag.py:2573} INFO - Sync 1 DAGs
[2022-10-03T12:29:37.719+0000] {logging_mixin.py:117} INFO - [2022-10-03T12:29:37.719+0000] {dag.py:3328} INFO - Setting next_dagrun for example_time_delta_sensor_async to None, run_after=None
[2022-10-03T12:29:37.766+0000] {processor.py:178} INFO - Processing /home/airflow/.local/lib/python3.7/site-packages/airflow/example_dags/example_time_delta_sensor_async.py took 0.690 seconds
[2022-10-03T12:30:08.312+0000] {processor.py:156} INFO - Started process (PID=2573) to work on /home/airflow/.local/lib/python3.7/site-packages/airflow/example_dags/example_time_delta_sensor_async.py
[2022-10-03T12:30:08.313+0000] {processor.py:758} INFO - Processing file /home/airflow/.local/lib/python3.7/site-packages/airflow/example_dags/example_time_delta_sensor_async.py for tasks to queue
[2022-10-03T12:30:08.314+0000] {logging_mixin.py:117} INFO - [2022-10-03T12:30:08.314+0000] {dagbag.py:525} INFO - Filling up the DagBag from /home/airflow/.local/lib/python3.7/site-packages/airflow/example_dags/example_time_delta_sensor_async.py
[2022-10-03T12:30:08.327+0000] {processor.py:768} INFO - DAG(s) dict_keys(['example_time_delta_sensor_async']) retrieved from /home/airflow/.local/lib/python3.7/site-packages/airflow/example_dags/example_time_delta_sensor_async.py
[2022-10-03T12:30:08.571+0000] {logging_mixin.py:117} INFO - [2022-10-03T12:30:08.570+0000] {dag.py:2573} INFO - Sync 1 DAGs
[2022-10-03T12:30:08.599+0000] {logging_mixin.py:117} INFO - [2022-10-03T12:30:08.598+0000] {dag.py:3328} INFO - Setting next_dagrun for example_time_delta_sensor_async to None, run_after=None
[2022-10-03T12:30:08.622+0000] {processor.py:178} INFO - Processing /home/airflow/.local/lib/python3.7/site-packages/airflow/example_dags/example_time_delta_sensor_async.py took 0.314 seconds
[2022-10-03T12:30:38.991+0000] {processor.py:156} INFO - Started process (PID=2780) to work on /home/airflow/.local/lib/python3.7/site-packages/airflow/example_dags/example_time_delta_sensor_async.py
[2022-10-03T12:30:38.992+0000] {processor.py:758} INFO - Processing file /home/airflow/.local/lib/python3.7/site-packages/airflow/example_dags/example_time_delta_sensor_async.py for tasks to queue
[2022-10-03T12:30:38.994+0000] {logging_mixin.py:117} INFO - [2022-10-03T12:30:38.993+0000] {dagbag.py:525} INFO - Filling up the DagBag from /home/airflow/.local/lib/python3.7/site-packages/airflow/example_dags/example_time_delta_sensor_async.py
[2022-10-03T12:30:39.015+0000] {processor.py:768} INFO - DAG(s) dict_keys(['example_time_delta_sensor_async']) retrieved from /home/airflow/.local/lib/python3.7/site-packages/airflow/example_dags/example_time_delta_sensor_async.py
[2022-10-03T12:30:39.258+0000] {logging_mixin.py:117} INFO - [2022-10-03T12:30:39.258+0000] {dag.py:2573} INFO - Sync 1 DAGs
[2022-10-03T12:30:39.288+0000] {logging_mixin.py:117} INFO - [2022-10-03T12:30:39.287+0000] {dag.py:3328} INFO - Setting next_dagrun for example_time_delta_sensor_async to None, run_after=None
[2022-10-03T12:30:39.317+0000] {processor.py:178} INFO - Processing /home/airflow/.local/lib/python3.7/site-packages/airflow/example_dags/example_time_delta_sensor_async.py took 0.331 seconds
[2022-10-03T12:31:09.602+0000] {processor.py:156} INFO - Started process (PID=2985) to work on /home/airflow/.local/lib/python3.7/site-packages/airflow/example_dags/example_time_delta_sensor_async.py
[2022-10-03T12:31:09.604+0000] {processor.py:758} INFO - Processing file /home/airflow/.local/lib/python3.7/site-packages/airflow/example_dags/example_time_delta_sensor_async.py for tasks to queue
[2022-10-03T12:31:09.605+0000] {logging_mixin.py:117} INFO - [2022-10-03T12:31:09.605+0000] {dagbag.py:525} INFO - Filling up the DagBag from /home/airflow/.local/lib/python3.7/site-packages/airflow/example_dags/example_time_delta_sensor_async.py
[2022-10-03T12:31:09.645+0000] {processor.py:768} INFO - DAG(s) dict_keys(['example_time_delta_sensor_async']) retrieved from /home/airflow/.local/lib/python3.7/site-packages/airflow/example_dags/example_time_delta_sensor_async.py
[2022-10-03T12:31:10.180+0000] {logging_mixin.py:117} INFO - [2022-10-03T12:31:10.180+0000] {dag.py:2573} INFO - Sync 1 DAGs
[2022-10-03T12:31:10.245+0000] {logging_mixin.py:117} INFO - [2022-10-03T12:31:10.245+0000] {dag.py:3328} INFO - Setting next_dagrun for example_time_delta_sensor_async to None, run_after=None
[2022-10-03T12:31:10.299+0000] {processor.py:178} INFO - Processing /home/airflow/.local/lib/python3.7/site-packages/airflow/example_dags/example_time_delta_sensor_async.py took 0.704 seconds
[2022-10-03T12:31:40.423+0000] {processor.py:156} INFO - Started process (PID=3190) to work on /home/airflow/.local/lib/python3.7/site-packages/airflow/example_dags/example_time_delta_sensor_async.py
[2022-10-03T12:31:40.425+0000] {processor.py:758} INFO - Processing file /home/airflow/.local/lib/python3.7/site-packages/airflow/example_dags/example_time_delta_sensor_async.py for tasks to queue
[2022-10-03T12:31:40.428+0000] {logging_mixin.py:117} INFO - [2022-10-03T12:31:40.427+0000] {dagbag.py:525} INFO - Filling up the DagBag from /home/airflow/.local/lib/python3.7/site-packages/airflow/example_dags/example_time_delta_sensor_async.py
[2022-10-03T12:31:40.476+0000] {processor.py:768} INFO - DAG(s) dict_keys(['example_time_delta_sensor_async']) retrieved from /home/airflow/.local/lib/python3.7/site-packages/airflow/example_dags/example_time_delta_sensor_async.py
[2022-10-03T12:31:41.105+0000] {logging_mixin.py:117} INFO - [2022-10-03T12:31:41.105+0000] {dag.py:2573} INFO - Sync 1 DAGs
[2022-10-03T12:31:41.179+0000] {logging_mixin.py:117} INFO - [2022-10-03T12:31:41.179+0000] {dag.py:3328} INFO - Setting next_dagrun for example_time_delta_sensor_async to None, run_after=None
[2022-10-03T12:31:41.230+0000] {processor.py:178} INFO - Processing /home/airflow/.local/lib/python3.7/site-packages/airflow/example_dags/example_time_delta_sensor_async.py took 0.821 seconds
[2022-10-03T12:32:11.557+0000] {processor.py:156} INFO - Started process (PID=3402) to work on /home/airflow/.local/lib/python3.7/site-packages/airflow/example_dags/example_time_delta_sensor_async.py
[2022-10-03T12:32:11.559+0000] {processor.py:758} INFO - Processing file /home/airflow/.local/lib/python3.7/site-packages/airflow/example_dags/example_time_delta_sensor_async.py for tasks to queue
[2022-10-03T12:32:11.562+0000] {logging_mixin.py:117} INFO - [2022-10-03T12:32:11.561+0000] {dagbag.py:525} INFO - Filling up the DagBag from /home/airflow/.local/lib/python3.7/site-packages/airflow/example_dags/example_time_delta_sensor_async.py
[2022-10-03T12:32:11.608+0000] {processor.py:768} INFO - DAG(s) dict_keys(['example_time_delta_sensor_async']) retrieved from /home/airflow/.local/lib/python3.7/site-packages/airflow/example_dags/example_time_delta_sensor_async.py
[2022-10-03T12:32:12.399+0000] {logging_mixin.py:117} INFO - [2022-10-03T12:32:12.399+0000] {dag.py:2573} INFO - Sync 1 DAGs
[2022-10-03T12:32:12.492+0000] {logging_mixin.py:117} INFO - [2022-10-03T12:32:12.492+0000] {dag.py:3328} INFO - Setting next_dagrun for example_time_delta_sensor_async to None, run_after=None
[2022-10-03T12:32:12.554+0000] {processor.py:178} INFO - Processing /home/airflow/.local/lib/python3.7/site-packages/airflow/example_dags/example_time_delta_sensor_async.py took 1.005 seconds
[2022-10-03T12:32:42.796+0000] {processor.py:156} INFO - Started process (PID=3600) to work on /home/airflow/.local/lib/python3.7/site-packages/airflow/example_dags/example_time_delta_sensor_async.py
[2022-10-03T12:32:42.798+0000] {processor.py:758} INFO - Processing file /home/airflow/.local/lib/python3.7/site-packages/airflow/example_dags/example_time_delta_sensor_async.py for tasks to queue
[2022-10-03T12:32:42.799+0000] {logging_mixin.py:117} INFO - [2022-10-03T12:32:42.799+0000] {dagbag.py:525} INFO - Filling up the DagBag from /home/airflow/.local/lib/python3.7/site-packages/airflow/example_dags/example_time_delta_sensor_async.py
[2022-10-03T12:32:42.834+0000] {processor.py:768} INFO - DAG(s) dict_keys(['example_time_delta_sensor_async']) retrieved from /home/airflow/.local/lib/python3.7/site-packages/airflow/example_dags/example_time_delta_sensor_async.py
[2022-10-03T12:32:43.362+0000] {logging_mixin.py:117} INFO - [2022-10-03T12:32:43.361+0000] {dag.py:2573} INFO - Sync 1 DAGs
[2022-10-03T12:32:43.430+0000] {logging_mixin.py:117} INFO - [2022-10-03T12:32:43.430+0000] {dag.py:3328} INFO - Setting next_dagrun for example_time_delta_sensor_async to None, run_after=None
[2022-10-03T12:32:43.487+0000] {processor.py:178} INFO - Processing /home/airflow/.local/lib/python3.7/site-packages/airflow/example_dags/example_time_delta_sensor_async.py took 0.698 seconds
[2022-10-03T12:33:14.219+0000] {processor.py:156} INFO - Started process (PID=3812) to work on /home/airflow/.local/lib/python3.7/site-packages/airflow/example_dags/example_time_delta_sensor_async.py
[2022-10-03T12:33:14.220+0000] {processor.py:758} INFO - Processing file /home/airflow/.local/lib/python3.7/site-packages/airflow/example_dags/example_time_delta_sensor_async.py for tasks to queue
[2022-10-03T12:33:14.221+0000] {logging_mixin.py:117} INFO - [2022-10-03T12:33:14.221+0000] {dagbag.py:525} INFO - Filling up the DagBag from /home/airflow/.local/lib/python3.7/site-packages/airflow/example_dags/example_time_delta_sensor_async.py
[2022-10-03T12:33:14.236+0000] {processor.py:768} INFO - DAG(s) dict_keys(['example_time_delta_sensor_async']) retrieved from /home/airflow/.local/lib/python3.7/site-packages/airflow/example_dags/example_time_delta_sensor_async.py
[2022-10-03T12:33:14.462+0000] {logging_mixin.py:117} INFO - [2022-10-03T12:33:14.462+0000] {dag.py:2573} INFO - Sync 1 DAGs
[2022-10-03T12:33:14.496+0000] {logging_mixin.py:117} INFO - [2022-10-03T12:33:14.496+0000] {dag.py:3328} INFO - Setting next_dagrun for example_time_delta_sensor_async to None, run_after=None
[2022-10-03T12:33:14.522+0000] {processor.py:178} INFO - Processing /home/airflow/.local/lib/python3.7/site-packages/airflow/example_dags/example_time_delta_sensor_async.py took 0.308 seconds
[2022-10-03T12:33:44.925+0000] {processor.py:156} INFO - Started process (PID=4019) to work on /home/airflow/.local/lib/python3.7/site-packages/airflow/example_dags/example_time_delta_sensor_async.py
[2022-10-03T12:33:44.926+0000] {processor.py:758} INFO - Processing file /home/airflow/.local/lib/python3.7/site-packages/airflow/example_dags/example_time_delta_sensor_async.py for tasks to queue
[2022-10-03T12:33:44.927+0000] {logging_mixin.py:117} INFO - [2022-10-03T12:33:44.927+0000] {dagbag.py:525} INFO - Filling up the DagBag from /home/airflow/.local/lib/python3.7/site-packages/airflow/example_dags/example_time_delta_sensor_async.py
[2022-10-03T12:33:44.943+0000] {processor.py:768} INFO - DAG(s) dict_keys(['example_time_delta_sensor_async']) retrieved from /home/airflow/.local/lib/python3.7/site-packages/airflow/example_dags/example_time_delta_sensor_async.py
[2022-10-03T12:33:45.212+0000] {logging_mixin.py:117} INFO - [2022-10-03T12:33:45.212+0000] {dag.py:2573} INFO - Sync 1 DAGs
[2022-10-03T12:33:45.252+0000] {logging_mixin.py:117} INFO - [2022-10-03T12:33:45.252+0000] {dag.py:3328} INFO - Setting next_dagrun for example_time_delta_sensor_async to None, run_after=None
[2022-10-03T12:33:45.280+0000] {processor.py:178} INFO - Processing /home/airflow/.local/lib/python3.7/site-packages/airflow/example_dags/example_time_delta_sensor_async.py took 0.359 seconds
[2022-10-03T12:34:15.403+0000] {processor.py:156} INFO - Started process (PID=4227) to work on /home/airflow/.local/lib/python3.7/site-packages/airflow/example_dags/example_time_delta_sensor_async.py
[2022-10-03T12:34:15.404+0000] {processor.py:758} INFO - Processing file /home/airflow/.local/lib/python3.7/site-packages/airflow/example_dags/example_time_delta_sensor_async.py for tasks to queue
[2022-10-03T12:34:15.405+0000] {logging_mixin.py:117} INFO - [2022-10-03T12:34:15.404+0000] {dagbag.py:525} INFO - Filling up the DagBag from /home/airflow/.local/lib/python3.7/site-packages/airflow/example_dags/example_time_delta_sensor_async.py
[2022-10-03T12:34:15.426+0000] {processor.py:768} INFO - DAG(s) dict_keys(['example_time_delta_sensor_async']) retrieved from /home/airflow/.local/lib/python3.7/site-packages/airflow/example_dags/example_time_delta_sensor_async.py
[2022-10-03T12:34:15.670+0000] {logging_mixin.py:117} INFO - [2022-10-03T12:34:15.670+0000] {dag.py:2573} INFO - Sync 1 DAGs
[2022-10-03T12:34:15.697+0000] {logging_mixin.py:117} INFO - [2022-10-03T12:34:15.697+0000] {dag.py:3328} INFO - Setting next_dagrun for example_time_delta_sensor_async to None, run_after=None
[2022-10-03T12:34:15.721+0000] {processor.py:178} INFO - Processing /home/airflow/.local/lib/python3.7/site-packages/airflow/example_dags/example_time_delta_sensor_async.py took 0.323 seconds
[2022-10-03T12:34:46.505+0000] {processor.py:156} INFO - Started process (PID=4435) to work on /home/airflow/.local/lib/python3.7/site-packages/airflow/example_dags/example_time_delta_sensor_async.py
[2022-10-03T12:34:46.507+0000] {processor.py:758} INFO - Processing file /home/airflow/.local/lib/python3.7/site-packages/airflow/example_dags/example_time_delta_sensor_async.py for tasks to queue
[2022-10-03T12:34:46.509+0000] {logging_mixin.py:117} INFO - [2022-10-03T12:34:46.509+0000] {dagbag.py:525} INFO - Filling up the DagBag from /home/airflow/.local/lib/python3.7/site-packages/airflow/example_dags/example_time_delta_sensor_async.py
[2022-10-03T12:34:46.539+0000] {processor.py:768} INFO - DAG(s) dict_keys(['example_time_delta_sensor_async']) retrieved from /home/airflow/.local/lib/python3.7/site-packages/airflow/example_dags/example_time_delta_sensor_async.py
[2022-10-03T12:34:47.122+0000] {logging_mixin.py:117} INFO - [2022-10-03T12:34:47.121+0000] {dag.py:2573} INFO - Sync 1 DAGs
[2022-10-03T12:34:47.188+0000] {logging_mixin.py:117} INFO - [2022-10-03T12:34:47.188+0000] {dag.py:3328} INFO - Setting next_dagrun for example_time_delta_sensor_async to None, run_after=None
[2022-10-03T12:34:47.239+0000] {processor.py:178} INFO - Processing /home/airflow/.local/lib/python3.7/site-packages/airflow/example_dags/example_time_delta_sensor_async.py took 0.742 seconds
[2022-10-03T12:35:17.283+0000] {processor.py:156} INFO - Started process (PID=4636) to work on /home/airflow/.local/lib/python3.7/site-packages/airflow/example_dags/example_time_delta_sensor_async.py
[2022-10-03T12:35:17.284+0000] {processor.py:758} INFO - Processing file /home/airflow/.local/lib/python3.7/site-packages/airflow/example_dags/example_time_delta_sensor_async.py for tasks to queue
[2022-10-03T12:35:17.285+0000] {logging_mixin.py:117} INFO - [2022-10-03T12:35:17.285+0000] {dagbag.py:525} INFO - Filling up the DagBag from /home/airflow/.local/lib/python3.7/site-packages/airflow/example_dags/example_time_delta_sensor_async.py
[2022-10-03T12:35:17.303+0000] {processor.py:768} INFO - DAG(s) dict_keys(['example_time_delta_sensor_async']) retrieved from /home/airflow/.local/lib/python3.7/site-packages/airflow/example_dags/example_time_delta_sensor_async.py
[2022-10-03T12:35:17.572+0000] {logging_mixin.py:117} INFO - [2022-10-03T12:35:17.572+0000] {dag.py:2573} INFO - Sync 1 DAGs
[2022-10-03T12:35:17.607+0000] {logging_mixin.py:117} INFO - [2022-10-03T12:35:17.607+0000] {dag.py:3328} INFO - Setting next_dagrun for example_time_delta_sensor_async to None, run_after=None
[2022-10-03T12:35:17.633+0000] {processor.py:178} INFO - Processing /home/airflow/.local/lib/python3.7/site-packages/airflow/example_dags/example_time_delta_sensor_async.py took 0.354 seconds
[2022-10-03T12:35:47.776+0000] {processor.py:156} INFO - Started process (PID=4855) to work on /home/airflow/.local/lib/python3.7/site-packages/airflow/example_dags/example_time_delta_sensor_async.py
[2022-10-03T12:35:47.777+0000] {processor.py:758} INFO - Processing file /home/airflow/.local/lib/python3.7/site-packages/airflow/example_dags/example_time_delta_sensor_async.py for tasks to queue
[2022-10-03T12:35:47.778+0000] {logging_mixin.py:117} INFO - [2022-10-03T12:35:47.778+0000] {dagbag.py:525} INFO - Filling up the DagBag from /home/airflow/.local/lib/python3.7/site-packages/airflow/example_dags/example_time_delta_sensor_async.py
[2022-10-03T12:35:47.796+0000] {processor.py:768} INFO - DAG(s) dict_keys(['example_time_delta_sensor_async']) retrieved from /home/airflow/.local/lib/python3.7/site-packages/airflow/example_dags/example_time_delta_sensor_async.py
[2022-10-03T12:35:48.023+0000] {logging_mixin.py:117} INFO - [2022-10-03T12:35:48.023+0000] {dag.py:2573} INFO - Sync 1 DAGs
[2022-10-03T12:35:48.054+0000] {logging_mixin.py:117} INFO - [2022-10-03T12:35:48.054+0000] {dag.py:3328} INFO - Setting next_dagrun for example_time_delta_sensor_async to None, run_after=None
[2022-10-03T12:35:48.078+0000] {processor.py:178} INFO - Processing /home/airflow/.local/lib/python3.7/site-packages/airflow/example_dags/example_time_delta_sensor_async.py took 0.306 seconds
[2022-10-03T12:36:18.164+0000] {processor.py:156} INFO - Started process (PID=5038) to work on /home/airflow/.local/lib/python3.7/site-packages/airflow/example_dags/example_time_delta_sensor_async.py
[2022-10-03T12:36:18.166+0000] {processor.py:758} INFO - Processing file /home/airflow/.local/lib/python3.7/site-packages/airflow/example_dags/example_time_delta_sensor_async.py for tasks to queue
[2022-10-03T12:36:18.167+0000] {logging_mixin.py:117} INFO - [2022-10-03T12:36:18.167+0000] {dagbag.py:525} INFO - Filling up the DagBag from /home/airflow/.local/lib/python3.7/site-packages/airflow/example_dags/example_time_delta_sensor_async.py
[2022-10-03T12:36:18.196+0000] {processor.py:768} INFO - DAG(s) dict_keys(['example_time_delta_sensor_async']) retrieved from /home/airflow/.local/lib/python3.7/site-packages/airflow/example_dags/example_time_delta_sensor_async.py
[2022-10-03T12:36:18.693+0000] {logging_mixin.py:117} INFO - [2022-10-03T12:36:18.693+0000] {dag.py:2573} INFO - Sync 1 DAGs
[2022-10-03T12:36:18.754+0000] {logging_mixin.py:117} INFO - [2022-10-03T12:36:18.754+0000] {dag.py:3328} INFO - Setting next_dagrun for example_time_delta_sensor_async to None, run_after=None
[2022-10-03T12:36:18.801+0000] {processor.py:178} INFO - Processing /home/airflow/.local/lib/python3.7/site-packages/airflow/example_dags/example_time_delta_sensor_async.py took 0.645 seconds
[2022-10-03T12:36:48.940+0000] {processor.py:156} INFO - Started process (PID=5250) to work on /home/airflow/.local/lib/python3.7/site-packages/airflow/example_dags/example_time_delta_sensor_async.py
[2022-10-03T12:36:48.941+0000] {processor.py:758} INFO - Processing file /home/airflow/.local/lib/python3.7/site-packages/airflow/example_dags/example_time_delta_sensor_async.py for tasks to queue
[2022-10-03T12:36:48.942+0000] {logging_mixin.py:117} INFO - [2022-10-03T12:36:48.942+0000] {dagbag.py:525} INFO - Filling up the DagBag from /home/airflow/.local/lib/python3.7/site-packages/airflow/example_dags/example_time_delta_sensor_async.py
[2022-10-03T12:36:48.957+0000] {processor.py:768} INFO - DAG(s) dict_keys(['example_time_delta_sensor_async']) retrieved from /home/airflow/.local/lib/python3.7/site-packages/airflow/example_dags/example_time_delta_sensor_async.py
[2022-10-03T12:36:49.198+0000] {logging_mixin.py:117} INFO - [2022-10-03T12:36:49.198+0000] {dag.py:2573} INFO - Sync 1 DAGs
[2022-10-03T12:36:49.226+0000] {logging_mixin.py:117} INFO - [2022-10-03T12:36:49.226+0000] {dag.py:3328} INFO - Setting next_dagrun for example_time_delta_sensor_async to None, run_after=None
[2022-10-03T12:36:49.250+0000] {processor.py:178} INFO - Processing /home/airflow/.local/lib/python3.7/site-packages/airflow/example_dags/example_time_delta_sensor_async.py took 0.315 seconds
[2022-10-03T12:37:19.421+0000] {processor.py:156} INFO - Started process (PID=5461) to work on /home/airflow/.local/lib/python3.7/site-packages/airflow/example_dags/example_time_delta_sensor_async.py
[2022-10-03T12:37:19.422+0000] {processor.py:758} INFO - Processing file /home/airflow/.local/lib/python3.7/site-packages/airflow/example_dags/example_time_delta_sensor_async.py for tasks to queue
[2022-10-03T12:37:19.423+0000] {logging_mixin.py:117} INFO - [2022-10-03T12:37:19.422+0000] {dagbag.py:525} INFO - Filling up the DagBag from /home/airflow/.local/lib/python3.7/site-packages/airflow/example_dags/example_time_delta_sensor_async.py
[2022-10-03T12:37:19.440+0000] {processor.py:768} INFO - DAG(s) dict_keys(['example_time_delta_sensor_async']) retrieved from /home/airflow/.local/lib/python3.7/site-packages/airflow/example_dags/example_time_delta_sensor_async.py
[2022-10-03T12:37:19.666+0000] {logging_mixin.py:117} INFO - [2022-10-03T12:37:19.666+0000] {dag.py:2573} INFO - Sync 1 DAGs
[2022-10-03T12:37:19.696+0000] {logging_mixin.py:117} INFO - [2022-10-03T12:37:19.696+0000] {dag.py:3328} INFO - Setting next_dagrun for example_time_delta_sensor_async to None, run_after=None
[2022-10-03T12:37:19.726+0000] {processor.py:178} INFO - Processing /home/airflow/.local/lib/python3.7/site-packages/airflow/example_dags/example_time_delta_sensor_async.py took 0.307 seconds
[2022-10-03T12:37:50.037+0000] {processor.py:156} INFO - Started process (PID=5650) to work on /home/airflow/.local/lib/python3.7/site-packages/airflow/example_dags/example_time_delta_sensor_async.py
[2022-10-03T12:37:50.039+0000] {processor.py:758} INFO - Processing file /home/airflow/.local/lib/python3.7/site-packages/airflow/example_dags/example_time_delta_sensor_async.py for tasks to queue
[2022-10-03T12:37:50.040+0000] {logging_mixin.py:117} INFO - [2022-10-03T12:37:50.039+0000] {dagbag.py:525} INFO - Filling up the DagBag from /home/airflow/.local/lib/python3.7/site-packages/airflow/example_dags/example_time_delta_sensor_async.py
[2022-10-03T12:37:50.054+0000] {processor.py:768} INFO - DAG(s) dict_keys(['example_time_delta_sensor_async']) retrieved from /home/airflow/.local/lib/python3.7/site-packages/airflow/example_dags/example_time_delta_sensor_async.py
[2022-10-03T12:37:50.301+0000] {logging_mixin.py:117} INFO - [2022-10-03T12:37:50.301+0000] {dag.py:2573} INFO - Sync 1 DAGs
[2022-10-03T12:37:50.338+0000] {logging_mixin.py:117} INFO - [2022-10-03T12:37:50.338+0000] {dag.py:3328} INFO - Setting next_dagrun for example_time_delta_sensor_async to None, run_after=None
[2022-10-03T12:37:50.376+0000] {processor.py:178} INFO - Processing /home/airflow/.local/lib/python3.7/site-packages/airflow/example_dags/example_time_delta_sensor_async.py took 0.343 seconds
[2022-10-03T12:38:20.975+0000] {processor.py:156} INFO - Started process (PID=5857) to work on /home/airflow/.local/lib/python3.7/site-packages/airflow/example_dags/example_time_delta_sensor_async.py
[2022-10-03T12:38:20.976+0000] {processor.py:758} INFO - Processing file /home/airflow/.local/lib/python3.7/site-packages/airflow/example_dags/example_time_delta_sensor_async.py for tasks to queue
[2022-10-03T12:38:20.977+0000] {logging_mixin.py:117} INFO - [2022-10-03T12:38:20.977+0000] {dagbag.py:525} INFO - Filling up the DagBag from /home/airflow/.local/lib/python3.7/site-packages/airflow/example_dags/example_time_delta_sensor_async.py
[2022-10-03T12:38:20.993+0000] {processor.py:768} INFO - DAG(s) dict_keys(['example_time_delta_sensor_async']) retrieved from /home/airflow/.local/lib/python3.7/site-packages/airflow/example_dags/example_time_delta_sensor_async.py
[2022-10-03T12:38:21.485+0000] {logging_mixin.py:117} INFO - [2022-10-03T12:38:21.485+0000] {dag.py:2573} INFO - Sync 1 DAGs
[2022-10-03T12:38:21.553+0000] {logging_mixin.py:117} INFO - [2022-10-03T12:38:21.553+0000] {dag.py:3328} INFO - Setting next_dagrun for example_time_delta_sensor_async to None, run_after=None
[2022-10-03T12:38:21.613+0000] {processor.py:178} INFO - Processing /home/airflow/.local/lib/python3.7/site-packages/airflow/example_dags/example_time_delta_sensor_async.py took 0.641 seconds
[2022-10-03T12:38:51.731+0000] {processor.py:156} INFO - Started process (PID=6058) to work on /home/airflow/.local/lib/python3.7/site-packages/airflow/example_dags/example_time_delta_sensor_async.py
[2022-10-03T12:38:51.733+0000] {processor.py:758} INFO - Processing file /home/airflow/.local/lib/python3.7/site-packages/airflow/example_dags/example_time_delta_sensor_async.py for tasks to queue
[2022-10-03T12:38:51.735+0000] {logging_mixin.py:117} INFO - [2022-10-03T12:38:51.735+0000] {dagbag.py:525} INFO - Filling up the DagBag from /home/airflow/.local/lib/python3.7/site-packages/airflow/example_dags/example_time_delta_sensor_async.py
[2022-10-03T12:38:51.775+0000] {processor.py:768} INFO - DAG(s) dict_keys(['example_time_delta_sensor_async']) retrieved from /home/airflow/.local/lib/python3.7/site-packages/airflow/example_dags/example_time_delta_sensor_async.py
[2022-10-03T12:38:52.287+0000] {logging_mixin.py:117} INFO - [2022-10-03T12:38:52.287+0000] {dag.py:2573} INFO - Sync 1 DAGs
[2022-10-03T12:38:52.349+0000] {logging_mixin.py:117} INFO - [2022-10-03T12:38:52.349+0000] {dag.py:3328} INFO - Setting next_dagrun for example_time_delta_sensor_async to None, run_after=None
[2022-10-03T12:38:52.394+0000] {processor.py:178} INFO - Processing /home/airflow/.local/lib/python3.7/site-packages/airflow/example_dags/example_time_delta_sensor_async.py took 0.671 seconds
[2022-10-03T12:39:22.559+0000] {processor.py:156} INFO - Started process (PID=6262) to work on /home/airflow/.local/lib/python3.7/site-packages/airflow/example_dags/example_time_delta_sensor_async.py
[2022-10-03T12:39:22.561+0000] {processor.py:758} INFO - Processing file /home/airflow/.local/lib/python3.7/site-packages/airflow/example_dags/example_time_delta_sensor_async.py for tasks to queue
[2022-10-03T12:39:22.563+0000] {logging_mixin.py:117} INFO - [2022-10-03T12:39:22.562+0000] {dagbag.py:525} INFO - Filling up the DagBag from /home/airflow/.local/lib/python3.7/site-packages/airflow/example_dags/example_time_delta_sensor_async.py
[2022-10-03T12:39:22.597+0000] {processor.py:768} INFO - DAG(s) dict_keys(['example_time_delta_sensor_async']) retrieved from /home/airflow/.local/lib/python3.7/site-packages/airflow/example_dags/example_time_delta_sensor_async.py
[2022-10-03T12:39:23.107+0000] {logging_mixin.py:117} INFO - [2022-10-03T12:39:23.107+0000] {dag.py:2573} INFO - Sync 1 DAGs
[2022-10-03T12:39:23.177+0000] {logging_mixin.py:117} INFO - [2022-10-03T12:39:23.177+0000] {dag.py:3328} INFO - Setting next_dagrun for example_time_delta_sensor_async to None, run_after=None
[2022-10-03T12:39:23.226+0000] {processor.py:178} INFO - Processing /home/airflow/.local/lib/python3.7/site-packages/airflow/example_dags/example_time_delta_sensor_async.py took 0.673 seconds
[2022-10-03T12:39:53.330+0000] {processor.py:156} INFO - Started process (PID=6460) to work on /home/airflow/.local/lib/python3.7/site-packages/airflow/example_dags/example_time_delta_sensor_async.py
[2022-10-03T12:39:53.331+0000] {processor.py:758} INFO - Processing file /home/airflow/.local/lib/python3.7/site-packages/airflow/example_dags/example_time_delta_sensor_async.py for tasks to queue
[2022-10-03T12:39:53.332+0000] {logging_mixin.py:117} INFO - [2022-10-03T12:39:53.332+0000] {dagbag.py:525} INFO - Filling up the DagBag from /home/airflow/.local/lib/python3.7/site-packages/airflow/example_dags/example_time_delta_sensor_async.py
[2022-10-03T12:39:53.347+0000] {processor.py:768} INFO - DAG(s) dict_keys(['example_time_delta_sensor_async']) retrieved from /home/airflow/.local/lib/python3.7/site-packages/airflow/example_dags/example_time_delta_sensor_async.py
[2022-10-03T12:39:53.582+0000] {logging_mixin.py:117} INFO - [2022-10-03T12:39:53.582+0000] {dag.py:2573} INFO - Sync 1 DAGs
[2022-10-03T12:39:53.611+0000] {logging_mixin.py:117} INFO - [2022-10-03T12:39:53.611+0000] {dag.py:3328} INFO - Setting next_dagrun for example_time_delta_sensor_async to None, run_after=None
[2022-10-03T12:39:53.638+0000] {processor.py:178} INFO - Processing /home/airflow/.local/lib/python3.7/site-packages/airflow/example_dags/example_time_delta_sensor_async.py took 0.314 seconds
[2022-10-03T12:40:24.133+0000] {processor.py:156} INFO - Started process (PID=6667) to work on /home/airflow/.local/lib/python3.7/site-packages/airflow/example_dags/example_time_delta_sensor_async.py
[2022-10-03T12:40:24.134+0000] {processor.py:758} INFO - Processing file /home/airflow/.local/lib/python3.7/site-packages/airflow/example_dags/example_time_delta_sensor_async.py for tasks to queue
[2022-10-03T12:40:24.135+0000] {logging_mixin.py:117} INFO - [2022-10-03T12:40:24.135+0000] {dagbag.py:525} INFO - Filling up the DagBag from /home/airflow/.local/lib/python3.7/site-packages/airflow/example_dags/example_time_delta_sensor_async.py
[2022-10-03T12:40:24.154+0000] {processor.py:768} INFO - DAG(s) dict_keys(['example_time_delta_sensor_async']) retrieved from /home/airflow/.local/lib/python3.7/site-packages/airflow/example_dags/example_time_delta_sensor_async.py
[2022-10-03T12:40:24.399+0000] {logging_mixin.py:117} INFO - [2022-10-03T12:40:24.399+0000] {dag.py:2573} INFO - Sync 1 DAGs
[2022-10-03T12:40:24.429+0000] {logging_mixin.py:117} INFO - [2022-10-03T12:40:24.429+0000] {dag.py:3328} INFO - Setting next_dagrun for example_time_delta_sensor_async to None, run_after=None
[2022-10-03T12:40:24.456+0000] {processor.py:178} INFO - Processing /home/airflow/.local/lib/python3.7/site-packages/airflow/example_dags/example_time_delta_sensor_async.py took 0.328 seconds
[2022-10-03T12:40:54.584+0000] {processor.py:156} INFO - Started process (PID=6865) to work on /home/airflow/.local/lib/python3.7/site-packages/airflow/example_dags/example_time_delta_sensor_async.py
[2022-10-03T12:40:54.585+0000] {processor.py:758} INFO - Processing file /home/airflow/.local/lib/python3.7/site-packages/airflow/example_dags/example_time_delta_sensor_async.py for tasks to queue
[2022-10-03T12:40:54.586+0000] {logging_mixin.py:117} INFO - [2022-10-03T12:40:54.585+0000] {dagbag.py:525} INFO - Filling up the DagBag from /home/airflow/.local/lib/python3.7/site-packages/airflow/example_dags/example_time_delta_sensor_async.py
[2022-10-03T12:40:54.602+0000] {processor.py:768} INFO - DAG(s) dict_keys(['example_time_delta_sensor_async']) retrieved from /home/airflow/.local/lib/python3.7/site-packages/airflow/example_dags/example_time_delta_sensor_async.py
[2022-10-03T12:40:54.832+0000] {logging_mixin.py:117} INFO - [2022-10-03T12:40:54.832+0000] {dag.py:2573} INFO - Sync 1 DAGs
[2022-10-03T12:40:54.860+0000] {logging_mixin.py:117} INFO - [2022-10-03T12:40:54.859+0000] {dag.py:3328} INFO - Setting next_dagrun for example_time_delta_sensor_async to None, run_after=None
[2022-10-03T12:40:54.887+0000] {processor.py:178} INFO - Processing /home/airflow/.local/lib/python3.7/site-packages/airflow/example_dags/example_time_delta_sensor_async.py took 0.308 seconds
[2022-10-03T12:41:25.343+0000] {processor.py:156} INFO - Started process (PID=7072) to work on /home/airflow/.local/lib/python3.7/site-packages/airflow/example_dags/example_time_delta_sensor_async.py
[2022-10-03T12:41:25.345+0000] {processor.py:758} INFO - Processing file /home/airflow/.local/lib/python3.7/site-packages/airflow/example_dags/example_time_delta_sensor_async.py for tasks to queue
[2022-10-03T12:41:25.346+0000] {logging_mixin.py:117} INFO - [2022-10-03T12:41:25.346+0000] {dagbag.py:525} INFO - Filling up the DagBag from /home/airflow/.local/lib/python3.7/site-packages/airflow/example_dags/example_time_delta_sensor_async.py
[2022-10-03T12:41:25.367+0000] {processor.py:768} INFO - DAG(s) dict_keys(['example_time_delta_sensor_async']) retrieved from /home/airflow/.local/lib/python3.7/site-packages/airflow/example_dags/example_time_delta_sensor_async.py
[2022-10-03T12:41:25.656+0000] {logging_mixin.py:117} INFO - [2022-10-03T12:41:25.656+0000] {dag.py:2573} INFO - Sync 1 DAGs
[2022-10-03T12:41:25.685+0000] {logging_mixin.py:117} INFO - [2022-10-03T12:41:25.684+0000] {dag.py:3328} INFO - Setting next_dagrun for example_time_delta_sensor_async to None, run_after=None
[2022-10-03T12:41:25.712+0000] {processor.py:178} INFO - Processing /home/airflow/.local/lib/python3.7/site-packages/airflow/example_dags/example_time_delta_sensor_async.py took 0.373 seconds
[2022-10-03T12:41:56.125+0000] {processor.py:156} INFO - Started process (PID=7279) to work on /home/airflow/.local/lib/python3.7/site-packages/airflow/example_dags/example_time_delta_sensor_async.py
[2022-10-03T12:41:56.125+0000] {processor.py:758} INFO - Processing file /home/airflow/.local/lib/python3.7/site-packages/airflow/example_dags/example_time_delta_sensor_async.py for tasks to queue
[2022-10-03T12:41:56.126+0000] {logging_mixin.py:117} INFO - [2022-10-03T12:41:56.126+0000] {dagbag.py:525} INFO - Filling up the DagBag from /home/airflow/.local/lib/python3.7/site-packages/airflow/example_dags/example_time_delta_sensor_async.py
[2022-10-03T12:41:56.141+0000] {processor.py:768} INFO - DAG(s) dict_keys(['example_time_delta_sensor_async']) retrieved from /home/airflow/.local/lib/python3.7/site-packages/airflow/example_dags/example_time_delta_sensor_async.py
[2022-10-03T12:41:56.378+0000] {logging_mixin.py:117} INFO - [2022-10-03T12:41:56.378+0000] {dag.py:2573} INFO - Sync 1 DAGs
[2022-10-03T12:41:56.413+0000] {logging_mixin.py:117} INFO - [2022-10-03T12:41:56.413+0000] {dag.py:3328} INFO - Setting next_dagrun for example_time_delta_sensor_async to None, run_after=None
[2022-10-03T12:41:56.445+0000] {processor.py:178} INFO - Processing /home/airflow/.local/lib/python3.7/site-packages/airflow/example_dags/example_time_delta_sensor_async.py took 0.324 seconds
[2022-10-03T12:42:26.582+0000] {processor.py:156} INFO - Started process (PID=7480) to work on /home/airflow/.local/lib/python3.7/site-packages/airflow/example_dags/example_time_delta_sensor_async.py
[2022-10-03T12:42:26.584+0000] {processor.py:758} INFO - Processing file /home/airflow/.local/lib/python3.7/site-packages/airflow/example_dags/example_time_delta_sensor_async.py for tasks to queue
[2022-10-03T12:42:26.586+0000] {logging_mixin.py:117} INFO - [2022-10-03T12:42:26.586+0000] {dagbag.py:525} INFO - Filling up the DagBag from /home/airflow/.local/lib/python3.7/site-packages/airflow/example_dags/example_time_delta_sensor_async.py
[2022-10-03T12:42:26.619+0000] {processor.py:768} INFO - DAG(s) dict_keys(['example_time_delta_sensor_async']) retrieved from /home/airflow/.local/lib/python3.7/site-packages/airflow/example_dags/example_time_delta_sensor_async.py
[2022-10-03T12:42:27.157+0000] {logging_mixin.py:117} INFO - [2022-10-03T12:42:27.157+0000] {dag.py:2573} INFO - Sync 1 DAGs
[2022-10-03T12:42:27.221+0000] {logging_mixin.py:117} INFO - [2022-10-03T12:42:27.220+0000] {dag.py:3328} INFO - Setting next_dagrun for example_time_delta_sensor_async to None, run_after=None
[2022-10-03T12:42:27.265+0000] {processor.py:178} INFO - Processing /home/airflow/.local/lib/python3.7/site-packages/airflow/example_dags/example_time_delta_sensor_async.py took 0.689 seconds
[2022-10-03T12:42:57.877+0000] {processor.py:156} INFO - Started process (PID=7689) to work on /home/airflow/.local/lib/python3.7/site-packages/airflow/example_dags/example_time_delta_sensor_async.py
[2022-10-03T12:42:57.877+0000] {processor.py:758} INFO - Processing file /home/airflow/.local/lib/python3.7/site-packages/airflow/example_dags/example_time_delta_sensor_async.py for tasks to queue
[2022-10-03T12:42:57.878+0000] {logging_mixin.py:117} INFO - [2022-10-03T12:42:57.878+0000] {dagbag.py:525} INFO - Filling up the DagBag from /home/airflow/.local/lib/python3.7/site-packages/airflow/example_dags/example_time_delta_sensor_async.py
[2022-10-03T12:42:57.891+0000] {processor.py:768} INFO - DAG(s) dict_keys(['example_time_delta_sensor_async']) retrieved from /home/airflow/.local/lib/python3.7/site-packages/airflow/example_dags/example_time_delta_sensor_async.py
[2022-10-03T12:42:58.114+0000] {logging_mixin.py:117} INFO - [2022-10-03T12:42:58.114+0000] {dag.py:2573} INFO - Sync 1 DAGs
[2022-10-03T12:42:58.139+0000] {logging_mixin.py:117} INFO - [2022-10-03T12:42:58.139+0000] {dag.py:3328} INFO - Setting next_dagrun for example_time_delta_sensor_async to None, run_after=None
[2022-10-03T12:42:58.162+0000] {processor.py:178} INFO - Processing /home/airflow/.local/lib/python3.7/site-packages/airflow/example_dags/example_time_delta_sensor_async.py took 0.290 seconds
[2022-10-03T12:43:28.383+0000] {processor.py:156} INFO - Started process (PID=7889) to work on /home/airflow/.local/lib/python3.7/site-packages/airflow/example_dags/example_time_delta_sensor_async.py
[2022-10-03T12:43:28.384+0000] {processor.py:758} INFO - Processing file /home/airflow/.local/lib/python3.7/site-packages/airflow/example_dags/example_time_delta_sensor_async.py for tasks to queue
[2022-10-03T12:43:28.385+0000] {logging_mixin.py:117} INFO - [2022-10-03T12:43:28.385+0000] {dagbag.py:525} INFO - Filling up the DagBag from /home/airflow/.local/lib/python3.7/site-packages/airflow/example_dags/example_time_delta_sensor_async.py
[2022-10-03T12:43:28.404+0000] {processor.py:768} INFO - DAG(s) dict_keys(['example_time_delta_sensor_async']) retrieved from /home/airflow/.local/lib/python3.7/site-packages/airflow/example_dags/example_time_delta_sensor_async.py
[2022-10-03T12:43:28.659+0000] {logging_mixin.py:117} INFO - [2022-10-03T12:43:28.659+0000] {dag.py:2573} INFO - Sync 1 DAGs
[2022-10-03T12:43:28.688+0000] {logging_mixin.py:117} INFO - [2022-10-03T12:43:28.687+0000] {dag.py:3328} INFO - Setting next_dagrun for example_time_delta_sensor_async to None, run_after=None
[2022-10-03T12:43:28.712+0000] {processor.py:178} INFO - Processing /home/airflow/.local/lib/python3.7/site-packages/airflow/example_dags/example_time_delta_sensor_async.py took 0.333 seconds
[2022-10-03T12:43:58.845+0000] {processor.py:156} INFO - Started process (PID=8094) to work on /home/airflow/.local/lib/python3.7/site-packages/airflow/example_dags/example_time_delta_sensor_async.py
[2022-10-03T12:43:58.846+0000] {processor.py:758} INFO - Processing file /home/airflow/.local/lib/python3.7/site-packages/airflow/example_dags/example_time_delta_sensor_async.py for tasks to queue
[2022-10-03T12:43:58.846+0000] {logging_mixin.py:117} INFO - [2022-10-03T12:43:58.846+0000] {dagbag.py:525} INFO - Filling up the DagBag from /home/airflow/.local/lib/python3.7/site-packages/airflow/example_dags/example_time_delta_sensor_async.py
[2022-10-03T12:43:58.865+0000] {processor.py:768} INFO - DAG(s) dict_keys(['example_time_delta_sensor_async']) retrieved from /home/airflow/.local/lib/python3.7/site-packages/airflow/example_dags/example_time_delta_sensor_async.py
[2022-10-03T12:43:59.170+0000] {logging_mixin.py:117} INFO - [2022-10-03T12:43:59.170+0000] {dag.py:2573} INFO - Sync 1 DAGs
[2022-10-03T12:43:59.195+0000] {logging_mixin.py:117} INFO - [2022-10-03T12:43:59.195+0000] {dag.py:3328} INFO - Setting next_dagrun for example_time_delta_sensor_async to None, run_after=None
[2022-10-03T12:43:59.219+0000] {processor.py:178} INFO - Processing /home/airflow/.local/lib/python3.7/site-packages/airflow/example_dags/example_time_delta_sensor_async.py took 0.378 seconds
[2022-10-03T12:44:29.359+0000] {processor.py:156} INFO - Started process (PID=8301) to work on /home/airflow/.local/lib/python3.7/site-packages/airflow/example_dags/example_time_delta_sensor_async.py
[2022-10-03T12:44:29.362+0000] {processor.py:758} INFO - Processing file /home/airflow/.local/lib/python3.7/site-packages/airflow/example_dags/example_time_delta_sensor_async.py for tasks to queue
[2022-10-03T12:44:29.363+0000] {logging_mixin.py:117} INFO - [2022-10-03T12:44:29.363+0000] {dagbag.py:525} INFO - Filling up the DagBag from /home/airflow/.local/lib/python3.7/site-packages/airflow/example_dags/example_time_delta_sensor_async.py
[2022-10-03T12:44:29.394+0000] {processor.py:768} INFO - DAG(s) dict_keys(['example_time_delta_sensor_async']) retrieved from /home/airflow/.local/lib/python3.7/site-packages/airflow/example_dags/example_time_delta_sensor_async.py
[2022-10-03T12:44:29.805+0000] {logging_mixin.py:117} INFO - [2022-10-03T12:44:29.804+0000] {dag.py:2573} INFO - Sync 1 DAGs
[2022-10-03T12:44:29.833+0000] {logging_mixin.py:117} INFO - [2022-10-03T12:44:29.833+0000] {dag.py:3328} INFO - Setting next_dagrun for example_time_delta_sensor_async to None, run_after=None
[2022-10-03T12:44:29.858+0000] {processor.py:178} INFO - Processing /home/airflow/.local/lib/python3.7/site-packages/airflow/example_dags/example_time_delta_sensor_async.py took 0.506 seconds
[2022-10-03T12:44:59.886+0000] {processor.py:156} INFO - Started process (PID=8499) to work on /home/airflow/.local/lib/python3.7/site-packages/airflow/example_dags/example_time_delta_sensor_async.py
[2022-10-03T12:44:59.888+0000] {processor.py:758} INFO - Processing file /home/airflow/.local/lib/python3.7/site-packages/airflow/example_dags/example_time_delta_sensor_async.py for tasks to queue
[2022-10-03T12:44:59.889+0000] {logging_mixin.py:117} INFO - [2022-10-03T12:44:59.889+0000] {dagbag.py:525} INFO - Filling up the DagBag from /home/airflow/.local/lib/python3.7/site-packages/airflow/example_dags/example_time_delta_sensor_async.py
[2022-10-03T12:44:59.903+0000] {processor.py:768} INFO - DAG(s) dict_keys(['example_time_delta_sensor_async']) retrieved from /home/airflow/.local/lib/python3.7/site-packages/airflow/example_dags/example_time_delta_sensor_async.py
[2022-10-03T12:45:00.143+0000] {logging_mixin.py:117} INFO - [2022-10-03T12:45:00.143+0000] {dag.py:2573} INFO - Sync 1 DAGs
[2022-10-03T12:45:00.173+0000] {logging_mixin.py:117} INFO - [2022-10-03T12:45:00.173+0000] {dag.py:3328} INFO - Setting next_dagrun for example_time_delta_sensor_async to None, run_after=None
[2022-10-03T12:45:00.199+0000] {processor.py:178} INFO - Processing /home/airflow/.local/lib/python3.7/site-packages/airflow/example_dags/example_time_delta_sensor_async.py took 0.317 seconds
[2022-10-03T12:45:30.701+0000] {processor.py:156} INFO - Started process (PID=8707) to work on /home/airflow/.local/lib/python3.7/site-packages/airflow/example_dags/example_time_delta_sensor_async.py
[2022-10-03T12:45:30.703+0000] {processor.py:758} INFO - Processing file /home/airflow/.local/lib/python3.7/site-packages/airflow/example_dags/example_time_delta_sensor_async.py for tasks to queue
[2022-10-03T12:45:30.704+0000] {logging_mixin.py:117} INFO - [2022-10-03T12:45:30.703+0000] {dagbag.py:525} INFO - Filling up the DagBag from /home/airflow/.local/lib/python3.7/site-packages/airflow/example_dags/example_time_delta_sensor_async.py
[2022-10-03T12:45:30.719+0000] {processor.py:768} INFO - DAG(s) dict_keys(['example_time_delta_sensor_async']) retrieved from /home/airflow/.local/lib/python3.7/site-packages/airflow/example_dags/example_time_delta_sensor_async.py
[2022-10-03T12:45:30.955+0000] {logging_mixin.py:117} INFO - [2022-10-03T12:45:30.955+0000] {dag.py:2573} INFO - Sync 1 DAGs
[2022-10-03T12:45:30.986+0000] {logging_mixin.py:117} INFO - [2022-10-03T12:45:30.986+0000] {dag.py:3328} INFO - Setting next_dagrun for example_time_delta_sensor_async to None, run_after=None
[2022-10-03T12:45:31.013+0000] {processor.py:178} INFO - Processing /home/airflow/.local/lib/python3.7/site-packages/airflow/example_dags/example_time_delta_sensor_async.py took 0.315 seconds
[2022-10-03T12:46:01.258+0000] {processor.py:156} INFO - Started process (PID=8967) to work on /home/airflow/.local/lib/python3.7/site-packages/airflow/example_dags/example_time_delta_sensor_async.py
[2022-10-03T12:46:01.259+0000] {processor.py:758} INFO - Processing file /home/airflow/.local/lib/python3.7/site-packages/airflow/example_dags/example_time_delta_sensor_async.py for tasks to queue
[2022-10-03T12:46:01.260+0000] {logging_mixin.py:117} INFO - [2022-10-03T12:46:01.260+0000] {dagbag.py:525} INFO - Filling up the DagBag from /home/airflow/.local/lib/python3.7/site-packages/airflow/example_dags/example_time_delta_sensor_async.py
[2022-10-03T12:46:01.282+0000] {processor.py:768} INFO - DAG(s) dict_keys(['example_time_delta_sensor_async']) retrieved from /home/airflow/.local/lib/python3.7/site-packages/airflow/example_dags/example_time_delta_sensor_async.py
