[2022-10-03T12:24:23.944+0000] {processor.py:156} INFO - Started process (PID=248) to work on /home/airflow/.local/lib/python3.7/site-packages/airflow/example_dags/example_short_circuit_decorator.py
[2022-10-03T12:24:23.945+0000] {processor.py:758} INFO - Processing file /home/airflow/.local/lib/python3.7/site-packages/airflow/example_dags/example_short_circuit_decorator.py for tasks to queue
[2022-10-03T12:24:23.946+0000] {logging_mixin.py:117} INFO - [2022-10-03T12:24:23.945+0000] {dagbag.py:525} INFO - Filling up the DagBag from /home/airflow/.local/lib/python3.7/site-packages/airflow/example_dags/example_short_circuit_decorator.py
[2022-10-03T12:24:23.981+0000] {processor.py:768} INFO - DAG(s) dict_keys(['example_short_circuit_decorator']) retrieved from /home/airflow/.local/lib/python3.7/site-packages/airflow/example_dags/example_short_circuit_decorator.py
[2022-10-03T12:24:24.026+0000] {logging_mixin.py:117} INFO - [2022-10-03T12:24:24.026+0000] {dag.py:2573} INFO - Sync 1 DAGs
[2022-10-03T12:24:24.058+0000] {logging_mixin.py:117} INFO - [2022-10-03T12:24:24.057+0000] {dag.py:3328} INFO - Setting next_dagrun for example_short_circuit_decorator to 2022-10-02T12:24:24.057674+00:00, run_after=2022-10-03T12:24:24.057674+00:00
[2022-10-03T12:24:24.214+0000] {processor.py:178} INFO - Processing /home/airflow/.local/lib/python3.7/site-packages/airflow/example_dags/example_short_circuit_decorator.py took 0.274 seconds
[2022-10-03T12:24:55.687+0000] {processor.py:156} INFO - Started process (PID=461) to work on /home/airflow/.local/lib/python3.7/site-packages/airflow/example_dags/example_short_circuit_decorator.py
[2022-10-03T12:24:55.688+0000] {processor.py:758} INFO - Processing file /home/airflow/.local/lib/python3.7/site-packages/airflow/example_dags/example_short_circuit_decorator.py for tasks to queue
[2022-10-03T12:24:55.689+0000] {logging_mixin.py:117} INFO - [2022-10-03T12:24:55.689+0000] {dagbag.py:525} INFO - Filling up the DagBag from /home/airflow/.local/lib/python3.7/site-packages/airflow/example_dags/example_short_circuit_decorator.py
[2022-10-03T12:24:55.725+0000] {processor.py:768} INFO - DAG(s) dict_keys(['example_short_circuit_decorator']) retrieved from /home/airflow/.local/lib/python3.7/site-packages/airflow/example_dags/example_short_circuit_decorator.py
[2022-10-03T12:24:55.778+0000] {logging_mixin.py:117} INFO - [2022-10-03T12:24:55.777+0000] {dag.py:2573} INFO - Sync 1 DAGs
[2022-10-03T12:24:55.963+0000] {logging_mixin.py:117} INFO - [2022-10-03T12:24:55.963+0000] {dag.py:3328} INFO - Setting next_dagrun for example_short_circuit_decorator to 2022-10-02T12:24:55.963213+00:00, run_after=2022-10-03T12:24:55.963213+00:00
[2022-10-03T12:24:55.993+0000] {processor.py:178} INFO - Processing /home/airflow/.local/lib/python3.7/site-packages/airflow/example_dags/example_short_circuit_decorator.py took 0.311 seconds
[2022-10-03T12:25:26.193+0000] {processor.py:156} INFO - Started process (PID=656) to work on /home/airflow/.local/lib/python3.7/site-packages/airflow/example_dags/example_short_circuit_decorator.py
[2022-10-03T12:25:26.195+0000] {processor.py:758} INFO - Processing file /home/airflow/.local/lib/python3.7/site-packages/airflow/example_dags/example_short_circuit_decorator.py for tasks to queue
[2022-10-03T12:25:26.196+0000] {logging_mixin.py:117} INFO - [2022-10-03T12:25:26.195+0000] {dagbag.py:525} INFO - Filling up the DagBag from /home/airflow/.local/lib/python3.7/site-packages/airflow/example_dags/example_short_circuit_decorator.py
[2022-10-03T12:25:26.224+0000] {processor.py:768} INFO - DAG(s) dict_keys(['example_short_circuit_decorator']) retrieved from /home/airflow/.local/lib/python3.7/site-packages/airflow/example_dags/example_short_circuit_decorator.py
[2022-10-03T12:25:26.459+0000] {logging_mixin.py:117} INFO - [2022-10-03T12:25:26.458+0000] {dag.py:2573} INFO - Sync 1 DAGs
[2022-10-03T12:25:26.523+0000] {logging_mixin.py:117} INFO - [2022-10-03T12:25:26.522+0000] {dag.py:3328} INFO - Setting next_dagrun for example_short_circuit_decorator to 2022-10-02T12:25:26.522250+00:00, run_after=2022-10-03T12:25:26.522250+00:00
[2022-10-03T12:25:26.578+0000] {processor.py:178} INFO - Processing /home/airflow/.local/lib/python3.7/site-packages/airflow/example_dags/example_short_circuit_decorator.py took 0.388 seconds
[2022-10-03T12:25:57.587+0000] {processor.py:156} INFO - Started process (PID=861) to work on /home/airflow/.local/lib/python3.7/site-packages/airflow/example_dags/example_short_circuit_decorator.py
[2022-10-03T12:25:57.588+0000] {processor.py:758} INFO - Processing file /home/airflow/.local/lib/python3.7/site-packages/airflow/example_dags/example_short_circuit_decorator.py for tasks to queue
[2022-10-03T12:25:57.589+0000] {logging_mixin.py:117} INFO - [2022-10-03T12:25:57.588+0000] {dagbag.py:525} INFO - Filling up the DagBag from /home/airflow/.local/lib/python3.7/site-packages/airflow/example_dags/example_short_circuit_decorator.py
[2022-10-03T12:25:57.633+0000] {processor.py:768} INFO - DAG(s) dict_keys(['example_short_circuit_decorator']) retrieved from /home/airflow/.local/lib/python3.7/site-packages/airflow/example_dags/example_short_circuit_decorator.py
[2022-10-03T12:25:57.826+0000] {logging_mixin.py:117} INFO - [2022-10-03T12:25:57.826+0000] {dag.py:2573} INFO - Sync 1 DAGs
[2022-10-03T12:25:57.865+0000] {logging_mixin.py:117} INFO - [2022-10-03T12:25:57.864+0000] {dag.py:3328} INFO - Setting next_dagrun for example_short_circuit_decorator to 2022-10-02T12:25:57.864682+00:00, run_after=2022-10-03T12:25:57.864682+00:00
[2022-10-03T12:25:57.897+0000] {processor.py:178} INFO - Processing /home/airflow/.local/lib/python3.7/site-packages/airflow/example_dags/example_short_circuit_decorator.py took 0.314 seconds
[2022-10-03T12:26:29.408+0000] {processor.py:156} INFO - Started process (PID=1062) to work on /home/airflow/.local/lib/python3.7/site-packages/airflow/example_dags/example_short_circuit_decorator.py
[2022-10-03T12:26:29.410+0000] {processor.py:758} INFO - Processing file /home/airflow/.local/lib/python3.7/site-packages/airflow/example_dags/example_short_circuit_decorator.py for tasks to queue
[2022-10-03T12:26:29.411+0000] {logging_mixin.py:117} INFO - [2022-10-03T12:26:29.411+0000] {dagbag.py:525} INFO - Filling up the DagBag from /home/airflow/.local/lib/python3.7/site-packages/airflow/example_dags/example_short_circuit_decorator.py
[2022-10-03T12:26:29.516+0000] {processor.py:768} INFO - DAG(s) dict_keys(['example_short_circuit_decorator']) retrieved from /home/airflow/.local/lib/python3.7/site-packages/airflow/example_dags/example_short_circuit_decorator.py
[2022-10-03T12:26:29.890+0000] {logging_mixin.py:117} INFO - [2022-10-03T12:26:29.890+0000] {dag.py:2573} INFO - Sync 1 DAGs
[2022-10-03T12:26:29.947+0000] {logging_mixin.py:117} INFO - [2022-10-03T12:26:29.947+0000] {dag.py:3328} INFO - Setting next_dagrun for example_short_circuit_decorator to 2022-10-02T12:26:29.946495+00:00, run_after=2022-10-03T12:26:29.946495+00:00
[2022-10-03T12:26:29.995+0000] {processor.py:178} INFO - Processing /home/airflow/.local/lib/python3.7/site-packages/airflow/example_dags/example_short_circuit_decorator.py took 0.600 seconds
[2022-10-03T12:27:00.273+0000] {processor.py:156} INFO - Started process (PID=1280) to work on /home/airflow/.local/lib/python3.7/site-packages/airflow/example_dags/example_short_circuit_decorator.py
[2022-10-03T12:27:00.274+0000] {processor.py:758} INFO - Processing file /home/airflow/.local/lib/python3.7/site-packages/airflow/example_dags/example_short_circuit_decorator.py for tasks to queue
[2022-10-03T12:27:00.274+0000] {logging_mixin.py:117} INFO - [2022-10-03T12:27:00.274+0000] {dagbag.py:525} INFO - Filling up the DagBag from /home/airflow/.local/lib/python3.7/site-packages/airflow/example_dags/example_short_circuit_decorator.py
[2022-10-03T12:27:00.431+0000] {processor.py:768} INFO - DAG(s) dict_keys(['example_short_circuit_decorator']) retrieved from /home/airflow/.local/lib/python3.7/site-packages/airflow/example_dags/example_short_circuit_decorator.py
[2022-10-03T12:27:00.486+0000] {logging_mixin.py:117} INFO - [2022-10-03T12:27:00.485+0000] {dag.py:2573} INFO - Sync 1 DAGs
[2022-10-03T12:27:00.524+0000] {logging_mixin.py:117} INFO - [2022-10-03T12:27:00.524+0000] {dag.py:3328} INFO - Setting next_dagrun for example_short_circuit_decorator to 2022-10-02T12:27:00.524320+00:00, run_after=2022-10-03T12:27:00.524320+00:00
[2022-10-03T12:27:00.550+0000] {processor.py:178} INFO - Processing /home/airflow/.local/lib/python3.7/site-packages/airflow/example_dags/example_short_circuit_decorator.py took 0.281 seconds
[2022-10-03T12:27:30.695+0000] {processor.py:156} INFO - Started process (PID=1505) to work on /home/airflow/.local/lib/python3.7/site-packages/airflow/example_dags/example_short_circuit_decorator.py
[2022-10-03T12:27:30.696+0000] {processor.py:758} INFO - Processing file /home/airflow/.local/lib/python3.7/site-packages/airflow/example_dags/example_short_circuit_decorator.py for tasks to queue
[2022-10-03T12:27:30.696+0000] {logging_mixin.py:117} INFO - [2022-10-03T12:27:30.696+0000] {dagbag.py:525} INFO - Filling up the DagBag from /home/airflow/.local/lib/python3.7/site-packages/airflow/example_dags/example_short_circuit_decorator.py
[2022-10-03T12:27:30.717+0000] {processor.py:768} INFO - DAG(s) dict_keys(['example_short_circuit_decorator']) retrieved from /home/airflow/.local/lib/python3.7/site-packages/airflow/example_dags/example_short_circuit_decorator.py
[2022-10-03T12:27:30.753+0000] {logging_mixin.py:117} INFO - [2022-10-03T12:27:30.753+0000] {dag.py:2573} INFO - Sync 1 DAGs
[2022-10-03T12:27:30.779+0000] {logging_mixin.py:117} INFO - [2022-10-03T12:27:30.779+0000] {dag.py:3328} INFO - Setting next_dagrun for example_short_circuit_decorator to 2022-10-02T12:27:30.779251+00:00, run_after=2022-10-03T12:27:30.779251+00:00
[2022-10-03T12:27:30.801+0000] {processor.py:178} INFO - Processing /home/airflow/.local/lib/python3.7/site-packages/airflow/example_dags/example_short_circuit_decorator.py took 0.216 seconds
[2022-10-03T12:28:01.758+0000] {processor.py:156} INFO - Started process (PID=1712) to work on /home/airflow/.local/lib/python3.7/site-packages/airflow/example_dags/example_short_circuit_decorator.py
[2022-10-03T12:28:01.768+0000] {processor.py:758} INFO - Processing file /home/airflow/.local/lib/python3.7/site-packages/airflow/example_dags/example_short_circuit_decorator.py for tasks to queue
[2022-10-03T12:28:01.770+0000] {logging_mixin.py:117} INFO - [2022-10-03T12:28:01.769+0000] {dagbag.py:525} INFO - Filling up the DagBag from /home/airflow/.local/lib/python3.7/site-packages/airflow/example_dags/example_short_circuit_decorator.py
[2022-10-03T12:28:01.835+0000] {processor.py:768} INFO - DAG(s) dict_keys(['example_short_circuit_decorator']) retrieved from /home/airflow/.local/lib/python3.7/site-packages/airflow/example_dags/example_short_circuit_decorator.py
[2022-10-03T12:28:01.936+0000] {logging_mixin.py:117} INFO - [2022-10-03T12:28:01.936+0000] {dag.py:2573} INFO - Sync 1 DAGs
[2022-10-03T12:28:02.005+0000] {logging_mixin.py:117} INFO - [2022-10-03T12:28:02.004+0000] {dag.py:3328} INFO - Setting next_dagrun for example_short_circuit_decorator to 2022-10-02T12:28:02.004426+00:00, run_after=2022-10-03T12:28:02.004426+00:00
[2022-10-03T12:28:02.052+0000] {processor.py:178} INFO - Processing /home/airflow/.local/lib/python3.7/site-packages/airflow/example_dags/example_short_circuit_decorator.py took 0.304 seconds
[2022-10-03T12:28:32.908+0000] {processor.py:156} INFO - Started process (PID=1911) to work on /home/airflow/.local/lib/python3.7/site-packages/airflow/example_dags/example_short_circuit_decorator.py
[2022-10-03T12:28:32.910+0000] {processor.py:758} INFO - Processing file /home/airflow/.local/lib/python3.7/site-packages/airflow/example_dags/example_short_circuit_decorator.py for tasks to queue
[2022-10-03T12:28:32.911+0000] {logging_mixin.py:117} INFO - [2022-10-03T12:28:32.910+0000] {dagbag.py:525} INFO - Filling up the DagBag from /home/airflow/.local/lib/python3.7/site-packages/airflow/example_dags/example_short_circuit_decorator.py
[2022-10-03T12:28:32.944+0000] {processor.py:768} INFO - DAG(s) dict_keys(['example_short_circuit_decorator']) retrieved from /home/airflow/.local/lib/python3.7/site-packages/airflow/example_dags/example_short_circuit_decorator.py
[2022-10-03T12:28:32.996+0000] {logging_mixin.py:117} INFO - [2022-10-03T12:28:32.996+0000] {dag.py:2573} INFO - Sync 1 DAGs
[2022-10-03T12:28:33.027+0000] {logging_mixin.py:117} INFO - [2022-10-03T12:28:33.026+0000] {dag.py:3328} INFO - Setting next_dagrun for example_short_circuit_decorator to 2022-10-02T12:28:33.026636+00:00, run_after=2022-10-03T12:28:33.026636+00:00
[2022-10-03T12:28:33.053+0000] {processor.py:178} INFO - Processing /home/airflow/.local/lib/python3.7/site-packages/airflow/example_dags/example_short_circuit_decorator.py took 0.151 seconds
[2022-10-03T12:29:03.621+0000] {processor.py:156} INFO - Started process (PID=2118) to work on /home/airflow/.local/lib/python3.7/site-packages/airflow/example_dags/example_short_circuit_decorator.py
[2022-10-03T12:29:03.622+0000] {processor.py:758} INFO - Processing file /home/airflow/.local/lib/python3.7/site-packages/airflow/example_dags/example_short_circuit_decorator.py for tasks to queue
[2022-10-03T12:29:03.622+0000] {logging_mixin.py:117} INFO - [2022-10-03T12:29:03.622+0000] {dagbag.py:525} INFO - Filling up the DagBag from /home/airflow/.local/lib/python3.7/site-packages/airflow/example_dags/example_short_circuit_decorator.py
[2022-10-03T12:29:03.651+0000] {processor.py:768} INFO - DAG(s) dict_keys(['example_short_circuit_decorator']) retrieved from /home/airflow/.local/lib/python3.7/site-packages/airflow/example_dags/example_short_circuit_decorator.py
[2022-10-03T12:29:03.698+0000] {logging_mixin.py:117} INFO - [2022-10-03T12:29:03.697+0000] {dag.py:2573} INFO - Sync 1 DAGs
[2022-10-03T12:29:03.728+0000] {logging_mixin.py:117} INFO - [2022-10-03T12:29:03.728+0000] {dag.py:3328} INFO - Setting next_dagrun for example_short_circuit_decorator to 2022-10-02T12:29:03.728186+00:00, run_after=2022-10-03T12:29:03.728186+00:00
[2022-10-03T12:29:03.757+0000] {processor.py:178} INFO - Processing /home/airflow/.local/lib/python3.7/site-packages/airflow/example_dags/example_short_circuit_decorator.py took 0.141 seconds
[2022-10-03T12:29:34.638+0000] {processor.py:156} INFO - Started process (PID=2316) to work on /home/airflow/.local/lib/python3.7/site-packages/airflow/example_dags/example_short_circuit_decorator.py
[2022-10-03T12:29:34.640+0000] {processor.py:758} INFO - Processing file /home/airflow/.local/lib/python3.7/site-packages/airflow/example_dags/example_short_circuit_decorator.py for tasks to queue
[2022-10-03T12:29:34.641+0000] {logging_mixin.py:117} INFO - [2022-10-03T12:29:34.641+0000] {dagbag.py:525} INFO - Filling up the DagBag from /home/airflow/.local/lib/python3.7/site-packages/airflow/example_dags/example_short_circuit_decorator.py
[2022-10-03T12:29:34.674+0000] {processor.py:768} INFO - DAG(s) dict_keys(['example_short_circuit_decorator']) retrieved from /home/airflow/.local/lib/python3.7/site-packages/airflow/example_dags/example_short_circuit_decorator.py
[2022-10-03T12:29:34.752+0000] {logging_mixin.py:117} INFO - [2022-10-03T12:29:34.752+0000] {dag.py:2573} INFO - Sync 1 DAGs
[2022-10-03T12:29:34.785+0000] {logging_mixin.py:117} INFO - [2022-10-03T12:29:34.785+0000] {dag.py:3328} INFO - Setting next_dagrun for example_short_circuit_decorator to 2022-10-02T12:29:34.785312+00:00, run_after=2022-10-03T12:29:34.785312+00:00
[2022-10-03T12:29:34.818+0000] {processor.py:178} INFO - Processing /home/airflow/.local/lib/python3.7/site-packages/airflow/example_dags/example_short_circuit_decorator.py took 0.185 seconds
[2022-10-03T12:30:05.796+0000] {processor.py:156} INFO - Started process (PID=2523) to work on /home/airflow/.local/lib/python3.7/site-packages/airflow/example_dags/example_short_circuit_decorator.py
[2022-10-03T12:30:05.798+0000] {processor.py:758} INFO - Processing file /home/airflow/.local/lib/python3.7/site-packages/airflow/example_dags/example_short_circuit_decorator.py for tasks to queue
[2022-10-03T12:30:05.799+0000] {logging_mixin.py:117} INFO - [2022-10-03T12:30:05.799+0000] {dagbag.py:525} INFO - Filling up the DagBag from /home/airflow/.local/lib/python3.7/site-packages/airflow/example_dags/example_short_circuit_decorator.py
[2022-10-03T12:30:05.859+0000] {processor.py:768} INFO - DAG(s) dict_keys(['example_short_circuit_decorator']) retrieved from /home/airflow/.local/lib/python3.7/site-packages/airflow/example_dags/example_short_circuit_decorator.py
[2022-10-03T12:30:05.956+0000] {logging_mixin.py:117} INFO - [2022-10-03T12:30:05.956+0000] {dag.py:2573} INFO - Sync 1 DAGs
[2022-10-03T12:30:06.022+0000] {logging_mixin.py:117} INFO - [2022-10-03T12:30:06.021+0000] {dag.py:3328} INFO - Setting next_dagrun for example_short_circuit_decorator to 2022-10-02T12:30:06.021207+00:00, run_after=2022-10-03T12:30:06.021207+00:00
[2022-10-03T12:30:06.073+0000] {processor.py:178} INFO - Processing /home/airflow/.local/lib/python3.7/site-packages/airflow/example_dags/example_short_circuit_decorator.py took 0.284 seconds
[2022-10-03T12:30:37.059+0000] {processor.py:156} INFO - Started process (PID=2730) to work on /home/airflow/.local/lib/python3.7/site-packages/airflow/example_dags/example_short_circuit_decorator.py
[2022-10-03T12:30:37.062+0000] {processor.py:758} INFO - Processing file /home/airflow/.local/lib/python3.7/site-packages/airflow/example_dags/example_short_circuit_decorator.py for tasks to queue
[2022-10-03T12:30:37.063+0000] {logging_mixin.py:117} INFO - [2022-10-03T12:30:37.063+0000] {dagbag.py:525} INFO - Filling up the DagBag from /home/airflow/.local/lib/python3.7/site-packages/airflow/example_dags/example_short_circuit_decorator.py
[2022-10-03T12:30:37.121+0000] {processor.py:768} INFO - DAG(s) dict_keys(['example_short_circuit_decorator']) retrieved from /home/airflow/.local/lib/python3.7/site-packages/airflow/example_dags/example_short_circuit_decorator.py
[2022-10-03T12:30:37.181+0000] {logging_mixin.py:117} INFO - [2022-10-03T12:30:37.181+0000] {dag.py:2573} INFO - Sync 1 DAGs
[2022-10-03T12:30:37.213+0000] {logging_mixin.py:117} INFO - [2022-10-03T12:30:37.212+0000] {dag.py:3328} INFO - Setting next_dagrun for example_short_circuit_decorator to 2022-10-02T12:30:37.212707+00:00, run_after=2022-10-03T12:30:37.212707+00:00
[2022-10-03T12:30:37.241+0000] {processor.py:178} INFO - Processing /home/airflow/.local/lib/python3.7/site-packages/airflow/example_dags/example_short_circuit_decorator.py took 0.188 seconds
[2022-10-03T12:31:07.768+0000] {processor.py:156} INFO - Started process (PID=2928) to work on /home/airflow/.local/lib/python3.7/site-packages/airflow/example_dags/example_short_circuit_decorator.py
[2022-10-03T12:31:07.770+0000] {processor.py:758} INFO - Processing file /home/airflow/.local/lib/python3.7/site-packages/airflow/example_dags/example_short_circuit_decorator.py for tasks to queue
[2022-10-03T12:31:07.771+0000] {logging_mixin.py:117} INFO - [2022-10-03T12:31:07.771+0000] {dagbag.py:525} INFO - Filling up the DagBag from /home/airflow/.local/lib/python3.7/site-packages/airflow/example_dags/example_short_circuit_decorator.py
[2022-10-03T12:31:07.796+0000] {processor.py:768} INFO - DAG(s) dict_keys(['example_short_circuit_decorator']) retrieved from /home/airflow/.local/lib/python3.7/site-packages/airflow/example_dags/example_short_circuit_decorator.py
[2022-10-03T12:31:07.848+0000] {logging_mixin.py:117} INFO - [2022-10-03T12:31:07.847+0000] {dag.py:2573} INFO - Sync 1 DAGs
[2022-10-03T12:31:07.880+0000] {logging_mixin.py:117} INFO - [2022-10-03T12:31:07.880+0000] {dag.py:3328} INFO - Setting next_dagrun for example_short_circuit_decorator to 2022-10-02T12:31:07.879965+00:00, run_after=2022-10-03T12:31:07.879965+00:00
[2022-10-03T12:31:07.909+0000] {processor.py:178} INFO - Processing /home/airflow/.local/lib/python3.7/site-packages/airflow/example_dags/example_short_circuit_decorator.py took 0.146 seconds
[2022-10-03T12:31:38.160+0000] {processor.py:156} INFO - Started process (PID=3135) to work on /home/airflow/.local/lib/python3.7/site-packages/airflow/example_dags/example_short_circuit_decorator.py
[2022-10-03T12:31:38.161+0000] {processor.py:758} INFO - Processing file /home/airflow/.local/lib/python3.7/site-packages/airflow/example_dags/example_short_circuit_decorator.py for tasks to queue
[2022-10-03T12:31:38.163+0000] {logging_mixin.py:117} INFO - [2022-10-03T12:31:38.162+0000] {dagbag.py:525} INFO - Filling up the DagBag from /home/airflow/.local/lib/python3.7/site-packages/airflow/example_dags/example_short_circuit_decorator.py
[2022-10-03T12:31:38.195+0000] {processor.py:768} INFO - DAG(s) dict_keys(['example_short_circuit_decorator']) retrieved from /home/airflow/.local/lib/python3.7/site-packages/airflow/example_dags/example_short_circuit_decorator.py
[2022-10-03T12:31:38.246+0000] {logging_mixin.py:117} INFO - [2022-10-03T12:31:38.246+0000] {dag.py:2573} INFO - Sync 1 DAGs
[2022-10-03T12:31:38.276+0000] {logging_mixin.py:117} INFO - [2022-10-03T12:31:38.276+0000] {dag.py:3328} INFO - Setting next_dagrun for example_short_circuit_decorator to 2022-10-02T12:31:38.275881+00:00, run_after=2022-10-03T12:31:38.275881+00:00
[2022-10-03T12:31:38.307+0000] {processor.py:178} INFO - Processing /home/airflow/.local/lib/python3.7/site-packages/airflow/example_dags/example_short_circuit_decorator.py took 0.151 seconds
[2022-10-03T12:32:08.350+0000] {processor.py:156} INFO - Started process (PID=3333) to work on /home/airflow/.local/lib/python3.7/site-packages/airflow/example_dags/example_short_circuit_decorator.py
[2022-10-03T12:32:08.352+0000] {processor.py:758} INFO - Processing file /home/airflow/.local/lib/python3.7/site-packages/airflow/example_dags/example_short_circuit_decorator.py for tasks to queue
[2022-10-03T12:32:08.352+0000] {logging_mixin.py:117} INFO - [2022-10-03T12:32:08.352+0000] {dagbag.py:525} INFO - Filling up the DagBag from /home/airflow/.local/lib/python3.7/site-packages/airflow/example_dags/example_short_circuit_decorator.py
[2022-10-03T12:32:08.381+0000] {processor.py:768} INFO - DAG(s) dict_keys(['example_short_circuit_decorator']) retrieved from /home/airflow/.local/lib/python3.7/site-packages/airflow/example_dags/example_short_circuit_decorator.py
[2022-10-03T12:32:08.430+0000] {logging_mixin.py:117} INFO - [2022-10-03T12:32:08.430+0000] {dag.py:2573} INFO - Sync 1 DAGs
[2022-10-03T12:32:08.465+0000] {logging_mixin.py:117} INFO - [2022-10-03T12:32:08.465+0000] {dag.py:3328} INFO - Setting next_dagrun for example_short_circuit_decorator to 2022-10-02T12:32:08.465042+00:00, run_after=2022-10-03T12:32:08.465042+00:00
[2022-10-03T12:32:08.496+0000] {processor.py:178} INFO - Processing /home/airflow/.local/lib/python3.7/site-packages/airflow/example_dags/example_short_circuit_decorator.py took 0.149 seconds
[2022-10-03T12:32:38.752+0000] {processor.py:156} INFO - Started process (PID=3540) to work on /home/airflow/.local/lib/python3.7/site-packages/airflow/example_dags/example_short_circuit_decorator.py
[2022-10-03T12:32:38.753+0000] {processor.py:758} INFO - Processing file /home/airflow/.local/lib/python3.7/site-packages/airflow/example_dags/example_short_circuit_decorator.py for tasks to queue
[2022-10-03T12:32:38.754+0000] {logging_mixin.py:117} INFO - [2022-10-03T12:32:38.754+0000] {dagbag.py:525} INFO - Filling up the DagBag from /home/airflow/.local/lib/python3.7/site-packages/airflow/example_dags/example_short_circuit_decorator.py
[2022-10-03T12:32:38.782+0000] {processor.py:768} INFO - DAG(s) dict_keys(['example_short_circuit_decorator']) retrieved from /home/airflow/.local/lib/python3.7/site-packages/airflow/example_dags/example_short_circuit_decorator.py
[2022-10-03T12:32:38.834+0000] {logging_mixin.py:117} INFO - [2022-10-03T12:32:38.834+0000] {dag.py:2573} INFO - Sync 1 DAGs
[2022-10-03T12:32:38.863+0000] {logging_mixin.py:117} INFO - [2022-10-03T12:32:38.863+0000] {dag.py:3328} INFO - Setting next_dagrun for example_short_circuit_decorator to 2022-10-02T12:32:38.863101+00:00, run_after=2022-10-03T12:32:38.863101+00:00
[2022-10-03T12:32:38.894+0000] {processor.py:178} INFO - Processing /home/airflow/.local/lib/python3.7/site-packages/airflow/example_dags/example_short_circuit_decorator.py took 0.145 seconds
[2022-10-03T12:33:09.169+0000] {processor.py:156} INFO - Started process (PID=3745) to work on /home/airflow/.local/lib/python3.7/site-packages/airflow/example_dags/example_short_circuit_decorator.py
[2022-10-03T12:33:09.171+0000] {processor.py:758} INFO - Processing file /home/airflow/.local/lib/python3.7/site-packages/airflow/example_dags/example_short_circuit_decorator.py for tasks to queue
[2022-10-03T12:33:09.172+0000] {logging_mixin.py:117} INFO - [2022-10-03T12:33:09.172+0000] {dagbag.py:525} INFO - Filling up the DagBag from /home/airflow/.local/lib/python3.7/site-packages/airflow/example_dags/example_short_circuit_decorator.py
[2022-10-03T12:33:09.202+0000] {processor.py:768} INFO - DAG(s) dict_keys(['example_short_circuit_decorator']) retrieved from /home/airflow/.local/lib/python3.7/site-packages/airflow/example_dags/example_short_circuit_decorator.py
[2022-10-03T12:33:09.253+0000] {logging_mixin.py:117} INFO - [2022-10-03T12:33:09.253+0000] {dag.py:2573} INFO - Sync 1 DAGs
[2022-10-03T12:33:09.288+0000] {logging_mixin.py:117} INFO - [2022-10-03T12:33:09.288+0000] {dag.py:3328} INFO - Setting next_dagrun for example_short_circuit_decorator to 2022-10-02T12:33:09.287723+00:00, run_after=2022-10-03T12:33:09.287723+00:00
[2022-10-03T12:33:09.318+0000] {processor.py:178} INFO - Processing /home/airflow/.local/lib/python3.7/site-packages/airflow/example_dags/example_short_circuit_decorator.py took 0.152 seconds
[2022-10-03T12:33:39.829+0000] {processor.py:156} INFO - Started process (PID=3945) to work on /home/airflow/.local/lib/python3.7/site-packages/airflow/example_dags/example_short_circuit_decorator.py
[2022-10-03T12:33:39.830+0000] {processor.py:758} INFO - Processing file /home/airflow/.local/lib/python3.7/site-packages/airflow/example_dags/example_short_circuit_decorator.py for tasks to queue
[2022-10-03T12:33:39.831+0000] {logging_mixin.py:117} INFO - [2022-10-03T12:33:39.831+0000] {dagbag.py:525} INFO - Filling up the DagBag from /home/airflow/.local/lib/python3.7/site-packages/airflow/example_dags/example_short_circuit_decorator.py
[2022-10-03T12:33:39.859+0000] {processor.py:768} INFO - DAG(s) dict_keys(['example_short_circuit_decorator']) retrieved from /home/airflow/.local/lib/python3.7/site-packages/airflow/example_dags/example_short_circuit_decorator.py
[2022-10-03T12:33:39.906+0000] {logging_mixin.py:117} INFO - [2022-10-03T12:33:39.906+0000] {dag.py:2573} INFO - Sync 1 DAGs
[2022-10-03T12:33:39.939+0000] {logging_mixin.py:117} INFO - [2022-10-03T12:33:39.938+0000] {dag.py:3328} INFO - Setting next_dagrun for example_short_circuit_decorator to 2022-10-02T12:33:39.938654+00:00, run_after=2022-10-03T12:33:39.938654+00:00
[2022-10-03T12:33:39.969+0000] {processor.py:178} INFO - Processing /home/airflow/.local/lib/python3.7/site-packages/airflow/example_dags/example_short_circuit_decorator.py took 0.144 seconds
[2022-10-03T12:34:10.219+0000] {processor.py:156} INFO - Started process (PID=4152) to work on /home/airflow/.local/lib/python3.7/site-packages/airflow/example_dags/example_short_circuit_decorator.py
[2022-10-03T12:34:10.221+0000] {processor.py:758} INFO - Processing file /home/airflow/.local/lib/python3.7/site-packages/airflow/example_dags/example_short_circuit_decorator.py for tasks to queue
[2022-10-03T12:34:10.222+0000] {logging_mixin.py:117} INFO - [2022-10-03T12:34:10.222+0000] {dagbag.py:525} INFO - Filling up the DagBag from /home/airflow/.local/lib/python3.7/site-packages/airflow/example_dags/example_short_circuit_decorator.py
[2022-10-03T12:34:10.281+0000] {processor.py:768} INFO - DAG(s) dict_keys(['example_short_circuit_decorator']) retrieved from /home/airflow/.local/lib/python3.7/site-packages/airflow/example_dags/example_short_circuit_decorator.py
[2022-10-03T12:34:10.385+0000] {logging_mixin.py:117} INFO - [2022-10-03T12:34:10.384+0000] {dag.py:2573} INFO - Sync 1 DAGs
[2022-10-03T12:34:10.458+0000] {logging_mixin.py:117} INFO - [2022-10-03T12:34:10.458+0000] {dag.py:3328} INFO - Setting next_dagrun for example_short_circuit_decorator to 2022-10-02T12:34:10.457672+00:00, run_after=2022-10-03T12:34:10.457672+00:00
[2022-10-03T12:34:10.516+0000] {processor.py:178} INFO - Processing /home/airflow/.local/lib/python3.7/site-packages/airflow/example_dags/example_short_circuit_decorator.py took 0.303 seconds
[2022-10-03T12:34:40.690+0000] {processor.py:156} INFO - Started process (PID=4351) to work on /home/airflow/.local/lib/python3.7/site-packages/airflow/example_dags/example_short_circuit_decorator.py
[2022-10-03T12:34:40.692+0000] {processor.py:758} INFO - Processing file /home/airflow/.local/lib/python3.7/site-packages/airflow/example_dags/example_short_circuit_decorator.py for tasks to queue
[2022-10-03T12:34:40.692+0000] {logging_mixin.py:117} INFO - [2022-10-03T12:34:40.692+0000] {dagbag.py:525} INFO - Filling up the DagBag from /home/airflow/.local/lib/python3.7/site-packages/airflow/example_dags/example_short_circuit_decorator.py
[2022-10-03T12:34:40.727+0000] {processor.py:768} INFO - DAG(s) dict_keys(['example_short_circuit_decorator']) retrieved from /home/airflow/.local/lib/python3.7/site-packages/airflow/example_dags/example_short_circuit_decorator.py
[2022-10-03T12:34:40.780+0000] {logging_mixin.py:117} INFO - [2022-10-03T12:34:40.779+0000] {dag.py:2573} INFO - Sync 1 DAGs
[2022-10-03T12:34:40.810+0000] {logging_mixin.py:117} INFO - [2022-10-03T12:34:40.810+0000] {dag.py:3328} INFO - Setting next_dagrun for example_short_circuit_decorator to 2022-10-02T12:34:40.810454+00:00, run_after=2022-10-03T12:34:40.810454+00:00
[2022-10-03T12:34:40.838+0000] {processor.py:178} INFO - Processing /home/airflow/.local/lib/python3.7/site-packages/airflow/example_dags/example_short_circuit_decorator.py took 0.152 seconds
[2022-10-03T12:35:11.725+0000] {processor.py:156} INFO - Started process (PID=4558) to work on /home/airflow/.local/lib/python3.7/site-packages/airflow/example_dags/example_short_circuit_decorator.py
[2022-10-03T12:35:11.727+0000] {processor.py:758} INFO - Processing file /home/airflow/.local/lib/python3.7/site-packages/airflow/example_dags/example_short_circuit_decorator.py for tasks to queue
[2022-10-03T12:35:11.728+0000] {logging_mixin.py:117} INFO - [2022-10-03T12:35:11.728+0000] {dagbag.py:525} INFO - Filling up the DagBag from /home/airflow/.local/lib/python3.7/site-packages/airflow/example_dags/example_short_circuit_decorator.py
[2022-10-03T12:35:11.756+0000] {processor.py:768} INFO - DAG(s) dict_keys(['example_short_circuit_decorator']) retrieved from /home/airflow/.local/lib/python3.7/site-packages/airflow/example_dags/example_short_circuit_decorator.py
[2022-10-03T12:35:11.804+0000] {logging_mixin.py:117} INFO - [2022-10-03T12:35:11.804+0000] {dag.py:2573} INFO - Sync 1 DAGs
[2022-10-03T12:35:11.837+0000] {logging_mixin.py:117} INFO - [2022-10-03T12:35:11.837+0000] {dag.py:3328} INFO - Setting next_dagrun for example_short_circuit_decorator to 2022-10-02T12:35:11.837110+00:00, run_after=2022-10-03T12:35:11.837110+00:00
[2022-10-03T12:35:11.866+0000] {processor.py:178} INFO - Processing /home/airflow/.local/lib/python3.7/site-packages/airflow/example_dags/example_short_circuit_decorator.py took 0.146 seconds
[2022-10-03T12:35:42.381+0000] {processor.py:156} INFO - Started process (PID=4756) to work on /home/airflow/.local/lib/python3.7/site-packages/airflow/example_dags/example_short_circuit_decorator.py
[2022-10-03T12:35:42.382+0000] {processor.py:758} INFO - Processing file /home/airflow/.local/lib/python3.7/site-packages/airflow/example_dags/example_short_circuit_decorator.py for tasks to queue
[2022-10-03T12:35:42.383+0000] {logging_mixin.py:117} INFO - [2022-10-03T12:35:42.383+0000] {dagbag.py:525} INFO - Filling up the DagBag from /home/airflow/.local/lib/python3.7/site-packages/airflow/example_dags/example_short_circuit_decorator.py
[2022-10-03T12:35:42.411+0000] {processor.py:768} INFO - DAG(s) dict_keys(['example_short_circuit_decorator']) retrieved from /home/airflow/.local/lib/python3.7/site-packages/airflow/example_dags/example_short_circuit_decorator.py
[2022-10-03T12:35:42.457+0000] {logging_mixin.py:117} INFO - [2022-10-03T12:35:42.457+0000] {dag.py:2573} INFO - Sync 1 DAGs
[2022-10-03T12:35:42.488+0000] {logging_mixin.py:117} INFO - [2022-10-03T12:35:42.488+0000] {dag.py:3328} INFO - Setting next_dagrun for example_short_circuit_decorator to 2022-10-02T12:35:42.488397+00:00, run_after=2022-10-03T12:35:42.488397+00:00
[2022-10-03T12:35:42.515+0000] {processor.py:178} INFO - Processing /home/airflow/.local/lib/python3.7/site-packages/airflow/example_dags/example_short_circuit_decorator.py took 0.137 seconds
[2022-10-03T12:36:12.680+0000] {processor.py:156} INFO - Started process (PID=4963) to work on /home/airflow/.local/lib/python3.7/site-packages/airflow/example_dags/example_short_circuit_decorator.py
[2022-10-03T12:36:12.682+0000] {processor.py:758} INFO - Processing file /home/airflow/.local/lib/python3.7/site-packages/airflow/example_dags/example_short_circuit_decorator.py for tasks to queue
[2022-10-03T12:36:12.683+0000] {logging_mixin.py:117} INFO - [2022-10-03T12:36:12.682+0000] {dagbag.py:525} INFO - Filling up the DagBag from /home/airflow/.local/lib/python3.7/site-packages/airflow/example_dags/example_short_circuit_decorator.py
[2022-10-03T12:36:12.715+0000] {processor.py:768} INFO - DAG(s) dict_keys(['example_short_circuit_decorator']) retrieved from /home/airflow/.local/lib/python3.7/site-packages/airflow/example_dags/example_short_circuit_decorator.py
[2022-10-03T12:36:12.766+0000] {logging_mixin.py:117} INFO - [2022-10-03T12:36:12.766+0000] {dag.py:2573} INFO - Sync 1 DAGs
[2022-10-03T12:36:12.798+0000] {logging_mixin.py:117} INFO - [2022-10-03T12:36:12.798+0000] {dag.py:3328} INFO - Setting next_dagrun for example_short_circuit_decorator to 2022-10-02T12:36:12.798012+00:00, run_after=2022-10-03T12:36:12.798012+00:00
[2022-10-03T12:36:12.825+0000] {processor.py:178} INFO - Processing /home/airflow/.local/lib/python3.7/site-packages/airflow/example_dags/example_short_circuit_decorator.py took 0.150 seconds
[2022-10-03T12:36:43.123+0000] {processor.py:156} INFO - Started process (PID=5161) to work on /home/airflow/.local/lib/python3.7/site-packages/airflow/example_dags/example_short_circuit_decorator.py
[2022-10-03T12:36:43.124+0000] {processor.py:758} INFO - Processing file /home/airflow/.local/lib/python3.7/site-packages/airflow/example_dags/example_short_circuit_decorator.py for tasks to queue
[2022-10-03T12:36:43.124+0000] {logging_mixin.py:117} INFO - [2022-10-03T12:36:43.124+0000] {dagbag.py:525} INFO - Filling up the DagBag from /home/airflow/.local/lib/python3.7/site-packages/airflow/example_dags/example_short_circuit_decorator.py
[2022-10-03T12:36:43.152+0000] {processor.py:768} INFO - DAG(s) dict_keys(['example_short_circuit_decorator']) retrieved from /home/airflow/.local/lib/python3.7/site-packages/airflow/example_dags/example_short_circuit_decorator.py
[2022-10-03T12:36:43.201+0000] {logging_mixin.py:117} INFO - [2022-10-03T12:36:43.200+0000] {dag.py:2573} INFO - Sync 1 DAGs
[2022-10-03T12:36:43.231+0000] {logging_mixin.py:117} INFO - [2022-10-03T12:36:43.231+0000] {dag.py:3328} INFO - Setting next_dagrun for example_short_circuit_decorator to 2022-10-02T12:36:43.230706+00:00, run_after=2022-10-03T12:36:43.230706+00:00
[2022-10-03T12:36:43.261+0000] {processor.py:178} INFO - Processing /home/airflow/.local/lib/python3.7/site-packages/airflow/example_dags/example_short_circuit_decorator.py took 0.143 seconds
[2022-10-03T12:37:13.414+0000] {processor.py:156} INFO - Started process (PID=5368) to work on /home/airflow/.local/lib/python3.7/site-packages/airflow/example_dags/example_short_circuit_decorator.py
[2022-10-03T12:37:13.416+0000] {processor.py:758} INFO - Processing file /home/airflow/.local/lib/python3.7/site-packages/airflow/example_dags/example_short_circuit_decorator.py for tasks to queue
[2022-10-03T12:37:13.416+0000] {logging_mixin.py:117} INFO - [2022-10-03T12:37:13.416+0000] {dagbag.py:525} INFO - Filling up the DagBag from /home/airflow/.local/lib/python3.7/site-packages/airflow/example_dags/example_short_circuit_decorator.py
[2022-10-03T12:37:13.450+0000] {processor.py:768} INFO - DAG(s) dict_keys(['example_short_circuit_decorator']) retrieved from /home/airflow/.local/lib/python3.7/site-packages/airflow/example_dags/example_short_circuit_decorator.py
[2022-10-03T12:37:13.499+0000] {logging_mixin.py:117} INFO - [2022-10-03T12:37:13.499+0000] {dag.py:2573} INFO - Sync 1 DAGs
[2022-10-03T12:37:13.528+0000] {logging_mixin.py:117} INFO - [2022-10-03T12:37:13.528+0000] {dag.py:3328} INFO - Setting next_dagrun for example_short_circuit_decorator to 2022-10-02T12:37:13.527820+00:00, run_after=2022-10-03T12:37:13.527820+00:00
[2022-10-03T12:37:13.557+0000] {processor.py:178} INFO - Processing /home/airflow/.local/lib/python3.7/site-packages/airflow/example_dags/example_short_circuit_decorator.py took 0.148 seconds
[2022-10-03T12:37:43.846+0000] {processor.py:156} INFO - Started process (PID=5566) to work on /home/airflow/.local/lib/python3.7/site-packages/airflow/example_dags/example_short_circuit_decorator.py
[2022-10-03T12:37:43.846+0000] {processor.py:758} INFO - Processing file /home/airflow/.local/lib/python3.7/site-packages/airflow/example_dags/example_short_circuit_decorator.py for tasks to queue
[2022-10-03T12:37:43.847+0000] {logging_mixin.py:117} INFO - [2022-10-03T12:37:43.847+0000] {dagbag.py:525} INFO - Filling up the DagBag from /home/airflow/.local/lib/python3.7/site-packages/airflow/example_dags/example_short_circuit_decorator.py
[2022-10-03T12:37:43.876+0000] {processor.py:768} INFO - DAG(s) dict_keys(['example_short_circuit_decorator']) retrieved from /home/airflow/.local/lib/python3.7/site-packages/airflow/example_dags/example_short_circuit_decorator.py
[2022-10-03T12:37:43.923+0000] {logging_mixin.py:117} INFO - [2022-10-03T12:37:43.923+0000] {dag.py:2573} INFO - Sync 1 DAGs
[2022-10-03T12:37:43.960+0000] {logging_mixin.py:117} INFO - [2022-10-03T12:37:43.959+0000] {dag.py:3328} INFO - Setting next_dagrun for example_short_circuit_decorator to 2022-10-02T12:37:43.959722+00:00, run_after=2022-10-03T12:37:43.959722+00:00
[2022-10-03T12:37:43.987+0000] {processor.py:178} INFO - Processing /home/airflow/.local/lib/python3.7/site-packages/airflow/example_dags/example_short_circuit_decorator.py took 0.145 seconds
[2022-10-03T12:38:14.163+0000] {processor.py:156} INFO - Started process (PID=5773) to work on /home/airflow/.local/lib/python3.7/site-packages/airflow/example_dags/example_short_circuit_decorator.py
[2022-10-03T12:38:14.165+0000] {processor.py:758} INFO - Processing file /home/airflow/.local/lib/python3.7/site-packages/airflow/example_dags/example_short_circuit_decorator.py for tasks to queue
[2022-10-03T12:38:14.166+0000] {logging_mixin.py:117} INFO - [2022-10-03T12:38:14.166+0000] {dagbag.py:525} INFO - Filling up the DagBag from /home/airflow/.local/lib/python3.7/site-packages/airflow/example_dags/example_short_circuit_decorator.py
[2022-10-03T12:38:14.196+0000] {processor.py:768} INFO - DAG(s) dict_keys(['example_short_circuit_decorator']) retrieved from /home/airflow/.local/lib/python3.7/site-packages/airflow/example_dags/example_short_circuit_decorator.py
[2022-10-03T12:38:14.255+0000] {logging_mixin.py:117} INFO - [2022-10-03T12:38:14.255+0000] {dag.py:2573} INFO - Sync 1 DAGs
[2022-10-03T12:38:14.290+0000] {logging_mixin.py:117} INFO - [2022-10-03T12:38:14.290+0000] {dag.py:3328} INFO - Setting next_dagrun for example_short_circuit_decorator to 2022-10-02T12:38:14.290529+00:00, run_after=2022-10-03T12:38:14.290529+00:00
[2022-10-03T12:38:14.320+0000] {processor.py:178} INFO - Processing /home/airflow/.local/lib/python3.7/site-packages/airflow/example_dags/example_short_circuit_decorator.py took 0.162 seconds
[2022-10-03T12:38:44.755+0000] {processor.py:156} INFO - Started process (PID=5980) to work on /home/airflow/.local/lib/python3.7/site-packages/airflow/example_dags/example_short_circuit_decorator.py
[2022-10-03T12:38:44.756+0000] {processor.py:758} INFO - Processing file /home/airflow/.local/lib/python3.7/site-packages/airflow/example_dags/example_short_circuit_decorator.py for tasks to queue
[2022-10-03T12:38:44.756+0000] {logging_mixin.py:117} INFO - [2022-10-03T12:38:44.756+0000] {dagbag.py:525} INFO - Filling up the DagBag from /home/airflow/.local/lib/python3.7/site-packages/airflow/example_dags/example_short_circuit_decorator.py
[2022-10-03T12:38:44.795+0000] {processor.py:768} INFO - DAG(s) dict_keys(['example_short_circuit_decorator']) retrieved from /home/airflow/.local/lib/python3.7/site-packages/airflow/example_dags/example_short_circuit_decorator.py
[2022-10-03T12:38:44.852+0000] {logging_mixin.py:117} INFO - [2022-10-03T12:38:44.852+0000] {dag.py:2573} INFO - Sync 1 DAGs
[2022-10-03T12:38:44.884+0000] {logging_mixin.py:117} INFO - [2022-10-03T12:38:44.884+0000] {dag.py:3328} INFO - Setting next_dagrun for example_short_circuit_decorator to 2022-10-02T12:38:44.884400+00:00, run_after=2022-10-03T12:38:44.884400+00:00
[2022-10-03T12:38:44.914+0000] {processor.py:178} INFO - Processing /home/airflow/.local/lib/python3.7/site-packages/airflow/example_dags/example_short_circuit_decorator.py took 0.163 seconds
[2022-10-03T12:39:15.549+0000] {processor.py:156} INFO - Started process (PID=6178) to work on /home/airflow/.local/lib/python3.7/site-packages/airflow/example_dags/example_short_circuit_decorator.py
[2022-10-03T12:39:15.553+0000] {processor.py:758} INFO - Processing file /home/airflow/.local/lib/python3.7/site-packages/airflow/example_dags/example_short_circuit_decorator.py for tasks to queue
[2022-10-03T12:39:15.555+0000] {logging_mixin.py:117} INFO - [2022-10-03T12:39:15.554+0000] {dagbag.py:525} INFO - Filling up the DagBag from /home/airflow/.local/lib/python3.7/site-packages/airflow/example_dags/example_short_circuit_decorator.py
[2022-10-03T12:39:15.644+0000] {processor.py:768} INFO - DAG(s) dict_keys(['example_short_circuit_decorator']) retrieved from /home/airflow/.local/lib/python3.7/site-packages/airflow/example_dags/example_short_circuit_decorator.py
[2022-10-03T12:39:15.754+0000] {logging_mixin.py:117} INFO - [2022-10-03T12:39:15.754+0000] {dag.py:2573} INFO - Sync 1 DAGs
[2022-10-03T12:39:15.825+0000] {logging_mixin.py:117} INFO - [2022-10-03T12:39:15.825+0000] {dag.py:3328} INFO - Setting next_dagrun for example_short_circuit_decorator to 2022-10-02T12:39:15.824932+00:00, run_after=2022-10-03T12:39:15.824932+00:00
[2022-10-03T12:39:15.876+0000] {processor.py:178} INFO - Processing /home/airflow/.local/lib/python3.7/site-packages/airflow/example_dags/example_short_circuit_decorator.py took 0.336 seconds
[2022-10-03T12:39:45.938+0000] {processor.py:156} INFO - Started process (PID=6385) to work on /home/airflow/.local/lib/python3.7/site-packages/airflow/example_dags/example_short_circuit_decorator.py
[2022-10-03T12:39:45.940+0000] {processor.py:758} INFO - Processing file /home/airflow/.local/lib/python3.7/site-packages/airflow/example_dags/example_short_circuit_decorator.py for tasks to queue
[2022-10-03T12:39:45.941+0000] {logging_mixin.py:117} INFO - [2022-10-03T12:39:45.940+0000] {dagbag.py:525} INFO - Filling up the DagBag from /home/airflow/.local/lib/python3.7/site-packages/airflow/example_dags/example_short_circuit_decorator.py
[2022-10-03T12:39:45.975+0000] {processor.py:768} INFO - DAG(s) dict_keys(['example_short_circuit_decorator']) retrieved from /home/airflow/.local/lib/python3.7/site-packages/airflow/example_dags/example_short_circuit_decorator.py
[2022-10-03T12:39:46.028+0000] {logging_mixin.py:117} INFO - [2022-10-03T12:39:46.027+0000] {dag.py:2573} INFO - Sync 1 DAGs
[2022-10-03T12:39:46.059+0000] {logging_mixin.py:117} INFO - [2022-10-03T12:39:46.058+0000] {dag.py:3328} INFO - Setting next_dagrun for example_short_circuit_decorator to 2022-10-02T12:39:46.058535+00:00, run_after=2022-10-03T12:39:46.058535+00:00
[2022-10-03T12:39:46.087+0000] {processor.py:178} INFO - Processing /home/airflow/.local/lib/python3.7/site-packages/airflow/example_dags/example_short_circuit_decorator.py took 0.153 seconds
[2022-10-03T12:40:16.435+0000] {processor.py:156} INFO - Started process (PID=6583) to work on /home/airflow/.local/lib/python3.7/site-packages/airflow/example_dags/example_short_circuit_decorator.py
[2022-10-03T12:40:16.437+0000] {processor.py:758} INFO - Processing file /home/airflow/.local/lib/python3.7/site-packages/airflow/example_dags/example_short_circuit_decorator.py for tasks to queue
[2022-10-03T12:40:16.438+0000] {logging_mixin.py:117} INFO - [2022-10-03T12:40:16.438+0000] {dagbag.py:525} INFO - Filling up the DagBag from /home/airflow/.local/lib/python3.7/site-packages/airflow/example_dags/example_short_circuit_decorator.py
[2022-10-03T12:40:16.465+0000] {processor.py:768} INFO - DAG(s) dict_keys(['example_short_circuit_decorator']) retrieved from /home/airflow/.local/lib/python3.7/site-packages/airflow/example_dags/example_short_circuit_decorator.py
[2022-10-03T12:40:16.518+0000] {logging_mixin.py:117} INFO - [2022-10-03T12:40:16.518+0000] {dag.py:2573} INFO - Sync 1 DAGs
[2022-10-03T12:40:16.557+0000] {logging_mixin.py:117} INFO - [2022-10-03T12:40:16.557+0000] {dag.py:3328} INFO - Setting next_dagrun for example_short_circuit_decorator to 2022-10-02T12:40:16.557357+00:00, run_after=2022-10-03T12:40:16.557357+00:00
[2022-10-03T12:40:16.595+0000] {processor.py:178} INFO - Processing /home/airflow/.local/lib/python3.7/site-packages/airflow/example_dags/example_short_circuit_decorator.py took 0.165 seconds
[2022-10-03T12:40:47.019+0000] {processor.py:156} INFO - Started process (PID=6790) to work on /home/airflow/.local/lib/python3.7/site-packages/airflow/example_dags/example_short_circuit_decorator.py
[2022-10-03T12:40:47.022+0000] {processor.py:758} INFO - Processing file /home/airflow/.local/lib/python3.7/site-packages/airflow/example_dags/example_short_circuit_decorator.py for tasks to queue
[2022-10-03T12:40:47.024+0000] {logging_mixin.py:117} INFO - [2022-10-03T12:40:47.023+0000] {dagbag.py:525} INFO - Filling up the DagBag from /home/airflow/.local/lib/python3.7/site-packages/airflow/example_dags/example_short_circuit_decorator.py
[2022-10-03T12:40:47.094+0000] {processor.py:768} INFO - DAG(s) dict_keys(['example_short_circuit_decorator']) retrieved from /home/airflow/.local/lib/python3.7/site-packages/airflow/example_dags/example_short_circuit_decorator.py
[2022-10-03T12:40:47.202+0000] {logging_mixin.py:117} INFO - [2022-10-03T12:40:47.202+0000] {dag.py:2573} INFO - Sync 1 DAGs
[2022-10-03T12:40:47.270+0000] {logging_mixin.py:117} INFO - [2022-10-03T12:40:47.270+0000] {dag.py:3328} INFO - Setting next_dagrun for example_short_circuit_decorator to 2022-10-02T12:40:47.270053+00:00, run_after=2022-10-03T12:40:47.270053+00:00
[2022-10-03T12:40:47.322+0000] {processor.py:178} INFO - Processing /home/airflow/.local/lib/python3.7/site-packages/airflow/example_dags/example_short_circuit_decorator.py took 0.313 seconds
[2022-10-03T12:41:17.537+0000] {processor.py:156} INFO - Started process (PID=6988) to work on /home/airflow/.local/lib/python3.7/site-packages/airflow/example_dags/example_short_circuit_decorator.py
[2022-10-03T12:41:17.540+0000] {processor.py:758} INFO - Processing file /home/airflow/.local/lib/python3.7/site-packages/airflow/example_dags/example_short_circuit_decorator.py for tasks to queue
[2022-10-03T12:41:17.541+0000] {logging_mixin.py:117} INFO - [2022-10-03T12:41:17.541+0000] {dagbag.py:525} INFO - Filling up the DagBag from /home/airflow/.local/lib/python3.7/site-packages/airflow/example_dags/example_short_circuit_decorator.py
[2022-10-03T12:41:17.599+0000] {processor.py:768} INFO - DAG(s) dict_keys(['example_short_circuit_decorator']) retrieved from /home/airflow/.local/lib/python3.7/site-packages/airflow/example_dags/example_short_circuit_decorator.py
[2022-10-03T12:41:17.698+0000] {logging_mixin.py:117} INFO - [2022-10-03T12:41:17.698+0000] {dag.py:2573} INFO - Sync 1 DAGs
[2022-10-03T12:41:17.763+0000] {logging_mixin.py:117} INFO - [2022-10-03T12:41:17.763+0000] {dag.py:3328} INFO - Setting next_dagrun for example_short_circuit_decorator to 2022-10-02T12:41:17.762531+00:00, run_after=2022-10-03T12:41:17.762531+00:00
[2022-10-03T12:41:17.815+0000] {processor.py:178} INFO - Processing /home/airflow/.local/lib/python3.7/site-packages/airflow/example_dags/example_short_circuit_decorator.py took 0.284 seconds
[2022-10-03T12:41:47.910+0000] {processor.py:156} INFO - Started process (PID=7193) to work on /home/airflow/.local/lib/python3.7/site-packages/airflow/example_dags/example_short_circuit_decorator.py
[2022-10-03T12:41:47.911+0000] {processor.py:758} INFO - Processing file /home/airflow/.local/lib/python3.7/site-packages/airflow/example_dags/example_short_circuit_decorator.py for tasks to queue
[2022-10-03T12:41:47.913+0000] {logging_mixin.py:117} INFO - [2022-10-03T12:41:47.913+0000] {dagbag.py:525} INFO - Filling up the DagBag from /home/airflow/.local/lib/python3.7/site-packages/airflow/example_dags/example_short_circuit_decorator.py
[2022-10-03T12:41:47.973+0000] {processor.py:768} INFO - DAG(s) dict_keys(['example_short_circuit_decorator']) retrieved from /home/airflow/.local/lib/python3.7/site-packages/airflow/example_dags/example_short_circuit_decorator.py
[2022-10-03T12:41:48.042+0000] {logging_mixin.py:117} INFO - [2022-10-03T12:41:48.042+0000] {dag.py:2573} INFO - Sync 1 DAGs
[2022-10-03T12:41:48.075+0000] {logging_mixin.py:117} INFO - [2022-10-03T12:41:48.074+0000] {dag.py:3328} INFO - Setting next_dagrun for example_short_circuit_decorator to 2022-10-02T12:41:48.074702+00:00, run_after=2022-10-03T12:41:48.074702+00:00
[2022-10-03T12:41:48.104+0000] {processor.py:178} INFO - Processing /home/airflow/.local/lib/python3.7/site-packages/airflow/example_dags/example_short_circuit_decorator.py took 0.201 seconds
[2022-10-03T12:42:18.156+0000] {processor.py:156} INFO - Started process (PID=7391) to work on /home/airflow/.local/lib/python3.7/site-packages/airflow/example_dags/example_short_circuit_decorator.py
[2022-10-03T12:42:18.157+0000] {processor.py:758} INFO - Processing file /home/airflow/.local/lib/python3.7/site-packages/airflow/example_dags/example_short_circuit_decorator.py for tasks to queue
[2022-10-03T12:42:18.157+0000] {logging_mixin.py:117} INFO - [2022-10-03T12:42:18.157+0000] {dagbag.py:525} INFO - Filling up the DagBag from /home/airflow/.local/lib/python3.7/site-packages/airflow/example_dags/example_short_circuit_decorator.py
[2022-10-03T12:42:18.184+0000] {processor.py:768} INFO - DAG(s) dict_keys(['example_short_circuit_decorator']) retrieved from /home/airflow/.local/lib/python3.7/site-packages/airflow/example_dags/example_short_circuit_decorator.py
[2022-10-03T12:42:18.227+0000] {logging_mixin.py:117} INFO - [2022-10-03T12:42:18.227+0000] {dag.py:2573} INFO - Sync 1 DAGs
[2022-10-03T12:42:18.258+0000] {logging_mixin.py:117} INFO - [2022-10-03T12:42:18.257+0000] {dag.py:3328} INFO - Setting next_dagrun for example_short_circuit_decorator to 2022-10-02T12:42:18.257655+00:00, run_after=2022-10-03T12:42:18.257655+00:00
[2022-10-03T12:42:18.282+0000] {processor.py:178} INFO - Processing /home/airflow/.local/lib/python3.7/site-packages/airflow/example_dags/example_short_circuit_decorator.py took 0.129 seconds
[2022-10-03T12:42:49.409+0000] {processor.py:156} INFO - Started process (PID=7598) to work on /home/airflow/.local/lib/python3.7/site-packages/airflow/example_dags/example_short_circuit_decorator.py
[2022-10-03T12:42:49.410+0000] {processor.py:758} INFO - Processing file /home/airflow/.local/lib/python3.7/site-packages/airflow/example_dags/example_short_circuit_decorator.py for tasks to queue
[2022-10-03T12:42:49.412+0000] {logging_mixin.py:117} INFO - [2022-10-03T12:42:49.411+0000] {dagbag.py:525} INFO - Filling up the DagBag from /home/airflow/.local/lib/python3.7/site-packages/airflow/example_dags/example_short_circuit_decorator.py
[2022-10-03T12:42:49.471+0000] {processor.py:768} INFO - DAG(s) dict_keys(['example_short_circuit_decorator']) retrieved from /home/airflow/.local/lib/python3.7/site-packages/airflow/example_dags/example_short_circuit_decorator.py
[2022-10-03T12:42:49.581+0000] {logging_mixin.py:117} INFO - [2022-10-03T12:42:49.580+0000] {dag.py:2573} INFO - Sync 1 DAGs
[2022-10-03T12:42:49.652+0000] {logging_mixin.py:117} INFO - [2022-10-03T12:42:49.652+0000] {dag.py:3328} INFO - Setting next_dagrun for example_short_circuit_decorator to 2022-10-02T12:42:49.651705+00:00, run_after=2022-10-03T12:42:49.651705+00:00
[2022-10-03T12:42:49.712+0000] {processor.py:178} INFO - Processing /home/airflow/.local/lib/python3.7/site-packages/airflow/example_dags/example_short_circuit_decorator.py took 0.311 seconds
[2022-10-03T12:43:20.081+0000] {processor.py:156} INFO - Started process (PID=7805) to work on /home/airflow/.local/lib/python3.7/site-packages/airflow/example_dags/example_short_circuit_decorator.py
[2022-10-03T12:43:20.082+0000] {processor.py:758} INFO - Processing file /home/airflow/.local/lib/python3.7/site-packages/airflow/example_dags/example_short_circuit_decorator.py for tasks to queue
[2022-10-03T12:43:20.083+0000] {logging_mixin.py:117} INFO - [2022-10-03T12:43:20.083+0000] {dagbag.py:525} INFO - Filling up the DagBag from /home/airflow/.local/lib/python3.7/site-packages/airflow/example_dags/example_short_circuit_decorator.py
[2022-10-03T12:43:20.108+0000] {processor.py:768} INFO - DAG(s) dict_keys(['example_short_circuit_decorator']) retrieved from /home/airflow/.local/lib/python3.7/site-packages/airflow/example_dags/example_short_circuit_decorator.py
[2022-10-03T12:43:20.152+0000] {logging_mixin.py:117} INFO - [2022-10-03T12:43:20.152+0000] {dag.py:2573} INFO - Sync 1 DAGs
[2022-10-03T12:43:20.180+0000] {logging_mixin.py:117} INFO - [2022-10-03T12:43:20.180+0000] {dag.py:3328} INFO - Setting next_dagrun for example_short_circuit_decorator to 2022-10-02T12:43:20.180438+00:00, run_after=2022-10-03T12:43:20.180438+00:00
[2022-10-03T12:43:20.204+0000] {processor.py:178} INFO - Processing /home/airflow/.local/lib/python3.7/site-packages/airflow/example_dags/example_short_circuit_decorator.py took 0.127 seconds
[2022-10-03T12:43:50.619+0000] {processor.py:156} INFO - Started process (PID=8003) to work on /home/airflow/.local/lib/python3.7/site-packages/airflow/example_dags/example_short_circuit_decorator.py
[2022-10-03T12:43:50.620+0000] {processor.py:758} INFO - Processing file /home/airflow/.local/lib/python3.7/site-packages/airflow/example_dags/example_short_circuit_decorator.py for tasks to queue
[2022-10-03T12:43:50.620+0000] {logging_mixin.py:117} INFO - [2022-10-03T12:43:50.620+0000] {dagbag.py:525} INFO - Filling up the DagBag from /home/airflow/.local/lib/python3.7/site-packages/airflow/example_dags/example_short_circuit_decorator.py
[2022-10-03T12:43:50.649+0000] {processor.py:768} INFO - DAG(s) dict_keys(['example_short_circuit_decorator']) retrieved from /home/airflow/.local/lib/python3.7/site-packages/airflow/example_dags/example_short_circuit_decorator.py
[2022-10-03T12:43:50.690+0000] {logging_mixin.py:117} INFO - [2022-10-03T12:43:50.690+0000] {dag.py:2573} INFO - Sync 1 DAGs
[2022-10-03T12:43:50.720+0000] {logging_mixin.py:117} INFO - [2022-10-03T12:43:50.720+0000] {dag.py:3328} INFO - Setting next_dagrun for example_short_circuit_decorator to 2022-10-02T12:43:50.720062+00:00, run_after=2022-10-03T12:43:50.720062+00:00
[2022-10-03T12:43:50.746+0000] {processor.py:178} INFO - Processing /home/airflow/.local/lib/python3.7/site-packages/airflow/example_dags/example_short_circuit_decorator.py took 0.130 seconds
[2022-10-03T12:44:20.779+0000] {processor.py:156} INFO - Started process (PID=8210) to work on /home/airflow/.local/lib/python3.7/site-packages/airflow/example_dags/example_short_circuit_decorator.py
[2022-10-03T12:44:20.780+0000] {processor.py:758} INFO - Processing file /home/airflow/.local/lib/python3.7/site-packages/airflow/example_dags/example_short_circuit_decorator.py for tasks to queue
[2022-10-03T12:44:20.781+0000] {logging_mixin.py:117} INFO - [2022-10-03T12:44:20.781+0000] {dagbag.py:525} INFO - Filling up the DagBag from /home/airflow/.local/lib/python3.7/site-packages/airflow/example_dags/example_short_circuit_decorator.py
[2022-10-03T12:44:20.807+0000] {processor.py:768} INFO - DAG(s) dict_keys(['example_short_circuit_decorator']) retrieved from /home/airflow/.local/lib/python3.7/site-packages/airflow/example_dags/example_short_circuit_decorator.py
[2022-10-03T12:44:20.850+0000] {logging_mixin.py:117} INFO - [2022-10-03T12:44:20.850+0000] {dag.py:2573} INFO - Sync 1 DAGs
[2022-10-03T12:44:20.878+0000] {logging_mixin.py:117} INFO - [2022-10-03T12:44:20.877+0000] {dag.py:3328} INFO - Setting next_dagrun for example_short_circuit_decorator to 2022-10-02T12:44:20.877521+00:00, run_after=2022-10-03T12:44:20.877521+00:00
[2022-10-03T12:44:20.901+0000] {processor.py:178} INFO - Processing /home/airflow/.local/lib/python3.7/site-packages/airflow/example_dags/example_short_circuit_decorator.py took 0.124 seconds
[2022-10-03T12:44:52.204+0000] {processor.py:156} INFO - Started process (PID=8417) to work on /home/airflow/.local/lib/python3.7/site-packages/airflow/example_dags/example_short_circuit_decorator.py
[2022-10-03T12:44:52.206+0000] {processor.py:758} INFO - Processing file /home/airflow/.local/lib/python3.7/site-packages/airflow/example_dags/example_short_circuit_decorator.py for tasks to queue
[2022-10-03T12:44:52.208+0000] {logging_mixin.py:117} INFO - [2022-10-03T12:44:52.207+0000] {dagbag.py:525} INFO - Filling up the DagBag from /home/airflow/.local/lib/python3.7/site-packages/airflow/example_dags/example_short_circuit_decorator.py
[2022-10-03T12:44:52.276+0000] {processor.py:768} INFO - DAG(s) dict_keys(['example_short_circuit_decorator']) retrieved from /home/airflow/.local/lib/python3.7/site-packages/airflow/example_dags/example_short_circuit_decorator.py
[2022-10-03T12:44:52.328+0000] {logging_mixin.py:117} INFO - [2022-10-03T12:44:52.328+0000] {dag.py:2573} INFO - Sync 1 DAGs
[2022-10-03T12:44:52.362+0000] {logging_mixin.py:117} INFO - [2022-10-03T12:44:52.361+0000] {dag.py:3328} INFO - Setting next_dagrun for example_short_circuit_decorator to 2022-10-02T12:44:52.361496+00:00, run_after=2022-10-03T12:44:52.361496+00:00
[2022-10-03T12:44:52.394+0000] {processor.py:178} INFO - Processing /home/airflow/.local/lib/python3.7/site-packages/airflow/example_dags/example_short_circuit_decorator.py took 0.197 seconds
[2022-10-03T12:45:22.930+0000] {processor.py:156} INFO - Started process (PID=8616) to work on /home/airflow/.local/lib/python3.7/site-packages/airflow/example_dags/example_short_circuit_decorator.py
[2022-10-03T12:45:22.932+0000] {processor.py:758} INFO - Processing file /home/airflow/.local/lib/python3.7/site-packages/airflow/example_dags/example_short_circuit_decorator.py for tasks to queue
[2022-10-03T12:45:22.933+0000] {logging_mixin.py:117} INFO - [2022-10-03T12:45:22.933+0000] {dagbag.py:525} INFO - Filling up the DagBag from /home/airflow/.local/lib/python3.7/site-packages/airflow/example_dags/example_short_circuit_decorator.py
[2022-10-03T12:45:22.969+0000] {processor.py:768} INFO - DAG(s) dict_keys(['example_short_circuit_decorator']) retrieved from /home/airflow/.local/lib/python3.7/site-packages/airflow/example_dags/example_short_circuit_decorator.py
[2022-10-03T12:45:23.019+0000] {logging_mixin.py:117} INFO - [2022-10-03T12:45:23.019+0000] {dag.py:2573} INFO - Sync 1 DAGs
[2022-10-03T12:45:23.050+0000] {logging_mixin.py:117} INFO - [2022-10-03T12:45:23.050+0000] {dag.py:3328} INFO - Setting next_dagrun for example_short_circuit_decorator to 2022-10-02T12:45:23.050142+00:00, run_after=2022-10-03T12:45:23.050142+00:00
[2022-10-03T12:45:23.083+0000] {processor.py:178} INFO - Processing /home/airflow/.local/lib/python3.7/site-packages/airflow/example_dags/example_short_circuit_decorator.py took 0.159 seconds
[2022-10-03T12:45:53.112+0000] {processor.py:156} INFO - Started process (PID=8823) to work on /home/airflow/.local/lib/python3.7/site-packages/airflow/example_dags/example_short_circuit_decorator.py
[2022-10-03T12:45:53.112+0000] {processor.py:758} INFO - Processing file /home/airflow/.local/lib/python3.7/site-packages/airflow/example_dags/example_short_circuit_decorator.py for tasks to queue
[2022-10-03T12:45:53.113+0000] {logging_mixin.py:117} INFO - [2022-10-03T12:45:53.113+0000] {dagbag.py:525} INFO - Filling up the DagBag from /home/airflow/.local/lib/python3.7/site-packages/airflow/example_dags/example_short_circuit_decorator.py
[2022-10-03T12:45:53.141+0000] {processor.py:768} INFO - DAG(s) dict_keys(['example_short_circuit_decorator']) retrieved from /home/airflow/.local/lib/python3.7/site-packages/airflow/example_dags/example_short_circuit_decorator.py
[2022-10-03T12:45:53.184+0000] {logging_mixin.py:117} INFO - [2022-10-03T12:45:53.184+0000] {dag.py:2573} INFO - Sync 1 DAGs
[2022-10-03T12:45:53.215+0000] {logging_mixin.py:117} INFO - [2022-10-03T12:45:53.214+0000] {dag.py:3328} INFO - Setting next_dagrun for example_short_circuit_decorator to 2022-10-02T12:45:53.214517+00:00, run_after=2022-10-03T12:45:53.214517+00:00
[2022-10-03T12:45:53.238+0000] {processor.py:178} INFO - Processing /home/airflow/.local/lib/python3.7/site-packages/airflow/example_dags/example_short_circuit_decorator.py took 0.129 seconds
