[2022-10-03T12:24:21.954+0000] {processor.py:156} INFO - Started process (PID=190) to work on /home/airflow/.local/lib/python3.7/site-packages/airflow/example_dags/example_xcom.py
[2022-10-03T12:24:21.956+0000] {processor.py:758} INFO - Processing file /home/airflow/.local/lib/python3.7/site-packages/airflow/example_dags/example_xcom.py for tasks to queue
[2022-10-03T12:24:21.957+0000] {logging_mixin.py:117} INFO - [2022-10-03T12:24:21.957+0000] {dagbag.py:525} INFO - Filling up the DagBag from /home/airflow/.local/lib/python3.7/site-packages/airflow/example_dags/example_xcom.py
[2022-10-03T12:24:22.029+0000] {processor.py:768} INFO - DAG(s) dict_keys(['example_xcom']) retrieved from /home/airflow/.local/lib/python3.7/site-packages/airflow/example_dags/example_xcom.py
[2022-10-03T12:24:22.122+0000] {logging_mixin.py:117} INFO - [2022-10-03T12:24:22.122+0000] {dag.py:2573} INFO - Sync 1 DAGs
[2022-10-03T12:24:22.180+0000] {logging_mixin.py:117} INFO - [2022-10-03T12:24:22.179+0000] {dag.py:3328} INFO - Setting next_dagrun for example_xcom to 2021-01-01T00:00:00+00:00, run_after=2021-01-01T00:00:00+00:00
[2022-10-03T12:24:22.415+0000] {processor.py:178} INFO - Processing /home/airflow/.local/lib/python3.7/site-packages/airflow/example_dags/example_xcom.py took 0.468 seconds
[2022-10-03T12:24:53.426+0000] {processor.py:156} INFO - Started process (PID=389) to work on /home/airflow/.local/lib/python3.7/site-packages/airflow/example_dags/example_xcom.py
[2022-10-03T12:24:53.427+0000] {processor.py:758} INFO - Processing file /home/airflow/.local/lib/python3.7/site-packages/airflow/example_dags/example_xcom.py for tasks to queue
[2022-10-03T12:24:53.428+0000] {logging_mixin.py:117} INFO - [2022-10-03T12:24:53.428+0000] {dagbag.py:525} INFO - Filling up the DagBag from /home/airflow/.local/lib/python3.7/site-packages/airflow/example_dags/example_xcom.py
[2022-10-03T12:24:53.458+0000] {processor.py:768} INFO - DAG(s) dict_keys(['example_xcom']) retrieved from /home/airflow/.local/lib/python3.7/site-packages/airflow/example_dags/example_xcom.py
[2022-10-03T12:24:53.505+0000] {logging_mixin.py:117} INFO - [2022-10-03T12:24:53.505+0000] {dag.py:2573} INFO - Sync 1 DAGs
[2022-10-03T12:24:53.644+0000] {logging_mixin.py:117} INFO - [2022-10-03T12:24:53.644+0000] {dag.py:3328} INFO - Setting next_dagrun for example_xcom to 2021-01-01T00:00:00+00:00, run_after=2021-01-01T00:00:00+00:00
[2022-10-03T12:24:53.670+0000] {processor.py:178} INFO - Processing /home/airflow/.local/lib/python3.7/site-packages/airflow/example_dags/example_xcom.py took 0.249 seconds
[2022-10-03T12:25:24.010+0000] {processor.py:156} INFO - Started process (PID=598) to work on /home/airflow/.local/lib/python3.7/site-packages/airflow/example_dags/example_xcom.py
[2022-10-03T12:25:24.011+0000] {processor.py:758} INFO - Processing file /home/airflow/.local/lib/python3.7/site-packages/airflow/example_dags/example_xcom.py for tasks to queue
[2022-10-03T12:25:24.012+0000] {logging_mixin.py:117} INFO - [2022-10-03T12:25:24.012+0000] {dagbag.py:525} INFO - Filling up the DagBag from /home/airflow/.local/lib/python3.7/site-packages/airflow/example_dags/example_xcom.py
[2022-10-03T12:25:24.063+0000] {processor.py:768} INFO - DAG(s) dict_keys(['example_xcom']) retrieved from /home/airflow/.local/lib/python3.7/site-packages/airflow/example_dags/example_xcom.py
[2022-10-03T12:25:24.134+0000] {logging_mixin.py:117} INFO - [2022-10-03T12:25:24.133+0000] {dag.py:2573} INFO - Sync 1 DAGs
[2022-10-03T12:25:24.341+0000] {logging_mixin.py:117} INFO - [2022-10-03T12:25:24.341+0000] {dag.py:3328} INFO - Setting next_dagrun for example_xcom to 2021-01-01T00:00:00+00:00, run_after=2021-01-01T00:00:00+00:00
[2022-10-03T12:25:24.374+0000] {processor.py:178} INFO - Processing /home/airflow/.local/lib/python3.7/site-packages/airflow/example_dags/example_xcom.py took 0.372 seconds
[2022-10-03T12:25:55.340+0000] {processor.py:156} INFO - Started process (PID=796) to work on /home/airflow/.local/lib/python3.7/site-packages/airflow/example_dags/example_xcom.py
[2022-10-03T12:25:55.342+0000] {processor.py:758} INFO - Processing file /home/airflow/.local/lib/python3.7/site-packages/airflow/example_dags/example_xcom.py for tasks to queue
[2022-10-03T12:25:55.343+0000] {logging_mixin.py:117} INFO - [2022-10-03T12:25:55.343+0000] {dagbag.py:525} INFO - Filling up the DagBag from /home/airflow/.local/lib/python3.7/site-packages/airflow/example_dags/example_xcom.py
[2022-10-03T12:25:55.388+0000] {processor.py:768} INFO - DAG(s) dict_keys(['example_xcom']) retrieved from /home/airflow/.local/lib/python3.7/site-packages/airflow/example_dags/example_xcom.py
[2022-10-03T12:25:55.602+0000] {logging_mixin.py:117} INFO - [2022-10-03T12:25:55.602+0000] {dag.py:2573} INFO - Sync 1 DAGs
[2022-10-03T12:25:55.632+0000] {logging_mixin.py:117} INFO - [2022-10-03T12:25:55.632+0000] {dag.py:3328} INFO - Setting next_dagrun for example_xcom to 2021-01-01T00:00:00+00:00, run_after=2021-01-01T00:00:00+00:00
[2022-10-03T12:25:55.659+0000] {processor.py:178} INFO - Processing /home/airflow/.local/lib/python3.7/site-packages/airflow/example_dags/example_xcom.py took 0.323 seconds
[2022-10-03T12:26:25.784+0000] {processor.py:156} INFO - Started process (PID=1004) to work on /home/airflow/.local/lib/python3.7/site-packages/airflow/example_dags/example_xcom.py
[2022-10-03T12:26:25.785+0000] {processor.py:758} INFO - Processing file /home/airflow/.local/lib/python3.7/site-packages/airflow/example_dags/example_xcom.py for tasks to queue
[2022-10-03T12:26:25.787+0000] {logging_mixin.py:117} INFO - [2022-10-03T12:26:25.787+0000] {dagbag.py:525} INFO - Filling up the DagBag from /home/airflow/.local/lib/python3.7/site-packages/airflow/example_dags/example_xcom.py
[2022-10-03T12:26:25.857+0000] {processor.py:768} INFO - DAG(s) dict_keys(['example_xcom']) retrieved from /home/airflow/.local/lib/python3.7/site-packages/airflow/example_dags/example_xcom.py
[2022-10-03T12:26:26.195+0000] {logging_mixin.py:117} INFO - [2022-10-03T12:26:26.195+0000] {dag.py:2573} INFO - Sync 1 DAGs
[2022-10-03T12:26:26.267+0000] {logging_mixin.py:117} INFO - [2022-10-03T12:26:26.266+0000] {dag.py:3328} INFO - Setting next_dagrun for example_xcom to 2021-01-01T00:00:00+00:00, run_after=2021-01-01T00:00:00+00:00
[2022-10-03T12:26:26.323+0000] {processor.py:178} INFO - Processing /home/airflow/.local/lib/python3.7/site-packages/airflow/example_dags/example_xcom.py took 0.547 seconds
[2022-10-03T12:26:57.168+0000] {processor.py:156} INFO - Started process (PID=1220) to work on /home/airflow/.local/lib/python3.7/site-packages/airflow/example_dags/example_xcom.py
[2022-10-03T12:26:57.170+0000] {processor.py:758} INFO - Processing file /home/airflow/.local/lib/python3.7/site-packages/airflow/example_dags/example_xcom.py for tasks to queue
[2022-10-03T12:26:57.170+0000] {logging_mixin.py:117} INFO - [2022-10-03T12:26:57.170+0000] {dagbag.py:525} INFO - Filling up the DagBag from /home/airflow/.local/lib/python3.7/site-packages/airflow/example_dags/example_xcom.py
[2022-10-03T12:26:57.325+0000] {processor.py:768} INFO - DAG(s) dict_keys(['example_xcom']) retrieved from /home/airflow/.local/lib/python3.7/site-packages/airflow/example_dags/example_xcom.py
[2022-10-03T12:26:57.368+0000] {logging_mixin.py:117} INFO - [2022-10-03T12:26:57.368+0000] {dag.py:2573} INFO - Sync 1 DAGs
[2022-10-03T12:26:57.400+0000] {logging_mixin.py:117} INFO - [2022-10-03T12:26:57.400+0000] {dag.py:3328} INFO - Setting next_dagrun for example_xcom to 2021-01-01T00:00:00+00:00, run_after=2021-01-01T00:00:00+00:00
[2022-10-03T12:26:57.430+0000] {processor.py:178} INFO - Processing /home/airflow/.local/lib/python3.7/site-packages/airflow/example_dags/example_xcom.py took 0.266 seconds
[2022-10-03T12:27:27.915+0000] {processor.py:156} INFO - Started process (PID=1445) to work on /home/airflow/.local/lib/python3.7/site-packages/airflow/example_dags/example_xcom.py
[2022-10-03T12:27:27.915+0000] {processor.py:758} INFO - Processing file /home/airflow/.local/lib/python3.7/site-packages/airflow/example_dags/example_xcom.py for tasks to queue
[2022-10-03T12:27:27.916+0000] {logging_mixin.py:117} INFO - [2022-10-03T12:27:27.916+0000] {dagbag.py:525} INFO - Filling up the DagBag from /home/airflow/.local/lib/python3.7/site-packages/airflow/example_dags/example_xcom.py
[2022-10-03T12:27:28.053+0000] {processor.py:768} INFO - DAG(s) dict_keys(['example_xcom']) retrieved from /home/airflow/.local/lib/python3.7/site-packages/airflow/example_dags/example_xcom.py
[2022-10-03T12:27:28.091+0000] {logging_mixin.py:117} INFO - [2022-10-03T12:27:28.091+0000] {dag.py:2573} INFO - Sync 1 DAGs
[2022-10-03T12:27:28.115+0000] {logging_mixin.py:117} INFO - [2022-10-03T12:27:28.115+0000] {dag.py:3328} INFO - Setting next_dagrun for example_xcom to 2021-01-01T00:00:00+00:00, run_after=2021-01-01T00:00:00+00:00
[2022-10-03T12:27:28.140+0000] {processor.py:178} INFO - Processing /home/airflow/.local/lib/python3.7/site-packages/airflow/example_dags/example_xcom.py took 0.229 seconds
[2022-10-03T12:27:58.413+0000] {processor.py:156} INFO - Started process (PID=1643) to work on /home/airflow/.local/lib/python3.7/site-packages/airflow/example_dags/example_xcom.py
[2022-10-03T12:27:58.415+0000] {processor.py:758} INFO - Processing file /home/airflow/.local/lib/python3.7/site-packages/airflow/example_dags/example_xcom.py for tasks to queue
[2022-10-03T12:27:58.415+0000] {logging_mixin.py:117} INFO - [2022-10-03T12:27:58.415+0000] {dagbag.py:525} INFO - Filling up the DagBag from /home/airflow/.local/lib/python3.7/site-packages/airflow/example_dags/example_xcom.py
[2022-10-03T12:27:58.444+0000] {processor.py:768} INFO - DAG(s) dict_keys(['example_xcom']) retrieved from /home/airflow/.local/lib/python3.7/site-packages/airflow/example_dags/example_xcom.py
[2022-10-03T12:27:58.504+0000] {logging_mixin.py:117} INFO - [2022-10-03T12:27:58.504+0000] {dag.py:2573} INFO - Sync 1 DAGs
[2022-10-03T12:27:58.540+0000] {logging_mixin.py:117} INFO - [2022-10-03T12:27:58.540+0000] {dag.py:3328} INFO - Setting next_dagrun for example_xcom to 2021-01-01T00:00:00+00:00, run_after=2021-01-01T00:00:00+00:00
[2022-10-03T12:27:58.572+0000] {processor.py:178} INFO - Processing /home/airflow/.local/lib/python3.7/site-packages/airflow/example_dags/example_xcom.py took 0.165 seconds
[2022-10-03T12:28:28.781+0000] {processor.py:156} INFO - Started process (PID=1851) to work on /home/airflow/.local/lib/python3.7/site-packages/airflow/example_dags/example_xcom.py
[2022-10-03T12:28:28.782+0000] {processor.py:758} INFO - Processing file /home/airflow/.local/lib/python3.7/site-packages/airflow/example_dags/example_xcom.py for tasks to queue
[2022-10-03T12:28:28.783+0000] {logging_mixin.py:117} INFO - [2022-10-03T12:28:28.783+0000] {dagbag.py:525} INFO - Filling up the DagBag from /home/airflow/.local/lib/python3.7/site-packages/airflow/example_dags/example_xcom.py
[2022-10-03T12:28:28.812+0000] {processor.py:768} INFO - DAG(s) dict_keys(['example_xcom']) retrieved from /home/airflow/.local/lib/python3.7/site-packages/airflow/example_dags/example_xcom.py
[2022-10-03T12:28:28.861+0000] {logging_mixin.py:117} INFO - [2022-10-03T12:28:28.861+0000] {dag.py:2573} INFO - Sync 1 DAGs
[2022-10-03T12:28:28.894+0000] {logging_mixin.py:117} INFO - [2022-10-03T12:28:28.894+0000] {dag.py:3328} INFO - Setting next_dagrun for example_xcom to 2021-01-01T00:00:00+00:00, run_after=2021-01-01T00:00:00+00:00
[2022-10-03T12:28:28.923+0000] {processor.py:178} INFO - Processing /home/airflow/.local/lib/python3.7/site-packages/airflow/example_dags/example_xcom.py took 0.146 seconds
[2022-10-03T12:28:59.510+0000] {processor.py:156} INFO - Started process (PID=2049) to work on /home/airflow/.local/lib/python3.7/site-packages/airflow/example_dags/example_xcom.py
[2022-10-03T12:28:59.512+0000] {processor.py:758} INFO - Processing file /home/airflow/.local/lib/python3.7/site-packages/airflow/example_dags/example_xcom.py for tasks to queue
[2022-10-03T12:28:59.513+0000] {logging_mixin.py:117} INFO - [2022-10-03T12:28:59.512+0000] {dagbag.py:525} INFO - Filling up the DagBag from /home/airflow/.local/lib/python3.7/site-packages/airflow/example_dags/example_xcom.py
[2022-10-03T12:28:59.553+0000] {processor.py:768} INFO - DAG(s) dict_keys(['example_xcom']) retrieved from /home/airflow/.local/lib/python3.7/site-packages/airflow/example_dags/example_xcom.py
[2022-10-03T12:28:59.607+0000] {logging_mixin.py:117} INFO - [2022-10-03T12:28:59.607+0000] {dag.py:2573} INFO - Sync 1 DAGs
[2022-10-03T12:28:59.639+0000] {logging_mixin.py:117} INFO - [2022-10-03T12:28:59.639+0000] {dag.py:3328} INFO - Setting next_dagrun for example_xcom to 2021-01-01T00:00:00+00:00, run_after=2021-01-01T00:00:00+00:00
[2022-10-03T12:28:59.665+0000] {processor.py:178} INFO - Processing /home/airflow/.local/lib/python3.7/site-packages/airflow/example_dags/example_xcom.py took 0.159 seconds
[2022-10-03T12:29:30.261+0000] {processor.py:156} INFO - Started process (PID=2256) to work on /home/airflow/.local/lib/python3.7/site-packages/airflow/example_dags/example_xcom.py
[2022-10-03T12:29:30.262+0000] {processor.py:758} INFO - Processing file /home/airflow/.local/lib/python3.7/site-packages/airflow/example_dags/example_xcom.py for tasks to queue
[2022-10-03T12:29:30.263+0000] {logging_mixin.py:117} INFO - [2022-10-03T12:29:30.263+0000] {dagbag.py:525} INFO - Filling up the DagBag from /home/airflow/.local/lib/python3.7/site-packages/airflow/example_dags/example_xcom.py
[2022-10-03T12:29:30.293+0000] {processor.py:768} INFO - DAG(s) dict_keys(['example_xcom']) retrieved from /home/airflow/.local/lib/python3.7/site-packages/airflow/example_dags/example_xcom.py
[2022-10-03T12:29:30.356+0000] {logging_mixin.py:117} INFO - [2022-10-03T12:29:30.356+0000] {dag.py:2573} INFO - Sync 1 DAGs
[2022-10-03T12:29:30.401+0000] {logging_mixin.py:117} INFO - [2022-10-03T12:29:30.400+0000] {dag.py:3328} INFO - Setting next_dagrun for example_xcom to 2021-01-01T00:00:00+00:00, run_after=2021-01-01T00:00:00+00:00
[2022-10-03T12:29:30.430+0000] {processor.py:178} INFO - Processing /home/airflow/.local/lib/python3.7/site-packages/airflow/example_dags/example_xcom.py took 0.174 seconds
[2022-10-03T12:30:00.503+0000] {processor.py:156} INFO - Started process (PID=2463) to work on /home/airflow/.local/lib/python3.7/site-packages/airflow/example_dags/example_xcom.py
[2022-10-03T12:30:00.506+0000] {processor.py:758} INFO - Processing file /home/airflow/.local/lib/python3.7/site-packages/airflow/example_dags/example_xcom.py for tasks to queue
[2022-10-03T12:30:00.508+0000] {logging_mixin.py:117} INFO - [2022-10-03T12:30:00.507+0000] {dagbag.py:525} INFO - Filling up the DagBag from /home/airflow/.local/lib/python3.7/site-packages/airflow/example_dags/example_xcom.py
[2022-10-03T12:30:00.582+0000] {processor.py:768} INFO - DAG(s) dict_keys(['example_xcom']) retrieved from /home/airflow/.local/lib/python3.7/site-packages/airflow/example_dags/example_xcom.py
[2022-10-03T12:30:00.684+0000] {logging_mixin.py:117} INFO - [2022-10-03T12:30:00.684+0000] {dag.py:2573} INFO - Sync 1 DAGs
[2022-10-03T12:30:00.749+0000] {logging_mixin.py:117} INFO - [2022-10-03T12:30:00.748+0000] {dag.py:3328} INFO - Setting next_dagrun for example_xcom to 2021-01-01T00:00:00+00:00, run_after=2021-01-01T00:00:00+00:00
[2022-10-03T12:30:00.797+0000] {processor.py:178} INFO - Processing /home/airflow/.local/lib/python3.7/site-packages/airflow/example_dags/example_xcom.py took 0.303 seconds
[2022-10-03T12:30:31.006+0000] {processor.py:156} INFO - Started process (PID=2661) to work on /home/airflow/.local/lib/python3.7/site-packages/airflow/example_dags/example_xcom.py
[2022-10-03T12:30:31.007+0000] {processor.py:758} INFO - Processing file /home/airflow/.local/lib/python3.7/site-packages/airflow/example_dags/example_xcom.py for tasks to queue
[2022-10-03T12:30:31.008+0000] {logging_mixin.py:117} INFO - [2022-10-03T12:30:31.008+0000] {dagbag.py:525} INFO - Filling up the DagBag from /home/airflow/.local/lib/python3.7/site-packages/airflow/example_dags/example_xcom.py
[2022-10-03T12:30:31.037+0000] {processor.py:768} INFO - DAG(s) dict_keys(['example_xcom']) retrieved from /home/airflow/.local/lib/python3.7/site-packages/airflow/example_dags/example_xcom.py
[2022-10-03T12:30:31.086+0000] {logging_mixin.py:117} INFO - [2022-10-03T12:30:31.086+0000] {dag.py:2573} INFO - Sync 1 DAGs
[2022-10-03T12:30:31.116+0000] {logging_mixin.py:117} INFO - [2022-10-03T12:30:31.115+0000] {dag.py:3328} INFO - Setting next_dagrun for example_xcom to 2021-01-01T00:00:00+00:00, run_after=2021-01-01T00:00:00+00:00
[2022-10-03T12:30:31.143+0000] {processor.py:178} INFO - Processing /home/airflow/.local/lib/python3.7/site-packages/airflow/example_dags/example_xcom.py took 0.140 seconds
[2022-10-03T12:31:01.539+0000] {processor.py:156} INFO - Started process (PID=2868) to work on /home/airflow/.local/lib/python3.7/site-packages/airflow/example_dags/example_xcom.py
[2022-10-03T12:31:01.541+0000] {processor.py:758} INFO - Processing file /home/airflow/.local/lib/python3.7/site-packages/airflow/example_dags/example_xcom.py for tasks to queue
[2022-10-03T12:31:01.543+0000] {logging_mixin.py:117} INFO - [2022-10-03T12:31:01.542+0000] {dagbag.py:525} INFO - Filling up the DagBag from /home/airflow/.local/lib/python3.7/site-packages/airflow/example_dags/example_xcom.py
[2022-10-03T12:31:01.585+0000] {processor.py:768} INFO - DAG(s) dict_keys(['example_xcom']) retrieved from /home/airflow/.local/lib/python3.7/site-packages/airflow/example_dags/example_xcom.py
[2022-10-03T12:31:01.658+0000] {logging_mixin.py:117} INFO - [2022-10-03T12:31:01.658+0000] {dag.py:2573} INFO - Sync 1 DAGs
[2022-10-03T12:31:01.701+0000] {logging_mixin.py:117} INFO - [2022-10-03T12:31:01.701+0000] {dag.py:3328} INFO - Setting next_dagrun for example_xcom to 2021-01-01T00:00:00+00:00, run_after=2021-01-01T00:00:00+00:00
[2022-10-03T12:31:01.728+0000] {processor.py:178} INFO - Processing /home/airflow/.local/lib/python3.7/site-packages/airflow/example_dags/example_xcom.py took 0.195 seconds
[2022-10-03T12:31:32.102+0000] {processor.py:156} INFO - Started process (PID=3066) to work on /home/airflow/.local/lib/python3.7/site-packages/airflow/example_dags/example_xcom.py
[2022-10-03T12:31:32.103+0000] {processor.py:758} INFO - Processing file /home/airflow/.local/lib/python3.7/site-packages/airflow/example_dags/example_xcom.py for tasks to queue
[2022-10-03T12:31:32.104+0000] {logging_mixin.py:117} INFO - [2022-10-03T12:31:32.104+0000] {dagbag.py:525} INFO - Filling up the DagBag from /home/airflow/.local/lib/python3.7/site-packages/airflow/example_dags/example_xcom.py
[2022-10-03T12:31:32.132+0000] {processor.py:768} INFO - DAG(s) dict_keys(['example_xcom']) retrieved from /home/airflow/.local/lib/python3.7/site-packages/airflow/example_dags/example_xcom.py
[2022-10-03T12:31:32.179+0000] {logging_mixin.py:117} INFO - [2022-10-03T12:31:32.179+0000] {dag.py:2573} INFO - Sync 1 DAGs
[2022-10-03T12:31:32.208+0000] {logging_mixin.py:117} INFO - [2022-10-03T12:31:32.208+0000] {dag.py:3328} INFO - Setting next_dagrun for example_xcom to 2021-01-01T00:00:00+00:00, run_after=2021-01-01T00:00:00+00:00
[2022-10-03T12:31:32.235+0000] {processor.py:178} INFO - Processing /home/airflow/.local/lib/python3.7/site-packages/airflow/example_dags/example_xcom.py took 0.137 seconds
[2022-10-03T12:32:02.421+0000] {processor.py:156} INFO - Started process (PID=3273) to work on /home/airflow/.local/lib/python3.7/site-packages/airflow/example_dags/example_xcom.py
[2022-10-03T12:32:02.423+0000] {processor.py:758} INFO - Processing file /home/airflow/.local/lib/python3.7/site-packages/airflow/example_dags/example_xcom.py for tasks to queue
[2022-10-03T12:32:02.424+0000] {logging_mixin.py:117} INFO - [2022-10-03T12:32:02.424+0000] {dagbag.py:525} INFO - Filling up the DagBag from /home/airflow/.local/lib/python3.7/site-packages/airflow/example_dags/example_xcom.py
[2022-10-03T12:32:02.453+0000] {processor.py:768} INFO - DAG(s) dict_keys(['example_xcom']) retrieved from /home/airflow/.local/lib/python3.7/site-packages/airflow/example_dags/example_xcom.py
[2022-10-03T12:32:02.504+0000] {logging_mixin.py:117} INFO - [2022-10-03T12:32:02.503+0000] {dag.py:2573} INFO - Sync 1 DAGs
[2022-10-03T12:32:02.533+0000] {logging_mixin.py:117} INFO - [2022-10-03T12:32:02.533+0000] {dag.py:3328} INFO - Setting next_dagrun for example_xcom to 2021-01-01T00:00:00+00:00, run_after=2021-01-01T00:00:00+00:00
[2022-10-03T12:32:02.559+0000] {processor.py:178} INFO - Processing /home/airflow/.local/lib/python3.7/site-packages/airflow/example_dags/example_xcom.py took 0.144 seconds
[2022-10-03T12:32:32.918+0000] {processor.py:156} INFO - Started process (PID=3478) to work on /home/airflow/.local/lib/python3.7/site-packages/airflow/example_dags/example_xcom.py
[2022-10-03T12:32:32.919+0000] {processor.py:758} INFO - Processing file /home/airflow/.local/lib/python3.7/site-packages/airflow/example_dags/example_xcom.py for tasks to queue
[2022-10-03T12:32:32.919+0000] {logging_mixin.py:117} INFO - [2022-10-03T12:32:32.919+0000] {dagbag.py:525} INFO - Filling up the DagBag from /home/airflow/.local/lib/python3.7/site-packages/airflow/example_dags/example_xcom.py
[2022-10-03T12:32:32.956+0000] {processor.py:768} INFO - DAG(s) dict_keys(['example_xcom']) retrieved from /home/airflow/.local/lib/python3.7/site-packages/airflow/example_dags/example_xcom.py
[2022-10-03T12:32:33.009+0000] {logging_mixin.py:117} INFO - [2022-10-03T12:32:33.008+0000] {dag.py:2573} INFO - Sync 1 DAGs
[2022-10-03T12:32:33.040+0000] {logging_mixin.py:117} INFO - [2022-10-03T12:32:33.040+0000] {dag.py:3328} INFO - Setting next_dagrun for example_xcom to 2021-01-01T00:00:00+00:00, run_after=2021-01-01T00:00:00+00:00
[2022-10-03T12:32:33.072+0000] {processor.py:178} INFO - Processing /home/airflow/.local/lib/python3.7/site-packages/airflow/example_dags/example_xcom.py took 0.159 seconds
[2022-10-03T12:33:03.142+0000] {processor.py:156} INFO - Started process (PID=3678) to work on /home/airflow/.local/lib/python3.7/site-packages/airflow/example_dags/example_xcom.py
[2022-10-03T12:33:03.144+0000] {processor.py:758} INFO - Processing file /home/airflow/.local/lib/python3.7/site-packages/airflow/example_dags/example_xcom.py for tasks to queue
[2022-10-03T12:33:03.144+0000] {logging_mixin.py:117} INFO - [2022-10-03T12:33:03.144+0000] {dagbag.py:525} INFO - Filling up the DagBag from /home/airflow/.local/lib/python3.7/site-packages/airflow/example_dags/example_xcom.py
[2022-10-03T12:33:03.171+0000] {processor.py:768} INFO - DAG(s) dict_keys(['example_xcom']) retrieved from /home/airflow/.local/lib/python3.7/site-packages/airflow/example_dags/example_xcom.py
[2022-10-03T12:33:03.218+0000] {logging_mixin.py:117} INFO - [2022-10-03T12:33:03.218+0000] {dag.py:2573} INFO - Sync 1 DAGs
[2022-10-03T12:33:03.249+0000] {logging_mixin.py:117} INFO - [2022-10-03T12:33:03.249+0000] {dag.py:3328} INFO - Setting next_dagrun for example_xcom to 2021-01-01T00:00:00+00:00, run_after=2021-01-01T00:00:00+00:00
[2022-10-03T12:33:03.281+0000] {processor.py:178} INFO - Processing /home/airflow/.local/lib/python3.7/site-packages/airflow/example_dags/example_xcom.py took 0.144 seconds
[2022-10-03T12:33:33.516+0000] {processor.py:156} INFO - Started process (PID=3885) to work on /home/airflow/.local/lib/python3.7/site-packages/airflow/example_dags/example_xcom.py
[2022-10-03T12:33:33.517+0000] {processor.py:758} INFO - Processing file /home/airflow/.local/lib/python3.7/site-packages/airflow/example_dags/example_xcom.py for tasks to queue
[2022-10-03T12:33:33.518+0000] {logging_mixin.py:117} INFO - [2022-10-03T12:33:33.517+0000] {dagbag.py:525} INFO - Filling up the DagBag from /home/airflow/.local/lib/python3.7/site-packages/airflow/example_dags/example_xcom.py
[2022-10-03T12:33:33.545+0000] {processor.py:768} INFO - DAG(s) dict_keys(['example_xcom']) retrieved from /home/airflow/.local/lib/python3.7/site-packages/airflow/example_dags/example_xcom.py
[2022-10-03T12:33:33.596+0000] {logging_mixin.py:117} INFO - [2022-10-03T12:33:33.596+0000] {dag.py:2573} INFO - Sync 1 DAGs
[2022-10-03T12:33:33.629+0000] {logging_mixin.py:117} INFO - [2022-10-03T12:33:33.629+0000] {dag.py:3328} INFO - Setting next_dagrun for example_xcom to 2021-01-01T00:00:00+00:00, run_after=2021-01-01T00:00:00+00:00
[2022-10-03T12:33:33.658+0000] {processor.py:178} INFO - Processing /home/airflow/.local/lib/python3.7/site-packages/airflow/example_dags/example_xcom.py took 0.146 seconds
[2022-10-03T12:34:04.159+0000] {processor.py:156} INFO - Started process (PID=4083) to work on /home/airflow/.local/lib/python3.7/site-packages/airflow/example_dags/example_xcom.py
[2022-10-03T12:34:04.161+0000] {processor.py:758} INFO - Processing file /home/airflow/.local/lib/python3.7/site-packages/airflow/example_dags/example_xcom.py for tasks to queue
[2022-10-03T12:34:04.162+0000] {logging_mixin.py:117} INFO - [2022-10-03T12:34:04.162+0000] {dagbag.py:525} INFO - Filling up the DagBag from /home/airflow/.local/lib/python3.7/site-packages/airflow/example_dags/example_xcom.py
[2022-10-03T12:34:04.189+0000] {processor.py:768} INFO - DAG(s) dict_keys(['example_xcom']) retrieved from /home/airflow/.local/lib/python3.7/site-packages/airflow/example_dags/example_xcom.py
[2022-10-03T12:34:04.238+0000] {logging_mixin.py:117} INFO - [2022-10-03T12:34:04.237+0000] {dag.py:2573} INFO - Sync 1 DAGs
[2022-10-03T12:34:04.266+0000] {logging_mixin.py:117} INFO - [2022-10-03T12:34:04.266+0000] {dag.py:3328} INFO - Setting next_dagrun for example_xcom to 2021-01-01T00:00:00+00:00, run_after=2021-01-01T00:00:00+00:00
[2022-10-03T12:34:04.294+0000] {processor.py:178} INFO - Processing /home/airflow/.local/lib/python3.7/site-packages/airflow/example_dags/example_xcom.py took 0.139 seconds
[2022-10-03T12:34:34.725+0000] {processor.py:156} INFO - Started process (PID=4291) to work on /home/airflow/.local/lib/python3.7/site-packages/airflow/example_dags/example_xcom.py
[2022-10-03T12:34:34.726+0000] {processor.py:758} INFO - Processing file /home/airflow/.local/lib/python3.7/site-packages/airflow/example_dags/example_xcom.py for tasks to queue
[2022-10-03T12:34:34.727+0000] {logging_mixin.py:117} INFO - [2022-10-03T12:34:34.726+0000] {dagbag.py:525} INFO - Filling up the DagBag from /home/airflow/.local/lib/python3.7/site-packages/airflow/example_dags/example_xcom.py
[2022-10-03T12:34:34.752+0000] {processor.py:768} INFO - DAG(s) dict_keys(['example_xcom']) retrieved from /home/airflow/.local/lib/python3.7/site-packages/airflow/example_dags/example_xcom.py
[2022-10-03T12:34:34.798+0000] {logging_mixin.py:117} INFO - [2022-10-03T12:34:34.798+0000] {dag.py:2573} INFO - Sync 1 DAGs
[2022-10-03T12:34:34.830+0000] {logging_mixin.py:117} INFO - [2022-10-03T12:34:34.830+0000] {dag.py:3328} INFO - Setting next_dagrun for example_xcom to 2021-01-01T00:00:00+00:00, run_after=2021-01-01T00:00:00+00:00
[2022-10-03T12:34:34.860+0000] {processor.py:178} INFO - Processing /home/airflow/.local/lib/python3.7/site-packages/airflow/example_dags/example_xcom.py took 0.140 seconds
[2022-10-03T12:35:04.934+0000] {processor.py:156} INFO - Started process (PID=4489) to work on /home/airflow/.local/lib/python3.7/site-packages/airflow/example_dags/example_xcom.py
[2022-10-03T12:35:04.936+0000] {processor.py:758} INFO - Processing file /home/airflow/.local/lib/python3.7/site-packages/airflow/example_dags/example_xcom.py for tasks to queue
[2022-10-03T12:35:04.937+0000] {logging_mixin.py:117} INFO - [2022-10-03T12:35:04.936+0000] {dagbag.py:525} INFO - Filling up the DagBag from /home/airflow/.local/lib/python3.7/site-packages/airflow/example_dags/example_xcom.py
[2022-10-03T12:35:04.966+0000] {processor.py:768} INFO - DAG(s) dict_keys(['example_xcom']) retrieved from /home/airflow/.local/lib/python3.7/site-packages/airflow/example_dags/example_xcom.py
[2022-10-03T12:35:05.021+0000] {logging_mixin.py:117} INFO - [2022-10-03T12:35:05.021+0000] {dag.py:2573} INFO - Sync 1 DAGs
[2022-10-03T12:35:05.055+0000] {logging_mixin.py:117} INFO - [2022-10-03T12:35:05.055+0000] {dag.py:3328} INFO - Setting next_dagrun for example_xcom to 2021-01-01T00:00:00+00:00, run_after=2021-01-01T00:00:00+00:00
[2022-10-03T12:35:05.091+0000] {processor.py:178} INFO - Processing /home/airflow/.local/lib/python3.7/site-packages/airflow/example_dags/example_xcom.py took 0.161 seconds
[2022-10-03T12:35:35.387+0000] {processor.py:156} INFO - Started process (PID=4696) to work on /home/airflow/.local/lib/python3.7/site-packages/airflow/example_dags/example_xcom.py
[2022-10-03T12:35:35.389+0000] {processor.py:758} INFO - Processing file /home/airflow/.local/lib/python3.7/site-packages/airflow/example_dags/example_xcom.py for tasks to queue
[2022-10-03T12:35:35.392+0000] {logging_mixin.py:117} INFO - [2022-10-03T12:35:35.392+0000] {dagbag.py:525} INFO - Filling up the DagBag from /home/airflow/.local/lib/python3.7/site-packages/airflow/example_dags/example_xcom.py
[2022-10-03T12:35:35.482+0000] {processor.py:768} INFO - DAG(s) dict_keys(['example_xcom']) retrieved from /home/airflow/.local/lib/python3.7/site-packages/airflow/example_dags/example_xcom.py
[2022-10-03T12:35:35.638+0000] {logging_mixin.py:117} INFO - [2022-10-03T12:35:35.638+0000] {dag.py:2573} INFO - Sync 1 DAGs
[2022-10-03T12:35:35.749+0000] {logging_mixin.py:117} INFO - [2022-10-03T12:35:35.748+0000] {dag.py:3328} INFO - Setting next_dagrun for example_xcom to 2021-01-01T00:00:00+00:00, run_after=2021-01-01T00:00:00+00:00
[2022-10-03T12:35:35.810+0000] {processor.py:178} INFO - Processing /home/airflow/.local/lib/python3.7/site-packages/airflow/example_dags/example_xcom.py took 0.434 seconds
[2022-10-03T12:36:06.725+0000] {processor.py:156} INFO - Started process (PID=4894) to work on /home/airflow/.local/lib/python3.7/site-packages/airflow/example_dags/example_xcom.py
[2022-10-03T12:36:06.727+0000] {processor.py:758} INFO - Processing file /home/airflow/.local/lib/python3.7/site-packages/airflow/example_dags/example_xcom.py for tasks to queue
[2022-10-03T12:36:06.729+0000] {logging_mixin.py:117} INFO - [2022-10-03T12:36:06.728+0000] {dagbag.py:525} INFO - Filling up the DagBag from /home/airflow/.local/lib/python3.7/site-packages/airflow/example_dags/example_xcom.py
[2022-10-03T12:36:06.781+0000] {processor.py:768} INFO - DAG(s) dict_keys(['example_xcom']) retrieved from /home/airflow/.local/lib/python3.7/site-packages/airflow/example_dags/example_xcom.py
[2022-10-03T12:36:06.835+0000] {logging_mixin.py:117} INFO - [2022-10-03T12:36:06.835+0000] {dag.py:2573} INFO - Sync 1 DAGs
[2022-10-03T12:36:06.865+0000] {logging_mixin.py:117} INFO - [2022-10-03T12:36:06.865+0000] {dag.py:3328} INFO - Setting next_dagrun for example_xcom to 2021-01-01T00:00:00+00:00, run_after=2021-01-01T00:00:00+00:00
[2022-10-03T12:36:06.891+0000] {processor.py:178} INFO - Processing /home/airflow/.local/lib/python3.7/site-packages/airflow/example_dags/example_xcom.py took 0.171 seconds
[2022-10-03T12:36:37.189+0000] {processor.py:156} INFO - Started process (PID=5101) to work on /home/airflow/.local/lib/python3.7/site-packages/airflow/example_dags/example_xcom.py
[2022-10-03T12:36:37.190+0000] {processor.py:758} INFO - Processing file /home/airflow/.local/lib/python3.7/site-packages/airflow/example_dags/example_xcom.py for tasks to queue
[2022-10-03T12:36:37.191+0000] {logging_mixin.py:117} INFO - [2022-10-03T12:36:37.191+0000] {dagbag.py:525} INFO - Filling up the DagBag from /home/airflow/.local/lib/python3.7/site-packages/airflow/example_dags/example_xcom.py
[2022-10-03T12:36:37.218+0000] {processor.py:768} INFO - DAG(s) dict_keys(['example_xcom']) retrieved from /home/airflow/.local/lib/python3.7/site-packages/airflow/example_dags/example_xcom.py
[2022-10-03T12:36:37.265+0000] {logging_mixin.py:117} INFO - [2022-10-03T12:36:37.265+0000] {dag.py:2573} INFO - Sync 1 DAGs
[2022-10-03T12:36:37.294+0000] {logging_mixin.py:117} INFO - [2022-10-03T12:36:37.294+0000] {dag.py:3328} INFO - Setting next_dagrun for example_xcom to 2021-01-01T00:00:00+00:00, run_after=2021-01-01T00:00:00+00:00
[2022-10-03T12:36:37.321+0000] {processor.py:178} INFO - Processing /home/airflow/.local/lib/python3.7/site-packages/airflow/example_dags/example_xcom.py took 0.136 seconds
[2022-10-03T12:37:08.329+0000] {processor.py:156} INFO - Started process (PID=5299) to work on /home/airflow/.local/lib/python3.7/site-packages/airflow/example_dags/example_xcom.py
[2022-10-03T12:37:08.332+0000] {processor.py:758} INFO - Processing file /home/airflow/.local/lib/python3.7/site-packages/airflow/example_dags/example_xcom.py for tasks to queue
[2022-10-03T12:37:08.333+0000] {logging_mixin.py:117} INFO - [2022-10-03T12:37:08.333+0000] {dagbag.py:525} INFO - Filling up the DagBag from /home/airflow/.local/lib/python3.7/site-packages/airflow/example_dags/example_xcom.py
[2022-10-03T12:37:08.360+0000] {processor.py:768} INFO - DAG(s) dict_keys(['example_xcom']) retrieved from /home/airflow/.local/lib/python3.7/site-packages/airflow/example_dags/example_xcom.py
[2022-10-03T12:37:08.407+0000] {logging_mixin.py:117} INFO - [2022-10-03T12:37:08.407+0000] {dag.py:2573} INFO - Sync 1 DAGs
[2022-10-03T12:37:08.437+0000] {logging_mixin.py:117} INFO - [2022-10-03T12:37:08.437+0000] {dag.py:3328} INFO - Setting next_dagrun for example_xcom to 2021-01-01T00:00:00+00:00, run_after=2021-01-01T00:00:00+00:00
[2022-10-03T12:37:08.466+0000] {processor.py:178} INFO - Processing /home/airflow/.local/lib/python3.7/site-packages/airflow/example_dags/example_xcom.py took 0.140 seconds
[2022-10-03T12:37:39.052+0000] {processor.py:156} INFO - Started process (PID=5506) to work on /home/airflow/.local/lib/python3.7/site-packages/airflow/example_dags/example_xcom.py
[2022-10-03T12:37:39.053+0000] {processor.py:758} INFO - Processing file /home/airflow/.local/lib/python3.7/site-packages/airflow/example_dags/example_xcom.py for tasks to queue
[2022-10-03T12:37:39.054+0000] {logging_mixin.py:117} INFO - [2022-10-03T12:37:39.053+0000] {dagbag.py:525} INFO - Filling up the DagBag from /home/airflow/.local/lib/python3.7/site-packages/airflow/example_dags/example_xcom.py
[2022-10-03T12:37:39.081+0000] {processor.py:768} INFO - DAG(s) dict_keys(['example_xcom']) retrieved from /home/airflow/.local/lib/python3.7/site-packages/airflow/example_dags/example_xcom.py
[2022-10-03T12:37:39.166+0000] {logging_mixin.py:117} INFO - [2022-10-03T12:37:39.166+0000] {dag.py:2573} INFO - Sync 1 DAGs
[2022-10-03T12:37:39.198+0000] {logging_mixin.py:117} INFO - [2022-10-03T12:37:39.198+0000] {dag.py:3328} INFO - Setting next_dagrun for example_xcom to 2021-01-01T00:00:00+00:00, run_after=2021-01-01T00:00:00+00:00
[2022-10-03T12:37:39.228+0000] {processor.py:178} INFO - Processing /home/airflow/.local/lib/python3.7/site-packages/airflow/example_dags/example_xcom.py took 0.181 seconds
[2022-10-03T12:38:10.102+0000] {processor.py:156} INFO - Started process (PID=5713) to work on /home/airflow/.local/lib/python3.7/site-packages/airflow/example_dags/example_xcom.py
[2022-10-03T12:38:10.104+0000] {processor.py:758} INFO - Processing file /home/airflow/.local/lib/python3.7/site-packages/airflow/example_dags/example_xcom.py for tasks to queue
[2022-10-03T12:38:10.105+0000] {logging_mixin.py:117} INFO - [2022-10-03T12:38:10.104+0000] {dagbag.py:525} INFO - Filling up the DagBag from /home/airflow/.local/lib/python3.7/site-packages/airflow/example_dags/example_xcom.py
[2022-10-03T12:38:10.130+0000] {processor.py:768} INFO - DAG(s) dict_keys(['example_xcom']) retrieved from /home/airflow/.local/lib/python3.7/site-packages/airflow/example_dags/example_xcom.py
[2022-10-03T12:38:10.179+0000] {logging_mixin.py:117} INFO - [2022-10-03T12:38:10.178+0000] {dag.py:2573} INFO - Sync 1 DAGs
[2022-10-03T12:38:10.209+0000] {logging_mixin.py:117} INFO - [2022-10-03T12:38:10.209+0000] {dag.py:3328} INFO - Setting next_dagrun for example_xcom to 2021-01-01T00:00:00+00:00, run_after=2021-01-01T00:00:00+00:00
[2022-10-03T12:38:10.236+0000] {processor.py:178} INFO - Processing /home/airflow/.local/lib/python3.7/site-packages/airflow/example_dags/example_xcom.py took 0.141 seconds
[2022-10-03T12:38:40.385+0000] {processor.py:156} INFO - Started process (PID=5911) to work on /home/airflow/.local/lib/python3.7/site-packages/airflow/example_dags/example_xcom.py
[2022-10-03T12:38:40.387+0000] {processor.py:758} INFO - Processing file /home/airflow/.local/lib/python3.7/site-packages/airflow/example_dags/example_xcom.py for tasks to queue
[2022-10-03T12:38:40.389+0000] {logging_mixin.py:117} INFO - [2022-10-03T12:38:40.388+0000] {dagbag.py:525} INFO - Filling up the DagBag from /home/airflow/.local/lib/python3.7/site-packages/airflow/example_dags/example_xcom.py
[2022-10-03T12:38:40.459+0000] {processor.py:768} INFO - DAG(s) dict_keys(['example_xcom']) retrieved from /home/airflow/.local/lib/python3.7/site-packages/airflow/example_dags/example_xcom.py
[2022-10-03T12:38:40.586+0000] {logging_mixin.py:117} INFO - [2022-10-03T12:38:40.586+0000] {dag.py:2573} INFO - Sync 1 DAGs
[2022-10-03T12:38:40.662+0000] {logging_mixin.py:117} INFO - [2022-10-03T12:38:40.662+0000] {dag.py:3328} INFO - Setting next_dagrun for example_xcom to 2021-01-01T00:00:00+00:00, run_after=2021-01-01T00:00:00+00:00
[2022-10-03T12:38:40.707+0000] {processor.py:178} INFO - Processing /home/airflow/.local/lib/python3.7/site-packages/airflow/example_dags/example_xcom.py took 0.334 seconds
[2022-10-03T12:39:11.351+0000] {processor.py:156} INFO - Started process (PID=6118) to work on /home/airflow/.local/lib/python3.7/site-packages/airflow/example_dags/example_xcom.py
[2022-10-03T12:39:11.353+0000] {processor.py:758} INFO - Processing file /home/airflow/.local/lib/python3.7/site-packages/airflow/example_dags/example_xcom.py for tasks to queue
[2022-10-03T12:39:11.354+0000] {logging_mixin.py:117} INFO - [2022-10-03T12:39:11.354+0000] {dagbag.py:525} INFO - Filling up the DagBag from /home/airflow/.local/lib/python3.7/site-packages/airflow/example_dags/example_xcom.py
[2022-10-03T12:39:11.384+0000] {processor.py:768} INFO - DAG(s) dict_keys(['example_xcom']) retrieved from /home/airflow/.local/lib/python3.7/site-packages/airflow/example_dags/example_xcom.py
[2022-10-03T12:39:11.441+0000] {logging_mixin.py:117} INFO - [2022-10-03T12:39:11.441+0000] {dag.py:2573} INFO - Sync 1 DAGs
[2022-10-03T12:39:11.474+0000] {logging_mixin.py:117} INFO - [2022-10-03T12:39:11.474+0000] {dag.py:3328} INFO - Setting next_dagrun for example_xcom to 2021-01-01T00:00:00+00:00, run_after=2021-01-01T00:00:00+00:00
[2022-10-03T12:39:11.504+0000] {processor.py:178} INFO - Processing /home/airflow/.local/lib/python3.7/site-packages/airflow/example_dags/example_xcom.py took 0.158 seconds
[2022-10-03T12:39:41.550+0000] {processor.py:156} INFO - Started process (PID=6316) to work on /home/airflow/.local/lib/python3.7/site-packages/airflow/example_dags/example_xcom.py
[2022-10-03T12:39:41.551+0000] {processor.py:758} INFO - Processing file /home/airflow/.local/lib/python3.7/site-packages/airflow/example_dags/example_xcom.py for tasks to queue
[2022-10-03T12:39:41.553+0000] {logging_mixin.py:117} INFO - [2022-10-03T12:39:41.553+0000] {dagbag.py:525} INFO - Filling up the DagBag from /home/airflow/.local/lib/python3.7/site-packages/airflow/example_dags/example_xcom.py
[2022-10-03T12:39:41.612+0000] {processor.py:768} INFO - DAG(s) dict_keys(['example_xcom']) retrieved from /home/airflow/.local/lib/python3.7/site-packages/airflow/example_dags/example_xcom.py
[2022-10-03T12:39:41.711+0000] {logging_mixin.py:117} INFO - [2022-10-03T12:39:41.711+0000] {dag.py:2573} INFO - Sync 1 DAGs
[2022-10-03T12:39:41.792+0000] {logging_mixin.py:117} INFO - [2022-10-03T12:39:41.791+0000] {dag.py:3328} INFO - Setting next_dagrun for example_xcom to 2021-01-01T00:00:00+00:00, run_after=2021-01-01T00:00:00+00:00
[2022-10-03T12:39:41.846+0000] {processor.py:178} INFO - Processing /home/airflow/.local/lib/python3.7/site-packages/airflow/example_dags/example_xcom.py took 0.303 seconds
[2022-10-03T12:40:12.343+0000] {processor.py:156} INFO - Started process (PID=6523) to work on /home/airflow/.local/lib/python3.7/site-packages/airflow/example_dags/example_xcom.py
[2022-10-03T12:40:12.344+0000] {processor.py:758} INFO - Processing file /home/airflow/.local/lib/python3.7/site-packages/airflow/example_dags/example_xcom.py for tasks to queue
[2022-10-03T12:40:12.345+0000] {logging_mixin.py:117} INFO - [2022-10-03T12:40:12.345+0000] {dagbag.py:525} INFO - Filling up the DagBag from /home/airflow/.local/lib/python3.7/site-packages/airflow/example_dags/example_xcom.py
[2022-10-03T12:40:12.375+0000] {processor.py:768} INFO - DAG(s) dict_keys(['example_xcom']) retrieved from /home/airflow/.local/lib/python3.7/site-packages/airflow/example_dags/example_xcom.py
[2022-10-03T12:40:12.426+0000] {logging_mixin.py:117} INFO - [2022-10-03T12:40:12.426+0000] {dag.py:2573} INFO - Sync 1 DAGs
[2022-10-03T12:40:12.456+0000] {logging_mixin.py:117} INFO - [2022-10-03T12:40:12.456+0000] {dag.py:3328} INFO - Setting next_dagrun for example_xcom to 2021-01-01T00:00:00+00:00, run_after=2021-01-01T00:00:00+00:00
[2022-10-03T12:40:12.484+0000] {processor.py:178} INFO - Processing /home/airflow/.local/lib/python3.7/site-packages/airflow/example_dags/example_xcom.py took 0.146 seconds
[2022-10-03T12:40:43.427+0000] {processor.py:156} INFO - Started process (PID=6730) to work on /home/airflow/.local/lib/python3.7/site-packages/airflow/example_dags/example_xcom.py
[2022-10-03T12:40:43.429+0000] {processor.py:758} INFO - Processing file /home/airflow/.local/lib/python3.7/site-packages/airflow/example_dags/example_xcom.py for tasks to queue
[2022-10-03T12:40:43.431+0000] {logging_mixin.py:117} INFO - [2022-10-03T12:40:43.431+0000] {dagbag.py:525} INFO - Filling up the DagBag from /home/airflow/.local/lib/python3.7/site-packages/airflow/example_dags/example_xcom.py
[2022-10-03T12:40:43.521+0000] {processor.py:768} INFO - DAG(s) dict_keys(['example_xcom']) retrieved from /home/airflow/.local/lib/python3.7/site-packages/airflow/example_dags/example_xcom.py
[2022-10-03T12:40:43.629+0000] {logging_mixin.py:117} INFO - [2022-10-03T12:40:43.629+0000] {dag.py:2573} INFO - Sync 1 DAGs
[2022-10-03T12:40:43.702+0000] {logging_mixin.py:117} INFO - [2022-10-03T12:40:43.702+0000] {dag.py:3328} INFO - Setting next_dagrun for example_xcom to 2021-01-01T00:00:00+00:00, run_after=2021-01-01T00:00:00+00:00
[2022-10-03T12:40:43.805+0000] {processor.py:178} INFO - Processing /home/airflow/.local/lib/python3.7/site-packages/airflow/example_dags/example_xcom.py took 0.387 seconds
[2022-10-03T12:41:14.590+0000] {processor.py:156} INFO - Started process (PID=6928) to work on /home/airflow/.local/lib/python3.7/site-packages/airflow/example_dags/example_xcom.py
[2022-10-03T12:41:14.592+0000] {processor.py:758} INFO - Processing file /home/airflow/.local/lib/python3.7/site-packages/airflow/example_dags/example_xcom.py for tasks to queue
[2022-10-03T12:41:14.592+0000] {logging_mixin.py:117} INFO - [2022-10-03T12:41:14.592+0000] {dagbag.py:525} INFO - Filling up the DagBag from /home/airflow/.local/lib/python3.7/site-packages/airflow/example_dags/example_xcom.py
[2022-10-03T12:41:14.619+0000] {processor.py:768} INFO - DAG(s) dict_keys(['example_xcom']) retrieved from /home/airflow/.local/lib/python3.7/site-packages/airflow/example_dags/example_xcom.py
[2022-10-03T12:41:14.674+0000] {logging_mixin.py:117} INFO - [2022-10-03T12:41:14.674+0000] {dag.py:2573} INFO - Sync 1 DAGs
[2022-10-03T12:41:14.706+0000] {logging_mixin.py:117} INFO - [2022-10-03T12:41:14.705+0000] {dag.py:3328} INFO - Setting next_dagrun for example_xcom to 2021-01-01T00:00:00+00:00, run_after=2021-01-01T00:00:00+00:00
[2022-10-03T12:41:14.734+0000] {processor.py:178} INFO - Processing /home/airflow/.local/lib/python3.7/site-packages/airflow/example_dags/example_xcom.py took 0.149 seconds
[2022-10-03T12:41:45.470+0000] {processor.py:156} INFO - Started process (PID=7135) to work on /home/airflow/.local/lib/python3.7/site-packages/airflow/example_dags/example_xcom.py
[2022-10-03T12:41:45.471+0000] {processor.py:758} INFO - Processing file /home/airflow/.local/lib/python3.7/site-packages/airflow/example_dags/example_xcom.py for tasks to queue
[2022-10-03T12:41:45.473+0000] {logging_mixin.py:117} INFO - [2022-10-03T12:41:45.472+0000] {dagbag.py:525} INFO - Filling up the DagBag from /home/airflow/.local/lib/python3.7/site-packages/airflow/example_dags/example_xcom.py
[2022-10-03T12:41:45.549+0000] {processor.py:768} INFO - DAG(s) dict_keys(['example_xcom']) retrieved from /home/airflow/.local/lib/python3.7/site-packages/airflow/example_dags/example_xcom.py
[2022-10-03T12:41:45.656+0000] {logging_mixin.py:117} INFO - [2022-10-03T12:41:45.655+0000] {dag.py:2573} INFO - Sync 1 DAGs
[2022-10-03T12:41:45.720+0000] {logging_mixin.py:117} INFO - [2022-10-03T12:41:45.720+0000] {dag.py:3328} INFO - Setting next_dagrun for example_xcom to 2021-01-01T00:00:00+00:00, run_after=2021-01-01T00:00:00+00:00
[2022-10-03T12:41:45.770+0000] {processor.py:178} INFO - Processing /home/airflow/.local/lib/python3.7/site-packages/airflow/example_dags/example_xcom.py took 0.308 seconds
[2022-10-03T12:42:16.323+0000] {processor.py:156} INFO - Started process (PID=7333) to work on /home/airflow/.local/lib/python3.7/site-packages/airflow/example_dags/example_xcom.py
[2022-10-03T12:42:16.325+0000] {processor.py:758} INFO - Processing file /home/airflow/.local/lib/python3.7/site-packages/airflow/example_dags/example_xcom.py for tasks to queue
[2022-10-03T12:42:16.326+0000] {logging_mixin.py:117} INFO - [2022-10-03T12:42:16.325+0000] {dagbag.py:525} INFO - Filling up the DagBag from /home/airflow/.local/lib/python3.7/site-packages/airflow/example_dags/example_xcom.py
[2022-10-03T12:42:16.351+0000] {processor.py:768} INFO - DAG(s) dict_keys(['example_xcom']) retrieved from /home/airflow/.local/lib/python3.7/site-packages/airflow/example_dags/example_xcom.py
[2022-10-03T12:42:16.394+0000] {logging_mixin.py:117} INFO - [2022-10-03T12:42:16.394+0000] {dag.py:2573} INFO - Sync 1 DAGs
[2022-10-03T12:42:16.422+0000] {logging_mixin.py:117} INFO - [2022-10-03T12:42:16.422+0000] {dag.py:3328} INFO - Setting next_dagrun for example_xcom to 2021-01-01T00:00:00+00:00, run_after=2021-01-01T00:00:00+00:00
[2022-10-03T12:42:16.448+0000] {processor.py:178} INFO - Processing /home/airflow/.local/lib/python3.7/site-packages/airflow/example_dags/example_xcom.py took 0.128 seconds
[2022-10-03T12:42:46.990+0000] {processor.py:156} INFO - Started process (PID=7540) to work on /home/airflow/.local/lib/python3.7/site-packages/airflow/example_dags/example_xcom.py
[2022-10-03T12:42:46.991+0000] {processor.py:758} INFO - Processing file /home/airflow/.local/lib/python3.7/site-packages/airflow/example_dags/example_xcom.py for tasks to queue
[2022-10-03T12:42:46.992+0000] {logging_mixin.py:117} INFO - [2022-10-03T12:42:46.992+0000] {dagbag.py:525} INFO - Filling up the DagBag from /home/airflow/.local/lib/python3.7/site-packages/airflow/example_dags/example_xcom.py
[2022-10-03T12:42:47.024+0000] {processor.py:768} INFO - DAG(s) dict_keys(['example_xcom']) retrieved from /home/airflow/.local/lib/python3.7/site-packages/airflow/example_dags/example_xcom.py
[2022-10-03T12:42:47.075+0000] {logging_mixin.py:117} INFO - [2022-10-03T12:42:47.074+0000] {dag.py:2573} INFO - Sync 1 DAGs
[2022-10-03T12:42:47.104+0000] {logging_mixin.py:117} INFO - [2022-10-03T12:42:47.104+0000] {dag.py:3328} INFO - Setting next_dagrun for example_xcom to 2021-01-01T00:00:00+00:00, run_after=2021-01-01T00:00:00+00:00
[2022-10-03T12:42:47.130+0000] {processor.py:178} INFO - Processing /home/airflow/.local/lib/python3.7/site-packages/airflow/example_dags/example_xcom.py took 0.143 seconds
[2022-10-03T12:43:17.699+0000] {processor.py:156} INFO - Started process (PID=7747) to work on /home/airflow/.local/lib/python3.7/site-packages/airflow/example_dags/example_xcom.py
[2022-10-03T12:43:17.701+0000] {processor.py:758} INFO - Processing file /home/airflow/.local/lib/python3.7/site-packages/airflow/example_dags/example_xcom.py for tasks to queue
[2022-10-03T12:43:17.702+0000] {logging_mixin.py:117} INFO - [2022-10-03T12:43:17.702+0000] {dagbag.py:525} INFO - Filling up the DagBag from /home/airflow/.local/lib/python3.7/site-packages/airflow/example_dags/example_xcom.py
[2022-10-03T12:43:17.760+0000] {processor.py:768} INFO - DAG(s) dict_keys(['example_xcom']) retrieved from /home/airflow/.local/lib/python3.7/site-packages/airflow/example_dags/example_xcom.py
[2022-10-03T12:43:17.865+0000] {logging_mixin.py:117} INFO - [2022-10-03T12:43:17.865+0000] {dag.py:2573} INFO - Sync 1 DAGs
[2022-10-03T12:43:17.924+0000] {logging_mixin.py:117} INFO - [2022-10-03T12:43:17.924+0000] {dag.py:3328} INFO - Setting next_dagrun for example_xcom to 2021-01-01T00:00:00+00:00, run_after=2021-01-01T00:00:00+00:00
[2022-10-03T12:43:17.978+0000] {processor.py:178} INFO - Processing /home/airflow/.local/lib/python3.7/site-packages/airflow/example_dags/example_xcom.py took 0.287 seconds
[2022-10-03T12:43:48.237+0000] {processor.py:156} INFO - Started process (PID=7945) to work on /home/airflow/.local/lib/python3.7/site-packages/airflow/example_dags/example_xcom.py
[2022-10-03T12:43:48.238+0000] {processor.py:758} INFO - Processing file /home/airflow/.local/lib/python3.7/site-packages/airflow/example_dags/example_xcom.py for tasks to queue
[2022-10-03T12:43:48.238+0000] {logging_mixin.py:117} INFO - [2022-10-03T12:43:48.238+0000] {dagbag.py:525} INFO - Filling up the DagBag from /home/airflow/.local/lib/python3.7/site-packages/airflow/example_dags/example_xcom.py
[2022-10-03T12:43:48.266+0000] {processor.py:768} INFO - DAG(s) dict_keys(['example_xcom']) retrieved from /home/airflow/.local/lib/python3.7/site-packages/airflow/example_dags/example_xcom.py
[2022-10-03T12:43:48.313+0000] {logging_mixin.py:117} INFO - [2022-10-03T12:43:48.313+0000] {dag.py:2573} INFO - Sync 1 DAGs
[2022-10-03T12:43:48.348+0000] {logging_mixin.py:117} INFO - [2022-10-03T12:43:48.348+0000] {dag.py:3328} INFO - Setting next_dagrun for example_xcom to 2021-01-01T00:00:00+00:00, run_after=2021-01-01T00:00:00+00:00
[2022-10-03T12:43:48.377+0000] {processor.py:178} INFO - Processing /home/airflow/.local/lib/python3.7/site-packages/airflow/example_dags/example_xcom.py took 0.144 seconds
[2022-10-03T12:44:18.936+0000] {processor.py:156} INFO - Started process (PID=8152) to work on /home/airflow/.local/lib/python3.7/site-packages/airflow/example_dags/example_xcom.py
[2022-10-03T12:44:18.937+0000] {processor.py:758} INFO - Processing file /home/airflow/.local/lib/python3.7/site-packages/airflow/example_dags/example_xcom.py for tasks to queue
[2022-10-03T12:44:18.938+0000] {logging_mixin.py:117} INFO - [2022-10-03T12:44:18.938+0000] {dagbag.py:525} INFO - Filling up the DagBag from /home/airflow/.local/lib/python3.7/site-packages/airflow/example_dags/example_xcom.py
[2022-10-03T12:44:18.962+0000] {processor.py:768} INFO - DAG(s) dict_keys(['example_xcom']) retrieved from /home/airflow/.local/lib/python3.7/site-packages/airflow/example_dags/example_xcom.py
[2022-10-03T12:44:19.005+0000] {logging_mixin.py:117} INFO - [2022-10-03T12:44:19.005+0000] {dag.py:2573} INFO - Sync 1 DAGs
[2022-10-03T12:44:19.033+0000] {logging_mixin.py:117} INFO - [2022-10-03T12:44:19.033+0000] {dag.py:3328} INFO - Setting next_dagrun for example_xcom to 2021-01-01T00:00:00+00:00, run_after=2021-01-01T00:00:00+00:00
[2022-10-03T12:44:19.057+0000] {processor.py:178} INFO - Processing /home/airflow/.local/lib/python3.7/site-packages/airflow/example_dags/example_xcom.py took 0.126 seconds
[2022-10-03T12:44:49.576+0000] {processor.py:156} INFO - Started process (PID=8350) to work on /home/airflow/.local/lib/python3.7/site-packages/airflow/example_dags/example_xcom.py
[2022-10-03T12:44:49.577+0000] {processor.py:758} INFO - Processing file /home/airflow/.local/lib/python3.7/site-packages/airflow/example_dags/example_xcom.py for tasks to queue
[2022-10-03T12:44:49.578+0000] {logging_mixin.py:117} INFO - [2022-10-03T12:44:49.578+0000] {dagbag.py:525} INFO - Filling up the DagBag from /home/airflow/.local/lib/python3.7/site-packages/airflow/example_dags/example_xcom.py
[2022-10-03T12:44:49.606+0000] {processor.py:768} INFO - DAG(s) dict_keys(['example_xcom']) retrieved from /home/airflow/.local/lib/python3.7/site-packages/airflow/example_dags/example_xcom.py
[2022-10-03T12:44:49.652+0000] {logging_mixin.py:117} INFO - [2022-10-03T12:44:49.652+0000] {dag.py:2573} INFO - Sync 1 DAGs
[2022-10-03T12:44:49.689+0000] {logging_mixin.py:117} INFO - [2022-10-03T12:44:49.688+0000] {dag.py:3328} INFO - Setting next_dagrun for example_xcom to 2021-01-01T00:00:00+00:00, run_after=2021-01-01T00:00:00+00:00
[2022-10-03T12:44:49.719+0000] {processor.py:178} INFO - Processing /home/airflow/.local/lib/python3.7/site-packages/airflow/example_dags/example_xcom.py took 0.147 seconds
[2022-10-03T12:45:19.820+0000] {processor.py:156} INFO - Started process (PID=8558) to work on /home/airflow/.local/lib/python3.7/site-packages/airflow/example_dags/example_xcom.py
[2022-10-03T12:45:19.822+0000] {processor.py:758} INFO - Processing file /home/airflow/.local/lib/python3.7/site-packages/airflow/example_dags/example_xcom.py for tasks to queue
[2022-10-03T12:45:19.823+0000] {logging_mixin.py:117} INFO - [2022-10-03T12:45:19.823+0000] {dagbag.py:525} INFO - Filling up the DagBag from /home/airflow/.local/lib/python3.7/site-packages/airflow/example_dags/example_xcom.py
[2022-10-03T12:45:19.851+0000] {processor.py:768} INFO - DAG(s) dict_keys(['example_xcom']) retrieved from /home/airflow/.local/lib/python3.7/site-packages/airflow/example_dags/example_xcom.py
[2022-10-03T12:45:19.896+0000] {logging_mixin.py:117} INFO - [2022-10-03T12:45:19.896+0000] {dag.py:2573} INFO - Sync 1 DAGs
[2022-10-03T12:45:19.925+0000] {logging_mixin.py:117} INFO - [2022-10-03T12:45:19.925+0000] {dag.py:3328} INFO - Setting next_dagrun for example_xcom to 2021-01-01T00:00:00+00:00, run_after=2021-01-01T00:00:00+00:00
[2022-10-03T12:45:19.957+0000] {processor.py:178} INFO - Processing /home/airflow/.local/lib/python3.7/site-packages/airflow/example_dags/example_xcom.py took 0.140 seconds
[2022-10-03T12:45:49.984+0000] {processor.py:156} INFO - Started process (PID=8765) to work on /home/airflow/.local/lib/python3.7/site-packages/airflow/example_dags/example_xcom.py
[2022-10-03T12:45:49.985+0000] {processor.py:758} INFO - Processing file /home/airflow/.local/lib/python3.7/site-packages/airflow/example_dags/example_xcom.py for tasks to queue
[2022-10-03T12:45:49.985+0000] {logging_mixin.py:117} INFO - [2022-10-03T12:45:49.985+0000] {dagbag.py:525} INFO - Filling up the DagBag from /home/airflow/.local/lib/python3.7/site-packages/airflow/example_dags/example_xcom.py
[2022-10-03T12:45:50.016+0000] {processor.py:768} INFO - DAG(s) dict_keys(['example_xcom']) retrieved from /home/airflow/.local/lib/python3.7/site-packages/airflow/example_dags/example_xcom.py
[2022-10-03T12:45:50.057+0000] {logging_mixin.py:117} INFO - [2022-10-03T12:45:50.057+0000] {dag.py:2573} INFO - Sync 1 DAGs
[2022-10-03T12:45:50.089+0000] {logging_mixin.py:117} INFO - [2022-10-03T12:45:50.089+0000] {dag.py:3328} INFO - Setting next_dagrun for example_xcom to 2021-01-01T00:00:00+00:00, run_after=2021-01-01T00:00:00+00:00
[2022-10-03T12:45:50.121+0000] {processor.py:178} INFO - Processing /home/airflow/.local/lib/python3.7/site-packages/airflow/example_dags/example_xcom.py took 0.140 seconds
