[2022-10-03T12:24:21.426+0000] {processor.py:156} INFO - Started process (PID=182) to work on /home/airflow/.local/lib/python3.7/site-packages/airflow/example_dags/example_short_circuit_operator.py
[2022-10-03T12:24:21.428+0000] {processor.py:758} INFO - Processing file /home/airflow/.local/lib/python3.7/site-packages/airflow/example_dags/example_short_circuit_operator.py for tasks to queue
[2022-10-03T12:24:21.429+0000] {logging_mixin.py:117} INFO - [2022-10-03T12:24:21.429+0000] {dagbag.py:525} INFO - Filling up the DagBag from /home/airflow/.local/lib/python3.7/site-packages/airflow/example_dags/example_short_circuit_operator.py
[2022-10-03T12:24:21.531+0000] {processor.py:768} INFO - DAG(s) dict_keys(['example_short_circuit_operator']) retrieved from /home/airflow/.local/lib/python3.7/site-packages/airflow/example_dags/example_short_circuit_operator.py
[2022-10-03T12:24:21.700+0000] {logging_mixin.py:117} INFO - [2022-10-03T12:24:21.699+0000] {dag.py:2573} INFO - Sync 1 DAGs
[2022-10-03T12:24:21.797+0000] {logging_mixin.py:117} INFO - [2022-10-03T12:24:21.796+0000] {dag.py:3328} INFO - Setting next_dagrun for example_short_circuit_operator to 2022-10-02T12:24:21.795931+00:00, run_after=2022-10-03T12:24:21.795931+00:00
[2022-10-03T12:24:21.904+0000] {processor.py:178} INFO - Processing /home/airflow/.local/lib/python3.7/site-packages/airflow/example_dags/example_short_circuit_operator.py took 0.488 seconds
[2022-10-03T12:24:51.990+0000] {processor.py:156} INFO - Started process (PID=382) to work on /home/airflow/.local/lib/python3.7/site-packages/airflow/example_dags/example_short_circuit_operator.py
[2022-10-03T12:24:51.991+0000] {processor.py:758} INFO - Processing file /home/airflow/.local/lib/python3.7/site-packages/airflow/example_dags/example_short_circuit_operator.py for tasks to queue
[2022-10-03T12:24:51.992+0000] {logging_mixin.py:117} INFO - [2022-10-03T12:24:51.992+0000] {dagbag.py:525} INFO - Filling up the DagBag from /home/airflow/.local/lib/python3.7/site-packages/airflow/example_dags/example_short_circuit_operator.py
[2022-10-03T12:24:52.027+0000] {processor.py:768} INFO - DAG(s) dict_keys(['example_short_circuit_operator']) retrieved from /home/airflow/.local/lib/python3.7/site-packages/airflow/example_dags/example_short_circuit_operator.py
[2022-10-03T12:24:52.108+0000] {logging_mixin.py:117} INFO - [2022-10-03T12:24:52.108+0000] {dag.py:2573} INFO - Sync 1 DAGs
[2022-10-03T12:24:52.152+0000] {logging_mixin.py:117} INFO - [2022-10-03T12:24:52.152+0000] {dag.py:3328} INFO - Setting next_dagrun for example_short_circuit_operator to 2022-10-02T12:24:52.152155+00:00, run_after=2022-10-03T12:24:52.152155+00:00
[2022-10-03T12:24:52.389+0000] {processor.py:178} INFO - Processing /home/airflow/.local/lib/python3.7/site-packages/airflow/example_dags/example_short_circuit_operator.py took 0.403 seconds
[2022-10-03T12:25:22.561+0000] {processor.py:156} INFO - Started process (PID=591) to work on /home/airflow/.local/lib/python3.7/site-packages/airflow/example_dags/example_short_circuit_operator.py
[2022-10-03T12:25:22.562+0000] {processor.py:758} INFO - Processing file /home/airflow/.local/lib/python3.7/site-packages/airflow/example_dags/example_short_circuit_operator.py for tasks to queue
[2022-10-03T12:25:22.562+0000] {logging_mixin.py:117} INFO - [2022-10-03T12:25:22.562+0000] {dagbag.py:525} INFO - Filling up the DagBag from /home/airflow/.local/lib/python3.7/site-packages/airflow/example_dags/example_short_circuit_operator.py
[2022-10-03T12:25:22.584+0000] {processor.py:768} INFO - DAG(s) dict_keys(['example_short_circuit_operator']) retrieved from /home/airflow/.local/lib/python3.7/site-packages/airflow/example_dags/example_short_circuit_operator.py
[2022-10-03T12:25:22.650+0000] {logging_mixin.py:117} INFO - [2022-10-03T12:25:22.649+0000] {dag.py:2573} INFO - Sync 1 DAGs
[2022-10-03T12:25:22.909+0000] {logging_mixin.py:117} INFO - [2022-10-03T12:25:22.909+0000] {dag.py:3328} INFO - Setting next_dagrun for example_short_circuit_operator to 2022-10-02T12:25:22.909162+00:00, run_after=2022-10-03T12:25:22.909162+00:00
[2022-10-03T12:25:22.953+0000] {processor.py:178} INFO - Processing /home/airflow/.local/lib/python3.7/site-packages/airflow/example_dags/example_short_circuit_operator.py took 0.395 seconds
[2022-10-03T12:25:53.050+0000] {processor.py:156} INFO - Started process (PID=786) to work on /home/airflow/.local/lib/python3.7/site-packages/airflow/example_dags/example_short_circuit_operator.py
[2022-10-03T12:25:53.051+0000] {processor.py:758} INFO - Processing file /home/airflow/.local/lib/python3.7/site-packages/airflow/example_dags/example_short_circuit_operator.py for tasks to queue
[2022-10-03T12:25:53.052+0000] {logging_mixin.py:117} INFO - [2022-10-03T12:25:53.052+0000] {dagbag.py:525} INFO - Filling up the DagBag from /home/airflow/.local/lib/python3.7/site-packages/airflow/example_dags/example_short_circuit_operator.py
[2022-10-03T12:25:53.071+0000] {processor.py:768} INFO - DAG(s) dict_keys(['example_short_circuit_operator']) retrieved from /home/airflow/.local/lib/python3.7/site-packages/airflow/example_dags/example_short_circuit_operator.py
[2022-10-03T12:25:53.242+0000] {logging_mixin.py:117} INFO - [2022-10-03T12:25:53.242+0000] {dag.py:2573} INFO - Sync 1 DAGs
[2022-10-03T12:25:53.271+0000] {logging_mixin.py:117} INFO - [2022-10-03T12:25:53.271+0000] {dag.py:3328} INFO - Setting next_dagrun for example_short_circuit_operator to 2022-10-02T12:25:53.270806+00:00, run_after=2022-10-03T12:25:53.270806+00:00
[2022-10-03T12:25:53.298+0000] {processor.py:178} INFO - Processing /home/airflow/.local/lib/python3.7/site-packages/airflow/example_dags/example_short_circuit_operator.py took 0.251 seconds
[2022-10-03T12:26:23.401+0000] {processor.py:156} INFO - Started process (PID=988) to work on /home/airflow/.local/lib/python3.7/site-packages/airflow/example_dags/example_short_circuit_operator.py
[2022-10-03T12:26:23.402+0000] {processor.py:758} INFO - Processing file /home/airflow/.local/lib/python3.7/site-packages/airflow/example_dags/example_short_circuit_operator.py for tasks to queue
[2022-10-03T12:26:23.402+0000] {logging_mixin.py:117} INFO - [2022-10-03T12:26:23.402+0000] {dagbag.py:525} INFO - Filling up the DagBag from /home/airflow/.local/lib/python3.7/site-packages/airflow/example_dags/example_short_circuit_operator.py
[2022-10-03T12:26:23.422+0000] {processor.py:768} INFO - DAG(s) dict_keys(['example_short_circuit_operator']) retrieved from /home/airflow/.local/lib/python3.7/site-packages/airflow/example_dags/example_short_circuit_operator.py
[2022-10-03T12:26:23.601+0000] {logging_mixin.py:117} INFO - [2022-10-03T12:26:23.601+0000] {dag.py:2573} INFO - Sync 1 DAGs
[2022-10-03T12:26:23.633+0000] {logging_mixin.py:117} INFO - [2022-10-03T12:26:23.633+0000] {dag.py:3328} INFO - Setting next_dagrun for example_short_circuit_operator to 2022-10-02T12:26:23.633217+00:00, run_after=2022-10-03T12:26:23.633217+00:00
[2022-10-03T12:26:23.659+0000] {processor.py:178} INFO - Processing /home/airflow/.local/lib/python3.7/site-packages/airflow/example_dags/example_short_circuit_operator.py took 0.263 seconds
[2022-10-03T12:26:53.795+0000] {processor.py:156} INFO - Started process (PID=1213) to work on /home/airflow/.local/lib/python3.7/site-packages/airflow/example_dags/example_short_circuit_operator.py
[2022-10-03T12:26:53.798+0000] {processor.py:758} INFO - Processing file /home/airflow/.local/lib/python3.7/site-packages/airflow/example_dags/example_short_circuit_operator.py for tasks to queue
[2022-10-03T12:26:53.800+0000] {logging_mixin.py:117} INFO - [2022-10-03T12:26:53.799+0000] {dagbag.py:525} INFO - Filling up the DagBag from /home/airflow/.local/lib/python3.7/site-packages/airflow/example_dags/example_short_circuit_operator.py
[2022-10-03T12:26:53.840+0000] {processor.py:768} INFO - DAG(s) dict_keys(['example_short_circuit_operator']) retrieved from /home/airflow/.local/lib/python3.7/site-packages/airflow/example_dags/example_short_circuit_operator.py
[2022-10-03T12:26:54.069+0000] {logging_mixin.py:117} INFO - [2022-10-03T12:26:54.069+0000] {dag.py:2573} INFO - Sync 1 DAGs
[2022-10-03T12:26:54.097+0000] {logging_mixin.py:117} INFO - [2022-10-03T12:26:54.097+0000] {dag.py:3328} INFO - Setting next_dagrun for example_short_circuit_operator to 2022-10-02T12:26:54.096955+00:00, run_after=2022-10-03T12:26:54.096955+00:00
[2022-10-03T12:26:54.126+0000] {processor.py:178} INFO - Processing /home/airflow/.local/lib/python3.7/site-packages/airflow/example_dags/example_short_circuit_operator.py took 0.336 seconds
[2022-10-03T12:27:24.592+0000] {processor.py:156} INFO - Started process (PID=1428) to work on /home/airflow/.local/lib/python3.7/site-packages/airflow/example_dags/example_short_circuit_operator.py
[2022-10-03T12:27:24.593+0000] {processor.py:758} INFO - Processing file /home/airflow/.local/lib/python3.7/site-packages/airflow/example_dags/example_short_circuit_operator.py for tasks to queue
[2022-10-03T12:27:24.594+0000] {logging_mixin.py:117} INFO - [2022-10-03T12:27:24.594+0000] {dagbag.py:525} INFO - Filling up the DagBag from /home/airflow/.local/lib/python3.7/site-packages/airflow/example_dags/example_short_circuit_operator.py
[2022-10-03T12:27:24.765+0000] {processor.py:768} INFO - DAG(s) dict_keys(['example_short_circuit_operator']) retrieved from /home/airflow/.local/lib/python3.7/site-packages/airflow/example_dags/example_short_circuit_operator.py
[2022-10-03T12:27:24.810+0000] {logging_mixin.py:117} INFO - [2022-10-03T12:27:24.810+0000] {dag.py:2573} INFO - Sync 1 DAGs
[2022-10-03T12:27:24.840+0000] {logging_mixin.py:117} INFO - [2022-10-03T12:27:24.840+0000] {dag.py:3328} INFO - Setting next_dagrun for example_short_circuit_operator to 2022-10-02T12:27:24.840543+00:00, run_after=2022-10-03T12:27:24.840543+00:00
[2022-10-03T12:27:24.867+0000] {processor.py:178} INFO - Processing /home/airflow/.local/lib/python3.7/site-packages/airflow/example_dags/example_short_circuit_operator.py took 0.278 seconds
[2022-10-03T12:27:55.223+0000] {processor.py:156} INFO - Started process (PID=1636) to work on /home/airflow/.local/lib/python3.7/site-packages/airflow/example_dags/example_short_circuit_operator.py
[2022-10-03T12:27:55.224+0000] {processor.py:758} INFO - Processing file /home/airflow/.local/lib/python3.7/site-packages/airflow/example_dags/example_short_circuit_operator.py for tasks to queue
[2022-10-03T12:27:55.225+0000] {logging_mixin.py:117} INFO - [2022-10-03T12:27:55.225+0000] {dagbag.py:525} INFO - Filling up the DagBag from /home/airflow/.local/lib/python3.7/site-packages/airflow/example_dags/example_short_circuit_operator.py
[2022-10-03T12:27:55.243+0000] {processor.py:768} INFO - DAG(s) dict_keys(['example_short_circuit_operator']) retrieved from /home/airflow/.local/lib/python3.7/site-packages/airflow/example_dags/example_short_circuit_operator.py
[2022-10-03T12:27:55.296+0000] {logging_mixin.py:117} INFO - [2022-10-03T12:27:55.296+0000] {dag.py:2573} INFO - Sync 1 DAGs
[2022-10-03T12:27:55.326+0000] {logging_mixin.py:117} INFO - [2022-10-03T12:27:55.326+0000] {dag.py:3328} INFO - Setting next_dagrun for example_short_circuit_operator to 2022-10-02T12:27:55.326216+00:00, run_after=2022-10-03T12:27:55.326216+00:00
[2022-10-03T12:27:55.362+0000] {processor.py:178} INFO - Processing /home/airflow/.local/lib/python3.7/site-packages/airflow/example_dags/example_short_circuit_operator.py took 0.143 seconds
[2022-10-03T12:28:25.421+0000] {processor.py:156} INFO - Started process (PID=1841) to work on /home/airflow/.local/lib/python3.7/site-packages/airflow/example_dags/example_short_circuit_operator.py
[2022-10-03T12:28:25.424+0000] {processor.py:758} INFO - Processing file /home/airflow/.local/lib/python3.7/site-packages/airflow/example_dags/example_short_circuit_operator.py for tasks to queue
[2022-10-03T12:28:25.426+0000] {logging_mixin.py:117} INFO - [2022-10-03T12:28:25.426+0000] {dagbag.py:525} INFO - Filling up the DagBag from /home/airflow/.local/lib/python3.7/site-packages/airflow/example_dags/example_short_circuit_operator.py
[2022-10-03T12:28:25.477+0000] {processor.py:768} INFO - DAG(s) dict_keys(['example_short_circuit_operator']) retrieved from /home/airflow/.local/lib/python3.7/site-packages/airflow/example_dags/example_short_circuit_operator.py
[2022-10-03T12:28:25.606+0000] {logging_mixin.py:117} INFO - [2022-10-03T12:28:25.606+0000] {dag.py:2573} INFO - Sync 1 DAGs
[2022-10-03T12:28:25.680+0000] {logging_mixin.py:117} INFO - [2022-10-03T12:28:25.680+0000] {dag.py:3328} INFO - Setting next_dagrun for example_short_circuit_operator to 2022-10-02T12:28:25.679932+00:00, run_after=2022-10-03T12:28:25.679932+00:00
[2022-10-03T12:28:25.731+0000] {processor.py:178} INFO - Processing /home/airflow/.local/lib/python3.7/site-packages/airflow/example_dags/example_short_circuit_operator.py took 0.322 seconds
[2022-10-03T12:28:56.338+0000] {processor.py:156} INFO - Started process (PID=2042) to work on /home/airflow/.local/lib/python3.7/site-packages/airflow/example_dags/example_short_circuit_operator.py
[2022-10-03T12:28:56.339+0000] {processor.py:758} INFO - Processing file /home/airflow/.local/lib/python3.7/site-packages/airflow/example_dags/example_short_circuit_operator.py for tasks to queue
[2022-10-03T12:28:56.340+0000] {logging_mixin.py:117} INFO - [2022-10-03T12:28:56.340+0000] {dagbag.py:525} INFO - Filling up the DagBag from /home/airflow/.local/lib/python3.7/site-packages/airflow/example_dags/example_short_circuit_operator.py
[2022-10-03T12:28:56.359+0000] {processor.py:768} INFO - DAG(s) dict_keys(['example_short_circuit_operator']) retrieved from /home/airflow/.local/lib/python3.7/site-packages/airflow/example_dags/example_short_circuit_operator.py
[2022-10-03T12:28:56.406+0000] {logging_mixin.py:117} INFO - [2022-10-03T12:28:56.406+0000] {dag.py:2573} INFO - Sync 1 DAGs
[2022-10-03T12:28:56.436+0000] {logging_mixin.py:117} INFO - [2022-10-03T12:28:56.436+0000] {dag.py:3328} INFO - Setting next_dagrun for example_short_circuit_operator to 2022-10-02T12:28:56.436394+00:00, run_after=2022-10-03T12:28:56.436394+00:00
[2022-10-03T12:28:56.463+0000] {processor.py:178} INFO - Processing /home/airflow/.local/lib/python3.7/site-packages/airflow/example_dags/example_short_circuit_operator.py took 0.128 seconds
[2022-10-03T12:29:27.088+0000] {processor.py:156} INFO - Started process (PID=2249) to work on /home/airflow/.local/lib/python3.7/site-packages/airflow/example_dags/example_short_circuit_operator.py
[2022-10-03T12:29:27.088+0000] {processor.py:758} INFO - Processing file /home/airflow/.local/lib/python3.7/site-packages/airflow/example_dags/example_short_circuit_operator.py for tasks to queue
[2022-10-03T12:29:27.089+0000] {logging_mixin.py:117} INFO - [2022-10-03T12:29:27.089+0000] {dagbag.py:525} INFO - Filling up the DagBag from /home/airflow/.local/lib/python3.7/site-packages/airflow/example_dags/example_short_circuit_operator.py
[2022-10-03T12:29:27.110+0000] {processor.py:768} INFO - DAG(s) dict_keys(['example_short_circuit_operator']) retrieved from /home/airflow/.local/lib/python3.7/site-packages/airflow/example_dags/example_short_circuit_operator.py
[2022-10-03T12:29:27.159+0000] {logging_mixin.py:117} INFO - [2022-10-03T12:29:27.159+0000] {dag.py:2573} INFO - Sync 1 DAGs
[2022-10-03T12:29:27.189+0000] {logging_mixin.py:117} INFO - [2022-10-03T12:29:27.189+0000] {dag.py:3328} INFO - Setting next_dagrun for example_short_circuit_operator to 2022-10-02T12:29:27.189486+00:00, run_after=2022-10-03T12:29:27.189486+00:00
[2022-10-03T12:29:27.218+0000] {processor.py:178} INFO - Processing /home/airflow/.local/lib/python3.7/site-packages/airflow/example_dags/example_short_circuit_operator.py took 0.133 seconds
[2022-10-03T12:29:58.251+0000] {processor.py:156} INFO - Started process (PID=2447) to work on /home/airflow/.local/lib/python3.7/site-packages/airflow/example_dags/example_short_circuit_operator.py
[2022-10-03T12:29:58.252+0000] {processor.py:758} INFO - Processing file /home/airflow/.local/lib/python3.7/site-packages/airflow/example_dags/example_short_circuit_operator.py for tasks to queue
[2022-10-03T12:29:58.254+0000] {logging_mixin.py:117} INFO - [2022-10-03T12:29:58.254+0000] {dagbag.py:525} INFO - Filling up the DagBag from /home/airflow/.local/lib/python3.7/site-packages/airflow/example_dags/example_short_circuit_operator.py
[2022-10-03T12:29:58.277+0000] {processor.py:768} INFO - DAG(s) dict_keys(['example_short_circuit_operator']) retrieved from /home/airflow/.local/lib/python3.7/site-packages/airflow/example_dags/example_short_circuit_operator.py
[2022-10-03T12:29:58.386+0000] {logging_mixin.py:117} INFO - [2022-10-03T12:29:58.386+0000] {dag.py:2573} INFO - Sync 1 DAGs
[2022-10-03T12:29:58.420+0000] {logging_mixin.py:117} INFO - [2022-10-03T12:29:58.420+0000] {dag.py:3328} INFO - Setting next_dagrun for example_short_circuit_operator to 2022-10-02T12:29:58.420122+00:00, run_after=2022-10-03T12:29:58.420122+00:00
[2022-10-03T12:29:58.446+0000] {processor.py:178} INFO - Processing /home/airflow/.local/lib/python3.7/site-packages/airflow/example_dags/example_short_circuit_operator.py took 0.199 seconds
[2022-10-03T12:30:28.814+0000] {processor.py:156} INFO - Started process (PID=2653) to work on /home/airflow/.local/lib/python3.7/site-packages/airflow/example_dags/example_short_circuit_operator.py
[2022-10-03T12:30:28.815+0000] {processor.py:758} INFO - Processing file /home/airflow/.local/lib/python3.7/site-packages/airflow/example_dags/example_short_circuit_operator.py for tasks to queue
[2022-10-03T12:30:28.816+0000] {logging_mixin.py:117} INFO - [2022-10-03T12:30:28.815+0000] {dagbag.py:525} INFO - Filling up the DagBag from /home/airflow/.local/lib/python3.7/site-packages/airflow/example_dags/example_short_circuit_operator.py
[2022-10-03T12:30:28.841+0000] {processor.py:768} INFO - DAG(s) dict_keys(['example_short_circuit_operator']) retrieved from /home/airflow/.local/lib/python3.7/site-packages/airflow/example_dags/example_short_circuit_operator.py
[2022-10-03T12:30:28.900+0000] {logging_mixin.py:117} INFO - [2022-10-03T12:30:28.900+0000] {dag.py:2573} INFO - Sync 1 DAGs
[2022-10-03T12:30:28.938+0000] {logging_mixin.py:117} INFO - [2022-10-03T12:30:28.937+0000] {dag.py:3328} INFO - Setting next_dagrun for example_short_circuit_operator to 2022-10-02T12:30:28.937486+00:00, run_after=2022-10-03T12:30:28.937486+00:00
[2022-10-03T12:30:28.968+0000] {processor.py:178} INFO - Processing /home/airflow/.local/lib/python3.7/site-packages/airflow/example_dags/example_short_circuit_operator.py took 0.158 seconds
[2022-10-03T12:30:59.201+0000] {processor.py:156} INFO - Started process (PID=2860) to work on /home/airflow/.local/lib/python3.7/site-packages/airflow/example_dags/example_short_circuit_operator.py
[2022-10-03T12:30:59.204+0000] {processor.py:758} INFO - Processing file /home/airflow/.local/lib/python3.7/site-packages/airflow/example_dags/example_short_circuit_operator.py for tasks to queue
[2022-10-03T12:30:59.206+0000] {logging_mixin.py:117} INFO - [2022-10-03T12:30:59.206+0000] {dagbag.py:525} INFO - Filling up the DagBag from /home/airflow/.local/lib/python3.7/site-packages/airflow/example_dags/example_short_circuit_operator.py
[2022-10-03T12:30:59.255+0000] {processor.py:768} INFO - DAG(s) dict_keys(['example_short_circuit_operator']) retrieved from /home/airflow/.local/lib/python3.7/site-packages/airflow/example_dags/example_short_circuit_operator.py
[2022-10-03T12:30:59.366+0000] {logging_mixin.py:117} INFO - [2022-10-03T12:30:59.366+0000] {dag.py:2573} INFO - Sync 1 DAGs
[2022-10-03T12:30:59.440+0000] {logging_mixin.py:117} INFO - [2022-10-03T12:30:59.440+0000] {dag.py:3328} INFO - Setting next_dagrun for example_short_circuit_operator to 2022-10-02T12:30:59.439889+00:00, run_after=2022-10-03T12:30:59.439889+00:00
[2022-10-03T12:30:59.492+0000] {processor.py:178} INFO - Processing /home/airflow/.local/lib/python3.7/site-packages/airflow/example_dags/example_short_circuit_operator.py took 0.300 seconds
[2022-10-03T12:31:29.872+0000] {processor.py:156} INFO - Started process (PID=3059) to work on /home/airflow/.local/lib/python3.7/site-packages/airflow/example_dags/example_short_circuit_operator.py
[2022-10-03T12:31:29.873+0000] {processor.py:758} INFO - Processing file /home/airflow/.local/lib/python3.7/site-packages/airflow/example_dags/example_short_circuit_operator.py for tasks to queue
[2022-10-03T12:31:29.875+0000] {logging_mixin.py:117} INFO - [2022-10-03T12:31:29.874+0000] {dagbag.py:525} INFO - Filling up the DagBag from /home/airflow/.local/lib/python3.7/site-packages/airflow/example_dags/example_short_circuit_operator.py
[2022-10-03T12:31:29.916+0000] {processor.py:768} INFO - DAG(s) dict_keys(['example_short_circuit_operator']) retrieved from /home/airflow/.local/lib/python3.7/site-packages/airflow/example_dags/example_short_circuit_operator.py
[2022-10-03T12:31:30.001+0000] {logging_mixin.py:117} INFO - [2022-10-03T12:31:30.001+0000] {dag.py:2573} INFO - Sync 1 DAGs
[2022-10-03T12:31:30.041+0000] {logging_mixin.py:117} INFO - [2022-10-03T12:31:30.041+0000] {dag.py:3328} INFO - Setting next_dagrun for example_short_circuit_operator to 2022-10-02T12:31:30.041229+00:00, run_after=2022-10-03T12:31:30.041229+00:00
[2022-10-03T12:31:30.068+0000] {processor.py:178} INFO - Processing /home/airflow/.local/lib/python3.7/site-packages/airflow/example_dags/example_short_circuit_operator.py took 0.206 seconds
[2022-10-03T12:32:00.218+0000] {processor.py:156} INFO - Started process (PID=3266) to work on /home/airflow/.local/lib/python3.7/site-packages/airflow/example_dags/example_short_circuit_operator.py
[2022-10-03T12:32:00.219+0000] {processor.py:758} INFO - Processing file /home/airflow/.local/lib/python3.7/site-packages/airflow/example_dags/example_short_circuit_operator.py for tasks to queue
[2022-10-03T12:32:00.220+0000] {logging_mixin.py:117} INFO - [2022-10-03T12:32:00.219+0000] {dagbag.py:525} INFO - Filling up the DagBag from /home/airflow/.local/lib/python3.7/site-packages/airflow/example_dags/example_short_circuit_operator.py
[2022-10-03T12:32:00.238+0000] {processor.py:768} INFO - DAG(s) dict_keys(['example_short_circuit_operator']) retrieved from /home/airflow/.local/lib/python3.7/site-packages/airflow/example_dags/example_short_circuit_operator.py
[2022-10-03T12:32:00.296+0000] {logging_mixin.py:117} INFO - [2022-10-03T12:32:00.296+0000] {dag.py:2573} INFO - Sync 1 DAGs
[2022-10-03T12:32:00.338+0000] {logging_mixin.py:117} INFO - [2022-10-03T12:32:00.338+0000] {dag.py:3328} INFO - Setting next_dagrun for example_short_circuit_operator to 2022-10-02T12:32:00.338009+00:00, run_after=2022-10-03T12:32:00.338009+00:00
[2022-10-03T12:32:00.378+0000] {processor.py:178} INFO - Processing /home/airflow/.local/lib/python3.7/site-packages/airflow/example_dags/example_short_circuit_operator.py took 0.163 seconds
[2022-10-03T12:32:30.557+0000] {processor.py:156} INFO - Started process (PID=3464) to work on /home/airflow/.local/lib/python3.7/site-packages/airflow/example_dags/example_short_circuit_operator.py
[2022-10-03T12:32:30.558+0000] {processor.py:758} INFO - Processing file /home/airflow/.local/lib/python3.7/site-packages/airflow/example_dags/example_short_circuit_operator.py for tasks to queue
[2022-10-03T12:32:30.560+0000] {logging_mixin.py:117} INFO - [2022-10-03T12:32:30.560+0000] {dagbag.py:525} INFO - Filling up the DagBag from /home/airflow/.local/lib/python3.7/site-packages/airflow/example_dags/example_short_circuit_operator.py
[2022-10-03T12:32:30.612+0000] {processor.py:768} INFO - DAG(s) dict_keys(['example_short_circuit_operator']) retrieved from /home/airflow/.local/lib/python3.7/site-packages/airflow/example_dags/example_short_circuit_operator.py
[2022-10-03T12:32:30.740+0000] {logging_mixin.py:117} INFO - [2022-10-03T12:32:30.739+0000] {dag.py:2573} INFO - Sync 1 DAGs
[2022-10-03T12:32:30.819+0000] {logging_mixin.py:117} INFO - [2022-10-03T12:32:30.819+0000] {dag.py:3328} INFO - Setting next_dagrun for example_short_circuit_operator to 2022-10-02T12:32:30.818847+00:00, run_after=2022-10-03T12:32:30.818847+00:00
[2022-10-03T12:32:30.873+0000] {processor.py:178} INFO - Processing /home/airflow/.local/lib/python3.7/site-packages/airflow/example_dags/example_short_circuit_operator.py took 0.325 seconds
[2022-10-03T12:33:00.978+0000] {processor.py:156} INFO - Started process (PID=3671) to work on /home/airflow/.local/lib/python3.7/site-packages/airflow/example_dags/example_short_circuit_operator.py
[2022-10-03T12:33:00.978+0000] {processor.py:758} INFO - Processing file /home/airflow/.local/lib/python3.7/site-packages/airflow/example_dags/example_short_circuit_operator.py for tasks to queue
[2022-10-03T12:33:00.979+0000] {logging_mixin.py:117} INFO - [2022-10-03T12:33:00.979+0000] {dagbag.py:525} INFO - Filling up the DagBag from /home/airflow/.local/lib/python3.7/site-packages/airflow/example_dags/example_short_circuit_operator.py
[2022-10-03T12:33:00.997+0000] {processor.py:768} INFO - DAG(s) dict_keys(['example_short_circuit_operator']) retrieved from /home/airflow/.local/lib/python3.7/site-packages/airflow/example_dags/example_short_circuit_operator.py
[2022-10-03T12:33:01.046+0000] {logging_mixin.py:117} INFO - [2022-10-03T12:33:01.046+0000] {dag.py:2573} INFO - Sync 1 DAGs
[2022-10-03T12:33:01.076+0000] {logging_mixin.py:117} INFO - [2022-10-03T12:33:01.075+0000] {dag.py:3328} INFO - Setting next_dagrun for example_short_circuit_operator to 2022-10-02T12:33:01.075411+00:00, run_after=2022-10-03T12:33:01.075411+00:00
[2022-10-03T12:33:01.103+0000] {processor.py:178} INFO - Processing /home/airflow/.local/lib/python3.7/site-packages/airflow/example_dags/example_short_circuit_operator.py took 0.130 seconds
[2022-10-03T12:33:31.190+0000] {processor.py:156} INFO - Started process (PID=3869) to work on /home/airflow/.local/lib/python3.7/site-packages/airflow/example_dags/example_short_circuit_operator.py
[2022-10-03T12:33:31.192+0000] {processor.py:758} INFO - Processing file /home/airflow/.local/lib/python3.7/site-packages/airflow/example_dags/example_short_circuit_operator.py for tasks to queue
[2022-10-03T12:33:31.193+0000] {logging_mixin.py:117} INFO - [2022-10-03T12:33:31.193+0000] {dagbag.py:525} INFO - Filling up the DagBag from /home/airflow/.local/lib/python3.7/site-packages/airflow/example_dags/example_short_circuit_operator.py
[2022-10-03T12:33:31.238+0000] {processor.py:768} INFO - DAG(s) dict_keys(['example_short_circuit_operator']) retrieved from /home/airflow/.local/lib/python3.7/site-packages/airflow/example_dags/example_short_circuit_operator.py
[2022-10-03T12:33:31.342+0000] {logging_mixin.py:117} INFO - [2022-10-03T12:33:31.341+0000] {dag.py:2573} INFO - Sync 1 DAGs
[2022-10-03T12:33:31.420+0000] {logging_mixin.py:117} INFO - [2022-10-03T12:33:31.420+0000] {dag.py:3328} INFO - Setting next_dagrun for example_short_circuit_operator to 2022-10-02T12:33:31.419872+00:00, run_after=2022-10-03T12:33:31.419872+00:00
[2022-10-03T12:33:31.472+0000] {processor.py:178} INFO - Processing /home/airflow/.local/lib/python3.7/site-packages/airflow/example_dags/example_short_circuit_operator.py took 0.288 seconds
[2022-10-03T12:34:01.996+0000] {processor.py:156} INFO - Started process (PID=4076) to work on /home/airflow/.local/lib/python3.7/site-packages/airflow/example_dags/example_short_circuit_operator.py
[2022-10-03T12:34:01.997+0000] {processor.py:758} INFO - Processing file /home/airflow/.local/lib/python3.7/site-packages/airflow/example_dags/example_short_circuit_operator.py for tasks to queue
[2022-10-03T12:34:01.998+0000] {logging_mixin.py:117} INFO - [2022-10-03T12:34:01.998+0000] {dagbag.py:525} INFO - Filling up the DagBag from /home/airflow/.local/lib/python3.7/site-packages/airflow/example_dags/example_short_circuit_operator.py
[2022-10-03T12:34:02.016+0000] {processor.py:768} INFO - DAG(s) dict_keys(['example_short_circuit_operator']) retrieved from /home/airflow/.local/lib/python3.7/site-packages/airflow/example_dags/example_short_circuit_operator.py
[2022-10-03T12:34:02.063+0000] {logging_mixin.py:117} INFO - [2022-10-03T12:34:02.063+0000] {dag.py:2573} INFO - Sync 1 DAGs
[2022-10-03T12:34:02.092+0000] {logging_mixin.py:117} INFO - [2022-10-03T12:34:02.092+0000] {dag.py:3328} INFO - Setting next_dagrun for example_short_circuit_operator to 2022-10-02T12:34:02.091766+00:00, run_after=2022-10-03T12:34:02.091766+00:00
[2022-10-03T12:34:02.121+0000] {processor.py:178} INFO - Processing /home/airflow/.local/lib/python3.7/site-packages/airflow/example_dags/example_short_circuit_operator.py took 0.127 seconds
[2022-10-03T12:34:32.514+0000] {processor.py:156} INFO - Started process (PID=4284) to work on /home/airflow/.local/lib/python3.7/site-packages/airflow/example_dags/example_short_circuit_operator.py
[2022-10-03T12:34:32.515+0000] {processor.py:758} INFO - Processing file /home/airflow/.local/lib/python3.7/site-packages/airflow/example_dags/example_short_circuit_operator.py for tasks to queue
[2022-10-03T12:34:32.516+0000] {logging_mixin.py:117} INFO - [2022-10-03T12:34:32.516+0000] {dagbag.py:525} INFO - Filling up the DagBag from /home/airflow/.local/lib/python3.7/site-packages/airflow/example_dags/example_short_circuit_operator.py
[2022-10-03T12:34:32.541+0000] {processor.py:768} INFO - DAG(s) dict_keys(['example_short_circuit_operator']) retrieved from /home/airflow/.local/lib/python3.7/site-packages/airflow/example_dags/example_short_circuit_operator.py
[2022-10-03T12:34:32.600+0000] {logging_mixin.py:117} INFO - [2022-10-03T12:34:32.599+0000] {dag.py:2573} INFO - Sync 1 DAGs
[2022-10-03T12:34:32.646+0000] {logging_mixin.py:117} INFO - [2022-10-03T12:34:32.646+0000] {dag.py:3328} INFO - Setting next_dagrun for example_short_circuit_operator to 2022-10-02T12:34:32.646272+00:00, run_after=2022-10-03T12:34:32.646272+00:00
[2022-10-03T12:34:32.682+0000] {processor.py:178} INFO - Processing /home/airflow/.local/lib/python3.7/site-packages/airflow/example_dags/example_short_circuit_operator.py took 0.171 seconds
[2022-10-03T12:35:02.772+0000] {processor.py:156} INFO - Started process (PID=4482) to work on /home/airflow/.local/lib/python3.7/site-packages/airflow/example_dags/example_short_circuit_operator.py
[2022-10-03T12:35:02.773+0000] {processor.py:758} INFO - Processing file /home/airflow/.local/lib/python3.7/site-packages/airflow/example_dags/example_short_circuit_operator.py for tasks to queue
[2022-10-03T12:35:02.774+0000] {logging_mixin.py:117} INFO - [2022-10-03T12:35:02.774+0000] {dagbag.py:525} INFO - Filling up the DagBag from /home/airflow/.local/lib/python3.7/site-packages/airflow/example_dags/example_short_circuit_operator.py
[2022-10-03T12:35:02.792+0000] {processor.py:768} INFO - DAG(s) dict_keys(['example_short_circuit_operator']) retrieved from /home/airflow/.local/lib/python3.7/site-packages/airflow/example_dags/example_short_circuit_operator.py
[2022-10-03T12:35:02.840+0000] {logging_mixin.py:117} INFO - [2022-10-03T12:35:02.840+0000] {dag.py:2573} INFO - Sync 1 DAGs
[2022-10-03T12:35:02.870+0000] {logging_mixin.py:117} INFO - [2022-10-03T12:35:02.870+0000] {dag.py:3328} INFO - Setting next_dagrun for example_short_circuit_operator to 2022-10-02T12:35:02.870371+00:00, run_after=2022-10-03T12:35:02.870371+00:00
[2022-10-03T12:35:02.898+0000] {processor.py:178} INFO - Processing /home/airflow/.local/lib/python3.7/site-packages/airflow/example_dags/example_short_circuit_operator.py took 0.129 seconds
[2022-10-03T12:35:33.092+0000] {processor.py:156} INFO - Started process (PID=4680) to work on /home/airflow/.local/lib/python3.7/site-packages/airflow/example_dags/example_short_circuit_operator.py
[2022-10-03T12:35:33.093+0000] {processor.py:758} INFO - Processing file /home/airflow/.local/lib/python3.7/site-packages/airflow/example_dags/example_short_circuit_operator.py for tasks to queue
[2022-10-03T12:35:33.095+0000] {logging_mixin.py:117} INFO - [2022-10-03T12:35:33.094+0000] {dagbag.py:525} INFO - Filling up the DagBag from /home/airflow/.local/lib/python3.7/site-packages/airflow/example_dags/example_short_circuit_operator.py
[2022-10-03T12:35:33.133+0000] {processor.py:768} INFO - DAG(s) dict_keys(['example_short_circuit_operator']) retrieved from /home/airflow/.local/lib/python3.7/site-packages/airflow/example_dags/example_short_circuit_operator.py
[2022-10-03T12:35:33.230+0000] {logging_mixin.py:117} INFO - [2022-10-03T12:35:33.229+0000] {dag.py:2573} INFO - Sync 1 DAGs
[2022-10-03T12:35:33.291+0000] {logging_mixin.py:117} INFO - [2022-10-03T12:35:33.291+0000] {dag.py:3328} INFO - Setting next_dagrun for example_short_circuit_operator to 2022-10-02T12:35:33.291345+00:00, run_after=2022-10-03T12:35:33.291345+00:00
[2022-10-03T12:35:33.317+0000] {processor.py:178} INFO - Processing /home/airflow/.local/lib/python3.7/site-packages/airflow/example_dags/example_short_circuit_operator.py took 0.231 seconds
[2022-10-03T12:36:03.554+0000] {processor.py:156} INFO - Started process (PID=4887) to work on /home/airflow/.local/lib/python3.7/site-packages/airflow/example_dags/example_short_circuit_operator.py
[2022-10-03T12:36:03.555+0000] {processor.py:758} INFO - Processing file /home/airflow/.local/lib/python3.7/site-packages/airflow/example_dags/example_short_circuit_operator.py for tasks to queue
[2022-10-03T12:36:03.556+0000] {logging_mixin.py:117} INFO - [2022-10-03T12:36:03.555+0000] {dagbag.py:525} INFO - Filling up the DagBag from /home/airflow/.local/lib/python3.7/site-packages/airflow/example_dags/example_short_circuit_operator.py
[2022-10-03T12:36:03.573+0000] {processor.py:768} INFO - DAG(s) dict_keys(['example_short_circuit_operator']) retrieved from /home/airflow/.local/lib/python3.7/site-packages/airflow/example_dags/example_short_circuit_operator.py
[2022-10-03T12:36:03.621+0000] {logging_mixin.py:117} INFO - [2022-10-03T12:36:03.621+0000] {dag.py:2573} INFO - Sync 1 DAGs
[2022-10-03T12:36:03.651+0000] {logging_mixin.py:117} INFO - [2022-10-03T12:36:03.651+0000] {dag.py:3328} INFO - Setting next_dagrun for example_short_circuit_operator to 2022-10-02T12:36:03.651459+00:00, run_after=2022-10-03T12:36:03.651459+00:00
[2022-10-03T12:36:03.677+0000] {processor.py:178} INFO - Processing /home/airflow/.local/lib/python3.7/site-packages/airflow/example_dags/example_short_circuit_operator.py took 0.126 seconds
[2022-10-03T12:36:33.996+0000] {processor.py:156} INFO - Started process (PID=5092) to work on /home/airflow/.local/lib/python3.7/site-packages/airflow/example_dags/example_short_circuit_operator.py
[2022-10-03T12:36:33.997+0000] {processor.py:758} INFO - Processing file /home/airflow/.local/lib/python3.7/site-packages/airflow/example_dags/example_short_circuit_operator.py for tasks to queue
[2022-10-03T12:36:33.997+0000] {logging_mixin.py:117} INFO - [2022-10-03T12:36:33.997+0000] {dagbag.py:525} INFO - Filling up the DagBag from /home/airflow/.local/lib/python3.7/site-packages/airflow/example_dags/example_short_circuit_operator.py
[2022-10-03T12:36:34.016+0000] {processor.py:768} INFO - DAG(s) dict_keys(['example_short_circuit_operator']) retrieved from /home/airflow/.local/lib/python3.7/site-packages/airflow/example_dags/example_short_circuit_operator.py
[2022-10-03T12:36:34.073+0000] {logging_mixin.py:117} INFO - [2022-10-03T12:36:34.073+0000] {dag.py:2573} INFO - Sync 1 DAGs
[2022-10-03T12:36:34.115+0000] {logging_mixin.py:117} INFO - [2022-10-03T12:36:34.115+0000] {dag.py:3328} INFO - Setting next_dagrun for example_short_circuit_operator to 2022-10-02T12:36:34.115428+00:00, run_after=2022-10-03T12:36:34.115428+00:00
[2022-10-03T12:36:34.145+0000] {processor.py:178} INFO - Processing /home/airflow/.local/lib/python3.7/site-packages/airflow/example_dags/example_short_circuit_operator.py took 0.153 seconds
[2022-10-03T12:37:04.978+0000] {processor.py:156} INFO - Started process (PID=5292) to work on /home/airflow/.local/lib/python3.7/site-packages/airflow/example_dags/example_short_circuit_operator.py
[2022-10-03T12:37:04.980+0000] {processor.py:758} INFO - Processing file /home/airflow/.local/lib/python3.7/site-packages/airflow/example_dags/example_short_circuit_operator.py for tasks to queue
[2022-10-03T12:37:04.982+0000] {logging_mixin.py:117} INFO - [2022-10-03T12:37:04.982+0000] {dagbag.py:525} INFO - Filling up the DagBag from /home/airflow/.local/lib/python3.7/site-packages/airflow/example_dags/example_short_circuit_operator.py
[2022-10-03T12:37:05.021+0000] {processor.py:768} INFO - DAG(s) dict_keys(['example_short_circuit_operator']) retrieved from /home/airflow/.local/lib/python3.7/site-packages/airflow/example_dags/example_short_circuit_operator.py
[2022-10-03T12:37:05.133+0000] {logging_mixin.py:117} INFO - [2022-10-03T12:37:05.132+0000] {dag.py:2573} INFO - Sync 1 DAGs
[2022-10-03T12:37:05.211+0000] {logging_mixin.py:117} INFO - [2022-10-03T12:37:05.210+0000] {dag.py:3328} INFO - Setting next_dagrun for example_short_circuit_operator to 2022-10-02T12:37:05.210177+00:00, run_after=2022-10-03T12:37:05.210177+00:00
[2022-10-03T12:37:05.268+0000] {processor.py:178} INFO - Processing /home/airflow/.local/lib/python3.7/site-packages/airflow/example_dags/example_short_circuit_operator.py took 0.297 seconds
[2022-10-03T12:37:35.882+0000] {processor.py:156} INFO - Started process (PID=5499) to work on /home/airflow/.local/lib/python3.7/site-packages/airflow/example_dags/example_short_circuit_operator.py
[2022-10-03T12:37:35.882+0000] {processor.py:758} INFO - Processing file /home/airflow/.local/lib/python3.7/site-packages/airflow/example_dags/example_short_circuit_operator.py for tasks to queue
[2022-10-03T12:37:35.883+0000] {logging_mixin.py:117} INFO - [2022-10-03T12:37:35.883+0000] {dagbag.py:525} INFO - Filling up the DagBag from /home/airflow/.local/lib/python3.7/site-packages/airflow/example_dags/example_short_circuit_operator.py
[2022-10-03T12:37:35.900+0000] {processor.py:768} INFO - DAG(s) dict_keys(['example_short_circuit_operator']) retrieved from /home/airflow/.local/lib/python3.7/site-packages/airflow/example_dags/example_short_circuit_operator.py
[2022-10-03T12:37:35.948+0000] {logging_mixin.py:117} INFO - [2022-10-03T12:37:35.948+0000] {dag.py:2573} INFO - Sync 1 DAGs
[2022-10-03T12:37:35.978+0000] {logging_mixin.py:117} INFO - [2022-10-03T12:37:35.978+0000] {dag.py:3328} INFO - Setting next_dagrun for example_short_circuit_operator to 2022-10-02T12:37:35.978505+00:00, run_after=2022-10-03T12:37:35.978505+00:00
[2022-10-03T12:37:36.006+0000] {processor.py:178} INFO - Processing /home/airflow/.local/lib/python3.7/site-packages/airflow/example_dags/example_short_circuit_operator.py took 0.128 seconds
[2022-10-03T12:38:06.936+0000] {processor.py:156} INFO - Started process (PID=5697) to work on /home/airflow/.local/lib/python3.7/site-packages/airflow/example_dags/example_short_circuit_operator.py
[2022-10-03T12:38:06.937+0000] {processor.py:758} INFO - Processing file /home/airflow/.local/lib/python3.7/site-packages/airflow/example_dags/example_short_circuit_operator.py for tasks to queue
[2022-10-03T12:38:06.937+0000] {logging_mixin.py:117} INFO - [2022-10-03T12:38:06.937+0000] {dagbag.py:525} INFO - Filling up the DagBag from /home/airflow/.local/lib/python3.7/site-packages/airflow/example_dags/example_short_circuit_operator.py
[2022-10-03T12:38:06.955+0000] {processor.py:768} INFO - DAG(s) dict_keys(['example_short_circuit_operator']) retrieved from /home/airflow/.local/lib/python3.7/site-packages/airflow/example_dags/example_short_circuit_operator.py
[2022-10-03T12:38:07.002+0000] {logging_mixin.py:117} INFO - [2022-10-03T12:38:07.002+0000] {dag.py:2573} INFO - Sync 1 DAGs
[2022-10-03T12:38:07.031+0000] {logging_mixin.py:117} INFO - [2022-10-03T12:38:07.031+0000] {dag.py:3328} INFO - Setting next_dagrun for example_short_circuit_operator to 2022-10-02T12:38:07.031097+00:00, run_after=2022-10-03T12:38:07.031097+00:00
[2022-10-03T12:38:07.059+0000] {processor.py:178} INFO - Processing /home/airflow/.local/lib/python3.7/site-packages/airflow/example_dags/example_short_circuit_operator.py took 0.127 seconds
[2022-10-03T12:38:37.187+0000] {processor.py:156} INFO - Started process (PID=5904) to work on /home/airflow/.local/lib/python3.7/site-packages/airflow/example_dags/example_short_circuit_operator.py
[2022-10-03T12:38:37.188+0000] {processor.py:758} INFO - Processing file /home/airflow/.local/lib/python3.7/site-packages/airflow/example_dags/example_short_circuit_operator.py for tasks to queue
[2022-10-03T12:38:37.189+0000] {logging_mixin.py:117} INFO - [2022-10-03T12:38:37.188+0000] {dagbag.py:525} INFO - Filling up the DagBag from /home/airflow/.local/lib/python3.7/site-packages/airflow/example_dags/example_short_circuit_operator.py
[2022-10-03T12:38:37.213+0000] {processor.py:768} INFO - DAG(s) dict_keys(['example_short_circuit_operator']) retrieved from /home/airflow/.local/lib/python3.7/site-packages/airflow/example_dags/example_short_circuit_operator.py
[2022-10-03T12:38:37.267+0000] {logging_mixin.py:117} INFO - [2022-10-03T12:38:37.267+0000] {dag.py:2573} INFO - Sync 1 DAGs
[2022-10-03T12:38:37.296+0000] {logging_mixin.py:117} INFO - [2022-10-03T12:38:37.295+0000] {dag.py:3328} INFO - Setting next_dagrun for example_short_circuit_operator to 2022-10-02T12:38:37.295686+00:00, run_after=2022-10-03T12:38:37.295686+00:00
[2022-10-03T12:38:37.322+0000] {processor.py:178} INFO - Processing /home/airflow/.local/lib/python3.7/site-packages/airflow/example_dags/example_short_circuit_operator.py took 0.138 seconds
[2022-10-03T12:39:08.167+0000] {processor.py:156} INFO - Started process (PID=6111) to work on /home/airflow/.local/lib/python3.7/site-packages/airflow/example_dags/example_short_circuit_operator.py
[2022-10-03T12:39:08.168+0000] {processor.py:758} INFO - Processing file /home/airflow/.local/lib/python3.7/site-packages/airflow/example_dags/example_short_circuit_operator.py for tasks to queue
[2022-10-03T12:39:08.169+0000] {logging_mixin.py:117} INFO - [2022-10-03T12:39:08.169+0000] {dagbag.py:525} INFO - Filling up the DagBag from /home/airflow/.local/lib/python3.7/site-packages/airflow/example_dags/example_short_circuit_operator.py
[2022-10-03T12:39:08.190+0000] {processor.py:768} INFO - DAG(s) dict_keys(['example_short_circuit_operator']) retrieved from /home/airflow/.local/lib/python3.7/site-packages/airflow/example_dags/example_short_circuit_operator.py
[2022-10-03T12:39:08.244+0000] {logging_mixin.py:117} INFO - [2022-10-03T12:39:08.244+0000] {dag.py:2573} INFO - Sync 1 DAGs
[2022-10-03T12:39:08.278+0000] {logging_mixin.py:117} INFO - [2022-10-03T12:39:08.278+0000] {dag.py:3328} INFO - Setting next_dagrun for example_short_circuit_operator to 2022-10-02T12:39:08.278122+00:00, run_after=2022-10-03T12:39:08.278122+00:00
[2022-10-03T12:39:08.307+0000] {processor.py:178} INFO - Processing /home/airflow/.local/lib/python3.7/site-packages/airflow/example_dags/example_short_circuit_operator.py took 0.144 seconds
[2022-10-03T12:39:39.178+0000] {processor.py:156} INFO - Started process (PID=6309) to work on /home/airflow/.local/lib/python3.7/site-packages/airflow/example_dags/example_short_circuit_operator.py
[2022-10-03T12:39:39.180+0000] {processor.py:758} INFO - Processing file /home/airflow/.local/lib/python3.7/site-packages/airflow/example_dags/example_short_circuit_operator.py for tasks to queue
[2022-10-03T12:39:39.184+0000] {logging_mixin.py:117} INFO - [2022-10-03T12:39:39.183+0000] {dagbag.py:525} INFO - Filling up the DagBag from /home/airflow/.local/lib/python3.7/site-packages/airflow/example_dags/example_short_circuit_operator.py
[2022-10-03T12:39:39.238+0000] {processor.py:768} INFO - DAG(s) dict_keys(['example_short_circuit_operator']) retrieved from /home/airflow/.local/lib/python3.7/site-packages/airflow/example_dags/example_short_circuit_operator.py
[2022-10-03T12:39:39.345+0000] {logging_mixin.py:117} INFO - [2022-10-03T12:39:39.344+0000] {dag.py:2573} INFO - Sync 1 DAGs
[2022-10-03T12:39:39.433+0000] {logging_mixin.py:117} INFO - [2022-10-03T12:39:39.433+0000] {dag.py:3328} INFO - Setting next_dagrun for example_short_circuit_operator to 2022-10-02T12:39:39.432859+00:00, run_after=2022-10-03T12:39:39.432859+00:00
[2022-10-03T12:39:39.487+0000] {processor.py:178} INFO - Processing /home/airflow/.local/lib/python3.7/site-packages/airflow/example_dags/example_short_circuit_operator.py took 0.316 seconds
[2022-10-03T12:40:10.176+0000] {processor.py:156} INFO - Started process (PID=6516) to work on /home/airflow/.local/lib/python3.7/site-packages/airflow/example_dags/example_short_circuit_operator.py
[2022-10-03T12:40:10.176+0000] {processor.py:758} INFO - Processing file /home/airflow/.local/lib/python3.7/site-packages/airflow/example_dags/example_short_circuit_operator.py for tasks to queue
[2022-10-03T12:40:10.177+0000] {logging_mixin.py:117} INFO - [2022-10-03T12:40:10.177+0000] {dagbag.py:525} INFO - Filling up the DagBag from /home/airflow/.local/lib/python3.7/site-packages/airflow/example_dags/example_short_circuit_operator.py
[2022-10-03T12:40:10.195+0000] {processor.py:768} INFO - DAG(s) dict_keys(['example_short_circuit_operator']) retrieved from /home/airflow/.local/lib/python3.7/site-packages/airflow/example_dags/example_short_circuit_operator.py
[2022-10-03T12:40:10.245+0000] {logging_mixin.py:117} INFO - [2022-10-03T12:40:10.245+0000] {dag.py:2573} INFO - Sync 1 DAGs
[2022-10-03T12:40:10.277+0000] {logging_mixin.py:117} INFO - [2022-10-03T12:40:10.277+0000] {dag.py:3328} INFO - Setting next_dagrun for example_short_circuit_operator to 2022-10-02T12:40:10.277000+00:00, run_after=2022-10-03T12:40:10.277000+00:00
[2022-10-03T12:40:10.305+0000] {processor.py:178} INFO - Processing /home/airflow/.local/lib/python3.7/site-packages/airflow/example_dags/example_short_circuit_operator.py took 0.132 seconds
[2022-10-03T12:40:41.110+0000] {processor.py:156} INFO - Started process (PID=6714) to work on /home/airflow/.local/lib/python3.7/site-packages/airflow/example_dags/example_short_circuit_operator.py
[2022-10-03T12:40:41.112+0000] {processor.py:758} INFO - Processing file /home/airflow/.local/lib/python3.7/site-packages/airflow/example_dags/example_short_circuit_operator.py for tasks to queue
[2022-10-03T12:40:41.113+0000] {logging_mixin.py:117} INFO - [2022-10-03T12:40:41.113+0000] {dagbag.py:525} INFO - Filling up the DagBag from /home/airflow/.local/lib/python3.7/site-packages/airflow/example_dags/example_short_circuit_operator.py
[2022-10-03T12:40:41.153+0000] {processor.py:768} INFO - DAG(s) dict_keys(['example_short_circuit_operator']) retrieved from /home/airflow/.local/lib/python3.7/site-packages/airflow/example_dags/example_short_circuit_operator.py
[2022-10-03T12:40:41.249+0000] {logging_mixin.py:117} INFO - [2022-10-03T12:40:41.249+0000] {dag.py:2573} INFO - Sync 1 DAGs
[2022-10-03T12:40:41.310+0000] {logging_mixin.py:117} INFO - [2022-10-03T12:40:41.310+0000] {dag.py:3328} INFO - Setting next_dagrun for example_short_circuit_operator to 2022-10-02T12:40:41.309745+00:00, run_after=2022-10-03T12:40:41.309745+00:00
[2022-10-03T12:40:41.358+0000] {processor.py:178} INFO - Processing /home/airflow/.local/lib/python3.7/site-packages/airflow/example_dags/example_short_circuit_operator.py took 0.255 seconds
[2022-10-03T12:41:11.399+0000] {processor.py:156} INFO - Started process (PID=6918) to work on /home/airflow/.local/lib/python3.7/site-packages/airflow/example_dags/example_short_circuit_operator.py
[2022-10-03T12:41:11.401+0000] {processor.py:758} INFO - Processing file /home/airflow/.local/lib/python3.7/site-packages/airflow/example_dags/example_short_circuit_operator.py for tasks to queue
[2022-10-03T12:41:11.402+0000] {logging_mixin.py:117} INFO - [2022-10-03T12:41:11.402+0000] {dagbag.py:525} INFO - Filling up the DagBag from /home/airflow/.local/lib/python3.7/site-packages/airflow/example_dags/example_short_circuit_operator.py
[2022-10-03T12:41:11.419+0000] {processor.py:768} INFO - DAG(s) dict_keys(['example_short_circuit_operator']) retrieved from /home/airflow/.local/lib/python3.7/site-packages/airflow/example_dags/example_short_circuit_operator.py
[2022-10-03T12:41:11.469+0000] {logging_mixin.py:117} INFO - [2022-10-03T12:41:11.468+0000] {dag.py:2573} INFO - Sync 1 DAGs
[2022-10-03T12:41:11.500+0000] {logging_mixin.py:117} INFO - [2022-10-03T12:41:11.500+0000] {dag.py:3328} INFO - Setting next_dagrun for example_short_circuit_operator to 2022-10-02T12:41:11.499906+00:00, run_after=2022-10-03T12:41:11.499906+00:00
[2022-10-03T12:41:11.534+0000] {processor.py:178} INFO - Processing /home/airflow/.local/lib/python3.7/site-packages/airflow/example_dags/example_short_circuit_operator.py took 0.138 seconds
[2022-10-03T12:41:42.301+0000] {processor.py:156} INFO - Started process (PID=7119) to work on /home/airflow/.local/lib/python3.7/site-packages/airflow/example_dags/example_short_circuit_operator.py
[2022-10-03T12:41:42.302+0000] {processor.py:758} INFO - Processing file /home/airflow/.local/lib/python3.7/site-packages/airflow/example_dags/example_short_circuit_operator.py for tasks to queue
[2022-10-03T12:41:42.302+0000] {logging_mixin.py:117} INFO - [2022-10-03T12:41:42.302+0000] {dagbag.py:525} INFO - Filling up the DagBag from /home/airflow/.local/lib/python3.7/site-packages/airflow/example_dags/example_short_circuit_operator.py
[2022-10-03T12:41:42.318+0000] {processor.py:768} INFO - DAG(s) dict_keys(['example_short_circuit_operator']) retrieved from /home/airflow/.local/lib/python3.7/site-packages/airflow/example_dags/example_short_circuit_operator.py
[2022-10-03T12:41:42.361+0000] {logging_mixin.py:117} INFO - [2022-10-03T12:41:42.361+0000] {dag.py:2573} INFO - Sync 1 DAGs
[2022-10-03T12:41:42.390+0000] {logging_mixin.py:117} INFO - [2022-10-03T12:41:42.390+0000] {dag.py:3328} INFO - Setting next_dagrun for example_short_circuit_operator to 2022-10-02T12:41:42.390464+00:00, run_after=2022-10-03T12:41:42.390464+00:00
[2022-10-03T12:41:42.416+0000] {processor.py:178} INFO - Processing /home/airflow/.local/lib/python3.7/site-packages/airflow/example_dags/example_short_circuit_operator.py took 0.118 seconds
[2022-10-03T12:42:13.282+0000] {processor.py:156} INFO - Started process (PID=7326) to work on /home/airflow/.local/lib/python3.7/site-packages/airflow/example_dags/example_short_circuit_operator.py
[2022-10-03T12:42:13.283+0000] {processor.py:758} INFO - Processing file /home/airflow/.local/lib/python3.7/site-packages/airflow/example_dags/example_short_circuit_operator.py for tasks to queue
[2022-10-03T12:42:13.284+0000] {logging_mixin.py:117} INFO - [2022-10-03T12:42:13.284+0000] {dagbag.py:525} INFO - Filling up the DagBag from /home/airflow/.local/lib/python3.7/site-packages/airflow/example_dags/example_short_circuit_operator.py
[2022-10-03T12:42:13.303+0000] {processor.py:768} INFO - DAG(s) dict_keys(['example_short_circuit_operator']) retrieved from /home/airflow/.local/lib/python3.7/site-packages/airflow/example_dags/example_short_circuit_operator.py
[2022-10-03T12:42:13.350+0000] {logging_mixin.py:117} INFO - [2022-10-03T12:42:13.350+0000] {dag.py:2573} INFO - Sync 1 DAGs
[2022-10-03T12:42:13.393+0000] {logging_mixin.py:117} INFO - [2022-10-03T12:42:13.393+0000] {dag.py:3328} INFO - Setting next_dagrun for example_short_circuit_operator to 2022-10-02T12:42:13.393296+00:00, run_after=2022-10-03T12:42:13.393296+00:00
[2022-10-03T12:42:13.421+0000] {processor.py:178} INFO - Processing /home/airflow/.local/lib/python3.7/site-packages/airflow/example_dags/example_short_circuit_operator.py took 0.143 seconds
[2022-10-03T12:42:43.708+0000] {processor.py:156} INFO - Started process (PID=7533) to work on /home/airflow/.local/lib/python3.7/site-packages/airflow/example_dags/example_short_circuit_operator.py
[2022-10-03T12:42:43.709+0000] {processor.py:758} INFO - Processing file /home/airflow/.local/lib/python3.7/site-packages/airflow/example_dags/example_short_circuit_operator.py for tasks to queue
[2022-10-03T12:42:43.710+0000] {logging_mixin.py:117} INFO - [2022-10-03T12:42:43.710+0000] {dagbag.py:525} INFO - Filling up the DagBag from /home/airflow/.local/lib/python3.7/site-packages/airflow/example_dags/example_short_circuit_operator.py
[2022-10-03T12:42:43.746+0000] {processor.py:768} INFO - DAG(s) dict_keys(['example_short_circuit_operator']) retrieved from /home/airflow/.local/lib/python3.7/site-packages/airflow/example_dags/example_short_circuit_operator.py
[2022-10-03T12:42:43.838+0000] {logging_mixin.py:117} INFO - [2022-10-03T12:42:43.837+0000] {dag.py:2573} INFO - Sync 1 DAGs
[2022-10-03T12:42:43.895+0000] {logging_mixin.py:117} INFO - [2022-10-03T12:42:43.894+0000] {dag.py:3328} INFO - Setting next_dagrun for example_short_circuit_operator to 2022-10-02T12:42:43.894464+00:00, run_after=2022-10-03T12:42:43.894464+00:00
[2022-10-03T12:42:43.940+0000] {processor.py:178} INFO - Processing /home/airflow/.local/lib/python3.7/site-packages/airflow/example_dags/example_short_circuit_operator.py took 0.238 seconds
[2022-10-03T12:43:14.534+0000] {processor.py:156} INFO - Started process (PID=7731) to work on /home/airflow/.local/lib/python3.7/site-packages/airflow/example_dags/example_short_circuit_operator.py
[2022-10-03T12:43:14.535+0000] {processor.py:758} INFO - Processing file /home/airflow/.local/lib/python3.7/site-packages/airflow/example_dags/example_short_circuit_operator.py for tasks to queue
[2022-10-03T12:43:14.535+0000] {logging_mixin.py:117} INFO - [2022-10-03T12:43:14.535+0000] {dagbag.py:525} INFO - Filling up the DagBag from /home/airflow/.local/lib/python3.7/site-packages/airflow/example_dags/example_short_circuit_operator.py
[2022-10-03T12:43:14.551+0000] {processor.py:768} INFO - DAG(s) dict_keys(['example_short_circuit_operator']) retrieved from /home/airflow/.local/lib/python3.7/site-packages/airflow/example_dags/example_short_circuit_operator.py
[2022-10-03T12:43:14.595+0000] {logging_mixin.py:117} INFO - [2022-10-03T12:43:14.595+0000] {dag.py:2573} INFO - Sync 1 DAGs
[2022-10-03T12:43:14.622+0000] {logging_mixin.py:117} INFO - [2022-10-03T12:43:14.621+0000] {dag.py:3328} INFO - Setting next_dagrun for example_short_circuit_operator to 2022-10-02T12:43:14.621471+00:00, run_after=2022-10-03T12:43:14.621471+00:00
[2022-10-03T12:43:14.646+0000] {processor.py:178} INFO - Processing /home/airflow/.local/lib/python3.7/site-packages/airflow/example_dags/example_short_circuit_operator.py took 0.115 seconds
[2022-10-03T12:43:45.075+0000] {processor.py:156} INFO - Started process (PID=7938) to work on /home/airflow/.local/lib/python3.7/site-packages/airflow/example_dags/example_short_circuit_operator.py
[2022-10-03T12:43:45.075+0000] {processor.py:758} INFO - Processing file /home/airflow/.local/lib/python3.7/site-packages/airflow/example_dags/example_short_circuit_operator.py for tasks to queue
[2022-10-03T12:43:45.076+0000] {logging_mixin.py:117} INFO - [2022-10-03T12:43:45.076+0000] {dagbag.py:525} INFO - Filling up the DagBag from /home/airflow/.local/lib/python3.7/site-packages/airflow/example_dags/example_short_circuit_operator.py
[2022-10-03T12:43:45.092+0000] {processor.py:768} INFO - DAG(s) dict_keys(['example_short_circuit_operator']) retrieved from /home/airflow/.local/lib/python3.7/site-packages/airflow/example_dags/example_short_circuit_operator.py
[2022-10-03T12:43:45.141+0000] {logging_mixin.py:117} INFO - [2022-10-03T12:43:45.141+0000] {dag.py:2573} INFO - Sync 1 DAGs
[2022-10-03T12:43:45.170+0000] {logging_mixin.py:117} INFO - [2022-10-03T12:43:45.170+0000] {dag.py:3328} INFO - Setting next_dagrun for example_short_circuit_operator to 2022-10-02T12:43:45.170430+00:00, run_after=2022-10-03T12:43:45.170430+00:00
[2022-10-03T12:43:45.197+0000] {processor.py:178} INFO - Processing /home/airflow/.local/lib/python3.7/site-packages/airflow/example_dags/example_short_circuit_operator.py took 0.125 seconds
[2022-10-03T12:44:15.779+0000] {processor.py:156} INFO - Started process (PID=8145) to work on /home/airflow/.local/lib/python3.7/site-packages/airflow/example_dags/example_short_circuit_operator.py
[2022-10-03T12:44:15.780+0000] {processor.py:758} INFO - Processing file /home/airflow/.local/lib/python3.7/site-packages/airflow/example_dags/example_short_circuit_operator.py for tasks to queue
[2022-10-03T12:44:15.781+0000] {logging_mixin.py:117} INFO - [2022-10-03T12:44:15.781+0000] {dagbag.py:525} INFO - Filling up the DagBag from /home/airflow/.local/lib/python3.7/site-packages/airflow/example_dags/example_short_circuit_operator.py
[2022-10-03T12:44:15.797+0000] {processor.py:768} INFO - DAG(s) dict_keys(['example_short_circuit_operator']) retrieved from /home/airflow/.local/lib/python3.7/site-packages/airflow/example_dags/example_short_circuit_operator.py
[2022-10-03T12:44:15.840+0000] {logging_mixin.py:117} INFO - [2022-10-03T12:44:15.840+0000] {dag.py:2573} INFO - Sync 1 DAGs
[2022-10-03T12:44:15.869+0000] {logging_mixin.py:117} INFO - [2022-10-03T12:44:15.869+0000] {dag.py:3328} INFO - Setting next_dagrun for example_short_circuit_operator to 2022-10-02T12:44:15.868965+00:00, run_after=2022-10-03T12:44:15.868965+00:00
[2022-10-03T12:44:15.893+0000] {processor.py:178} INFO - Processing /home/airflow/.local/lib/python3.7/site-packages/airflow/example_dags/example_short_circuit_operator.py took 0.117 seconds
[2022-10-03T12:44:46.258+0000] {processor.py:156} INFO - Started process (PID=8341) to work on /home/airflow/.local/lib/python3.7/site-packages/airflow/example_dags/example_short_circuit_operator.py
[2022-10-03T12:44:46.260+0000] {processor.py:758} INFO - Processing file /home/airflow/.local/lib/python3.7/site-packages/airflow/example_dags/example_short_circuit_operator.py for tasks to queue
[2022-10-03T12:44:46.262+0000] {logging_mixin.py:117} INFO - [2022-10-03T12:44:46.261+0000] {dagbag.py:525} INFO - Filling up the DagBag from /home/airflow/.local/lib/python3.7/site-packages/airflow/example_dags/example_short_circuit_operator.py
[2022-10-03T12:44:46.303+0000] {processor.py:768} INFO - DAG(s) dict_keys(['example_short_circuit_operator']) retrieved from /home/airflow/.local/lib/python3.7/site-packages/airflow/example_dags/example_short_circuit_operator.py
[2022-10-03T12:44:46.409+0000] {logging_mixin.py:117} INFO - [2022-10-03T12:44:46.409+0000] {dag.py:2573} INFO - Sync 1 DAGs
[2022-10-03T12:44:46.474+0000] {logging_mixin.py:117} INFO - [2022-10-03T12:44:46.473+0000] {dag.py:3328} INFO - Setting next_dagrun for example_short_circuit_operator to 2022-10-02T12:44:46.473455+00:00, run_after=2022-10-03T12:44:46.473455+00:00
[2022-10-03T12:44:46.525+0000] {processor.py:178} INFO - Processing /home/airflow/.local/lib/python3.7/site-packages/airflow/example_dags/example_short_circuit_operator.py took 0.273 seconds
[2022-10-03T12:45:16.626+0000] {processor.py:156} INFO - Started process (PID=8551) to work on /home/airflow/.local/lib/python3.7/site-packages/airflow/example_dags/example_short_circuit_operator.py
[2022-10-03T12:45:16.628+0000] {processor.py:758} INFO - Processing file /home/airflow/.local/lib/python3.7/site-packages/airflow/example_dags/example_short_circuit_operator.py for tasks to queue
[2022-10-03T12:45:16.629+0000] {logging_mixin.py:117} INFO - [2022-10-03T12:45:16.629+0000] {dagbag.py:525} INFO - Filling up the DagBag from /home/airflow/.local/lib/python3.7/site-packages/airflow/example_dags/example_short_circuit_operator.py
[2022-10-03T12:45:16.652+0000] {processor.py:768} INFO - DAG(s) dict_keys(['example_short_circuit_operator']) retrieved from /home/airflow/.local/lib/python3.7/site-packages/airflow/example_dags/example_short_circuit_operator.py
[2022-10-03T12:45:16.722+0000] {logging_mixin.py:117} INFO - [2022-10-03T12:45:16.722+0000] {dag.py:2573} INFO - Sync 1 DAGs
[2022-10-03T12:45:16.753+0000] {logging_mixin.py:117} INFO - [2022-10-03T12:45:16.752+0000] {dag.py:3328} INFO - Setting next_dagrun for example_short_circuit_operator to 2022-10-02T12:45:16.752704+00:00, run_after=2022-10-03T12:45:16.752704+00:00
[2022-10-03T12:45:16.778+0000] {processor.py:178} INFO - Processing /home/airflow/.local/lib/python3.7/site-packages/airflow/example_dags/example_short_circuit_operator.py took 0.157 seconds
[2022-10-03T12:45:47.518+0000] {processor.py:156} INFO - Started process (PID=8749) to work on /home/airflow/.local/lib/python3.7/site-packages/airflow/example_dags/example_short_circuit_operator.py
[2022-10-03T12:45:47.519+0000] {processor.py:758} INFO - Processing file /home/airflow/.local/lib/python3.7/site-packages/airflow/example_dags/example_short_circuit_operator.py for tasks to queue
[2022-10-03T12:45:47.521+0000] {logging_mixin.py:117} INFO - [2022-10-03T12:45:47.520+0000] {dagbag.py:525} INFO - Filling up the DagBag from /home/airflow/.local/lib/python3.7/site-packages/airflow/example_dags/example_short_circuit_operator.py
[2022-10-03T12:45:47.568+0000] {processor.py:768} INFO - DAG(s) dict_keys(['example_short_circuit_operator']) retrieved from /home/airflow/.local/lib/python3.7/site-packages/airflow/example_dags/example_short_circuit_operator.py
[2022-10-03T12:45:47.699+0000] {logging_mixin.py:117} INFO - [2022-10-03T12:45:47.699+0000] {dag.py:2573} INFO - Sync 1 DAGs
[2022-10-03T12:45:47.795+0000] {logging_mixin.py:117} INFO - [2022-10-03T12:45:47.795+0000] {dag.py:3328} INFO - Setting next_dagrun for example_short_circuit_operator to 2022-10-02T12:45:47.794826+00:00, run_after=2022-10-03T12:45:47.794826+00:00
[2022-10-03T12:45:47.859+0000] {processor.py:178} INFO - Processing /home/airflow/.local/lib/python3.7/site-packages/airflow/example_dags/example_short_circuit_operator.py took 0.353 seconds
