[2022-10-03T12:24:26.446+0000] {processor.py:156} INFO - Started process (PID=303) to work on /home/airflow/.local/lib/python3.7/site-packages/airflow/example_dags/example_task_group_decorator.py
[2022-10-03T12:24:26.447+0000] {processor.py:758} INFO - Processing file /home/airflow/.local/lib/python3.7/site-packages/airflow/example_dags/example_task_group_decorator.py for tasks to queue
[2022-10-03T12:24:26.449+0000] {logging_mixin.py:117} INFO - [2022-10-03T12:24:26.448+0000] {dagbag.py:525} INFO - Filling up the DagBag from /home/airflow/.local/lib/python3.7/site-packages/airflow/example_dags/example_task_group_decorator.py
[2022-10-03T12:24:26.542+0000] {processor.py:768} INFO - DAG(s) dict_keys(['example_task_group_decorator']) retrieved from /home/airflow/.local/lib/python3.7/site-packages/airflow/example_dags/example_task_group_decorator.py
[2022-10-03T12:24:26.655+0000] {logging_mixin.py:117} INFO - [2022-10-03T12:24:26.654+0000] {dag.py:2573} INFO - Sync 1 DAGs
[2022-10-03T12:24:26.741+0000] {logging_mixin.py:117} INFO - [2022-10-03T12:24:26.740+0000] {dag.py:3328} INFO - Setting next_dagrun for example_task_group_decorator to 2022-10-02T12:24:26.740332+00:00, run_after=2022-10-03T12:24:26.740332+00:00
[2022-10-03T12:24:27.059+0000] {processor.py:178} INFO - Processing /home/airflow/.local/lib/python3.7/site-packages/airflow/example_dags/example_task_group_decorator.py took 0.620 seconds
[2022-10-03T12:24:58.389+0000] {processor.py:156} INFO - Started process (PID=511) to work on /home/airflow/.local/lib/python3.7/site-packages/airflow/example_dags/example_task_group_decorator.py
[2022-10-03T12:24:58.392+0000] {processor.py:758} INFO - Processing file /home/airflow/.local/lib/python3.7/site-packages/airflow/example_dags/example_task_group_decorator.py for tasks to queue
[2022-10-03T12:24:58.395+0000] {logging_mixin.py:117} INFO - [2022-10-03T12:24:58.394+0000] {dagbag.py:525} INFO - Filling up the DagBag from /home/airflow/.local/lib/python3.7/site-packages/airflow/example_dags/example_task_group_decorator.py
[2022-10-03T12:24:58.511+0000] {processor.py:768} INFO - DAG(s) dict_keys(['example_task_group_decorator']) retrieved from /home/airflow/.local/lib/python3.7/site-packages/airflow/example_dags/example_task_group_decorator.py
[2022-10-03T12:24:58.626+0000] {logging_mixin.py:117} INFO - [2022-10-03T12:24:58.626+0000] {dag.py:2573} INFO - Sync 1 DAGs
[2022-10-03T12:24:58.951+0000] {logging_mixin.py:117} INFO - [2022-10-03T12:24:58.951+0000] {dag.py:3328} INFO - Setting next_dagrun for example_task_group_decorator to 2022-10-02T12:24:58.950687+00:00, run_after=2022-10-03T12:24:58.950687+00:00
[2022-10-03T12:24:59.063+0000] {processor.py:178} INFO - Processing /home/airflow/.local/lib/python3.7/site-packages/airflow/example_dags/example_task_group_decorator.py took 0.684 seconds
[2022-10-03T12:25:29.504+0000] {processor.py:156} INFO - Started process (PID=711) to work on /home/airflow/.local/lib/python3.7/site-packages/airflow/example_dags/example_task_group_decorator.py
[2022-10-03T12:25:29.507+0000] {processor.py:758} INFO - Processing file /home/airflow/.local/lib/python3.7/site-packages/airflow/example_dags/example_task_group_decorator.py for tasks to queue
[2022-10-03T12:25:29.508+0000] {logging_mixin.py:117} INFO - [2022-10-03T12:25:29.508+0000] {dagbag.py:525} INFO - Filling up the DagBag from /home/airflow/.local/lib/python3.7/site-packages/airflow/example_dags/example_task_group_decorator.py
[2022-10-03T12:25:29.598+0000] {processor.py:768} INFO - DAG(s) dict_keys(['example_task_group_decorator']) retrieved from /home/airflow/.local/lib/python3.7/site-packages/airflow/example_dags/example_task_group_decorator.py
[2022-10-03T12:25:29.922+0000] {logging_mixin.py:117} INFO - [2022-10-03T12:25:29.921+0000] {dag.py:2573} INFO - Sync 1 DAGs
[2022-10-03T12:25:29.992+0000] {logging_mixin.py:117} INFO - [2022-10-03T12:25:29.991+0000] {dag.py:3328} INFO - Setting next_dagrun for example_task_group_decorator to 2022-10-02T12:25:29.991261+00:00, run_after=2022-10-03T12:25:29.991261+00:00
[2022-10-03T12:25:30.043+0000] {processor.py:178} INFO - Processing /home/airflow/.local/lib/python3.7/site-packages/airflow/example_dags/example_task_group_decorator.py took 0.547 seconds
[2022-10-03T12:26:00.985+0000] {processor.py:156} INFO - Started process (PID=918) to work on /home/airflow/.local/lib/python3.7/site-packages/airflow/example_dags/example_task_group_decorator.py
[2022-10-03T12:26:00.987+0000] {processor.py:758} INFO - Processing file /home/airflow/.local/lib/python3.7/site-packages/airflow/example_dags/example_task_group_decorator.py for tasks to queue
[2022-10-03T12:26:00.989+0000] {logging_mixin.py:117} INFO - [2022-10-03T12:26:00.989+0000] {dagbag.py:525} INFO - Filling up the DagBag from /home/airflow/.local/lib/python3.7/site-packages/airflow/example_dags/example_task_group_decorator.py
[2022-10-03T12:26:01.081+0000] {processor.py:768} INFO - DAG(s) dict_keys(['example_task_group_decorator']) retrieved from /home/airflow/.local/lib/python3.7/site-packages/airflow/example_dags/example_task_group_decorator.py
[2022-10-03T12:26:01.427+0000] {logging_mixin.py:117} INFO - [2022-10-03T12:26:01.427+0000] {dag.py:2573} INFO - Sync 1 DAGs
[2022-10-03T12:26:01.512+0000] {logging_mixin.py:117} INFO - [2022-10-03T12:26:01.511+0000] {dag.py:3328} INFO - Setting next_dagrun for example_task_group_decorator to 2022-10-02T12:26:01.510885+00:00, run_after=2022-10-03T12:26:01.510885+00:00
[2022-10-03T12:26:01.562+0000] {processor.py:178} INFO - Processing /home/airflow/.local/lib/python3.7/site-packages/airflow/example_dags/example_task_group_decorator.py took 0.586 seconds
[2022-10-03T12:26:32.871+0000] {processor.py:156} INFO - Started process (PID=1118) to work on /home/airflow/.local/lib/python3.7/site-packages/airflow/example_dags/example_task_group_decorator.py
[2022-10-03T12:26:32.872+0000] {processor.py:758} INFO - Processing file /home/airflow/.local/lib/python3.7/site-packages/airflow/example_dags/example_task_group_decorator.py for tasks to queue
[2022-10-03T12:26:32.872+0000] {logging_mixin.py:117} INFO - [2022-10-03T12:26:32.872+0000] {dagbag.py:525} INFO - Filling up the DagBag from /home/airflow/.local/lib/python3.7/site-packages/airflow/example_dags/example_task_group_decorator.py
[2022-10-03T12:26:32.914+0000] {processor.py:768} INFO - DAG(s) dict_keys(['example_task_group_decorator']) retrieved from /home/airflow/.local/lib/python3.7/site-packages/airflow/example_dags/example_task_group_decorator.py
[2022-10-03T12:26:33.080+0000] {logging_mixin.py:117} INFO - [2022-10-03T12:26:33.080+0000] {dag.py:2573} INFO - Sync 1 DAGs
[2022-10-03T12:26:33.107+0000] {logging_mixin.py:117} INFO - [2022-10-03T12:26:33.107+0000] {dag.py:3328} INFO - Setting next_dagrun for example_task_group_decorator to 2022-10-02T12:26:33.106804+00:00, run_after=2022-10-03T12:26:33.106804+00:00
[2022-10-03T12:26:33.137+0000] {processor.py:178} INFO - Processing /home/airflow/.local/lib/python3.7/site-packages/airflow/example_dags/example_task_group_decorator.py took 0.270 seconds
[2022-10-03T12:27:03.448+0000] {processor.py:156} INFO - Started process (PID=1342) to work on /home/airflow/.local/lib/python3.7/site-packages/airflow/example_dags/example_task_group_decorator.py
[2022-10-03T12:27:03.449+0000] {processor.py:758} INFO - Processing file /home/airflow/.local/lib/python3.7/site-packages/airflow/example_dags/example_task_group_decorator.py for tasks to queue
[2022-10-03T12:27:03.451+0000] {logging_mixin.py:117} INFO - [2022-10-03T12:27:03.451+0000] {dagbag.py:525} INFO - Filling up the DagBag from /home/airflow/.local/lib/python3.7/site-packages/airflow/example_dags/example_task_group_decorator.py
[2022-10-03T12:27:03.736+0000] {processor.py:768} INFO - DAG(s) dict_keys(['example_task_group_decorator']) retrieved from /home/airflow/.local/lib/python3.7/site-packages/airflow/example_dags/example_task_group_decorator.py
[2022-10-03T12:27:03.817+0000] {logging_mixin.py:117} INFO - [2022-10-03T12:27:03.817+0000] {dag.py:2573} INFO - Sync 1 DAGs
[2022-10-03T12:27:03.871+0000] {logging_mixin.py:117} INFO - [2022-10-03T12:27:03.871+0000] {dag.py:3328} INFO - Setting next_dagrun for example_task_group_decorator to 2022-10-02T12:27:03.870944+00:00, run_after=2022-10-03T12:27:03.870944+00:00
[2022-10-03T12:27:03.916+0000] {processor.py:178} INFO - Processing /home/airflow/.local/lib/python3.7/site-packages/airflow/example_dags/example_task_group_decorator.py took 0.476 seconds
[2022-10-03T12:27:34.358+0000] {processor.py:156} INFO - Started process (PID=1558) to work on /home/airflow/.local/lib/python3.7/site-packages/airflow/example_dags/example_task_group_decorator.py
[2022-10-03T12:27:34.358+0000] {processor.py:758} INFO - Processing file /home/airflow/.local/lib/python3.7/site-packages/airflow/example_dags/example_task_group_decorator.py for tasks to queue
[2022-10-03T12:27:34.359+0000] {logging_mixin.py:117} INFO - [2022-10-03T12:27:34.359+0000] {dagbag.py:525} INFO - Filling up the DagBag from /home/airflow/.local/lib/python3.7/site-packages/airflow/example_dags/example_task_group_decorator.py
[2022-10-03T12:27:34.392+0000] {processor.py:768} INFO - DAG(s) dict_keys(['example_task_group_decorator']) retrieved from /home/airflow/.local/lib/python3.7/site-packages/airflow/example_dags/example_task_group_decorator.py
[2022-10-03T12:27:34.434+0000] {logging_mixin.py:117} INFO - [2022-10-03T12:27:34.434+0000] {dag.py:2573} INFO - Sync 1 DAGs
[2022-10-03T12:27:34.460+0000] {logging_mixin.py:117} INFO - [2022-10-03T12:27:34.460+0000] {dag.py:3328} INFO - Setting next_dagrun for example_task_group_decorator to 2022-10-02T12:27:34.460425+00:00, run_after=2022-10-03T12:27:34.460425+00:00
[2022-10-03T12:27:34.488+0000] {processor.py:178} INFO - Processing /home/airflow/.local/lib/python3.7/site-packages/airflow/example_dags/example_task_group_decorator.py took 0.133 seconds
[2022-10-03T12:28:05.044+0000] {processor.py:156} INFO - Started process (PID=1765) to work on /home/airflow/.local/lib/python3.7/site-packages/airflow/example_dags/example_task_group_decorator.py
[2022-10-03T12:28:05.045+0000] {processor.py:758} INFO - Processing file /home/airflow/.local/lib/python3.7/site-packages/airflow/example_dags/example_task_group_decorator.py for tasks to queue
[2022-10-03T12:28:05.046+0000] {logging_mixin.py:117} INFO - [2022-10-03T12:28:05.045+0000] {dagbag.py:525} INFO - Filling up the DagBag from /home/airflow/.local/lib/python3.7/site-packages/airflow/example_dags/example_task_group_decorator.py
[2022-10-03T12:28:05.089+0000] {processor.py:768} INFO - DAG(s) dict_keys(['example_task_group_decorator']) retrieved from /home/airflow/.local/lib/python3.7/site-packages/airflow/example_dags/example_task_group_decorator.py
[2022-10-03T12:28:05.145+0000] {logging_mixin.py:117} INFO - [2022-10-03T12:28:05.144+0000] {dag.py:2573} INFO - Sync 1 DAGs
[2022-10-03T12:28:05.188+0000] {logging_mixin.py:117} INFO - [2022-10-03T12:28:05.188+0000] {dag.py:3328} INFO - Setting next_dagrun for example_task_group_decorator to 2022-10-02T12:28:05.187740+00:00, run_after=2022-10-03T12:28:05.187740+00:00
[2022-10-03T12:28:05.219+0000] {processor.py:178} INFO - Processing /home/airflow/.local/lib/python3.7/site-packages/airflow/example_dags/example_task_group_decorator.py took 0.179 seconds
[2022-10-03T12:28:35.769+0000] {processor.py:156} INFO - Started process (PID=1971) to work on /home/airflow/.local/lib/python3.7/site-packages/airflow/example_dags/example_task_group_decorator.py
[2022-10-03T12:28:35.771+0000] {processor.py:758} INFO - Processing file /home/airflow/.local/lib/python3.7/site-packages/airflow/example_dags/example_task_group_decorator.py for tasks to queue
[2022-10-03T12:28:35.772+0000] {logging_mixin.py:117} INFO - [2022-10-03T12:28:35.772+0000] {dagbag.py:525} INFO - Filling up the DagBag from /home/airflow/.local/lib/python3.7/site-packages/airflow/example_dags/example_task_group_decorator.py
[2022-10-03T12:28:35.818+0000] {processor.py:768} INFO - DAG(s) dict_keys(['example_task_group_decorator']) retrieved from /home/airflow/.local/lib/python3.7/site-packages/airflow/example_dags/example_task_group_decorator.py
[2022-10-03T12:28:35.876+0000] {logging_mixin.py:117} INFO - [2022-10-03T12:28:35.875+0000] {dag.py:2573} INFO - Sync 1 DAGs
[2022-10-03T12:28:35.916+0000] {logging_mixin.py:117} INFO - [2022-10-03T12:28:35.915+0000] {dag.py:3328} INFO - Setting next_dagrun for example_task_group_decorator to 2022-10-02T12:28:35.915581+00:00, run_after=2022-10-03T12:28:35.915581+00:00
[2022-10-03T12:28:35.947+0000] {processor.py:178} INFO - Processing /home/airflow/.local/lib/python3.7/site-packages/airflow/example_dags/example_task_group_decorator.py took 0.182 seconds
[2022-10-03T12:29:06.673+0000] {processor.py:156} INFO - Started process (PID=2171) to work on /home/airflow/.local/lib/python3.7/site-packages/airflow/example_dags/example_task_group_decorator.py
[2022-10-03T12:29:06.674+0000] {processor.py:758} INFO - Processing file /home/airflow/.local/lib/python3.7/site-packages/airflow/example_dags/example_task_group_decorator.py for tasks to queue
[2022-10-03T12:29:06.675+0000] {logging_mixin.py:117} INFO - [2022-10-03T12:29:06.675+0000] {dagbag.py:525} INFO - Filling up the DagBag from /home/airflow/.local/lib/python3.7/site-packages/airflow/example_dags/example_task_group_decorator.py
[2022-10-03T12:29:06.759+0000] {processor.py:768} INFO - DAG(s) dict_keys(['example_task_group_decorator']) retrieved from /home/airflow/.local/lib/python3.7/site-packages/airflow/example_dags/example_task_group_decorator.py
[2022-10-03T12:29:06.858+0000] {logging_mixin.py:117} INFO - [2022-10-03T12:29:06.858+0000] {dag.py:2573} INFO - Sync 1 DAGs
[2022-10-03T12:29:06.927+0000] {logging_mixin.py:117} INFO - [2022-10-03T12:29:06.927+0000] {dag.py:3328} INFO - Setting next_dagrun for example_task_group_decorator to 2022-10-02T12:29:06.927121+00:00, run_after=2022-10-03T12:29:06.927121+00:00
[2022-10-03T12:29:06.981+0000] {processor.py:178} INFO - Processing /home/airflow/.local/lib/python3.7/site-packages/airflow/example_dags/example_task_group_decorator.py took 0.312 seconds
[2022-10-03T12:29:37.134+0000] {processor.py:156} INFO - Started process (PID=2378) to work on /home/airflow/.local/lib/python3.7/site-packages/airflow/example_dags/example_task_group_decorator.py
[2022-10-03T12:29:37.136+0000] {processor.py:758} INFO - Processing file /home/airflow/.local/lib/python3.7/site-packages/airflow/example_dags/example_task_group_decorator.py for tasks to queue
[2022-10-03T12:29:37.137+0000] {logging_mixin.py:117} INFO - [2022-10-03T12:29:37.137+0000] {dagbag.py:525} INFO - Filling up the DagBag from /home/airflow/.local/lib/python3.7/site-packages/airflow/example_dags/example_task_group_decorator.py
[2022-10-03T12:29:37.241+0000] {processor.py:768} INFO - DAG(s) dict_keys(['example_task_group_decorator']) retrieved from /home/airflow/.local/lib/python3.7/site-packages/airflow/example_dags/example_task_group_decorator.py
[2022-10-03T12:29:37.365+0000] {logging_mixin.py:117} INFO - [2022-10-03T12:29:37.364+0000] {dag.py:2573} INFO - Sync 1 DAGs
[2022-10-03T12:29:37.426+0000] {logging_mixin.py:117} INFO - [2022-10-03T12:29:37.425+0000] {dag.py:3328} INFO - Setting next_dagrun for example_task_group_decorator to 2022-10-02T12:29:37.425273+00:00, run_after=2022-10-03T12:29:37.425273+00:00
[2022-10-03T12:29:37.473+0000] {processor.py:178} INFO - Processing /home/airflow/.local/lib/python3.7/site-packages/airflow/example_dags/example_task_group_decorator.py took 0.346 seconds
[2022-10-03T12:30:08.316+0000] {processor.py:156} INFO - Started process (PID=2576) to work on /home/airflow/.local/lib/python3.7/site-packages/airflow/example_dags/example_task_group_decorator.py
[2022-10-03T12:30:08.317+0000] {processor.py:758} INFO - Processing file /home/airflow/.local/lib/python3.7/site-packages/airflow/example_dags/example_task_group_decorator.py for tasks to queue
[2022-10-03T12:30:08.318+0000] {logging_mixin.py:117} INFO - [2022-10-03T12:30:08.318+0000] {dagbag.py:525} INFO - Filling up the DagBag from /home/airflow/.local/lib/python3.7/site-packages/airflow/example_dags/example_task_group_decorator.py
[2022-10-03T12:30:08.353+0000] {processor.py:768} INFO - DAG(s) dict_keys(['example_task_group_decorator']) retrieved from /home/airflow/.local/lib/python3.7/site-packages/airflow/example_dags/example_task_group_decorator.py
[2022-10-03T12:30:08.396+0000] {logging_mixin.py:117} INFO - [2022-10-03T12:30:08.396+0000] {dag.py:2573} INFO - Sync 1 DAGs
[2022-10-03T12:30:08.435+0000] {logging_mixin.py:117} INFO - [2022-10-03T12:30:08.435+0000] {dag.py:3328} INFO - Setting next_dagrun for example_task_group_decorator to 2022-10-02T12:30:08.435615+00:00, run_after=2022-10-03T12:30:08.435615+00:00
[2022-10-03T12:30:08.460+0000] {processor.py:178} INFO - Processing /home/airflow/.local/lib/python3.7/site-packages/airflow/example_dags/example_task_group_decorator.py took 0.146 seconds
[2022-10-03T12:30:38.995+0000] {processor.py:156} INFO - Started process (PID=2783) to work on /home/airflow/.local/lib/python3.7/site-packages/airflow/example_dags/example_task_group_decorator.py
[2022-10-03T12:30:38.997+0000] {processor.py:758} INFO - Processing file /home/airflow/.local/lib/python3.7/site-packages/airflow/example_dags/example_task_group_decorator.py for tasks to queue
[2022-10-03T12:30:38.997+0000] {logging_mixin.py:117} INFO - [2022-10-03T12:30:38.997+0000] {dagbag.py:525} INFO - Filling up the DagBag from /home/airflow/.local/lib/python3.7/site-packages/airflow/example_dags/example_task_group_decorator.py
[2022-10-03T12:30:39.054+0000] {processor.py:768} INFO - DAG(s) dict_keys(['example_task_group_decorator']) retrieved from /home/airflow/.local/lib/python3.7/site-packages/airflow/example_dags/example_task_group_decorator.py
[2022-10-03T12:30:39.103+0000] {logging_mixin.py:117} INFO - [2022-10-03T12:30:39.103+0000] {dag.py:2573} INFO - Sync 1 DAGs
[2022-10-03T12:30:39.134+0000] {logging_mixin.py:117} INFO - [2022-10-03T12:30:39.133+0000] {dag.py:3328} INFO - Setting next_dagrun for example_task_group_decorator to 2022-10-02T12:30:39.133556+00:00, run_after=2022-10-03T12:30:39.133556+00:00
[2022-10-03T12:30:39.163+0000] {processor.py:178} INFO - Processing /home/airflow/.local/lib/python3.7/site-packages/airflow/example_dags/example_task_group_decorator.py took 0.172 seconds
[2022-10-03T12:31:09.610+0000] {processor.py:156} INFO - Started process (PID=2988) to work on /home/airflow/.local/lib/python3.7/site-packages/airflow/example_dags/example_task_group_decorator.py
[2022-10-03T12:31:09.612+0000] {processor.py:758} INFO - Processing file /home/airflow/.local/lib/python3.7/site-packages/airflow/example_dags/example_task_group_decorator.py for tasks to queue
[2022-10-03T12:31:09.614+0000] {logging_mixin.py:117} INFO - [2022-10-03T12:31:09.614+0000] {dagbag.py:525} INFO - Filling up the DagBag from /home/airflow/.local/lib/python3.7/site-packages/airflow/example_dags/example_task_group_decorator.py
[2022-10-03T12:31:09.707+0000] {processor.py:768} INFO - DAG(s) dict_keys(['example_task_group_decorator']) retrieved from /home/airflow/.local/lib/python3.7/site-packages/airflow/example_dags/example_task_group_decorator.py
[2022-10-03T12:31:09.816+0000] {logging_mixin.py:117} INFO - [2022-10-03T12:31:09.816+0000] {dag.py:2573} INFO - Sync 1 DAGs
[2022-10-03T12:31:09.887+0000] {logging_mixin.py:117} INFO - [2022-10-03T12:31:09.887+0000] {dag.py:3328} INFO - Setting next_dagrun for example_task_group_decorator to 2022-10-02T12:31:09.886557+00:00, run_after=2022-10-03T12:31:09.886557+00:00
[2022-10-03T12:31:09.938+0000] {processor.py:178} INFO - Processing /home/airflow/.local/lib/python3.7/site-packages/airflow/example_dags/example_task_group_decorator.py took 0.335 seconds
[2022-10-03T12:31:40.018+0000] {processor.py:156} INFO - Started process (PID=3185) to work on /home/airflow/.local/lib/python3.7/site-packages/airflow/example_dags/example_task_group_decorator.py
[2022-10-03T12:31:40.020+0000] {processor.py:758} INFO - Processing file /home/airflow/.local/lib/python3.7/site-packages/airflow/example_dags/example_task_group_decorator.py for tasks to queue
[2022-10-03T12:31:40.021+0000] {logging_mixin.py:117} INFO - [2022-10-03T12:31:40.021+0000] {dagbag.py:525} INFO - Filling up the DagBag from /home/airflow/.local/lib/python3.7/site-packages/airflow/example_dags/example_task_group_decorator.py
[2022-10-03T12:31:40.123+0000] {processor.py:768} INFO - DAG(s) dict_keys(['example_task_group_decorator']) retrieved from /home/airflow/.local/lib/python3.7/site-packages/airflow/example_dags/example_task_group_decorator.py
[2022-10-03T12:31:40.235+0000] {logging_mixin.py:117} INFO - [2022-10-03T12:31:40.235+0000] {dag.py:2573} INFO - Sync 1 DAGs
[2022-10-03T12:31:40.297+0000] {logging_mixin.py:117} INFO - [2022-10-03T12:31:40.297+0000] {dag.py:3328} INFO - Setting next_dagrun for example_task_group_decorator to 2022-10-02T12:31:40.296781+00:00, run_after=2022-10-03T12:31:40.296781+00:00
[2022-10-03T12:31:40.361+0000] {processor.py:178} INFO - Processing /home/airflow/.local/lib/python3.7/site-packages/airflow/example_dags/example_task_group_decorator.py took 0.354 seconds
[2022-10-03T12:32:11.210+0000] {processor.py:156} INFO - Started process (PID=3392) to work on /home/airflow/.local/lib/python3.7/site-packages/airflow/example_dags/example_task_group_decorator.py
[2022-10-03T12:32:11.212+0000] {processor.py:758} INFO - Processing file /home/airflow/.local/lib/python3.7/site-packages/airflow/example_dags/example_task_group_decorator.py for tasks to queue
[2022-10-03T12:32:11.214+0000] {logging_mixin.py:117} INFO - [2022-10-03T12:32:11.213+0000] {dagbag.py:525} INFO - Filling up the DagBag from /home/airflow/.local/lib/python3.7/site-packages/airflow/example_dags/example_task_group_decorator.py
[2022-10-03T12:32:11.296+0000] {processor.py:768} INFO - DAG(s) dict_keys(['example_task_group_decorator']) retrieved from /home/airflow/.local/lib/python3.7/site-packages/airflow/example_dags/example_task_group_decorator.py
[2022-10-03T12:32:11.407+0000] {logging_mixin.py:117} INFO - [2022-10-03T12:32:11.407+0000] {dag.py:2573} INFO - Sync 1 DAGs
[2022-10-03T12:32:11.470+0000] {logging_mixin.py:117} INFO - [2022-10-03T12:32:11.470+0000] {dag.py:3328} INFO - Setting next_dagrun for example_task_group_decorator to 2022-10-02T12:32:11.469841+00:00, run_after=2022-10-03T12:32:11.469841+00:00
[2022-10-03T12:32:11.522+0000] {processor.py:178} INFO - Processing /home/airflow/.local/lib/python3.7/site-packages/airflow/example_dags/example_task_group_decorator.py took 0.318 seconds
[2022-10-03T12:32:41.578+0000] {processor.py:156} INFO - Started process (PID=3590) to work on /home/airflow/.local/lib/python3.7/site-packages/airflow/example_dags/example_task_group_decorator.py
[2022-10-03T12:32:41.579+0000] {processor.py:758} INFO - Processing file /home/airflow/.local/lib/python3.7/site-packages/airflow/example_dags/example_task_group_decorator.py for tasks to queue
[2022-10-03T12:32:41.580+0000] {logging_mixin.py:117} INFO - [2022-10-03T12:32:41.580+0000] {dagbag.py:525} INFO - Filling up the DagBag from /home/airflow/.local/lib/python3.7/site-packages/airflow/example_dags/example_task_group_decorator.py
[2022-10-03T12:32:41.635+0000] {processor.py:768} INFO - DAG(s) dict_keys(['example_task_group_decorator']) retrieved from /home/airflow/.local/lib/python3.7/site-packages/airflow/example_dags/example_task_group_decorator.py
[2022-10-03T12:32:41.761+0000] {logging_mixin.py:117} INFO - [2022-10-03T12:32:41.761+0000] {dag.py:2573} INFO - Sync 1 DAGs
[2022-10-03T12:32:41.793+0000] {logging_mixin.py:117} INFO - [2022-10-03T12:32:41.793+0000] {dag.py:3328} INFO - Setting next_dagrun for example_task_group_decorator to 2022-10-02T12:32:41.793281+00:00, run_after=2022-10-03T12:32:41.793281+00:00
[2022-10-03T12:32:41.823+0000] {processor.py:178} INFO - Processing /home/airflow/.local/lib/python3.7/site-packages/airflow/example_dags/example_task_group_decorator.py took 0.251 seconds
[2022-10-03T12:33:12.028+0000] {processor.py:156} INFO - Started process (PID=3797) to work on /home/airflow/.local/lib/python3.7/site-packages/airflow/example_dags/example_task_group_decorator.py
[2022-10-03T12:33:12.030+0000] {processor.py:758} INFO - Processing file /home/airflow/.local/lib/python3.7/site-packages/airflow/example_dags/example_task_group_decorator.py for tasks to queue
[2022-10-03T12:33:12.030+0000] {logging_mixin.py:117} INFO - [2022-10-03T12:33:12.030+0000] {dagbag.py:525} INFO - Filling up the DagBag from /home/airflow/.local/lib/python3.7/site-packages/airflow/example_dags/example_task_group_decorator.py
[2022-10-03T12:33:12.069+0000] {processor.py:768} INFO - DAG(s) dict_keys(['example_task_group_decorator']) retrieved from /home/airflow/.local/lib/python3.7/site-packages/airflow/example_dags/example_task_group_decorator.py
[2022-10-03T12:33:12.118+0000] {logging_mixin.py:117} INFO - [2022-10-03T12:33:12.118+0000] {dag.py:2573} INFO - Sync 1 DAGs
[2022-10-03T12:33:12.148+0000] {logging_mixin.py:117} INFO - [2022-10-03T12:33:12.148+0000] {dag.py:3328} INFO - Setting next_dagrun for example_task_group_decorator to 2022-10-02T12:33:12.147928+00:00, run_after=2022-10-03T12:33:12.147928+00:00
[2022-10-03T12:33:12.178+0000] {processor.py:178} INFO - Processing /home/airflow/.local/lib/python3.7/site-packages/airflow/example_dags/example_task_group_decorator.py took 0.153 seconds
[2022-10-03T12:33:42.701+0000] {processor.py:156} INFO - Started process (PID=3995) to work on /home/airflow/.local/lib/python3.7/site-packages/airflow/example_dags/example_task_group_decorator.py
[2022-10-03T12:33:42.703+0000] {processor.py:758} INFO - Processing file /home/airflow/.local/lib/python3.7/site-packages/airflow/example_dags/example_task_group_decorator.py for tasks to queue
[2022-10-03T12:33:42.704+0000] {logging_mixin.py:117} INFO - [2022-10-03T12:33:42.704+0000] {dagbag.py:525} INFO - Filling up the DagBag from /home/airflow/.local/lib/python3.7/site-packages/airflow/example_dags/example_task_group_decorator.py
[2022-10-03T12:33:42.753+0000] {processor.py:768} INFO - DAG(s) dict_keys(['example_task_group_decorator']) retrieved from /home/airflow/.local/lib/python3.7/site-packages/airflow/example_dags/example_task_group_decorator.py
[2022-10-03T12:33:42.808+0000] {logging_mixin.py:117} INFO - [2022-10-03T12:33:42.807+0000] {dag.py:2573} INFO - Sync 1 DAGs
[2022-10-03T12:33:42.842+0000] {logging_mixin.py:117} INFO - [2022-10-03T12:33:42.842+0000] {dag.py:3328} INFO - Setting next_dagrun for example_task_group_decorator to 2022-10-02T12:33:42.842497+00:00, run_after=2022-10-03T12:33:42.842497+00:00
[2022-10-03T12:33:42.874+0000] {processor.py:178} INFO - Processing /home/airflow/.local/lib/python3.7/site-packages/airflow/example_dags/example_task_group_decorator.py took 0.177 seconds
[2022-10-03T12:34:12.900+0000] {processor.py:156} INFO - Started process (PID=4202) to work on /home/airflow/.local/lib/python3.7/site-packages/airflow/example_dags/example_task_group_decorator.py
[2022-10-03T12:34:12.900+0000] {processor.py:758} INFO - Processing file /home/airflow/.local/lib/python3.7/site-packages/airflow/example_dags/example_task_group_decorator.py for tasks to queue
[2022-10-03T12:34:12.901+0000] {logging_mixin.py:117} INFO - [2022-10-03T12:34:12.901+0000] {dagbag.py:525} INFO - Filling up the DagBag from /home/airflow/.local/lib/python3.7/site-packages/airflow/example_dags/example_task_group_decorator.py
[2022-10-03T12:34:12.940+0000] {processor.py:768} INFO - DAG(s) dict_keys(['example_task_group_decorator']) retrieved from /home/airflow/.local/lib/python3.7/site-packages/airflow/example_dags/example_task_group_decorator.py
[2022-10-03T12:34:12.990+0000] {logging_mixin.py:117} INFO - [2022-10-03T12:34:12.990+0000] {dag.py:2573} INFO - Sync 1 DAGs
[2022-10-03T12:34:13.025+0000] {logging_mixin.py:117} INFO - [2022-10-03T12:34:13.025+0000] {dag.py:3328} INFO - Setting next_dagrun for example_task_group_decorator to 2022-10-02T12:34:13.025108+00:00, run_after=2022-10-03T12:34:13.025108+00:00
[2022-10-03T12:34:13.055+0000] {processor.py:178} INFO - Processing /home/airflow/.local/lib/python3.7/site-packages/airflow/example_dags/example_task_group_decorator.py took 0.159 seconds
[2022-10-03T12:34:43.618+0000] {processor.py:156} INFO - Started process (PID=4401) to work on /home/airflow/.local/lib/python3.7/site-packages/airflow/example_dags/example_task_group_decorator.py
[2022-10-03T12:34:43.620+0000] {processor.py:758} INFO - Processing file /home/airflow/.local/lib/python3.7/site-packages/airflow/example_dags/example_task_group_decorator.py for tasks to queue
[2022-10-03T12:34:43.622+0000] {logging_mixin.py:117} INFO - [2022-10-03T12:34:43.621+0000] {dagbag.py:525} INFO - Filling up the DagBag from /home/airflow/.local/lib/python3.7/site-packages/airflow/example_dags/example_task_group_decorator.py
[2022-10-03T12:34:43.704+0000] {processor.py:768} INFO - DAG(s) dict_keys(['example_task_group_decorator']) retrieved from /home/airflow/.local/lib/python3.7/site-packages/airflow/example_dags/example_task_group_decorator.py
[2022-10-03T12:34:43.798+0000] {logging_mixin.py:117} INFO - [2022-10-03T12:34:43.797+0000] {dag.py:2573} INFO - Sync 1 DAGs
[2022-10-03T12:34:43.857+0000] {logging_mixin.py:117} INFO - [2022-10-03T12:34:43.857+0000] {dag.py:3328} INFO - Setting next_dagrun for example_task_group_decorator to 2022-10-02T12:34:43.856754+00:00, run_after=2022-10-03T12:34:43.856754+00:00
[2022-10-03T12:34:43.908+0000] {processor.py:178} INFO - Processing /home/airflow/.local/lib/python3.7/site-packages/airflow/example_dags/example_task_group_decorator.py took 0.297 seconds
[2022-10-03T12:35:14.807+0000] {processor.py:156} INFO - Started process (PID=4608) to work on /home/airflow/.local/lib/python3.7/site-packages/airflow/example_dags/example_task_group_decorator.py
[2022-10-03T12:35:14.808+0000] {processor.py:758} INFO - Processing file /home/airflow/.local/lib/python3.7/site-packages/airflow/example_dags/example_task_group_decorator.py for tasks to queue
[2022-10-03T12:35:14.809+0000] {logging_mixin.py:117} INFO - [2022-10-03T12:35:14.809+0000] {dagbag.py:525} INFO - Filling up the DagBag from /home/airflow/.local/lib/python3.7/site-packages/airflow/example_dags/example_task_group_decorator.py
[2022-10-03T12:35:14.850+0000] {processor.py:768} INFO - DAG(s) dict_keys(['example_task_group_decorator']) retrieved from /home/airflow/.local/lib/python3.7/site-packages/airflow/example_dags/example_task_group_decorator.py
[2022-10-03T12:35:14.902+0000] {logging_mixin.py:117} INFO - [2022-10-03T12:35:14.902+0000] {dag.py:2573} INFO - Sync 1 DAGs
[2022-10-03T12:35:14.932+0000] {logging_mixin.py:117} INFO - [2022-10-03T12:35:14.932+0000] {dag.py:3328} INFO - Setting next_dagrun for example_task_group_decorator to 2022-10-02T12:35:14.932167+00:00, run_after=2022-10-03T12:35:14.932167+00:00
[2022-10-03T12:35:14.960+0000] {processor.py:178} INFO - Processing /home/airflow/.local/lib/python3.7/site-packages/airflow/example_dags/example_task_group_decorator.py took 0.158 seconds
[2022-10-03T12:35:45.274+0000] {processor.py:156} INFO - Started process (PID=4806) to work on /home/airflow/.local/lib/python3.7/site-packages/airflow/example_dags/example_task_group_decorator.py
[2022-10-03T12:35:45.275+0000] {processor.py:758} INFO - Processing file /home/airflow/.local/lib/python3.7/site-packages/airflow/example_dags/example_task_group_decorator.py for tasks to queue
[2022-10-03T12:35:45.276+0000] {logging_mixin.py:117} INFO - [2022-10-03T12:35:45.276+0000] {dagbag.py:525} INFO - Filling up the DagBag from /home/airflow/.local/lib/python3.7/site-packages/airflow/example_dags/example_task_group_decorator.py
[2022-10-03T12:35:45.317+0000] {processor.py:768} INFO - DAG(s) dict_keys(['example_task_group_decorator']) retrieved from /home/airflow/.local/lib/python3.7/site-packages/airflow/example_dags/example_task_group_decorator.py
[2022-10-03T12:35:45.382+0000] {logging_mixin.py:117} INFO - [2022-10-03T12:35:45.381+0000] {dag.py:2573} INFO - Sync 1 DAGs
[2022-10-03T12:35:45.424+0000] {logging_mixin.py:117} INFO - [2022-10-03T12:35:45.424+0000] {dag.py:3328} INFO - Setting next_dagrun for example_task_group_decorator to 2022-10-02T12:35:45.424040+00:00, run_after=2022-10-03T12:35:45.424040+00:00
[2022-10-03T12:35:45.463+0000] {processor.py:178} INFO - Processing /home/airflow/.local/lib/python3.7/site-packages/airflow/example_dags/example_task_group_decorator.py took 0.193 seconds
[2022-10-03T12:36:15.776+0000] {processor.py:156} INFO - Started process (PID=5013) to work on /home/airflow/.local/lib/python3.7/site-packages/airflow/example_dags/example_task_group_decorator.py
[2022-10-03T12:36:15.778+0000] {processor.py:758} INFO - Processing file /home/airflow/.local/lib/python3.7/site-packages/airflow/example_dags/example_task_group_decorator.py for tasks to queue
[2022-10-03T12:36:15.779+0000] {logging_mixin.py:117} INFO - [2022-10-03T12:36:15.779+0000] {dagbag.py:525} INFO - Filling up the DagBag from /home/airflow/.local/lib/python3.7/site-packages/airflow/example_dags/example_task_group_decorator.py
[2022-10-03T12:36:15.823+0000] {processor.py:768} INFO - DAG(s) dict_keys(['example_task_group_decorator']) retrieved from /home/airflow/.local/lib/python3.7/site-packages/airflow/example_dags/example_task_group_decorator.py
[2022-10-03T12:36:15.878+0000] {logging_mixin.py:117} INFO - [2022-10-03T12:36:15.877+0000] {dag.py:2573} INFO - Sync 1 DAGs
[2022-10-03T12:36:15.915+0000] {logging_mixin.py:117} INFO - [2022-10-03T12:36:15.914+0000] {dag.py:3328} INFO - Setting next_dagrun for example_task_group_decorator to 2022-10-02T12:36:15.914692+00:00, run_after=2022-10-03T12:36:15.914692+00:00
[2022-10-03T12:36:15.947+0000] {processor.py:178} INFO - Processing /home/airflow/.local/lib/python3.7/site-packages/airflow/example_dags/example_task_group_decorator.py took 0.175 seconds
[2022-10-03T12:36:46.109+0000] {processor.py:156} INFO - Started process (PID=5220) to work on /home/airflow/.local/lib/python3.7/site-packages/airflow/example_dags/example_task_group_decorator.py
[2022-10-03T12:36:46.110+0000] {processor.py:758} INFO - Processing file /home/airflow/.local/lib/python3.7/site-packages/airflow/example_dags/example_task_group_decorator.py for tasks to queue
[2022-10-03T12:36:46.111+0000] {logging_mixin.py:117} INFO - [2022-10-03T12:36:46.111+0000] {dagbag.py:525} INFO - Filling up the DagBag from /home/airflow/.local/lib/python3.7/site-packages/airflow/example_dags/example_task_group_decorator.py
[2022-10-03T12:36:46.168+0000] {processor.py:768} INFO - DAG(s) dict_keys(['example_task_group_decorator']) retrieved from /home/airflow/.local/lib/python3.7/site-packages/airflow/example_dags/example_task_group_decorator.py
[2022-10-03T12:36:46.261+0000] {logging_mixin.py:117} INFO - [2022-10-03T12:36:46.260+0000] {dag.py:2573} INFO - Sync 1 DAGs
[2022-10-03T12:36:46.311+0000] {logging_mixin.py:117} INFO - [2022-10-03T12:36:46.311+0000] {dag.py:3328} INFO - Setting next_dagrun for example_task_group_decorator to 2022-10-02T12:36:46.310833+00:00, run_after=2022-10-03T12:36:46.310833+00:00
[2022-10-03T12:36:46.342+0000] {processor.py:178} INFO - Processing /home/airflow/.local/lib/python3.7/site-packages/airflow/example_dags/example_task_group_decorator.py took 0.237 seconds
[2022-10-03T12:37:16.513+0000] {processor.py:156} INFO - Started process (PID=5418) to work on /home/airflow/.local/lib/python3.7/site-packages/airflow/example_dags/example_task_group_decorator.py
[2022-10-03T12:37:16.514+0000] {processor.py:758} INFO - Processing file /home/airflow/.local/lib/python3.7/site-packages/airflow/example_dags/example_task_group_decorator.py for tasks to queue
[2022-10-03T12:37:16.516+0000] {logging_mixin.py:117} INFO - [2022-10-03T12:37:16.515+0000] {dagbag.py:525} INFO - Filling up the DagBag from /home/airflow/.local/lib/python3.7/site-packages/airflow/example_dags/example_task_group_decorator.py
[2022-10-03T12:37:16.628+0000] {processor.py:768} INFO - DAG(s) dict_keys(['example_task_group_decorator']) retrieved from /home/airflow/.local/lib/python3.7/site-packages/airflow/example_dags/example_task_group_decorator.py
[2022-10-03T12:37:16.755+0000] {logging_mixin.py:117} INFO - [2022-10-03T12:37:16.754+0000] {dag.py:2573} INFO - Sync 1 DAGs
[2022-10-03T12:37:16.838+0000] {logging_mixin.py:117} INFO - [2022-10-03T12:37:16.837+0000] {dag.py:3328} INFO - Setting next_dagrun for example_task_group_decorator to 2022-10-02T12:37:16.837506+00:00, run_after=2022-10-03T12:37:16.837506+00:00
[2022-10-03T12:37:16.888+0000] {processor.py:178} INFO - Processing /home/airflow/.local/lib/python3.7/site-packages/airflow/example_dags/example_task_group_decorator.py took 0.383 seconds
[2022-10-03T12:37:47.614+0000] {processor.py:156} INFO - Started process (PID=5625) to work on /home/airflow/.local/lib/python3.7/site-packages/airflow/example_dags/example_task_group_decorator.py
[2022-10-03T12:37:47.616+0000] {processor.py:758} INFO - Processing file /home/airflow/.local/lib/python3.7/site-packages/airflow/example_dags/example_task_group_decorator.py for tasks to queue
[2022-10-03T12:37:47.618+0000] {logging_mixin.py:117} INFO - [2022-10-03T12:37:47.618+0000] {dagbag.py:525} INFO - Filling up the DagBag from /home/airflow/.local/lib/python3.7/site-packages/airflow/example_dags/example_task_group_decorator.py
[2022-10-03T12:37:47.701+0000] {processor.py:768} INFO - DAG(s) dict_keys(['example_task_group_decorator']) retrieved from /home/airflow/.local/lib/python3.7/site-packages/airflow/example_dags/example_task_group_decorator.py
[2022-10-03T12:37:47.782+0000] {logging_mixin.py:117} INFO - [2022-10-03T12:37:47.782+0000] {dag.py:2573} INFO - Sync 1 DAGs
[2022-10-03T12:37:47.814+0000] {logging_mixin.py:117} INFO - [2022-10-03T12:37:47.814+0000] {dag.py:3328} INFO - Setting next_dagrun for example_task_group_decorator to 2022-10-02T12:37:47.814546+00:00, run_after=2022-10-03T12:37:47.814546+00:00
[2022-10-03T12:37:47.844+0000] {processor.py:178} INFO - Processing /home/airflow/.local/lib/python3.7/site-packages/airflow/example_dags/example_task_group_decorator.py took 0.236 seconds
[2022-10-03T12:38:18.759+0000] {processor.py:156} INFO - Started process (PID=5823) to work on /home/airflow/.local/lib/python3.7/site-packages/airflow/example_dags/example_task_group_decorator.py
[2022-10-03T12:38:18.760+0000] {processor.py:758} INFO - Processing file /home/airflow/.local/lib/python3.7/site-packages/airflow/example_dags/example_task_group_decorator.py for tasks to queue
[2022-10-03T12:38:18.761+0000] {logging_mixin.py:117} INFO - [2022-10-03T12:38:18.761+0000] {dagbag.py:525} INFO - Filling up the DagBag from /home/airflow/.local/lib/python3.7/site-packages/airflow/example_dags/example_task_group_decorator.py
[2022-10-03T12:38:18.815+0000] {processor.py:768} INFO - DAG(s) dict_keys(['example_task_group_decorator']) retrieved from /home/airflow/.local/lib/python3.7/site-packages/airflow/example_dags/example_task_group_decorator.py
[2022-10-03T12:38:18.871+0000] {logging_mixin.py:117} INFO - [2022-10-03T12:38:18.871+0000] {dag.py:2573} INFO - Sync 1 DAGs
[2022-10-03T12:38:18.900+0000] {logging_mixin.py:117} INFO - [2022-10-03T12:38:18.900+0000] {dag.py:3328} INFO - Setting next_dagrun for example_task_group_decorator to 2022-10-02T12:38:18.900598+00:00, run_after=2022-10-03T12:38:18.900598+00:00
[2022-10-03T12:38:18.929+0000] {processor.py:178} INFO - Processing /home/airflow/.local/lib/python3.7/site-packages/airflow/example_dags/example_task_group_decorator.py took 0.173 seconds
[2022-10-03T12:38:49.230+0000] {processor.py:156} INFO - Started process (PID=6030) to work on /home/airflow/.local/lib/python3.7/site-packages/airflow/example_dags/example_task_group_decorator.py
[2022-10-03T12:38:49.231+0000] {processor.py:758} INFO - Processing file /home/airflow/.local/lib/python3.7/site-packages/airflow/example_dags/example_task_group_decorator.py for tasks to queue
[2022-10-03T12:38:49.232+0000] {logging_mixin.py:117} INFO - [2022-10-03T12:38:49.232+0000] {dagbag.py:525} INFO - Filling up the DagBag from /home/airflow/.local/lib/python3.7/site-packages/airflow/example_dags/example_task_group_decorator.py
[2022-10-03T12:38:49.271+0000] {processor.py:768} INFO - DAG(s) dict_keys(['example_task_group_decorator']) retrieved from /home/airflow/.local/lib/python3.7/site-packages/airflow/example_dags/example_task_group_decorator.py
[2022-10-03T12:38:49.320+0000] {logging_mixin.py:117} INFO - [2022-10-03T12:38:49.320+0000] {dag.py:2573} INFO - Sync 1 DAGs
[2022-10-03T12:38:49.352+0000] {logging_mixin.py:117} INFO - [2022-10-03T12:38:49.352+0000] {dag.py:3328} INFO - Setting next_dagrun for example_task_group_decorator to 2022-10-02T12:38:49.352444+00:00, run_after=2022-10-03T12:38:49.352444+00:00
[2022-10-03T12:38:49.380+0000] {processor.py:178} INFO - Processing /home/airflow/.local/lib/python3.7/site-packages/airflow/example_dags/example_task_group_decorator.py took 0.155 seconds
[2022-10-03T12:39:19.843+0000] {processor.py:156} INFO - Started process (PID=6237) to work on /home/airflow/.local/lib/python3.7/site-packages/airflow/example_dags/example_task_group_decorator.py
[2022-10-03T12:39:19.845+0000] {processor.py:758} INFO - Processing file /home/airflow/.local/lib/python3.7/site-packages/airflow/example_dags/example_task_group_decorator.py for tasks to queue
[2022-10-03T12:39:19.846+0000] {logging_mixin.py:117} INFO - [2022-10-03T12:39:19.846+0000] {dagbag.py:525} INFO - Filling up the DagBag from /home/airflow/.local/lib/python3.7/site-packages/airflow/example_dags/example_task_group_decorator.py
[2022-10-03T12:39:19.951+0000] {processor.py:768} INFO - DAG(s) dict_keys(['example_task_group_decorator']) retrieved from /home/airflow/.local/lib/python3.7/site-packages/airflow/example_dags/example_task_group_decorator.py
[2022-10-03T12:39:20.065+0000] {logging_mixin.py:117} INFO - [2022-10-03T12:39:20.065+0000] {dag.py:2573} INFO - Sync 1 DAGs
[2022-10-03T12:39:20.133+0000] {logging_mixin.py:117} INFO - [2022-10-03T12:39:20.133+0000] {dag.py:3328} INFO - Setting next_dagrun for example_task_group_decorator to 2022-10-02T12:39:20.132646+00:00, run_after=2022-10-03T12:39:20.132646+00:00
[2022-10-03T12:39:20.184+0000] {processor.py:178} INFO - Processing /home/airflow/.local/lib/python3.7/site-packages/airflow/example_dags/example_task_group_decorator.py took 0.348 seconds
[2022-10-03T12:39:50.630+0000] {processor.py:156} INFO - Started process (PID=6435) to work on /home/airflow/.local/lib/python3.7/site-packages/airflow/example_dags/example_task_group_decorator.py
[2022-10-03T12:39:50.633+0000] {processor.py:758} INFO - Processing file /home/airflow/.local/lib/python3.7/site-packages/airflow/example_dags/example_task_group_decorator.py for tasks to queue
[2022-10-03T12:39:50.635+0000] {logging_mixin.py:117} INFO - [2022-10-03T12:39:50.635+0000] {dagbag.py:525} INFO - Filling up the DagBag from /home/airflow/.local/lib/python3.7/site-packages/airflow/example_dags/example_task_group_decorator.py
[2022-10-03T12:39:50.730+0000] {processor.py:768} INFO - DAG(s) dict_keys(['example_task_group_decorator']) retrieved from /home/airflow/.local/lib/python3.7/site-packages/airflow/example_dags/example_task_group_decorator.py
[2022-10-03T12:39:50.837+0000] {logging_mixin.py:117} INFO - [2022-10-03T12:39:50.836+0000] {dag.py:2573} INFO - Sync 1 DAGs
[2022-10-03T12:39:50.901+0000] {logging_mixin.py:117} INFO - [2022-10-03T12:39:50.901+0000] {dag.py:3328} INFO - Setting next_dagrun for example_task_group_decorator to 2022-10-02T12:39:50.900782+00:00, run_after=2022-10-03T12:39:50.900782+00:00
[2022-10-03T12:39:50.953+0000] {processor.py:178} INFO - Processing /home/airflow/.local/lib/python3.7/site-packages/airflow/example_dags/example_task_group_decorator.py took 0.331 seconds
[2022-10-03T12:40:21.477+0000] {processor.py:156} INFO - Started process (PID=6642) to work on /home/airflow/.local/lib/python3.7/site-packages/airflow/example_dags/example_task_group_decorator.py
[2022-10-03T12:40:21.480+0000] {processor.py:758} INFO - Processing file /home/airflow/.local/lib/python3.7/site-packages/airflow/example_dags/example_task_group_decorator.py for tasks to queue
[2022-10-03T12:40:21.481+0000] {logging_mixin.py:117} INFO - [2022-10-03T12:40:21.481+0000] {dagbag.py:525} INFO - Filling up the DagBag from /home/airflow/.local/lib/python3.7/site-packages/airflow/example_dags/example_task_group_decorator.py
[2022-10-03T12:40:21.569+0000] {processor.py:768} INFO - DAG(s) dict_keys(['example_task_group_decorator']) retrieved from /home/airflow/.local/lib/python3.7/site-packages/airflow/example_dags/example_task_group_decorator.py
[2022-10-03T12:40:21.670+0000] {logging_mixin.py:117} INFO - [2022-10-03T12:40:21.670+0000] {dag.py:2573} INFO - Sync 1 DAGs
[2022-10-03T12:40:21.752+0000] {logging_mixin.py:117} INFO - [2022-10-03T12:40:21.751+0000] {dag.py:3328} INFO - Setting next_dagrun for example_task_group_decorator to 2022-10-02T12:40:21.750722+00:00, run_after=2022-10-03T12:40:21.750722+00:00
[2022-10-03T12:40:21.813+0000] {processor.py:178} INFO - Processing /home/airflow/.local/lib/python3.7/site-packages/airflow/example_dags/example_task_group_decorator.py took 0.342 seconds
[2022-10-03T12:40:51.934+0000] {processor.py:156} INFO - Started process (PID=6840) to work on /home/airflow/.local/lib/python3.7/site-packages/airflow/example_dags/example_task_group_decorator.py
[2022-10-03T12:40:51.936+0000] {processor.py:758} INFO - Processing file /home/airflow/.local/lib/python3.7/site-packages/airflow/example_dags/example_task_group_decorator.py for tasks to queue
[2022-10-03T12:40:51.938+0000] {logging_mixin.py:117} INFO - [2022-10-03T12:40:51.937+0000] {dagbag.py:525} INFO - Filling up the DagBag from /home/airflow/.local/lib/python3.7/site-packages/airflow/example_dags/example_task_group_decorator.py
[2022-10-03T12:40:52.026+0000] {processor.py:768} INFO - DAG(s) dict_keys(['example_task_group_decorator']) retrieved from /home/airflow/.local/lib/python3.7/site-packages/airflow/example_dags/example_task_group_decorator.py
[2022-10-03T12:40:52.125+0000] {logging_mixin.py:117} INFO - [2022-10-03T12:40:52.124+0000] {dag.py:2573} INFO - Sync 1 DAGs
[2022-10-03T12:40:52.184+0000] {logging_mixin.py:117} INFO - [2022-10-03T12:40:52.184+0000] {dag.py:3328} INFO - Setting next_dagrun for example_task_group_decorator to 2022-10-02T12:40:52.183880+00:00, run_after=2022-10-03T12:40:52.183880+00:00
[2022-10-03T12:40:52.231+0000] {processor.py:178} INFO - Processing /home/airflow/.local/lib/python3.7/site-packages/airflow/example_dags/example_task_group_decorator.py took 0.304 seconds
[2022-10-03T12:41:22.859+0000] {processor.py:156} INFO - Started process (PID=7047) to work on /home/airflow/.local/lib/python3.7/site-packages/airflow/example_dags/example_task_group_decorator.py
[2022-10-03T12:41:22.862+0000] {processor.py:758} INFO - Processing file /home/airflow/.local/lib/python3.7/site-packages/airflow/example_dags/example_task_group_decorator.py for tasks to queue
[2022-10-03T12:41:22.863+0000] {logging_mixin.py:117} INFO - [2022-10-03T12:41:22.863+0000] {dagbag.py:525} INFO - Filling up the DagBag from /home/airflow/.local/lib/python3.7/site-packages/airflow/example_dags/example_task_group_decorator.py
[2022-10-03T12:41:22.947+0000] {processor.py:768} INFO - DAG(s) dict_keys(['example_task_group_decorator']) retrieved from /home/airflow/.local/lib/python3.7/site-packages/airflow/example_dags/example_task_group_decorator.py
[2022-10-03T12:41:23.047+0000] {logging_mixin.py:117} INFO - [2022-10-03T12:41:23.047+0000] {dag.py:2573} INFO - Sync 1 DAGs
[2022-10-03T12:41:23.109+0000] {logging_mixin.py:117} INFO - [2022-10-03T12:41:23.109+0000] {dag.py:3328} INFO - Setting next_dagrun for example_task_group_decorator to 2022-10-02T12:41:23.108941+00:00, run_after=2022-10-03T12:41:23.108941+00:00
[2022-10-03T12:41:23.158+0000] {processor.py:178} INFO - Processing /home/airflow/.local/lib/python3.7/site-packages/airflow/example_dags/example_task_group_decorator.py took 0.306 seconds
[2022-10-03T12:41:53.805+0000] {processor.py:156} INFO - Started process (PID=7245) to work on /home/airflow/.local/lib/python3.7/site-packages/airflow/example_dags/example_task_group_decorator.py
[2022-10-03T12:41:53.806+0000] {processor.py:758} INFO - Processing file /home/airflow/.local/lib/python3.7/site-packages/airflow/example_dags/example_task_group_decorator.py for tasks to queue
[2022-10-03T12:41:53.806+0000] {logging_mixin.py:117} INFO - [2022-10-03T12:41:53.806+0000] {dagbag.py:525} INFO - Filling up the DagBag from /home/airflow/.local/lib/python3.7/site-packages/airflow/example_dags/example_task_group_decorator.py
[2022-10-03T12:41:53.849+0000] {processor.py:768} INFO - DAG(s) dict_keys(['example_task_group_decorator']) retrieved from /home/airflow/.local/lib/python3.7/site-packages/airflow/example_dags/example_task_group_decorator.py
[2022-10-03T12:41:53.897+0000] {logging_mixin.py:117} INFO - [2022-10-03T12:41:53.897+0000] {dag.py:2573} INFO - Sync 1 DAGs
[2022-10-03T12:41:53.926+0000] {logging_mixin.py:117} INFO - [2022-10-03T12:41:53.926+0000] {dag.py:3328} INFO - Setting next_dagrun for example_task_group_decorator to 2022-10-02T12:41:53.925888+00:00, run_after=2022-10-03T12:41:53.925888+00:00
[2022-10-03T12:41:53.954+0000] {processor.py:178} INFO - Processing /home/airflow/.local/lib/python3.7/site-packages/airflow/example_dags/example_task_group_decorator.py took 0.153 seconds
[2022-10-03T12:42:24.077+0000] {processor.py:156} INFO - Started process (PID=7452) to work on /home/airflow/.local/lib/python3.7/site-packages/airflow/example_dags/example_task_group_decorator.py
[2022-10-03T12:42:24.079+0000] {processor.py:758} INFO - Processing file /home/airflow/.local/lib/python3.7/site-packages/airflow/example_dags/example_task_group_decorator.py for tasks to queue
[2022-10-03T12:42:24.079+0000] {logging_mixin.py:117} INFO - [2022-10-03T12:42:24.079+0000] {dagbag.py:525} INFO - Filling up the DagBag from /home/airflow/.local/lib/python3.7/site-packages/airflow/example_dags/example_task_group_decorator.py
[2022-10-03T12:42:24.113+0000] {processor.py:768} INFO - DAG(s) dict_keys(['example_task_group_decorator']) retrieved from /home/airflow/.local/lib/python3.7/site-packages/airflow/example_dags/example_task_group_decorator.py
[2022-10-03T12:42:24.158+0000] {logging_mixin.py:117} INFO - [2022-10-03T12:42:24.158+0000] {dag.py:2573} INFO - Sync 1 DAGs
[2022-10-03T12:42:24.190+0000] {logging_mixin.py:117} INFO - [2022-10-03T12:42:24.189+0000] {dag.py:3328} INFO - Setting next_dagrun for example_task_group_decorator to 2022-10-02T12:42:24.189670+00:00, run_after=2022-10-03T12:42:24.189670+00:00
[2022-10-03T12:42:24.221+0000] {processor.py:178} INFO - Processing /home/airflow/.local/lib/python3.7/site-packages/airflow/example_dags/example_task_group_decorator.py took 0.147 seconds
[2022-10-03T12:42:54.376+0000] {processor.py:156} INFO - Started process (PID=7659) to work on /home/airflow/.local/lib/python3.7/site-packages/airflow/example_dags/example_task_group_decorator.py
[2022-10-03T12:42:54.376+0000] {processor.py:758} INFO - Processing file /home/airflow/.local/lib/python3.7/site-packages/airflow/example_dags/example_task_group_decorator.py for tasks to queue
[2022-10-03T12:42:54.377+0000] {logging_mixin.py:117} INFO - [2022-10-03T12:42:54.377+0000] {dagbag.py:525} INFO - Filling up the DagBag from /home/airflow/.local/lib/python3.7/site-packages/airflow/example_dags/example_task_group_decorator.py
[2022-10-03T12:42:54.416+0000] {processor.py:768} INFO - DAG(s) dict_keys(['example_task_group_decorator']) retrieved from /home/airflow/.local/lib/python3.7/site-packages/airflow/example_dags/example_task_group_decorator.py
[2022-10-03T12:42:54.470+0000] {logging_mixin.py:117} INFO - [2022-10-03T12:42:54.470+0000] {dag.py:2573} INFO - Sync 1 DAGs
[2022-10-03T12:42:54.502+0000] {logging_mixin.py:117} INFO - [2022-10-03T12:42:54.502+0000] {dag.py:3328} INFO - Setting next_dagrun for example_task_group_decorator to 2022-10-02T12:42:54.502120+00:00, run_after=2022-10-03T12:42:54.502120+00:00
[2022-10-03T12:42:54.531+0000] {processor.py:178} INFO - Processing /home/airflow/.local/lib/python3.7/site-packages/airflow/example_dags/example_task_group_decorator.py took 0.159 seconds
[2022-10-03T12:43:24.766+0000] {processor.py:156} INFO - Started process (PID=7857) to work on /home/airflow/.local/lib/python3.7/site-packages/airflow/example_dags/example_task_group_decorator.py
[2022-10-03T12:43:24.768+0000] {processor.py:758} INFO - Processing file /home/airflow/.local/lib/python3.7/site-packages/airflow/example_dags/example_task_group_decorator.py for tasks to queue
[2022-10-03T12:43:24.769+0000] {logging_mixin.py:117} INFO - [2022-10-03T12:43:24.769+0000] {dagbag.py:525} INFO - Filling up the DagBag from /home/airflow/.local/lib/python3.7/site-packages/airflow/example_dags/example_task_group_decorator.py
[2022-10-03T12:43:24.857+0000] {processor.py:768} INFO - DAG(s) dict_keys(['example_task_group_decorator']) retrieved from /home/airflow/.local/lib/python3.7/site-packages/airflow/example_dags/example_task_group_decorator.py
[2022-10-03T12:43:24.949+0000] {logging_mixin.py:117} INFO - [2022-10-03T12:43:24.949+0000] {dag.py:2573} INFO - Sync 1 DAGs
[2022-10-03T12:43:25.008+0000] {logging_mixin.py:117} INFO - [2022-10-03T12:43:25.008+0000] {dag.py:3328} INFO - Setting next_dagrun for example_task_group_decorator to 2022-10-02T12:43:25.007863+00:00, run_after=2022-10-03T12:43:25.007863+00:00
[2022-10-03T12:43:25.059+0000] {processor.py:178} INFO - Processing /home/airflow/.local/lib/python3.7/site-packages/airflow/example_dags/example_task_group_decorator.py took 0.300 seconds
[2022-10-03T12:43:55.327+0000] {processor.py:156} INFO - Started process (PID=8064) to work on /home/airflow/.local/lib/python3.7/site-packages/airflow/example_dags/example_task_group_decorator.py
[2022-10-03T12:43:55.328+0000] {processor.py:758} INFO - Processing file /home/airflow/.local/lib/python3.7/site-packages/airflow/example_dags/example_task_group_decorator.py for tasks to queue
[2022-10-03T12:43:55.329+0000] {logging_mixin.py:117} INFO - [2022-10-03T12:43:55.329+0000] {dagbag.py:525} INFO - Filling up the DagBag from /home/airflow/.local/lib/python3.7/site-packages/airflow/example_dags/example_task_group_decorator.py
[2022-10-03T12:43:55.374+0000] {processor.py:768} INFO - DAG(s) dict_keys(['example_task_group_decorator']) retrieved from /home/airflow/.local/lib/python3.7/site-packages/airflow/example_dags/example_task_group_decorator.py
[2022-10-03T12:43:55.443+0000] {logging_mixin.py:117} INFO - [2022-10-03T12:43:55.442+0000] {dag.py:2573} INFO - Sync 1 DAGs
[2022-10-03T12:43:55.492+0000] {logging_mixin.py:117} INFO - [2022-10-03T12:43:55.491+0000] {dag.py:3328} INFO - Setting next_dagrun for example_task_group_decorator to 2022-10-02T12:43:55.491390+00:00, run_after=2022-10-03T12:43:55.491390+00:00
[2022-10-03T12:43:55.525+0000] {processor.py:178} INFO - Processing /home/airflow/.local/lib/python3.7/site-packages/airflow/example_dags/example_task_group_decorator.py took 0.201 seconds
[2022-10-03T12:44:25.559+0000] {processor.py:156} INFO - Started process (PID=8262) to work on /home/airflow/.local/lib/python3.7/site-packages/airflow/example_dags/example_task_group_decorator.py
[2022-10-03T12:44:25.560+0000] {processor.py:758} INFO - Processing file /home/airflow/.local/lib/python3.7/site-packages/airflow/example_dags/example_task_group_decorator.py for tasks to queue
[2022-10-03T12:44:25.562+0000] {logging_mixin.py:117} INFO - [2022-10-03T12:44:25.562+0000] {dagbag.py:525} INFO - Filling up the DagBag from /home/airflow/.local/lib/python3.7/site-packages/airflow/example_dags/example_task_group_decorator.py
[2022-10-03T12:44:25.601+0000] {processor.py:768} INFO - DAG(s) dict_keys(['example_task_group_decorator']) retrieved from /home/airflow/.local/lib/python3.7/site-packages/airflow/example_dags/example_task_group_decorator.py
[2022-10-03T12:44:25.657+0000] {logging_mixin.py:117} INFO - [2022-10-03T12:44:25.657+0000] {dag.py:2573} INFO - Sync 1 DAGs
[2022-10-03T12:44:25.684+0000] {logging_mixin.py:117} INFO - [2022-10-03T12:44:25.684+0000] {dag.py:3328} INFO - Setting next_dagrun for example_task_group_decorator to 2022-10-02T12:44:25.684448+00:00, run_after=2022-10-03T12:44:25.684448+00:00
[2022-10-03T12:44:25.711+0000] {processor.py:178} INFO - Processing /home/airflow/.local/lib/python3.7/site-packages/airflow/example_dags/example_task_group_decorator.py took 0.156 seconds
[2022-10-03T12:44:56.100+0000] {processor.py:156} INFO - Started process (PID=8469) to work on /home/airflow/.local/lib/python3.7/site-packages/airflow/example_dags/example_task_group_decorator.py
[2022-10-03T12:44:56.102+0000] {processor.py:758} INFO - Processing file /home/airflow/.local/lib/python3.7/site-packages/airflow/example_dags/example_task_group_decorator.py for tasks to queue
[2022-10-03T12:44:56.103+0000] {logging_mixin.py:117} INFO - [2022-10-03T12:44:56.103+0000] {dagbag.py:525} INFO - Filling up the DagBag from /home/airflow/.local/lib/python3.7/site-packages/airflow/example_dags/example_task_group_decorator.py
[2022-10-03T12:44:56.142+0000] {processor.py:768} INFO - DAG(s) dict_keys(['example_task_group_decorator']) retrieved from /home/airflow/.local/lib/python3.7/site-packages/airflow/example_dags/example_task_group_decorator.py
[2022-10-03T12:44:56.192+0000] {logging_mixin.py:117} INFO - [2022-10-03T12:44:56.191+0000] {dag.py:2573} INFO - Sync 1 DAGs
[2022-10-03T12:44:56.221+0000] {logging_mixin.py:117} INFO - [2022-10-03T12:44:56.220+0000] {dag.py:3328} INFO - Setting next_dagrun for example_task_group_decorator to 2022-10-02T12:44:56.220429+00:00, run_after=2022-10-03T12:44:56.220429+00:00
[2022-10-03T12:44:56.247+0000] {processor.py:178} INFO - Processing /home/airflow/.local/lib/python3.7/site-packages/airflow/example_dags/example_task_group_decorator.py took 0.151 seconds
[2022-10-03T12:45:26.914+0000] {processor.py:156} INFO - Started process (PID=8677) to work on /home/airflow/.local/lib/python3.7/site-packages/airflow/example_dags/example_task_group_decorator.py
[2022-10-03T12:45:26.916+0000] {processor.py:758} INFO - Processing file /home/airflow/.local/lib/python3.7/site-packages/airflow/example_dags/example_task_group_decorator.py for tasks to queue
[2022-10-03T12:45:26.918+0000] {logging_mixin.py:117} INFO - [2022-10-03T12:45:26.917+0000] {dagbag.py:525} INFO - Filling up the DagBag from /home/airflow/.local/lib/python3.7/site-packages/airflow/example_dags/example_task_group_decorator.py
[2022-10-03T12:45:27.025+0000] {processor.py:768} INFO - DAG(s) dict_keys(['example_task_group_decorator']) retrieved from /home/airflow/.local/lib/python3.7/site-packages/airflow/example_dags/example_task_group_decorator.py
[2022-10-03T12:45:27.131+0000] {logging_mixin.py:117} INFO - [2022-10-03T12:45:27.131+0000] {dag.py:2573} INFO - Sync 1 DAGs
[2022-10-03T12:45:27.193+0000] {logging_mixin.py:117} INFO - [2022-10-03T12:45:27.193+0000] {dag.py:3328} INFO - Setting next_dagrun for example_task_group_decorator to 2022-10-02T12:45:27.192803+00:00, run_after=2022-10-03T12:45:27.192803+00:00
[2022-10-03T12:45:27.242+0000] {processor.py:178} INFO - Processing /home/airflow/.local/lib/python3.7/site-packages/airflow/example_dags/example_task_group_decorator.py took 0.335 seconds
[2022-10-03T12:45:57.287+0000] {processor.py:156} INFO - Started process (PID=8875) to work on /home/airflow/.local/lib/python3.7/site-packages/airflow/example_dags/example_task_group_decorator.py
[2022-10-03T12:45:57.289+0000] {processor.py:758} INFO - Processing file /home/airflow/.local/lib/python3.7/site-packages/airflow/example_dags/example_task_group_decorator.py for tasks to queue
[2022-10-03T12:45:57.290+0000] {logging_mixin.py:117} INFO - [2022-10-03T12:45:57.290+0000] {dagbag.py:525} INFO - Filling up the DagBag from /home/airflow/.local/lib/python3.7/site-packages/airflow/example_dags/example_task_group_decorator.py
[2022-10-03T12:45:57.375+0000] {processor.py:768} INFO - DAG(s) dict_keys(['example_task_group_decorator']) retrieved from /home/airflow/.local/lib/python3.7/site-packages/airflow/example_dags/example_task_group_decorator.py
[2022-10-03T12:45:57.486+0000] {logging_mixin.py:117} INFO - [2022-10-03T12:45:57.486+0000] {dag.py:2573} INFO - Sync 1 DAGs
[2022-10-03T12:45:57.560+0000] {logging_mixin.py:117} INFO - [2022-10-03T12:45:57.559+0000] {dag.py:3328} INFO - Setting next_dagrun for example_task_group_decorator to 2022-10-02T12:45:57.559096+00:00, run_after=2022-10-03T12:45:57.559096+00:00
[2022-10-03T12:45:57.617+0000] {processor.py:178} INFO - Processing /home/airflow/.local/lib/python3.7/site-packages/airflow/example_dags/example_task_group_decorator.py took 0.337 seconds
