[2022-10-03T12:24:27.636+0000] {processor.py:156} INFO - Started process (PID=332) to work on /home/airflow/.local/lib/python3.7/site-packages/airflow/example_dags/example_latest_only_with_trigger.py
[2022-10-03T12:24:27.638+0000] {processor.py:758} INFO - Processing file /home/airflow/.local/lib/python3.7/site-packages/airflow/example_dags/example_latest_only_with_trigger.py for tasks to queue
[2022-10-03T12:24:27.639+0000] {logging_mixin.py:117} INFO - [2022-10-03T12:24:27.639+0000] {dagbag.py:525} INFO - Filling up the DagBag from /home/airflow/.local/lib/python3.7/site-packages/airflow/example_dags/example_latest_only_with_trigger.py
[2022-10-03T12:24:27.682+0000] {processor.py:768} INFO - DAG(s) dict_keys(['latest_only_with_trigger']) retrieved from /home/airflow/.local/lib/python3.7/site-packages/airflow/example_dags/example_latest_only_with_trigger.py
[2022-10-03T12:24:27.779+0000] {logging_mixin.py:117} INFO - [2022-10-03T12:24:27.778+0000] {dag.py:2573} INFO - Sync 1 DAGs
[2022-10-03T12:24:27.861+0000] {logging_mixin.py:117} INFO - [2022-10-03T12:24:27.860+0000] {dag.py:3328} INFO - Setting next_dagrun for latest_only_with_trigger to 2022-10-03T08:24:27.860366+00:00, run_after=2022-10-03T12:24:27.860366+00:00
[2022-10-03T12:24:27.925+0000] {processor.py:178} INFO - Processing /home/airflow/.local/lib/python3.7/site-packages/airflow/example_dags/example_latest_only_with_trigger.py took 0.295 seconds
[2022-10-03T12:24:59.966+0000] {processor.py:156} INFO - Started process (PID=531) to work on /home/airflow/.local/lib/python3.7/site-packages/airflow/example_dags/example_latest_only_with_trigger.py
[2022-10-03T12:24:59.967+0000] {processor.py:758} INFO - Processing file /home/airflow/.local/lib/python3.7/site-packages/airflow/example_dags/example_latest_only_with_trigger.py for tasks to queue
[2022-10-03T12:24:59.969+0000] {logging_mixin.py:117} INFO - [2022-10-03T12:24:59.969+0000] {dagbag.py:525} INFO - Filling up the DagBag from /home/airflow/.local/lib/python3.7/site-packages/airflow/example_dags/example_latest_only_with_trigger.py
[2022-10-03T12:25:00.000+0000] {processor.py:768} INFO - DAG(s) dict_keys(['latest_only_with_trigger']) retrieved from /home/airflow/.local/lib/python3.7/site-packages/airflow/example_dags/example_latest_only_with_trigger.py
[2022-10-03T12:25:00.106+0000] {logging_mixin.py:117} INFO - [2022-10-03T12:25:00.106+0000] {dag.py:2573} INFO - Sync 1 DAGs
[2022-10-03T12:25:00.386+0000] {logging_mixin.py:117} INFO - [2022-10-03T12:25:00.385+0000] {dag.py:3328} INFO - Setting next_dagrun for latest_only_with_trigger to 2022-10-03T08:25:00.385413+00:00, run_after=2022-10-03T12:25:00.385413+00:00
[2022-10-03T12:25:00.443+0000] {processor.py:178} INFO - Processing /home/airflow/.local/lib/python3.7/site-packages/airflow/example_dags/example_latest_only_with_trigger.py took 0.489 seconds
[2022-10-03T12:25:30.683+0000] {processor.py:156} INFO - Started process (PID=731) to work on /home/airflow/.local/lib/python3.7/site-packages/airflow/example_dags/example_latest_only_with_trigger.py
[2022-10-03T12:25:30.685+0000] {processor.py:758} INFO - Processing file /home/airflow/.local/lib/python3.7/site-packages/airflow/example_dags/example_latest_only_with_trigger.py for tasks to queue
[2022-10-03T12:25:30.686+0000] {logging_mixin.py:117} INFO - [2022-10-03T12:25:30.686+0000] {dagbag.py:525} INFO - Filling up the DagBag from /home/airflow/.local/lib/python3.7/site-packages/airflow/example_dags/example_latest_only_with_trigger.py
[2022-10-03T12:25:30.717+0000] {processor.py:768} INFO - DAG(s) dict_keys(['latest_only_with_trigger']) retrieved from /home/airflow/.local/lib/python3.7/site-packages/airflow/example_dags/example_latest_only_with_trigger.py
[2022-10-03T12:25:30.807+0000] {logging_mixin.py:117} INFO - [2022-10-03T12:25:30.806+0000] {dag.py:2573} INFO - Sync 1 DAGs
[2022-10-03T12:25:31.088+0000] {logging_mixin.py:117} INFO - [2022-10-03T12:25:31.087+0000] {dag.py:3328} INFO - Setting next_dagrun for latest_only_with_trigger to 2022-10-03T08:25:31.086843+00:00, run_after=2022-10-03T12:25:31.086843+00:00
[2022-10-03T12:25:31.150+0000] {processor.py:178} INFO - Processing /home/airflow/.local/lib/python3.7/site-packages/airflow/example_dags/example_latest_only_with_trigger.py took 0.474 seconds
[2022-10-03T12:26:02.219+0000] {processor.py:156} INFO - Started process (PID=938) to work on /home/airflow/.local/lib/python3.7/site-packages/airflow/example_dags/example_latest_only_with_trigger.py
[2022-10-03T12:26:02.221+0000] {processor.py:758} INFO - Processing file /home/airflow/.local/lib/python3.7/site-packages/airflow/example_dags/example_latest_only_with_trigger.py for tasks to queue
[2022-10-03T12:26:02.223+0000] {logging_mixin.py:117} INFO - [2022-10-03T12:26:02.223+0000] {dagbag.py:525} INFO - Filling up the DagBag from /home/airflow/.local/lib/python3.7/site-packages/airflow/example_dags/example_latest_only_with_trigger.py
[2022-10-03T12:26:02.263+0000] {processor.py:768} INFO - DAG(s) dict_keys(['latest_only_with_trigger']) retrieved from /home/airflow/.local/lib/python3.7/site-packages/airflow/example_dags/example_latest_only_with_trigger.py
[2022-10-03T12:26:02.604+0000] {logging_mixin.py:117} INFO - [2022-10-03T12:26:02.603+0000] {dag.py:2573} INFO - Sync 1 DAGs
[2022-10-03T12:26:02.666+0000] {logging_mixin.py:117} INFO - [2022-10-03T12:26:02.665+0000] {dag.py:3328} INFO - Setting next_dagrun for latest_only_with_trigger to 2022-10-03T08:26:02.665470+00:00, run_after=2022-10-03T12:26:02.665470+00:00
[2022-10-03T12:26:02.715+0000] {processor.py:178} INFO - Processing /home/airflow/.local/lib/python3.7/site-packages/airflow/example_dags/example_latest_only_with_trigger.py took 0.505 seconds
[2022-10-03T12:26:33.412+0000] {processor.py:156} INFO - Started process (PID=1137) to work on /home/airflow/.local/lib/python3.7/site-packages/airflow/example_dags/example_latest_only_with_trigger.py
[2022-10-03T12:26:33.413+0000] {processor.py:758} INFO - Processing file /home/airflow/.local/lib/python3.7/site-packages/airflow/example_dags/example_latest_only_with_trigger.py for tasks to queue
[2022-10-03T12:26:33.414+0000] {logging_mixin.py:117} INFO - [2022-10-03T12:26:33.414+0000] {dagbag.py:525} INFO - Filling up the DagBag from /home/airflow/.local/lib/python3.7/site-packages/airflow/example_dags/example_latest_only_with_trigger.py
[2022-10-03T12:26:33.429+0000] {processor.py:768} INFO - DAG(s) dict_keys(['latest_only_with_trigger']) retrieved from /home/airflow/.local/lib/python3.7/site-packages/airflow/example_dags/example_latest_only_with_trigger.py
[2022-10-03T12:26:33.694+0000] {logging_mixin.py:117} INFO - [2022-10-03T12:26:33.694+0000] {dag.py:2573} INFO - Sync 1 DAGs
[2022-10-03T12:26:33.725+0000] {logging_mixin.py:117} INFO - [2022-10-03T12:26:33.725+0000] {dag.py:3328} INFO - Setting next_dagrun for latest_only_with_trigger to 2022-10-03T08:26:33.724788+00:00, run_after=2022-10-03T12:26:33.724788+00:00
[2022-10-03T12:26:33.753+0000] {processor.py:178} INFO - Processing /home/airflow/.local/lib/python3.7/site-packages/airflow/example_dags/example_latest_only_with_trigger.py took 0.343 seconds
[2022-10-03T12:27:04.465+0000] {processor.py:156} INFO - Started process (PID=1362) to work on /home/airflow/.local/lib/python3.7/site-packages/airflow/example_dags/example_latest_only_with_trigger.py
[2022-10-03T12:27:04.468+0000] {processor.py:758} INFO - Processing file /home/airflow/.local/lib/python3.7/site-packages/airflow/example_dags/example_latest_only_with_trigger.py for tasks to queue
[2022-10-03T12:27:04.471+0000] {logging_mixin.py:117} INFO - [2022-10-03T12:27:04.470+0000] {dagbag.py:525} INFO - Filling up the DagBag from /home/airflow/.local/lib/python3.7/site-packages/airflow/example_dags/example_latest_only_with_trigger.py
[2022-10-03T12:27:04.730+0000] {processor.py:768} INFO - DAG(s) dict_keys(['latest_only_with_trigger']) retrieved from /home/airflow/.local/lib/python3.7/site-packages/airflow/example_dags/example_latest_only_with_trigger.py
[2022-10-03T12:27:04.882+0000] {logging_mixin.py:117} INFO - [2022-10-03T12:27:04.881+0000] {dag.py:2573} INFO - Sync 1 DAGs
[2022-10-03T12:27:04.940+0000] {logging_mixin.py:117} INFO - [2022-10-03T12:27:04.940+0000] {dag.py:3328} INFO - Setting next_dagrun for latest_only_with_trigger to 2022-10-03T08:27:04.940021+00:00, run_after=2022-10-03T12:27:04.940021+00:00
[2022-10-03T12:27:04.995+0000] {processor.py:178} INFO - Processing /home/airflow/.local/lib/python3.7/site-packages/airflow/example_dags/example_latest_only_with_trigger.py took 0.543 seconds
[2022-10-03T12:27:35.532+0000] {processor.py:156} INFO - Started process (PID=1578) to work on /home/airflow/.local/lib/python3.7/site-packages/airflow/example_dags/example_latest_only_with_trigger.py
[2022-10-03T12:27:35.533+0000] {processor.py:758} INFO - Processing file /home/airflow/.local/lib/python3.7/site-packages/airflow/example_dags/example_latest_only_with_trigger.py for tasks to queue
[2022-10-03T12:27:35.534+0000] {logging_mixin.py:117} INFO - [2022-10-03T12:27:35.533+0000] {dagbag.py:525} INFO - Filling up the DagBag from /home/airflow/.local/lib/python3.7/site-packages/airflow/example_dags/example_latest_only_with_trigger.py
[2022-10-03T12:27:35.559+0000] {processor.py:768} INFO - DAG(s) dict_keys(['latest_only_with_trigger']) retrieved from /home/airflow/.local/lib/python3.7/site-packages/airflow/example_dags/example_latest_only_with_trigger.py
[2022-10-03T12:27:35.609+0000] {logging_mixin.py:117} INFO - [2022-10-03T12:27:35.608+0000] {dag.py:2573} INFO - Sync 1 DAGs
[2022-10-03T12:27:35.640+0000] {logging_mixin.py:117} INFO - [2022-10-03T12:27:35.639+0000] {dag.py:3328} INFO - Setting next_dagrun for latest_only_with_trigger to 2022-10-03T08:27:35.639526+00:00, run_after=2022-10-03T12:27:35.639526+00:00
[2022-10-03T12:27:35.668+0000] {processor.py:178} INFO - Processing /home/airflow/.local/lib/python3.7/site-packages/airflow/example_dags/example_latest_only_with_trigger.py took 0.140 seconds
[2022-10-03T12:28:06.568+0000] {processor.py:156} INFO - Started process (PID=1785) to work on /home/airflow/.local/lib/python3.7/site-packages/airflow/example_dags/example_latest_only_with_trigger.py
[2022-10-03T12:28:06.570+0000] {processor.py:758} INFO - Processing file /home/airflow/.local/lib/python3.7/site-packages/airflow/example_dags/example_latest_only_with_trigger.py for tasks to queue
[2022-10-03T12:28:06.572+0000] {logging_mixin.py:117} INFO - [2022-10-03T12:28:06.571+0000] {dagbag.py:525} INFO - Filling up the DagBag from /home/airflow/.local/lib/python3.7/site-packages/airflow/example_dags/example_latest_only_with_trigger.py
[2022-10-03T12:28:06.624+0000] {processor.py:768} INFO - DAG(s) dict_keys(['latest_only_with_trigger']) retrieved from /home/airflow/.local/lib/python3.7/site-packages/airflow/example_dags/example_latest_only_with_trigger.py
[2022-10-03T12:28:06.744+0000] {logging_mixin.py:117} INFO - [2022-10-03T12:28:06.743+0000] {dag.py:2573} INFO - Sync 1 DAGs
[2022-10-03T12:28:06.828+0000] {logging_mixin.py:117} INFO - [2022-10-03T12:28:06.827+0000] {dag.py:3328} INFO - Setting next_dagrun for latest_only_with_trigger to 2022-10-03T08:28:06.827321+00:00, run_after=2022-10-03T12:28:06.827321+00:00
[2022-10-03T12:28:06.882+0000] {processor.py:178} INFO - Processing /home/airflow/.local/lib/python3.7/site-packages/airflow/example_dags/example_latest_only_with_trigger.py took 0.322 seconds
[2022-10-03T12:28:37.015+0000] {processor.py:156} INFO - Started process (PID=1993) to work on /home/airflow/.local/lib/python3.7/site-packages/airflow/example_dags/example_latest_only_with_trigger.py
[2022-10-03T12:28:37.017+0000] {processor.py:758} INFO - Processing file /home/airflow/.local/lib/python3.7/site-packages/airflow/example_dags/example_latest_only_with_trigger.py for tasks to queue
[2022-10-03T12:28:37.018+0000] {logging_mixin.py:117} INFO - [2022-10-03T12:28:37.018+0000] {dagbag.py:525} INFO - Filling up the DagBag from /home/airflow/.local/lib/python3.7/site-packages/airflow/example_dags/example_latest_only_with_trigger.py
[2022-10-03T12:28:37.052+0000] {processor.py:768} INFO - DAG(s) dict_keys(['latest_only_with_trigger']) retrieved from /home/airflow/.local/lib/python3.7/site-packages/airflow/example_dags/example_latest_only_with_trigger.py
[2022-10-03T12:28:37.173+0000] {logging_mixin.py:117} INFO - [2022-10-03T12:28:37.173+0000] {dag.py:2573} INFO - Sync 1 DAGs
[2022-10-03T12:28:37.242+0000] {logging_mixin.py:117} INFO - [2022-10-03T12:28:37.242+0000] {dag.py:3328} INFO - Setting next_dagrun for latest_only_with_trigger to 2022-10-03T08:28:37.241914+00:00, run_after=2022-10-03T12:28:37.241914+00:00
[2022-10-03T12:28:37.296+0000] {processor.py:178} INFO - Processing /home/airflow/.local/lib/python3.7/site-packages/airflow/example_dags/example_latest_only_with_trigger.py took 0.290 seconds
[2022-10-03T12:29:07.762+0000] {processor.py:156} INFO - Started process (PID=2191) to work on /home/airflow/.local/lib/python3.7/site-packages/airflow/example_dags/example_latest_only_with_trigger.py
[2022-10-03T12:29:07.765+0000] {processor.py:758} INFO - Processing file /home/airflow/.local/lib/python3.7/site-packages/airflow/example_dags/example_latest_only_with_trigger.py for tasks to queue
[2022-10-03T12:29:07.767+0000] {logging_mixin.py:117} INFO - [2022-10-03T12:29:07.766+0000] {dagbag.py:525} INFO - Filling up the DagBag from /home/airflow/.local/lib/python3.7/site-packages/airflow/example_dags/example_latest_only_with_trigger.py
[2022-10-03T12:29:07.800+0000] {processor.py:768} INFO - DAG(s) dict_keys(['latest_only_with_trigger']) retrieved from /home/airflow/.local/lib/python3.7/site-packages/airflow/example_dags/example_latest_only_with_trigger.py
[2022-10-03T12:29:07.889+0000] {logging_mixin.py:117} INFO - [2022-10-03T12:29:07.889+0000] {dag.py:2573} INFO - Sync 1 DAGs
[2022-10-03T12:29:07.952+0000] {logging_mixin.py:117} INFO - [2022-10-03T12:29:07.951+0000] {dag.py:3328} INFO - Setting next_dagrun for latest_only_with_trigger to 2022-10-03T08:29:07.951345+00:00, run_after=2022-10-03T12:29:07.951345+00:00
[2022-10-03T12:29:08.001+0000] {processor.py:178} INFO - Processing /home/airflow/.local/lib/python3.7/site-packages/airflow/example_dags/example_latest_only_with_trigger.py took 0.245 seconds
[2022-10-03T12:29:38.222+0000] {processor.py:156} INFO - Started process (PID=2398) to work on /home/airflow/.local/lib/python3.7/site-packages/airflow/example_dags/example_latest_only_with_trigger.py
[2022-10-03T12:29:38.224+0000] {processor.py:758} INFO - Processing file /home/airflow/.local/lib/python3.7/site-packages/airflow/example_dags/example_latest_only_with_trigger.py for tasks to queue
[2022-10-03T12:29:38.226+0000] {logging_mixin.py:117} INFO - [2022-10-03T12:29:38.225+0000] {dagbag.py:525} INFO - Filling up the DagBag from /home/airflow/.local/lib/python3.7/site-packages/airflow/example_dags/example_latest_only_with_trigger.py
[2022-10-03T12:29:38.265+0000] {processor.py:768} INFO - DAG(s) dict_keys(['latest_only_with_trigger']) retrieved from /home/airflow/.local/lib/python3.7/site-packages/airflow/example_dags/example_latest_only_with_trigger.py
[2022-10-03T12:29:38.356+0000] {logging_mixin.py:117} INFO - [2022-10-03T12:29:38.355+0000] {dag.py:2573} INFO - Sync 1 DAGs
[2022-10-03T12:29:38.406+0000] {logging_mixin.py:117} INFO - [2022-10-03T12:29:38.406+0000] {dag.py:3328} INFO - Setting next_dagrun for latest_only_with_trigger to 2022-10-03T08:29:38.405720+00:00, run_after=2022-10-03T12:29:38.405720+00:00
[2022-10-03T12:29:38.440+0000] {processor.py:178} INFO - Processing /home/airflow/.local/lib/python3.7/site-packages/airflow/example_dags/example_latest_only_with_trigger.py took 0.226 seconds
[2022-10-03T12:30:08.795+0000] {processor.py:156} INFO - Started process (PID=2596) to work on /home/airflow/.local/lib/python3.7/site-packages/airflow/example_dags/example_latest_only_with_trigger.py
[2022-10-03T12:30:08.795+0000] {processor.py:758} INFO - Processing file /home/airflow/.local/lib/python3.7/site-packages/airflow/example_dags/example_latest_only_with_trigger.py for tasks to queue
[2022-10-03T12:30:08.796+0000] {logging_mixin.py:117} INFO - [2022-10-03T12:30:08.796+0000] {dagbag.py:525} INFO - Filling up the DagBag from /home/airflow/.local/lib/python3.7/site-packages/airflow/example_dags/example_latest_only_with_trigger.py
[2022-10-03T12:30:08.813+0000] {processor.py:768} INFO - DAG(s) dict_keys(['latest_only_with_trigger']) retrieved from /home/airflow/.local/lib/python3.7/site-packages/airflow/example_dags/example_latest_only_with_trigger.py
[2022-10-03T12:30:08.856+0000] {logging_mixin.py:117} INFO - [2022-10-03T12:30:08.856+0000] {dag.py:2573} INFO - Sync 1 DAGs
[2022-10-03T12:30:08.891+0000] {logging_mixin.py:117} INFO - [2022-10-03T12:30:08.891+0000] {dag.py:3328} INFO - Setting next_dagrun for latest_only_with_trigger to 2022-10-03T08:30:08.890703+00:00, run_after=2022-10-03T12:30:08.890703+00:00
[2022-10-03T12:30:08.917+0000] {processor.py:178} INFO - Processing /home/airflow/.local/lib/python3.7/site-packages/airflow/example_dags/example_latest_only_with_trigger.py took 0.126 seconds
[2022-10-03T12:30:39.599+0000] {processor.py:156} INFO - Started process (PID=2805) to work on /home/airflow/.local/lib/python3.7/site-packages/airflow/example_dags/example_latest_only_with_trigger.py
[2022-10-03T12:30:39.599+0000] {processor.py:758} INFO - Processing file /home/airflow/.local/lib/python3.7/site-packages/airflow/example_dags/example_latest_only_with_trigger.py for tasks to queue
[2022-10-03T12:30:39.600+0000] {logging_mixin.py:117} INFO - [2022-10-03T12:30:39.600+0000] {dagbag.py:525} INFO - Filling up the DagBag from /home/airflow/.local/lib/python3.7/site-packages/airflow/example_dags/example_latest_only_with_trigger.py
[2022-10-03T12:30:39.616+0000] {processor.py:768} INFO - DAG(s) dict_keys(['latest_only_with_trigger']) retrieved from /home/airflow/.local/lib/python3.7/site-packages/airflow/example_dags/example_latest_only_with_trigger.py
[2022-10-03T12:30:39.663+0000] {logging_mixin.py:117} INFO - [2022-10-03T12:30:39.663+0000] {dag.py:2573} INFO - Sync 1 DAGs
[2022-10-03T12:30:39.691+0000] {logging_mixin.py:117} INFO - [2022-10-03T12:30:39.691+0000] {dag.py:3328} INFO - Setting next_dagrun for latest_only_with_trigger to 2022-10-03T08:30:39.690807+00:00, run_after=2022-10-03T12:30:39.690807+00:00
[2022-10-03T12:30:39.717+0000] {processor.py:178} INFO - Processing /home/airflow/.local/lib/python3.7/site-packages/airflow/example_dags/example_latest_only_with_trigger.py took 0.121 seconds
[2022-10-03T12:31:10.689+0000] {processor.py:156} INFO - Started process (PID=3010) to work on /home/airflow/.local/lib/python3.7/site-packages/airflow/example_dags/example_latest_only_with_trigger.py
[2022-10-03T12:31:10.691+0000] {processor.py:758} INFO - Processing file /home/airflow/.local/lib/python3.7/site-packages/airflow/example_dags/example_latest_only_with_trigger.py for tasks to queue
[2022-10-03T12:31:10.692+0000] {logging_mixin.py:117} INFO - [2022-10-03T12:31:10.692+0000] {dagbag.py:525} INFO - Filling up the DagBag from /home/airflow/.local/lib/python3.7/site-packages/airflow/example_dags/example_latest_only_with_trigger.py
[2022-10-03T12:31:10.725+0000] {processor.py:768} INFO - DAG(s) dict_keys(['latest_only_with_trigger']) retrieved from /home/airflow/.local/lib/python3.7/site-packages/airflow/example_dags/example_latest_only_with_trigger.py
[2022-10-03T12:31:10.821+0000] {logging_mixin.py:117} INFO - [2022-10-03T12:31:10.820+0000] {dag.py:2573} INFO - Sync 1 DAGs
[2022-10-03T12:31:10.893+0000] {logging_mixin.py:117} INFO - [2022-10-03T12:31:10.893+0000] {dag.py:3328} INFO - Setting next_dagrun for latest_only_with_trigger to 2022-10-03T08:31:10.893047+00:00, run_after=2022-10-03T12:31:10.893047+00:00
[2022-10-03T12:31:10.946+0000] {processor.py:178} INFO - Processing /home/airflow/.local/lib/python3.7/site-packages/airflow/example_dags/example_latest_only_with_trigger.py took 0.263 seconds
[2022-10-03T12:31:41.277+0000] {processor.py:156} INFO - Started process (PID=3208) to work on /home/airflow/.local/lib/python3.7/site-packages/airflow/example_dags/example_latest_only_with_trigger.py
[2022-10-03T12:31:41.278+0000] {processor.py:758} INFO - Processing file /home/airflow/.local/lib/python3.7/site-packages/airflow/example_dags/example_latest_only_with_trigger.py for tasks to queue
[2022-10-03T12:31:41.280+0000] {logging_mixin.py:117} INFO - [2022-10-03T12:31:41.280+0000] {dagbag.py:525} INFO - Filling up the DagBag from /home/airflow/.local/lib/python3.7/site-packages/airflow/example_dags/example_latest_only_with_trigger.py
[2022-10-03T12:31:41.320+0000] {processor.py:768} INFO - DAG(s) dict_keys(['latest_only_with_trigger']) retrieved from /home/airflow/.local/lib/python3.7/site-packages/airflow/example_dags/example_latest_only_with_trigger.py
[2022-10-03T12:31:41.421+0000] {logging_mixin.py:117} INFO - [2022-10-03T12:31:41.420+0000] {dag.py:2573} INFO - Sync 1 DAGs
[2022-10-03T12:31:41.489+0000] {logging_mixin.py:117} INFO - [2022-10-03T12:31:41.489+0000] {dag.py:3328} INFO - Setting next_dagrun for latest_only_with_trigger to 2022-10-03T08:31:41.489065+00:00, run_after=2022-10-03T12:31:41.489065+00:00
[2022-10-03T12:31:41.539+0000] {processor.py:178} INFO - Processing /home/airflow/.local/lib/python3.7/site-packages/airflow/example_dags/example_latest_only_with_trigger.py took 0.269 seconds
[2022-10-03T12:32:12.478+0000] {processor.py:156} INFO - Started process (PID=3415) to work on /home/airflow/.local/lib/python3.7/site-packages/airflow/example_dags/example_latest_only_with_trigger.py
[2022-10-03T12:32:12.481+0000] {processor.py:758} INFO - Processing file /home/airflow/.local/lib/python3.7/site-packages/airflow/example_dags/example_latest_only_with_trigger.py for tasks to queue
[2022-10-03T12:32:12.483+0000] {logging_mixin.py:117} INFO - [2022-10-03T12:32:12.482+0000] {dagbag.py:525} INFO - Filling up the DagBag from /home/airflow/.local/lib/python3.7/site-packages/airflow/example_dags/example_latest_only_with_trigger.py
[2022-10-03T12:32:12.528+0000] {processor.py:768} INFO - DAG(s) dict_keys(['latest_only_with_trigger']) retrieved from /home/airflow/.local/lib/python3.7/site-packages/airflow/example_dags/example_latest_only_with_trigger.py
[2022-10-03T12:32:12.668+0000] {logging_mixin.py:117} INFO - [2022-10-03T12:32:12.668+0000] {dag.py:2573} INFO - Sync 1 DAGs
[2022-10-03T12:32:12.767+0000] {logging_mixin.py:117} INFO - [2022-10-03T12:32:12.766+0000] {dag.py:3328} INFO - Setting next_dagrun for latest_only_with_trigger to 2022-10-03T08:32:12.764945+00:00, run_after=2022-10-03T12:32:12.764945+00:00
[2022-10-03T12:32:12.835+0000] {processor.py:178} INFO - Processing /home/airflow/.local/lib/python3.7/site-packages/airflow/example_dags/example_latest_only_with_trigger.py took 0.367 seconds
[2022-10-03T12:32:43.420+0000] {processor.py:156} INFO - Started process (PID=3613) to work on /home/airflow/.local/lib/python3.7/site-packages/airflow/example_dags/example_latest_only_with_trigger.py
[2022-10-03T12:32:43.422+0000] {processor.py:758} INFO - Processing file /home/airflow/.local/lib/python3.7/site-packages/airflow/example_dags/example_latest_only_with_trigger.py for tasks to queue
[2022-10-03T12:32:43.423+0000] {logging_mixin.py:117} INFO - [2022-10-03T12:32:43.423+0000] {dagbag.py:525} INFO - Filling up the DagBag from /home/airflow/.local/lib/python3.7/site-packages/airflow/example_dags/example_latest_only_with_trigger.py
[2022-10-03T12:32:43.458+0000] {processor.py:768} INFO - DAG(s) dict_keys(['latest_only_with_trigger']) retrieved from /home/airflow/.local/lib/python3.7/site-packages/airflow/example_dags/example_latest_only_with_trigger.py
[2022-10-03T12:32:43.555+0000] {logging_mixin.py:117} INFO - [2022-10-03T12:32:43.555+0000] {dag.py:2573} INFO - Sync 1 DAGs
[2022-10-03T12:32:43.621+0000] {logging_mixin.py:117} INFO - [2022-10-03T12:32:43.620+0000] {dag.py:3328} INFO - Setting next_dagrun for latest_only_with_trigger to 2022-10-03T08:32:43.620326+00:00, run_after=2022-10-03T12:32:43.620326+00:00
[2022-10-03T12:32:43.670+0000] {processor.py:178} INFO - Processing /home/airflow/.local/lib/python3.7/site-packages/airflow/example_dags/example_latest_only_with_trigger.py took 0.256 seconds
[2022-10-03T12:33:14.359+0000] {processor.py:156} INFO - Started process (PID=3820) to work on /home/airflow/.local/lib/python3.7/site-packages/airflow/example_dags/example_latest_only_with_trigger.py
[2022-10-03T12:33:14.360+0000] {processor.py:758} INFO - Processing file /home/airflow/.local/lib/python3.7/site-packages/airflow/example_dags/example_latest_only_with_trigger.py for tasks to queue
[2022-10-03T12:33:14.360+0000] {logging_mixin.py:117} INFO - [2022-10-03T12:33:14.360+0000] {dagbag.py:525} INFO - Filling up the DagBag from /home/airflow/.local/lib/python3.7/site-packages/airflow/example_dags/example_latest_only_with_trigger.py
[2022-10-03T12:33:14.376+0000] {processor.py:768} INFO - DAG(s) dict_keys(['latest_only_with_trigger']) retrieved from /home/airflow/.local/lib/python3.7/site-packages/airflow/example_dags/example_latest_only_with_trigger.py
[2022-10-03T12:33:14.418+0000] {logging_mixin.py:117} INFO - [2022-10-03T12:33:14.418+0000] {dag.py:2573} INFO - Sync 1 DAGs
[2022-10-03T12:33:14.447+0000] {logging_mixin.py:117} INFO - [2022-10-03T12:33:14.447+0000] {dag.py:3328} INFO - Setting next_dagrun for latest_only_with_trigger to 2022-10-03T08:33:14.446898+00:00, run_after=2022-10-03T12:33:14.446898+00:00
[2022-10-03T12:33:14.475+0000] {processor.py:178} INFO - Processing /home/airflow/.local/lib/python3.7/site-packages/airflow/example_dags/example_latest_only_with_trigger.py took 0.119 seconds
[2022-10-03T12:33:45.087+0000] {processor.py:156} INFO - Started process (PID=4027) to work on /home/airflow/.local/lib/python3.7/site-packages/airflow/example_dags/example_latest_only_with_trigger.py
[2022-10-03T12:33:45.088+0000] {processor.py:758} INFO - Processing file /home/airflow/.local/lib/python3.7/site-packages/airflow/example_dags/example_latest_only_with_trigger.py for tasks to queue
[2022-10-03T12:33:45.089+0000] {logging_mixin.py:117} INFO - [2022-10-03T12:33:45.089+0000] {dagbag.py:525} INFO - Filling up the DagBag from /home/airflow/.local/lib/python3.7/site-packages/airflow/example_dags/example_latest_only_with_trigger.py
[2022-10-03T12:33:45.107+0000] {processor.py:768} INFO - DAG(s) dict_keys(['latest_only_with_trigger']) retrieved from /home/airflow/.local/lib/python3.7/site-packages/airflow/example_dags/example_latest_only_with_trigger.py
[2022-10-03T12:33:45.155+0000] {logging_mixin.py:117} INFO - [2022-10-03T12:33:45.155+0000] {dag.py:2573} INFO - Sync 1 DAGs
[2022-10-03T12:33:45.188+0000] {logging_mixin.py:117} INFO - [2022-10-03T12:33:45.188+0000] {dag.py:3328} INFO - Setting next_dagrun for latest_only_with_trigger to 2022-10-03T08:33:45.188345+00:00, run_after=2022-10-03T12:33:45.188345+00:00
[2022-10-03T12:33:45.217+0000] {processor.py:178} INFO - Processing /home/airflow/.local/lib/python3.7/site-packages/airflow/example_dags/example_latest_only_with_trigger.py took 0.132 seconds
[2022-10-03T12:34:15.243+0000] {processor.py:156} INFO - Started process (PID=4222) to work on /home/airflow/.local/lib/python3.7/site-packages/airflow/example_dags/example_latest_only_with_trigger.py
[2022-10-03T12:34:15.244+0000] {processor.py:758} INFO - Processing file /home/airflow/.local/lib/python3.7/site-packages/airflow/example_dags/example_latest_only_with_trigger.py for tasks to queue
[2022-10-03T12:34:15.245+0000] {logging_mixin.py:117} INFO - [2022-10-03T12:34:15.245+0000] {dagbag.py:525} INFO - Filling up the DagBag from /home/airflow/.local/lib/python3.7/site-packages/airflow/example_dags/example_latest_only_with_trigger.py
[2022-10-03T12:34:15.261+0000] {processor.py:768} INFO - DAG(s) dict_keys(['latest_only_with_trigger']) retrieved from /home/airflow/.local/lib/python3.7/site-packages/airflow/example_dags/example_latest_only_with_trigger.py
[2022-10-03T12:34:15.304+0000] {logging_mixin.py:117} INFO - [2022-10-03T12:34:15.303+0000] {dag.py:2573} INFO - Sync 1 DAGs
[2022-10-03T12:34:15.334+0000] {logging_mixin.py:117} INFO - [2022-10-03T12:34:15.333+0000] {dag.py:3328} INFO - Setting next_dagrun for latest_only_with_trigger to 2022-10-03T08:34:15.333543+00:00, run_after=2022-10-03T12:34:15.333543+00:00
[2022-10-03T12:34:15.369+0000] {processor.py:178} INFO - Processing /home/airflow/.local/lib/python3.7/site-packages/airflow/example_dags/example_latest_only_with_trigger.py took 0.131 seconds
[2022-10-03T12:34:45.465+0000] {processor.py:156} INFO - Started process (PID=4428) to work on /home/airflow/.local/lib/python3.7/site-packages/airflow/example_dags/example_latest_only_with_trigger.py
[2022-10-03T12:34:45.467+0000] {processor.py:758} INFO - Processing file /home/airflow/.local/lib/python3.7/site-packages/airflow/example_dags/example_latest_only_with_trigger.py for tasks to queue
[2022-10-03T12:34:45.468+0000] {logging_mixin.py:117} INFO - [2022-10-03T12:34:45.468+0000] {dagbag.py:525} INFO - Filling up the DagBag from /home/airflow/.local/lib/python3.7/site-packages/airflow/example_dags/example_latest_only_with_trigger.py
[2022-10-03T12:34:45.492+0000] {processor.py:768} INFO - DAG(s) dict_keys(['latest_only_with_trigger']) retrieved from /home/airflow/.local/lib/python3.7/site-packages/airflow/example_dags/example_latest_only_with_trigger.py
[2022-10-03T12:34:45.549+0000] {logging_mixin.py:117} INFO - [2022-10-03T12:34:45.548+0000] {dag.py:2573} INFO - Sync 1 DAGs
[2022-10-03T12:34:45.582+0000] {logging_mixin.py:117} INFO - [2022-10-03T12:34:45.581+0000] {dag.py:3328} INFO - Setting next_dagrun for latest_only_with_trigger to 2022-10-03T08:34:45.581578+00:00, run_after=2022-10-03T12:34:45.581578+00:00
[2022-10-03T12:34:45.607+0000] {processor.py:178} INFO - Processing /home/airflow/.local/lib/python3.7/site-packages/airflow/example_dags/example_latest_only_with_trigger.py took 0.147 seconds
[2022-10-03T12:35:16.140+0000] {processor.py:156} INFO - Started process (PID=4628) to work on /home/airflow/.local/lib/python3.7/site-packages/airflow/example_dags/example_latest_only_with_trigger.py
[2022-10-03T12:35:16.141+0000] {processor.py:758} INFO - Processing file /home/airflow/.local/lib/python3.7/site-packages/airflow/example_dags/example_latest_only_with_trigger.py for tasks to queue
[2022-10-03T12:35:16.143+0000] {logging_mixin.py:117} INFO - [2022-10-03T12:35:16.142+0000] {dagbag.py:525} INFO - Filling up the DagBag from /home/airflow/.local/lib/python3.7/site-packages/airflow/example_dags/example_latest_only_with_trigger.py
[2022-10-03T12:35:16.157+0000] {processor.py:768} INFO - DAG(s) dict_keys(['latest_only_with_trigger']) retrieved from /home/airflow/.local/lib/python3.7/site-packages/airflow/example_dags/example_latest_only_with_trigger.py
[2022-10-03T12:35:16.199+0000] {logging_mixin.py:117} INFO - [2022-10-03T12:35:16.199+0000] {dag.py:2573} INFO - Sync 1 DAGs
[2022-10-03T12:35:16.227+0000] {logging_mixin.py:117} INFO - [2022-10-03T12:35:16.226+0000] {dag.py:3328} INFO - Setting next_dagrun for latest_only_with_trigger to 2022-10-03T08:35:16.226740+00:00, run_after=2022-10-03T12:35:16.226740+00:00
[2022-10-03T12:35:16.252+0000] {processor.py:178} INFO - Processing /home/airflow/.local/lib/python3.7/site-packages/airflow/example_dags/example_latest_only_with_trigger.py took 0.115 seconds
[2022-10-03T12:35:46.523+0000] {processor.py:156} INFO - Started process (PID=4832) to work on /home/airflow/.local/lib/python3.7/site-packages/airflow/example_dags/example_latest_only_with_trigger.py
[2022-10-03T12:35:46.523+0000] {processor.py:758} INFO - Processing file /home/airflow/.local/lib/python3.7/site-packages/airflow/example_dags/example_latest_only_with_trigger.py for tasks to queue
[2022-10-03T12:35:46.524+0000] {logging_mixin.py:117} INFO - [2022-10-03T12:35:46.524+0000] {dagbag.py:525} INFO - Filling up the DagBag from /home/airflow/.local/lib/python3.7/site-packages/airflow/example_dags/example_latest_only_with_trigger.py
[2022-10-03T12:35:46.542+0000] {processor.py:768} INFO - DAG(s) dict_keys(['latest_only_with_trigger']) retrieved from /home/airflow/.local/lib/python3.7/site-packages/airflow/example_dags/example_latest_only_with_trigger.py
[2022-10-03T12:35:46.605+0000] {logging_mixin.py:117} INFO - [2022-10-03T12:35:46.605+0000] {dag.py:2573} INFO - Sync 1 DAGs
[2022-10-03T12:35:46.651+0000] {logging_mixin.py:117} INFO - [2022-10-03T12:35:46.650+0000] {dag.py:3328} INFO - Setting next_dagrun for latest_only_with_trigger to 2022-10-03T08:35:46.650204+00:00, run_after=2022-10-03T12:35:46.650204+00:00
[2022-10-03T12:35:46.686+0000] {processor.py:178} INFO - Processing /home/airflow/.local/lib/python3.7/site-packages/airflow/example_dags/example_latest_only_with_trigger.py took 0.169 seconds
[2022-10-03T12:36:17.130+0000] {processor.py:156} INFO - Started process (PID=5033) to work on /home/airflow/.local/lib/python3.7/site-packages/airflow/example_dags/example_latest_only_with_trigger.py
[2022-10-03T12:36:17.131+0000] {processor.py:758} INFO - Processing file /home/airflow/.local/lib/python3.7/site-packages/airflow/example_dags/example_latest_only_with_trigger.py for tasks to queue
[2022-10-03T12:36:17.132+0000] {logging_mixin.py:117} INFO - [2022-10-03T12:36:17.132+0000] {dagbag.py:525} INFO - Filling up the DagBag from /home/airflow/.local/lib/python3.7/site-packages/airflow/example_dags/example_latest_only_with_trigger.py
[2022-10-03T12:36:17.146+0000] {processor.py:768} INFO - DAG(s) dict_keys(['latest_only_with_trigger']) retrieved from /home/airflow/.local/lib/python3.7/site-packages/airflow/example_dags/example_latest_only_with_trigger.py
[2022-10-03T12:36:17.199+0000] {logging_mixin.py:117} INFO - [2022-10-03T12:36:17.198+0000] {dag.py:2573} INFO - Sync 1 DAGs
[2022-10-03T12:36:17.259+0000] {logging_mixin.py:117} INFO - [2022-10-03T12:36:17.259+0000] {dag.py:3328} INFO - Setting next_dagrun for latest_only_with_trigger to 2022-10-03T08:36:17.258860+00:00, run_after=2022-10-03T12:36:17.258860+00:00
[2022-10-03T12:36:17.307+0000] {processor.py:178} INFO - Processing /home/airflow/.local/lib/python3.7/site-packages/airflow/example_dags/example_latest_only_with_trigger.py took 0.182 seconds
[2022-10-03T12:36:47.699+0000] {processor.py:156} INFO - Started process (PID=5240) to work on /home/airflow/.local/lib/python3.7/site-packages/airflow/example_dags/example_latest_only_with_trigger.py
[2022-10-03T12:36:47.701+0000] {processor.py:758} INFO - Processing file /home/airflow/.local/lib/python3.7/site-packages/airflow/example_dags/example_latest_only_with_trigger.py for tasks to queue
[2022-10-03T12:36:47.702+0000] {logging_mixin.py:117} INFO - [2022-10-03T12:36:47.702+0000] {dagbag.py:525} INFO - Filling up the DagBag from /home/airflow/.local/lib/python3.7/site-packages/airflow/example_dags/example_latest_only_with_trigger.py
[2022-10-03T12:36:47.735+0000] {processor.py:768} INFO - DAG(s) dict_keys(['latest_only_with_trigger']) retrieved from /home/airflow/.local/lib/python3.7/site-packages/airflow/example_dags/example_latest_only_with_trigger.py
[2022-10-03T12:36:47.824+0000] {logging_mixin.py:117} INFO - [2022-10-03T12:36:47.823+0000] {dag.py:2573} INFO - Sync 1 DAGs
[2022-10-03T12:36:47.882+0000] {logging_mixin.py:117} INFO - [2022-10-03T12:36:47.882+0000] {dag.py:3328} INFO - Setting next_dagrun for latest_only_with_trigger to 2022-10-03T08:36:47.881983+00:00, run_after=2022-10-03T12:36:47.881983+00:00
[2022-10-03T12:36:47.929+0000] {processor.py:178} INFO - Processing /home/airflow/.local/lib/python3.7/site-packages/airflow/example_dags/example_latest_only_with_trigger.py took 0.235 seconds
[2022-10-03T12:37:18.194+0000] {processor.py:156} INFO - Started process (PID=5438) to work on /home/airflow/.local/lib/python3.7/site-packages/airflow/example_dags/example_latest_only_with_trigger.py
[2022-10-03T12:37:18.196+0000] {processor.py:758} INFO - Processing file /home/airflow/.local/lib/python3.7/site-packages/airflow/example_dags/example_latest_only_with_trigger.py for tasks to queue
[2022-10-03T12:37:18.198+0000] {logging_mixin.py:117} INFO - [2022-10-03T12:37:18.198+0000] {dagbag.py:525} INFO - Filling up the DagBag from /home/airflow/.local/lib/python3.7/site-packages/airflow/example_dags/example_latest_only_with_trigger.py
[2022-10-03T12:37:18.230+0000] {processor.py:768} INFO - DAG(s) dict_keys(['latest_only_with_trigger']) retrieved from /home/airflow/.local/lib/python3.7/site-packages/airflow/example_dags/example_latest_only_with_trigger.py
[2022-10-03T12:37:18.316+0000] {logging_mixin.py:117} INFO - [2022-10-03T12:37:18.316+0000] {dag.py:2573} INFO - Sync 1 DAGs
[2022-10-03T12:37:18.376+0000] {logging_mixin.py:117} INFO - [2022-10-03T12:37:18.376+0000] {dag.py:3328} INFO - Setting next_dagrun for latest_only_with_trigger to 2022-10-03T08:37:18.375859+00:00, run_after=2022-10-03T12:37:18.375859+00:00
[2022-10-03T12:37:18.428+0000] {processor.py:178} INFO - Processing /home/airflow/.local/lib/python3.7/site-packages/airflow/example_dags/example_latest_only_with_trigger.py took 0.240 seconds
[2022-10-03T12:37:49.026+0000] {processor.py:156} INFO - Started process (PID=5645) to work on /home/airflow/.local/lib/python3.7/site-packages/airflow/example_dags/example_latest_only_with_trigger.py
[2022-10-03T12:37:49.027+0000] {processor.py:758} INFO - Processing file /home/airflow/.local/lib/python3.7/site-packages/airflow/example_dags/example_latest_only_with_trigger.py for tasks to queue
[2022-10-03T12:37:49.028+0000] {logging_mixin.py:117} INFO - [2022-10-03T12:37:49.028+0000] {dagbag.py:525} INFO - Filling up the DagBag from /home/airflow/.local/lib/python3.7/site-packages/airflow/example_dags/example_latest_only_with_trigger.py
[2022-10-03T12:37:49.045+0000] {processor.py:768} INFO - DAG(s) dict_keys(['latest_only_with_trigger']) retrieved from /home/airflow/.local/lib/python3.7/site-packages/airflow/example_dags/example_latest_only_with_trigger.py
[2022-10-03T12:37:49.094+0000] {logging_mixin.py:117} INFO - [2022-10-03T12:37:49.094+0000] {dag.py:2573} INFO - Sync 1 DAGs
[2022-10-03T12:37:49.123+0000] {logging_mixin.py:117} INFO - [2022-10-03T12:37:49.123+0000] {dag.py:3328} INFO - Setting next_dagrun for latest_only_with_trigger to 2022-10-03T08:37:49.122736+00:00, run_after=2022-10-03T12:37:49.122736+00:00
[2022-10-03T12:37:49.147+0000] {processor.py:178} INFO - Processing /home/airflow/.local/lib/python3.7/site-packages/airflow/example_dags/example_latest_only_with_trigger.py took 0.123 seconds
[2022-10-03T12:38:19.955+0000] {processor.py:156} INFO - Started process (PID=5843) to work on /home/airflow/.local/lib/python3.7/site-packages/airflow/example_dags/example_latest_only_with_trigger.py
[2022-10-03T12:38:19.956+0000] {processor.py:758} INFO - Processing file /home/airflow/.local/lib/python3.7/site-packages/airflow/example_dags/example_latest_only_with_trigger.py for tasks to queue
[2022-10-03T12:38:19.956+0000] {logging_mixin.py:117} INFO - [2022-10-03T12:38:19.956+0000] {dagbag.py:525} INFO - Filling up the DagBag from /home/airflow/.local/lib/python3.7/site-packages/airflow/example_dags/example_latest_only_with_trigger.py
[2022-10-03T12:38:19.980+0000] {processor.py:768} INFO - DAG(s) dict_keys(['latest_only_with_trigger']) retrieved from /home/airflow/.local/lib/python3.7/site-packages/airflow/example_dags/example_latest_only_with_trigger.py
[2022-10-03T12:38:20.091+0000] {logging_mixin.py:117} INFO - [2022-10-03T12:38:20.091+0000] {dag.py:2573} INFO - Sync 1 DAGs
[2022-10-03T12:38:20.121+0000] {logging_mixin.py:117} INFO - [2022-10-03T12:38:20.121+0000] {dag.py:3328} INFO - Setting next_dagrun for latest_only_with_trigger to 2022-10-03T08:38:20.121141+00:00, run_after=2022-10-03T12:38:20.121141+00:00
[2022-10-03T12:38:20.147+0000] {processor.py:178} INFO - Processing /home/airflow/.local/lib/python3.7/site-packages/airflow/example_dags/example_latest_only_with_trigger.py took 0.196 seconds
[2022-10-03T12:38:50.482+0000] {processor.py:156} INFO - Started process (PID=6050) to work on /home/airflow/.local/lib/python3.7/site-packages/airflow/example_dags/example_latest_only_with_trigger.py
[2022-10-03T12:38:50.483+0000] {processor.py:758} INFO - Processing file /home/airflow/.local/lib/python3.7/site-packages/airflow/example_dags/example_latest_only_with_trigger.py for tasks to queue
[2022-10-03T12:38:50.484+0000] {logging_mixin.py:117} INFO - [2022-10-03T12:38:50.484+0000] {dagbag.py:525} INFO - Filling up the DagBag from /home/airflow/.local/lib/python3.7/site-packages/airflow/example_dags/example_latest_only_with_trigger.py
[2022-10-03T12:38:50.508+0000] {processor.py:768} INFO - DAG(s) dict_keys(['latest_only_with_trigger']) retrieved from /home/airflow/.local/lib/python3.7/site-packages/airflow/example_dags/example_latest_only_with_trigger.py
[2022-10-03T12:38:50.562+0000] {logging_mixin.py:117} INFO - [2022-10-03T12:38:50.562+0000] {dag.py:2573} INFO - Sync 1 DAGs
[2022-10-03T12:38:50.594+0000] {logging_mixin.py:117} INFO - [2022-10-03T12:38:50.594+0000] {dag.py:3328} INFO - Setting next_dagrun for latest_only_with_trigger to 2022-10-03T08:38:50.594247+00:00, run_after=2022-10-03T12:38:50.594247+00:00
[2022-10-03T12:38:50.627+0000] {processor.py:178} INFO - Processing /home/airflow/.local/lib/python3.7/site-packages/airflow/example_dags/example_latest_only_with_trigger.py took 0.150 seconds
[2022-10-03T12:39:21.474+0000] {processor.py:156} INFO - Started process (PID=6256) to work on /home/airflow/.local/lib/python3.7/site-packages/airflow/example_dags/example_latest_only_with_trigger.py
[2022-10-03T12:39:21.475+0000] {processor.py:758} INFO - Processing file /home/airflow/.local/lib/python3.7/site-packages/airflow/example_dags/example_latest_only_with_trigger.py for tasks to queue
[2022-10-03T12:39:21.477+0000] {logging_mixin.py:117} INFO - [2022-10-03T12:39:21.476+0000] {dagbag.py:525} INFO - Filling up the DagBag from /home/airflow/.local/lib/python3.7/site-packages/airflow/example_dags/example_latest_only_with_trigger.py
[2022-10-03T12:39:21.511+0000] {processor.py:768} INFO - DAG(s) dict_keys(['latest_only_with_trigger']) retrieved from /home/airflow/.local/lib/python3.7/site-packages/airflow/example_dags/example_latest_only_with_trigger.py
[2022-10-03T12:39:21.608+0000] {logging_mixin.py:117} INFO - [2022-10-03T12:39:21.608+0000] {dag.py:2573} INFO - Sync 1 DAGs
[2022-10-03T12:39:21.693+0000] {logging_mixin.py:117} INFO - [2022-10-03T12:39:21.692+0000] {dag.py:3328} INFO - Setting next_dagrun for latest_only_with_trigger to 2022-10-03T08:39:21.692454+00:00, run_after=2022-10-03T12:39:21.692454+00:00
[2022-10-03T12:39:21.742+0000] {processor.py:178} INFO - Processing /home/airflow/.local/lib/python3.7/site-packages/airflow/example_dags/example_latest_only_with_trigger.py took 0.275 seconds
[2022-10-03T12:39:52.305+0000] {processor.py:156} INFO - Started process (PID=6453) to work on /home/airflow/.local/lib/python3.7/site-packages/airflow/example_dags/example_latest_only_with_trigger.py
[2022-10-03T12:39:52.307+0000] {processor.py:758} INFO - Processing file /home/airflow/.local/lib/python3.7/site-packages/airflow/example_dags/example_latest_only_with_trigger.py for tasks to queue
[2022-10-03T12:39:52.308+0000] {logging_mixin.py:117} INFO - [2022-10-03T12:39:52.308+0000] {dagbag.py:525} INFO - Filling up the DagBag from /home/airflow/.local/lib/python3.7/site-packages/airflow/example_dags/example_latest_only_with_trigger.py
[2022-10-03T12:39:52.339+0000] {processor.py:768} INFO - DAG(s) dict_keys(['latest_only_with_trigger']) retrieved from /home/airflow/.local/lib/python3.7/site-packages/airflow/example_dags/example_latest_only_with_trigger.py
[2022-10-03T12:39:52.427+0000] {logging_mixin.py:117} INFO - [2022-10-03T12:39:52.427+0000] {dag.py:2573} INFO - Sync 1 DAGs
[2022-10-03T12:39:52.488+0000] {logging_mixin.py:117} INFO - [2022-10-03T12:39:52.487+0000] {dag.py:3328} INFO - Setting next_dagrun for latest_only_with_trigger to 2022-10-03T08:39:52.487489+00:00, run_after=2022-10-03T12:39:52.487489+00:00
[2022-10-03T12:39:52.533+0000] {processor.py:178} INFO - Processing /home/airflow/.local/lib/python3.7/site-packages/airflow/example_dags/example_latest_only_with_trigger.py took 0.236 seconds
[2022-10-03T12:40:23.128+0000] {processor.py:156} INFO - Started process (PID=6662) to work on /home/airflow/.local/lib/python3.7/site-packages/airflow/example_dags/example_latest_only_with_trigger.py
[2022-10-03T12:40:23.130+0000] {processor.py:758} INFO - Processing file /home/airflow/.local/lib/python3.7/site-packages/airflow/example_dags/example_latest_only_with_trigger.py for tasks to queue
[2022-10-03T12:40:23.131+0000] {logging_mixin.py:117} INFO - [2022-10-03T12:40:23.131+0000] {dagbag.py:525} INFO - Filling up the DagBag from /home/airflow/.local/lib/python3.7/site-packages/airflow/example_dags/example_latest_only_with_trigger.py
[2022-10-03T12:40:23.163+0000] {processor.py:768} INFO - DAG(s) dict_keys(['latest_only_with_trigger']) retrieved from /home/airflow/.local/lib/python3.7/site-packages/airflow/example_dags/example_latest_only_with_trigger.py
[2022-10-03T12:40:23.253+0000] {logging_mixin.py:117} INFO - [2022-10-03T12:40:23.253+0000] {dag.py:2573} INFO - Sync 1 DAGs
[2022-10-03T12:40:23.309+0000] {logging_mixin.py:117} INFO - [2022-10-03T12:40:23.309+0000] {dag.py:3328} INFO - Setting next_dagrun for latest_only_with_trigger to 2022-10-03T08:40:23.309411+00:00, run_after=2022-10-03T12:40:23.309411+00:00
[2022-10-03T12:40:23.337+0000] {processor.py:178} INFO - Processing /home/airflow/.local/lib/python3.7/site-packages/airflow/example_dags/example_latest_only_with_trigger.py took 0.216 seconds
[2022-10-03T12:40:53.558+0000] {processor.py:156} INFO - Started process (PID=6859) to work on /home/airflow/.local/lib/python3.7/site-packages/airflow/example_dags/example_latest_only_with_trigger.py
[2022-10-03T12:40:53.559+0000] {processor.py:758} INFO - Processing file /home/airflow/.local/lib/python3.7/site-packages/airflow/example_dags/example_latest_only_with_trigger.py for tasks to queue
[2022-10-03T12:40:53.561+0000] {logging_mixin.py:117} INFO - [2022-10-03T12:40:53.561+0000] {dagbag.py:525} INFO - Filling up the DagBag from /home/airflow/.local/lib/python3.7/site-packages/airflow/example_dags/example_latest_only_with_trigger.py
[2022-10-03T12:40:53.593+0000] {processor.py:768} INFO - DAG(s) dict_keys(['latest_only_with_trigger']) retrieved from /home/airflow/.local/lib/python3.7/site-packages/airflow/example_dags/example_latest_only_with_trigger.py
[2022-10-03T12:40:53.673+0000] {logging_mixin.py:117} INFO - [2022-10-03T12:40:53.673+0000] {dag.py:2573} INFO - Sync 1 DAGs
[2022-10-03T12:40:53.700+0000] {logging_mixin.py:117} INFO - [2022-10-03T12:40:53.700+0000] {dag.py:3328} INFO - Setting next_dagrun for latest_only_with_trigger to 2022-10-03T08:40:53.700434+00:00, run_after=2022-10-03T12:40:53.700434+00:00
[2022-10-03T12:40:53.723+0000] {processor.py:178} INFO - Processing /home/airflow/.local/lib/python3.7/site-packages/airflow/example_dags/example_latest_only_with_trigger.py took 0.172 seconds
[2022-10-03T12:41:24.324+0000] {processor.py:156} INFO - Started process (PID=7067) to work on /home/airflow/.local/lib/python3.7/site-packages/airflow/example_dags/example_latest_only_with_trigger.py
[2022-10-03T12:41:24.325+0000] {processor.py:758} INFO - Processing file /home/airflow/.local/lib/python3.7/site-packages/airflow/example_dags/example_latest_only_with_trigger.py for tasks to queue
[2022-10-03T12:41:24.326+0000] {logging_mixin.py:117} INFO - [2022-10-03T12:41:24.325+0000] {dagbag.py:525} INFO - Filling up the DagBag from /home/airflow/.local/lib/python3.7/site-packages/airflow/example_dags/example_latest_only_with_trigger.py
[2022-10-03T12:41:24.341+0000] {processor.py:768} INFO - DAG(s) dict_keys(['latest_only_with_trigger']) retrieved from /home/airflow/.local/lib/python3.7/site-packages/airflow/example_dags/example_latest_only_with_trigger.py
[2022-10-03T12:41:24.381+0000] {logging_mixin.py:117} INFO - [2022-10-03T12:41:24.381+0000] {dag.py:2573} INFO - Sync 1 DAGs
[2022-10-03T12:41:24.409+0000] {logging_mixin.py:117} INFO - [2022-10-03T12:41:24.409+0000] {dag.py:3328} INFO - Setting next_dagrun for latest_only_with_trigger to 2022-10-03T08:41:24.408942+00:00, run_after=2022-10-03T12:41:24.408942+00:00
[2022-10-03T12:41:24.431+0000] {processor.py:178} INFO - Processing /home/airflow/.local/lib/python3.7/site-packages/airflow/example_dags/example_latest_only_with_trigger.py took 0.110 seconds
[2022-10-03T12:41:55.113+0000] {processor.py:156} INFO - Started process (PID=7265) to work on /home/airflow/.local/lib/python3.7/site-packages/airflow/example_dags/example_latest_only_with_trigger.py
[2022-10-03T12:41:55.114+0000] {processor.py:758} INFO - Processing file /home/airflow/.local/lib/python3.7/site-packages/airflow/example_dags/example_latest_only_with_trigger.py for tasks to queue
[2022-10-03T12:41:55.114+0000] {logging_mixin.py:117} INFO - [2022-10-03T12:41:55.114+0000] {dagbag.py:525} INFO - Filling up the DagBag from /home/airflow/.local/lib/python3.7/site-packages/airflow/example_dags/example_latest_only_with_trigger.py
[2022-10-03T12:41:55.128+0000] {processor.py:768} INFO - DAG(s) dict_keys(['latest_only_with_trigger']) retrieved from /home/airflow/.local/lib/python3.7/site-packages/airflow/example_dags/example_latest_only_with_trigger.py
[2022-10-03T12:41:55.167+0000] {logging_mixin.py:117} INFO - [2022-10-03T12:41:55.167+0000] {dag.py:2573} INFO - Sync 1 DAGs
[2022-10-03T12:41:55.194+0000] {logging_mixin.py:117} INFO - [2022-10-03T12:41:55.194+0000] {dag.py:3328} INFO - Setting next_dagrun for latest_only_with_trigger to 2022-10-03T08:41:55.194510+00:00, run_after=2022-10-03T12:41:55.194510+00:00
[2022-10-03T12:41:55.216+0000] {processor.py:178} INFO - Processing /home/airflow/.local/lib/python3.7/site-packages/airflow/example_dags/example_latest_only_with_trigger.py took 0.106 seconds
[2022-10-03T12:42:25.378+0000] {processor.py:156} INFO - Started process (PID=7472) to work on /home/airflow/.local/lib/python3.7/site-packages/airflow/example_dags/example_latest_only_with_trigger.py
[2022-10-03T12:42:25.380+0000] {processor.py:758} INFO - Processing file /home/airflow/.local/lib/python3.7/site-packages/airflow/example_dags/example_latest_only_with_trigger.py for tasks to queue
[2022-10-03T12:42:25.380+0000] {logging_mixin.py:117} INFO - [2022-10-03T12:42:25.380+0000] {dagbag.py:525} INFO - Filling up the DagBag from /home/airflow/.local/lib/python3.7/site-packages/airflow/example_dags/example_latest_only_with_trigger.py
[2022-10-03T12:42:25.400+0000] {processor.py:768} INFO - DAG(s) dict_keys(['latest_only_with_trigger']) retrieved from /home/airflow/.local/lib/python3.7/site-packages/airflow/example_dags/example_latest_only_with_trigger.py
[2022-10-03T12:42:25.462+0000] {logging_mixin.py:117} INFO - [2022-10-03T12:42:25.461+0000] {dag.py:2573} INFO - Sync 1 DAGs
[2022-10-03T12:42:25.506+0000] {logging_mixin.py:117} INFO - [2022-10-03T12:42:25.506+0000] {dag.py:3328} INFO - Setting next_dagrun for latest_only_with_trigger to 2022-10-03T08:42:25.506039+00:00, run_after=2022-10-03T12:42:25.506039+00:00
[2022-10-03T12:42:25.536+0000] {processor.py:178} INFO - Processing /home/airflow/.local/lib/python3.7/site-packages/airflow/example_dags/example_latest_only_with_trigger.py took 0.164 seconds
[2022-10-03T12:42:55.852+0000] {processor.py:156} INFO - Started process (PID=7679) to work on /home/airflow/.local/lib/python3.7/site-packages/airflow/example_dags/example_latest_only_with_trigger.py
[2022-10-03T12:42:55.853+0000] {processor.py:758} INFO - Processing file /home/airflow/.local/lib/python3.7/site-packages/airflow/example_dags/example_latest_only_with_trigger.py for tasks to queue
[2022-10-03T12:42:55.854+0000] {logging_mixin.py:117} INFO - [2022-10-03T12:42:55.854+0000] {dagbag.py:525} INFO - Filling up the DagBag from /home/airflow/.local/lib/python3.7/site-packages/airflow/example_dags/example_latest_only_with_trigger.py
[2022-10-03T12:42:55.885+0000] {processor.py:768} INFO - DAG(s) dict_keys(['latest_only_with_trigger']) retrieved from /home/airflow/.local/lib/python3.7/site-packages/airflow/example_dags/example_latest_only_with_trigger.py
[2022-10-03T12:42:55.974+0000] {logging_mixin.py:117} INFO - [2022-10-03T12:42:55.974+0000] {dag.py:2573} INFO - Sync 1 DAGs
[2022-10-03T12:42:56.010+0000] {logging_mixin.py:117} INFO - [2022-10-03T12:42:56.010+0000] {dag.py:3328} INFO - Setting next_dagrun for latest_only_with_trigger to 2022-10-03T08:42:56.010397+00:00, run_after=2022-10-03T12:42:56.010397+00:00
[2022-10-03T12:42:56.032+0000] {processor.py:178} INFO - Processing /home/airflow/.local/lib/python3.7/site-packages/airflow/example_dags/example_latest_only_with_trigger.py took 0.186 seconds
[2022-10-03T12:43:26.218+0000] {processor.py:156} INFO - Started process (PID=7875) to work on /home/airflow/.local/lib/python3.7/site-packages/airflow/example_dags/example_latest_only_with_trigger.py
[2022-10-03T12:43:26.219+0000] {processor.py:758} INFO - Processing file /home/airflow/.local/lib/python3.7/site-packages/airflow/example_dags/example_latest_only_with_trigger.py for tasks to queue
[2022-10-03T12:43:26.219+0000] {logging_mixin.py:117} INFO - [2022-10-03T12:43:26.219+0000] {dagbag.py:525} INFO - Filling up the DagBag from /home/airflow/.local/lib/python3.7/site-packages/airflow/example_dags/example_latest_only_with_trigger.py
[2022-10-03T12:43:26.233+0000] {processor.py:768} INFO - DAG(s) dict_keys(['latest_only_with_trigger']) retrieved from /home/airflow/.local/lib/python3.7/site-packages/airflow/example_dags/example_latest_only_with_trigger.py
[2022-10-03T12:43:26.272+0000] {logging_mixin.py:117} INFO - [2022-10-03T12:43:26.272+0000] {dag.py:2573} INFO - Sync 1 DAGs
[2022-10-03T12:43:26.297+0000] {logging_mixin.py:117} INFO - [2022-10-03T12:43:26.296+0000] {dag.py:3328} INFO - Setting next_dagrun for latest_only_with_trigger to 2022-10-03T08:43:26.296727+00:00, run_after=2022-10-03T12:43:26.296727+00:00
[2022-10-03T12:43:26.321+0000] {processor.py:178} INFO - Processing /home/airflow/.local/lib/python3.7/site-packages/airflow/example_dags/example_latest_only_with_trigger.py took 0.106 seconds
[2022-10-03T12:43:56.712+0000] {processor.py:156} INFO - Started process (PID=8084) to work on /home/airflow/.local/lib/python3.7/site-packages/airflow/example_dags/example_latest_only_with_trigger.py
[2022-10-03T12:43:56.713+0000] {processor.py:758} INFO - Processing file /home/airflow/.local/lib/python3.7/site-packages/airflow/example_dags/example_latest_only_with_trigger.py for tasks to queue
[2022-10-03T12:43:56.713+0000] {logging_mixin.py:117} INFO - [2022-10-03T12:43:56.713+0000] {dagbag.py:525} INFO - Filling up the DagBag from /home/airflow/.local/lib/python3.7/site-packages/airflow/example_dags/example_latest_only_with_trigger.py
[2022-10-03T12:43:56.727+0000] {processor.py:768} INFO - DAG(s) dict_keys(['latest_only_with_trigger']) retrieved from /home/airflow/.local/lib/python3.7/site-packages/airflow/example_dags/example_latest_only_with_trigger.py
[2022-10-03T12:43:56.765+0000] {logging_mixin.py:117} INFO - [2022-10-03T12:43:56.765+0000] {dag.py:2573} INFO - Sync 1 DAGs
[2022-10-03T12:43:56.790+0000] {logging_mixin.py:117} INFO - [2022-10-03T12:43:56.790+0000] {dag.py:3328} INFO - Setting next_dagrun for latest_only_with_trigger to 2022-10-03T08:43:56.790646+00:00, run_after=2022-10-03T12:43:56.790646+00:00
[2022-10-03T12:43:56.813+0000] {processor.py:178} INFO - Processing /home/airflow/.local/lib/python3.7/site-packages/airflow/example_dags/example_latest_only_with_trigger.py took 0.103 seconds
[2022-10-03T12:44:27.057+0000] {processor.py:156} INFO - Started process (PID=8289) to work on /home/airflow/.local/lib/python3.7/site-packages/airflow/example_dags/example_latest_only_with_trigger.py
[2022-10-03T12:44:27.059+0000] {processor.py:758} INFO - Processing file /home/airflow/.local/lib/python3.7/site-packages/airflow/example_dags/example_latest_only_with_trigger.py for tasks to queue
[2022-10-03T12:44:27.061+0000] {logging_mixin.py:117} INFO - [2022-10-03T12:44:27.060+0000] {dagbag.py:525} INFO - Filling up the DagBag from /home/airflow/.local/lib/python3.7/site-packages/airflow/example_dags/example_latest_only_with_trigger.py
[2022-10-03T12:44:27.093+0000] {processor.py:768} INFO - DAG(s) dict_keys(['latest_only_with_trigger']) retrieved from /home/airflow/.local/lib/python3.7/site-packages/airflow/example_dags/example_latest_only_with_trigger.py
[2022-10-03T12:44:27.185+0000] {logging_mixin.py:117} INFO - [2022-10-03T12:44:27.185+0000] {dag.py:2573} INFO - Sync 1 DAGs
[2022-10-03T12:44:27.247+0000] {logging_mixin.py:117} INFO - [2022-10-03T12:44:27.247+0000] {dag.py:3328} INFO - Setting next_dagrun for latest_only_with_trigger to 2022-10-03T08:44:27.246710+00:00, run_after=2022-10-03T12:44:27.246710+00:00
[2022-10-03T12:44:27.297+0000] {processor.py:178} INFO - Processing /home/airflow/.local/lib/python3.7/site-packages/airflow/example_dags/example_latest_only_with_trigger.py took 0.247 seconds
[2022-10-03T12:44:57.419+0000] {processor.py:156} INFO - Started process (PID=8489) to work on /home/airflow/.local/lib/python3.7/site-packages/airflow/example_dags/example_latest_only_with_trigger.py
[2022-10-03T12:44:57.421+0000] {processor.py:758} INFO - Processing file /home/airflow/.local/lib/python3.7/site-packages/airflow/example_dags/example_latest_only_with_trigger.py for tasks to queue
[2022-10-03T12:44:57.421+0000] {logging_mixin.py:117} INFO - [2022-10-03T12:44:57.421+0000] {dagbag.py:525} INFO - Filling up the DagBag from /home/airflow/.local/lib/python3.7/site-packages/airflow/example_dags/example_latest_only_with_trigger.py
[2022-10-03T12:44:57.437+0000] {processor.py:768} INFO - DAG(s) dict_keys(['latest_only_with_trigger']) retrieved from /home/airflow/.local/lib/python3.7/site-packages/airflow/example_dags/example_latest_only_with_trigger.py
[2022-10-03T12:44:57.483+0000] {logging_mixin.py:117} INFO - [2022-10-03T12:44:57.483+0000] {dag.py:2573} INFO - Sync 1 DAGs
[2022-10-03T12:44:57.513+0000] {logging_mixin.py:117} INFO - [2022-10-03T12:44:57.513+0000] {dag.py:3328} INFO - Setting next_dagrun for latest_only_with_trigger to 2022-10-03T08:44:57.513309+00:00, run_after=2022-10-03T12:44:57.513309+00:00
[2022-10-03T12:44:57.541+0000] {processor.py:178} INFO - Processing /home/airflow/.local/lib/python3.7/site-packages/airflow/example_dags/example_latest_only_with_trigger.py took 0.125 seconds
[2022-10-03T12:45:28.555+0000] {processor.py:156} INFO - Started process (PID=8696) to work on /home/airflow/.local/lib/python3.7/site-packages/airflow/example_dags/example_latest_only_with_trigger.py
[2022-10-03T12:45:28.556+0000] {processor.py:758} INFO - Processing file /home/airflow/.local/lib/python3.7/site-packages/airflow/example_dags/example_latest_only_with_trigger.py for tasks to queue
[2022-10-03T12:45:28.557+0000] {logging_mixin.py:117} INFO - [2022-10-03T12:45:28.557+0000] {dagbag.py:525} INFO - Filling up the DagBag from /home/airflow/.local/lib/python3.7/site-packages/airflow/example_dags/example_latest_only_with_trigger.py
[2022-10-03T12:45:28.572+0000] {processor.py:768} INFO - DAG(s) dict_keys(['latest_only_with_trigger']) retrieved from /home/airflow/.local/lib/python3.7/site-packages/airflow/example_dags/example_latest_only_with_trigger.py
[2022-10-03T12:45:28.614+0000] {logging_mixin.py:117} INFO - [2022-10-03T12:45:28.614+0000] {dag.py:2573} INFO - Sync 1 DAGs
[2022-10-03T12:45:28.640+0000] {logging_mixin.py:117} INFO - [2022-10-03T12:45:28.640+0000] {dag.py:3328} INFO - Setting next_dagrun for latest_only_with_trigger to 2022-10-03T08:45:28.640291+00:00, run_after=2022-10-03T12:45:28.640291+00:00
[2022-10-03T12:45:28.666+0000] {processor.py:178} INFO - Processing /home/airflow/.local/lib/python3.7/site-packages/airflow/example_dags/example_latest_only_with_trigger.py took 0.114 seconds
[2022-10-03T12:45:58.969+0000] {processor.py:156} INFO - Started process (PID=8893) to work on /home/airflow/.local/lib/python3.7/site-packages/airflow/example_dags/example_latest_only_with_trigger.py
[2022-10-03T12:45:58.971+0000] {processor.py:758} INFO - Processing file /home/airflow/.local/lib/python3.7/site-packages/airflow/example_dags/example_latest_only_with_trigger.py for tasks to queue
[2022-10-03T12:45:58.973+0000] {logging_mixin.py:117} INFO - [2022-10-03T12:45:58.972+0000] {dagbag.py:525} INFO - Filling up the DagBag from /home/airflow/.local/lib/python3.7/site-packages/airflow/example_dags/example_latest_only_with_trigger.py
[2022-10-03T12:45:59.010+0000] {processor.py:768} INFO - DAG(s) dict_keys(['latest_only_with_trigger']) retrieved from /home/airflow/.local/lib/python3.7/site-packages/airflow/example_dags/example_latest_only_with_trigger.py
[2022-10-03T12:45:59.097+0000] {logging_mixin.py:117} INFO - [2022-10-03T12:45:59.097+0000] {dag.py:2573} INFO - Sync 1 DAGs
[2022-10-03T12:45:59.163+0000] {logging_mixin.py:117} INFO - [2022-10-03T12:45:59.163+0000] {dag.py:3328} INFO - Setting next_dagrun for latest_only_with_trigger to 2022-10-03T08:45:59.162631+00:00, run_after=2022-10-03T12:45:59.162631+00:00
[2022-10-03T12:45:59.209+0000] {processor.py:178} INFO - Processing /home/airflow/.local/lib/python3.7/site-packages/airflow/example_dags/example_latest_only_with_trigger.py took 0.246 seconds
