[2022-10-03T12:24:23.281+0000] {processor.py:156} INFO - Started process (PID=218) to work on /home/airflow/.local/lib/python3.7/site-packages/airflow/example_dags/example_task_group.py
[2022-10-03T12:24:23.281+0000] {processor.py:758} INFO - Processing file /home/airflow/.local/lib/python3.7/site-packages/airflow/example_dags/example_task_group.py for tasks to queue
[2022-10-03T12:24:23.282+0000] {logging_mixin.py:117} INFO - [2022-10-03T12:24:23.282+0000] {dagbag.py:525} INFO - Filling up the DagBag from /home/airflow/.local/lib/python3.7/site-packages/airflow/example_dags/example_task_group.py
[2022-10-03T12:24:23.300+0000] {processor.py:768} INFO - DAG(s) dict_keys(['example_task_group']) retrieved from /home/airflow/.local/lib/python3.7/site-packages/airflow/example_dags/example_task_group.py
[2022-10-03T12:24:23.348+0000] {logging_mixin.py:117} INFO - [2022-10-03T12:24:23.348+0000] {dag.py:2573} INFO - Sync 1 DAGs
[2022-10-03T12:24:23.380+0000] {logging_mixin.py:117} INFO - [2022-10-03T12:24:23.379+0000] {dag.py:3328} INFO - Setting next_dagrun for example_task_group to 2022-10-02T12:24:23.379665+00:00, run_after=2022-10-03T12:24:23.379665+00:00
[2022-10-03T12:24:23.409+0000] {processor.py:178} INFO - Processing /home/airflow/.local/lib/python3.7/site-packages/airflow/example_dags/example_task_group.py took 0.132 seconds
[2022-10-03T12:24:54.229+0000] {processor.py:156} INFO - Started process (PID=417) to work on /home/airflow/.local/lib/python3.7/site-packages/airflow/example_dags/example_task_group.py
[2022-10-03T12:24:54.230+0000] {processor.py:758} INFO - Processing file /home/airflow/.local/lib/python3.7/site-packages/airflow/example_dags/example_task_group.py for tasks to queue
[2022-10-03T12:24:54.231+0000] {logging_mixin.py:117} INFO - [2022-10-03T12:24:54.231+0000] {dagbag.py:525} INFO - Filling up the DagBag from /home/airflow/.local/lib/python3.7/site-packages/airflow/example_dags/example_task_group.py
[2022-10-03T12:24:54.256+0000] {processor.py:768} INFO - DAG(s) dict_keys(['example_task_group']) retrieved from /home/airflow/.local/lib/python3.7/site-packages/airflow/example_dags/example_task_group.py
[2022-10-03T12:24:54.384+0000] {logging_mixin.py:117} INFO - [2022-10-03T12:24:54.384+0000] {dag.py:2573} INFO - Sync 1 DAGs
[2022-10-03T12:24:54.424+0000] {logging_mixin.py:117} INFO - [2022-10-03T12:24:54.424+0000] {dag.py:3328} INFO - Setting next_dagrun for example_task_group to 2022-10-02T12:24:54.424167+00:00, run_after=2022-10-03T12:24:54.424167+00:00
[2022-10-03T12:24:54.574+0000] {processor.py:178} INFO - Processing /home/airflow/.local/lib/python3.7/site-packages/airflow/example_dags/example_task_group.py took 0.349 seconds
[2022-10-03T12:25:25.030+0000] {processor.py:156} INFO - Started process (PID=626) to work on /home/airflow/.local/lib/python3.7/site-packages/airflow/example_dags/example_task_group.py
[2022-10-03T12:25:25.031+0000] {processor.py:758} INFO - Processing file /home/airflow/.local/lib/python3.7/site-packages/airflow/example_dags/example_task_group.py for tasks to queue
[2022-10-03T12:25:25.032+0000] {logging_mixin.py:117} INFO - [2022-10-03T12:25:25.031+0000] {dagbag.py:525} INFO - Filling up the DagBag from /home/airflow/.local/lib/python3.7/site-packages/airflow/example_dags/example_task_group.py
[2022-10-03T12:25:25.059+0000] {processor.py:768} INFO - DAG(s) dict_keys(['example_task_group']) retrieved from /home/airflow/.local/lib/python3.7/site-packages/airflow/example_dags/example_task_group.py
[2022-10-03T12:25:25.119+0000] {logging_mixin.py:117} INFO - [2022-10-03T12:25:25.119+0000] {dag.py:2573} INFO - Sync 1 DAGs
[2022-10-03T12:25:25.310+0000] {logging_mixin.py:117} INFO - [2022-10-03T12:25:25.310+0000] {dag.py:3328} INFO - Setting next_dagrun for example_task_group to 2022-10-02T12:25:25.309618+00:00, run_after=2022-10-03T12:25:25.309618+00:00
[2022-10-03T12:25:25.353+0000] {processor.py:178} INFO - Processing /home/airflow/.local/lib/python3.7/site-packages/airflow/example_dags/example_task_group.py took 0.327 seconds
[2022-10-03T12:25:56.270+0000] {processor.py:156} INFO - Started process (PID=824) to work on /home/airflow/.local/lib/python3.7/site-packages/airflow/example_dags/example_task_group.py
[2022-10-03T12:25:56.271+0000] {processor.py:758} INFO - Processing file /home/airflow/.local/lib/python3.7/site-packages/airflow/example_dags/example_task_group.py for tasks to queue
[2022-10-03T12:25:56.272+0000] {logging_mixin.py:117} INFO - [2022-10-03T12:25:56.272+0000] {dagbag.py:525} INFO - Filling up the DagBag from /home/airflow/.local/lib/python3.7/site-packages/airflow/example_dags/example_task_group.py
[2022-10-03T12:25:56.296+0000] {processor.py:768} INFO - DAG(s) dict_keys(['example_task_group']) retrieved from /home/airflow/.local/lib/python3.7/site-packages/airflow/example_dags/example_task_group.py
[2022-10-03T12:25:56.493+0000] {logging_mixin.py:117} INFO - [2022-10-03T12:25:56.492+0000] {dag.py:2573} INFO - Sync 1 DAGs
[2022-10-03T12:25:56.525+0000] {logging_mixin.py:117} INFO - [2022-10-03T12:25:56.525+0000] {dag.py:3328} INFO - Setting next_dagrun for example_task_group to 2022-10-02T12:25:56.525495+00:00, run_after=2022-10-03T12:25:56.525495+00:00
[2022-10-03T12:25:56.555+0000] {processor.py:178} INFO - Processing /home/airflow/.local/lib/python3.7/site-packages/airflow/example_dags/example_task_group.py took 0.291 seconds
[2022-10-03T12:26:27.546+0000] {processor.py:156} INFO - Started process (PID=1032) to work on /home/airflow/.local/lib/python3.7/site-packages/airflow/example_dags/example_task_group.py
[2022-10-03T12:26:27.548+0000] {processor.py:758} INFO - Processing file /home/airflow/.local/lib/python3.7/site-packages/airflow/example_dags/example_task_group.py for tasks to queue
[2022-10-03T12:26:27.550+0000] {logging_mixin.py:117} INFO - [2022-10-03T12:26:27.549+0000] {dagbag.py:525} INFO - Filling up the DagBag from /home/airflow/.local/lib/python3.7/site-packages/airflow/example_dags/example_task_group.py
[2022-10-03T12:26:27.592+0000] {processor.py:768} INFO - DAG(s) dict_keys(['example_task_group']) retrieved from /home/airflow/.local/lib/python3.7/site-packages/airflow/example_dags/example_task_group.py
[2022-10-03T12:26:27.899+0000] {logging_mixin.py:117} INFO - [2022-10-03T12:26:27.898+0000] {dag.py:2573} INFO - Sync 1 DAGs
[2022-10-03T12:26:27.967+0000] {logging_mixin.py:117} INFO - [2022-10-03T12:26:27.966+0000] {dag.py:3328} INFO - Setting next_dagrun for example_task_group to 2022-10-02T12:26:27.966445+00:00, run_after=2022-10-03T12:26:27.966445+00:00
[2022-10-03T12:26:28.018+0000] {processor.py:178} INFO - Processing /home/airflow/.local/lib/python3.7/site-packages/airflow/example_dags/example_task_group.py took 0.478 seconds
[2022-10-03T12:26:58.291+0000] {processor.py:156} INFO - Started process (PID=1250) to work on /home/airflow/.local/lib/python3.7/site-packages/airflow/example_dags/example_task_group.py
[2022-10-03T12:26:58.292+0000] {processor.py:758} INFO - Processing file /home/airflow/.local/lib/python3.7/site-packages/airflow/example_dags/example_task_group.py for tasks to queue
[2022-10-03T12:26:58.293+0000] {logging_mixin.py:117} INFO - [2022-10-03T12:26:58.292+0000] {dagbag.py:525} INFO - Filling up the DagBag from /home/airflow/.local/lib/python3.7/site-packages/airflow/example_dags/example_task_group.py
[2022-10-03T12:26:58.441+0000] {processor.py:768} INFO - DAG(s) dict_keys(['example_task_group']) retrieved from /home/airflow/.local/lib/python3.7/site-packages/airflow/example_dags/example_task_group.py
[2022-10-03T12:26:58.522+0000] {logging_mixin.py:117} INFO - [2022-10-03T12:26:58.521+0000] {dag.py:2573} INFO - Sync 1 DAGs
[2022-10-03T12:26:58.578+0000] {logging_mixin.py:117} INFO - [2022-10-03T12:26:58.578+0000] {dag.py:3328} INFO - Setting next_dagrun for example_task_group to 2022-10-02T12:26:58.577831+00:00, run_after=2022-10-03T12:26:58.577831+00:00
[2022-10-03T12:26:58.627+0000] {processor.py:178} INFO - Processing /home/airflow/.local/lib/python3.7/site-packages/airflow/example_dags/example_task_group.py took 0.339 seconds
[2022-10-03T12:27:29.129+0000] {processor.py:156} INFO - Started process (PID=1473) to work on /home/airflow/.local/lib/python3.7/site-packages/airflow/example_dags/example_task_group.py
[2022-10-03T12:27:29.131+0000] {processor.py:758} INFO - Processing file /home/airflow/.local/lib/python3.7/site-packages/airflow/example_dags/example_task_group.py for tasks to queue
[2022-10-03T12:27:29.133+0000] {logging_mixin.py:117} INFO - [2022-10-03T12:27:29.132+0000] {dagbag.py:525} INFO - Filling up the DagBag from /home/airflow/.local/lib/python3.7/site-packages/airflow/example_dags/example_task_group.py
[2022-10-03T12:27:29.354+0000] {processor.py:768} INFO - DAG(s) dict_keys(['example_task_group']) retrieved from /home/airflow/.local/lib/python3.7/site-packages/airflow/example_dags/example_task_group.py
[2022-10-03T12:27:29.425+0000] {logging_mixin.py:117} INFO - [2022-10-03T12:27:29.424+0000] {dag.py:2573} INFO - Sync 1 DAGs
[2022-10-03T12:27:29.478+0000] {logging_mixin.py:117} INFO - [2022-10-03T12:27:29.478+0000] {dag.py:3328} INFO - Setting next_dagrun for example_task_group to 2022-10-02T12:27:29.477867+00:00, run_after=2022-10-03T12:27:29.477867+00:00
[2022-10-03T12:27:29.521+0000] {processor.py:178} INFO - Processing /home/airflow/.local/lib/python3.7/site-packages/airflow/example_dags/example_task_group.py took 0.398 seconds
[2022-10-03T12:27:59.916+0000] {processor.py:156} INFO - Started process (PID=1671) to work on /home/airflow/.local/lib/python3.7/site-packages/airflow/example_dags/example_task_group.py
[2022-10-03T12:27:59.917+0000] {processor.py:758} INFO - Processing file /home/airflow/.local/lib/python3.7/site-packages/airflow/example_dags/example_task_group.py for tasks to queue
[2022-10-03T12:27:59.918+0000] {logging_mixin.py:117} INFO - [2022-10-03T12:27:59.917+0000] {dagbag.py:525} INFO - Filling up the DagBag from /home/airflow/.local/lib/python3.7/site-packages/airflow/example_dags/example_task_group.py
[2022-10-03T12:27:59.937+0000] {processor.py:768} INFO - DAG(s) dict_keys(['example_task_group']) retrieved from /home/airflow/.local/lib/python3.7/site-packages/airflow/example_dags/example_task_group.py
[2022-10-03T12:27:59.986+0000] {logging_mixin.py:117} INFO - [2022-10-03T12:27:59.986+0000] {dag.py:2573} INFO - Sync 1 DAGs
[2022-10-03T12:28:00.018+0000] {logging_mixin.py:117} INFO - [2022-10-03T12:28:00.017+0000] {dag.py:3328} INFO - Setting next_dagrun for example_task_group to 2022-10-02T12:28:00.017611+00:00, run_after=2022-10-03T12:28:00.017611+00:00
[2022-10-03T12:28:00.047+0000] {processor.py:178} INFO - Processing /home/airflow/.local/lib/python3.7/site-packages/airflow/example_dags/example_task_group.py took 0.135 seconds
[2022-10-03T12:28:30.298+0000] {processor.py:156} INFO - Started process (PID=1879) to work on /home/airflow/.local/lib/python3.7/site-packages/airflow/example_dags/example_task_group.py
[2022-10-03T12:28:30.299+0000] {processor.py:758} INFO - Processing file /home/airflow/.local/lib/python3.7/site-packages/airflow/example_dags/example_task_group.py for tasks to queue
[2022-10-03T12:28:30.300+0000] {logging_mixin.py:117} INFO - [2022-10-03T12:28:30.300+0000] {dagbag.py:525} INFO - Filling up the DagBag from /home/airflow/.local/lib/python3.7/site-packages/airflow/example_dags/example_task_group.py
[2022-10-03T12:28:30.321+0000] {processor.py:768} INFO - DAG(s) dict_keys(['example_task_group']) retrieved from /home/airflow/.local/lib/python3.7/site-packages/airflow/example_dags/example_task_group.py
[2022-10-03T12:28:30.394+0000] {logging_mixin.py:117} INFO - [2022-10-03T12:28:30.394+0000] {dag.py:2573} INFO - Sync 1 DAGs
[2022-10-03T12:28:30.446+0000] {logging_mixin.py:117} INFO - [2022-10-03T12:28:30.446+0000] {dag.py:3328} INFO - Setting next_dagrun for example_task_group to 2022-10-02T12:28:30.446111+00:00, run_after=2022-10-03T12:28:30.446111+00:00
[2022-10-03T12:28:30.485+0000] {processor.py:178} INFO - Processing /home/airflow/.local/lib/python3.7/site-packages/airflow/example_dags/example_task_group.py took 0.190 seconds
[2022-10-03T12:29:01.135+0000] {processor.py:156} INFO - Started process (PID=2086) to work on /home/airflow/.local/lib/python3.7/site-packages/airflow/example_dags/example_task_group.py
[2022-10-03T12:29:01.136+0000] {processor.py:758} INFO - Processing file /home/airflow/.local/lib/python3.7/site-packages/airflow/example_dags/example_task_group.py for tasks to queue
[2022-10-03T12:29:01.137+0000] {logging_mixin.py:117} INFO - [2022-10-03T12:29:01.136+0000] {dagbag.py:525} INFO - Filling up the DagBag from /home/airflow/.local/lib/python3.7/site-packages/airflow/example_dags/example_task_group.py
[2022-10-03T12:29:01.156+0000] {processor.py:768} INFO - DAG(s) dict_keys(['example_task_group']) retrieved from /home/airflow/.local/lib/python3.7/site-packages/airflow/example_dags/example_task_group.py
[2022-10-03T12:29:01.209+0000] {logging_mixin.py:117} INFO - [2022-10-03T12:29:01.209+0000] {dag.py:2573} INFO - Sync 1 DAGs
[2022-10-03T12:29:01.249+0000] {logging_mixin.py:117} INFO - [2022-10-03T12:29:01.248+0000] {dag.py:3328} INFO - Setting next_dagrun for example_task_group to 2022-10-02T12:29:01.248454+00:00, run_after=2022-10-03T12:29:01.248454+00:00
[2022-10-03T12:29:01.283+0000] {processor.py:178} INFO - Processing /home/airflow/.local/lib/python3.7/site-packages/airflow/example_dags/example_task_group.py took 0.152 seconds
[2022-10-03T12:29:32.046+0000] {processor.py:156} INFO - Started process (PID=2284) to work on /home/airflow/.local/lib/python3.7/site-packages/airflow/example_dags/example_task_group.py
[2022-10-03T12:29:32.047+0000] {processor.py:758} INFO - Processing file /home/airflow/.local/lib/python3.7/site-packages/airflow/example_dags/example_task_group.py for tasks to queue
[2022-10-03T12:29:32.049+0000] {logging_mixin.py:117} INFO - [2022-10-03T12:29:32.048+0000] {dagbag.py:525} INFO - Filling up the DagBag from /home/airflow/.local/lib/python3.7/site-packages/airflow/example_dags/example_task_group.py
[2022-10-03T12:29:32.086+0000] {processor.py:768} INFO - DAG(s) dict_keys(['example_task_group']) retrieved from /home/airflow/.local/lib/python3.7/site-packages/airflow/example_dags/example_task_group.py
[2022-10-03T12:29:32.177+0000] {logging_mixin.py:117} INFO - [2022-10-03T12:29:32.176+0000] {dag.py:2573} INFO - Sync 1 DAGs
[2022-10-03T12:29:32.239+0000] {logging_mixin.py:117} INFO - [2022-10-03T12:29:32.239+0000] {dag.py:3328} INFO - Setting next_dagrun for example_task_group to 2022-10-02T12:29:32.239135+00:00, run_after=2022-10-03T12:29:32.239135+00:00
[2022-10-03T12:29:32.280+0000] {processor.py:178} INFO - Processing /home/airflow/.local/lib/python3.7/site-packages/airflow/example_dags/example_task_group.py took 0.244 seconds
[2022-10-03T12:30:02.348+0000] {processor.py:156} INFO - Started process (PID=2493) to work on /home/airflow/.local/lib/python3.7/site-packages/airflow/example_dags/example_task_group.py
[2022-10-03T12:30:02.349+0000] {processor.py:758} INFO - Processing file /home/airflow/.local/lib/python3.7/site-packages/airflow/example_dags/example_task_group.py for tasks to queue
[2022-10-03T12:30:02.350+0000] {logging_mixin.py:117} INFO - [2022-10-03T12:30:02.349+0000] {dagbag.py:525} INFO - Filling up the DagBag from /home/airflow/.local/lib/python3.7/site-packages/airflow/example_dags/example_task_group.py
[2022-10-03T12:30:02.365+0000] {processor.py:768} INFO - DAG(s) dict_keys(['example_task_group']) retrieved from /home/airflow/.local/lib/python3.7/site-packages/airflow/example_dags/example_task_group.py
[2022-10-03T12:30:02.406+0000] {logging_mixin.py:117} INFO - [2022-10-03T12:30:02.405+0000] {dag.py:2573} INFO - Sync 1 DAGs
[2022-10-03T12:30:02.432+0000] {logging_mixin.py:117} INFO - [2022-10-03T12:30:02.431+0000] {dag.py:3328} INFO - Setting next_dagrun for example_task_group to 2022-10-02T12:30:02.431578+00:00, run_after=2022-10-03T12:30:02.431578+00:00
[2022-10-03T12:30:02.456+0000] {processor.py:178} INFO - Processing /home/airflow/.local/lib/python3.7/site-packages/airflow/example_dags/example_task_group.py took 0.110 seconds
[2022-10-03T12:30:32.512+0000] {processor.py:156} INFO - Started process (PID=2689) to work on /home/airflow/.local/lib/python3.7/site-packages/airflow/example_dags/example_task_group.py
[2022-10-03T12:30:32.514+0000] {processor.py:758} INFO - Processing file /home/airflow/.local/lib/python3.7/site-packages/airflow/example_dags/example_task_group.py for tasks to queue
[2022-10-03T12:30:32.515+0000] {logging_mixin.py:117} INFO - [2022-10-03T12:30:32.514+0000] {dagbag.py:525} INFO - Filling up the DagBag from /home/airflow/.local/lib/python3.7/site-packages/airflow/example_dags/example_task_group.py
[2022-10-03T12:30:32.532+0000] {processor.py:768} INFO - DAG(s) dict_keys(['example_task_group']) retrieved from /home/airflow/.local/lib/python3.7/site-packages/airflow/example_dags/example_task_group.py
[2022-10-03T12:30:32.587+0000] {logging_mixin.py:117} INFO - [2022-10-03T12:30:32.587+0000] {dag.py:2573} INFO - Sync 1 DAGs
[2022-10-03T12:30:32.619+0000] {logging_mixin.py:117} INFO - [2022-10-03T12:30:32.619+0000] {dag.py:3328} INFO - Setting next_dagrun for example_task_group to 2022-10-02T12:30:32.618989+00:00, run_after=2022-10-03T12:30:32.618989+00:00
[2022-10-03T12:30:32.644+0000] {processor.py:178} INFO - Processing /home/airflow/.local/lib/python3.7/site-packages/airflow/example_dags/example_task_group.py took 0.136 seconds
[2022-10-03T12:31:03.074+0000] {processor.py:156} INFO - Started process (PID=2896) to work on /home/airflow/.local/lib/python3.7/site-packages/airflow/example_dags/example_task_group.py
[2022-10-03T12:31:03.075+0000] {processor.py:758} INFO - Processing file /home/airflow/.local/lib/python3.7/site-packages/airflow/example_dags/example_task_group.py for tasks to queue
[2022-10-03T12:31:03.076+0000] {logging_mixin.py:117} INFO - [2022-10-03T12:31:03.076+0000] {dagbag.py:525} INFO - Filling up the DagBag from /home/airflow/.local/lib/python3.7/site-packages/airflow/example_dags/example_task_group.py
[2022-10-03T12:31:03.095+0000] {processor.py:768} INFO - DAG(s) dict_keys(['example_task_group']) retrieved from /home/airflow/.local/lib/python3.7/site-packages/airflow/example_dags/example_task_group.py
[2022-10-03T12:31:03.145+0000] {logging_mixin.py:117} INFO - [2022-10-03T12:31:03.145+0000] {dag.py:2573} INFO - Sync 1 DAGs
[2022-10-03T12:31:03.176+0000] {logging_mixin.py:117} INFO - [2022-10-03T12:31:03.176+0000] {dag.py:3328} INFO - Setting next_dagrun for example_task_group to 2022-10-02T12:31:03.176425+00:00, run_after=2022-10-03T12:31:03.176425+00:00
[2022-10-03T12:31:03.209+0000] {processor.py:178} INFO - Processing /home/airflow/.local/lib/python3.7/site-packages/airflow/example_dags/example_task_group.py took 0.139 seconds
[2022-10-03T12:31:33.443+0000] {processor.py:156} INFO - Started process (PID=3094) to work on /home/airflow/.local/lib/python3.7/site-packages/airflow/example_dags/example_task_group.py
[2022-10-03T12:31:33.444+0000] {processor.py:758} INFO - Processing file /home/airflow/.local/lib/python3.7/site-packages/airflow/example_dags/example_task_group.py for tasks to queue
[2022-10-03T12:31:33.445+0000] {logging_mixin.py:117} INFO - [2022-10-03T12:31:33.445+0000] {dagbag.py:525} INFO - Filling up the DagBag from /home/airflow/.local/lib/python3.7/site-packages/airflow/example_dags/example_task_group.py
[2022-10-03T12:31:33.464+0000] {processor.py:768} INFO - DAG(s) dict_keys(['example_task_group']) retrieved from /home/airflow/.local/lib/python3.7/site-packages/airflow/example_dags/example_task_group.py
[2022-10-03T12:31:33.514+0000] {logging_mixin.py:117} INFO - [2022-10-03T12:31:33.514+0000] {dag.py:2573} INFO - Sync 1 DAGs
[2022-10-03T12:31:33.544+0000] {logging_mixin.py:117} INFO - [2022-10-03T12:31:33.544+0000] {dag.py:3328} INFO - Setting next_dagrun for example_task_group to 2022-10-02T12:31:33.544338+00:00, run_after=2022-10-03T12:31:33.544338+00:00
[2022-10-03T12:31:33.573+0000] {processor.py:178} INFO - Processing /home/airflow/.local/lib/python3.7/site-packages/airflow/example_dags/example_task_group.py took 0.133 seconds
[2022-10-03T12:32:03.909+0000] {processor.py:156} INFO - Started process (PID=3301) to work on /home/airflow/.local/lib/python3.7/site-packages/airflow/example_dags/example_task_group.py
[2022-10-03T12:32:03.910+0000] {processor.py:758} INFO - Processing file /home/airflow/.local/lib/python3.7/site-packages/airflow/example_dags/example_task_group.py for tasks to queue
[2022-10-03T12:32:03.910+0000] {logging_mixin.py:117} INFO - [2022-10-03T12:32:03.910+0000] {dagbag.py:525} INFO - Filling up the DagBag from /home/airflow/.local/lib/python3.7/site-packages/airflow/example_dags/example_task_group.py
[2022-10-03T12:32:03.930+0000] {processor.py:768} INFO - DAG(s) dict_keys(['example_task_group']) retrieved from /home/airflow/.local/lib/python3.7/site-packages/airflow/example_dags/example_task_group.py
[2022-10-03T12:32:03.981+0000] {logging_mixin.py:117} INFO - [2022-10-03T12:32:03.980+0000] {dag.py:2573} INFO - Sync 1 DAGs
[2022-10-03T12:32:04.011+0000] {logging_mixin.py:117} INFO - [2022-10-03T12:32:04.011+0000] {dag.py:3328} INFO - Setting next_dagrun for example_task_group to 2022-10-02T12:32:04.010913+00:00, run_after=2022-10-03T12:32:04.010913+00:00
[2022-10-03T12:32:04.038+0000] {processor.py:178} INFO - Processing /home/airflow/.local/lib/python3.7/site-packages/airflow/example_dags/example_task_group.py took 0.133 seconds
[2022-10-03T12:32:34.307+0000] {processor.py:156} INFO - Started process (PID=3508) to work on /home/airflow/.local/lib/python3.7/site-packages/airflow/example_dags/example_task_group.py
[2022-10-03T12:32:34.307+0000] {processor.py:758} INFO - Processing file /home/airflow/.local/lib/python3.7/site-packages/airflow/example_dags/example_task_group.py for tasks to queue
[2022-10-03T12:32:34.308+0000] {logging_mixin.py:117} INFO - [2022-10-03T12:32:34.308+0000] {dagbag.py:525} INFO - Filling up the DagBag from /home/airflow/.local/lib/python3.7/site-packages/airflow/example_dags/example_task_group.py
[2022-10-03T12:32:34.327+0000] {processor.py:768} INFO - DAG(s) dict_keys(['example_task_group']) retrieved from /home/airflow/.local/lib/python3.7/site-packages/airflow/example_dags/example_task_group.py
[2022-10-03T12:32:34.384+0000] {logging_mixin.py:117} INFO - [2022-10-03T12:32:34.384+0000] {dag.py:2573} INFO - Sync 1 DAGs
[2022-10-03T12:32:34.414+0000] {logging_mixin.py:117} INFO - [2022-10-03T12:32:34.413+0000] {dag.py:3328} INFO - Setting next_dagrun for example_task_group to 2022-10-02T12:32:34.413354+00:00, run_after=2022-10-03T12:32:34.413354+00:00
[2022-10-03T12:32:34.443+0000] {processor.py:178} INFO - Processing /home/airflow/.local/lib/python3.7/site-packages/airflow/example_dags/example_task_group.py took 0.139 seconds
[2022-10-03T12:33:04.484+0000] {processor.py:156} INFO - Started process (PID=3706) to work on /home/airflow/.local/lib/python3.7/site-packages/airflow/example_dags/example_task_group.py
[2022-10-03T12:33:04.485+0000] {processor.py:758} INFO - Processing file /home/airflow/.local/lib/python3.7/site-packages/airflow/example_dags/example_task_group.py for tasks to queue
[2022-10-03T12:33:04.486+0000] {logging_mixin.py:117} INFO - [2022-10-03T12:33:04.486+0000] {dagbag.py:525} INFO - Filling up the DagBag from /home/airflow/.local/lib/python3.7/site-packages/airflow/example_dags/example_task_group.py
[2022-10-03T12:33:04.503+0000] {processor.py:768} INFO - DAG(s) dict_keys(['example_task_group']) retrieved from /home/airflow/.local/lib/python3.7/site-packages/airflow/example_dags/example_task_group.py
[2022-10-03T12:33:04.550+0000] {logging_mixin.py:117} INFO - [2022-10-03T12:33:04.550+0000] {dag.py:2573} INFO - Sync 1 DAGs
[2022-10-03T12:33:04.580+0000] {logging_mixin.py:117} INFO - [2022-10-03T12:33:04.579+0000] {dag.py:3328} INFO - Setting next_dagrun for example_task_group to 2022-10-02T12:33:04.579607+00:00, run_after=2022-10-03T12:33:04.579607+00:00
[2022-10-03T12:33:04.605+0000] {processor.py:178} INFO - Processing /home/airflow/.local/lib/python3.7/site-packages/airflow/example_dags/example_task_group.py took 0.125 seconds
[2022-10-03T12:33:35.201+0000] {processor.py:156} INFO - Started process (PID=3913) to work on /home/airflow/.local/lib/python3.7/site-packages/airflow/example_dags/example_task_group.py
[2022-10-03T12:33:35.202+0000] {processor.py:758} INFO - Processing file /home/airflow/.local/lib/python3.7/site-packages/airflow/example_dags/example_task_group.py for tasks to queue
[2022-10-03T12:33:35.206+0000] {logging_mixin.py:117} INFO - [2022-10-03T12:33:35.203+0000] {dagbag.py:525} INFO - Filling up the DagBag from /home/airflow/.local/lib/python3.7/site-packages/airflow/example_dags/example_task_group.py
[2022-10-03T12:33:35.241+0000] {processor.py:768} INFO - DAG(s) dict_keys(['example_task_group']) retrieved from /home/airflow/.local/lib/python3.7/site-packages/airflow/example_dags/example_task_group.py
[2022-10-03T12:33:35.331+0000] {logging_mixin.py:117} INFO - [2022-10-03T12:33:35.331+0000] {dag.py:2573} INFO - Sync 1 DAGs
[2022-10-03T12:33:35.388+0000] {logging_mixin.py:117} INFO - [2022-10-03T12:33:35.388+0000] {dag.py:3328} INFO - Setting next_dagrun for example_task_group to 2022-10-02T12:33:35.388377+00:00, run_after=2022-10-03T12:33:35.388377+00:00
[2022-10-03T12:33:35.426+0000] {processor.py:178} INFO - Processing /home/airflow/.local/lib/python3.7/site-packages/airflow/example_dags/example_task_group.py took 0.232 seconds
[2022-10-03T12:34:05.696+0000] {processor.py:156} INFO - Started process (PID=4111) to work on /home/airflow/.local/lib/python3.7/site-packages/airflow/example_dags/example_task_group.py
[2022-10-03T12:34:05.697+0000] {processor.py:758} INFO - Processing file /home/airflow/.local/lib/python3.7/site-packages/airflow/example_dags/example_task_group.py for tasks to queue
[2022-10-03T12:34:05.698+0000] {logging_mixin.py:117} INFO - [2022-10-03T12:34:05.698+0000] {dagbag.py:525} INFO - Filling up the DagBag from /home/airflow/.local/lib/python3.7/site-packages/airflow/example_dags/example_task_group.py
[2022-10-03T12:34:05.718+0000] {processor.py:768} INFO - DAG(s) dict_keys(['example_task_group']) retrieved from /home/airflow/.local/lib/python3.7/site-packages/airflow/example_dags/example_task_group.py
[2022-10-03T12:34:05.766+0000] {logging_mixin.py:117} INFO - [2022-10-03T12:34:05.766+0000] {dag.py:2573} INFO - Sync 1 DAGs
[2022-10-03T12:34:05.800+0000] {logging_mixin.py:117} INFO - [2022-10-03T12:34:05.800+0000] {dag.py:3328} INFO - Setting next_dagrun for example_task_group to 2022-10-02T12:34:05.799778+00:00, run_after=2022-10-03T12:34:05.799778+00:00
[2022-10-03T12:34:05.828+0000] {processor.py:178} INFO - Processing /home/airflow/.local/lib/python3.7/site-packages/airflow/example_dags/example_task_group.py took 0.136 seconds
[2022-10-03T12:34:36.211+0000] {processor.py:156} INFO - Started process (PID=4319) to work on /home/airflow/.local/lib/python3.7/site-packages/airflow/example_dags/example_task_group.py
[2022-10-03T12:34:36.213+0000] {processor.py:758} INFO - Processing file /home/airflow/.local/lib/python3.7/site-packages/airflow/example_dags/example_task_group.py for tasks to queue
[2022-10-03T12:34:36.213+0000] {logging_mixin.py:117} INFO - [2022-10-03T12:34:36.213+0000] {dagbag.py:525} INFO - Filling up the DagBag from /home/airflow/.local/lib/python3.7/site-packages/airflow/example_dags/example_task_group.py
[2022-10-03T12:34:36.231+0000] {processor.py:768} INFO - DAG(s) dict_keys(['example_task_group']) retrieved from /home/airflow/.local/lib/python3.7/site-packages/airflow/example_dags/example_task_group.py
[2022-10-03T12:34:36.286+0000] {logging_mixin.py:117} INFO - [2022-10-03T12:34:36.285+0000] {dag.py:2573} INFO - Sync 1 DAGs
[2022-10-03T12:34:36.321+0000] {logging_mixin.py:117} INFO - [2022-10-03T12:34:36.321+0000] {dag.py:3328} INFO - Setting next_dagrun for example_task_group to 2022-10-02T12:34:36.320932+00:00, run_after=2022-10-03T12:34:36.320932+00:00
[2022-10-03T12:34:36.346+0000] {processor.py:178} INFO - Processing /home/airflow/.local/lib/python3.7/site-packages/airflow/example_dags/example_task_group.py took 0.138 seconds
[2022-10-03T12:35:06.708+0000] {processor.py:156} INFO - Started process (PID=4517) to work on /home/airflow/.local/lib/python3.7/site-packages/airflow/example_dags/example_task_group.py
[2022-10-03T12:35:06.710+0000] {processor.py:758} INFO - Processing file /home/airflow/.local/lib/python3.7/site-packages/airflow/example_dags/example_task_group.py for tasks to queue
[2022-10-03T12:35:06.713+0000] {logging_mixin.py:117} INFO - [2022-10-03T12:35:06.712+0000] {dagbag.py:525} INFO - Filling up the DagBag from /home/airflow/.local/lib/python3.7/site-packages/airflow/example_dags/example_task_group.py
[2022-10-03T12:35:06.766+0000] {processor.py:768} INFO - DAG(s) dict_keys(['example_task_group']) retrieved from /home/airflow/.local/lib/python3.7/site-packages/airflow/example_dags/example_task_group.py
[2022-10-03T12:35:06.873+0000] {logging_mixin.py:117} INFO - [2022-10-03T12:35:06.873+0000] {dag.py:2573} INFO - Sync 1 DAGs
[2022-10-03T12:35:06.934+0000] {logging_mixin.py:117} INFO - [2022-10-03T12:35:06.934+0000] {dag.py:3328} INFO - Setting next_dagrun for example_task_group to 2022-10-02T12:35:06.933768+00:00, run_after=2022-10-03T12:35:06.933768+00:00
[2022-10-03T12:35:06.987+0000] {processor.py:178} INFO - Processing /home/airflow/.local/lib/python3.7/site-packages/airflow/example_dags/example_task_group.py took 0.289 seconds
[2022-10-03T12:35:37.568+0000] {processor.py:156} INFO - Started process (PID=4724) to work on /home/airflow/.local/lib/python3.7/site-packages/airflow/example_dags/example_task_group.py
[2022-10-03T12:35:37.569+0000] {processor.py:758} INFO - Processing file /home/airflow/.local/lib/python3.7/site-packages/airflow/example_dags/example_task_group.py for tasks to queue
[2022-10-03T12:35:37.571+0000] {logging_mixin.py:117} INFO - [2022-10-03T12:35:37.571+0000] {dagbag.py:525} INFO - Filling up the DagBag from /home/airflow/.local/lib/python3.7/site-packages/airflow/example_dags/example_task_group.py
[2022-10-03T12:35:37.606+0000] {processor.py:768} INFO - DAG(s) dict_keys(['example_task_group']) retrieved from /home/airflow/.local/lib/python3.7/site-packages/airflow/example_dags/example_task_group.py
[2022-10-03T12:35:37.698+0000] {logging_mixin.py:117} INFO - [2022-10-03T12:35:37.698+0000] {dag.py:2573} INFO - Sync 1 DAGs
[2022-10-03T12:35:37.768+0000] {logging_mixin.py:117} INFO - [2022-10-03T12:35:37.768+0000] {dag.py:3328} INFO - Setting next_dagrun for example_task_group to 2022-10-02T12:35:37.768002+00:00, run_after=2022-10-03T12:35:37.768002+00:00
[2022-10-03T12:35:37.821+0000] {processor.py:178} INFO - Processing /home/airflow/.local/lib/python3.7/site-packages/airflow/example_dags/example_task_group.py took 0.261 seconds
[2022-10-03T12:36:08.100+0000] {processor.py:156} INFO - Started process (PID=4922) to work on /home/airflow/.local/lib/python3.7/site-packages/airflow/example_dags/example_task_group.py
[2022-10-03T12:36:08.101+0000] {processor.py:758} INFO - Processing file /home/airflow/.local/lib/python3.7/site-packages/airflow/example_dags/example_task_group.py for tasks to queue
[2022-10-03T12:36:08.102+0000] {logging_mixin.py:117} INFO - [2022-10-03T12:36:08.101+0000] {dagbag.py:525} INFO - Filling up the DagBag from /home/airflow/.local/lib/python3.7/site-packages/airflow/example_dags/example_task_group.py
[2022-10-03T12:36:08.121+0000] {processor.py:768} INFO - DAG(s) dict_keys(['example_task_group']) retrieved from /home/airflow/.local/lib/python3.7/site-packages/airflow/example_dags/example_task_group.py
[2022-10-03T12:36:08.169+0000] {logging_mixin.py:117} INFO - [2022-10-03T12:36:08.169+0000] {dag.py:2573} INFO - Sync 1 DAGs
[2022-10-03T12:36:08.200+0000] {logging_mixin.py:117} INFO - [2022-10-03T12:36:08.200+0000] {dag.py:3328} INFO - Setting next_dagrun for example_task_group to 2022-10-02T12:36:08.200069+00:00, run_after=2022-10-03T12:36:08.200069+00:00
[2022-10-03T12:36:08.224+0000] {processor.py:178} INFO - Processing /home/airflow/.local/lib/python3.7/site-packages/airflow/example_dags/example_task_group.py took 0.128 seconds
[2022-10-03T12:36:38.676+0000] {processor.py:156} INFO - Started process (PID=5129) to work on /home/airflow/.local/lib/python3.7/site-packages/airflow/example_dags/example_task_group.py
[2022-10-03T12:36:38.677+0000] {processor.py:758} INFO - Processing file /home/airflow/.local/lib/python3.7/site-packages/airflow/example_dags/example_task_group.py for tasks to queue
[2022-10-03T12:36:38.678+0000] {logging_mixin.py:117} INFO - [2022-10-03T12:36:38.677+0000] {dagbag.py:525} INFO - Filling up the DagBag from /home/airflow/.local/lib/python3.7/site-packages/airflow/example_dags/example_task_group.py
[2022-10-03T12:36:38.696+0000] {processor.py:768} INFO - DAG(s) dict_keys(['example_task_group']) retrieved from /home/airflow/.local/lib/python3.7/site-packages/airflow/example_dags/example_task_group.py
[2022-10-03T12:36:38.746+0000] {logging_mixin.py:117} INFO - [2022-10-03T12:36:38.746+0000] {dag.py:2573} INFO - Sync 1 DAGs
[2022-10-03T12:36:38.776+0000] {logging_mixin.py:117} INFO - [2022-10-03T12:36:38.776+0000] {dag.py:3328} INFO - Setting next_dagrun for example_task_group to 2022-10-02T12:36:38.776395+00:00, run_after=2022-10-03T12:36:38.776395+00:00
[2022-10-03T12:36:38.803+0000] {processor.py:178} INFO - Processing /home/airflow/.local/lib/python3.7/site-packages/airflow/example_dags/example_task_group.py took 0.130 seconds
[2022-10-03T12:37:09.702+0000] {processor.py:156} INFO - Started process (PID=5336) to work on /home/airflow/.local/lib/python3.7/site-packages/airflow/example_dags/example_task_group.py
[2022-10-03T12:37:09.703+0000] {processor.py:758} INFO - Processing file /home/airflow/.local/lib/python3.7/site-packages/airflow/example_dags/example_task_group.py for tasks to queue
[2022-10-03T12:37:09.704+0000] {logging_mixin.py:117} INFO - [2022-10-03T12:37:09.704+0000] {dagbag.py:525} INFO - Filling up the DagBag from /home/airflow/.local/lib/python3.7/site-packages/airflow/example_dags/example_task_group.py
[2022-10-03T12:37:09.724+0000] {processor.py:768} INFO - DAG(s) dict_keys(['example_task_group']) retrieved from /home/airflow/.local/lib/python3.7/site-packages/airflow/example_dags/example_task_group.py
[2022-10-03T12:37:09.777+0000] {logging_mixin.py:117} INFO - [2022-10-03T12:37:09.777+0000] {dag.py:2573} INFO - Sync 1 DAGs
[2022-10-03T12:37:09.816+0000] {logging_mixin.py:117} INFO - [2022-10-03T12:37:09.816+0000] {dag.py:3328} INFO - Setting next_dagrun for example_task_group to 2022-10-02T12:37:09.816038+00:00, run_after=2022-10-03T12:37:09.816038+00:00
[2022-10-03T12:37:09.844+0000] {processor.py:178} INFO - Processing /home/airflow/.local/lib/python3.7/site-packages/airflow/example_dags/example_task_group.py took 0.146 seconds
[2022-10-03T12:37:40.682+0000] {processor.py:156} INFO - Started process (PID=5534) to work on /home/airflow/.local/lib/python3.7/site-packages/airflow/example_dags/example_task_group.py
[2022-10-03T12:37:40.683+0000] {processor.py:758} INFO - Processing file /home/airflow/.local/lib/python3.7/site-packages/airflow/example_dags/example_task_group.py for tasks to queue
[2022-10-03T12:37:40.684+0000] {logging_mixin.py:117} INFO - [2022-10-03T12:37:40.684+0000] {dagbag.py:525} INFO - Filling up the DagBag from /home/airflow/.local/lib/python3.7/site-packages/airflow/example_dags/example_task_group.py
[2022-10-03T12:37:40.721+0000] {processor.py:768} INFO - DAG(s) dict_keys(['example_task_group']) retrieved from /home/airflow/.local/lib/python3.7/site-packages/airflow/example_dags/example_task_group.py
[2022-10-03T12:37:40.828+0000] {logging_mixin.py:117} INFO - [2022-10-03T12:37:40.827+0000] {dag.py:2573} INFO - Sync 1 DAGs
[2022-10-03T12:37:40.906+0000] {logging_mixin.py:117} INFO - [2022-10-03T12:37:40.906+0000] {dag.py:3328} INFO - Setting next_dagrun for example_task_group to 2022-10-02T12:37:40.905912+00:00, run_after=2022-10-03T12:37:40.905912+00:00
[2022-10-03T12:37:40.961+0000] {processor.py:178} INFO - Processing /home/airflow/.local/lib/python3.7/site-packages/airflow/example_dags/example_task_group.py took 0.285 seconds
[2022-10-03T12:38:11.665+0000] {processor.py:156} INFO - Started process (PID=5741) to work on /home/airflow/.local/lib/python3.7/site-packages/airflow/example_dags/example_task_group.py
[2022-10-03T12:38:11.666+0000] {processor.py:758} INFO - Processing file /home/airflow/.local/lib/python3.7/site-packages/airflow/example_dags/example_task_group.py for tasks to queue
[2022-10-03T12:38:11.667+0000] {logging_mixin.py:117} INFO - [2022-10-03T12:38:11.667+0000] {dagbag.py:525} INFO - Filling up the DagBag from /home/airflow/.local/lib/python3.7/site-packages/airflow/example_dags/example_task_group.py
[2022-10-03T12:38:11.691+0000] {processor.py:768} INFO - DAG(s) dict_keys(['example_task_group']) retrieved from /home/airflow/.local/lib/python3.7/site-packages/airflow/example_dags/example_task_group.py
[2022-10-03T12:38:11.742+0000] {logging_mixin.py:117} INFO - [2022-10-03T12:38:11.742+0000] {dag.py:2573} INFO - Sync 1 DAGs
[2022-10-03T12:38:11.776+0000] {logging_mixin.py:117} INFO - [2022-10-03T12:38:11.776+0000] {dag.py:3328} INFO - Setting next_dagrun for example_task_group to 2022-10-02T12:38:11.776170+00:00, run_after=2022-10-03T12:38:11.776170+00:00
[2022-10-03T12:38:11.805+0000] {processor.py:178} INFO - Processing /home/airflow/.local/lib/python3.7/site-packages/airflow/example_dags/example_task_group.py took 0.143 seconds
[2022-10-03T12:38:42.262+0000] {processor.py:156} INFO - Started process (PID=5939) to work on /home/airflow/.local/lib/python3.7/site-packages/airflow/example_dags/example_task_group.py
[2022-10-03T12:38:42.263+0000] {processor.py:758} INFO - Processing file /home/airflow/.local/lib/python3.7/site-packages/airflow/example_dags/example_task_group.py for tasks to queue
[2022-10-03T12:38:42.264+0000] {logging_mixin.py:117} INFO - [2022-10-03T12:38:42.264+0000] {dagbag.py:525} INFO - Filling up the DagBag from /home/airflow/.local/lib/python3.7/site-packages/airflow/example_dags/example_task_group.py
[2022-10-03T12:38:42.282+0000] {processor.py:768} INFO - DAG(s) dict_keys(['example_task_group']) retrieved from /home/airflow/.local/lib/python3.7/site-packages/airflow/example_dags/example_task_group.py
[2022-10-03T12:38:42.334+0000] {logging_mixin.py:117} INFO - [2022-10-03T12:38:42.333+0000] {dag.py:2573} INFO - Sync 1 DAGs
[2022-10-03T12:38:42.364+0000] {logging_mixin.py:117} INFO - [2022-10-03T12:38:42.364+0000] {dag.py:3328} INFO - Setting next_dagrun for example_task_group to 2022-10-02T12:38:42.364492+00:00, run_after=2022-10-03T12:38:42.364492+00:00
[2022-10-03T12:38:42.393+0000] {processor.py:178} INFO - Processing /home/airflow/.local/lib/python3.7/site-packages/airflow/example_dags/example_task_group.py took 0.134 seconds
[2022-10-03T12:39:12.961+0000] {processor.py:156} INFO - Started process (PID=6146) to work on /home/airflow/.local/lib/python3.7/site-packages/airflow/example_dags/example_task_group.py
[2022-10-03T12:39:12.963+0000] {processor.py:758} INFO - Processing file /home/airflow/.local/lib/python3.7/site-packages/airflow/example_dags/example_task_group.py for tasks to queue
[2022-10-03T12:39:12.964+0000] {logging_mixin.py:117} INFO - [2022-10-03T12:39:12.963+0000] {dagbag.py:525} INFO - Filling up the DagBag from /home/airflow/.local/lib/python3.7/site-packages/airflow/example_dags/example_task_group.py
[2022-10-03T12:39:12.986+0000] {processor.py:768} INFO - DAG(s) dict_keys(['example_task_group']) retrieved from /home/airflow/.local/lib/python3.7/site-packages/airflow/example_dags/example_task_group.py
[2022-10-03T12:39:13.042+0000] {logging_mixin.py:117} INFO - [2022-10-03T12:39:13.042+0000] {dag.py:2573} INFO - Sync 1 DAGs
[2022-10-03T12:39:13.080+0000] {logging_mixin.py:117} INFO - [2022-10-03T12:39:13.080+0000] {dag.py:3328} INFO - Setting next_dagrun for example_task_group to 2022-10-02T12:39:13.080341+00:00, run_after=2022-10-03T12:39:13.080341+00:00
[2022-10-03T12:39:13.113+0000] {processor.py:178} INFO - Processing /home/airflow/.local/lib/python3.7/site-packages/airflow/example_dags/example_task_group.py took 0.155 seconds
[2022-10-03T12:39:43.389+0000] {processor.py:156} INFO - Started process (PID=6353) to work on /home/airflow/.local/lib/python3.7/site-packages/airflow/example_dags/example_task_group.py
[2022-10-03T12:39:43.389+0000] {processor.py:758} INFO - Processing file /home/airflow/.local/lib/python3.7/site-packages/airflow/example_dags/example_task_group.py for tasks to queue
[2022-10-03T12:39:43.390+0000] {logging_mixin.py:117} INFO - [2022-10-03T12:39:43.390+0000] {dagbag.py:525} INFO - Filling up the DagBag from /home/airflow/.local/lib/python3.7/site-packages/airflow/example_dags/example_task_group.py
[2022-10-03T12:39:43.413+0000] {processor.py:768} INFO - DAG(s) dict_keys(['example_task_group']) retrieved from /home/airflow/.local/lib/python3.7/site-packages/airflow/example_dags/example_task_group.py
[2022-10-03T12:39:43.469+0000] {logging_mixin.py:117} INFO - [2022-10-03T12:39:43.468+0000] {dag.py:2573} INFO - Sync 1 DAGs
[2022-10-03T12:39:43.505+0000] {logging_mixin.py:117} INFO - [2022-10-03T12:39:43.505+0000] {dag.py:3328} INFO - Setting next_dagrun for example_task_group to 2022-10-02T12:39:43.505198+00:00, run_after=2022-10-03T12:39:43.505198+00:00
[2022-10-03T12:39:43.535+0000] {processor.py:178} INFO - Processing /home/airflow/.local/lib/python3.7/site-packages/airflow/example_dags/example_task_group.py took 0.150 seconds
[2022-10-03T12:40:13.893+0000] {processor.py:156} INFO - Started process (PID=6551) to work on /home/airflow/.local/lib/python3.7/site-packages/airflow/example_dags/example_task_group.py
[2022-10-03T12:40:13.894+0000] {processor.py:758} INFO - Processing file /home/airflow/.local/lib/python3.7/site-packages/airflow/example_dags/example_task_group.py for tasks to queue
[2022-10-03T12:40:13.895+0000] {logging_mixin.py:117} INFO - [2022-10-03T12:40:13.895+0000] {dagbag.py:525} INFO - Filling up the DagBag from /home/airflow/.local/lib/python3.7/site-packages/airflow/example_dags/example_task_group.py
[2022-10-03T12:40:13.916+0000] {processor.py:768} INFO - DAG(s) dict_keys(['example_task_group']) retrieved from /home/airflow/.local/lib/python3.7/site-packages/airflow/example_dags/example_task_group.py
[2022-10-03T12:40:13.973+0000] {logging_mixin.py:117} INFO - [2022-10-03T12:40:13.973+0000] {dag.py:2573} INFO - Sync 1 DAGs
[2022-10-03T12:40:14.007+0000] {logging_mixin.py:117} INFO - [2022-10-03T12:40:14.007+0000] {dag.py:3328} INFO - Setting next_dagrun for example_task_group to 2022-10-02T12:40:14.006817+00:00, run_after=2022-10-03T12:40:14.006817+00:00
[2022-10-03T12:40:14.035+0000] {processor.py:178} INFO - Processing /home/airflow/.local/lib/python3.7/site-packages/airflow/example_dags/example_task_group.py took 0.145 seconds
[2022-10-03T12:40:44.632+0000] {processor.py:156} INFO - Started process (PID=6758) to work on /home/airflow/.local/lib/python3.7/site-packages/airflow/example_dags/example_task_group.py
[2022-10-03T12:40:44.634+0000] {processor.py:758} INFO - Processing file /home/airflow/.local/lib/python3.7/site-packages/airflow/example_dags/example_task_group.py for tasks to queue
[2022-10-03T12:40:44.636+0000] {logging_mixin.py:117} INFO - [2022-10-03T12:40:44.636+0000] {dagbag.py:525} INFO - Filling up the DagBag from /home/airflow/.local/lib/python3.7/site-packages/airflow/example_dags/example_task_group.py
[2022-10-03T12:40:44.686+0000] {processor.py:768} INFO - DAG(s) dict_keys(['example_task_group']) retrieved from /home/airflow/.local/lib/python3.7/site-packages/airflow/example_dags/example_task_group.py
[2022-10-03T12:40:44.805+0000] {logging_mixin.py:117} INFO - [2022-10-03T12:40:44.804+0000] {dag.py:2573} INFO - Sync 1 DAGs
[2022-10-03T12:40:44.884+0000] {logging_mixin.py:117} INFO - [2022-10-03T12:40:44.883+0000] {dag.py:3328} INFO - Setting next_dagrun for example_task_group to 2022-10-02T12:40:44.882823+00:00, run_after=2022-10-03T12:40:44.882823+00:00
[2022-10-03T12:40:44.943+0000] {processor.py:178} INFO - Processing /home/airflow/.local/lib/python3.7/site-packages/airflow/example_dags/example_task_group.py took 0.319 seconds
[2022-10-03T12:41:15.000+0000] {processor.py:156} INFO - Started process (PID=6951) to work on /home/airflow/.local/lib/python3.7/site-packages/airflow/example_dags/example_task_group.py
[2022-10-03T12:41:15.002+0000] {processor.py:758} INFO - Processing file /home/airflow/.local/lib/python3.7/site-packages/airflow/example_dags/example_task_group.py for tasks to queue
[2022-10-03T12:41:15.003+0000] {logging_mixin.py:117} INFO - [2022-10-03T12:41:15.003+0000] {dagbag.py:525} INFO - Filling up the DagBag from /home/airflow/.local/lib/python3.7/site-packages/airflow/example_dags/example_task_group.py
[2022-10-03T12:41:15.044+0000] {processor.py:768} INFO - DAG(s) dict_keys(['example_task_group']) retrieved from /home/airflow/.local/lib/python3.7/site-packages/airflow/example_dags/example_task_group.py
[2022-10-03T12:41:15.143+0000] {logging_mixin.py:117} INFO - [2022-10-03T12:41:15.142+0000] {dag.py:2573} INFO - Sync 1 DAGs
[2022-10-03T12:41:15.214+0000] {logging_mixin.py:117} INFO - [2022-10-03T12:41:15.213+0000] {dag.py:3328} INFO - Setting next_dagrun for example_task_group to 2022-10-02T12:41:15.213182+00:00, run_after=2022-10-03T12:41:15.213182+00:00
[2022-10-03T12:41:15.263+0000] {processor.py:178} INFO - Processing /home/airflow/.local/lib/python3.7/site-packages/airflow/example_dags/example_task_group.py took 0.272 seconds
[2022-10-03T12:41:46.494+0000] {processor.py:156} INFO - Started process (PID=7160) to work on /home/airflow/.local/lib/python3.7/site-packages/airflow/example_dags/example_task_group.py
[2022-10-03T12:41:46.495+0000] {processor.py:758} INFO - Processing file /home/airflow/.local/lib/python3.7/site-packages/airflow/example_dags/example_task_group.py for tasks to queue
[2022-10-03T12:41:46.496+0000] {logging_mixin.py:117} INFO - [2022-10-03T12:41:46.496+0000] {dagbag.py:525} INFO - Filling up the DagBag from /home/airflow/.local/lib/python3.7/site-packages/airflow/example_dags/example_task_group.py
[2022-10-03T12:41:46.531+0000] {processor.py:768} INFO - DAG(s) dict_keys(['example_task_group']) retrieved from /home/airflow/.local/lib/python3.7/site-packages/airflow/example_dags/example_task_group.py
[2022-10-03T12:41:46.629+0000] {logging_mixin.py:117} INFO - [2022-10-03T12:41:46.628+0000] {dag.py:2573} INFO - Sync 1 DAGs
[2022-10-03T12:41:46.711+0000] {logging_mixin.py:117} INFO - [2022-10-03T12:41:46.711+0000] {dag.py:3328} INFO - Setting next_dagrun for example_task_group to 2022-10-02T12:41:46.710652+00:00, run_after=2022-10-03T12:41:46.710652+00:00
[2022-10-03T12:41:46.787+0000] {processor.py:178} INFO - Processing /home/airflow/.local/lib/python3.7/site-packages/airflow/example_dags/example_task_group.py took 0.302 seconds
[2022-10-03T12:42:17.663+0000] {processor.py:156} INFO - Started process (PID=7361) to work on /home/airflow/.local/lib/python3.7/site-packages/airflow/example_dags/example_task_group.py
[2022-10-03T12:42:17.664+0000] {processor.py:758} INFO - Processing file /home/airflow/.local/lib/python3.7/site-packages/airflow/example_dags/example_task_group.py for tasks to queue
[2022-10-03T12:42:17.665+0000] {logging_mixin.py:117} INFO - [2022-10-03T12:42:17.664+0000] {dagbag.py:525} INFO - Filling up the DagBag from /home/airflow/.local/lib/python3.7/site-packages/airflow/example_dags/example_task_group.py
[2022-10-03T12:42:17.681+0000] {processor.py:768} INFO - DAG(s) dict_keys(['example_task_group']) retrieved from /home/airflow/.local/lib/python3.7/site-packages/airflow/example_dags/example_task_group.py
[2022-10-03T12:42:17.723+0000] {logging_mixin.py:117} INFO - [2022-10-03T12:42:17.723+0000] {dag.py:2573} INFO - Sync 1 DAGs
[2022-10-03T12:42:17.750+0000] {logging_mixin.py:117} INFO - [2022-10-03T12:42:17.750+0000] {dag.py:3328} INFO - Setting next_dagrun for example_task_group to 2022-10-02T12:42:17.750458+00:00, run_after=2022-10-03T12:42:17.750458+00:00
[2022-10-03T12:42:17.774+0000] {processor.py:178} INFO - Processing /home/airflow/.local/lib/python3.7/site-packages/airflow/example_dags/example_task_group.py took 0.114 seconds
[2022-10-03T12:42:48.350+0000] {processor.py:156} INFO - Started process (PID=7568) to work on /home/airflow/.local/lib/python3.7/site-packages/airflow/example_dags/example_task_group.py
[2022-10-03T12:42:48.352+0000] {processor.py:758} INFO - Processing file /home/airflow/.local/lib/python3.7/site-packages/airflow/example_dags/example_task_group.py for tasks to queue
[2022-10-03T12:42:48.353+0000] {logging_mixin.py:117} INFO - [2022-10-03T12:42:48.353+0000] {dagbag.py:525} INFO - Filling up the DagBag from /home/airflow/.local/lib/python3.7/site-packages/airflow/example_dags/example_task_group.py
[2022-10-03T12:42:48.380+0000] {processor.py:768} INFO - DAG(s) dict_keys(['example_task_group']) retrieved from /home/airflow/.local/lib/python3.7/site-packages/airflow/example_dags/example_task_group.py
[2022-10-03T12:42:48.431+0000] {logging_mixin.py:117} INFO - [2022-10-03T12:42:48.430+0000] {dag.py:2573} INFO - Sync 1 DAGs
[2022-10-03T12:42:48.467+0000] {logging_mixin.py:117} INFO - [2022-10-03T12:42:48.466+0000] {dag.py:3328} INFO - Setting next_dagrun for example_task_group to 2022-10-02T12:42:48.466211+00:00, run_after=2022-10-03T12:42:48.466211+00:00
[2022-10-03T12:42:48.517+0000] {processor.py:178} INFO - Processing /home/airflow/.local/lib/python3.7/site-packages/airflow/example_dags/example_task_group.py took 0.175 seconds
[2022-10-03T12:43:18.606+0000] {processor.py:156} INFO - Started process (PID=7770) to work on /home/airflow/.local/lib/python3.7/site-packages/airflow/example_dags/example_task_group.py
[2022-10-03T12:43:18.607+0000] {processor.py:758} INFO - Processing file /home/airflow/.local/lib/python3.7/site-packages/airflow/example_dags/example_task_group.py for tasks to queue
[2022-10-03T12:43:18.608+0000] {logging_mixin.py:117} INFO - [2022-10-03T12:43:18.608+0000] {dagbag.py:525} INFO - Filling up the DagBag from /home/airflow/.local/lib/python3.7/site-packages/airflow/example_dags/example_task_group.py
[2022-10-03T12:43:18.639+0000] {processor.py:768} INFO - DAG(s) dict_keys(['example_task_group']) retrieved from /home/airflow/.local/lib/python3.7/site-packages/airflow/example_dags/example_task_group.py
[2022-10-03T12:43:18.684+0000] {logging_mixin.py:117} INFO - [2022-10-03T12:43:18.684+0000] {dag.py:2573} INFO - Sync 1 DAGs
[2022-10-03T12:43:18.711+0000] {logging_mixin.py:117} INFO - [2022-10-03T12:43:18.710+0000] {dag.py:3328} INFO - Setting next_dagrun for example_task_group to 2022-10-02T12:43:18.710662+00:00, run_after=2022-10-03T12:43:18.710662+00:00
[2022-10-03T12:43:18.732+0000] {processor.py:178} INFO - Processing /home/airflow/.local/lib/python3.7/site-packages/airflow/example_dags/example_task_group.py took 0.133 seconds
[2022-10-03T12:43:49.737+0000] {processor.py:156} INFO - Started process (PID=7973) to work on /home/airflow/.local/lib/python3.7/site-packages/airflow/example_dags/example_task_group.py
[2022-10-03T12:43:49.739+0000] {processor.py:758} INFO - Processing file /home/airflow/.local/lib/python3.7/site-packages/airflow/example_dags/example_task_group.py for tasks to queue
[2022-10-03T12:43:49.740+0000] {logging_mixin.py:117} INFO - [2022-10-03T12:43:49.740+0000] {dagbag.py:525} INFO - Filling up the DagBag from /home/airflow/.local/lib/python3.7/site-packages/airflow/example_dags/example_task_group.py
[2022-10-03T12:43:49.776+0000] {processor.py:768} INFO - DAG(s) dict_keys(['example_task_group']) retrieved from /home/airflow/.local/lib/python3.7/site-packages/airflow/example_dags/example_task_group.py
[2022-10-03T12:43:49.865+0000] {logging_mixin.py:117} INFO - [2022-10-03T12:43:49.865+0000] {dag.py:2573} INFO - Sync 1 DAGs
[2022-10-03T12:43:49.924+0000] {logging_mixin.py:117} INFO - [2022-10-03T12:43:49.924+0000] {dag.py:3328} INFO - Setting next_dagrun for example_task_group to 2022-10-02T12:43:49.924042+00:00, run_after=2022-10-03T12:43:49.924042+00:00
[2022-10-03T12:43:49.973+0000] {processor.py:178} INFO - Processing /home/airflow/.local/lib/python3.7/site-packages/airflow/example_dags/example_task_group.py took 0.242 seconds
[2022-10-03T12:44:20.265+0000] {processor.py:156} INFO - Started process (PID=8180) to work on /home/airflow/.local/lib/python3.7/site-packages/airflow/example_dags/example_task_group.py
[2022-10-03T12:44:20.265+0000] {processor.py:758} INFO - Processing file /home/airflow/.local/lib/python3.7/site-packages/airflow/example_dags/example_task_group.py for tasks to queue
[2022-10-03T12:44:20.266+0000] {logging_mixin.py:117} INFO - [2022-10-03T12:44:20.266+0000] {dagbag.py:525} INFO - Filling up the DagBag from /home/airflow/.local/lib/python3.7/site-packages/airflow/example_dags/example_task_group.py
[2022-10-03T12:44:20.282+0000] {processor.py:768} INFO - DAG(s) dict_keys(['example_task_group']) retrieved from /home/airflow/.local/lib/python3.7/site-packages/airflow/example_dags/example_task_group.py
[2022-10-03T12:44:20.324+0000] {logging_mixin.py:117} INFO - [2022-10-03T12:44:20.324+0000] {dag.py:2573} INFO - Sync 1 DAGs
[2022-10-03T12:44:20.355+0000] {logging_mixin.py:117} INFO - [2022-10-03T12:44:20.355+0000] {dag.py:3328} INFO - Setting next_dagrun for example_task_group to 2022-10-02T12:44:20.355134+00:00, run_after=2022-10-03T12:44:20.355134+00:00
[2022-10-03T12:44:20.392+0000] {processor.py:178} INFO - Processing /home/airflow/.local/lib/python3.7/site-packages/airflow/example_dags/example_task_group.py took 0.130 seconds
[2022-10-03T12:44:51.158+0000] {processor.py:156} INFO - Started process (PID=8387) to work on /home/airflow/.local/lib/python3.7/site-packages/airflow/example_dags/example_task_group.py
[2022-10-03T12:44:51.160+0000] {processor.py:758} INFO - Processing file /home/airflow/.local/lib/python3.7/site-packages/airflow/example_dags/example_task_group.py for tasks to queue
[2022-10-03T12:44:51.161+0000] {logging_mixin.py:117} INFO - [2022-10-03T12:44:51.161+0000] {dagbag.py:525} INFO - Filling up the DagBag from /home/airflow/.local/lib/python3.7/site-packages/airflow/example_dags/example_task_group.py
[2022-10-03T12:44:51.198+0000] {processor.py:768} INFO - DAG(s) dict_keys(['example_task_group']) retrieved from /home/airflow/.local/lib/python3.7/site-packages/airflow/example_dags/example_task_group.py
[2022-10-03T12:44:51.300+0000] {logging_mixin.py:117} INFO - [2022-10-03T12:44:51.299+0000] {dag.py:2573} INFO - Sync 1 DAGs
[2022-10-03T12:44:51.365+0000] {logging_mixin.py:117} INFO - [2022-10-03T12:44:51.365+0000] {dag.py:3328} INFO - Setting next_dagrun for example_task_group to 2022-10-02T12:44:51.364542+00:00, run_after=2022-10-03T12:44:51.364542+00:00
[2022-10-03T12:44:51.419+0000] {processor.py:178} INFO - Processing /home/airflow/.local/lib/python3.7/site-packages/airflow/example_dags/example_task_group.py took 0.268 seconds
[2022-10-03T12:45:22.336+0000] {processor.py:156} INFO - Started process (PID=8586) to work on /home/airflow/.local/lib/python3.7/site-packages/airflow/example_dags/example_task_group.py
[2022-10-03T12:45:22.337+0000] {processor.py:758} INFO - Processing file /home/airflow/.local/lib/python3.7/site-packages/airflow/example_dags/example_task_group.py for tasks to queue
[2022-10-03T12:45:22.338+0000] {logging_mixin.py:117} INFO - [2022-10-03T12:45:22.338+0000] {dagbag.py:525} INFO - Filling up the DagBag from /home/airflow/.local/lib/python3.7/site-packages/airflow/example_dags/example_task_group.py
[2022-10-03T12:45:22.357+0000] {processor.py:768} INFO - DAG(s) dict_keys(['example_task_group']) retrieved from /home/airflow/.local/lib/python3.7/site-packages/airflow/example_dags/example_task_group.py
[2022-10-03T12:45:22.410+0000] {logging_mixin.py:117} INFO - [2022-10-03T12:45:22.410+0000] {dag.py:2573} INFO - Sync 1 DAGs
[2022-10-03T12:45:22.442+0000] {logging_mixin.py:117} INFO - [2022-10-03T12:45:22.442+0000] {dag.py:3328} INFO - Setting next_dagrun for example_task_group to 2022-10-02T12:45:22.441600+00:00, run_after=2022-10-03T12:45:22.441600+00:00
[2022-10-03T12:45:22.472+0000] {processor.py:178} INFO - Processing /home/airflow/.local/lib/python3.7/site-packages/airflow/example_dags/example_task_group.py took 0.139 seconds
[2022-10-03T12:45:52.607+0000] {processor.py:156} INFO - Started process (PID=8793) to work on /home/airflow/.local/lib/python3.7/site-packages/airflow/example_dags/example_task_group.py
[2022-10-03T12:45:52.607+0000] {processor.py:758} INFO - Processing file /home/airflow/.local/lib/python3.7/site-packages/airflow/example_dags/example_task_group.py for tasks to queue
[2022-10-03T12:45:52.608+0000] {logging_mixin.py:117} INFO - [2022-10-03T12:45:52.608+0000] {dagbag.py:525} INFO - Filling up the DagBag from /home/airflow/.local/lib/python3.7/site-packages/airflow/example_dags/example_task_group.py
[2022-10-03T12:45:52.626+0000] {processor.py:768} INFO - DAG(s) dict_keys(['example_task_group']) retrieved from /home/airflow/.local/lib/python3.7/site-packages/airflow/example_dags/example_task_group.py
[2022-10-03T12:45:52.670+0000] {logging_mixin.py:117} INFO - [2022-10-03T12:45:52.669+0000] {dag.py:2573} INFO - Sync 1 DAGs
[2022-10-03T12:45:52.698+0000] {logging_mixin.py:117} INFO - [2022-10-03T12:45:52.698+0000] {dag.py:3328} INFO - Setting next_dagrun for example_task_group to 2022-10-02T12:45:52.698005+00:00, run_after=2022-10-03T12:45:52.698005+00:00
[2022-10-03T12:45:52.723+0000] {processor.py:178} INFO - Processing /home/airflow/.local/lib/python3.7/site-packages/airflow/example_dags/example_task_group.py took 0.119 seconds
