[2022-10-03T12:24:27.263+0000] {processor.py:156} INFO - Started process (PID=325) to work on /home/airflow/.local/lib/python3.7/site-packages/airflow/example_dags/example_trigger_controller_dag.py
[2022-10-03T12:24:27.264+0000] {processor.py:758} INFO - Processing file /home/airflow/.local/lib/python3.7/site-packages/airflow/example_dags/example_trigger_controller_dag.py for tasks to queue
[2022-10-03T12:24:27.265+0000] {logging_mixin.py:117} INFO - [2022-10-03T12:24:27.265+0000] {dagbag.py:525} INFO - Filling up the DagBag from /home/airflow/.local/lib/python3.7/site-packages/airflow/example_dags/example_trigger_controller_dag.py
[2022-10-03T12:24:27.300+0000] {processor.py:768} INFO - DAG(s) dict_keys(['example_trigger_controller_dag']) retrieved from /home/airflow/.local/lib/python3.7/site-packages/airflow/example_dags/example_trigger_controller_dag.py
[2022-10-03T12:24:27.448+0000] {logging_mixin.py:117} INFO - [2022-10-03T12:24:27.448+0000] {dag.py:2573} INFO - Sync 1 DAGs
[2022-10-03T12:24:27.520+0000] {logging_mixin.py:117} INFO - [2022-10-03T12:24:27.520+0000] {dag.py:3328} INFO - Setting next_dagrun for example_trigger_controller_dag to 2021-01-01T00:00:00+00:00, run_after=2021-01-01T00:00:00+00:00
[2022-10-03T12:24:27.582+0000] {processor.py:178} INFO - Processing /home/airflow/.local/lib/python3.7/site-packages/airflow/example_dags/example_trigger_controller_dag.py took 0.326 seconds
[2022-10-03T12:24:59.873+0000] {processor.py:156} INFO - Started process (PID=526) to work on /home/airflow/.local/lib/python3.7/site-packages/airflow/example_dags/example_trigger_controller_dag.py
[2022-10-03T12:24:59.875+0000] {processor.py:758} INFO - Processing file /home/airflow/.local/lib/python3.7/site-packages/airflow/example_dags/example_trigger_controller_dag.py for tasks to queue
[2022-10-03T12:24:59.877+0000] {logging_mixin.py:117} INFO - [2022-10-03T12:24:59.877+0000] {dagbag.py:525} INFO - Filling up the DagBag from /home/airflow/.local/lib/python3.7/site-packages/airflow/example_dags/example_trigger_controller_dag.py
[2022-10-03T12:24:59.903+0000] {processor.py:768} INFO - DAG(s) dict_keys(['example_trigger_controller_dag']) retrieved from /home/airflow/.local/lib/python3.7/site-packages/airflow/example_dags/example_trigger_controller_dag.py
[2022-10-03T12:24:59.993+0000] {logging_mixin.py:117} INFO - [2022-10-03T12:24:59.993+0000] {dag.py:2573} INFO - Sync 1 DAGs
[2022-10-03T12:25:00.064+0000] {logging_mixin.py:117} INFO - [2022-10-03T12:25:00.064+0000] {dag.py:3328} INFO - Setting next_dagrun for example_trigger_controller_dag to 2021-01-01T00:00:00+00:00, run_after=2021-01-01T00:00:00+00:00
[2022-10-03T12:25:00.318+0000] {processor.py:178} INFO - Processing /home/airflow/.local/lib/python3.7/site-packages/airflow/example_dags/example_trigger_controller_dag.py took 0.456 seconds
[2022-10-03T12:25:30.660+0000] {processor.py:156} INFO - Started process (PID=728) to work on /home/airflow/.local/lib/python3.7/site-packages/airflow/example_dags/example_trigger_controller_dag.py
[2022-10-03T12:25:30.662+0000] {processor.py:758} INFO - Processing file /home/airflow/.local/lib/python3.7/site-packages/airflow/example_dags/example_trigger_controller_dag.py for tasks to queue
[2022-10-03T12:25:30.663+0000] {logging_mixin.py:117} INFO - [2022-10-03T12:25:30.663+0000] {dagbag.py:525} INFO - Filling up the DagBag from /home/airflow/.local/lib/python3.7/site-packages/airflow/example_dags/example_trigger_controller_dag.py
[2022-10-03T12:25:30.689+0000] {processor.py:768} INFO - DAG(s) dict_keys(['example_trigger_controller_dag']) retrieved from /home/airflow/.local/lib/python3.7/site-packages/airflow/example_dags/example_trigger_controller_dag.py
[2022-10-03T12:25:30.773+0000] {logging_mixin.py:117} INFO - [2022-10-03T12:25:30.772+0000] {dag.py:2573} INFO - Sync 1 DAGs
[2022-10-03T12:25:31.038+0000] {logging_mixin.py:117} INFO - [2022-10-03T12:25:31.038+0000] {dag.py:3328} INFO - Setting next_dagrun for example_trigger_controller_dag to 2021-01-01T00:00:00+00:00, run_after=2021-01-01T00:00:00+00:00
[2022-10-03T12:25:31.099+0000] {processor.py:178} INFO - Processing /home/airflow/.local/lib/python3.7/site-packages/airflow/example_dags/example_trigger_controller_dag.py took 0.444 seconds
[2022-10-03T12:26:01.933+0000] {processor.py:156} INFO - Started process (PID=933) to work on /home/airflow/.local/lib/python3.7/site-packages/airflow/example_dags/example_trigger_controller_dag.py
[2022-10-03T12:26:01.935+0000] {processor.py:758} INFO - Processing file /home/airflow/.local/lib/python3.7/site-packages/airflow/example_dags/example_trigger_controller_dag.py for tasks to queue
[2022-10-03T12:26:01.937+0000] {logging_mixin.py:117} INFO - [2022-10-03T12:26:01.936+0000] {dagbag.py:525} INFO - Filling up the DagBag from /home/airflow/.local/lib/python3.7/site-packages/airflow/example_dags/example_trigger_controller_dag.py
[2022-10-03T12:26:01.965+0000] {processor.py:768} INFO - DAG(s) dict_keys(['example_trigger_controller_dag']) retrieved from /home/airflow/.local/lib/python3.7/site-packages/airflow/example_dags/example_trigger_controller_dag.py
[2022-10-03T12:26:02.279+0000] {logging_mixin.py:117} INFO - [2022-10-03T12:26:02.278+0000] {dag.py:2573} INFO - Sync 1 DAGs
[2022-10-03T12:26:02.361+0000] {logging_mixin.py:117} INFO - [2022-10-03T12:26:02.360+0000] {dag.py:3328} INFO - Setting next_dagrun for example_trigger_controller_dag to 2021-01-01T00:00:00+00:00, run_after=2021-01-01T00:00:00+00:00
[2022-10-03T12:26:02.406+0000] {processor.py:178} INFO - Processing /home/airflow/.local/lib/python3.7/site-packages/airflow/example_dags/example_trigger_controller_dag.py took 0.479 seconds
[2022-10-03T12:26:33.408+0000] {processor.py:156} INFO - Started process (PID=1134) to work on /home/airflow/.local/lib/python3.7/site-packages/airflow/example_dags/example_trigger_controller_dag.py
[2022-10-03T12:26:33.409+0000] {processor.py:758} INFO - Processing file /home/airflow/.local/lib/python3.7/site-packages/airflow/example_dags/example_trigger_controller_dag.py for tasks to queue
[2022-10-03T12:26:33.410+0000] {logging_mixin.py:117} INFO - [2022-10-03T12:26:33.410+0000] {dagbag.py:525} INFO - Filling up the DagBag from /home/airflow/.local/lib/python3.7/site-packages/airflow/example_dags/example_trigger_controller_dag.py
[2022-10-03T12:26:33.424+0000] {processor.py:768} INFO - DAG(s) dict_keys(['example_trigger_controller_dag']) retrieved from /home/airflow/.local/lib/python3.7/site-packages/airflow/example_dags/example_trigger_controller_dag.py
[2022-10-03T12:26:33.679+0000] {logging_mixin.py:117} INFO - [2022-10-03T12:26:33.679+0000] {dag.py:2573} INFO - Sync 1 DAGs
[2022-10-03T12:26:33.716+0000] {logging_mixin.py:117} INFO - [2022-10-03T12:26:33.716+0000] {dag.py:3328} INFO - Setting next_dagrun for example_trigger_controller_dag to 2021-01-01T00:00:00+00:00, run_after=2021-01-01T00:00:00+00:00
[2022-10-03T12:26:33.742+0000] {processor.py:178} INFO - Processing /home/airflow/.local/lib/python3.7/site-packages/airflow/example_dags/example_trigger_controller_dag.py took 0.337 seconds
[2022-10-03T12:27:04.259+0000] {processor.py:156} INFO - Started process (PID=1357) to work on /home/airflow/.local/lib/python3.7/site-packages/airflow/example_dags/example_trigger_controller_dag.py
[2022-10-03T12:27:04.261+0000] {processor.py:758} INFO - Processing file /home/airflow/.local/lib/python3.7/site-packages/airflow/example_dags/example_trigger_controller_dag.py for tasks to queue
[2022-10-03T12:27:04.263+0000] {logging_mixin.py:117} INFO - [2022-10-03T12:27:04.262+0000] {dagbag.py:525} INFO - Filling up the DagBag from /home/airflow/.local/lib/python3.7/site-packages/airflow/example_dags/example_trigger_controller_dag.py
[2022-10-03T12:27:04.288+0000] {processor.py:768} INFO - DAG(s) dict_keys(['example_trigger_controller_dag']) retrieved from /home/airflow/.local/lib/python3.7/site-packages/airflow/example_dags/example_trigger_controller_dag.py
[2022-10-03T12:27:04.605+0000] {logging_mixin.py:117} INFO - [2022-10-03T12:27:04.605+0000] {dag.py:2573} INFO - Sync 1 DAGs
[2022-10-03T12:27:04.674+0000] {logging_mixin.py:117} INFO - [2022-10-03T12:27:04.673+0000] {dag.py:3328} INFO - Setting next_dagrun for example_trigger_controller_dag to 2021-01-01T00:00:00+00:00, run_after=2021-01-01T00:00:00+00:00
[2022-10-03T12:27:04.723+0000] {processor.py:178} INFO - Processing /home/airflow/.local/lib/python3.7/site-packages/airflow/example_dags/example_trigger_controller_dag.py took 0.470 seconds
[2022-10-03T12:27:35.527+0000] {processor.py:156} INFO - Started process (PID=1575) to work on /home/airflow/.local/lib/python3.7/site-packages/airflow/example_dags/example_trigger_controller_dag.py
[2022-10-03T12:27:35.528+0000] {processor.py:758} INFO - Processing file /home/airflow/.local/lib/python3.7/site-packages/airflow/example_dags/example_trigger_controller_dag.py for tasks to queue
[2022-10-03T12:27:35.528+0000] {logging_mixin.py:117} INFO - [2022-10-03T12:27:35.528+0000] {dagbag.py:525} INFO - Filling up the DagBag from /home/airflow/.local/lib/python3.7/site-packages/airflow/example_dags/example_trigger_controller_dag.py
[2022-10-03T12:27:35.548+0000] {processor.py:768} INFO - DAG(s) dict_keys(['example_trigger_controller_dag']) retrieved from /home/airflow/.local/lib/python3.7/site-packages/airflow/example_dags/example_trigger_controller_dag.py
[2022-10-03T12:27:35.600+0000] {logging_mixin.py:117} INFO - [2022-10-03T12:27:35.600+0000] {dag.py:2573} INFO - Sync 1 DAGs
[2022-10-03T12:27:35.632+0000] {logging_mixin.py:117} INFO - [2022-10-03T12:27:35.632+0000] {dag.py:3328} INFO - Setting next_dagrun for example_trigger_controller_dag to 2021-01-01T00:00:00+00:00, run_after=2021-01-01T00:00:00+00:00
[2022-10-03T12:27:35.660+0000] {processor.py:178} INFO - Processing /home/airflow/.local/lib/python3.7/site-packages/airflow/example_dags/example_trigger_controller_dag.py took 0.137 seconds
[2022-10-03T12:28:06.558+0000] {processor.py:156} INFO - Started process (PID=1782) to work on /home/airflow/.local/lib/python3.7/site-packages/airflow/example_dags/example_trigger_controller_dag.py
[2022-10-03T12:28:06.560+0000] {processor.py:758} INFO - Processing file /home/airflow/.local/lib/python3.7/site-packages/airflow/example_dags/example_trigger_controller_dag.py for tasks to queue
[2022-10-03T12:28:06.563+0000] {logging_mixin.py:117} INFO - [2022-10-03T12:28:06.562+0000] {dagbag.py:525} INFO - Filling up the DagBag from /home/airflow/.local/lib/python3.7/site-packages/airflow/example_dags/example_trigger_controller_dag.py
[2022-10-03T12:28:06.601+0000] {processor.py:768} INFO - DAG(s) dict_keys(['example_trigger_controller_dag']) retrieved from /home/airflow/.local/lib/python3.7/site-packages/airflow/example_dags/example_trigger_controller_dag.py
[2022-10-03T12:28:06.732+0000] {logging_mixin.py:117} INFO - [2022-10-03T12:28:06.731+0000] {dag.py:2573} INFO - Sync 1 DAGs
[2022-10-03T12:28:06.805+0000] {logging_mixin.py:117} INFO - [2022-10-03T12:28:06.805+0000] {dag.py:3328} INFO - Setting next_dagrun for example_trigger_controller_dag to 2021-01-01T00:00:00+00:00, run_after=2021-01-01T00:00:00+00:00
[2022-10-03T12:28:06.855+0000] {processor.py:178} INFO - Processing /home/airflow/.local/lib/python3.7/site-packages/airflow/example_dags/example_trigger_controller_dag.py took 0.308 seconds
[2022-10-03T12:28:37.003+0000] {processor.py:156} INFO - Started process (PID=1990) to work on /home/airflow/.local/lib/python3.7/site-packages/airflow/example_dags/example_trigger_controller_dag.py
[2022-10-03T12:28:37.005+0000] {processor.py:758} INFO - Processing file /home/airflow/.local/lib/python3.7/site-packages/airflow/example_dags/example_trigger_controller_dag.py for tasks to queue
[2022-10-03T12:28:37.007+0000] {logging_mixin.py:117} INFO - [2022-10-03T12:28:37.007+0000] {dagbag.py:525} INFO - Filling up the DagBag from /home/airflow/.local/lib/python3.7/site-packages/airflow/example_dags/example_trigger_controller_dag.py
[2022-10-03T12:28:37.036+0000] {processor.py:768} INFO - DAG(s) dict_keys(['example_trigger_controller_dag']) retrieved from /home/airflow/.local/lib/python3.7/site-packages/airflow/example_dags/example_trigger_controller_dag.py
[2022-10-03T12:28:37.147+0000] {logging_mixin.py:117} INFO - [2022-10-03T12:28:37.147+0000] {dag.py:2573} INFO - Sync 1 DAGs
[2022-10-03T12:28:37.219+0000] {logging_mixin.py:117} INFO - [2022-10-03T12:28:37.219+0000] {dag.py:3328} INFO - Setting next_dagrun for example_trigger_controller_dag to 2021-01-01T00:00:00+00:00, run_after=2021-01-01T00:00:00+00:00
[2022-10-03T12:28:37.270+0000] {processor.py:178} INFO - Processing /home/airflow/.local/lib/python3.7/site-packages/airflow/example_dags/example_trigger_controller_dag.py took 0.275 seconds
[2022-10-03T12:29:07.756+0000] {processor.py:156} INFO - Started process (PID=2188) to work on /home/airflow/.local/lib/python3.7/site-packages/airflow/example_dags/example_trigger_controller_dag.py
[2022-10-03T12:29:07.758+0000] {processor.py:758} INFO - Processing file /home/airflow/.local/lib/python3.7/site-packages/airflow/example_dags/example_trigger_controller_dag.py for tasks to queue
[2022-10-03T12:29:07.759+0000] {logging_mixin.py:117} INFO - [2022-10-03T12:29:07.759+0000] {dagbag.py:525} INFO - Filling up the DagBag from /home/airflow/.local/lib/python3.7/site-packages/airflow/example_dags/example_trigger_controller_dag.py
[2022-10-03T12:29:07.788+0000] {processor.py:768} INFO - DAG(s) dict_keys(['example_trigger_controller_dag']) retrieved from /home/airflow/.local/lib/python3.7/site-packages/airflow/example_dags/example_trigger_controller_dag.py
[2022-10-03T12:29:07.875+0000] {logging_mixin.py:117} INFO - [2022-10-03T12:29:07.874+0000] {dag.py:2573} INFO - Sync 1 DAGs
[2022-10-03T12:29:07.940+0000] {logging_mixin.py:117} INFO - [2022-10-03T12:29:07.940+0000] {dag.py:3328} INFO - Setting next_dagrun for example_trigger_controller_dag to 2021-01-01T00:00:00+00:00, run_after=2021-01-01T00:00:00+00:00
[2022-10-03T12:29:07.990+0000] {processor.py:178} INFO - Processing /home/airflow/.local/lib/python3.7/site-packages/airflow/example_dags/example_trigger_controller_dag.py took 0.241 seconds
[2022-10-03T12:29:38.214+0000] {processor.py:156} INFO - Started process (PID=2395) to work on /home/airflow/.local/lib/python3.7/site-packages/airflow/example_dags/example_trigger_controller_dag.py
[2022-10-03T12:29:38.216+0000] {processor.py:758} INFO - Processing file /home/airflow/.local/lib/python3.7/site-packages/airflow/example_dags/example_trigger_controller_dag.py for tasks to queue
[2022-10-03T12:29:38.218+0000] {logging_mixin.py:117} INFO - [2022-10-03T12:29:38.217+0000] {dagbag.py:525} INFO - Filling up the DagBag from /home/airflow/.local/lib/python3.7/site-packages/airflow/example_dags/example_trigger_controller_dag.py
[2022-10-03T12:29:38.247+0000] {processor.py:768} INFO - DAG(s) dict_keys(['example_trigger_controller_dag']) retrieved from /home/airflow/.local/lib/python3.7/site-packages/airflow/example_dags/example_trigger_controller_dag.py
[2022-10-03T12:29:38.348+0000] {logging_mixin.py:117} INFO - [2022-10-03T12:29:38.347+0000] {dag.py:2573} INFO - Sync 1 DAGs
[2022-10-03T12:29:38.397+0000] {logging_mixin.py:117} INFO - [2022-10-03T12:29:38.396+0000] {dag.py:3328} INFO - Setting next_dagrun for example_trigger_controller_dag to 2021-01-01T00:00:00+00:00, run_after=2021-01-01T00:00:00+00:00
[2022-10-03T12:29:38.430+0000] {processor.py:178} INFO - Processing /home/airflow/.local/lib/python3.7/site-packages/airflow/example_dags/example_trigger_controller_dag.py took 0.224 seconds
[2022-10-03T12:30:08.683+0000] {processor.py:156} INFO - Started process (PID=2591) to work on /home/airflow/.local/lib/python3.7/site-packages/airflow/example_dags/example_trigger_controller_dag.py
[2022-10-03T12:30:08.685+0000] {processor.py:758} INFO - Processing file /home/airflow/.local/lib/python3.7/site-packages/airflow/example_dags/example_trigger_controller_dag.py for tasks to queue
[2022-10-03T12:30:08.685+0000] {logging_mixin.py:117} INFO - [2022-10-03T12:30:08.685+0000] {dagbag.py:525} INFO - Filling up the DagBag from /home/airflow/.local/lib/python3.7/site-packages/airflow/example_dags/example_trigger_controller_dag.py
[2022-10-03T12:30:08.699+0000] {processor.py:768} INFO - DAG(s) dict_keys(['example_trigger_controller_dag']) retrieved from /home/airflow/.local/lib/python3.7/site-packages/airflow/example_dags/example_trigger_controller_dag.py
[2022-10-03T12:30:08.744+0000] {logging_mixin.py:117} INFO - [2022-10-03T12:30:08.744+0000] {dag.py:2573} INFO - Sync 1 DAGs
[2022-10-03T12:30:08.772+0000] {logging_mixin.py:117} INFO - [2022-10-03T12:30:08.772+0000] {dag.py:3328} INFO - Setting next_dagrun for example_trigger_controller_dag to 2021-01-01T00:00:00+00:00, run_after=2021-01-01T00:00:00+00:00
[2022-10-03T12:30:08.797+0000] {processor.py:178} INFO - Processing /home/airflow/.local/lib/python3.7/site-packages/airflow/example_dags/example_trigger_controller_dag.py took 0.117 seconds
[2022-10-03T12:30:39.355+0000] {processor.py:156} INFO - Started process (PID=2798) to work on /home/airflow/.local/lib/python3.7/site-packages/airflow/example_dags/example_trigger_controller_dag.py
[2022-10-03T12:30:39.356+0000] {processor.py:758} INFO - Processing file /home/airflow/.local/lib/python3.7/site-packages/airflow/example_dags/example_trigger_controller_dag.py for tasks to queue
[2022-10-03T12:30:39.356+0000] {logging_mixin.py:117} INFO - [2022-10-03T12:30:39.356+0000] {dagbag.py:525} INFO - Filling up the DagBag from /home/airflow/.local/lib/python3.7/site-packages/airflow/example_dags/example_trigger_controller_dag.py
[2022-10-03T12:30:39.370+0000] {processor.py:768} INFO - DAG(s) dict_keys(['example_trigger_controller_dag']) retrieved from /home/airflow/.local/lib/python3.7/site-packages/airflow/example_dags/example_trigger_controller_dag.py
[2022-10-03T12:30:39.503+0000] {logging_mixin.py:117} INFO - [2022-10-03T12:30:39.503+0000] {dag.py:2573} INFO - Sync 1 DAGs
[2022-10-03T12:30:39.543+0000] {logging_mixin.py:117} INFO - [2022-10-03T12:30:39.542+0000] {dag.py:3328} INFO - Setting next_dagrun for example_trigger_controller_dag to 2021-01-01T00:00:00+00:00, run_after=2021-01-01T00:00:00+00:00
[2022-10-03T12:30:39.571+0000] {processor.py:178} INFO - Processing /home/airflow/.local/lib/python3.7/site-packages/airflow/example_dags/example_trigger_controller_dag.py took 0.218 seconds
[2022-10-03T12:31:10.682+0000] {processor.py:156} INFO - Started process (PID=3007) to work on /home/airflow/.local/lib/python3.7/site-packages/airflow/example_dags/example_trigger_controller_dag.py
[2022-10-03T12:31:10.684+0000] {processor.py:758} INFO - Processing file /home/airflow/.local/lib/python3.7/site-packages/airflow/example_dags/example_trigger_controller_dag.py for tasks to queue
[2022-10-03T12:31:10.685+0000] {logging_mixin.py:117} INFO - [2022-10-03T12:31:10.685+0000] {dagbag.py:525} INFO - Filling up the DagBag from /home/airflow/.local/lib/python3.7/site-packages/airflow/example_dags/example_trigger_controller_dag.py
[2022-10-03T12:31:10.717+0000] {processor.py:768} INFO - DAG(s) dict_keys(['example_trigger_controller_dag']) retrieved from /home/airflow/.local/lib/python3.7/site-packages/airflow/example_dags/example_trigger_controller_dag.py
[2022-10-03T12:31:10.830+0000] {logging_mixin.py:117} INFO - [2022-10-03T12:31:10.830+0000] {dag.py:2573} INFO - Sync 1 DAGs
[2022-10-03T12:31:10.904+0000] {logging_mixin.py:117} INFO - [2022-10-03T12:31:10.904+0000] {dag.py:3328} INFO - Setting next_dagrun for example_trigger_controller_dag to 2021-01-01T00:00:00+00:00, run_after=2021-01-01T00:00:00+00:00
[2022-10-03T12:31:10.955+0000] {processor.py:178} INFO - Processing /home/airflow/.local/lib/python3.7/site-packages/airflow/example_dags/example_trigger_controller_dag.py took 0.280 seconds
[2022-10-03T12:31:41.220+0000] {processor.py:156} INFO - Started process (PID=3203) to work on /home/airflow/.local/lib/python3.7/site-packages/airflow/example_dags/example_trigger_controller_dag.py
[2022-10-03T12:31:41.221+0000] {processor.py:758} INFO - Processing file /home/airflow/.local/lib/python3.7/site-packages/airflow/example_dags/example_trigger_controller_dag.py for tasks to queue
[2022-10-03T12:31:41.222+0000] {logging_mixin.py:117} INFO - [2022-10-03T12:31:41.222+0000] {dagbag.py:525} INFO - Filling up the DagBag from /home/airflow/.local/lib/python3.7/site-packages/airflow/example_dags/example_trigger_controller_dag.py
[2022-10-03T12:31:41.252+0000] {processor.py:768} INFO - DAG(s) dict_keys(['example_trigger_controller_dag']) retrieved from /home/airflow/.local/lib/python3.7/site-packages/airflow/example_dags/example_trigger_controller_dag.py
[2022-10-03T12:31:41.345+0000] {logging_mixin.py:117} INFO - [2022-10-03T12:31:41.345+0000] {dag.py:2573} INFO - Sync 1 DAGs
[2022-10-03T12:31:41.415+0000] {logging_mixin.py:117} INFO - [2022-10-03T12:31:41.414+0000] {dag.py:3328} INFO - Setting next_dagrun for example_trigger_controller_dag to 2021-01-01T00:00:00+00:00, run_after=2021-01-01T00:00:00+00:00
[2022-10-03T12:31:41.466+0000] {processor.py:178} INFO - Processing /home/airflow/.local/lib/python3.7/site-packages/airflow/example_dags/example_trigger_controller_dag.py took 0.253 seconds
[2022-10-03T12:32:12.053+0000] {processor.py:156} INFO - Started process (PID=3410) to work on /home/airflow/.local/lib/python3.7/site-packages/airflow/example_dags/example_trigger_controller_dag.py
[2022-10-03T12:32:12.056+0000] {processor.py:758} INFO - Processing file /home/airflow/.local/lib/python3.7/site-packages/airflow/example_dags/example_trigger_controller_dag.py for tasks to queue
[2022-10-03T12:32:12.057+0000] {logging_mixin.py:117} INFO - [2022-10-03T12:32:12.057+0000] {dagbag.py:525} INFO - Filling up the DagBag from /home/airflow/.local/lib/python3.7/site-packages/airflow/example_dags/example_trigger_controller_dag.py
[2022-10-03T12:32:12.095+0000] {processor.py:768} INFO - DAG(s) dict_keys(['example_trigger_controller_dag']) retrieved from /home/airflow/.local/lib/python3.7/site-packages/airflow/example_dags/example_trigger_controller_dag.py
[2022-10-03T12:32:12.238+0000] {logging_mixin.py:117} INFO - [2022-10-03T12:32:12.237+0000] {dag.py:2573} INFO - Sync 1 DAGs
[2022-10-03T12:32:12.346+0000] {logging_mixin.py:117} INFO - [2022-10-03T12:32:12.345+0000] {dag.py:3328} INFO - Setting next_dagrun for example_trigger_controller_dag to 2021-01-01T00:00:00+00:00, run_after=2021-01-01T00:00:00+00:00
[2022-10-03T12:32:12.419+0000] {processor.py:178} INFO - Processing /home/airflow/.local/lib/python3.7/site-packages/airflow/example_dags/example_trigger_controller_dag.py took 0.375 seconds
[2022-10-03T12:32:43.124+0000] {processor.py:156} INFO - Started process (PID=3608) to work on /home/airflow/.local/lib/python3.7/site-packages/airflow/example_dags/example_trigger_controller_dag.py
[2022-10-03T12:32:43.126+0000] {processor.py:758} INFO - Processing file /home/airflow/.local/lib/python3.7/site-packages/airflow/example_dags/example_trigger_controller_dag.py for tasks to queue
[2022-10-03T12:32:43.127+0000] {logging_mixin.py:117} INFO - [2022-10-03T12:32:43.127+0000] {dagbag.py:525} INFO - Filling up the DagBag from /home/airflow/.local/lib/python3.7/site-packages/airflow/example_dags/example_trigger_controller_dag.py
[2022-10-03T12:32:43.153+0000] {processor.py:768} INFO - DAG(s) dict_keys(['example_trigger_controller_dag']) retrieved from /home/airflow/.local/lib/python3.7/site-packages/airflow/example_dags/example_trigger_controller_dag.py
[2022-10-03T12:32:43.245+0000] {logging_mixin.py:117} INFO - [2022-10-03T12:32:43.245+0000] {dag.py:2573} INFO - Sync 1 DAGs
[2022-10-03T12:32:43.324+0000] {logging_mixin.py:117} INFO - [2022-10-03T12:32:43.324+0000] {dag.py:3328} INFO - Setting next_dagrun for example_trigger_controller_dag to 2021-01-01T00:00:00+00:00, run_after=2021-01-01T00:00:00+00:00
[2022-10-03T12:32:43.374+0000] {processor.py:178} INFO - Processing /home/airflow/.local/lib/python3.7/site-packages/airflow/example_dags/example_trigger_controller_dag.py took 0.259 seconds
[2022-10-03T12:33:14.224+0000] {processor.py:156} INFO - Started process (PID=3815) to work on /home/airflow/.local/lib/python3.7/site-packages/airflow/example_dags/example_trigger_controller_dag.py
[2022-10-03T12:33:14.225+0000] {processor.py:758} INFO - Processing file /home/airflow/.local/lib/python3.7/site-packages/airflow/example_dags/example_trigger_controller_dag.py for tasks to queue
[2022-10-03T12:33:14.226+0000] {logging_mixin.py:117} INFO - [2022-10-03T12:33:14.226+0000] {dagbag.py:525} INFO - Filling up the DagBag from /home/airflow/.local/lib/python3.7/site-packages/airflow/example_dags/example_trigger_controller_dag.py
[2022-10-03T12:33:14.238+0000] {processor.py:768} INFO - DAG(s) dict_keys(['example_trigger_controller_dag']) retrieved from /home/airflow/.local/lib/python3.7/site-packages/airflow/example_dags/example_trigger_controller_dag.py
[2022-10-03T12:33:14.282+0000] {logging_mixin.py:117} INFO - [2022-10-03T12:33:14.282+0000] {dag.py:2573} INFO - Sync 1 DAGs
[2022-10-03T12:33:14.310+0000] {logging_mixin.py:117} INFO - [2022-10-03T12:33:14.310+0000] {dag.py:3328} INFO - Setting next_dagrun for example_trigger_controller_dag to 2021-01-01T00:00:00+00:00, run_after=2021-01-01T00:00:00+00:00
[2022-10-03T12:33:14.334+0000] {processor.py:178} INFO - Processing /home/airflow/.local/lib/python3.7/site-packages/airflow/example_dags/example_trigger_controller_dag.py took 0.114 seconds
[2022-10-03T12:33:44.930+0000] {processor.py:156} INFO - Started process (PID=4022) to work on /home/airflow/.local/lib/python3.7/site-packages/airflow/example_dags/example_trigger_controller_dag.py
[2022-10-03T12:33:44.931+0000] {processor.py:758} INFO - Processing file /home/airflow/.local/lib/python3.7/site-packages/airflow/example_dags/example_trigger_controller_dag.py for tasks to queue
[2022-10-03T12:33:44.932+0000] {logging_mixin.py:117} INFO - [2022-10-03T12:33:44.932+0000] {dagbag.py:525} INFO - Filling up the DagBag from /home/airflow/.local/lib/python3.7/site-packages/airflow/example_dags/example_trigger_controller_dag.py
[2022-10-03T12:33:44.945+0000] {processor.py:768} INFO - DAG(s) dict_keys(['example_trigger_controller_dag']) retrieved from /home/airflow/.local/lib/python3.7/site-packages/airflow/example_dags/example_trigger_controller_dag.py
[2022-10-03T12:33:44.992+0000] {logging_mixin.py:117} INFO - [2022-10-03T12:33:44.991+0000] {dag.py:2573} INFO - Sync 1 DAGs
[2022-10-03T12:33:45.026+0000] {logging_mixin.py:117} INFO - [2022-10-03T12:33:45.026+0000] {dag.py:3328} INFO - Setting next_dagrun for example_trigger_controller_dag to 2021-01-01T00:00:00+00:00, run_after=2021-01-01T00:00:00+00:00
[2022-10-03T12:33:45.056+0000] {processor.py:178} INFO - Processing /home/airflow/.local/lib/python3.7/site-packages/airflow/example_dags/example_trigger_controller_dag.py took 0.131 seconds
[2022-10-03T12:34:15.087+0000] {processor.py:156} INFO - Started process (PID=4215) to work on /home/airflow/.local/lib/python3.7/site-packages/airflow/example_dags/example_trigger_controller_dag.py
[2022-10-03T12:34:15.088+0000] {processor.py:758} INFO - Processing file /home/airflow/.local/lib/python3.7/site-packages/airflow/example_dags/example_trigger_controller_dag.py for tasks to queue
[2022-10-03T12:34:15.088+0000] {logging_mixin.py:117} INFO - [2022-10-03T12:34:15.088+0000] {dagbag.py:525} INFO - Filling up the DagBag from /home/airflow/.local/lib/python3.7/site-packages/airflow/example_dags/example_trigger_controller_dag.py
[2022-10-03T12:34:15.102+0000] {processor.py:768} INFO - DAG(s) dict_keys(['example_trigger_controller_dag']) retrieved from /home/airflow/.local/lib/python3.7/site-packages/airflow/example_dags/example_trigger_controller_dag.py
[2022-10-03T12:34:15.149+0000] {logging_mixin.py:117} INFO - [2022-10-03T12:34:15.148+0000] {dag.py:2573} INFO - Sync 1 DAGs
[2022-10-03T12:34:15.178+0000] {logging_mixin.py:117} INFO - [2022-10-03T12:34:15.178+0000] {dag.py:3328} INFO - Setting next_dagrun for example_trigger_controller_dag to 2021-01-01T00:00:00+00:00, run_after=2021-01-01T00:00:00+00:00
[2022-10-03T12:34:15.203+0000] {processor.py:178} INFO - Processing /home/airflow/.local/lib/python3.7/site-packages/airflow/example_dags/example_trigger_controller_dag.py took 0.119 seconds
[2022-10-03T12:34:45.273+0000] {processor.py:156} INFO - Started process (PID=4423) to work on /home/airflow/.local/lib/python3.7/site-packages/airflow/example_dags/example_trigger_controller_dag.py
[2022-10-03T12:34:45.274+0000] {processor.py:758} INFO - Processing file /home/airflow/.local/lib/python3.7/site-packages/airflow/example_dags/example_trigger_controller_dag.py for tasks to queue
[2022-10-03T12:34:45.275+0000] {logging_mixin.py:117} INFO - [2022-10-03T12:34:45.275+0000] {dagbag.py:525} INFO - Filling up the DagBag from /home/airflow/.local/lib/python3.7/site-packages/airflow/example_dags/example_trigger_controller_dag.py
[2022-10-03T12:34:45.289+0000] {processor.py:768} INFO - DAG(s) dict_keys(['example_trigger_controller_dag']) retrieved from /home/airflow/.local/lib/python3.7/site-packages/airflow/example_dags/example_trigger_controller_dag.py
[2022-10-03T12:34:45.338+0000] {logging_mixin.py:117} INFO - [2022-10-03T12:34:45.338+0000] {dag.py:2573} INFO - Sync 1 DAGs
[2022-10-03T12:34:45.389+0000] {logging_mixin.py:117} INFO - [2022-10-03T12:34:45.389+0000] {dag.py:3328} INFO - Setting next_dagrun for example_trigger_controller_dag to 2021-01-01T00:00:00+00:00, run_after=2021-01-01T00:00:00+00:00
[2022-10-03T12:34:45.428+0000] {processor.py:178} INFO - Processing /home/airflow/.local/lib/python3.7/site-packages/airflow/example_dags/example_trigger_controller_dag.py took 0.159 seconds
[2022-10-03T12:35:15.993+0000] {processor.py:156} INFO - Started process (PID=4621) to work on /home/airflow/.local/lib/python3.7/site-packages/airflow/example_dags/example_trigger_controller_dag.py
[2022-10-03T12:35:15.994+0000] {processor.py:758} INFO - Processing file /home/airflow/.local/lib/python3.7/site-packages/airflow/example_dags/example_trigger_controller_dag.py for tasks to queue
[2022-10-03T12:35:15.995+0000] {logging_mixin.py:117} INFO - [2022-10-03T12:35:15.995+0000] {dagbag.py:525} INFO - Filling up the DagBag from /home/airflow/.local/lib/python3.7/site-packages/airflow/example_dags/example_trigger_controller_dag.py
[2022-10-03T12:35:16.006+0000] {processor.py:768} INFO - DAG(s) dict_keys(['example_trigger_controller_dag']) retrieved from /home/airflow/.local/lib/python3.7/site-packages/airflow/example_dags/example_trigger_controller_dag.py
[2022-10-03T12:35:16.056+0000] {logging_mixin.py:117} INFO - [2022-10-03T12:35:16.056+0000] {dag.py:2573} INFO - Sync 1 DAGs
[2022-10-03T12:35:16.086+0000] {logging_mixin.py:117} INFO - [2022-10-03T12:35:16.086+0000] {dag.py:3328} INFO - Setting next_dagrun for example_trigger_controller_dag to 2021-01-01T00:00:00+00:00, run_after=2021-01-01T00:00:00+00:00
[2022-10-03T12:35:16.115+0000] {processor.py:178} INFO - Processing /home/airflow/.local/lib/python3.7/site-packages/airflow/example_dags/example_trigger_controller_dag.py took 0.125 seconds
[2022-10-03T12:35:46.351+0000] {processor.py:156} INFO - Started process (PID=4825) to work on /home/airflow/.local/lib/python3.7/site-packages/airflow/example_dags/example_trigger_controller_dag.py
[2022-10-03T12:35:46.352+0000] {processor.py:758} INFO - Processing file /home/airflow/.local/lib/python3.7/site-packages/airflow/example_dags/example_trigger_controller_dag.py for tasks to queue
[2022-10-03T12:35:46.353+0000] {logging_mixin.py:117} INFO - [2022-10-03T12:35:46.353+0000] {dagbag.py:525} INFO - Filling up the DagBag from /home/airflow/.local/lib/python3.7/site-packages/airflow/example_dags/example_trigger_controller_dag.py
[2022-10-03T12:35:46.372+0000] {processor.py:768} INFO - DAG(s) dict_keys(['example_trigger_controller_dag']) retrieved from /home/airflow/.local/lib/python3.7/site-packages/airflow/example_dags/example_trigger_controller_dag.py
[2022-10-03T12:35:46.423+0000] {logging_mixin.py:117} INFO - [2022-10-03T12:35:46.423+0000] {dag.py:2573} INFO - Sync 1 DAGs
[2022-10-03T12:35:46.460+0000] {logging_mixin.py:117} INFO - [2022-10-03T12:35:46.460+0000] {dag.py:3328} INFO - Setting next_dagrun for example_trigger_controller_dag to 2021-01-01T00:00:00+00:00, run_after=2021-01-01T00:00:00+00:00
[2022-10-03T12:35:46.492+0000] {processor.py:178} INFO - Processing /home/airflow/.local/lib/python3.7/site-packages/airflow/example_dags/example_trigger_controller_dag.py took 0.146 seconds
[2022-10-03T12:36:16.975+0000] {processor.py:156} INFO - Started process (PID=5026) to work on /home/airflow/.local/lib/python3.7/site-packages/airflow/example_dags/example_trigger_controller_dag.py
[2022-10-03T12:36:16.976+0000] {processor.py:758} INFO - Processing file /home/airflow/.local/lib/python3.7/site-packages/airflow/example_dags/example_trigger_controller_dag.py for tasks to queue
[2022-10-03T12:36:16.977+0000] {logging_mixin.py:117} INFO - [2022-10-03T12:36:16.977+0000] {dagbag.py:525} INFO - Filling up the DagBag from /home/airflow/.local/lib/python3.7/site-packages/airflow/example_dags/example_trigger_controller_dag.py
[2022-10-03T12:36:16.994+0000] {processor.py:768} INFO - DAG(s) dict_keys(['example_trigger_controller_dag']) retrieved from /home/airflow/.local/lib/python3.7/site-packages/airflow/example_dags/example_trigger_controller_dag.py
[2022-10-03T12:36:17.047+0000] {logging_mixin.py:117} INFO - [2022-10-03T12:36:17.047+0000] {dag.py:2573} INFO - Sync 1 DAGs
[2022-10-03T12:36:17.075+0000] {logging_mixin.py:117} INFO - [2022-10-03T12:36:17.075+0000] {dag.py:3328} INFO - Setting next_dagrun for example_trigger_controller_dag to 2021-01-01T00:00:00+00:00, run_after=2021-01-01T00:00:00+00:00
[2022-10-03T12:36:17.102+0000] {processor.py:178} INFO - Processing /home/airflow/.local/lib/python3.7/site-packages/airflow/example_dags/example_trigger_controller_dag.py took 0.131 seconds
[2022-10-03T12:36:47.425+0000] {processor.py:156} INFO - Started process (PID=5233) to work on /home/airflow/.local/lib/python3.7/site-packages/airflow/example_dags/example_trigger_controller_dag.py
[2022-10-03T12:36:47.427+0000] {processor.py:758} INFO - Processing file /home/airflow/.local/lib/python3.7/site-packages/airflow/example_dags/example_trigger_controller_dag.py for tasks to queue
[2022-10-03T12:36:47.428+0000] {logging_mixin.py:117} INFO - [2022-10-03T12:36:47.428+0000] {dagbag.py:525} INFO - Filling up the DagBag from /home/airflow/.local/lib/python3.7/site-packages/airflow/example_dags/example_trigger_controller_dag.py
[2022-10-03T12:36:47.455+0000] {processor.py:768} INFO - DAG(s) dict_keys(['example_trigger_controller_dag']) retrieved from /home/airflow/.local/lib/python3.7/site-packages/airflow/example_dags/example_trigger_controller_dag.py
[2022-10-03T12:36:47.544+0000] {logging_mixin.py:117} INFO - [2022-10-03T12:36:47.544+0000] {dag.py:2573} INFO - Sync 1 DAGs
[2022-10-03T12:36:47.607+0000] {logging_mixin.py:117} INFO - [2022-10-03T12:36:47.607+0000] {dag.py:3328} INFO - Setting next_dagrun for example_trigger_controller_dag to 2021-01-01T00:00:00+00:00, run_after=2021-01-01T00:00:00+00:00
[2022-10-03T12:36:47.656+0000] {processor.py:178} INFO - Processing /home/airflow/.local/lib/python3.7/site-packages/airflow/example_dags/example_trigger_controller_dag.py took 0.237 seconds
[2022-10-03T12:37:17.912+0000] {processor.py:156} INFO - Started process (PID=5431) to work on /home/airflow/.local/lib/python3.7/site-packages/airflow/example_dags/example_trigger_controller_dag.py
[2022-10-03T12:37:17.913+0000] {processor.py:758} INFO - Processing file /home/airflow/.local/lib/python3.7/site-packages/airflow/example_dags/example_trigger_controller_dag.py for tasks to queue
[2022-10-03T12:37:17.915+0000] {logging_mixin.py:117} INFO - [2022-10-03T12:37:17.915+0000] {dagbag.py:525} INFO - Filling up the DagBag from /home/airflow/.local/lib/python3.7/site-packages/airflow/example_dags/example_trigger_controller_dag.py
[2022-10-03T12:37:17.949+0000] {processor.py:768} INFO - DAG(s) dict_keys(['example_trigger_controller_dag']) retrieved from /home/airflow/.local/lib/python3.7/site-packages/airflow/example_dags/example_trigger_controller_dag.py
[2022-10-03T12:37:18.042+0000] {logging_mixin.py:117} INFO - [2022-10-03T12:37:18.041+0000] {dag.py:2573} INFO - Sync 1 DAGs
[2022-10-03T12:37:18.104+0000] {logging_mixin.py:117} INFO - [2022-10-03T12:37:18.103+0000] {dag.py:3328} INFO - Setting next_dagrun for example_trigger_controller_dag to 2021-01-01T00:00:00+00:00, run_after=2021-01-01T00:00:00+00:00
[2022-10-03T12:37:18.151+0000] {processor.py:178} INFO - Processing /home/airflow/.local/lib/python3.7/site-packages/airflow/example_dags/example_trigger_controller_dag.py took 0.246 seconds
[2022-10-03T12:37:48.876+0000] {processor.py:156} INFO - Started process (PID=5638) to work on /home/airflow/.local/lib/python3.7/site-packages/airflow/example_dags/example_trigger_controller_dag.py
[2022-10-03T12:37:48.877+0000] {processor.py:758} INFO - Processing file /home/airflow/.local/lib/python3.7/site-packages/airflow/example_dags/example_trigger_controller_dag.py for tasks to queue
[2022-10-03T12:37:48.878+0000] {logging_mixin.py:117} INFO - [2022-10-03T12:37:48.878+0000] {dagbag.py:525} INFO - Filling up the DagBag from /home/airflow/.local/lib/python3.7/site-packages/airflow/example_dags/example_trigger_controller_dag.py
[2022-10-03T12:37:48.892+0000] {processor.py:768} INFO - DAG(s) dict_keys(['example_trigger_controller_dag']) retrieved from /home/airflow/.local/lib/python3.7/site-packages/airflow/example_dags/example_trigger_controller_dag.py
[2022-10-03T12:37:48.942+0000] {logging_mixin.py:117} INFO - [2022-10-03T12:37:48.942+0000] {dag.py:2573} INFO - Sync 1 DAGs
[2022-10-03T12:37:48.974+0000] {logging_mixin.py:117} INFO - [2022-10-03T12:37:48.974+0000] {dag.py:3328} INFO - Setting next_dagrun for example_trigger_controller_dag to 2021-01-01T00:00:00+00:00, run_after=2021-01-01T00:00:00+00:00
[2022-10-03T12:37:49.001+0000] {processor.py:178} INFO - Processing /home/airflow/.local/lib/python3.7/site-packages/airflow/example_dags/example_trigger_controller_dag.py took 0.128 seconds
[2022-10-03T12:38:19.804+0000] {processor.py:156} INFO - Started process (PID=5836) to work on /home/airflow/.local/lib/python3.7/site-packages/airflow/example_dags/example_trigger_controller_dag.py
[2022-10-03T12:38:19.805+0000] {processor.py:758} INFO - Processing file /home/airflow/.local/lib/python3.7/site-packages/airflow/example_dags/example_trigger_controller_dag.py for tasks to queue
[2022-10-03T12:38:19.806+0000] {logging_mixin.py:117} INFO - [2022-10-03T12:38:19.806+0000] {dagbag.py:525} INFO - Filling up the DagBag from /home/airflow/.local/lib/python3.7/site-packages/airflow/example_dags/example_trigger_controller_dag.py
[2022-10-03T12:38:19.819+0000] {processor.py:768} INFO - DAG(s) dict_keys(['example_trigger_controller_dag']) retrieved from /home/airflow/.local/lib/python3.7/site-packages/airflow/example_dags/example_trigger_controller_dag.py
[2022-10-03T12:38:19.869+0000] {logging_mixin.py:117} INFO - [2022-10-03T12:38:19.869+0000] {dag.py:2573} INFO - Sync 1 DAGs
[2022-10-03T12:38:19.900+0000] {logging_mixin.py:117} INFO - [2022-10-03T12:38:19.900+0000] {dag.py:3328} INFO - Setting next_dagrun for example_trigger_controller_dag to 2021-01-01T00:00:00+00:00, run_after=2021-01-01T00:00:00+00:00
[2022-10-03T12:38:19.927+0000] {processor.py:178} INFO - Processing /home/airflow/.local/lib/python3.7/site-packages/airflow/example_dags/example_trigger_controller_dag.py took 0.126 seconds
[2022-10-03T12:38:50.292+0000] {processor.py:156} INFO - Started process (PID=6043) to work on /home/airflow/.local/lib/python3.7/site-packages/airflow/example_dags/example_trigger_controller_dag.py
[2022-10-03T12:38:50.293+0000] {processor.py:758} INFO - Processing file /home/airflow/.local/lib/python3.7/site-packages/airflow/example_dags/example_trigger_controller_dag.py for tasks to queue
[2022-10-03T12:38:50.294+0000] {logging_mixin.py:117} INFO - [2022-10-03T12:38:50.294+0000] {dagbag.py:525} INFO - Filling up the DagBag from /home/airflow/.local/lib/python3.7/site-packages/airflow/example_dags/example_trigger_controller_dag.py
[2022-10-03T12:38:50.308+0000] {processor.py:768} INFO - DAG(s) dict_keys(['example_trigger_controller_dag']) retrieved from /home/airflow/.local/lib/python3.7/site-packages/airflow/example_dags/example_trigger_controller_dag.py
[2022-10-03T12:38:50.367+0000] {logging_mixin.py:117} INFO - [2022-10-03T12:38:50.367+0000] {dag.py:2573} INFO - Sync 1 DAGs
[2022-10-03T12:38:50.414+0000] {logging_mixin.py:117} INFO - [2022-10-03T12:38:50.414+0000] {dag.py:3328} INFO - Setting next_dagrun for example_trigger_controller_dag to 2021-01-01T00:00:00+00:00, run_after=2021-01-01T00:00:00+00:00
[2022-10-03T12:38:50.450+0000] {processor.py:178} INFO - Processing /home/airflow/.local/lib/python3.7/site-packages/airflow/example_dags/example_trigger_controller_dag.py took 0.163 seconds
[2022-10-03T12:39:21.200+0000] {processor.py:156} INFO - Started process (PID=6250) to work on /home/airflow/.local/lib/python3.7/site-packages/airflow/example_dags/example_trigger_controller_dag.py
[2022-10-03T12:39:21.202+0000] {processor.py:758} INFO - Processing file /home/airflow/.local/lib/python3.7/site-packages/airflow/example_dags/example_trigger_controller_dag.py for tasks to queue
[2022-10-03T12:39:21.203+0000] {logging_mixin.py:117} INFO - [2022-10-03T12:39:21.203+0000] {dagbag.py:525} INFO - Filling up the DagBag from /home/airflow/.local/lib/python3.7/site-packages/airflow/example_dags/example_trigger_controller_dag.py
[2022-10-03T12:39:21.229+0000] {processor.py:768} INFO - DAG(s) dict_keys(['example_trigger_controller_dag']) retrieved from /home/airflow/.local/lib/python3.7/site-packages/airflow/example_dags/example_trigger_controller_dag.py
[2022-10-03T12:39:21.322+0000] {logging_mixin.py:117} INFO - [2022-10-03T12:39:21.321+0000] {dag.py:2573} INFO - Sync 1 DAGs
[2022-10-03T12:39:21.381+0000] {logging_mixin.py:117} INFO - [2022-10-03T12:39:21.381+0000] {dag.py:3328} INFO - Setting next_dagrun for example_trigger_controller_dag to 2021-01-01T00:00:00+00:00, run_after=2021-01-01T00:00:00+00:00
[2022-10-03T12:39:21.429+0000] {processor.py:178} INFO - Processing /home/airflow/.local/lib/python3.7/site-packages/airflow/example_dags/example_trigger_controller_dag.py took 0.236 seconds
[2022-10-03T12:39:52.009+0000] {processor.py:156} INFO - Started process (PID=6448) to work on /home/airflow/.local/lib/python3.7/site-packages/airflow/example_dags/example_trigger_controller_dag.py
[2022-10-03T12:39:52.010+0000] {processor.py:758} INFO - Processing file /home/airflow/.local/lib/python3.7/site-packages/airflow/example_dags/example_trigger_controller_dag.py for tasks to queue
[2022-10-03T12:39:52.013+0000] {logging_mixin.py:117} INFO - [2022-10-03T12:39:52.013+0000] {dagbag.py:525} INFO - Filling up the DagBag from /home/airflow/.local/lib/python3.7/site-packages/airflow/example_dags/example_trigger_controller_dag.py
[2022-10-03T12:39:52.043+0000] {processor.py:768} INFO - DAG(s) dict_keys(['example_trigger_controller_dag']) retrieved from /home/airflow/.local/lib/python3.7/site-packages/airflow/example_dags/example_trigger_controller_dag.py
[2022-10-03T12:39:52.139+0000] {logging_mixin.py:117} INFO - [2022-10-03T12:39:52.138+0000] {dag.py:2573} INFO - Sync 1 DAGs
[2022-10-03T12:39:52.214+0000] {logging_mixin.py:117} INFO - [2022-10-03T12:39:52.213+0000] {dag.py:3328} INFO - Setting next_dagrun for example_trigger_controller_dag to 2021-01-01T00:00:00+00:00, run_after=2021-01-01T00:00:00+00:00
[2022-10-03T12:39:52.260+0000] {processor.py:178} INFO - Processing /home/airflow/.local/lib/python3.7/site-packages/airflow/example_dags/example_trigger_controller_dag.py took 0.258 seconds
[2022-10-03T12:40:22.847+0000] {processor.py:156} INFO - Started process (PID=6655) to work on /home/airflow/.local/lib/python3.7/site-packages/airflow/example_dags/example_trigger_controller_dag.py
[2022-10-03T12:40:22.849+0000] {processor.py:758} INFO - Processing file /home/airflow/.local/lib/python3.7/site-packages/airflow/example_dags/example_trigger_controller_dag.py for tasks to queue
[2022-10-03T12:40:22.850+0000] {logging_mixin.py:117} INFO - [2022-10-03T12:40:22.850+0000] {dagbag.py:525} INFO - Filling up the DagBag from /home/airflow/.local/lib/python3.7/site-packages/airflow/example_dags/example_trigger_controller_dag.py
[2022-10-03T12:40:22.877+0000] {processor.py:768} INFO - DAG(s) dict_keys(['example_trigger_controller_dag']) retrieved from /home/airflow/.local/lib/python3.7/site-packages/airflow/example_dags/example_trigger_controller_dag.py
[2022-10-03T12:40:22.971+0000] {logging_mixin.py:117} INFO - [2022-10-03T12:40:22.970+0000] {dag.py:2573} INFO - Sync 1 DAGs
[2022-10-03T12:40:23.037+0000] {logging_mixin.py:117} INFO - [2022-10-03T12:40:23.036+0000] {dag.py:3328} INFO - Setting next_dagrun for example_trigger_controller_dag to 2021-01-01T00:00:00+00:00, run_after=2021-01-01T00:00:00+00:00
[2022-10-03T12:40:23.085+0000] {processor.py:178} INFO - Processing /home/airflow/.local/lib/python3.7/site-packages/airflow/example_dags/example_trigger_controller_dag.py took 0.244 seconds
[2022-10-03T12:40:53.273+0000] {processor.py:156} INFO - Started process (PID=6853) to work on /home/airflow/.local/lib/python3.7/site-packages/airflow/example_dags/example_trigger_controller_dag.py
[2022-10-03T12:40:53.274+0000] {processor.py:758} INFO - Processing file /home/airflow/.local/lib/python3.7/site-packages/airflow/example_dags/example_trigger_controller_dag.py for tasks to queue
[2022-10-03T12:40:53.276+0000] {logging_mixin.py:117} INFO - [2022-10-03T12:40:53.275+0000] {dagbag.py:525} INFO - Filling up the DagBag from /home/airflow/.local/lib/python3.7/site-packages/airflow/example_dags/example_trigger_controller_dag.py
[2022-10-03T12:40:53.302+0000] {processor.py:768} INFO - DAG(s) dict_keys(['example_trigger_controller_dag']) retrieved from /home/airflow/.local/lib/python3.7/site-packages/airflow/example_dags/example_trigger_controller_dag.py
[2022-10-03T12:40:53.394+0000] {logging_mixin.py:117} INFO - [2022-10-03T12:40:53.394+0000] {dag.py:2573} INFO - Sync 1 DAGs
[2022-10-03T12:40:53.453+0000] {logging_mixin.py:117} INFO - [2022-10-03T12:40:53.453+0000] {dag.py:3328} INFO - Setting next_dagrun for example_trigger_controller_dag to 2021-01-01T00:00:00+00:00, run_after=2021-01-01T00:00:00+00:00
[2022-10-03T12:40:53.511+0000] {processor.py:178} INFO - Processing /home/airflow/.local/lib/python3.7/site-packages/airflow/example_dags/example_trigger_controller_dag.py took 0.243 seconds
[2022-10-03T12:41:24.180+0000] {processor.py:156} INFO - Started process (PID=7060) to work on /home/airflow/.local/lib/python3.7/site-packages/airflow/example_dags/example_trigger_controller_dag.py
[2022-10-03T12:41:24.181+0000] {processor.py:758} INFO - Processing file /home/airflow/.local/lib/python3.7/site-packages/airflow/example_dags/example_trigger_controller_dag.py for tasks to queue
[2022-10-03T12:41:24.182+0000] {logging_mixin.py:117} INFO - [2022-10-03T12:41:24.181+0000] {dagbag.py:525} INFO - Filling up the DagBag from /home/airflow/.local/lib/python3.7/site-packages/airflow/example_dags/example_trigger_controller_dag.py
[2022-10-03T12:41:24.195+0000] {processor.py:768} INFO - DAG(s) dict_keys(['example_trigger_controller_dag']) retrieved from /home/airflow/.local/lib/python3.7/site-packages/airflow/example_dags/example_trigger_controller_dag.py
[2022-10-03T12:41:24.242+0000] {logging_mixin.py:117} INFO - [2022-10-03T12:41:24.242+0000] {dag.py:2573} INFO - Sync 1 DAGs
[2022-10-03T12:41:24.272+0000] {logging_mixin.py:117} INFO - [2022-10-03T12:41:24.272+0000] {dag.py:3328} INFO - Setting next_dagrun for example_trigger_controller_dag to 2021-01-01T00:00:00+00:00, run_after=2021-01-01T00:00:00+00:00
[2022-10-03T12:41:24.299+0000] {processor.py:178} INFO - Processing /home/airflow/.local/lib/python3.7/site-packages/airflow/example_dags/example_trigger_controller_dag.py took 0.122 seconds
[2022-10-03T12:41:54.983+0000] {processor.py:156} INFO - Started process (PID=7258) to work on /home/airflow/.local/lib/python3.7/site-packages/airflow/example_dags/example_trigger_controller_dag.py
[2022-10-03T12:41:54.983+0000] {processor.py:758} INFO - Processing file /home/airflow/.local/lib/python3.7/site-packages/airflow/example_dags/example_trigger_controller_dag.py for tasks to queue
[2022-10-03T12:41:54.984+0000] {logging_mixin.py:117} INFO - [2022-10-03T12:41:54.984+0000] {dagbag.py:525} INFO - Filling up the DagBag from /home/airflow/.local/lib/python3.7/site-packages/airflow/example_dags/example_trigger_controller_dag.py
[2022-10-03T12:41:54.995+0000] {processor.py:768} INFO - DAG(s) dict_keys(['example_trigger_controller_dag']) retrieved from /home/airflow/.local/lib/python3.7/site-packages/airflow/example_dags/example_trigger_controller_dag.py
[2022-10-03T12:41:55.037+0000] {logging_mixin.py:117} INFO - [2022-10-03T12:41:55.037+0000] {dag.py:2573} INFO - Sync 1 DAGs
[2022-10-03T12:41:55.065+0000] {logging_mixin.py:117} INFO - [2022-10-03T12:41:55.064+0000] {dag.py:3328} INFO - Setting next_dagrun for example_trigger_controller_dag to 2021-01-01T00:00:00+00:00, run_after=2021-01-01T00:00:00+00:00
[2022-10-03T12:41:55.089+0000] {processor.py:178} INFO - Processing /home/airflow/.local/lib/python3.7/site-packages/airflow/example_dags/example_trigger_controller_dag.py took 0.110 seconds
[2022-10-03T12:42:25.218+0000] {processor.py:156} INFO - Started process (PID=7465) to work on /home/airflow/.local/lib/python3.7/site-packages/airflow/example_dags/example_trigger_controller_dag.py
[2022-10-03T12:42:25.219+0000] {processor.py:758} INFO - Processing file /home/airflow/.local/lib/python3.7/site-packages/airflow/example_dags/example_trigger_controller_dag.py for tasks to queue
[2022-10-03T12:42:25.220+0000] {logging_mixin.py:117} INFO - [2022-10-03T12:42:25.220+0000] {dagbag.py:525} INFO - Filling up the DagBag from /home/airflow/.local/lib/python3.7/site-packages/airflow/example_dags/example_trigger_controller_dag.py
[2022-10-03T12:42:25.234+0000] {processor.py:768} INFO - DAG(s) dict_keys(['example_trigger_controller_dag']) retrieved from /home/airflow/.local/lib/python3.7/site-packages/airflow/example_dags/example_trigger_controller_dag.py
[2022-10-03T12:42:25.283+0000] {logging_mixin.py:117} INFO - [2022-10-03T12:42:25.283+0000] {dag.py:2573} INFO - Sync 1 DAGs
[2022-10-03T12:42:25.315+0000] {logging_mixin.py:117} INFO - [2022-10-03T12:42:25.315+0000] {dag.py:3328} INFO - Setting next_dagrun for example_trigger_controller_dag to 2021-01-01T00:00:00+00:00, run_after=2021-01-01T00:00:00+00:00
[2022-10-03T12:42:25.345+0000] {processor.py:178} INFO - Processing /home/airflow/.local/lib/python3.7/site-packages/airflow/example_dags/example_trigger_controller_dag.py took 0.130 seconds
[2022-10-03T12:42:55.579+0000] {processor.py:156} INFO - Started process (PID=7672) to work on /home/airflow/.local/lib/python3.7/site-packages/airflow/example_dags/example_trigger_controller_dag.py
[2022-10-03T12:42:55.580+0000] {processor.py:758} INFO - Processing file /home/airflow/.local/lib/python3.7/site-packages/airflow/example_dags/example_trigger_controller_dag.py for tasks to queue
[2022-10-03T12:42:55.582+0000] {logging_mixin.py:117} INFO - [2022-10-03T12:42:55.582+0000] {dagbag.py:525} INFO - Filling up the DagBag from /home/airflow/.local/lib/python3.7/site-packages/airflow/example_dags/example_trigger_controller_dag.py
[2022-10-03T12:42:55.614+0000] {processor.py:768} INFO - DAG(s) dict_keys(['example_trigger_controller_dag']) retrieved from /home/airflow/.local/lib/python3.7/site-packages/airflow/example_dags/example_trigger_controller_dag.py
[2022-10-03T12:42:55.708+0000] {logging_mixin.py:117} INFO - [2022-10-03T12:42:55.707+0000] {dag.py:2573} INFO - Sync 1 DAGs
[2022-10-03T12:42:55.766+0000] {logging_mixin.py:117} INFO - [2022-10-03T12:42:55.765+0000] {dag.py:3328} INFO - Setting next_dagrun for example_trigger_controller_dag to 2021-01-01T00:00:00+00:00, run_after=2021-01-01T00:00:00+00:00
[2022-10-03T12:42:55.812+0000] {processor.py:178} INFO - Processing /home/airflow/.local/lib/python3.7/site-packages/airflow/example_dags/example_trigger_controller_dag.py took 0.239 seconds
[2022-10-03T12:43:25.934+0000] {processor.py:156} INFO - Started process (PID=7870) to work on /home/airflow/.local/lib/python3.7/site-packages/airflow/example_dags/example_trigger_controller_dag.py
[2022-10-03T12:43:25.936+0000] {processor.py:758} INFO - Processing file /home/airflow/.local/lib/python3.7/site-packages/airflow/example_dags/example_trigger_controller_dag.py for tasks to queue
[2022-10-03T12:43:25.938+0000] {logging_mixin.py:117} INFO - [2022-10-03T12:43:25.938+0000] {dagbag.py:525} INFO - Filling up the DagBag from /home/airflow/.local/lib/python3.7/site-packages/airflow/example_dags/example_trigger_controller_dag.py
[2022-10-03T12:43:25.968+0000] {processor.py:768} INFO - DAG(s) dict_keys(['example_trigger_controller_dag']) retrieved from /home/airflow/.local/lib/python3.7/site-packages/airflow/example_dags/example_trigger_controller_dag.py
[2022-10-03T12:43:26.065+0000] {logging_mixin.py:117} INFO - [2022-10-03T12:43:26.064+0000] {dag.py:2573} INFO - Sync 1 DAGs
[2022-10-03T12:43:26.137+0000] {logging_mixin.py:117} INFO - [2022-10-03T12:43:26.137+0000] {dag.py:3328} INFO - Setting next_dagrun for example_trigger_controller_dag to 2021-01-01T00:00:00+00:00, run_after=2021-01-01T00:00:00+00:00
[2022-10-03T12:43:26.183+0000] {processor.py:178} INFO - Processing /home/airflow/.local/lib/python3.7/site-packages/airflow/example_dags/example_trigger_controller_dag.py took 0.258 seconds
[2022-10-03T12:43:56.555+0000] {processor.py:156} INFO - Started process (PID=8077) to work on /home/airflow/.local/lib/python3.7/site-packages/airflow/example_dags/example_trigger_controller_dag.py
[2022-10-03T12:43:56.556+0000] {processor.py:758} INFO - Processing file /home/airflow/.local/lib/python3.7/site-packages/airflow/example_dags/example_trigger_controller_dag.py for tasks to queue
[2022-10-03T12:43:56.557+0000] {logging_mixin.py:117} INFO - [2022-10-03T12:43:56.557+0000] {dagbag.py:525} INFO - Filling up the DagBag from /home/airflow/.local/lib/python3.7/site-packages/airflow/example_dags/example_trigger_controller_dag.py
[2022-10-03T12:43:56.574+0000] {processor.py:768} INFO - DAG(s) dict_keys(['example_trigger_controller_dag']) retrieved from /home/airflow/.local/lib/python3.7/site-packages/airflow/example_dags/example_trigger_controller_dag.py
[2022-10-03T12:43:56.634+0000] {logging_mixin.py:117} INFO - [2022-10-03T12:43:56.633+0000] {dag.py:2573} INFO - Sync 1 DAGs
[2022-10-03T12:43:56.664+0000] {logging_mixin.py:117} INFO - [2022-10-03T12:43:56.664+0000] {dag.py:3328} INFO - Setting next_dagrun for example_trigger_controller_dag to 2021-01-01T00:00:00+00:00, run_after=2021-01-01T00:00:00+00:00
[2022-10-03T12:43:56.688+0000] {processor.py:178} INFO - Processing /home/airflow/.local/lib/python3.7/site-packages/airflow/example_dags/example_trigger_controller_dag.py took 0.137 seconds
[2022-10-03T12:44:26.757+0000] {processor.py:156} INFO - Started process (PID=8284) to work on /home/airflow/.local/lib/python3.7/site-packages/airflow/example_dags/example_trigger_controller_dag.py
[2022-10-03T12:44:26.759+0000] {processor.py:758} INFO - Processing file /home/airflow/.local/lib/python3.7/site-packages/airflow/example_dags/example_trigger_controller_dag.py for tasks to queue
[2022-10-03T12:44:26.760+0000] {logging_mixin.py:117} INFO - [2022-10-03T12:44:26.760+0000] {dagbag.py:525} INFO - Filling up the DagBag from /home/airflow/.local/lib/python3.7/site-packages/airflow/example_dags/example_trigger_controller_dag.py
[2022-10-03T12:44:26.787+0000] {processor.py:768} INFO - DAG(s) dict_keys(['example_trigger_controller_dag']) retrieved from /home/airflow/.local/lib/python3.7/site-packages/airflow/example_dags/example_trigger_controller_dag.py
[2022-10-03T12:44:26.887+0000] {logging_mixin.py:117} INFO - [2022-10-03T12:44:26.887+0000] {dag.py:2573} INFO - Sync 1 DAGs
[2022-10-03T12:44:26.954+0000] {logging_mixin.py:117} INFO - [2022-10-03T12:44:26.953+0000] {dag.py:3328} INFO - Setting next_dagrun for example_trigger_controller_dag to 2021-01-01T00:00:00+00:00, run_after=2021-01-01T00:00:00+00:00
[2022-10-03T12:44:27.005+0000] {processor.py:178} INFO - Processing /home/airflow/.local/lib/python3.7/site-packages/airflow/example_dags/example_trigger_controller_dag.py took 0.254 seconds
[2022-10-03T12:44:57.259+0000] {processor.py:156} INFO - Started process (PID=8482) to work on /home/airflow/.local/lib/python3.7/site-packages/airflow/example_dags/example_trigger_controller_dag.py
[2022-10-03T12:44:57.260+0000] {processor.py:758} INFO - Processing file /home/airflow/.local/lib/python3.7/site-packages/airflow/example_dags/example_trigger_controller_dag.py for tasks to queue
[2022-10-03T12:44:57.261+0000] {logging_mixin.py:117} INFO - [2022-10-03T12:44:57.261+0000] {dagbag.py:525} INFO - Filling up the DagBag from /home/airflow/.local/lib/python3.7/site-packages/airflow/example_dags/example_trigger_controller_dag.py
[2022-10-03T12:44:57.277+0000] {processor.py:768} INFO - DAG(s) dict_keys(['example_trigger_controller_dag']) retrieved from /home/airflow/.local/lib/python3.7/site-packages/airflow/example_dags/example_trigger_controller_dag.py
[2022-10-03T12:44:57.337+0000] {logging_mixin.py:117} INFO - [2022-10-03T12:44:57.337+0000] {dag.py:2573} INFO - Sync 1 DAGs
[2022-10-03T12:44:57.373+0000] {logging_mixin.py:117} INFO - [2022-10-03T12:44:57.372+0000] {dag.py:3328} INFO - Setting next_dagrun for example_trigger_controller_dag to 2021-01-01T00:00:00+00:00, run_after=2021-01-01T00:00:00+00:00
[2022-10-03T12:44:57.402+0000] {processor.py:178} INFO - Processing /home/airflow/.local/lib/python3.7/site-packages/airflow/example_dags/example_trigger_controller_dag.py took 0.146 seconds
[2022-10-03T12:45:28.284+0000] {processor.py:156} INFO - Started process (PID=8690) to work on /home/airflow/.local/lib/python3.7/site-packages/airflow/example_dags/example_trigger_controller_dag.py
[2022-10-03T12:45:28.285+0000] {processor.py:758} INFO - Processing file /home/airflow/.local/lib/python3.7/site-packages/airflow/example_dags/example_trigger_controller_dag.py for tasks to queue
[2022-10-03T12:45:28.287+0000] {logging_mixin.py:117} INFO - [2022-10-03T12:45:28.286+0000] {dagbag.py:525} INFO - Filling up the DagBag from /home/airflow/.local/lib/python3.7/site-packages/airflow/example_dags/example_trigger_controller_dag.py
[2022-10-03T12:45:28.317+0000] {processor.py:768} INFO - DAG(s) dict_keys(['example_trigger_controller_dag']) retrieved from /home/airflow/.local/lib/python3.7/site-packages/airflow/example_dags/example_trigger_controller_dag.py
[2022-10-03T12:45:28.405+0000] {logging_mixin.py:117} INFO - [2022-10-03T12:45:28.405+0000] {dag.py:2573} INFO - Sync 1 DAGs
[2022-10-03T12:45:28.472+0000] {logging_mixin.py:117} INFO - [2022-10-03T12:45:28.471+0000] {dag.py:3328} INFO - Setting next_dagrun for example_trigger_controller_dag to 2021-01-01T00:00:00+00:00, run_after=2021-01-01T00:00:00+00:00
[2022-10-03T12:45:28.518+0000] {processor.py:178} INFO - Processing /home/airflow/.local/lib/python3.7/site-packages/airflow/example_dags/example_trigger_controller_dag.py took 0.241 seconds
[2022-10-03T12:45:58.656+0000] {processor.py:156} INFO - Started process (PID=8888) to work on /home/airflow/.local/lib/python3.7/site-packages/airflow/example_dags/example_trigger_controller_dag.py
[2022-10-03T12:45:58.658+0000] {processor.py:758} INFO - Processing file /home/airflow/.local/lib/python3.7/site-packages/airflow/example_dags/example_trigger_controller_dag.py for tasks to queue
[2022-10-03T12:45:58.659+0000] {logging_mixin.py:117} INFO - [2022-10-03T12:45:58.659+0000] {dagbag.py:525} INFO - Filling up the DagBag from /home/airflow/.local/lib/python3.7/site-packages/airflow/example_dags/example_trigger_controller_dag.py
[2022-10-03T12:45:58.685+0000] {processor.py:768} INFO - DAG(s) dict_keys(['example_trigger_controller_dag']) retrieved from /home/airflow/.local/lib/python3.7/site-packages/airflow/example_dags/example_trigger_controller_dag.py
[2022-10-03T12:45:58.783+0000] {logging_mixin.py:117} INFO - [2022-10-03T12:45:58.782+0000] {dag.py:2573} INFO - Sync 1 DAGs
[2022-10-03T12:45:58.867+0000] {logging_mixin.py:117} INFO - [2022-10-03T12:45:58.867+0000] {dag.py:3328} INFO - Setting next_dagrun for example_trigger_controller_dag to 2021-01-01T00:00:00+00:00, run_after=2021-01-01T00:00:00+00:00
[2022-10-03T12:45:58.921+0000] {processor.py:178} INFO - Processing /home/airflow/.local/lib/python3.7/site-packages/airflow/example_dags/example_trigger_controller_dag.py took 0.270 seconds
