[2022-10-03T12:24:25.005+0000] {processor.py:156} INFO - Started process (PID=277) to work on /home/airflow/.local/lib/python3.7/site-packages/airflow/example_dags/example_branch_operator.py
[2022-10-03T12:24:25.006+0000] {processor.py:758} INFO - Processing file /home/airflow/.local/lib/python3.7/site-packages/airflow/example_dags/example_branch_operator.py for tasks to queue
[2022-10-03T12:24:25.008+0000] {logging_mixin.py:117} INFO - [2022-10-03T12:24:25.007+0000] {dagbag.py:525} INFO - Filling up the DagBag from /home/airflow/.local/lib/python3.7/site-packages/airflow/example_dags/example_branch_operator.py
[2022-10-03T12:24:25.064+0000] {processor.py:768} INFO - DAG(s) dict_keys(['example_branch_operator']) retrieved from /home/airflow/.local/lib/python3.7/site-packages/airflow/example_dags/example_branch_operator.py
[2022-10-03T12:24:25.164+0000] {logging_mixin.py:117} INFO - [2022-10-03T12:24:25.163+0000] {dag.py:2573} INFO - Sync 1 DAGs
[2022-10-03T12:24:25.228+0000] {logging_mixin.py:117} INFO - [2022-10-03T12:24:25.228+0000] {dag.py:3328} INFO - Setting next_dagrun for example_branch_operator to 2022-10-02T00:00:00+00:00, run_after=2022-10-03T00:00:00+00:00
[2022-10-03T12:24:25.274+0000] {processor.py:178} INFO - Processing /home/airflow/.local/lib/python3.7/site-packages/airflow/example_dags/example_branch_operator.py took 0.275 seconds
[2022-10-03T12:24:56.770+0000] {processor.py:156} INFO - Started process (PID=486) to work on /home/airflow/.local/lib/python3.7/site-packages/airflow/example_dags/example_branch_operator.py
[2022-10-03T12:24:56.774+0000] {processor.py:758} INFO - Processing file /home/airflow/.local/lib/python3.7/site-packages/airflow/example_dags/example_branch_operator.py for tasks to queue
[2022-10-03T12:24:56.776+0000] {logging_mixin.py:117} INFO - [2022-10-03T12:24:56.775+0000] {dagbag.py:525} INFO - Filling up the DagBag from /home/airflow/.local/lib/python3.7/site-packages/airflow/example_dags/example_branch_operator.py
[2022-10-03T12:24:56.847+0000] {processor.py:768} INFO - DAG(s) dict_keys(['example_branch_operator']) retrieved from /home/airflow/.local/lib/python3.7/site-packages/airflow/example_dags/example_branch_operator.py
[2022-10-03T12:24:56.989+0000] {logging_mixin.py:117} INFO - [2022-10-03T12:24:56.988+0000] {dag.py:2573} INFO - Sync 1 DAGs
[2022-10-03T12:24:57.082+0000] {logging_mixin.py:117} INFO - [2022-10-03T12:24:57.081+0000] {dag.py:3328} INFO - Setting next_dagrun for example_branch_operator to 2022-10-02T00:00:00+00:00, run_after=2022-10-03T00:00:00+00:00
[2022-10-03T12:24:57.361+0000] {processor.py:178} INFO - Processing /home/airflow/.local/lib/python3.7/site-packages/airflow/example_dags/example_branch_operator.py took 0.602 seconds
[2022-10-03T12:25:27.697+0000] {processor.py:156} INFO - Started process (PID=686) to work on /home/airflow/.local/lib/python3.7/site-packages/airflow/example_dags/example_branch_operator.py
[2022-10-03T12:25:27.700+0000] {processor.py:758} INFO - Processing file /home/airflow/.local/lib/python3.7/site-packages/airflow/example_dags/example_branch_operator.py for tasks to queue
[2022-10-03T12:25:27.702+0000] {logging_mixin.py:117} INFO - [2022-10-03T12:25:27.702+0000] {dagbag.py:525} INFO - Filling up the DagBag from /home/airflow/.local/lib/python3.7/site-packages/airflow/example_dags/example_branch_operator.py
[2022-10-03T12:25:27.747+0000] {processor.py:768} INFO - DAG(s) dict_keys(['example_branch_operator']) retrieved from /home/airflow/.local/lib/python3.7/site-packages/airflow/example_dags/example_branch_operator.py
[2022-10-03T12:25:27.846+0000] {logging_mixin.py:117} INFO - [2022-10-03T12:25:27.846+0000] {dag.py:2573} INFO - Sync 1 DAGs
[2022-10-03T12:25:28.106+0000] {logging_mixin.py:117} INFO - [2022-10-03T12:25:28.106+0000] {dag.py:3328} INFO - Setting next_dagrun for example_branch_operator to 2022-10-02T00:00:00+00:00, run_after=2022-10-03T00:00:00+00:00
[2022-10-03T12:25:28.153+0000] {processor.py:178} INFO - Processing /home/airflow/.local/lib/python3.7/site-packages/airflow/example_dags/example_branch_operator.py took 0.461 seconds
[2022-10-03T12:25:58.642+0000] {processor.py:156} INFO - Started process (PID=893) to work on /home/airflow/.local/lib/python3.7/site-packages/airflow/example_dags/example_branch_operator.py
[2022-10-03T12:25:58.644+0000] {processor.py:758} INFO - Processing file /home/airflow/.local/lib/python3.7/site-packages/airflow/example_dags/example_branch_operator.py for tasks to queue
[2022-10-03T12:25:58.646+0000] {logging_mixin.py:117} INFO - [2022-10-03T12:25:58.646+0000] {dagbag.py:525} INFO - Filling up the DagBag from /home/airflow/.local/lib/python3.7/site-packages/airflow/example_dags/example_branch_operator.py
[2022-10-03T12:25:58.673+0000] {processor.py:768} INFO - DAG(s) dict_keys(['example_branch_operator']) retrieved from /home/airflow/.local/lib/python3.7/site-packages/airflow/example_dags/example_branch_operator.py
[2022-10-03T12:25:58.931+0000] {logging_mixin.py:117} INFO - [2022-10-03T12:25:58.931+0000] {dag.py:2573} INFO - Sync 1 DAGs
[2022-10-03T12:25:58.976+0000] {logging_mixin.py:117} INFO - [2022-10-03T12:25:58.976+0000] {dag.py:3328} INFO - Setting next_dagrun for example_branch_operator to 2022-10-02T00:00:00+00:00, run_after=2022-10-03T00:00:00+00:00
[2022-10-03T12:25:59.010+0000] {processor.py:178} INFO - Processing /home/airflow/.local/lib/python3.7/site-packages/airflow/example_dags/example_branch_operator.py took 0.373 seconds
[2022-10-03T12:26:31.394+0000] {processor.py:156} INFO - Started process (PID=1092) to work on /home/airflow/.local/lib/python3.7/site-packages/airflow/example_dags/example_branch_operator.py
[2022-10-03T12:26:31.395+0000] {processor.py:758} INFO - Processing file /home/airflow/.local/lib/python3.7/site-packages/airflow/example_dags/example_branch_operator.py for tasks to queue
[2022-10-03T12:26:31.396+0000] {logging_mixin.py:117} INFO - [2022-10-03T12:26:31.396+0000] {dagbag.py:525} INFO - Filling up the DagBag from /home/airflow/.local/lib/python3.7/site-packages/airflow/example_dags/example_branch_operator.py
[2022-10-03T12:26:31.443+0000] {processor.py:768} INFO - DAG(s) dict_keys(['example_branch_operator']) retrieved from /home/airflow/.local/lib/python3.7/site-packages/airflow/example_dags/example_branch_operator.py
[2022-10-03T12:26:31.764+0000] {logging_mixin.py:117} INFO - [2022-10-03T12:26:31.764+0000] {dag.py:2573} INFO - Sync 1 DAGs
[2022-10-03T12:26:31.847+0000] {logging_mixin.py:117} INFO - [2022-10-03T12:26:31.846+0000] {dag.py:3328} INFO - Setting next_dagrun for example_branch_operator to 2022-10-02T00:00:00+00:00, run_after=2022-10-03T00:00:00+00:00
[2022-10-03T12:26:31.904+0000] {processor.py:178} INFO - Processing /home/airflow/.local/lib/python3.7/site-packages/airflow/example_dags/example_branch_operator.py took 0.519 seconds
[2022-10-03T12:27:02.392+0000] {processor.py:156} INFO - Started process (PID=1319) to work on /home/airflow/.local/lib/python3.7/site-packages/airflow/example_dags/example_branch_operator.py
[2022-10-03T12:27:02.393+0000] {processor.py:758} INFO - Processing file /home/airflow/.local/lib/python3.7/site-packages/airflow/example_dags/example_branch_operator.py for tasks to queue
[2022-10-03T12:27:02.393+0000] {logging_mixin.py:117} INFO - [2022-10-03T12:27:02.393+0000] {dagbag.py:525} INFO - Filling up the DagBag from /home/airflow/.local/lib/python3.7/site-packages/airflow/example_dags/example_branch_operator.py
[2022-10-03T12:27:02.532+0000] {processor.py:768} INFO - DAG(s) dict_keys(['example_branch_operator']) retrieved from /home/airflow/.local/lib/python3.7/site-packages/airflow/example_dags/example_branch_operator.py
[2022-10-03T12:27:02.571+0000] {logging_mixin.py:117} INFO - [2022-10-03T12:27:02.571+0000] {dag.py:2573} INFO - Sync 1 DAGs
[2022-10-03T12:27:02.601+0000] {logging_mixin.py:117} INFO - [2022-10-03T12:27:02.601+0000] {dag.py:3328} INFO - Setting next_dagrun for example_branch_operator to 2022-10-02T00:00:00+00:00, run_after=2022-10-03T00:00:00+00:00
[2022-10-03T12:27:02.627+0000] {processor.py:178} INFO - Processing /home/airflow/.local/lib/python3.7/site-packages/airflow/example_dags/example_branch_operator.py took 0.239 seconds
[2022-10-03T12:27:32.804+0000] {processor.py:156} INFO - Started process (PID=1535) to work on /home/airflow/.local/lib/python3.7/site-packages/airflow/example_dags/example_branch_operator.py
[2022-10-03T12:27:32.806+0000] {processor.py:758} INFO - Processing file /home/airflow/.local/lib/python3.7/site-packages/airflow/example_dags/example_branch_operator.py for tasks to queue
[2022-10-03T12:27:32.807+0000] {logging_mixin.py:117} INFO - [2022-10-03T12:27:32.807+0000] {dagbag.py:525} INFO - Filling up the DagBag from /home/airflow/.local/lib/python3.7/site-packages/airflow/example_dags/example_branch_operator.py
[2022-10-03T12:27:32.845+0000] {processor.py:768} INFO - DAG(s) dict_keys(['example_branch_operator']) retrieved from /home/airflow/.local/lib/python3.7/site-packages/airflow/example_dags/example_branch_operator.py
[2022-10-03T12:27:32.930+0000] {logging_mixin.py:117} INFO - [2022-10-03T12:27:32.930+0000] {dag.py:2573} INFO - Sync 1 DAGs
[2022-10-03T12:27:32.988+0000] {logging_mixin.py:117} INFO - [2022-10-03T12:27:32.988+0000] {dag.py:3328} INFO - Setting next_dagrun for example_branch_operator to 2022-10-02T00:00:00+00:00, run_after=2022-10-03T00:00:00+00:00
[2022-10-03T12:27:33.032+0000] {processor.py:178} INFO - Processing /home/airflow/.local/lib/python3.7/site-packages/airflow/example_dags/example_branch_operator.py took 0.233 seconds
[2022-10-03T12:28:03.558+0000] {processor.py:156} INFO - Started process (PID=1740) to work on /home/airflow/.local/lib/python3.7/site-packages/airflow/example_dags/example_branch_operator.py
[2022-10-03T12:28:03.559+0000] {processor.py:758} INFO - Processing file /home/airflow/.local/lib/python3.7/site-packages/airflow/example_dags/example_branch_operator.py for tasks to queue
[2022-10-03T12:28:03.559+0000] {logging_mixin.py:117} INFO - [2022-10-03T12:28:03.559+0000] {dagbag.py:525} INFO - Filling up the DagBag from /home/airflow/.local/lib/python3.7/site-packages/airflow/example_dags/example_branch_operator.py
[2022-10-03T12:28:03.578+0000] {processor.py:768} INFO - DAG(s) dict_keys(['example_branch_operator']) retrieved from /home/airflow/.local/lib/python3.7/site-packages/airflow/example_dags/example_branch_operator.py
[2022-10-03T12:28:03.623+0000] {logging_mixin.py:117} INFO - [2022-10-03T12:28:03.623+0000] {dag.py:2573} INFO - Sync 1 DAGs
[2022-10-03T12:28:03.652+0000] {logging_mixin.py:117} INFO - [2022-10-03T12:28:03.652+0000] {dag.py:3328} INFO - Setting next_dagrun for example_branch_operator to 2022-10-02T00:00:00+00:00, run_after=2022-10-03T00:00:00+00:00
[2022-10-03T12:28:03.685+0000] {processor.py:178} INFO - Processing /home/airflow/.local/lib/python3.7/site-packages/airflow/example_dags/example_branch_operator.py took 0.130 seconds
[2022-10-03T12:28:34.264+0000] {processor.py:156} INFO - Started process (PID=1941) to work on /home/airflow/.local/lib/python3.7/site-packages/airflow/example_dags/example_branch_operator.py
[2022-10-03T12:28:34.265+0000] {processor.py:758} INFO - Processing file /home/airflow/.local/lib/python3.7/site-packages/airflow/example_dags/example_branch_operator.py for tasks to queue
[2022-10-03T12:28:34.266+0000] {logging_mixin.py:117} INFO - [2022-10-03T12:28:34.266+0000] {dagbag.py:525} INFO - Filling up the DagBag from /home/airflow/.local/lib/python3.7/site-packages/airflow/example_dags/example_branch_operator.py
[2022-10-03T12:28:34.287+0000] {processor.py:768} INFO - DAG(s) dict_keys(['example_branch_operator']) retrieved from /home/airflow/.local/lib/python3.7/site-packages/airflow/example_dags/example_branch_operator.py
[2022-10-03T12:28:34.333+0000] {logging_mixin.py:117} INFO - [2022-10-03T12:28:34.333+0000] {dag.py:2573} INFO - Sync 1 DAGs
[2022-10-03T12:28:34.363+0000] {logging_mixin.py:117} INFO - [2022-10-03T12:28:34.362+0000] {dag.py:3328} INFO - Setting next_dagrun for example_branch_operator to 2022-10-02T00:00:00+00:00, run_after=2022-10-03T00:00:00+00:00
[2022-10-03T12:28:34.387+0000] {processor.py:178} INFO - Processing /home/airflow/.local/lib/python3.7/site-packages/airflow/example_dags/example_branch_operator.py took 0.126 seconds
[2022-10-03T12:29:05.088+0000] {processor.py:156} INFO - Started process (PID=2146) to work on /home/airflow/.local/lib/python3.7/site-packages/airflow/example_dags/example_branch_operator.py
[2022-10-03T12:29:05.089+0000] {processor.py:758} INFO - Processing file /home/airflow/.local/lib/python3.7/site-packages/airflow/example_dags/example_branch_operator.py for tasks to queue
[2022-10-03T12:29:05.090+0000] {logging_mixin.py:117} INFO - [2022-10-03T12:29:05.090+0000] {dagbag.py:525} INFO - Filling up the DagBag from /home/airflow/.local/lib/python3.7/site-packages/airflow/example_dags/example_branch_operator.py
[2022-10-03T12:29:05.110+0000] {processor.py:768} INFO - DAG(s) dict_keys(['example_branch_operator']) retrieved from /home/airflow/.local/lib/python3.7/site-packages/airflow/example_dags/example_branch_operator.py
[2022-10-03T12:29:05.157+0000] {logging_mixin.py:117} INFO - [2022-10-03T12:29:05.157+0000] {dag.py:2573} INFO - Sync 1 DAGs
[2022-10-03T12:29:05.189+0000] {logging_mixin.py:117} INFO - [2022-10-03T12:29:05.189+0000] {dag.py:3328} INFO - Setting next_dagrun for example_branch_operator to 2022-10-02T00:00:00+00:00, run_after=2022-10-03T00:00:00+00:00
[2022-10-03T12:29:05.216+0000] {processor.py:178} INFO - Processing /home/airflow/.local/lib/python3.7/site-packages/airflow/example_dags/example_branch_operator.py took 0.131 seconds
[2022-10-03T12:29:36.337+0000] {processor.py:156} INFO - Started process (PID=2355) to work on /home/airflow/.local/lib/python3.7/site-packages/airflow/example_dags/example_branch_operator.py
[2022-10-03T12:29:36.339+0000] {processor.py:758} INFO - Processing file /home/airflow/.local/lib/python3.7/site-packages/airflow/example_dags/example_branch_operator.py for tasks to queue
[2022-10-03T12:29:36.341+0000] {logging_mixin.py:117} INFO - [2022-10-03T12:29:36.341+0000] {dagbag.py:525} INFO - Filling up the DagBag from /home/airflow/.local/lib/python3.7/site-packages/airflow/example_dags/example_branch_operator.py
[2022-10-03T12:29:36.390+0000] {processor.py:768} INFO - DAG(s) dict_keys(['example_branch_operator']) retrieved from /home/airflow/.local/lib/python3.7/site-packages/airflow/example_dags/example_branch_operator.py
[2022-10-03T12:29:36.488+0000] {logging_mixin.py:117} INFO - [2022-10-03T12:29:36.487+0000] {dag.py:2573} INFO - Sync 1 DAGs
[2022-10-03T12:29:36.560+0000] {logging_mixin.py:117} INFO - [2022-10-03T12:29:36.560+0000] {dag.py:3328} INFO - Setting next_dagrun for example_branch_operator to 2022-10-02T00:00:00+00:00, run_after=2022-10-03T00:00:00+00:00
[2022-10-03T12:29:36.609+0000] {processor.py:178} INFO - Processing /home/airflow/.local/lib/python3.7/site-packages/airflow/example_dags/example_branch_operator.py took 0.277 seconds
[2022-10-03T12:30:06.998+0000] {processor.py:156} INFO - Started process (PID=2553) to work on /home/airflow/.local/lib/python3.7/site-packages/airflow/example_dags/example_branch_operator.py
[2022-10-03T12:30:06.998+0000] {processor.py:758} INFO - Processing file /home/airflow/.local/lib/python3.7/site-packages/airflow/example_dags/example_branch_operator.py for tasks to queue
[2022-10-03T12:30:06.999+0000] {logging_mixin.py:117} INFO - [2022-10-03T12:30:06.999+0000] {dagbag.py:525} INFO - Filling up the DagBag from /home/airflow/.local/lib/python3.7/site-packages/airflow/example_dags/example_branch_operator.py
[2022-10-03T12:30:07.018+0000] {processor.py:768} INFO - DAG(s) dict_keys(['example_branch_operator']) retrieved from /home/airflow/.local/lib/python3.7/site-packages/airflow/example_dags/example_branch_operator.py
[2022-10-03T12:30:07.063+0000] {logging_mixin.py:117} INFO - [2022-10-03T12:30:07.063+0000] {dag.py:2573} INFO - Sync 1 DAGs
[2022-10-03T12:30:07.095+0000] {logging_mixin.py:117} INFO - [2022-10-03T12:30:07.095+0000] {dag.py:3328} INFO - Setting next_dagrun for example_branch_operator to 2022-10-02T00:00:00+00:00, run_after=2022-10-03T00:00:00+00:00
[2022-10-03T12:30:07.121+0000] {processor.py:178} INFO - Processing /home/airflow/.local/lib/python3.7/site-packages/airflow/example_dags/example_branch_operator.py took 0.127 seconds
[2022-10-03T12:30:37.598+0000] {processor.py:156} INFO - Started process (PID=2758) to work on /home/airflow/.local/lib/python3.7/site-packages/airflow/example_dags/example_branch_operator.py
[2022-10-03T12:30:37.599+0000] {processor.py:758} INFO - Processing file /home/airflow/.local/lib/python3.7/site-packages/airflow/example_dags/example_branch_operator.py for tasks to queue
[2022-10-03T12:30:37.600+0000] {logging_mixin.py:117} INFO - [2022-10-03T12:30:37.599+0000] {dagbag.py:525} INFO - Filling up the DagBag from /home/airflow/.local/lib/python3.7/site-packages/airflow/example_dags/example_branch_operator.py
[2022-10-03T12:30:37.620+0000] {processor.py:768} INFO - DAG(s) dict_keys(['example_branch_operator']) retrieved from /home/airflow/.local/lib/python3.7/site-packages/airflow/example_dags/example_branch_operator.py
[2022-10-03T12:30:37.669+0000] {logging_mixin.py:117} INFO - [2022-10-03T12:30:37.669+0000] {dag.py:2573} INFO - Sync 1 DAGs
[2022-10-03T12:30:37.703+0000] {logging_mixin.py:117} INFO - [2022-10-03T12:30:37.703+0000] {dag.py:3328} INFO - Setting next_dagrun for example_branch_operator to 2022-10-02T00:00:00+00:00, run_after=2022-10-03T00:00:00+00:00
[2022-10-03T12:30:37.731+0000] {processor.py:178} INFO - Processing /home/airflow/.local/lib/python3.7/site-packages/airflow/example_dags/example_branch_operator.py took 0.136 seconds
[2022-10-03T12:31:08.252+0000] {processor.py:156} INFO - Started process (PID=2956) to work on /home/airflow/.local/lib/python3.7/site-packages/airflow/example_dags/example_branch_operator.py
[2022-10-03T12:31:08.253+0000] {processor.py:758} INFO - Processing file /home/airflow/.local/lib/python3.7/site-packages/airflow/example_dags/example_branch_operator.py for tasks to queue
[2022-10-03T12:31:08.254+0000] {logging_mixin.py:117} INFO - [2022-10-03T12:31:08.254+0000] {dagbag.py:525} INFO - Filling up the DagBag from /home/airflow/.local/lib/python3.7/site-packages/airflow/example_dags/example_branch_operator.py
[2022-10-03T12:31:08.274+0000] {processor.py:768} INFO - DAG(s) dict_keys(['example_branch_operator']) retrieved from /home/airflow/.local/lib/python3.7/site-packages/airflow/example_dags/example_branch_operator.py
[2022-10-03T12:31:08.321+0000] {logging_mixin.py:117} INFO - [2022-10-03T12:31:08.321+0000] {dag.py:2573} INFO - Sync 1 DAGs
[2022-10-03T12:31:08.354+0000] {logging_mixin.py:117} INFO - [2022-10-03T12:31:08.354+0000] {dag.py:3328} INFO - Setting next_dagrun for example_branch_operator to 2022-10-02T00:00:00+00:00, run_after=2022-10-03T00:00:00+00:00
[2022-10-03T12:31:08.382+0000] {processor.py:178} INFO - Processing /home/airflow/.local/lib/python3.7/site-packages/airflow/example_dags/example_branch_operator.py took 0.134 seconds
[2022-10-03T12:31:38.657+0000] {processor.py:156} INFO - Started process (PID=3163) to work on /home/airflow/.local/lib/python3.7/site-packages/airflow/example_dags/example_branch_operator.py
[2022-10-03T12:31:38.657+0000] {processor.py:758} INFO - Processing file /home/airflow/.local/lib/python3.7/site-packages/airflow/example_dags/example_branch_operator.py for tasks to queue
[2022-10-03T12:31:38.658+0000] {logging_mixin.py:117} INFO - [2022-10-03T12:31:38.658+0000] {dagbag.py:525} INFO - Filling up the DagBag from /home/airflow/.local/lib/python3.7/site-packages/airflow/example_dags/example_branch_operator.py
[2022-10-03T12:31:38.679+0000] {processor.py:768} INFO - DAG(s) dict_keys(['example_branch_operator']) retrieved from /home/airflow/.local/lib/python3.7/site-packages/airflow/example_dags/example_branch_operator.py
[2022-10-03T12:31:38.727+0000] {logging_mixin.py:117} INFO - [2022-10-03T12:31:38.727+0000] {dag.py:2573} INFO - Sync 1 DAGs
[2022-10-03T12:31:38.759+0000] {logging_mixin.py:117} INFO - [2022-10-03T12:31:38.759+0000] {dag.py:3328} INFO - Setting next_dagrun for example_branch_operator to 2022-10-02T00:00:00+00:00, run_after=2022-10-03T00:00:00+00:00
[2022-10-03T12:31:38.788+0000] {processor.py:178} INFO - Processing /home/airflow/.local/lib/python3.7/site-packages/airflow/example_dags/example_branch_operator.py took 0.134 seconds
[2022-10-03T12:32:08.843+0000] {processor.py:156} INFO - Started process (PID=3361) to work on /home/airflow/.local/lib/python3.7/site-packages/airflow/example_dags/example_branch_operator.py
[2022-10-03T12:32:08.844+0000] {processor.py:758} INFO - Processing file /home/airflow/.local/lib/python3.7/site-packages/airflow/example_dags/example_branch_operator.py for tasks to queue
[2022-10-03T12:32:08.845+0000] {logging_mixin.py:117} INFO - [2022-10-03T12:32:08.845+0000] {dagbag.py:525} INFO - Filling up the DagBag from /home/airflow/.local/lib/python3.7/site-packages/airflow/example_dags/example_branch_operator.py
[2022-10-03T12:32:08.865+0000] {processor.py:768} INFO - DAG(s) dict_keys(['example_branch_operator']) retrieved from /home/airflow/.local/lib/python3.7/site-packages/airflow/example_dags/example_branch_operator.py
[2022-10-03T12:32:08.915+0000] {logging_mixin.py:117} INFO - [2022-10-03T12:32:08.915+0000] {dag.py:2573} INFO - Sync 1 DAGs
[2022-10-03T12:32:08.946+0000] {logging_mixin.py:117} INFO - [2022-10-03T12:32:08.946+0000] {dag.py:3328} INFO - Setting next_dagrun for example_branch_operator to 2022-10-02T00:00:00+00:00, run_after=2022-10-03T00:00:00+00:00
[2022-10-03T12:32:08.973+0000] {processor.py:178} INFO - Processing /home/airflow/.local/lib/python3.7/site-packages/airflow/example_dags/example_branch_operator.py took 0.134 seconds
[2022-10-03T12:32:39.227+0000] {processor.py:156} INFO - Started process (PID=3568) to work on /home/airflow/.local/lib/python3.7/site-packages/airflow/example_dags/example_branch_operator.py
[2022-10-03T12:32:39.228+0000] {processor.py:758} INFO - Processing file /home/airflow/.local/lib/python3.7/site-packages/airflow/example_dags/example_branch_operator.py for tasks to queue
[2022-10-03T12:32:39.229+0000] {logging_mixin.py:117} INFO - [2022-10-03T12:32:39.229+0000] {dagbag.py:525} INFO - Filling up the DagBag from /home/airflow/.local/lib/python3.7/site-packages/airflow/example_dags/example_branch_operator.py
[2022-10-03T12:32:39.250+0000] {processor.py:768} INFO - DAG(s) dict_keys(['example_branch_operator']) retrieved from /home/airflow/.local/lib/python3.7/site-packages/airflow/example_dags/example_branch_operator.py
[2022-10-03T12:32:39.301+0000] {logging_mixin.py:117} INFO - [2022-10-03T12:32:39.300+0000] {dag.py:2573} INFO - Sync 1 DAGs
[2022-10-03T12:32:39.334+0000] {logging_mixin.py:117} INFO - [2022-10-03T12:32:39.334+0000] {dag.py:3328} INFO - Setting next_dagrun for example_branch_operator to 2022-10-02T00:00:00+00:00, run_after=2022-10-03T00:00:00+00:00
[2022-10-03T12:32:39.361+0000] {processor.py:178} INFO - Processing /home/airflow/.local/lib/python3.7/site-packages/airflow/example_dags/example_branch_operator.py took 0.136 seconds
[2022-10-03T12:33:09.682+0000] {processor.py:156} INFO - Started process (PID=3775) to work on /home/airflow/.local/lib/python3.7/site-packages/airflow/example_dags/example_branch_operator.py
[2022-10-03T12:33:09.683+0000] {processor.py:758} INFO - Processing file /home/airflow/.local/lib/python3.7/site-packages/airflow/example_dags/example_branch_operator.py for tasks to queue
[2022-10-03T12:33:09.684+0000] {logging_mixin.py:117} INFO - [2022-10-03T12:33:09.684+0000] {dagbag.py:525} INFO - Filling up the DagBag from /home/airflow/.local/lib/python3.7/site-packages/airflow/example_dags/example_branch_operator.py
[2022-10-03T12:33:09.705+0000] {processor.py:768} INFO - DAG(s) dict_keys(['example_branch_operator']) retrieved from /home/airflow/.local/lib/python3.7/site-packages/airflow/example_dags/example_branch_operator.py
[2022-10-03T12:33:09.757+0000] {logging_mixin.py:117} INFO - [2022-10-03T12:33:09.757+0000] {dag.py:2573} INFO - Sync 1 DAGs
[2022-10-03T12:33:09.792+0000] {logging_mixin.py:117} INFO - [2022-10-03T12:33:09.792+0000] {dag.py:3328} INFO - Setting next_dagrun for example_branch_operator to 2022-10-02T00:00:00+00:00, run_after=2022-10-03T00:00:00+00:00
[2022-10-03T12:33:09.825+0000] {processor.py:178} INFO - Processing /home/airflow/.local/lib/python3.7/site-packages/airflow/example_dags/example_branch_operator.py took 0.147 seconds
[2022-10-03T12:33:40.307+0000] {processor.py:156} INFO - Started process (PID=3973) to work on /home/airflow/.local/lib/python3.7/site-packages/airflow/example_dags/example_branch_operator.py
[2022-10-03T12:33:40.308+0000] {processor.py:758} INFO - Processing file /home/airflow/.local/lib/python3.7/site-packages/airflow/example_dags/example_branch_operator.py for tasks to queue
[2022-10-03T12:33:40.308+0000] {logging_mixin.py:117} INFO - [2022-10-03T12:33:40.308+0000] {dagbag.py:525} INFO - Filling up the DagBag from /home/airflow/.local/lib/python3.7/site-packages/airflow/example_dags/example_branch_operator.py
[2022-10-03T12:33:40.329+0000] {processor.py:768} INFO - DAG(s) dict_keys(['example_branch_operator']) retrieved from /home/airflow/.local/lib/python3.7/site-packages/airflow/example_dags/example_branch_operator.py
[2022-10-03T12:33:40.398+0000] {logging_mixin.py:117} INFO - [2022-10-03T12:33:40.398+0000] {dag.py:2573} INFO - Sync 1 DAGs
[2022-10-03T12:33:40.445+0000] {logging_mixin.py:117} INFO - [2022-10-03T12:33:40.445+0000] {dag.py:3328} INFO - Setting next_dagrun for example_branch_operator to 2022-10-02T00:00:00+00:00, run_after=2022-10-03T00:00:00+00:00
[2022-10-03T12:33:40.485+0000] {processor.py:178} INFO - Processing /home/airflow/.local/lib/python3.7/site-packages/airflow/example_dags/example_branch_operator.py took 0.181 seconds
[2022-10-03T12:34:11.205+0000] {processor.py:156} INFO - Started process (PID=4180) to work on /home/airflow/.local/lib/python3.7/site-packages/airflow/example_dags/example_branch_operator.py
[2022-10-03T12:34:11.207+0000] {processor.py:758} INFO - Processing file /home/airflow/.local/lib/python3.7/site-packages/airflow/example_dags/example_branch_operator.py for tasks to queue
[2022-10-03T12:34:11.208+0000] {logging_mixin.py:117} INFO - [2022-10-03T12:34:11.208+0000] {dagbag.py:525} INFO - Filling up the DagBag from /home/airflow/.local/lib/python3.7/site-packages/airflow/example_dags/example_branch_operator.py
[2022-10-03T12:34:11.251+0000] {processor.py:768} INFO - DAG(s) dict_keys(['example_branch_operator']) retrieved from /home/airflow/.local/lib/python3.7/site-packages/airflow/example_dags/example_branch_operator.py
[2022-10-03T12:34:11.347+0000] {logging_mixin.py:117} INFO - [2022-10-03T12:34:11.347+0000] {dag.py:2573} INFO - Sync 1 DAGs
[2022-10-03T12:34:11.414+0000] {logging_mixin.py:117} INFO - [2022-10-03T12:34:11.413+0000] {dag.py:3328} INFO - Setting next_dagrun for example_branch_operator to 2022-10-02T00:00:00+00:00, run_after=2022-10-03T00:00:00+00:00
[2022-10-03T12:34:11.462+0000] {processor.py:178} INFO - Processing /home/airflow/.local/lib/python3.7/site-packages/airflow/example_dags/example_branch_operator.py took 0.264 seconds
[2022-10-03T12:34:42.537+0000] {processor.py:156} INFO - Started process (PID=4379) to work on /home/airflow/.local/lib/python3.7/site-packages/airflow/example_dags/example_branch_operator.py
[2022-10-03T12:34:42.539+0000] {processor.py:758} INFO - Processing file /home/airflow/.local/lib/python3.7/site-packages/airflow/example_dags/example_branch_operator.py for tasks to queue
[2022-10-03T12:34:42.541+0000] {logging_mixin.py:117} INFO - [2022-10-03T12:34:42.540+0000] {dagbag.py:525} INFO - Filling up the DagBag from /home/airflow/.local/lib/python3.7/site-packages/airflow/example_dags/example_branch_operator.py
[2022-10-03T12:34:42.583+0000] {processor.py:768} INFO - DAG(s) dict_keys(['example_branch_operator']) retrieved from /home/airflow/.local/lib/python3.7/site-packages/airflow/example_dags/example_branch_operator.py
[2022-10-03T12:34:42.682+0000] {logging_mixin.py:117} INFO - [2022-10-03T12:34:42.682+0000] {dag.py:2573} INFO - Sync 1 DAGs
[2022-10-03T12:34:42.752+0000] {logging_mixin.py:117} INFO - [2022-10-03T12:34:42.752+0000] {dag.py:3328} INFO - Setting next_dagrun for example_branch_operator to 2022-10-02T00:00:00+00:00, run_after=2022-10-03T00:00:00+00:00
[2022-10-03T12:34:42.804+0000] {processor.py:178} INFO - Processing /home/airflow/.local/lib/python3.7/site-packages/airflow/example_dags/example_branch_operator.py took 0.275 seconds
[2022-10-03T12:35:13.270+0000] {processor.py:156} INFO - Started process (PID=4588) to work on /home/airflow/.local/lib/python3.7/site-packages/airflow/example_dags/example_branch_operator.py
[2022-10-03T12:35:13.271+0000] {processor.py:758} INFO - Processing file /home/airflow/.local/lib/python3.7/site-packages/airflow/example_dags/example_branch_operator.py for tasks to queue
[2022-10-03T12:35:13.272+0000] {logging_mixin.py:117} INFO - [2022-10-03T12:35:13.272+0000] {dagbag.py:525} INFO - Filling up the DagBag from /home/airflow/.local/lib/python3.7/site-packages/airflow/example_dags/example_branch_operator.py
[2022-10-03T12:35:13.296+0000] {processor.py:768} INFO - DAG(s) dict_keys(['example_branch_operator']) retrieved from /home/airflow/.local/lib/python3.7/site-packages/airflow/example_dags/example_branch_operator.py
[2022-10-03T12:35:13.352+0000] {logging_mixin.py:117} INFO - [2022-10-03T12:35:13.352+0000] {dag.py:2573} INFO - Sync 1 DAGs
[2022-10-03T12:35:13.384+0000] {logging_mixin.py:117} INFO - [2022-10-03T12:35:13.384+0000] {dag.py:3328} INFO - Setting next_dagrun for example_branch_operator to 2022-10-02T00:00:00+00:00, run_after=2022-10-03T00:00:00+00:00
[2022-10-03T12:35:13.409+0000] {processor.py:178} INFO - Processing /home/airflow/.local/lib/python3.7/site-packages/airflow/example_dags/example_branch_operator.py took 0.142 seconds
[2022-10-03T12:35:43.919+0000] {processor.py:156} INFO - Started process (PID=4786) to work on /home/airflow/.local/lib/python3.7/site-packages/airflow/example_dags/example_branch_operator.py
[2022-10-03T12:35:43.920+0000] {processor.py:758} INFO - Processing file /home/airflow/.local/lib/python3.7/site-packages/airflow/example_dags/example_branch_operator.py for tasks to queue
[2022-10-03T12:35:43.922+0000] {logging_mixin.py:117} INFO - [2022-10-03T12:35:43.921+0000] {dagbag.py:525} INFO - Filling up the DagBag from /home/airflow/.local/lib/python3.7/site-packages/airflow/example_dags/example_branch_operator.py
[2022-10-03T12:35:43.949+0000] {processor.py:768} INFO - DAG(s) dict_keys(['example_branch_operator']) retrieved from /home/airflow/.local/lib/python3.7/site-packages/airflow/example_dags/example_branch_operator.py
[2022-10-03T12:35:43.996+0000] {logging_mixin.py:117} INFO - [2022-10-03T12:35:43.996+0000] {dag.py:2573} INFO - Sync 1 DAGs
[2022-10-03T12:35:44.030+0000] {logging_mixin.py:117} INFO - [2022-10-03T12:35:44.029+0000] {dag.py:3328} INFO - Setting next_dagrun for example_branch_operator to 2022-10-02T00:00:00+00:00, run_after=2022-10-03T00:00:00+00:00
[2022-10-03T12:35:44.057+0000] {processor.py:178} INFO - Processing /home/airflow/.local/lib/python3.7/site-packages/airflow/example_dags/example_branch_operator.py took 0.143 seconds
[2022-10-03T12:36:14.155+0000] {processor.py:156} INFO - Started process (PID=4991) to work on /home/airflow/.local/lib/python3.7/site-packages/airflow/example_dags/example_branch_operator.py
[2022-10-03T12:36:14.156+0000] {processor.py:758} INFO - Processing file /home/airflow/.local/lib/python3.7/site-packages/airflow/example_dags/example_branch_operator.py for tasks to queue
[2022-10-03T12:36:14.157+0000] {logging_mixin.py:117} INFO - [2022-10-03T12:36:14.157+0000] {dagbag.py:525} INFO - Filling up the DagBag from /home/airflow/.local/lib/python3.7/site-packages/airflow/example_dags/example_branch_operator.py
[2022-10-03T12:36:14.178+0000] {processor.py:768} INFO - DAG(s) dict_keys(['example_branch_operator']) retrieved from /home/airflow/.local/lib/python3.7/site-packages/airflow/example_dags/example_branch_operator.py
[2022-10-03T12:36:14.226+0000] {logging_mixin.py:117} INFO - [2022-10-03T12:36:14.225+0000] {dag.py:2573} INFO - Sync 1 DAGs
[2022-10-03T12:36:14.259+0000] {logging_mixin.py:117} INFO - [2022-10-03T12:36:14.259+0000] {dag.py:3328} INFO - Setting next_dagrun for example_branch_operator to 2022-10-02T00:00:00+00:00, run_after=2022-10-03T00:00:00+00:00
[2022-10-03T12:36:14.292+0000] {processor.py:178} INFO - Processing /home/airflow/.local/lib/python3.7/site-packages/airflow/example_dags/example_branch_operator.py took 0.140 seconds
[2022-10-03T12:36:44.448+0000] {processor.py:156} INFO - Started process (PID=5189) to work on /home/airflow/.local/lib/python3.7/site-packages/airflow/example_dags/example_branch_operator.py
[2022-10-03T12:36:44.449+0000] {processor.py:758} INFO - Processing file /home/airflow/.local/lib/python3.7/site-packages/airflow/example_dags/example_branch_operator.py for tasks to queue
[2022-10-03T12:36:44.450+0000] {logging_mixin.py:117} INFO - [2022-10-03T12:36:44.449+0000] {dagbag.py:525} INFO - Filling up the DagBag from /home/airflow/.local/lib/python3.7/site-packages/airflow/example_dags/example_branch_operator.py
[2022-10-03T12:36:44.471+0000] {processor.py:768} INFO - DAG(s) dict_keys(['example_branch_operator']) retrieved from /home/airflow/.local/lib/python3.7/site-packages/airflow/example_dags/example_branch_operator.py
[2022-10-03T12:36:44.522+0000] {logging_mixin.py:117} INFO - [2022-10-03T12:36:44.522+0000] {dag.py:2573} INFO - Sync 1 DAGs
[2022-10-03T12:36:44.552+0000] {logging_mixin.py:117} INFO - [2022-10-03T12:36:44.552+0000] {dag.py:3328} INFO - Setting next_dagrun for example_branch_operator to 2022-10-02T00:00:00+00:00, run_after=2022-10-03T00:00:00+00:00
[2022-10-03T12:36:44.581+0000] {processor.py:178} INFO - Processing /home/airflow/.local/lib/python3.7/site-packages/airflow/example_dags/example_branch_operator.py took 0.137 seconds
[2022-10-03T12:37:14.887+0000] {processor.py:156} INFO - Started process (PID=5396) to work on /home/airflow/.local/lib/python3.7/site-packages/airflow/example_dags/example_branch_operator.py
[2022-10-03T12:37:14.888+0000] {processor.py:758} INFO - Processing file /home/airflow/.local/lib/python3.7/site-packages/airflow/example_dags/example_branch_operator.py for tasks to queue
[2022-10-03T12:37:14.888+0000] {logging_mixin.py:117} INFO - [2022-10-03T12:37:14.888+0000] {dagbag.py:525} INFO - Filling up the DagBag from /home/airflow/.local/lib/python3.7/site-packages/airflow/example_dags/example_branch_operator.py
[2022-10-03T12:37:14.909+0000] {processor.py:768} INFO - DAG(s) dict_keys(['example_branch_operator']) retrieved from /home/airflow/.local/lib/python3.7/site-packages/airflow/example_dags/example_branch_operator.py
[2022-10-03T12:37:14.956+0000] {logging_mixin.py:117} INFO - [2022-10-03T12:37:14.956+0000] {dag.py:2573} INFO - Sync 1 DAGs
[2022-10-03T12:37:14.988+0000] {logging_mixin.py:117} INFO - [2022-10-03T12:37:14.988+0000] {dag.py:3328} INFO - Setting next_dagrun for example_branch_operator to 2022-10-02T00:00:00+00:00, run_after=2022-10-03T00:00:00+00:00
[2022-10-03T12:37:15.021+0000] {processor.py:178} INFO - Processing /home/airflow/.local/lib/python3.7/site-packages/airflow/example_dags/example_branch_operator.py took 0.137 seconds
[2022-10-03T12:37:45.203+0000] {processor.py:156} INFO - Started process (PID=5603) to work on /home/airflow/.local/lib/python3.7/site-packages/airflow/example_dags/example_branch_operator.py
[2022-10-03T12:37:45.204+0000] {processor.py:758} INFO - Processing file /home/airflow/.local/lib/python3.7/site-packages/airflow/example_dags/example_branch_operator.py for tasks to queue
[2022-10-03T12:37:45.205+0000] {logging_mixin.py:117} INFO - [2022-10-03T12:37:45.204+0000] {dagbag.py:525} INFO - Filling up the DagBag from /home/airflow/.local/lib/python3.7/site-packages/airflow/example_dags/example_branch_operator.py
[2022-10-03T12:37:45.225+0000] {processor.py:768} INFO - DAG(s) dict_keys(['example_branch_operator']) retrieved from /home/airflow/.local/lib/python3.7/site-packages/airflow/example_dags/example_branch_operator.py
[2022-10-03T12:37:45.277+0000] {logging_mixin.py:117} INFO - [2022-10-03T12:37:45.277+0000] {dag.py:2573} INFO - Sync 1 DAGs
[2022-10-03T12:37:45.313+0000] {logging_mixin.py:117} INFO - [2022-10-03T12:37:45.312+0000] {dag.py:3328} INFO - Setting next_dagrun for example_branch_operator to 2022-10-02T00:00:00+00:00, run_after=2022-10-03T00:00:00+00:00
[2022-10-03T12:37:45.344+0000] {processor.py:178} INFO - Processing /home/airflow/.local/lib/python3.7/site-packages/airflow/example_dags/example_branch_operator.py took 0.146 seconds
[2022-10-03T12:38:16.048+0000] {processor.py:156} INFO - Started process (PID=5801) to work on /home/airflow/.local/lib/python3.7/site-packages/airflow/example_dags/example_branch_operator.py
[2022-10-03T12:38:16.049+0000] {processor.py:758} INFO - Processing file /home/airflow/.local/lib/python3.7/site-packages/airflow/example_dags/example_branch_operator.py for tasks to queue
[2022-10-03T12:38:16.051+0000] {logging_mixin.py:117} INFO - [2022-10-03T12:38:16.051+0000] {dagbag.py:525} INFO - Filling up the DagBag from /home/airflow/.local/lib/python3.7/site-packages/airflow/example_dags/example_branch_operator.py
[2022-10-03T12:38:16.099+0000] {processor.py:768} INFO - DAG(s) dict_keys(['example_branch_operator']) retrieved from /home/airflow/.local/lib/python3.7/site-packages/airflow/example_dags/example_branch_operator.py
[2022-10-03T12:38:16.220+0000] {logging_mixin.py:117} INFO - [2022-10-03T12:38:16.219+0000] {dag.py:2573} INFO - Sync 1 DAGs
[2022-10-03T12:38:16.311+0000] {logging_mixin.py:117} INFO - [2022-10-03T12:38:16.311+0000] {dag.py:3328} INFO - Setting next_dagrun for example_branch_operator to 2022-10-02T00:00:00+00:00, run_after=2022-10-03T00:00:00+00:00
[2022-10-03T12:38:16.376+0000] {processor.py:178} INFO - Processing /home/airflow/.local/lib/python3.7/site-packages/airflow/example_dags/example_branch_operator.py took 0.336 seconds
[2022-10-03T12:38:46.535+0000] {processor.py:156} INFO - Started process (PID=6010) to work on /home/airflow/.local/lib/python3.7/site-packages/airflow/example_dags/example_branch_operator.py
[2022-10-03T12:38:46.537+0000] {processor.py:758} INFO - Processing file /home/airflow/.local/lib/python3.7/site-packages/airflow/example_dags/example_branch_operator.py for tasks to queue
[2022-10-03T12:38:46.539+0000] {logging_mixin.py:117} INFO - [2022-10-03T12:38:46.539+0000] {dagbag.py:525} INFO - Filling up the DagBag from /home/airflow/.local/lib/python3.7/site-packages/airflow/example_dags/example_branch_operator.py
[2022-10-03T12:38:46.583+0000] {processor.py:768} INFO - DAG(s) dict_keys(['example_branch_operator']) retrieved from /home/airflow/.local/lib/python3.7/site-packages/airflow/example_dags/example_branch_operator.py
[2022-10-03T12:38:46.680+0000] {logging_mixin.py:117} INFO - [2022-10-03T12:38:46.680+0000] {dag.py:2573} INFO - Sync 1 DAGs
[2022-10-03T12:38:46.774+0000] {logging_mixin.py:117} INFO - [2022-10-03T12:38:46.774+0000] {dag.py:3328} INFO - Setting next_dagrun for example_branch_operator to 2022-10-02T00:00:00+00:00, run_after=2022-10-03T00:00:00+00:00
[2022-10-03T12:38:46.833+0000] {processor.py:178} INFO - Processing /home/airflow/.local/lib/python3.7/site-packages/airflow/example_dags/example_branch_operator.py took 0.303 seconds
[2022-10-03T12:39:17.312+0000] {processor.py:156} INFO - Started process (PID=6206) to work on /home/airflow/.local/lib/python3.7/site-packages/airflow/example_dags/example_branch_operator.py
[2022-10-03T12:39:17.313+0000] {processor.py:758} INFO - Processing file /home/airflow/.local/lib/python3.7/site-packages/airflow/example_dags/example_branch_operator.py for tasks to queue
[2022-10-03T12:39:17.314+0000] {logging_mixin.py:117} INFO - [2022-10-03T12:39:17.314+0000] {dagbag.py:525} INFO - Filling up the DagBag from /home/airflow/.local/lib/python3.7/site-packages/airflow/example_dags/example_branch_operator.py
[2022-10-03T12:39:17.344+0000] {processor.py:768} INFO - DAG(s) dict_keys(['example_branch_operator']) retrieved from /home/airflow/.local/lib/python3.7/site-packages/airflow/example_dags/example_branch_operator.py
[2022-10-03T12:39:17.399+0000] {logging_mixin.py:117} INFO - [2022-10-03T12:39:17.399+0000] {dag.py:2573} INFO - Sync 1 DAGs
[2022-10-03T12:39:17.432+0000] {logging_mixin.py:117} INFO - [2022-10-03T12:39:17.432+0000] {dag.py:3328} INFO - Setting next_dagrun for example_branch_operator to 2022-10-02T00:00:00+00:00, run_after=2022-10-03T00:00:00+00:00
[2022-10-03T12:39:17.462+0000] {processor.py:178} INFO - Processing /home/airflow/.local/lib/python3.7/site-packages/airflow/example_dags/example_branch_operator.py took 0.152 seconds
[2022-10-03T12:39:48.283+0000] {processor.py:156} INFO - Started process (PID=6413) to work on /home/airflow/.local/lib/python3.7/site-packages/airflow/example_dags/example_branch_operator.py
[2022-10-03T12:39:48.284+0000] {processor.py:758} INFO - Processing file /home/airflow/.local/lib/python3.7/site-packages/airflow/example_dags/example_branch_operator.py for tasks to queue
[2022-10-03T12:39:48.285+0000] {logging_mixin.py:117} INFO - [2022-10-03T12:39:48.285+0000] {dagbag.py:525} INFO - Filling up the DagBag from /home/airflow/.local/lib/python3.7/site-packages/airflow/example_dags/example_branch_operator.py
[2022-10-03T12:39:48.304+0000] {processor.py:768} INFO - DAG(s) dict_keys(['example_branch_operator']) retrieved from /home/airflow/.local/lib/python3.7/site-packages/airflow/example_dags/example_branch_operator.py
[2022-10-03T12:39:48.351+0000] {logging_mixin.py:117} INFO - [2022-10-03T12:39:48.351+0000] {dag.py:2573} INFO - Sync 1 DAGs
[2022-10-03T12:39:48.384+0000] {logging_mixin.py:117} INFO - [2022-10-03T12:39:48.383+0000] {dag.py:3328} INFO - Setting next_dagrun for example_branch_operator to 2022-10-02T00:00:00+00:00, run_after=2022-10-03T00:00:00+00:00
[2022-10-03T12:39:48.413+0000] {processor.py:178} INFO - Processing /home/airflow/.local/lib/python3.7/site-packages/airflow/example_dags/example_branch_operator.py took 0.133 seconds
[2022-10-03T12:40:18.794+0000] {processor.py:156} INFO - Started process (PID=6620) to work on /home/airflow/.local/lib/python3.7/site-packages/airflow/example_dags/example_branch_operator.py
[2022-10-03T12:40:18.795+0000] {processor.py:758} INFO - Processing file /home/airflow/.local/lib/python3.7/site-packages/airflow/example_dags/example_branch_operator.py for tasks to queue
[2022-10-03T12:40:18.796+0000] {logging_mixin.py:117} INFO - [2022-10-03T12:40:18.796+0000] {dagbag.py:525} INFO - Filling up the DagBag from /home/airflow/.local/lib/python3.7/site-packages/airflow/example_dags/example_branch_operator.py
[2022-10-03T12:40:18.826+0000] {processor.py:768} INFO - DAG(s) dict_keys(['example_branch_operator']) retrieved from /home/airflow/.local/lib/python3.7/site-packages/airflow/example_dags/example_branch_operator.py
[2022-10-03T12:40:18.940+0000] {logging_mixin.py:117} INFO - [2022-10-03T12:40:18.940+0000] {dag.py:2573} INFO - Sync 1 DAGs
[2022-10-03T12:40:19.036+0000] {logging_mixin.py:117} INFO - [2022-10-03T12:40:19.035+0000] {dag.py:3328} INFO - Setting next_dagrun for example_branch_operator to 2022-10-02T00:00:00+00:00, run_after=2022-10-03T00:00:00+00:00
[2022-10-03T12:40:19.084+0000] {processor.py:178} INFO - Processing /home/airflow/.local/lib/python3.7/site-packages/airflow/example_dags/example_branch_operator.py took 0.295 seconds
[2022-10-03T12:40:49.772+0000] {processor.py:156} INFO - Started process (PID=6818) to work on /home/airflow/.local/lib/python3.7/site-packages/airflow/example_dags/example_branch_operator.py
[2022-10-03T12:40:49.774+0000] {processor.py:758} INFO - Processing file /home/airflow/.local/lib/python3.7/site-packages/airflow/example_dags/example_branch_operator.py for tasks to queue
[2022-10-03T12:40:49.775+0000] {logging_mixin.py:117} INFO - [2022-10-03T12:40:49.775+0000] {dagbag.py:525} INFO - Filling up the DagBag from /home/airflow/.local/lib/python3.7/site-packages/airflow/example_dags/example_branch_operator.py
[2022-10-03T12:40:49.838+0000] {processor.py:768} INFO - DAG(s) dict_keys(['example_branch_operator']) retrieved from /home/airflow/.local/lib/python3.7/site-packages/airflow/example_dags/example_branch_operator.py
[2022-10-03T12:40:49.957+0000] {logging_mixin.py:117} INFO - [2022-10-03T12:40:49.957+0000] {dag.py:2573} INFO - Sync 1 DAGs
[2022-10-03T12:40:50.045+0000] {logging_mixin.py:117} INFO - [2022-10-03T12:40:50.044+0000] {dag.py:3328} INFO - Setting next_dagrun for example_branch_operator to 2022-10-02T00:00:00+00:00, run_after=2022-10-03T00:00:00+00:00
[2022-10-03T12:40:50.095+0000] {processor.py:178} INFO - Processing /home/airflow/.local/lib/python3.7/site-packages/airflow/example_dags/example_branch_operator.py took 0.333 seconds
[2022-10-03T12:41:20.182+0000] {processor.py:156} INFO - Started process (PID=7025) to work on /home/airflow/.local/lib/python3.7/site-packages/airflow/example_dags/example_branch_operator.py
[2022-10-03T12:41:20.183+0000] {processor.py:758} INFO - Processing file /home/airflow/.local/lib/python3.7/site-packages/airflow/example_dags/example_branch_operator.py for tasks to queue
[2022-10-03T12:41:20.184+0000] {logging_mixin.py:117} INFO - [2022-10-03T12:41:20.184+0000] {dagbag.py:525} INFO - Filling up the DagBag from /home/airflow/.local/lib/python3.7/site-packages/airflow/example_dags/example_branch_operator.py
[2022-10-03T12:41:20.207+0000] {processor.py:768} INFO - DAG(s) dict_keys(['example_branch_operator']) retrieved from /home/airflow/.local/lib/python3.7/site-packages/airflow/example_dags/example_branch_operator.py
[2022-10-03T12:41:20.257+0000] {logging_mixin.py:117} INFO - [2022-10-03T12:41:20.257+0000] {dag.py:2573} INFO - Sync 1 DAGs
[2022-10-03T12:41:20.290+0000] {logging_mixin.py:117} INFO - [2022-10-03T12:41:20.290+0000] {dag.py:3328} INFO - Setting next_dagrun for example_branch_operator to 2022-10-02T00:00:00+00:00, run_after=2022-10-03T00:00:00+00:00
[2022-10-03T12:41:20.317+0000] {processor.py:178} INFO - Processing /home/airflow/.local/lib/python3.7/site-packages/airflow/example_dags/example_branch_operator.py took 0.138 seconds
[2022-10-03T12:41:50.358+0000] {processor.py:156} INFO - Started process (PID=7218) to work on /home/airflow/.local/lib/python3.7/site-packages/airflow/example_dags/example_branch_operator.py
[2022-10-03T12:41:50.359+0000] {processor.py:758} INFO - Processing file /home/airflow/.local/lib/python3.7/site-packages/airflow/example_dags/example_branch_operator.py for tasks to queue
[2022-10-03T12:41:50.360+0000] {logging_mixin.py:117} INFO - [2022-10-03T12:41:50.360+0000] {dagbag.py:525} INFO - Filling up the DagBag from /home/airflow/.local/lib/python3.7/site-packages/airflow/example_dags/example_branch_operator.py
[2022-10-03T12:41:50.392+0000] {processor.py:768} INFO - DAG(s) dict_keys(['example_branch_operator']) retrieved from /home/airflow/.local/lib/python3.7/site-packages/airflow/example_dags/example_branch_operator.py
[2022-10-03T12:41:50.464+0000] {logging_mixin.py:117} INFO - [2022-10-03T12:41:50.463+0000] {dag.py:2573} INFO - Sync 1 DAGs
[2022-10-03T12:41:50.515+0000] {logging_mixin.py:117} INFO - [2022-10-03T12:41:50.515+0000] {dag.py:3328} INFO - Setting next_dagrun for example_branch_operator to 2022-10-02T00:00:00+00:00, run_after=2022-10-03T00:00:00+00:00
[2022-10-03T12:41:50.547+0000] {processor.py:178} INFO - Processing /home/airflow/.local/lib/python3.7/site-packages/airflow/example_dags/example_branch_operator.py took 0.194 seconds
[2022-10-03T12:42:20.899+0000] {processor.py:156} INFO - Started process (PID=7430) to work on /home/airflow/.local/lib/python3.7/site-packages/airflow/example_dags/example_branch_operator.py
[2022-10-03T12:42:20.901+0000] {processor.py:758} INFO - Processing file /home/airflow/.local/lib/python3.7/site-packages/airflow/example_dags/example_branch_operator.py for tasks to queue
[2022-10-03T12:42:20.902+0000] {logging_mixin.py:117} INFO - [2022-10-03T12:42:20.902+0000] {dagbag.py:525} INFO - Filling up the DagBag from /home/airflow/.local/lib/python3.7/site-packages/airflow/example_dags/example_branch_operator.py
[2022-10-03T12:42:20.942+0000] {processor.py:768} INFO - DAG(s) dict_keys(['example_branch_operator']) retrieved from /home/airflow/.local/lib/python3.7/site-packages/airflow/example_dags/example_branch_operator.py
[2022-10-03T12:42:21.033+0000] {logging_mixin.py:117} INFO - [2022-10-03T12:42:21.032+0000] {dag.py:2573} INFO - Sync 1 DAGs
[2022-10-03T12:42:21.096+0000] {logging_mixin.py:117} INFO - [2022-10-03T12:42:21.096+0000] {dag.py:3328} INFO - Setting next_dagrun for example_branch_operator to 2022-10-02T00:00:00+00:00, run_after=2022-10-03T00:00:00+00:00
[2022-10-03T12:42:21.142+0000] {processor.py:178} INFO - Processing /home/airflow/.local/lib/python3.7/site-packages/airflow/example_dags/example_branch_operator.py took 0.249 seconds
[2022-10-03T12:42:51.194+0000] {processor.py:156} INFO - Started process (PID=7628) to work on /home/airflow/.local/lib/python3.7/site-packages/airflow/example_dags/example_branch_operator.py
[2022-10-03T12:42:51.194+0000] {processor.py:758} INFO - Processing file /home/airflow/.local/lib/python3.7/site-packages/airflow/example_dags/example_branch_operator.py for tasks to queue
[2022-10-03T12:42:51.195+0000] {logging_mixin.py:117} INFO - [2022-10-03T12:42:51.195+0000] {dagbag.py:525} INFO - Filling up the DagBag from /home/airflow/.local/lib/python3.7/site-packages/airflow/example_dags/example_branch_operator.py
[2022-10-03T12:42:51.214+0000] {processor.py:768} INFO - DAG(s) dict_keys(['example_branch_operator']) retrieved from /home/airflow/.local/lib/python3.7/site-packages/airflow/example_dags/example_branch_operator.py
[2022-10-03T12:42:51.259+0000] {logging_mixin.py:117} INFO - [2022-10-03T12:42:51.259+0000] {dag.py:2573} INFO - Sync 1 DAGs
[2022-10-03T12:42:51.287+0000] {logging_mixin.py:117} INFO - [2022-10-03T12:42:51.286+0000] {dag.py:3328} INFO - Setting next_dagrun for example_branch_operator to 2022-10-02T00:00:00+00:00, run_after=2022-10-03T00:00:00+00:00
[2022-10-03T12:42:51.312+0000] {processor.py:178} INFO - Processing /home/airflow/.local/lib/python3.7/site-packages/airflow/example_dags/example_branch_operator.py took 0.122 seconds
[2022-10-03T12:43:21.577+0000] {processor.py:156} INFO - Started process (PID=7837) to work on /home/airflow/.local/lib/python3.7/site-packages/airflow/example_dags/example_branch_operator.py
[2022-10-03T12:43:21.578+0000] {processor.py:758} INFO - Processing file /home/airflow/.local/lib/python3.7/site-packages/airflow/example_dags/example_branch_operator.py for tasks to queue
[2022-10-03T12:43:21.579+0000] {logging_mixin.py:117} INFO - [2022-10-03T12:43:21.578+0000] {dagbag.py:525} INFO - Filling up the DagBag from /home/airflow/.local/lib/python3.7/site-packages/airflow/example_dags/example_branch_operator.py
[2022-10-03T12:43:21.603+0000] {processor.py:768} INFO - DAG(s) dict_keys(['example_branch_operator']) retrieved from /home/airflow/.local/lib/python3.7/site-packages/airflow/example_dags/example_branch_operator.py
[2022-10-03T12:43:21.660+0000] {logging_mixin.py:117} INFO - [2022-10-03T12:43:21.659+0000] {dag.py:2573} INFO - Sync 1 DAGs
[2022-10-03T12:43:21.692+0000] {logging_mixin.py:117} INFO - [2022-10-03T12:43:21.692+0000] {dag.py:3328} INFO - Setting next_dagrun for example_branch_operator to 2022-10-02T00:00:00+00:00, run_after=2022-10-03T00:00:00+00:00
[2022-10-03T12:43:21.714+0000] {processor.py:178} INFO - Processing /home/airflow/.local/lib/python3.7/site-packages/airflow/example_dags/example_branch_operator.py took 0.142 seconds
[2022-10-03T12:43:52.150+0000] {processor.py:156} INFO - Started process (PID=8044) to work on /home/airflow/.local/lib/python3.7/site-packages/airflow/example_dags/example_branch_operator.py
[2022-10-03T12:43:52.151+0000] {processor.py:758} INFO - Processing file /home/airflow/.local/lib/python3.7/site-packages/airflow/example_dags/example_branch_operator.py for tasks to queue
[2022-10-03T12:43:52.152+0000] {logging_mixin.py:117} INFO - [2022-10-03T12:43:52.151+0000] {dagbag.py:525} INFO - Filling up the DagBag from /home/airflow/.local/lib/python3.7/site-packages/airflow/example_dags/example_branch_operator.py
[2022-10-03T12:43:52.170+0000] {processor.py:768} INFO - DAG(s) dict_keys(['example_branch_operator']) retrieved from /home/airflow/.local/lib/python3.7/site-packages/airflow/example_dags/example_branch_operator.py
[2022-10-03T12:43:52.211+0000] {logging_mixin.py:117} INFO - [2022-10-03T12:43:52.211+0000] {dag.py:2573} INFO - Sync 1 DAGs
[2022-10-03T12:43:52.241+0000] {logging_mixin.py:117} INFO - [2022-10-03T12:43:52.241+0000] {dag.py:3328} INFO - Setting next_dagrun for example_branch_operator to 2022-10-02T00:00:00+00:00, run_after=2022-10-03T00:00:00+00:00
[2022-10-03T12:43:52.266+0000] {processor.py:178} INFO - Processing /home/airflow/.local/lib/python3.7/site-packages/airflow/example_dags/example_branch_operator.py took 0.120 seconds
[2022-10-03T12:44:22.330+0000] {processor.py:156} INFO - Started process (PID=8242) to work on /home/airflow/.local/lib/python3.7/site-packages/airflow/example_dags/example_branch_operator.py
[2022-10-03T12:44:22.331+0000] {processor.py:758} INFO - Processing file /home/airflow/.local/lib/python3.7/site-packages/airflow/example_dags/example_branch_operator.py for tasks to queue
[2022-10-03T12:44:22.332+0000] {logging_mixin.py:117} INFO - [2022-10-03T12:44:22.332+0000] {dagbag.py:525} INFO - Filling up the DagBag from /home/airflow/.local/lib/python3.7/site-packages/airflow/example_dags/example_branch_operator.py
[2022-10-03T12:44:22.350+0000] {processor.py:768} INFO - DAG(s) dict_keys(['example_branch_operator']) retrieved from /home/airflow/.local/lib/python3.7/site-packages/airflow/example_dags/example_branch_operator.py
[2022-10-03T12:44:22.393+0000] {logging_mixin.py:117} INFO - [2022-10-03T12:44:22.393+0000] {dag.py:2573} INFO - Sync 1 DAGs
[2022-10-03T12:44:22.425+0000] {logging_mixin.py:117} INFO - [2022-10-03T12:44:22.425+0000] {dag.py:3328} INFO - Setting next_dagrun for example_branch_operator to 2022-10-02T00:00:00+00:00, run_after=2022-10-03T00:00:00+00:00
[2022-10-03T12:44:22.450+0000] {processor.py:178} INFO - Processing /home/airflow/.local/lib/python3.7/site-packages/airflow/example_dags/example_branch_operator.py took 0.122 seconds
[2022-10-03T12:44:52.825+0000] {processor.py:156} INFO - Started process (PID=8447) to work on /home/airflow/.local/lib/python3.7/site-packages/airflow/example_dags/example_branch_operator.py
[2022-10-03T12:44:52.826+0000] {processor.py:758} INFO - Processing file /home/airflow/.local/lib/python3.7/site-packages/airflow/example_dags/example_branch_operator.py for tasks to queue
[2022-10-03T12:44:52.827+0000] {logging_mixin.py:117} INFO - [2022-10-03T12:44:52.827+0000] {dagbag.py:525} INFO - Filling up the DagBag from /home/airflow/.local/lib/python3.7/site-packages/airflow/example_dags/example_branch_operator.py
[2022-10-03T12:44:52.847+0000] {processor.py:768} INFO - DAG(s) dict_keys(['example_branch_operator']) retrieved from /home/airflow/.local/lib/python3.7/site-packages/airflow/example_dags/example_branch_operator.py
[2022-10-03T12:44:52.896+0000] {logging_mixin.py:117} INFO - [2022-10-03T12:44:52.896+0000] {dag.py:2573} INFO - Sync 1 DAGs
[2022-10-03T12:44:52.926+0000] {logging_mixin.py:117} INFO - [2022-10-03T12:44:52.926+0000] {dag.py:3328} INFO - Setting next_dagrun for example_branch_operator to 2022-10-02T00:00:00+00:00, run_after=2022-10-03T00:00:00+00:00
[2022-10-03T12:44:52.949+0000] {processor.py:178} INFO - Processing /home/airflow/.local/lib/python3.7/site-packages/airflow/example_dags/example_branch_operator.py took 0.128 seconds
[2022-10-03T12:45:23.441+0000] {processor.py:156} INFO - Started process (PID=8646) to work on /home/airflow/.local/lib/python3.7/site-packages/airflow/example_dags/example_branch_operator.py
[2022-10-03T12:45:23.442+0000] {processor.py:758} INFO - Processing file /home/airflow/.local/lib/python3.7/site-packages/airflow/example_dags/example_branch_operator.py for tasks to queue
[2022-10-03T12:45:23.443+0000] {logging_mixin.py:117} INFO - [2022-10-03T12:45:23.443+0000] {dagbag.py:525} INFO - Filling up the DagBag from /home/airflow/.local/lib/python3.7/site-packages/airflow/example_dags/example_branch_operator.py
[2022-10-03T12:45:23.464+0000] {processor.py:768} INFO - DAG(s) dict_keys(['example_branch_operator']) retrieved from /home/airflow/.local/lib/python3.7/site-packages/airflow/example_dags/example_branch_operator.py
[2022-10-03T12:45:23.508+0000] {logging_mixin.py:117} INFO - [2022-10-03T12:45:23.508+0000] {dag.py:2573} INFO - Sync 1 DAGs
[2022-10-03T12:45:23.541+0000] {logging_mixin.py:117} INFO - [2022-10-03T12:45:23.541+0000] {dag.py:3328} INFO - Setting next_dagrun for example_branch_operator to 2022-10-02T00:00:00+00:00, run_after=2022-10-03T00:00:00+00:00
[2022-10-03T12:45:23.567+0000] {processor.py:178} INFO - Processing /home/airflow/.local/lib/python3.7/site-packages/airflow/example_dags/example_branch_operator.py took 0.130 seconds
[2022-10-03T12:45:53.765+0000] {processor.py:156} INFO - Started process (PID=8853) to work on /home/airflow/.local/lib/python3.7/site-packages/airflow/example_dags/example_branch_operator.py
[2022-10-03T12:45:53.766+0000] {processor.py:758} INFO - Processing file /home/airflow/.local/lib/python3.7/site-packages/airflow/example_dags/example_branch_operator.py for tasks to queue
[2022-10-03T12:45:53.767+0000] {logging_mixin.py:117} INFO - [2022-10-03T12:45:53.767+0000] {dagbag.py:525} INFO - Filling up the DagBag from /home/airflow/.local/lib/python3.7/site-packages/airflow/example_dags/example_branch_operator.py
[2022-10-03T12:45:53.785+0000] {processor.py:768} INFO - DAG(s) dict_keys(['example_branch_operator']) retrieved from /home/airflow/.local/lib/python3.7/site-packages/airflow/example_dags/example_branch_operator.py
[2022-10-03T12:45:53.830+0000] {logging_mixin.py:117} INFO - [2022-10-03T12:45:53.829+0000] {dag.py:2573} INFO - Sync 1 DAGs
[2022-10-03T12:45:53.860+0000] {logging_mixin.py:117} INFO - [2022-10-03T12:45:53.860+0000] {dag.py:3328} INFO - Setting next_dagrun for example_branch_operator to 2022-10-02T00:00:00+00:00, run_after=2022-10-03T00:00:00+00:00
[2022-10-03T12:45:53.890+0000] {processor.py:178} INFO - Processing /home/airflow/.local/lib/python3.7/site-packages/airflow/example_dags/example_branch_operator.py took 0.128 seconds
