[2022-10-03T12:24:25.920+0000] {processor.py:156} INFO - Started process (PID=293) to work on /home/airflow/.local/lib/python3.7/site-packages/airflow/example_dags/example_bash_operator.py
[2022-10-03T12:24:25.921+0000] {processor.py:758} INFO - Processing file /home/airflow/.local/lib/python3.7/site-packages/airflow/example_dags/example_bash_operator.py for tasks to queue
[2022-10-03T12:24:25.922+0000] {logging_mixin.py:117} INFO - [2022-10-03T12:24:25.922+0000] {dagbag.py:525} INFO - Filling up the DagBag from /home/airflow/.local/lib/python3.7/site-packages/airflow/example_dags/example_bash_operator.py
[2022-10-03T12:24:25.978+0000] {processor.py:768} INFO - DAG(s) dict_keys(['example_bash_operator']) retrieved from /home/airflow/.local/lib/python3.7/site-packages/airflow/example_dags/example_bash_operator.py
[2022-10-03T12:24:26.087+0000] {logging_mixin.py:117} INFO - [2022-10-03T12:24:26.086+0000] {dag.py:2573} INFO - Sync 1 DAGs
[2022-10-03T12:24:26.150+0000] {logging_mixin.py:117} INFO - [2022-10-03T12:24:26.150+0000] {dag.py:3328} INFO - Setting next_dagrun for example_bash_operator to 2022-10-02T00:00:00+00:00, run_after=2022-10-03T00:00:00+00:00
[2022-10-03T12:24:26.209+0000] {processor.py:178} INFO - Processing /home/airflow/.local/lib/python3.7/site-packages/airflow/example_dags/example_bash_operator.py took 0.296 seconds
[2022-10-03T12:24:57.804+0000] {processor.py:156} INFO - Started process (PID=501) to work on /home/airflow/.local/lib/python3.7/site-packages/airflow/example_dags/example_bash_operator.py
[2022-10-03T12:24:57.807+0000] {processor.py:758} INFO - Processing file /home/airflow/.local/lib/python3.7/site-packages/airflow/example_dags/example_bash_operator.py for tasks to queue
[2022-10-03T12:24:57.808+0000] {logging_mixin.py:117} INFO - [2022-10-03T12:24:57.808+0000] {dagbag.py:525} INFO - Filling up the DagBag from /home/airflow/.local/lib/python3.7/site-packages/airflow/example_dags/example_bash_operator.py
[2022-10-03T12:24:57.861+0000] {processor.py:768} INFO - DAG(s) dict_keys(['example_bash_operator']) retrieved from /home/airflow/.local/lib/python3.7/site-packages/airflow/example_dags/example_bash_operator.py
[2022-10-03T12:24:57.970+0000] {logging_mixin.py:117} INFO - [2022-10-03T12:24:57.970+0000] {dag.py:2573} INFO - Sync 1 DAGs
[2022-10-03T12:24:58.239+0000] {logging_mixin.py:117} INFO - [2022-10-03T12:24:58.238+0000] {dag.py:3328} INFO - Setting next_dagrun for example_bash_operator to 2022-10-02T00:00:00+00:00, run_after=2022-10-03T00:00:00+00:00
[2022-10-03T12:24:58.319+0000] {processor.py:178} INFO - Processing /home/airflow/.local/lib/python3.7/site-packages/airflow/example_dags/example_bash_operator.py took 0.520 seconds
[2022-10-03T12:25:28.586+0000] {processor.py:156} INFO - Started process (PID=700) to work on /home/airflow/.local/lib/python3.7/site-packages/airflow/example_dags/example_bash_operator.py
[2022-10-03T12:25:28.589+0000] {processor.py:758} INFO - Processing file /home/airflow/.local/lib/python3.7/site-packages/airflow/example_dags/example_bash_operator.py for tasks to queue
[2022-10-03T12:25:28.590+0000] {logging_mixin.py:117} INFO - [2022-10-03T12:25:28.590+0000] {dagbag.py:525} INFO - Filling up the DagBag from /home/airflow/.local/lib/python3.7/site-packages/airflow/example_dags/example_bash_operator.py
[2022-10-03T12:25:28.646+0000] {processor.py:768} INFO - DAG(s) dict_keys(['example_bash_operator']) retrieved from /home/airflow/.local/lib/python3.7/site-packages/airflow/example_dags/example_bash_operator.py
[2022-10-03T12:25:28.758+0000] {logging_mixin.py:117} INFO - [2022-10-03T12:25:28.757+0000] {dag.py:2573} INFO - Sync 1 DAGs
[2022-10-03T12:25:29.018+0000] {logging_mixin.py:117} INFO - [2022-10-03T12:25:29.018+0000] {dag.py:3328} INFO - Setting next_dagrun for example_bash_operator to 2022-10-02T00:00:00+00:00, run_after=2022-10-03T00:00:00+00:00
[2022-10-03T12:25:29.069+0000] {processor.py:178} INFO - Processing /home/airflow/.local/lib/python3.7/site-packages/airflow/example_dags/example_bash_operator.py took 0.490 seconds
[2022-10-03T12:25:59.471+0000] {processor.py:156} INFO - Started process (PID=905) to work on /home/airflow/.local/lib/python3.7/site-packages/airflow/example_dags/example_bash_operator.py
[2022-10-03T12:25:59.473+0000] {processor.py:758} INFO - Processing file /home/airflow/.local/lib/python3.7/site-packages/airflow/example_dags/example_bash_operator.py for tasks to queue
[2022-10-03T12:25:59.475+0000] {logging_mixin.py:117} INFO - [2022-10-03T12:25:59.474+0000] {dagbag.py:525} INFO - Filling up the DagBag from /home/airflow/.local/lib/python3.7/site-packages/airflow/example_dags/example_bash_operator.py
[2022-10-03T12:25:59.526+0000] {processor.py:768} INFO - DAG(s) dict_keys(['example_bash_operator']) retrieved from /home/airflow/.local/lib/python3.7/site-packages/airflow/example_dags/example_bash_operator.py
[2022-10-03T12:26:00.044+0000] {logging_mixin.py:117} INFO - [2022-10-03T12:26:00.044+0000] {dag.py:2573} INFO - Sync 1 DAGs
[2022-10-03T12:26:00.145+0000] {logging_mixin.py:117} INFO - [2022-10-03T12:26:00.144+0000] {dag.py:3328} INFO - Setting next_dagrun for example_bash_operator to 2022-10-02T00:00:00+00:00, run_after=2022-10-03T00:00:00+00:00
[2022-10-03T12:26:00.198+0000] {processor.py:178} INFO - Processing /home/airflow/.local/lib/python3.7/site-packages/airflow/example_dags/example_bash_operator.py took 0.731 seconds
[2022-10-03T12:26:31.984+0000] {processor.py:156} INFO - Started process (PID=1102) to work on /home/airflow/.local/lib/python3.7/site-packages/airflow/example_dags/example_bash_operator.py
[2022-10-03T12:26:31.986+0000] {processor.py:758} INFO - Processing file /home/airflow/.local/lib/python3.7/site-packages/airflow/example_dags/example_bash_operator.py for tasks to queue
[2022-10-03T12:26:31.989+0000] {logging_mixin.py:117} INFO - [2022-10-03T12:26:31.989+0000] {dagbag.py:525} INFO - Filling up the DagBag from /home/airflow/.local/lib/python3.7/site-packages/airflow/example_dags/example_bash_operator.py
[2022-10-03T12:26:32.043+0000] {processor.py:768} INFO - DAG(s) dict_keys(['example_bash_operator']) retrieved from /home/airflow/.local/lib/python3.7/site-packages/airflow/example_dags/example_bash_operator.py
[2022-10-03T12:26:32.392+0000] {logging_mixin.py:117} INFO - [2022-10-03T12:26:32.392+0000] {dag.py:2573} INFO - Sync 1 DAGs
[2022-10-03T12:26:32.466+0000] {logging_mixin.py:117} INFO - [2022-10-03T12:26:32.466+0000] {dag.py:3328} INFO - Setting next_dagrun for example_bash_operator to 2022-10-02T00:00:00+00:00, run_after=2022-10-03T00:00:00+00:00
[2022-10-03T12:26:32.515+0000] {processor.py:178} INFO - Processing /home/airflow/.local/lib/python3.7/site-packages/airflow/example_dags/example_bash_operator.py took 0.537 seconds
[2022-10-03T12:27:02.656+0000] {processor.py:156} INFO - Started process (PID=1328) to work on /home/airflow/.local/lib/python3.7/site-packages/airflow/example_dags/example_bash_operator.py
[2022-10-03T12:27:02.656+0000] {processor.py:758} INFO - Processing file /home/airflow/.local/lib/python3.7/site-packages/airflow/example_dags/example_bash_operator.py for tasks to queue
[2022-10-03T12:27:02.657+0000] {logging_mixin.py:117} INFO - [2022-10-03T12:27:02.657+0000] {dagbag.py:525} INFO - Filling up the DagBag from /home/airflow/.local/lib/python3.7/site-packages/airflow/example_dags/example_bash_operator.py
[2022-10-03T12:27:02.789+0000] {processor.py:768} INFO - DAG(s) dict_keys(['example_bash_operator']) retrieved from /home/airflow/.local/lib/python3.7/site-packages/airflow/example_dags/example_bash_operator.py
[2022-10-03T12:27:02.830+0000] {logging_mixin.py:117} INFO - [2022-10-03T12:27:02.830+0000] {dag.py:2573} INFO - Sync 1 DAGs
[2022-10-03T12:27:02.858+0000] {logging_mixin.py:117} INFO - [2022-10-03T12:27:02.858+0000] {dag.py:3328} INFO - Setting next_dagrun for example_bash_operator to 2022-10-03T00:00:00+00:00, run_after=2022-10-04T00:00:00+00:00
[2022-10-03T12:27:02.880+0000] {processor.py:178} INFO - Processing /home/airflow/.local/lib/python3.7/site-packages/airflow/example_dags/example_bash_operator.py took 0.227 seconds
[2022-10-03T12:27:33.199+0000] {processor.py:156} INFO - Started process (PID=1545) to work on /home/airflow/.local/lib/python3.7/site-packages/airflow/example_dags/example_bash_operator.py
[2022-10-03T12:27:33.200+0000] {processor.py:758} INFO - Processing file /home/airflow/.local/lib/python3.7/site-packages/airflow/example_dags/example_bash_operator.py for tasks to queue
[2022-10-03T12:27:33.200+0000] {logging_mixin.py:117} INFO - [2022-10-03T12:27:33.200+0000] {dagbag.py:525} INFO - Filling up the DagBag from /home/airflow/.local/lib/python3.7/site-packages/airflow/example_dags/example_bash_operator.py
[2022-10-03T12:27:33.221+0000] {processor.py:768} INFO - DAG(s) dict_keys(['example_bash_operator']) retrieved from /home/airflow/.local/lib/python3.7/site-packages/airflow/example_dags/example_bash_operator.py
[2022-10-03T12:27:33.265+0000] {logging_mixin.py:117} INFO - [2022-10-03T12:27:33.265+0000] {dag.py:2573} INFO - Sync 1 DAGs
[2022-10-03T12:27:33.290+0000] {logging_mixin.py:117} INFO - [2022-10-03T12:27:33.290+0000] {dag.py:3328} INFO - Setting next_dagrun for example_bash_operator to 2022-10-03T00:00:00+00:00, run_after=2022-10-04T00:00:00+00:00
[2022-10-03T12:27:33.313+0000] {processor.py:178} INFO - Processing /home/airflow/.local/lib/python3.7/site-packages/airflow/example_dags/example_bash_operator.py took 0.117 seconds
[2022-10-03T12:28:03.848+0000] {processor.py:156} INFO - Started process (PID=1752) to work on /home/airflow/.local/lib/python3.7/site-packages/airflow/example_dags/example_bash_operator.py
[2022-10-03T12:28:03.849+0000] {processor.py:758} INFO - Processing file /home/airflow/.local/lib/python3.7/site-packages/airflow/example_dags/example_bash_operator.py for tasks to queue
[2022-10-03T12:28:03.850+0000] {logging_mixin.py:117} INFO - [2022-10-03T12:28:03.849+0000] {dagbag.py:525} INFO - Filling up the DagBag from /home/airflow/.local/lib/python3.7/site-packages/airflow/example_dags/example_bash_operator.py
[2022-10-03T12:28:03.873+0000] {processor.py:768} INFO - DAG(s) dict_keys(['example_bash_operator']) retrieved from /home/airflow/.local/lib/python3.7/site-packages/airflow/example_dags/example_bash_operator.py
[2022-10-03T12:28:03.934+0000] {logging_mixin.py:117} INFO - [2022-10-03T12:28:03.934+0000] {dag.py:2573} INFO - Sync 1 DAGs
[2022-10-03T12:28:03.965+0000] {logging_mixin.py:117} INFO - [2022-10-03T12:28:03.965+0000] {dag.py:3328} INFO - Setting next_dagrun for example_bash_operator to 2022-10-03T00:00:00+00:00, run_after=2022-10-04T00:00:00+00:00
[2022-10-03T12:28:03.988+0000] {processor.py:178} INFO - Processing /home/airflow/.local/lib/python3.7/site-packages/airflow/example_dags/example_bash_operator.py took 0.142 seconds
[2022-10-03T12:28:34.561+0000] {processor.py:156} INFO - Started process (PID=1951) to work on /home/airflow/.local/lib/python3.7/site-packages/airflow/example_dags/example_bash_operator.py
[2022-10-03T12:28:34.562+0000] {processor.py:758} INFO - Processing file /home/airflow/.local/lib/python3.7/site-packages/airflow/example_dags/example_bash_operator.py for tasks to queue
[2022-10-03T12:28:34.563+0000] {logging_mixin.py:117} INFO - [2022-10-03T12:28:34.562+0000] {dagbag.py:525} INFO - Filling up the DagBag from /home/airflow/.local/lib/python3.7/site-packages/airflow/example_dags/example_bash_operator.py
[2022-10-03T12:28:34.586+0000] {processor.py:768} INFO - DAG(s) dict_keys(['example_bash_operator']) retrieved from /home/airflow/.local/lib/python3.7/site-packages/airflow/example_dags/example_bash_operator.py
[2022-10-03T12:28:34.639+0000] {logging_mixin.py:117} INFO - [2022-10-03T12:28:34.638+0000] {dag.py:2573} INFO - Sync 1 DAGs
[2022-10-03T12:28:34.669+0000] {logging_mixin.py:117} INFO - [2022-10-03T12:28:34.669+0000] {dag.py:3328} INFO - Setting next_dagrun for example_bash_operator to 2022-10-03T00:00:00+00:00, run_after=2022-10-04T00:00:00+00:00
[2022-10-03T12:28:34.697+0000] {processor.py:178} INFO - Processing /home/airflow/.local/lib/python3.7/site-packages/airflow/example_dags/example_bash_operator.py took 0.139 seconds
[2022-10-03T12:29:05.258+0000] {processor.py:156} INFO - Started process (PID=2156) to work on /home/airflow/.local/lib/python3.7/site-packages/airflow/example_dags/example_bash_operator.py
[2022-10-03T12:29:05.259+0000] {processor.py:758} INFO - Processing file /home/airflow/.local/lib/python3.7/site-packages/airflow/example_dags/example_bash_operator.py for tasks to queue
[2022-10-03T12:29:05.260+0000] {logging_mixin.py:117} INFO - [2022-10-03T12:29:05.260+0000] {dagbag.py:525} INFO - Filling up the DagBag from /home/airflow/.local/lib/python3.7/site-packages/airflow/example_dags/example_bash_operator.py
[2022-10-03T12:29:05.288+0000] {processor.py:768} INFO - DAG(s) dict_keys(['example_bash_operator']) retrieved from /home/airflow/.local/lib/python3.7/site-packages/airflow/example_dags/example_bash_operator.py
[2022-10-03T12:29:05.351+0000] {logging_mixin.py:117} INFO - [2022-10-03T12:29:05.350+0000] {dag.py:2573} INFO - Sync 1 DAGs
[2022-10-03T12:29:05.398+0000] {logging_mixin.py:117} INFO - [2022-10-03T12:29:05.398+0000] {dag.py:3328} INFO - Setting next_dagrun for example_bash_operator to 2022-10-03T00:00:00+00:00, run_after=2022-10-04T00:00:00+00:00
[2022-10-03T12:29:05.435+0000] {processor.py:178} INFO - Processing /home/airflow/.local/lib/python3.7/site-packages/airflow/example_dags/example_bash_operator.py took 0.181 seconds
[2022-10-03T12:29:36.657+0000] {processor.py:156} INFO - Started process (PID=2363) to work on /home/airflow/.local/lib/python3.7/site-packages/airflow/example_dags/example_bash_operator.py
[2022-10-03T12:29:36.660+0000] {processor.py:758} INFO - Processing file /home/airflow/.local/lib/python3.7/site-packages/airflow/example_dags/example_bash_operator.py for tasks to queue
[2022-10-03T12:29:36.662+0000] {logging_mixin.py:117} INFO - [2022-10-03T12:29:36.661+0000] {dagbag.py:525} INFO - Filling up the DagBag from /home/airflow/.local/lib/python3.7/site-packages/airflow/example_dags/example_bash_operator.py
[2022-10-03T12:29:36.735+0000] {processor.py:768} INFO - DAG(s) dict_keys(['example_bash_operator']) retrieved from /home/airflow/.local/lib/python3.7/site-packages/airflow/example_dags/example_bash_operator.py
[2022-10-03T12:29:36.884+0000] {logging_mixin.py:117} INFO - [2022-10-03T12:29:36.883+0000] {dag.py:2573} INFO - Sync 1 DAGs
[2022-10-03T12:29:36.984+0000] {logging_mixin.py:117} INFO - [2022-10-03T12:29:36.984+0000] {dag.py:3328} INFO - Setting next_dagrun for example_bash_operator to 2022-10-03T00:00:00+00:00, run_after=2022-10-04T00:00:00+00:00
[2022-10-03T12:29:37.034+0000] {processor.py:178} INFO - Processing /home/airflow/.local/lib/python3.7/site-packages/airflow/example_dags/example_bash_operator.py took 0.384 seconds
[2022-10-03T12:30:07.148+0000] {processor.py:156} INFO - Started process (PID=2563) to work on /home/airflow/.local/lib/python3.7/site-packages/airflow/example_dags/example_bash_operator.py
[2022-10-03T12:30:07.148+0000] {processor.py:758} INFO - Processing file /home/airflow/.local/lib/python3.7/site-packages/airflow/example_dags/example_bash_operator.py for tasks to queue
[2022-10-03T12:30:07.149+0000] {logging_mixin.py:117} INFO - [2022-10-03T12:30:07.149+0000] {dagbag.py:525} INFO - Filling up the DagBag from /home/airflow/.local/lib/python3.7/site-packages/airflow/example_dags/example_bash_operator.py
[2022-10-03T12:30:07.173+0000] {processor.py:768} INFO - DAG(s) dict_keys(['example_bash_operator']) retrieved from /home/airflow/.local/lib/python3.7/site-packages/airflow/example_dags/example_bash_operator.py
[2022-10-03T12:30:07.225+0000] {logging_mixin.py:117} INFO - [2022-10-03T12:30:07.225+0000] {dag.py:2573} INFO - Sync 1 DAGs
[2022-10-03T12:30:07.255+0000] {logging_mixin.py:117} INFO - [2022-10-03T12:30:07.255+0000] {dag.py:3328} INFO - Setting next_dagrun for example_bash_operator to 2022-10-03T00:00:00+00:00, run_after=2022-10-04T00:00:00+00:00
[2022-10-03T12:30:07.281+0000] {processor.py:178} INFO - Processing /home/airflow/.local/lib/python3.7/site-packages/airflow/example_dags/example_bash_operator.py took 0.136 seconds
[2022-10-03T12:30:37.769+0000] {processor.py:156} INFO - Started process (PID=2768) to work on /home/airflow/.local/lib/python3.7/site-packages/airflow/example_dags/example_bash_operator.py
[2022-10-03T12:30:37.770+0000] {processor.py:758} INFO - Processing file /home/airflow/.local/lib/python3.7/site-packages/airflow/example_dags/example_bash_operator.py for tasks to queue
[2022-10-03T12:30:37.771+0000] {logging_mixin.py:117} INFO - [2022-10-03T12:30:37.771+0000] {dagbag.py:525} INFO - Filling up the DagBag from /home/airflow/.local/lib/python3.7/site-packages/airflow/example_dags/example_bash_operator.py
[2022-10-03T12:30:37.798+0000] {processor.py:768} INFO - DAG(s) dict_keys(['example_bash_operator']) retrieved from /home/airflow/.local/lib/python3.7/site-packages/airflow/example_dags/example_bash_operator.py
[2022-10-03T12:30:37.886+0000] {logging_mixin.py:117} INFO - [2022-10-03T12:30:37.885+0000] {dag.py:2573} INFO - Sync 1 DAGs
[2022-10-03T12:30:37.928+0000] {logging_mixin.py:117} INFO - [2022-10-03T12:30:37.928+0000] {dag.py:3328} INFO - Setting next_dagrun for example_bash_operator to 2022-10-03T00:00:00+00:00, run_after=2022-10-04T00:00:00+00:00
[2022-10-03T12:30:37.955+0000] {processor.py:178} INFO - Processing /home/airflow/.local/lib/python3.7/site-packages/airflow/example_dags/example_bash_operator.py took 0.192 seconds
[2022-10-03T12:31:08.410+0000] {processor.py:156} INFO - Started process (PID=2966) to work on /home/airflow/.local/lib/python3.7/site-packages/airflow/example_dags/example_bash_operator.py
[2022-10-03T12:31:08.411+0000] {processor.py:758} INFO - Processing file /home/airflow/.local/lib/python3.7/site-packages/airflow/example_dags/example_bash_operator.py for tasks to queue
[2022-10-03T12:31:08.412+0000] {logging_mixin.py:117} INFO - [2022-10-03T12:31:08.412+0000] {dagbag.py:525} INFO - Filling up the DagBag from /home/airflow/.local/lib/python3.7/site-packages/airflow/example_dags/example_bash_operator.py
[2022-10-03T12:31:08.436+0000] {processor.py:768} INFO - DAG(s) dict_keys(['example_bash_operator']) retrieved from /home/airflow/.local/lib/python3.7/site-packages/airflow/example_dags/example_bash_operator.py
[2022-10-03T12:31:08.492+0000] {logging_mixin.py:117} INFO - [2022-10-03T12:31:08.492+0000] {dag.py:2573} INFO - Sync 1 DAGs
[2022-10-03T12:31:08.527+0000] {logging_mixin.py:117} INFO - [2022-10-03T12:31:08.527+0000] {dag.py:3328} INFO - Setting next_dagrun for example_bash_operator to 2022-10-03T00:00:00+00:00, run_after=2022-10-04T00:00:00+00:00
[2022-10-03T12:31:08.556+0000] {processor.py:178} INFO - Processing /home/airflow/.local/lib/python3.7/site-packages/airflow/example_dags/example_bash_operator.py took 0.149 seconds
[2022-10-03T12:31:38.819+0000] {processor.py:156} INFO - Started process (PID=3173) to work on /home/airflow/.local/lib/python3.7/site-packages/airflow/example_dags/example_bash_operator.py
[2022-10-03T12:31:38.820+0000] {processor.py:758} INFO - Processing file /home/airflow/.local/lib/python3.7/site-packages/airflow/example_dags/example_bash_operator.py for tasks to queue
[2022-10-03T12:31:38.820+0000] {logging_mixin.py:117} INFO - [2022-10-03T12:31:38.820+0000] {dagbag.py:525} INFO - Filling up the DagBag from /home/airflow/.local/lib/python3.7/site-packages/airflow/example_dags/example_bash_operator.py
[2022-10-03T12:31:38.845+0000] {processor.py:768} INFO - DAG(s) dict_keys(['example_bash_operator']) retrieved from /home/airflow/.local/lib/python3.7/site-packages/airflow/example_dags/example_bash_operator.py
[2022-10-03T12:31:38.901+0000] {logging_mixin.py:117} INFO - [2022-10-03T12:31:38.901+0000] {dag.py:2573} INFO - Sync 1 DAGs
[2022-10-03T12:31:38.936+0000] {logging_mixin.py:117} INFO - [2022-10-03T12:31:38.935+0000] {dag.py:3328} INFO - Setting next_dagrun for example_bash_operator to 2022-10-03T00:00:00+00:00, run_after=2022-10-04T00:00:00+00:00
[2022-10-03T12:31:38.964+0000] {processor.py:178} INFO - Processing /home/airflow/.local/lib/python3.7/site-packages/airflow/example_dags/example_bash_operator.py took 0.148 seconds
[2022-10-03T12:32:09.002+0000] {processor.py:156} INFO - Started process (PID=3371) to work on /home/airflow/.local/lib/python3.7/site-packages/airflow/example_dags/example_bash_operator.py
[2022-10-03T12:32:09.003+0000] {processor.py:758} INFO - Processing file /home/airflow/.local/lib/python3.7/site-packages/airflow/example_dags/example_bash_operator.py for tasks to queue
[2022-10-03T12:32:09.004+0000] {logging_mixin.py:117} INFO - [2022-10-03T12:32:09.004+0000] {dagbag.py:525} INFO - Filling up the DagBag from /home/airflow/.local/lib/python3.7/site-packages/airflow/example_dags/example_bash_operator.py
[2022-10-03T12:32:09.028+0000] {processor.py:768} INFO - DAG(s) dict_keys(['example_bash_operator']) retrieved from /home/airflow/.local/lib/python3.7/site-packages/airflow/example_dags/example_bash_operator.py
[2022-10-03T12:32:09.096+0000] {logging_mixin.py:117} INFO - [2022-10-03T12:32:09.096+0000] {dag.py:2573} INFO - Sync 1 DAGs
[2022-10-03T12:32:09.129+0000] {logging_mixin.py:117} INFO - [2022-10-03T12:32:09.129+0000] {dag.py:3328} INFO - Setting next_dagrun for example_bash_operator to 2022-10-03T00:00:00+00:00, run_after=2022-10-04T00:00:00+00:00
[2022-10-03T12:32:09.157+0000] {processor.py:178} INFO - Processing /home/airflow/.local/lib/python3.7/site-packages/airflow/example_dags/example_bash_operator.py took 0.159 seconds
[2022-10-03T12:32:39.390+0000] {processor.py:156} INFO - Started process (PID=3578) to work on /home/airflow/.local/lib/python3.7/site-packages/airflow/example_dags/example_bash_operator.py
[2022-10-03T12:32:39.391+0000] {processor.py:758} INFO - Processing file /home/airflow/.local/lib/python3.7/site-packages/airflow/example_dags/example_bash_operator.py for tasks to queue
[2022-10-03T12:32:39.391+0000] {logging_mixin.py:117} INFO - [2022-10-03T12:32:39.391+0000] {dagbag.py:525} INFO - Filling up the DagBag from /home/airflow/.local/lib/python3.7/site-packages/airflow/example_dags/example_bash_operator.py
[2022-10-03T12:32:39.416+0000] {processor.py:768} INFO - DAG(s) dict_keys(['example_bash_operator']) retrieved from /home/airflow/.local/lib/python3.7/site-packages/airflow/example_dags/example_bash_operator.py
[2022-10-03T12:32:39.472+0000] {logging_mixin.py:117} INFO - [2022-10-03T12:32:39.472+0000] {dag.py:2573} INFO - Sync 1 DAGs
[2022-10-03T12:32:39.509+0000] {logging_mixin.py:117} INFO - [2022-10-03T12:32:39.509+0000] {dag.py:3328} INFO - Setting next_dagrun for example_bash_operator to 2022-10-03T00:00:00+00:00, run_after=2022-10-04T00:00:00+00:00
[2022-10-03T12:32:39.536+0000] {processor.py:178} INFO - Processing /home/airflow/.local/lib/python3.7/site-packages/airflow/example_dags/example_bash_operator.py took 0.149 seconds
[2022-10-03T12:33:10.009+0000] {processor.py:156} INFO - Started process (PID=3787) to work on /home/airflow/.local/lib/python3.7/site-packages/airflow/example_dags/example_bash_operator.py
[2022-10-03T12:33:10.011+0000] {processor.py:758} INFO - Processing file /home/airflow/.local/lib/python3.7/site-packages/airflow/example_dags/example_bash_operator.py for tasks to queue
[2022-10-03T12:33:10.011+0000] {logging_mixin.py:117} INFO - [2022-10-03T12:33:10.011+0000] {dagbag.py:525} INFO - Filling up the DagBag from /home/airflow/.local/lib/python3.7/site-packages/airflow/example_dags/example_bash_operator.py
[2022-10-03T12:33:10.036+0000] {processor.py:768} INFO - DAG(s) dict_keys(['example_bash_operator']) retrieved from /home/airflow/.local/lib/python3.7/site-packages/airflow/example_dags/example_bash_operator.py
[2022-10-03T12:33:10.091+0000] {logging_mixin.py:117} INFO - [2022-10-03T12:33:10.091+0000] {dag.py:2573} INFO - Sync 1 DAGs
[2022-10-03T12:33:10.124+0000] {logging_mixin.py:117} INFO - [2022-10-03T12:33:10.123+0000] {dag.py:3328} INFO - Setting next_dagrun for example_bash_operator to 2022-10-03T00:00:00+00:00, run_after=2022-10-04T00:00:00+00:00
[2022-10-03T12:33:10.151+0000] {processor.py:178} INFO - Processing /home/airflow/.local/lib/python3.7/site-packages/airflow/example_dags/example_bash_operator.py took 0.145 seconds
[2022-10-03T12:33:40.517+0000] {processor.py:156} INFO - Started process (PID=3983) to work on /home/airflow/.local/lib/python3.7/site-packages/airflow/example_dags/example_bash_operator.py
[2022-10-03T12:33:40.518+0000] {processor.py:758} INFO - Processing file /home/airflow/.local/lib/python3.7/site-packages/airflow/example_dags/example_bash_operator.py for tasks to queue
[2022-10-03T12:33:40.519+0000] {logging_mixin.py:117} INFO - [2022-10-03T12:33:40.519+0000] {dagbag.py:525} INFO - Filling up the DagBag from /home/airflow/.local/lib/python3.7/site-packages/airflow/example_dags/example_bash_operator.py
[2022-10-03T12:33:40.547+0000] {processor.py:768} INFO - DAG(s) dict_keys(['example_bash_operator']) retrieved from /home/airflow/.local/lib/python3.7/site-packages/airflow/example_dags/example_bash_operator.py
[2022-10-03T12:33:40.605+0000] {logging_mixin.py:117} INFO - [2022-10-03T12:33:40.604+0000] {dag.py:2573} INFO - Sync 1 DAGs
[2022-10-03T12:33:40.638+0000] {logging_mixin.py:117} INFO - [2022-10-03T12:33:40.638+0000] {dag.py:3328} INFO - Setting next_dagrun for example_bash_operator to 2022-10-03T00:00:00+00:00, run_after=2022-10-04T00:00:00+00:00
[2022-10-03T12:33:40.663+0000] {processor.py:178} INFO - Processing /home/airflow/.local/lib/python3.7/site-packages/airflow/example_dags/example_bash_operator.py took 0.151 seconds
[2022-10-03T12:34:11.715+0000] {processor.py:156} INFO - Started process (PID=4192) to work on /home/airflow/.local/lib/python3.7/site-packages/airflow/example_dags/example_bash_operator.py
[2022-10-03T12:34:11.716+0000] {processor.py:758} INFO - Processing file /home/airflow/.local/lib/python3.7/site-packages/airflow/example_dags/example_bash_operator.py for tasks to queue
[2022-10-03T12:34:11.718+0000] {logging_mixin.py:117} INFO - [2022-10-03T12:34:11.717+0000] {dagbag.py:525} INFO - Filling up the DagBag from /home/airflow/.local/lib/python3.7/site-packages/airflow/example_dags/example_bash_operator.py
[2022-10-03T12:34:11.751+0000] {processor.py:768} INFO - DAG(s) dict_keys(['example_bash_operator']) retrieved from /home/airflow/.local/lib/python3.7/site-packages/airflow/example_dags/example_bash_operator.py
[2022-10-03T12:34:11.810+0000] {logging_mixin.py:117} INFO - [2022-10-03T12:34:11.810+0000] {dag.py:2573} INFO - Sync 1 DAGs
[2022-10-03T12:34:11.840+0000] {logging_mixin.py:117} INFO - [2022-10-03T12:34:11.839+0000] {dag.py:3328} INFO - Setting next_dagrun for example_bash_operator to 2022-10-03T00:00:00+00:00, run_after=2022-10-04T00:00:00+00:00
[2022-10-03T12:34:11.865+0000] {processor.py:178} INFO - Processing /home/airflow/.local/lib/python3.7/site-packages/airflow/example_dags/example_bash_operator.py took 0.155 seconds
[2022-10-03T12:34:43.265+0000] {processor.py:156} INFO - Started process (PID=4391) to work on /home/airflow/.local/lib/python3.7/site-packages/airflow/example_dags/example_bash_operator.py
[2022-10-03T12:34:43.267+0000] {processor.py:758} INFO - Processing file /home/airflow/.local/lib/python3.7/site-packages/airflow/example_dags/example_bash_operator.py for tasks to queue
[2022-10-03T12:34:43.268+0000] {logging_mixin.py:117} INFO - [2022-10-03T12:34:43.268+0000] {dagbag.py:525} INFO - Filling up the DagBag from /home/airflow/.local/lib/python3.7/site-packages/airflow/example_dags/example_bash_operator.py
[2022-10-03T12:34:43.326+0000] {processor.py:768} INFO - DAG(s) dict_keys(['example_bash_operator']) retrieved from /home/airflow/.local/lib/python3.7/site-packages/airflow/example_dags/example_bash_operator.py
[2022-10-03T12:34:43.446+0000] {logging_mixin.py:117} INFO - [2022-10-03T12:34:43.446+0000] {dag.py:2573} INFO - Sync 1 DAGs
[2022-10-03T12:34:43.520+0000] {logging_mixin.py:117} INFO - [2022-10-03T12:34:43.520+0000] {dag.py:3328} INFO - Setting next_dagrun for example_bash_operator to 2022-10-03T00:00:00+00:00, run_after=2022-10-04T00:00:00+00:00
[2022-10-03T12:34:43.571+0000] {processor.py:178} INFO - Processing /home/airflow/.local/lib/python3.7/site-packages/airflow/example_dags/example_bash_operator.py took 0.315 seconds
[2022-10-03T12:35:13.628+0000] {processor.py:156} INFO - Started process (PID=4598) to work on /home/airflow/.local/lib/python3.7/site-packages/airflow/example_dags/example_bash_operator.py
[2022-10-03T12:35:13.629+0000] {processor.py:758} INFO - Processing file /home/airflow/.local/lib/python3.7/site-packages/airflow/example_dags/example_bash_operator.py for tasks to queue
[2022-10-03T12:35:13.630+0000] {logging_mixin.py:117} INFO - [2022-10-03T12:35:13.629+0000] {dagbag.py:525} INFO - Filling up the DagBag from /home/airflow/.local/lib/python3.7/site-packages/airflow/example_dags/example_bash_operator.py
[2022-10-03T12:35:13.655+0000] {processor.py:768} INFO - DAG(s) dict_keys(['example_bash_operator']) retrieved from /home/airflow/.local/lib/python3.7/site-packages/airflow/example_dags/example_bash_operator.py
[2022-10-03T12:35:13.713+0000] {logging_mixin.py:117} INFO - [2022-10-03T12:35:13.713+0000] {dag.py:2573} INFO - Sync 1 DAGs
[2022-10-03T12:35:13.745+0000] {logging_mixin.py:117} INFO - [2022-10-03T12:35:13.745+0000] {dag.py:3328} INFO - Setting next_dagrun for example_bash_operator to 2022-10-03T00:00:00+00:00, run_after=2022-10-04T00:00:00+00:00
[2022-10-03T12:35:13.773+0000] {processor.py:178} INFO - Processing /home/airflow/.local/lib/python3.7/site-packages/airflow/example_dags/example_bash_operator.py took 0.150 seconds
[2022-10-03T12:35:44.084+0000] {processor.py:156} INFO - Started process (PID=4794) to work on /home/airflow/.local/lib/python3.7/site-packages/airflow/example_dags/example_bash_operator.py
[2022-10-03T12:35:44.086+0000] {processor.py:758} INFO - Processing file /home/airflow/.local/lib/python3.7/site-packages/airflow/example_dags/example_bash_operator.py for tasks to queue
[2022-10-03T12:35:44.087+0000] {logging_mixin.py:117} INFO - [2022-10-03T12:35:44.087+0000] {dagbag.py:525} INFO - Filling up the DagBag from /home/airflow/.local/lib/python3.7/site-packages/airflow/example_dags/example_bash_operator.py
[2022-10-03T12:35:44.113+0000] {processor.py:768} INFO - DAG(s) dict_keys(['example_bash_operator']) retrieved from /home/airflow/.local/lib/python3.7/site-packages/airflow/example_dags/example_bash_operator.py
[2022-10-03T12:35:44.177+0000] {logging_mixin.py:117} INFO - [2022-10-03T12:35:44.176+0000] {dag.py:2573} INFO - Sync 1 DAGs
[2022-10-03T12:35:44.209+0000] {logging_mixin.py:117} INFO - [2022-10-03T12:35:44.209+0000] {dag.py:3328} INFO - Setting next_dagrun for example_bash_operator to 2022-10-03T00:00:00+00:00, run_after=2022-10-04T00:00:00+00:00
[2022-10-03T12:35:44.241+0000] {processor.py:178} INFO - Processing /home/airflow/.local/lib/python3.7/site-packages/airflow/example_dags/example_bash_operator.py took 0.160 seconds
[2022-10-03T12:36:14.597+0000] {processor.py:156} INFO - Started process (PID=5003) to work on /home/airflow/.local/lib/python3.7/site-packages/airflow/example_dags/example_bash_operator.py
[2022-10-03T12:36:14.598+0000] {processor.py:758} INFO - Processing file /home/airflow/.local/lib/python3.7/site-packages/airflow/example_dags/example_bash_operator.py for tasks to queue
[2022-10-03T12:36:14.599+0000] {logging_mixin.py:117} INFO - [2022-10-03T12:36:14.598+0000] {dagbag.py:525} INFO - Filling up the DagBag from /home/airflow/.local/lib/python3.7/site-packages/airflow/example_dags/example_bash_operator.py
[2022-10-03T12:36:14.622+0000] {processor.py:768} INFO - DAG(s) dict_keys(['example_bash_operator']) retrieved from /home/airflow/.local/lib/python3.7/site-packages/airflow/example_dags/example_bash_operator.py
[2022-10-03T12:36:14.679+0000] {logging_mixin.py:117} INFO - [2022-10-03T12:36:14.678+0000] {dag.py:2573} INFO - Sync 1 DAGs
[2022-10-03T12:36:14.715+0000] {logging_mixin.py:117} INFO - [2022-10-03T12:36:14.715+0000] {dag.py:3328} INFO - Setting next_dagrun for example_bash_operator to 2022-10-03T00:00:00+00:00, run_after=2022-10-04T00:00:00+00:00
[2022-10-03T12:36:14.742+0000] {processor.py:178} INFO - Processing /home/airflow/.local/lib/python3.7/site-packages/airflow/example_dags/example_bash_operator.py took 0.149 seconds
[2022-10-03T12:36:44.765+0000] {processor.py:156} INFO - Started process (PID=5201) to work on /home/airflow/.local/lib/python3.7/site-packages/airflow/example_dags/example_bash_operator.py
[2022-10-03T12:36:44.765+0000] {processor.py:758} INFO - Processing file /home/airflow/.local/lib/python3.7/site-packages/airflow/example_dags/example_bash_operator.py for tasks to queue
[2022-10-03T12:36:44.766+0000] {logging_mixin.py:117} INFO - [2022-10-03T12:36:44.766+0000] {dagbag.py:525} INFO - Filling up the DagBag from /home/airflow/.local/lib/python3.7/site-packages/airflow/example_dags/example_bash_operator.py
[2022-10-03T12:36:44.790+0000] {processor.py:768} INFO - DAG(s) dict_keys(['example_bash_operator']) retrieved from /home/airflow/.local/lib/python3.7/site-packages/airflow/example_dags/example_bash_operator.py
[2022-10-03T12:36:44.851+0000] {logging_mixin.py:117} INFO - [2022-10-03T12:36:44.850+0000] {dag.py:2573} INFO - Sync 1 DAGs
[2022-10-03T12:36:44.882+0000] {logging_mixin.py:117} INFO - [2022-10-03T12:36:44.882+0000] {dag.py:3328} INFO - Setting next_dagrun for example_bash_operator to 2022-10-03T00:00:00+00:00, run_after=2022-10-04T00:00:00+00:00
[2022-10-03T12:36:44.908+0000] {processor.py:178} INFO - Processing /home/airflow/.local/lib/python3.7/site-packages/airflow/example_dags/example_bash_operator.py took 0.147 seconds
[2022-10-03T12:37:15.251+0000] {processor.py:156} INFO - Started process (PID=5408) to work on /home/airflow/.local/lib/python3.7/site-packages/airflow/example_dags/example_bash_operator.py
[2022-10-03T12:37:15.252+0000] {processor.py:758} INFO - Processing file /home/airflow/.local/lib/python3.7/site-packages/airflow/example_dags/example_bash_operator.py for tasks to queue
[2022-10-03T12:37:15.253+0000] {logging_mixin.py:117} INFO - [2022-10-03T12:37:15.253+0000] {dagbag.py:525} INFO - Filling up the DagBag from /home/airflow/.local/lib/python3.7/site-packages/airflow/example_dags/example_bash_operator.py
[2022-10-03T12:37:15.285+0000] {processor.py:768} INFO - DAG(s) dict_keys(['example_bash_operator']) retrieved from /home/airflow/.local/lib/python3.7/site-packages/airflow/example_dags/example_bash_operator.py
[2022-10-03T12:37:15.371+0000] {logging_mixin.py:117} INFO - [2022-10-03T12:37:15.370+0000] {dag.py:2573} INFO - Sync 1 DAGs
[2022-10-03T12:37:15.426+0000] {logging_mixin.py:117} INFO - [2022-10-03T12:37:15.425+0000] {dag.py:3328} INFO - Setting next_dagrun for example_bash_operator to 2022-10-03T00:00:00+00:00, run_after=2022-10-04T00:00:00+00:00
[2022-10-03T12:37:15.464+0000] {processor.py:178} INFO - Processing /home/airflow/.local/lib/python3.7/site-packages/airflow/example_dags/example_bash_operator.py took 0.218 seconds
[2022-10-03T12:37:45.580+0000] {processor.py:156} INFO - Started process (PID=5615) to work on /home/airflow/.local/lib/python3.7/site-packages/airflow/example_dags/example_bash_operator.py
[2022-10-03T12:37:45.582+0000] {processor.py:758} INFO - Processing file /home/airflow/.local/lib/python3.7/site-packages/airflow/example_dags/example_bash_operator.py for tasks to queue
[2022-10-03T12:37:45.582+0000] {logging_mixin.py:117} INFO - [2022-10-03T12:37:45.582+0000] {dagbag.py:525} INFO - Filling up the DagBag from /home/airflow/.local/lib/python3.7/site-packages/airflow/example_dags/example_bash_operator.py
[2022-10-03T12:37:45.611+0000] {processor.py:768} INFO - DAG(s) dict_keys(['example_bash_operator']) retrieved from /home/airflow/.local/lib/python3.7/site-packages/airflow/example_dags/example_bash_operator.py
[2022-10-03T12:37:45.673+0000] {logging_mixin.py:117} INFO - [2022-10-03T12:37:45.673+0000] {dag.py:2573} INFO - Sync 1 DAGs
[2022-10-03T12:37:45.722+0000] {logging_mixin.py:117} INFO - [2022-10-03T12:37:45.721+0000] {dag.py:3328} INFO - Setting next_dagrun for example_bash_operator to 2022-10-03T00:00:00+00:00, run_after=2022-10-04T00:00:00+00:00
[2022-10-03T12:37:45.753+0000] {processor.py:178} INFO - Processing /home/airflow/.local/lib/python3.7/site-packages/airflow/example_dags/example_bash_operator.py took 0.176 seconds
[2022-10-03T12:38:16.424+0000] {processor.py:156} INFO - Started process (PID=5811) to work on /home/airflow/.local/lib/python3.7/site-packages/airflow/example_dags/example_bash_operator.py
[2022-10-03T12:38:16.426+0000] {processor.py:758} INFO - Processing file /home/airflow/.local/lib/python3.7/site-packages/airflow/example_dags/example_bash_operator.py for tasks to queue
[2022-10-03T12:38:16.427+0000] {logging_mixin.py:117} INFO - [2022-10-03T12:38:16.427+0000] {dagbag.py:525} INFO - Filling up the DagBag from /home/airflow/.local/lib/python3.7/site-packages/airflow/example_dags/example_bash_operator.py
[2022-10-03T12:38:16.477+0000] {processor.py:768} INFO - DAG(s) dict_keys(['example_bash_operator']) retrieved from /home/airflow/.local/lib/python3.7/site-packages/airflow/example_dags/example_bash_operator.py
[2022-10-03T12:38:16.589+0000] {logging_mixin.py:117} INFO - [2022-10-03T12:38:16.588+0000] {dag.py:2573} INFO - Sync 1 DAGs
[2022-10-03T12:38:16.656+0000] {logging_mixin.py:117} INFO - [2022-10-03T12:38:16.655+0000] {dag.py:3328} INFO - Setting next_dagrun for example_bash_operator to 2022-10-03T00:00:00+00:00, run_after=2022-10-04T00:00:00+00:00
[2022-10-03T12:38:16.707+0000] {processor.py:178} INFO - Processing /home/airflow/.local/lib/python3.7/site-packages/airflow/example_dags/example_bash_operator.py took 0.290 seconds
[2022-10-03T12:38:46.899+0000] {processor.py:156} INFO - Started process (PID=6018) to work on /home/airflow/.local/lib/python3.7/site-packages/airflow/example_dags/example_bash_operator.py
[2022-10-03T12:38:46.901+0000] {processor.py:758} INFO - Processing file /home/airflow/.local/lib/python3.7/site-packages/airflow/example_dags/example_bash_operator.py for tasks to queue
[2022-10-03T12:38:46.904+0000] {logging_mixin.py:117} INFO - [2022-10-03T12:38:46.903+0000] {dagbag.py:525} INFO - Filling up the DagBag from /home/airflow/.local/lib/python3.7/site-packages/airflow/example_dags/example_bash_operator.py
[2022-10-03T12:38:46.962+0000] {processor.py:768} INFO - DAG(s) dict_keys(['example_bash_operator']) retrieved from /home/airflow/.local/lib/python3.7/site-packages/airflow/example_dags/example_bash_operator.py
[2022-10-03T12:38:47.070+0000] {logging_mixin.py:117} INFO - [2022-10-03T12:38:47.070+0000] {dag.py:2573} INFO - Sync 1 DAGs
[2022-10-03T12:38:47.135+0000] {logging_mixin.py:117} INFO - [2022-10-03T12:38:47.135+0000] {dag.py:3328} INFO - Setting next_dagrun for example_bash_operator to 2022-10-03T00:00:00+00:00, run_after=2022-10-04T00:00:00+00:00
[2022-10-03T12:38:47.183+0000] {processor.py:178} INFO - Processing /home/airflow/.local/lib/python3.7/site-packages/airflow/example_dags/example_bash_operator.py took 0.299 seconds
[2022-10-03T12:39:17.645+0000] {processor.py:156} INFO - Started process (PID=6218) to work on /home/airflow/.local/lib/python3.7/site-packages/airflow/example_dags/example_bash_operator.py
[2022-10-03T12:39:17.646+0000] {processor.py:758} INFO - Processing file /home/airflow/.local/lib/python3.7/site-packages/airflow/example_dags/example_bash_operator.py for tasks to queue
[2022-10-03T12:39:17.646+0000] {logging_mixin.py:117} INFO - [2022-10-03T12:39:17.646+0000] {dagbag.py:525} INFO - Filling up the DagBag from /home/airflow/.local/lib/python3.7/site-packages/airflow/example_dags/example_bash_operator.py
[2022-10-03T12:39:17.670+0000] {processor.py:768} INFO - DAG(s) dict_keys(['example_bash_operator']) retrieved from /home/airflow/.local/lib/python3.7/site-packages/airflow/example_dags/example_bash_operator.py
[2022-10-03T12:39:17.728+0000] {logging_mixin.py:117} INFO - [2022-10-03T12:39:17.728+0000] {dag.py:2573} INFO - Sync 1 DAGs
[2022-10-03T12:39:17.761+0000] {logging_mixin.py:117} INFO - [2022-10-03T12:39:17.761+0000] {dag.py:3328} INFO - Setting next_dagrun for example_bash_operator to 2022-10-03T00:00:00+00:00, run_after=2022-10-04T00:00:00+00:00
[2022-10-03T12:39:17.790+0000] {processor.py:178} INFO - Processing /home/airflow/.local/lib/python3.7/site-packages/airflow/example_dags/example_bash_operator.py took 0.150 seconds
[2022-10-03T12:39:48.598+0000] {processor.py:156} INFO - Started process (PID=6425) to work on /home/airflow/.local/lib/python3.7/site-packages/airflow/example_dags/example_bash_operator.py
[2022-10-03T12:39:48.599+0000] {processor.py:758} INFO - Processing file /home/airflow/.local/lib/python3.7/site-packages/airflow/example_dags/example_bash_operator.py for tasks to queue
[2022-10-03T12:39:48.600+0000] {logging_mixin.py:117} INFO - [2022-10-03T12:39:48.600+0000] {dagbag.py:525} INFO - Filling up the DagBag from /home/airflow/.local/lib/python3.7/site-packages/airflow/example_dags/example_bash_operator.py
[2022-10-03T12:39:48.627+0000] {processor.py:768} INFO - DAG(s) dict_keys(['example_bash_operator']) retrieved from /home/airflow/.local/lib/python3.7/site-packages/airflow/example_dags/example_bash_operator.py
[2022-10-03T12:39:48.684+0000] {logging_mixin.py:117} INFO - [2022-10-03T12:39:48.684+0000] {dag.py:2573} INFO - Sync 1 DAGs
[2022-10-03T12:39:48.720+0000] {logging_mixin.py:117} INFO - [2022-10-03T12:39:48.720+0000] {dag.py:3328} INFO - Setting next_dagrun for example_bash_operator to 2022-10-03T00:00:00+00:00, run_after=2022-10-04T00:00:00+00:00
[2022-10-03T12:39:48.752+0000] {processor.py:178} INFO - Processing /home/airflow/.local/lib/python3.7/site-packages/airflow/example_dags/example_bash_operator.py took 0.158 seconds
[2022-10-03T12:40:19.447+0000] {processor.py:156} INFO - Started process (PID=6632) to work on /home/airflow/.local/lib/python3.7/site-packages/airflow/example_dags/example_bash_operator.py
[2022-10-03T12:40:19.449+0000] {processor.py:758} INFO - Processing file /home/airflow/.local/lib/python3.7/site-packages/airflow/example_dags/example_bash_operator.py for tasks to queue
[2022-10-03T12:40:19.451+0000] {logging_mixin.py:117} INFO - [2022-10-03T12:40:19.450+0000] {dagbag.py:525} INFO - Filling up the DagBag from /home/airflow/.local/lib/python3.7/site-packages/airflow/example_dags/example_bash_operator.py
[2022-10-03T12:40:19.510+0000] {processor.py:768} INFO - DAG(s) dict_keys(['example_bash_operator']) retrieved from /home/airflow/.local/lib/python3.7/site-packages/airflow/example_dags/example_bash_operator.py
[2022-10-03T12:40:19.645+0000] {logging_mixin.py:117} INFO - [2022-10-03T12:40:19.645+0000] {dag.py:2573} INFO - Sync 1 DAGs
[2022-10-03T12:40:19.718+0000] {logging_mixin.py:117} INFO - [2022-10-03T12:40:19.717+0000] {dag.py:3328} INFO - Setting next_dagrun for example_bash_operator to 2022-10-03T00:00:00+00:00, run_after=2022-10-04T00:00:00+00:00
[2022-10-03T12:40:19.766+0000] {processor.py:178} INFO - Processing /home/airflow/.local/lib/python3.7/site-packages/airflow/example_dags/example_bash_operator.py took 0.325 seconds
[2022-10-03T12:40:50.539+0000] {processor.py:156} INFO - Started process (PID=6830) to work on /home/airflow/.local/lib/python3.7/site-packages/airflow/example_dags/example_bash_operator.py
[2022-10-03T12:40:50.541+0000] {processor.py:758} INFO - Processing file /home/airflow/.local/lib/python3.7/site-packages/airflow/example_dags/example_bash_operator.py for tasks to queue
[2022-10-03T12:40:50.543+0000] {logging_mixin.py:117} INFO - [2022-10-03T12:40:50.543+0000] {dagbag.py:525} INFO - Filling up the DagBag from /home/airflow/.local/lib/python3.7/site-packages/airflow/example_dags/example_bash_operator.py
[2022-10-03T12:40:50.618+0000] {processor.py:768} INFO - DAG(s) dict_keys(['example_bash_operator']) retrieved from /home/airflow/.local/lib/python3.7/site-packages/airflow/example_dags/example_bash_operator.py
[2022-10-03T12:40:50.748+0000] {logging_mixin.py:117} INFO - [2022-10-03T12:40:50.748+0000] {dag.py:2573} INFO - Sync 1 DAGs
[2022-10-03T12:40:50.826+0000] {logging_mixin.py:117} INFO - [2022-10-03T12:40:50.826+0000] {dag.py:3328} INFO - Setting next_dagrun for example_bash_operator to 2022-10-03T00:00:00+00:00, run_after=2022-10-04T00:00:00+00:00
[2022-10-03T12:40:50.877+0000] {processor.py:178} INFO - Processing /home/airflow/.local/lib/python3.7/site-packages/airflow/example_dags/example_bash_operator.py took 0.348 seconds
[2022-10-03T12:41:21.412+0000] {processor.py:156} INFO - Started process (PID=7035) to work on /home/airflow/.local/lib/python3.7/site-packages/airflow/example_dags/example_bash_operator.py
[2022-10-03T12:41:21.414+0000] {processor.py:758} INFO - Processing file /home/airflow/.local/lib/python3.7/site-packages/airflow/example_dags/example_bash_operator.py for tasks to queue
[2022-10-03T12:41:21.415+0000] {logging_mixin.py:117} INFO - [2022-10-03T12:41:21.415+0000] {dagbag.py:525} INFO - Filling up the DagBag from /home/airflow/.local/lib/python3.7/site-packages/airflow/example_dags/example_bash_operator.py
[2022-10-03T12:41:21.479+0000] {processor.py:768} INFO - DAG(s) dict_keys(['example_bash_operator']) retrieved from /home/airflow/.local/lib/python3.7/site-packages/airflow/example_dags/example_bash_operator.py
[2022-10-03T12:41:21.640+0000] {logging_mixin.py:117} INFO - [2022-10-03T12:41:21.640+0000] {dag.py:2573} INFO - Sync 1 DAGs
[2022-10-03T12:41:21.735+0000] {logging_mixin.py:117} INFO - [2022-10-03T12:41:21.735+0000] {dag.py:3328} INFO - Setting next_dagrun for example_bash_operator to 2022-10-03T00:00:00+00:00, run_after=2022-10-04T00:00:00+00:00
[2022-10-03T12:41:21.806+0000] {processor.py:178} INFO - Processing /home/airflow/.local/lib/python3.7/site-packages/airflow/example_dags/example_bash_operator.py took 0.401 seconds
[2022-10-03T12:41:52.621+0000] {processor.py:156} INFO - Started process (PID=7233) to work on /home/airflow/.local/lib/python3.7/site-packages/airflow/example_dags/example_bash_operator.py
[2022-10-03T12:41:52.622+0000] {processor.py:758} INFO - Processing file /home/airflow/.local/lib/python3.7/site-packages/airflow/example_dags/example_bash_operator.py for tasks to queue
[2022-10-03T12:41:52.623+0000] {logging_mixin.py:117} INFO - [2022-10-03T12:41:52.623+0000] {dagbag.py:525} INFO - Filling up the DagBag from /home/airflow/.local/lib/python3.7/site-packages/airflow/example_dags/example_bash_operator.py
[2022-10-03T12:41:52.655+0000] {processor.py:768} INFO - DAG(s) dict_keys(['example_bash_operator']) retrieved from /home/airflow/.local/lib/python3.7/site-packages/airflow/example_dags/example_bash_operator.py
[2022-10-03T12:41:52.712+0000] {logging_mixin.py:117} INFO - [2022-10-03T12:41:52.712+0000] {dag.py:2573} INFO - Sync 1 DAGs
[2022-10-03T12:41:52.744+0000] {logging_mixin.py:117} INFO - [2022-10-03T12:41:52.743+0000] {dag.py:3328} INFO - Setting next_dagrun for example_bash_operator to 2022-10-03T00:00:00+00:00, run_after=2022-10-04T00:00:00+00:00
[2022-10-03T12:41:52.769+0000] {processor.py:178} INFO - Processing /home/airflow/.local/lib/python3.7/site-packages/airflow/example_dags/example_bash_operator.py took 0.152 seconds
[2022-10-03T12:42:22.910+0000] {processor.py:156} INFO - Started process (PID=7440) to work on /home/airflow/.local/lib/python3.7/site-packages/airflow/example_dags/example_bash_operator.py
[2022-10-03T12:42:22.911+0000] {processor.py:758} INFO - Processing file /home/airflow/.local/lib/python3.7/site-packages/airflow/example_dags/example_bash_operator.py for tasks to queue
[2022-10-03T12:42:22.912+0000] {logging_mixin.py:117} INFO - [2022-10-03T12:42:22.911+0000] {dagbag.py:525} INFO - Filling up the DagBag from /home/airflow/.local/lib/python3.7/site-packages/airflow/example_dags/example_bash_operator.py
[2022-10-03T12:42:22.934+0000] {processor.py:768} INFO - DAG(s) dict_keys(['example_bash_operator']) retrieved from /home/airflow/.local/lib/python3.7/site-packages/airflow/example_dags/example_bash_operator.py
[2022-10-03T12:42:22.988+0000] {logging_mixin.py:117} INFO - [2022-10-03T12:42:22.988+0000] {dag.py:2573} INFO - Sync 1 DAGs
[2022-10-03T12:42:23.017+0000] {logging_mixin.py:117} INFO - [2022-10-03T12:42:23.017+0000] {dag.py:3328} INFO - Setting next_dagrun for example_bash_operator to 2022-10-03T00:00:00+00:00, run_after=2022-10-04T00:00:00+00:00
[2022-10-03T12:42:23.043+0000] {processor.py:178} INFO - Processing /home/airflow/.local/lib/python3.7/site-packages/airflow/example_dags/example_bash_operator.py took 0.136 seconds
[2022-10-03T12:42:53.214+0000] {processor.py:156} INFO - Started process (PID=7638) to work on /home/airflow/.local/lib/python3.7/site-packages/airflow/example_dags/example_bash_operator.py
[2022-10-03T12:42:53.215+0000] {processor.py:758} INFO - Processing file /home/airflow/.local/lib/python3.7/site-packages/airflow/example_dags/example_bash_operator.py for tasks to queue
[2022-10-03T12:42:53.215+0000] {logging_mixin.py:117} INFO - [2022-10-03T12:42:53.215+0000] {dagbag.py:525} INFO - Filling up the DagBag from /home/airflow/.local/lib/python3.7/site-packages/airflow/example_dags/example_bash_operator.py
[2022-10-03T12:42:53.238+0000] {processor.py:768} INFO - DAG(s) dict_keys(['example_bash_operator']) retrieved from /home/airflow/.local/lib/python3.7/site-packages/airflow/example_dags/example_bash_operator.py
[2022-10-03T12:42:53.289+0000] {logging_mixin.py:117} INFO - [2022-10-03T12:42:53.289+0000] {dag.py:2573} INFO - Sync 1 DAGs
[2022-10-03T12:42:53.318+0000] {logging_mixin.py:117} INFO - [2022-10-03T12:42:53.318+0000] {dag.py:3328} INFO - Setting next_dagrun for example_bash_operator to 2022-10-03T00:00:00+00:00, run_after=2022-10-04T00:00:00+00:00
[2022-10-03T12:42:53.344+0000] {processor.py:178} INFO - Processing /home/airflow/.local/lib/python3.7/site-packages/airflow/example_dags/example_bash_operator.py took 0.133 seconds
[2022-10-03T12:43:23.593+0000] {processor.py:156} INFO - Started process (PID=7845) to work on /home/airflow/.local/lib/python3.7/site-packages/airflow/example_dags/example_bash_operator.py
[2022-10-03T12:43:23.594+0000] {processor.py:758} INFO - Processing file /home/airflow/.local/lib/python3.7/site-packages/airflow/example_dags/example_bash_operator.py for tasks to queue
[2022-10-03T12:43:23.594+0000] {logging_mixin.py:117} INFO - [2022-10-03T12:43:23.594+0000] {dagbag.py:525} INFO - Filling up the DagBag from /home/airflow/.local/lib/python3.7/site-packages/airflow/example_dags/example_bash_operator.py
[2022-10-03T12:43:23.617+0000] {processor.py:768} INFO - DAG(s) dict_keys(['example_bash_operator']) retrieved from /home/airflow/.local/lib/python3.7/site-packages/airflow/example_dags/example_bash_operator.py
[2022-10-03T12:43:23.668+0000] {logging_mixin.py:117} INFO - [2022-10-03T12:43:23.668+0000] {dag.py:2573} INFO - Sync 1 DAGs
[2022-10-03T12:43:23.699+0000] {logging_mixin.py:117} INFO - [2022-10-03T12:43:23.698+0000] {dag.py:3328} INFO - Setting next_dagrun for example_bash_operator to 2022-10-03T00:00:00+00:00, run_after=2022-10-04T00:00:00+00:00
[2022-10-03T12:43:23.726+0000] {processor.py:178} INFO - Processing /home/airflow/.local/lib/python3.7/site-packages/airflow/example_dags/example_bash_operator.py took 0.136 seconds
[2022-10-03T12:43:54.169+0000] {processor.py:156} INFO - Started process (PID=8052) to work on /home/airflow/.local/lib/python3.7/site-packages/airflow/example_dags/example_bash_operator.py
[2022-10-03T12:43:54.170+0000] {processor.py:758} INFO - Processing file /home/airflow/.local/lib/python3.7/site-packages/airflow/example_dags/example_bash_operator.py for tasks to queue
[2022-10-03T12:43:54.170+0000] {logging_mixin.py:117} INFO - [2022-10-03T12:43:54.170+0000] {dagbag.py:525} INFO - Filling up the DagBag from /home/airflow/.local/lib/python3.7/site-packages/airflow/example_dags/example_bash_operator.py
[2022-10-03T12:43:54.191+0000] {processor.py:768} INFO - DAG(s) dict_keys(['example_bash_operator']) retrieved from /home/airflow/.local/lib/python3.7/site-packages/airflow/example_dags/example_bash_operator.py
[2022-10-03T12:43:54.240+0000] {logging_mixin.py:117} INFO - [2022-10-03T12:43:54.240+0000] {dag.py:2573} INFO - Sync 1 DAGs
[2022-10-03T12:43:54.269+0000] {logging_mixin.py:117} INFO - [2022-10-03T12:43:54.269+0000] {dag.py:3328} INFO - Setting next_dagrun for example_bash_operator to 2022-10-03T00:00:00+00:00, run_after=2022-10-04T00:00:00+00:00
[2022-10-03T12:43:54.295+0000] {processor.py:178} INFO - Processing /home/airflow/.local/lib/python3.7/site-packages/airflow/example_dags/example_bash_operator.py took 0.129 seconds
[2022-10-03T12:44:24.367+0000] {processor.py:156} INFO - Started process (PID=8250) to work on /home/airflow/.local/lib/python3.7/site-packages/airflow/example_dags/example_bash_operator.py
[2022-10-03T12:44:24.368+0000] {processor.py:758} INFO - Processing file /home/airflow/.local/lib/python3.7/site-packages/airflow/example_dags/example_bash_operator.py for tasks to queue
[2022-10-03T12:44:24.369+0000] {logging_mixin.py:117} INFO - [2022-10-03T12:44:24.369+0000] {dagbag.py:525} INFO - Filling up the DagBag from /home/airflow/.local/lib/python3.7/site-packages/airflow/example_dags/example_bash_operator.py
[2022-10-03T12:44:24.393+0000] {processor.py:768} INFO - DAG(s) dict_keys(['example_bash_operator']) retrieved from /home/airflow/.local/lib/python3.7/site-packages/airflow/example_dags/example_bash_operator.py
[2022-10-03T12:44:24.454+0000] {logging_mixin.py:117} INFO - [2022-10-03T12:44:24.453+0000] {dag.py:2573} INFO - Sync 1 DAGs
[2022-10-03T12:44:24.494+0000] {logging_mixin.py:117} INFO - [2022-10-03T12:44:24.494+0000] {dag.py:3328} INFO - Setting next_dagrun for example_bash_operator to 2022-10-03T00:00:00+00:00, run_after=2022-10-04T00:00:00+00:00
[2022-10-03T12:44:24.522+0000] {processor.py:178} INFO - Processing /home/airflow/.local/lib/python3.7/site-packages/airflow/example_dags/example_bash_operator.py took 0.158 seconds
[2022-10-03T12:44:54.928+0000] {processor.py:156} INFO - Started process (PID=8457) to work on /home/airflow/.local/lib/python3.7/site-packages/airflow/example_dags/example_bash_operator.py
[2022-10-03T12:44:54.929+0000] {processor.py:758} INFO - Processing file /home/airflow/.local/lib/python3.7/site-packages/airflow/example_dags/example_bash_operator.py for tasks to queue
[2022-10-03T12:44:54.929+0000] {logging_mixin.py:117} INFO - [2022-10-03T12:44:54.929+0000] {dagbag.py:525} INFO - Filling up the DagBag from /home/airflow/.local/lib/python3.7/site-packages/airflow/example_dags/example_bash_operator.py
[2022-10-03T12:44:54.954+0000] {processor.py:768} INFO - DAG(s) dict_keys(['example_bash_operator']) retrieved from /home/airflow/.local/lib/python3.7/site-packages/airflow/example_dags/example_bash_operator.py
[2022-10-03T12:44:55.007+0000] {logging_mixin.py:117} INFO - [2022-10-03T12:44:55.007+0000] {dag.py:2573} INFO - Sync 1 DAGs
[2022-10-03T12:44:55.039+0000] {logging_mixin.py:117} INFO - [2022-10-03T12:44:55.038+0000] {dag.py:3328} INFO - Setting next_dagrun for example_bash_operator to 2022-10-03T00:00:00+00:00, run_after=2022-10-04T00:00:00+00:00
[2022-10-03T12:44:55.065+0000] {processor.py:178} INFO - Processing /home/airflow/.local/lib/python3.7/site-packages/airflow/example_dags/example_bash_operator.py took 0.140 seconds
[2022-10-03T12:45:25.567+0000] {processor.py:156} INFO - Started process (PID=8665) to work on /home/airflow/.local/lib/python3.7/site-packages/airflow/example_dags/example_bash_operator.py
[2022-10-03T12:45:25.568+0000] {processor.py:758} INFO - Processing file /home/airflow/.local/lib/python3.7/site-packages/airflow/example_dags/example_bash_operator.py for tasks to queue
[2022-10-03T12:45:25.569+0000] {logging_mixin.py:117} INFO - [2022-10-03T12:45:25.569+0000] {dagbag.py:525} INFO - Filling up the DagBag from /home/airflow/.local/lib/python3.7/site-packages/airflow/example_dags/example_bash_operator.py
[2022-10-03T12:45:25.606+0000] {processor.py:768} INFO - DAG(s) dict_keys(['example_bash_operator']) retrieved from /home/airflow/.local/lib/python3.7/site-packages/airflow/example_dags/example_bash_operator.py
[2022-10-03T12:45:25.724+0000] {logging_mixin.py:117} INFO - [2022-10-03T12:45:25.724+0000] {dag.py:2573} INFO - Sync 1 DAGs
[2022-10-03T12:45:25.798+0000] {logging_mixin.py:117} INFO - [2022-10-03T12:45:25.798+0000] {dag.py:3328} INFO - Setting next_dagrun for example_bash_operator to 2022-10-03T00:00:00+00:00, run_after=2022-10-04T00:00:00+00:00
[2022-10-03T12:45:25.851+0000] {processor.py:178} INFO - Processing /home/airflow/.local/lib/python3.7/site-packages/airflow/example_dags/example_bash_operator.py took 0.288 seconds
[2022-10-03T12:45:55.929+0000] {processor.py:156} INFO - Started process (PID=8863) to work on /home/airflow/.local/lib/python3.7/site-packages/airflow/example_dags/example_bash_operator.py
[2022-10-03T12:45:55.930+0000] {processor.py:758} INFO - Processing file /home/airflow/.local/lib/python3.7/site-packages/airflow/example_dags/example_bash_operator.py for tasks to queue
[2022-10-03T12:45:55.930+0000] {logging_mixin.py:117} INFO - [2022-10-03T12:45:55.930+0000] {dagbag.py:525} INFO - Filling up the DagBag from /home/airflow/.local/lib/python3.7/site-packages/airflow/example_dags/example_bash_operator.py
[2022-10-03T12:45:55.952+0000] {processor.py:768} INFO - DAG(s) dict_keys(['example_bash_operator']) retrieved from /home/airflow/.local/lib/python3.7/site-packages/airflow/example_dags/example_bash_operator.py
[2022-10-03T12:45:56.009+0000] {logging_mixin.py:117} INFO - [2022-10-03T12:45:56.009+0000] {dag.py:2573} INFO - Sync 1 DAGs
[2022-10-03T12:45:56.049+0000] {logging_mixin.py:117} INFO - [2022-10-03T12:45:56.048+0000] {dag.py:3328} INFO - Setting next_dagrun for example_bash_operator to 2022-10-03T00:00:00+00:00, run_after=2022-10-04T00:00:00+00:00
[2022-10-03T12:45:56.076+0000] {processor.py:178} INFO - Processing /home/airflow/.local/lib/python3.7/site-packages/airflow/example_dags/example_bash_operator.py took 0.150 seconds
