[2022-10-03T12:24:22.968+0000] {processor.py:156} INFO - Started process (PID=203) to work on /home/airflow/.local/lib/python3.7/site-packages/airflow/example_dags/example_branch_labels.py
[2022-10-03T12:24:22.969+0000] {processor.py:758} INFO - Processing file /home/airflow/.local/lib/python3.7/site-packages/airflow/example_dags/example_branch_labels.py for tasks to queue
[2022-10-03T12:24:22.970+0000] {logging_mixin.py:117} INFO - [2022-10-03T12:24:22.970+0000] {dagbag.py:525} INFO - Filling up the DagBag from /home/airflow/.local/lib/python3.7/site-packages/airflow/example_dags/example_branch_labels.py
[2022-10-03T12:24:22.989+0000] {processor.py:768} INFO - DAG(s) dict_keys(['example_branch_labels']) retrieved from /home/airflow/.local/lib/python3.7/site-packages/airflow/example_dags/example_branch_labels.py
[2022-10-03T12:24:23.041+0000] {logging_mixin.py:117} INFO - [2022-10-03T12:24:23.040+0000] {dag.py:2573} INFO - Sync 1 DAGs
[2022-10-03T12:24:23.076+0000] {logging_mixin.py:117} INFO - [2022-10-03T12:24:23.076+0000] {dag.py:3328} INFO - Setting next_dagrun for example_branch_labels to 2022-10-02T00:00:00+00:00, run_after=2022-10-03T00:00:00+00:00
[2022-10-03T12:24:23.102+0000] {processor.py:178} INFO - Processing /home/airflow/.local/lib/python3.7/site-packages/airflow/example_dags/example_branch_labels.py took 0.138 seconds
[2022-10-03T12:24:53.709+0000] {processor.py:156} INFO - Started process (PID=402) to work on /home/airflow/.local/lib/python3.7/site-packages/airflow/example_dags/example_branch_labels.py
[2022-10-03T12:24:53.710+0000] {processor.py:758} INFO - Processing file /home/airflow/.local/lib/python3.7/site-packages/airflow/example_dags/example_branch_labels.py for tasks to queue
[2022-10-03T12:24:53.711+0000] {logging_mixin.py:117} INFO - [2022-10-03T12:24:53.711+0000] {dagbag.py:525} INFO - Filling up the DagBag from /home/airflow/.local/lib/python3.7/site-packages/airflow/example_dags/example_branch_labels.py
[2022-10-03T12:24:53.729+0000] {processor.py:768} INFO - DAG(s) dict_keys(['example_branch_labels']) retrieved from /home/airflow/.local/lib/python3.7/site-packages/airflow/example_dags/example_branch_labels.py
[2022-10-03T12:24:53.771+0000] {logging_mixin.py:117} INFO - [2022-10-03T12:24:53.770+0000] {dag.py:2573} INFO - Sync 1 DAGs
[2022-10-03T12:24:53.800+0000] {logging_mixin.py:117} INFO - [2022-10-03T12:24:53.800+0000] {dag.py:3328} INFO - Setting next_dagrun for example_branch_labels to 2022-10-02T00:00:00+00:00, run_after=2022-10-03T00:00:00+00:00
[2022-10-03T12:24:53.946+0000] {processor.py:178} INFO - Processing /home/airflow/.local/lib/python3.7/site-packages/airflow/example_dags/example_branch_labels.py took 0.240 seconds
[2022-10-03T12:25:24.418+0000] {processor.py:156} INFO - Started process (PID=611) to work on /home/airflow/.local/lib/python3.7/site-packages/airflow/example_dags/example_branch_labels.py
[2022-10-03T12:25:24.419+0000] {processor.py:758} INFO - Processing file /home/airflow/.local/lib/python3.7/site-packages/airflow/example_dags/example_branch_labels.py for tasks to queue
[2022-10-03T12:25:24.421+0000] {logging_mixin.py:117} INFO - [2022-10-03T12:25:24.421+0000] {dagbag.py:525} INFO - Filling up the DagBag from /home/airflow/.local/lib/python3.7/site-packages/airflow/example_dags/example_branch_labels.py
[2022-10-03T12:25:24.441+0000] {processor.py:768} INFO - DAG(s) dict_keys(['example_branch_labels']) retrieved from /home/airflow/.local/lib/python3.7/site-packages/airflow/example_dags/example_branch_labels.py
[2022-10-03T12:25:24.500+0000] {logging_mixin.py:117} INFO - [2022-10-03T12:25:24.499+0000] {dag.py:2573} INFO - Sync 1 DAGs
[2022-10-03T12:25:24.681+0000] {logging_mixin.py:117} INFO - [2022-10-03T12:25:24.681+0000] {dag.py:3328} INFO - Setting next_dagrun for example_branch_labels to 2022-10-02T00:00:00+00:00, run_after=2022-10-03T00:00:00+00:00
[2022-10-03T12:25:24.710+0000] {processor.py:178} INFO - Processing /home/airflow/.local/lib/python3.7/site-packages/airflow/example_dags/example_branch_labels.py took 0.296 seconds
[2022-10-03T12:25:55.699+0000] {processor.py:156} INFO - Started process (PID=809) to work on /home/airflow/.local/lib/python3.7/site-packages/airflow/example_dags/example_branch_labels.py
[2022-10-03T12:25:55.700+0000] {processor.py:758} INFO - Processing file /home/airflow/.local/lib/python3.7/site-packages/airflow/example_dags/example_branch_labels.py for tasks to queue
[2022-10-03T12:25:55.701+0000] {logging_mixin.py:117} INFO - [2022-10-03T12:25:55.701+0000] {dagbag.py:525} INFO - Filling up the DagBag from /home/airflow/.local/lib/python3.7/site-packages/airflow/example_dags/example_branch_labels.py
[2022-10-03T12:25:55.719+0000] {processor.py:768} INFO - DAG(s) dict_keys(['example_branch_labels']) retrieved from /home/airflow/.local/lib/python3.7/site-packages/airflow/example_dags/example_branch_labels.py
[2022-10-03T12:25:55.888+0000] {logging_mixin.py:117} INFO - [2022-10-03T12:25:55.888+0000] {dag.py:2573} INFO - Sync 1 DAGs
[2022-10-03T12:25:55.916+0000] {logging_mixin.py:117} INFO - [2022-10-03T12:25:55.916+0000] {dag.py:3328} INFO - Setting next_dagrun for example_branch_labels to 2022-10-02T00:00:00+00:00, run_after=2022-10-03T00:00:00+00:00
[2022-10-03T12:25:55.942+0000] {processor.py:178} INFO - Processing /home/airflow/.local/lib/python3.7/site-packages/airflow/example_dags/example_branch_labels.py took 0.247 seconds
[2022-10-03T12:26:26.405+0000] {processor.py:156} INFO - Started process (PID=1017) to work on /home/airflow/.local/lib/python3.7/site-packages/airflow/example_dags/example_branch_labels.py
[2022-10-03T12:26:26.407+0000] {processor.py:758} INFO - Processing file /home/airflow/.local/lib/python3.7/site-packages/airflow/example_dags/example_branch_labels.py for tasks to queue
[2022-10-03T12:26:26.410+0000] {logging_mixin.py:117} INFO - [2022-10-03T12:26:26.409+0000] {dagbag.py:525} INFO - Filling up the DagBag from /home/airflow/.local/lib/python3.7/site-packages/airflow/example_dags/example_branch_labels.py
[2022-10-03T12:26:26.453+0000] {processor.py:768} INFO - DAG(s) dict_keys(['example_branch_labels']) retrieved from /home/airflow/.local/lib/python3.7/site-packages/airflow/example_dags/example_branch_labels.py
[2022-10-03T12:26:26.820+0000] {logging_mixin.py:117} INFO - [2022-10-03T12:26:26.820+0000] {dag.py:2573} INFO - Sync 1 DAGs
[2022-10-03T12:26:26.906+0000] {logging_mixin.py:117} INFO - [2022-10-03T12:26:26.906+0000] {dag.py:3328} INFO - Setting next_dagrun for example_branch_labels to 2022-10-02T00:00:00+00:00, run_after=2022-10-03T00:00:00+00:00
[2022-10-03T12:26:26.961+0000] {processor.py:178} INFO - Processing /home/airflow/.local/lib/python3.7/site-packages/airflow/example_dags/example_branch_labels.py took 0.565 seconds
[2022-10-03T12:26:57.472+0000] {processor.py:156} INFO - Started process (PID=1233) to work on /home/airflow/.local/lib/python3.7/site-packages/airflow/example_dags/example_branch_labels.py
[2022-10-03T12:26:57.473+0000] {processor.py:758} INFO - Processing file /home/airflow/.local/lib/python3.7/site-packages/airflow/example_dags/example_branch_labels.py for tasks to queue
[2022-10-03T12:26:57.474+0000] {logging_mixin.py:117} INFO - [2022-10-03T12:26:57.474+0000] {dagbag.py:525} INFO - Filling up the DagBag from /home/airflow/.local/lib/python3.7/site-packages/airflow/example_dags/example_branch_labels.py
[2022-10-03T12:26:57.490+0000] {processor.py:768} INFO - DAG(s) dict_keys(['example_branch_labels']) retrieved from /home/airflow/.local/lib/python3.7/site-packages/airflow/example_dags/example_branch_labels.py
[2022-10-03T12:26:57.654+0000] {logging_mixin.py:117} INFO - [2022-10-03T12:26:57.654+0000] {dag.py:2573} INFO - Sync 1 DAGs
[2022-10-03T12:26:57.682+0000] {logging_mixin.py:117} INFO - [2022-10-03T12:26:57.682+0000] {dag.py:3328} INFO - Setting next_dagrun for example_branch_labels to 2022-10-02T00:00:00+00:00, run_after=2022-10-03T00:00:00+00:00
[2022-10-03T12:26:57.710+0000] {processor.py:178} INFO - Processing /home/airflow/.local/lib/python3.7/site-packages/airflow/example_dags/example_branch_labels.py took 0.241 seconds
[2022-10-03T12:27:28.381+0000] {processor.py:156} INFO - Started process (PID=1460) to work on /home/airflow/.local/lib/python3.7/site-packages/airflow/example_dags/example_branch_labels.py
[2022-10-03T12:27:28.382+0000] {processor.py:758} INFO - Processing file /home/airflow/.local/lib/python3.7/site-packages/airflow/example_dags/example_branch_labels.py for tasks to queue
[2022-10-03T12:27:28.383+0000] {logging_mixin.py:117} INFO - [2022-10-03T12:27:28.383+0000] {dagbag.py:525} INFO - Filling up the DagBag from /home/airflow/.local/lib/python3.7/site-packages/airflow/example_dags/example_branch_labels.py
[2022-10-03T12:27:28.499+0000] {processor.py:768} INFO - DAG(s) dict_keys(['example_branch_labels']) retrieved from /home/airflow/.local/lib/python3.7/site-packages/airflow/example_dags/example_branch_labels.py
[2022-10-03T12:27:28.531+0000] {logging_mixin.py:117} INFO - [2022-10-03T12:27:28.531+0000] {dag.py:2573} INFO - Sync 1 DAGs
[2022-10-03T12:27:28.574+0000] {logging_mixin.py:117} INFO - [2022-10-03T12:27:28.574+0000] {dag.py:3328} INFO - Setting next_dagrun for example_branch_labels to 2022-10-02T00:00:00+00:00, run_after=2022-10-03T00:00:00+00:00
[2022-10-03T12:27:28.615+0000] {processor.py:178} INFO - Processing /home/airflow/.local/lib/python3.7/site-packages/airflow/example_dags/example_branch_labels.py took 0.237 seconds
[2022-10-03T12:27:58.748+0000] {processor.py:156} INFO - Started process (PID=1658) to work on /home/airflow/.local/lib/python3.7/site-packages/airflow/example_dags/example_branch_labels.py
[2022-10-03T12:27:58.749+0000] {processor.py:758} INFO - Processing file /home/airflow/.local/lib/python3.7/site-packages/airflow/example_dags/example_branch_labels.py for tasks to queue
[2022-10-03T12:27:58.750+0000] {logging_mixin.py:117} INFO - [2022-10-03T12:27:58.749+0000] {dagbag.py:525} INFO - Filling up the DagBag from /home/airflow/.local/lib/python3.7/site-packages/airflow/example_dags/example_branch_labels.py
[2022-10-03T12:27:58.765+0000] {processor.py:768} INFO - DAG(s) dict_keys(['example_branch_labels']) retrieved from /home/airflow/.local/lib/python3.7/site-packages/airflow/example_dags/example_branch_labels.py
[2022-10-03T12:27:58.811+0000] {logging_mixin.py:117} INFO - [2022-10-03T12:27:58.810+0000] {dag.py:2573} INFO - Sync 1 DAGs
[2022-10-03T12:27:58.842+0000] {logging_mixin.py:117} INFO - [2022-10-03T12:27:58.842+0000] {dag.py:3328} INFO - Setting next_dagrun for example_branch_labels to 2022-10-02T00:00:00+00:00, run_after=2022-10-03T00:00:00+00:00
[2022-10-03T12:27:58.867+0000] {processor.py:178} INFO - Processing /home/airflow/.local/lib/python3.7/site-packages/airflow/example_dags/example_branch_labels.py took 0.121 seconds
[2022-10-03T12:28:28.966+0000] {processor.py:156} INFO - Started process (PID=1864) to work on /home/airflow/.local/lib/python3.7/site-packages/airflow/example_dags/example_branch_labels.py
[2022-10-03T12:28:28.967+0000] {processor.py:758} INFO - Processing file /home/airflow/.local/lib/python3.7/site-packages/airflow/example_dags/example_branch_labels.py for tasks to queue
[2022-10-03T12:28:28.968+0000] {logging_mixin.py:117} INFO - [2022-10-03T12:28:28.968+0000] {dagbag.py:525} INFO - Filling up the DagBag from /home/airflow/.local/lib/python3.7/site-packages/airflow/example_dags/example_branch_labels.py
[2022-10-03T12:28:28.985+0000] {processor.py:768} INFO - DAG(s) dict_keys(['example_branch_labels']) retrieved from /home/airflow/.local/lib/python3.7/site-packages/airflow/example_dags/example_branch_labels.py
[2022-10-03T12:28:29.033+0000] {logging_mixin.py:117} INFO - [2022-10-03T12:28:29.033+0000] {dag.py:2573} INFO - Sync 1 DAGs
[2022-10-03T12:28:29.065+0000] {logging_mixin.py:117} INFO - [2022-10-03T12:28:29.064+0000] {dag.py:3328} INFO - Setting next_dagrun for example_branch_labels to 2022-10-02T00:00:00+00:00, run_after=2022-10-03T00:00:00+00:00
[2022-10-03T12:28:29.092+0000] {processor.py:178} INFO - Processing /home/airflow/.local/lib/python3.7/site-packages/airflow/example_dags/example_branch_labels.py took 0.129 seconds
[2022-10-03T12:28:59.814+0000] {processor.py:156} INFO - Started process (PID=2064) to work on /home/airflow/.local/lib/python3.7/site-packages/airflow/example_dags/example_branch_labels.py
[2022-10-03T12:28:59.815+0000] {processor.py:758} INFO - Processing file /home/airflow/.local/lib/python3.7/site-packages/airflow/example_dags/example_branch_labels.py for tasks to queue
[2022-10-03T12:28:59.816+0000] {logging_mixin.py:117} INFO - [2022-10-03T12:28:59.816+0000] {dagbag.py:525} INFO - Filling up the DagBag from /home/airflow/.local/lib/python3.7/site-packages/airflow/example_dags/example_branch_labels.py
[2022-10-03T12:28:59.841+0000] {processor.py:768} INFO - DAG(s) dict_keys(['example_branch_labels']) retrieved from /home/airflow/.local/lib/python3.7/site-packages/airflow/example_dags/example_branch_labels.py
[2022-10-03T12:28:59.909+0000] {logging_mixin.py:117} INFO - [2022-10-03T12:28:59.908+0000] {dag.py:2573} INFO - Sync 1 DAGs
[2022-10-03T12:28:59.959+0000] {logging_mixin.py:117} INFO - [2022-10-03T12:28:59.959+0000] {dag.py:3328} INFO - Setting next_dagrun for example_branch_labels to 2022-10-02T00:00:00+00:00, run_after=2022-10-03T00:00:00+00:00
[2022-10-03T12:28:59.989+0000] {processor.py:178} INFO - Processing /home/airflow/.local/lib/python3.7/site-packages/airflow/example_dags/example_branch_labels.py took 0.179 seconds
[2022-10-03T12:29:30.495+0000] {processor.py:156} INFO - Started process (PID=2269) to work on /home/airflow/.local/lib/python3.7/site-packages/airflow/example_dags/example_branch_labels.py
[2022-10-03T12:29:30.496+0000] {processor.py:758} INFO - Processing file /home/airflow/.local/lib/python3.7/site-packages/airflow/example_dags/example_branch_labels.py for tasks to queue
[2022-10-03T12:29:30.497+0000] {logging_mixin.py:117} INFO - [2022-10-03T12:29:30.497+0000] {dagbag.py:525} INFO - Filling up the DagBag from /home/airflow/.local/lib/python3.7/site-packages/airflow/example_dags/example_branch_labels.py
[2022-10-03T12:29:30.527+0000] {processor.py:768} INFO - DAG(s) dict_keys(['example_branch_labels']) retrieved from /home/airflow/.local/lib/python3.7/site-packages/airflow/example_dags/example_branch_labels.py
[2022-10-03T12:29:30.586+0000] {logging_mixin.py:117} INFO - [2022-10-03T12:29:30.586+0000] {dag.py:2573} INFO - Sync 1 DAGs
[2022-10-03T12:29:30.631+0000] {logging_mixin.py:117} INFO - [2022-10-03T12:29:30.631+0000] {dag.py:3328} INFO - Setting next_dagrun for example_branch_labels to 2022-10-02T00:00:00+00:00, run_after=2022-10-03T00:00:00+00:00
[2022-10-03T12:29:30.656+0000] {processor.py:178} INFO - Processing /home/airflow/.local/lib/python3.7/site-packages/airflow/example_dags/example_branch_labels.py took 0.167 seconds
[2022-10-03T12:30:01.027+0000] {processor.py:156} INFO - Started process (PID=2478) to work on /home/airflow/.local/lib/python3.7/site-packages/airflow/example_dags/example_branch_labels.py
[2022-10-03T12:30:01.028+0000] {processor.py:758} INFO - Processing file /home/airflow/.local/lib/python3.7/site-packages/airflow/example_dags/example_branch_labels.py for tasks to queue
[2022-10-03T12:30:01.029+0000] {logging_mixin.py:117} INFO - [2022-10-03T12:30:01.028+0000] {dagbag.py:525} INFO - Filling up the DagBag from /home/airflow/.local/lib/python3.7/site-packages/airflow/example_dags/example_branch_labels.py
[2022-10-03T12:30:01.044+0000] {processor.py:768} INFO - DAG(s) dict_keys(['example_branch_labels']) retrieved from /home/airflow/.local/lib/python3.7/site-packages/airflow/example_dags/example_branch_labels.py
[2022-10-03T12:30:01.085+0000] {logging_mixin.py:117} INFO - [2022-10-03T12:30:01.085+0000] {dag.py:2573} INFO - Sync 1 DAGs
[2022-10-03T12:30:01.112+0000] {logging_mixin.py:117} INFO - [2022-10-03T12:30:01.112+0000] {dag.py:3328} INFO - Setting next_dagrun for example_branch_labels to 2022-10-02T00:00:00+00:00, run_after=2022-10-03T00:00:00+00:00
[2022-10-03T12:30:01.135+0000] {processor.py:178} INFO - Processing /home/airflow/.local/lib/python3.7/site-packages/airflow/example_dags/example_branch_labels.py took 0.111 seconds
[2022-10-03T12:30:31.184+0000] {processor.py:156} INFO - Started process (PID=2674) to work on /home/airflow/.local/lib/python3.7/site-packages/airflow/example_dags/example_branch_labels.py
[2022-10-03T12:30:31.186+0000] {processor.py:758} INFO - Processing file /home/airflow/.local/lib/python3.7/site-packages/airflow/example_dags/example_branch_labels.py for tasks to queue
[2022-10-03T12:30:31.186+0000] {logging_mixin.py:117} INFO - [2022-10-03T12:30:31.186+0000] {dagbag.py:525} INFO - Filling up the DagBag from /home/airflow/.local/lib/python3.7/site-packages/airflow/example_dags/example_branch_labels.py
[2022-10-03T12:30:31.204+0000] {processor.py:768} INFO - DAG(s) dict_keys(['example_branch_labels']) retrieved from /home/airflow/.local/lib/python3.7/site-packages/airflow/example_dags/example_branch_labels.py
[2022-10-03T12:30:31.251+0000] {logging_mixin.py:117} INFO - [2022-10-03T12:30:31.251+0000] {dag.py:2573} INFO - Sync 1 DAGs
[2022-10-03T12:30:31.288+0000] {logging_mixin.py:117} INFO - [2022-10-03T12:30:31.287+0000] {dag.py:3328} INFO - Setting next_dagrun for example_branch_labels to 2022-10-02T00:00:00+00:00, run_after=2022-10-03T00:00:00+00:00
[2022-10-03T12:30:31.317+0000] {processor.py:178} INFO - Processing /home/airflow/.local/lib/python3.7/site-packages/airflow/example_dags/example_branch_labels.py took 0.136 seconds
[2022-10-03T12:31:01.895+0000] {processor.py:156} INFO - Started process (PID=2883) to work on /home/airflow/.local/lib/python3.7/site-packages/airflow/example_dags/example_branch_labels.py
[2022-10-03T12:31:01.896+0000] {processor.py:758} INFO - Processing file /home/airflow/.local/lib/python3.7/site-packages/airflow/example_dags/example_branch_labels.py for tasks to queue
[2022-10-03T12:31:01.896+0000] {logging_mixin.py:117} INFO - [2022-10-03T12:31:01.896+0000] {dagbag.py:525} INFO - Filling up the DagBag from /home/airflow/.local/lib/python3.7/site-packages/airflow/example_dags/example_branch_labels.py
[2022-10-03T12:31:01.912+0000] {processor.py:768} INFO - DAG(s) dict_keys(['example_branch_labels']) retrieved from /home/airflow/.local/lib/python3.7/site-packages/airflow/example_dags/example_branch_labels.py
[2022-10-03T12:31:01.961+0000] {logging_mixin.py:117} INFO - [2022-10-03T12:31:01.960+0000] {dag.py:2573} INFO - Sync 1 DAGs
[2022-10-03T12:31:01.991+0000] {logging_mixin.py:117} INFO - [2022-10-03T12:31:01.991+0000] {dag.py:3328} INFO - Setting next_dagrun for example_branch_labels to 2022-10-02T00:00:00+00:00, run_after=2022-10-03T00:00:00+00:00
[2022-10-03T12:31:02.016+0000] {processor.py:178} INFO - Processing /home/airflow/.local/lib/python3.7/site-packages/airflow/example_dags/example_branch_labels.py took 0.123 seconds
[2022-10-03T12:31:32.272+0000] {processor.py:156} INFO - Started process (PID=3079) to work on /home/airflow/.local/lib/python3.7/site-packages/airflow/example_dags/example_branch_labels.py
[2022-10-03T12:31:32.273+0000] {processor.py:758} INFO - Processing file /home/airflow/.local/lib/python3.7/site-packages/airflow/example_dags/example_branch_labels.py for tasks to queue
[2022-10-03T12:31:32.273+0000] {logging_mixin.py:117} INFO - [2022-10-03T12:31:32.273+0000] {dagbag.py:525} INFO - Filling up the DagBag from /home/airflow/.local/lib/python3.7/site-packages/airflow/example_dags/example_branch_labels.py
[2022-10-03T12:31:32.290+0000] {processor.py:768} INFO - DAG(s) dict_keys(['example_branch_labels']) retrieved from /home/airflow/.local/lib/python3.7/site-packages/airflow/example_dags/example_branch_labels.py
[2022-10-03T12:31:32.334+0000] {logging_mixin.py:117} INFO - [2022-10-03T12:31:32.334+0000] {dag.py:2573} INFO - Sync 1 DAGs
[2022-10-03T12:31:32.368+0000] {logging_mixin.py:117} INFO - [2022-10-03T12:31:32.368+0000] {dag.py:3328} INFO - Setting next_dagrun for example_branch_labels to 2022-10-02T00:00:00+00:00, run_after=2022-10-03T00:00:00+00:00
[2022-10-03T12:31:32.394+0000] {processor.py:178} INFO - Processing /home/airflow/.local/lib/python3.7/site-packages/airflow/example_dags/example_branch_labels.py took 0.125 seconds
[2022-10-03T12:32:02.599+0000] {processor.py:156} INFO - Started process (PID=3286) to work on /home/airflow/.local/lib/python3.7/site-packages/airflow/example_dags/example_branch_labels.py
[2022-10-03T12:32:02.601+0000] {processor.py:758} INFO - Processing file /home/airflow/.local/lib/python3.7/site-packages/airflow/example_dags/example_branch_labels.py for tasks to queue
[2022-10-03T12:32:02.602+0000] {logging_mixin.py:117} INFO - [2022-10-03T12:32:02.601+0000] {dagbag.py:525} INFO - Filling up the DagBag from /home/airflow/.local/lib/python3.7/site-packages/airflow/example_dags/example_branch_labels.py
[2022-10-03T12:32:02.619+0000] {processor.py:768} INFO - DAG(s) dict_keys(['example_branch_labels']) retrieved from /home/airflow/.local/lib/python3.7/site-packages/airflow/example_dags/example_branch_labels.py
[2022-10-03T12:32:02.665+0000] {logging_mixin.py:117} INFO - [2022-10-03T12:32:02.665+0000] {dag.py:2573} INFO - Sync 1 DAGs
[2022-10-03T12:32:02.697+0000] {logging_mixin.py:117} INFO - [2022-10-03T12:32:02.697+0000] {dag.py:3328} INFO - Setting next_dagrun for example_branch_labels to 2022-10-02T00:00:00+00:00, run_after=2022-10-03T00:00:00+00:00
[2022-10-03T12:32:02.725+0000] {processor.py:178} INFO - Processing /home/airflow/.local/lib/python3.7/site-packages/airflow/example_dags/example_branch_labels.py took 0.128 seconds
[2022-10-03T12:32:33.118+0000] {processor.py:156} INFO - Started process (PID=3491) to work on /home/airflow/.local/lib/python3.7/site-packages/airflow/example_dags/example_branch_labels.py
[2022-10-03T12:32:33.118+0000] {processor.py:758} INFO - Processing file /home/airflow/.local/lib/python3.7/site-packages/airflow/example_dags/example_branch_labels.py for tasks to queue
[2022-10-03T12:32:33.119+0000] {logging_mixin.py:117} INFO - [2022-10-03T12:32:33.119+0000] {dagbag.py:525} INFO - Filling up the DagBag from /home/airflow/.local/lib/python3.7/site-packages/airflow/example_dags/example_branch_labels.py
[2022-10-03T12:32:33.137+0000] {processor.py:768} INFO - DAG(s) dict_keys(['example_branch_labels']) retrieved from /home/airflow/.local/lib/python3.7/site-packages/airflow/example_dags/example_branch_labels.py
[2022-10-03T12:32:33.185+0000] {logging_mixin.py:117} INFO - [2022-10-03T12:32:33.185+0000] {dag.py:2573} INFO - Sync 1 DAGs
[2022-10-03T12:32:33.219+0000] {logging_mixin.py:117} INFO - [2022-10-03T12:32:33.219+0000] {dag.py:3328} INFO - Setting next_dagrun for example_branch_labels to 2022-10-02T00:00:00+00:00, run_after=2022-10-03T00:00:00+00:00
[2022-10-03T12:32:33.249+0000] {processor.py:178} INFO - Processing /home/airflow/.local/lib/python3.7/site-packages/airflow/example_dags/example_branch_labels.py took 0.137 seconds
[2022-10-03T12:33:03.320+0000] {processor.py:156} INFO - Started process (PID=3691) to work on /home/airflow/.local/lib/python3.7/site-packages/airflow/example_dags/example_branch_labels.py
[2022-10-03T12:33:03.321+0000] {processor.py:758} INFO - Processing file /home/airflow/.local/lib/python3.7/site-packages/airflow/example_dags/example_branch_labels.py for tasks to queue
[2022-10-03T12:33:03.322+0000] {logging_mixin.py:117} INFO - [2022-10-03T12:33:03.322+0000] {dagbag.py:525} INFO - Filling up the DagBag from /home/airflow/.local/lib/python3.7/site-packages/airflow/example_dags/example_branch_labels.py
[2022-10-03T12:33:03.338+0000] {processor.py:768} INFO - DAG(s) dict_keys(['example_branch_labels']) retrieved from /home/airflow/.local/lib/python3.7/site-packages/airflow/example_dags/example_branch_labels.py
[2022-10-03T12:33:03.394+0000] {logging_mixin.py:117} INFO - [2022-10-03T12:33:03.394+0000] {dag.py:2573} INFO - Sync 1 DAGs
[2022-10-03T12:33:03.433+0000] {logging_mixin.py:117} INFO - [2022-10-03T12:33:03.433+0000] {dag.py:3328} INFO - Setting next_dagrun for example_branch_labels to 2022-10-02T00:00:00+00:00, run_after=2022-10-03T00:00:00+00:00
[2022-10-03T12:33:03.465+0000] {processor.py:178} INFO - Processing /home/airflow/.local/lib/python3.7/site-packages/airflow/example_dags/example_branch_labels.py took 0.148 seconds
[2022-10-03T12:33:33.711+0000] {processor.py:156} INFO - Started process (PID=3898) to work on /home/airflow/.local/lib/python3.7/site-packages/airflow/example_dags/example_branch_labels.py
[2022-10-03T12:33:33.712+0000] {processor.py:758} INFO - Processing file /home/airflow/.local/lib/python3.7/site-packages/airflow/example_dags/example_branch_labels.py for tasks to queue
[2022-10-03T12:33:33.713+0000] {logging_mixin.py:117} INFO - [2022-10-03T12:33:33.712+0000] {dagbag.py:525} INFO - Filling up the DagBag from /home/airflow/.local/lib/python3.7/site-packages/airflow/example_dags/example_branch_labels.py
[2022-10-03T12:33:33.733+0000] {processor.py:768} INFO - DAG(s) dict_keys(['example_branch_labels']) retrieved from /home/airflow/.local/lib/python3.7/site-packages/airflow/example_dags/example_branch_labels.py
[2022-10-03T12:33:33.787+0000] {logging_mixin.py:117} INFO - [2022-10-03T12:33:33.787+0000] {dag.py:2573} INFO - Sync 1 DAGs
[2022-10-03T12:33:33.823+0000] {logging_mixin.py:117} INFO - [2022-10-03T12:33:33.823+0000] {dag.py:3328} INFO - Setting next_dagrun for example_branch_labels to 2022-10-02T00:00:00+00:00, run_after=2022-10-03T00:00:00+00:00
[2022-10-03T12:33:33.852+0000] {processor.py:178} INFO - Processing /home/airflow/.local/lib/python3.7/site-packages/airflow/example_dags/example_branch_labels.py took 0.144 seconds
[2022-10-03T12:34:04.333+0000] {processor.py:156} INFO - Started process (PID=4096) to work on /home/airflow/.local/lib/python3.7/site-packages/airflow/example_dags/example_branch_labels.py
[2022-10-03T12:34:04.334+0000] {processor.py:758} INFO - Processing file /home/airflow/.local/lib/python3.7/site-packages/airflow/example_dags/example_branch_labels.py for tasks to queue
[2022-10-03T12:34:04.335+0000] {logging_mixin.py:117} INFO - [2022-10-03T12:34:04.335+0000] {dagbag.py:525} INFO - Filling up the DagBag from /home/airflow/.local/lib/python3.7/site-packages/airflow/example_dags/example_branch_labels.py
[2022-10-03T12:34:04.352+0000] {processor.py:768} INFO - DAG(s) dict_keys(['example_branch_labels']) retrieved from /home/airflow/.local/lib/python3.7/site-packages/airflow/example_dags/example_branch_labels.py
[2022-10-03T12:34:04.400+0000] {logging_mixin.py:117} INFO - [2022-10-03T12:34:04.400+0000] {dag.py:2573} INFO - Sync 1 DAGs
[2022-10-03T12:34:04.434+0000] {logging_mixin.py:117} INFO - [2022-10-03T12:34:04.434+0000] {dag.py:3328} INFO - Setting next_dagrun for example_branch_labels to 2022-10-02T00:00:00+00:00, run_after=2022-10-03T00:00:00+00:00
[2022-10-03T12:34:04.463+0000] {processor.py:178} INFO - Processing /home/airflow/.local/lib/python3.7/site-packages/airflow/example_dags/example_branch_labels.py took 0.132 seconds
[2022-10-03T12:34:34.902+0000] {processor.py:156} INFO - Started process (PID=4304) to work on /home/airflow/.local/lib/python3.7/site-packages/airflow/example_dags/example_branch_labels.py
[2022-10-03T12:34:34.903+0000] {processor.py:758} INFO - Processing file /home/airflow/.local/lib/python3.7/site-packages/airflow/example_dags/example_branch_labels.py for tasks to queue
[2022-10-03T12:34:34.904+0000] {logging_mixin.py:117} INFO - [2022-10-03T12:34:34.904+0000] {dagbag.py:525} INFO - Filling up the DagBag from /home/airflow/.local/lib/python3.7/site-packages/airflow/example_dags/example_branch_labels.py
[2022-10-03T12:34:34.921+0000] {processor.py:768} INFO - DAG(s) dict_keys(['example_branch_labels']) retrieved from /home/airflow/.local/lib/python3.7/site-packages/airflow/example_dags/example_branch_labels.py
[2022-10-03T12:34:34.967+0000] {logging_mixin.py:117} INFO - [2022-10-03T12:34:34.966+0000] {dag.py:2573} INFO - Sync 1 DAGs
[2022-10-03T12:34:34.998+0000] {logging_mixin.py:117} INFO - [2022-10-03T12:34:34.998+0000] {dag.py:3328} INFO - Setting next_dagrun for example_branch_labels to 2022-10-02T00:00:00+00:00, run_after=2022-10-03T00:00:00+00:00
[2022-10-03T12:34:35.026+0000] {processor.py:178} INFO - Processing /home/airflow/.local/lib/python3.7/site-packages/airflow/example_dags/example_branch_labels.py took 0.127 seconds
[2022-10-03T12:35:05.305+0000] {processor.py:156} INFO - Started process (PID=4504) to work on /home/airflow/.local/lib/python3.7/site-packages/airflow/example_dags/example_branch_labels.py
[2022-10-03T12:35:05.306+0000] {processor.py:758} INFO - Processing file /home/airflow/.local/lib/python3.7/site-packages/airflow/example_dags/example_branch_labels.py for tasks to queue
[2022-10-03T12:35:05.307+0000] {logging_mixin.py:117} INFO - [2022-10-03T12:35:05.307+0000] {dagbag.py:525} INFO - Filling up the DagBag from /home/airflow/.local/lib/python3.7/site-packages/airflow/example_dags/example_branch_labels.py
[2022-10-03T12:35:05.328+0000] {processor.py:768} INFO - DAG(s) dict_keys(['example_branch_labels']) retrieved from /home/airflow/.local/lib/python3.7/site-packages/airflow/example_dags/example_branch_labels.py
[2022-10-03T12:35:05.394+0000] {logging_mixin.py:117} INFO - [2022-10-03T12:35:05.393+0000] {dag.py:2573} INFO - Sync 1 DAGs
[2022-10-03T12:35:05.441+0000] {logging_mixin.py:117} INFO - [2022-10-03T12:35:05.441+0000] {dag.py:3328} INFO - Setting next_dagrun for example_branch_labels to 2022-10-02T00:00:00+00:00, run_after=2022-10-03T00:00:00+00:00
[2022-10-03T12:35:05.481+0000] {processor.py:178} INFO - Processing /home/airflow/.local/lib/python3.7/site-packages/airflow/example_dags/example_branch_labels.py took 0.182 seconds
[2022-10-03T12:35:35.897+0000] {processor.py:156} INFO - Started process (PID=4709) to work on /home/airflow/.local/lib/python3.7/site-packages/airflow/example_dags/example_branch_labels.py
[2022-10-03T12:35:35.899+0000] {processor.py:758} INFO - Processing file /home/airflow/.local/lib/python3.7/site-packages/airflow/example_dags/example_branch_labels.py for tasks to queue
[2022-10-03T12:35:35.901+0000] {logging_mixin.py:117} INFO - [2022-10-03T12:35:35.900+0000] {dagbag.py:525} INFO - Filling up the DagBag from /home/airflow/.local/lib/python3.7/site-packages/airflow/example_dags/example_branch_labels.py
[2022-10-03T12:35:35.945+0000] {processor.py:768} INFO - DAG(s) dict_keys(['example_branch_labels']) retrieved from /home/airflow/.local/lib/python3.7/site-packages/airflow/example_dags/example_branch_labels.py
[2022-10-03T12:35:36.047+0000] {logging_mixin.py:117} INFO - [2022-10-03T12:35:36.047+0000] {dag.py:2573} INFO - Sync 1 DAGs
[2022-10-03T12:35:36.135+0000] {logging_mixin.py:117} INFO - [2022-10-03T12:35:36.135+0000] {dag.py:3328} INFO - Setting next_dagrun for example_branch_labels to 2022-10-02T00:00:00+00:00, run_after=2022-10-03T00:00:00+00:00
[2022-10-03T12:35:36.191+0000] {processor.py:178} INFO - Processing /home/airflow/.local/lib/python3.7/site-packages/airflow/example_dags/example_branch_labels.py took 0.303 seconds
[2022-10-03T12:36:06.926+0000] {processor.py:156} INFO - Started process (PID=4907) to work on /home/airflow/.local/lib/python3.7/site-packages/airflow/example_dags/example_branch_labels.py
[2022-10-03T12:36:06.927+0000] {processor.py:758} INFO - Processing file /home/airflow/.local/lib/python3.7/site-packages/airflow/example_dags/example_branch_labels.py for tasks to queue
[2022-10-03T12:36:06.928+0000] {logging_mixin.py:117} INFO - [2022-10-03T12:36:06.928+0000] {dagbag.py:525} INFO - Filling up the DagBag from /home/airflow/.local/lib/python3.7/site-packages/airflow/example_dags/example_branch_labels.py
[2022-10-03T12:36:06.946+0000] {processor.py:768} INFO - DAG(s) dict_keys(['example_branch_labels']) retrieved from /home/airflow/.local/lib/python3.7/site-packages/airflow/example_dags/example_branch_labels.py
[2022-10-03T12:36:06.991+0000] {logging_mixin.py:117} INFO - [2022-10-03T12:36:06.991+0000] {dag.py:2573} INFO - Sync 1 DAGs
[2022-10-03T12:36:07.023+0000] {logging_mixin.py:117} INFO - [2022-10-03T12:36:07.023+0000] {dag.py:3328} INFO - Setting next_dagrun for example_branch_labels to 2022-10-02T00:00:00+00:00, run_after=2022-10-03T00:00:00+00:00
[2022-10-03T12:36:07.049+0000] {processor.py:178} INFO - Processing /home/airflow/.local/lib/python3.7/site-packages/airflow/example_dags/example_branch_labels.py took 0.126 seconds
[2022-10-03T12:36:37.362+0000] {processor.py:156} INFO - Started process (PID=5114) to work on /home/airflow/.local/lib/python3.7/site-packages/airflow/example_dags/example_branch_labels.py
[2022-10-03T12:36:37.363+0000] {processor.py:758} INFO - Processing file /home/airflow/.local/lib/python3.7/site-packages/airflow/example_dags/example_branch_labels.py for tasks to queue
[2022-10-03T12:36:37.364+0000] {logging_mixin.py:117} INFO - [2022-10-03T12:36:37.364+0000] {dagbag.py:525} INFO - Filling up the DagBag from /home/airflow/.local/lib/python3.7/site-packages/airflow/example_dags/example_branch_labels.py
[2022-10-03T12:36:37.381+0000] {processor.py:768} INFO - DAG(s) dict_keys(['example_branch_labels']) retrieved from /home/airflow/.local/lib/python3.7/site-packages/airflow/example_dags/example_branch_labels.py
[2022-10-03T12:36:37.428+0000] {logging_mixin.py:117} INFO - [2022-10-03T12:36:37.428+0000] {dag.py:2573} INFO - Sync 1 DAGs
[2022-10-03T12:36:37.460+0000] {logging_mixin.py:117} INFO - [2022-10-03T12:36:37.460+0000] {dag.py:3328} INFO - Setting next_dagrun for example_branch_labels to 2022-10-02T00:00:00+00:00, run_after=2022-10-03T00:00:00+00:00
[2022-10-03T12:36:37.490+0000] {processor.py:178} INFO - Processing /home/airflow/.local/lib/python3.7/site-packages/airflow/example_dags/example_branch_labels.py took 0.130 seconds
[2022-10-03T12:37:08.508+0000] {processor.py:156} INFO - Started process (PID=5312) to work on /home/airflow/.local/lib/python3.7/site-packages/airflow/example_dags/example_branch_labels.py
[2022-10-03T12:37:08.509+0000] {processor.py:758} INFO - Processing file /home/airflow/.local/lib/python3.7/site-packages/airflow/example_dags/example_branch_labels.py for tasks to queue
[2022-10-03T12:37:08.510+0000] {logging_mixin.py:117} INFO - [2022-10-03T12:37:08.510+0000] {dagbag.py:525} INFO - Filling up the DagBag from /home/airflow/.local/lib/python3.7/site-packages/airflow/example_dags/example_branch_labels.py
[2022-10-03T12:37:08.530+0000] {processor.py:768} INFO - DAG(s) dict_keys(['example_branch_labels']) retrieved from /home/airflow/.local/lib/python3.7/site-packages/airflow/example_dags/example_branch_labels.py
[2022-10-03T12:37:08.577+0000] {logging_mixin.py:117} INFO - [2022-10-03T12:37:08.577+0000] {dag.py:2573} INFO - Sync 1 DAGs
[2022-10-03T12:37:08.609+0000] {logging_mixin.py:117} INFO - [2022-10-03T12:37:08.609+0000] {dag.py:3328} INFO - Setting next_dagrun for example_branch_labels to 2022-10-02T00:00:00+00:00, run_after=2022-10-03T00:00:00+00:00
[2022-10-03T12:37:08.638+0000] {processor.py:178} INFO - Processing /home/airflow/.local/lib/python3.7/site-packages/airflow/example_dags/example_branch_labels.py took 0.133 seconds
[2022-10-03T12:37:39.262+0000] {processor.py:156} INFO - Started process (PID=5519) to work on /home/airflow/.local/lib/python3.7/site-packages/airflow/example_dags/example_branch_labels.py
[2022-10-03T12:37:39.262+0000] {processor.py:758} INFO - Processing file /home/airflow/.local/lib/python3.7/site-packages/airflow/example_dags/example_branch_labels.py for tasks to queue
[2022-10-03T12:37:39.263+0000] {logging_mixin.py:117} INFO - [2022-10-03T12:37:39.263+0000] {dagbag.py:525} INFO - Filling up the DagBag from /home/airflow/.local/lib/python3.7/site-packages/airflow/example_dags/example_branch_labels.py
[2022-10-03T12:37:39.283+0000] {processor.py:768} INFO - DAG(s) dict_keys(['example_branch_labels']) retrieved from /home/airflow/.local/lib/python3.7/site-packages/airflow/example_dags/example_branch_labels.py
[2022-10-03T12:37:39.336+0000] {logging_mixin.py:117} INFO - [2022-10-03T12:37:39.336+0000] {dag.py:2573} INFO - Sync 1 DAGs
[2022-10-03T12:37:39.371+0000] {logging_mixin.py:117} INFO - [2022-10-03T12:37:39.371+0000] {dag.py:3328} INFO - Setting next_dagrun for example_branch_labels to 2022-10-02T00:00:00+00:00, run_after=2022-10-03T00:00:00+00:00
[2022-10-03T12:37:39.400+0000] {processor.py:178} INFO - Processing /home/airflow/.local/lib/python3.7/site-packages/airflow/example_dags/example_branch_labels.py took 0.142 seconds
[2022-10-03T12:38:10.274+0000] {processor.py:156} INFO - Started process (PID=5726) to work on /home/airflow/.local/lib/python3.7/site-packages/airflow/example_dags/example_branch_labels.py
[2022-10-03T12:38:10.275+0000] {processor.py:758} INFO - Processing file /home/airflow/.local/lib/python3.7/site-packages/airflow/example_dags/example_branch_labels.py for tasks to queue
[2022-10-03T12:38:10.276+0000] {logging_mixin.py:117} INFO - [2022-10-03T12:38:10.276+0000] {dagbag.py:525} INFO - Filling up the DagBag from /home/airflow/.local/lib/python3.7/site-packages/airflow/example_dags/example_branch_labels.py
[2022-10-03T12:38:10.296+0000] {processor.py:768} INFO - DAG(s) dict_keys(['example_branch_labels']) retrieved from /home/airflow/.local/lib/python3.7/site-packages/airflow/example_dags/example_branch_labels.py
[2022-10-03T12:38:10.348+0000] {logging_mixin.py:117} INFO - [2022-10-03T12:38:10.348+0000] {dag.py:2573} INFO - Sync 1 DAGs
[2022-10-03T12:38:10.398+0000] {logging_mixin.py:117} INFO - [2022-10-03T12:38:10.398+0000] {dag.py:3328} INFO - Setting next_dagrun for example_branch_labels to 2022-10-02T00:00:00+00:00, run_after=2022-10-03T00:00:00+00:00
[2022-10-03T12:38:10.434+0000] {processor.py:178} INFO - Processing /home/airflow/.local/lib/python3.7/site-packages/airflow/example_dags/example_branch_labels.py took 0.164 seconds
[2022-10-03T12:38:40.781+0000] {processor.py:156} INFO - Started process (PID=5924) to work on /home/airflow/.local/lib/python3.7/site-packages/airflow/example_dags/example_branch_labels.py
[2022-10-03T12:38:40.782+0000] {processor.py:758} INFO - Processing file /home/airflow/.local/lib/python3.7/site-packages/airflow/example_dags/example_branch_labels.py for tasks to queue
[2022-10-03T12:38:40.784+0000] {logging_mixin.py:117} INFO - [2022-10-03T12:38:40.783+0000] {dagbag.py:525} INFO - Filling up the DagBag from /home/airflow/.local/lib/python3.7/site-packages/airflow/example_dags/example_branch_labels.py
[2022-10-03T12:38:40.818+0000] {processor.py:768} INFO - DAG(s) dict_keys(['example_branch_labels']) retrieved from /home/airflow/.local/lib/python3.7/site-packages/airflow/example_dags/example_branch_labels.py
[2022-10-03T12:38:40.909+0000] {logging_mixin.py:117} INFO - [2022-10-03T12:38:40.908+0000] {dag.py:2573} INFO - Sync 1 DAGs
[2022-10-03T12:38:40.980+0000] {logging_mixin.py:117} INFO - [2022-10-03T12:38:40.980+0000] {dag.py:3328} INFO - Setting next_dagrun for example_branch_labels to 2022-10-02T00:00:00+00:00, run_after=2022-10-03T00:00:00+00:00
[2022-10-03T12:38:41.025+0000] {processor.py:178} INFO - Processing /home/airflow/.local/lib/python3.7/site-packages/airflow/example_dags/example_branch_labels.py took 0.250 seconds
[2022-10-03T12:39:11.561+0000] {processor.py:156} INFO - Started process (PID=6131) to work on /home/airflow/.local/lib/python3.7/site-packages/airflow/example_dags/example_branch_labels.py
[2022-10-03T12:39:11.562+0000] {processor.py:758} INFO - Processing file /home/airflow/.local/lib/python3.7/site-packages/airflow/example_dags/example_branch_labels.py for tasks to queue
[2022-10-03T12:39:11.563+0000] {logging_mixin.py:117} INFO - [2022-10-03T12:39:11.563+0000] {dagbag.py:525} INFO - Filling up the DagBag from /home/airflow/.local/lib/python3.7/site-packages/airflow/example_dags/example_branch_labels.py
[2022-10-03T12:39:11.591+0000] {processor.py:768} INFO - DAG(s) dict_keys(['example_branch_labels']) retrieved from /home/airflow/.local/lib/python3.7/site-packages/airflow/example_dags/example_branch_labels.py
[2022-10-03T12:39:11.659+0000] {logging_mixin.py:117} INFO - [2022-10-03T12:39:11.659+0000] {dag.py:2573} INFO - Sync 1 DAGs
[2022-10-03T12:39:11.697+0000] {logging_mixin.py:117} INFO - [2022-10-03T12:39:11.697+0000] {dag.py:3328} INFO - Setting next_dagrun for example_branch_labels to 2022-10-02T00:00:00+00:00, run_after=2022-10-03T00:00:00+00:00
[2022-10-03T12:39:11.725+0000] {processor.py:178} INFO - Processing /home/airflow/.local/lib/python3.7/site-packages/airflow/example_dags/example_branch_labels.py took 0.168 seconds
[2022-10-03T12:39:41.937+0000] {processor.py:156} INFO - Started process (PID=6329) to work on /home/airflow/.local/lib/python3.7/site-packages/airflow/example_dags/example_branch_labels.py
[2022-10-03T12:39:41.939+0000] {processor.py:758} INFO - Processing file /home/airflow/.local/lib/python3.7/site-packages/airflow/example_dags/example_branch_labels.py for tasks to queue
[2022-10-03T12:39:41.940+0000] {logging_mixin.py:117} INFO - [2022-10-03T12:39:41.940+0000] {dagbag.py:525} INFO - Filling up the DagBag from /home/airflow/.local/lib/python3.7/site-packages/airflow/example_dags/example_branch_labels.py
[2022-10-03T12:39:41.975+0000] {processor.py:768} INFO - DAG(s) dict_keys(['example_branch_labels']) retrieved from /home/airflow/.local/lib/python3.7/site-packages/airflow/example_dags/example_branch_labels.py
[2022-10-03T12:39:42.070+0000] {logging_mixin.py:117} INFO - [2022-10-03T12:39:42.070+0000] {dag.py:2573} INFO - Sync 1 DAGs
[2022-10-03T12:39:42.137+0000] {logging_mixin.py:117} INFO - [2022-10-03T12:39:42.137+0000] {dag.py:3328} INFO - Setting next_dagrun for example_branch_labels to 2022-10-02T00:00:00+00:00, run_after=2022-10-03T00:00:00+00:00
[2022-10-03T12:39:42.182+0000] {processor.py:178} INFO - Processing /home/airflow/.local/lib/python3.7/site-packages/airflow/example_dags/example_branch_labels.py took 0.250 seconds
[2022-10-03T12:40:12.656+0000] {processor.py:156} INFO - Started process (PID=6538) to work on /home/airflow/.local/lib/python3.7/site-packages/airflow/example_dags/example_branch_labels.py
[2022-10-03T12:40:12.657+0000] {processor.py:758} INFO - Processing file /home/airflow/.local/lib/python3.7/site-packages/airflow/example_dags/example_branch_labels.py for tasks to queue
[2022-10-03T12:40:12.658+0000] {logging_mixin.py:117} INFO - [2022-10-03T12:40:12.657+0000] {dagbag.py:525} INFO - Filling up the DagBag from /home/airflow/.local/lib/python3.7/site-packages/airflow/example_dags/example_branch_labels.py
[2022-10-03T12:40:12.674+0000] {processor.py:768} INFO - DAG(s) dict_keys(['example_branch_labels']) retrieved from /home/airflow/.local/lib/python3.7/site-packages/airflow/example_dags/example_branch_labels.py
[2022-10-03T12:40:12.716+0000] {logging_mixin.py:117} INFO - [2022-10-03T12:40:12.716+0000] {dag.py:2573} INFO - Sync 1 DAGs
[2022-10-03T12:40:12.747+0000] {logging_mixin.py:117} INFO - [2022-10-03T12:40:12.747+0000] {dag.py:3328} INFO - Setting next_dagrun for example_branch_labels to 2022-10-02T00:00:00+00:00, run_after=2022-10-03T00:00:00+00:00
[2022-10-03T12:40:12.772+0000] {processor.py:178} INFO - Processing /home/airflow/.local/lib/python3.7/site-packages/airflow/example_dags/example_branch_labels.py took 0.120 seconds
[2022-10-03T12:40:43.920+0000] {processor.py:156} INFO - Started process (PID=6743) to work on /home/airflow/.local/lib/python3.7/site-packages/airflow/example_dags/example_branch_labels.py
[2022-10-03T12:40:43.921+0000] {processor.py:758} INFO - Processing file /home/airflow/.local/lib/python3.7/site-packages/airflow/example_dags/example_branch_labels.py for tasks to queue
[2022-10-03T12:40:43.923+0000] {logging_mixin.py:117} INFO - [2022-10-03T12:40:43.922+0000] {dagbag.py:525} INFO - Filling up the DagBag from /home/airflow/.local/lib/python3.7/site-packages/airflow/example_dags/example_branch_labels.py
[2022-10-03T12:40:43.967+0000] {processor.py:768} INFO - DAG(s) dict_keys(['example_branch_labels']) retrieved from /home/airflow/.local/lib/python3.7/site-packages/airflow/example_dags/example_branch_labels.py
[2022-10-03T12:40:44.097+0000] {logging_mixin.py:117} INFO - [2022-10-03T12:40:44.096+0000] {dag.py:2573} INFO - Sync 1 DAGs
[2022-10-03T12:40:44.178+0000] {logging_mixin.py:117} INFO - [2022-10-03T12:40:44.178+0000] {dag.py:3328} INFO - Setting next_dagrun for example_branch_labels to 2022-10-02T00:00:00+00:00, run_after=2022-10-03T00:00:00+00:00
[2022-10-03T12:40:44.237+0000] {processor.py:178} INFO - Processing /home/airflow/.local/lib/python3.7/site-packages/airflow/example_dags/example_branch_labels.py took 0.326 seconds
[2022-10-03T12:41:14.786+0000] {processor.py:156} INFO - Started process (PID=6941) to work on /home/airflow/.local/lib/python3.7/site-packages/airflow/example_dags/example_branch_labels.py
[2022-10-03T12:41:14.787+0000] {processor.py:758} INFO - Processing file /home/airflow/.local/lib/python3.7/site-packages/airflow/example_dags/example_branch_labels.py for tasks to queue
[2022-10-03T12:41:14.788+0000] {logging_mixin.py:117} INFO - [2022-10-03T12:41:14.787+0000] {dagbag.py:525} INFO - Filling up the DagBag from /home/airflow/.local/lib/python3.7/site-packages/airflow/example_dags/example_branch_labels.py
[2022-10-03T12:41:14.810+0000] {processor.py:768} INFO - DAG(s) dict_keys(['example_branch_labels']) retrieved from /home/airflow/.local/lib/python3.7/site-packages/airflow/example_dags/example_branch_labels.py
[2022-10-03T12:41:14.865+0000] {logging_mixin.py:117} INFO - [2022-10-03T12:41:14.865+0000] {dag.py:2573} INFO - Sync 1 DAGs
[2022-10-03T12:41:14.901+0000] {logging_mixin.py:117} INFO - [2022-10-03T12:41:14.901+0000] {dag.py:3328} INFO - Setting next_dagrun for example_branch_labels to 2022-10-02T00:00:00+00:00, run_after=2022-10-03T00:00:00+00:00
[2022-10-03T12:41:14.945+0000] {processor.py:178} INFO - Processing /home/airflow/.local/lib/python3.7/site-packages/airflow/example_dags/example_branch_labels.py took 0.164 seconds
[2022-10-03T12:41:45.835+0000] {processor.py:156} INFO - Started process (PID=7148) to work on /home/airflow/.local/lib/python3.7/site-packages/airflow/example_dags/example_branch_labels.py
[2022-10-03T12:41:45.836+0000] {processor.py:758} INFO - Processing file /home/airflow/.local/lib/python3.7/site-packages/airflow/example_dags/example_branch_labels.py for tasks to queue
[2022-10-03T12:41:45.840+0000] {logging_mixin.py:117} INFO - [2022-10-03T12:41:45.839+0000] {dagbag.py:525} INFO - Filling up the DagBag from /home/airflow/.local/lib/python3.7/site-packages/airflow/example_dags/example_branch_labels.py
[2022-10-03T12:41:45.874+0000] {processor.py:768} INFO - DAG(s) dict_keys(['example_branch_labels']) retrieved from /home/airflow/.local/lib/python3.7/site-packages/airflow/example_dags/example_branch_labels.py
[2022-10-03T12:41:45.962+0000] {logging_mixin.py:117} INFO - [2022-10-03T12:41:45.962+0000] {dag.py:2573} INFO - Sync 1 DAGs
[2022-10-03T12:41:46.027+0000] {logging_mixin.py:117} INFO - [2022-10-03T12:41:46.027+0000] {dag.py:3328} INFO - Setting next_dagrun for example_branch_labels to 2022-10-02T00:00:00+00:00, run_after=2022-10-03T00:00:00+00:00
[2022-10-03T12:41:46.077+0000] {processor.py:178} INFO - Processing /home/airflow/.local/lib/python3.7/site-packages/airflow/example_dags/example_branch_labels.py took 0.249 seconds
[2022-10-03T12:42:16.483+0000] {processor.py:156} INFO - Started process (PID=7346) to work on /home/airflow/.local/lib/python3.7/site-packages/airflow/example_dags/example_branch_labels.py
[2022-10-03T12:42:16.484+0000] {processor.py:758} INFO - Processing file /home/airflow/.local/lib/python3.7/site-packages/airflow/example_dags/example_branch_labels.py for tasks to queue
[2022-10-03T12:42:16.485+0000] {logging_mixin.py:117} INFO - [2022-10-03T12:42:16.485+0000] {dagbag.py:525} INFO - Filling up the DagBag from /home/airflow/.local/lib/python3.7/site-packages/airflow/example_dags/example_branch_labels.py
[2022-10-03T12:42:16.500+0000] {processor.py:768} INFO - DAG(s) dict_keys(['example_branch_labels']) retrieved from /home/airflow/.local/lib/python3.7/site-packages/airflow/example_dags/example_branch_labels.py
[2022-10-03T12:42:16.554+0000] {logging_mixin.py:117} INFO - [2022-10-03T12:42:16.553+0000] {dag.py:2573} INFO - Sync 1 DAGs
[2022-10-03T12:42:16.596+0000] {logging_mixin.py:117} INFO - [2022-10-03T12:42:16.596+0000] {dag.py:3328} INFO - Setting next_dagrun for example_branch_labels to 2022-10-02T00:00:00+00:00, run_after=2022-10-03T00:00:00+00:00
[2022-10-03T12:42:16.626+0000] {processor.py:178} INFO - Processing /home/airflow/.local/lib/python3.7/site-packages/airflow/example_dags/example_branch_labels.py took 0.146 seconds
[2022-10-03T12:42:47.168+0000] {processor.py:156} INFO - Started process (PID=7553) to work on /home/airflow/.local/lib/python3.7/site-packages/airflow/example_dags/example_branch_labels.py
[2022-10-03T12:42:47.169+0000] {processor.py:758} INFO - Processing file /home/airflow/.local/lib/python3.7/site-packages/airflow/example_dags/example_branch_labels.py for tasks to queue
[2022-10-03T12:42:47.169+0000] {logging_mixin.py:117} INFO - [2022-10-03T12:42:47.169+0000] {dagbag.py:525} INFO - Filling up the DagBag from /home/airflow/.local/lib/python3.7/site-packages/airflow/example_dags/example_branch_labels.py
[2022-10-03T12:42:47.187+0000] {processor.py:768} INFO - DAG(s) dict_keys(['example_branch_labels']) retrieved from /home/airflow/.local/lib/python3.7/site-packages/airflow/example_dags/example_branch_labels.py
[2022-10-03T12:42:47.232+0000] {logging_mixin.py:117} INFO - [2022-10-03T12:42:47.232+0000] {dag.py:2573} INFO - Sync 1 DAGs
[2022-10-03T12:42:47.268+0000] {logging_mixin.py:117} INFO - [2022-10-03T12:42:47.268+0000] {dag.py:3328} INFO - Setting next_dagrun for example_branch_labels to 2022-10-02T00:00:00+00:00, run_after=2022-10-03T00:00:00+00:00
[2022-10-03T12:42:47.295+0000] {processor.py:178} INFO - Processing /home/airflow/.local/lib/python3.7/site-packages/airflow/example_dags/example_branch_labels.py took 0.131 seconds
[2022-10-03T12:43:18.322+0000] {processor.py:156} INFO - Started process (PID=7762) to work on /home/airflow/.local/lib/python3.7/site-packages/airflow/example_dags/example_branch_labels.py
[2022-10-03T12:43:18.324+0000] {processor.py:758} INFO - Processing file /home/airflow/.local/lib/python3.7/site-packages/airflow/example_dags/example_branch_labels.py for tasks to queue
[2022-10-03T12:43:18.325+0000] {logging_mixin.py:117} INFO - [2022-10-03T12:43:18.325+0000] {dagbag.py:525} INFO - Filling up the DagBag from /home/airflow/.local/lib/python3.7/site-packages/airflow/example_dags/example_branch_labels.py
[2022-10-03T12:43:18.361+0000] {processor.py:768} INFO - DAG(s) dict_keys(['example_branch_labels']) retrieved from /home/airflow/.local/lib/python3.7/site-packages/airflow/example_dags/example_branch_labels.py
[2022-10-03T12:43:18.453+0000] {logging_mixin.py:117} INFO - [2022-10-03T12:43:18.453+0000] {dag.py:2573} INFO - Sync 1 DAGs
[2022-10-03T12:43:18.517+0000] {logging_mixin.py:117} INFO - [2022-10-03T12:43:18.516+0000] {dag.py:3328} INFO - Setting next_dagrun for example_branch_labels to 2022-10-02T00:00:00+00:00, run_after=2022-10-03T00:00:00+00:00
[2022-10-03T12:43:18.560+0000] {processor.py:178} INFO - Processing /home/airflow/.local/lib/python3.7/site-packages/airflow/example_dags/example_branch_labels.py took 0.244 seconds
[2022-10-03T12:43:49.425+0000] {processor.py:156} INFO - Started process (PID=7960) to work on /home/airflow/.local/lib/python3.7/site-packages/airflow/example_dags/example_branch_labels.py
[2022-10-03T12:43:49.427+0000] {processor.py:758} INFO - Processing file /home/airflow/.local/lib/python3.7/site-packages/airflow/example_dags/example_branch_labels.py for tasks to queue
[2022-10-03T12:43:49.429+0000] {logging_mixin.py:117} INFO - [2022-10-03T12:43:49.429+0000] {dagbag.py:525} INFO - Filling up the DagBag from /home/airflow/.local/lib/python3.7/site-packages/airflow/example_dags/example_branch_labels.py
[2022-10-03T12:43:49.463+0000] {processor.py:768} INFO - DAG(s) dict_keys(['example_branch_labels']) retrieved from /home/airflow/.local/lib/python3.7/site-packages/airflow/example_dags/example_branch_labels.py
[2022-10-03T12:43:49.550+0000] {logging_mixin.py:117} INFO - [2022-10-03T12:43:49.550+0000] {dag.py:2573} INFO - Sync 1 DAGs
[2022-10-03T12:43:49.612+0000] {logging_mixin.py:117} INFO - [2022-10-03T12:43:49.612+0000] {dag.py:3328} INFO - Setting next_dagrun for example_branch_labels to 2022-10-02T00:00:00+00:00, run_after=2022-10-03T00:00:00+00:00
[2022-10-03T12:43:49.660+0000] {processor.py:178} INFO - Processing /home/airflow/.local/lib/python3.7/site-packages/airflow/example_dags/example_branch_labels.py took 0.241 seconds
[2022-10-03T12:44:20.102+0000] {processor.py:156} INFO - Started process (PID=8167) to work on /home/airflow/.local/lib/python3.7/site-packages/airflow/example_dags/example_branch_labels.py
[2022-10-03T12:44:20.103+0000] {processor.py:758} INFO - Processing file /home/airflow/.local/lib/python3.7/site-packages/airflow/example_dags/example_branch_labels.py for tasks to queue
[2022-10-03T12:44:20.104+0000] {logging_mixin.py:117} INFO - [2022-10-03T12:44:20.103+0000] {dagbag.py:525} INFO - Filling up the DagBag from /home/airflow/.local/lib/python3.7/site-packages/airflow/example_dags/example_branch_labels.py
[2022-10-03T12:44:20.119+0000] {processor.py:768} INFO - DAG(s) dict_keys(['example_branch_labels']) retrieved from /home/airflow/.local/lib/python3.7/site-packages/airflow/example_dags/example_branch_labels.py
[2022-10-03T12:44:20.162+0000] {logging_mixin.py:117} INFO - [2022-10-03T12:44:20.161+0000] {dag.py:2573} INFO - Sync 1 DAGs
[2022-10-03T12:44:20.191+0000] {logging_mixin.py:117} INFO - [2022-10-03T12:44:20.191+0000] {dag.py:3328} INFO - Setting next_dagrun for example_branch_labels to 2022-10-02T00:00:00+00:00, run_after=2022-10-03T00:00:00+00:00
[2022-10-03T12:44:20.218+0000] {processor.py:178} INFO - Processing /home/airflow/.local/lib/python3.7/site-packages/airflow/example_dags/example_branch_labels.py took 0.120 seconds
[2022-10-03T12:44:50.799+0000] {processor.py:156} INFO - Started process (PID=8374) to work on /home/airflow/.local/lib/python3.7/site-packages/airflow/example_dags/example_branch_labels.py
[2022-10-03T12:44:50.801+0000] {processor.py:758} INFO - Processing file /home/airflow/.local/lib/python3.7/site-packages/airflow/example_dags/example_branch_labels.py for tasks to queue
[2022-10-03T12:44:50.801+0000] {logging_mixin.py:117} INFO - [2022-10-03T12:44:50.801+0000] {dagbag.py:525} INFO - Filling up the DagBag from /home/airflow/.local/lib/python3.7/site-packages/airflow/example_dags/example_branch_labels.py
[2022-10-03T12:44:50.833+0000] {processor.py:768} INFO - DAG(s) dict_keys(['example_branch_labels']) retrieved from /home/airflow/.local/lib/python3.7/site-packages/airflow/example_dags/example_branch_labels.py
[2022-10-03T12:44:50.936+0000] {logging_mixin.py:117} INFO - [2022-10-03T12:44:50.935+0000] {dag.py:2573} INFO - Sync 1 DAGs
[2022-10-03T12:44:51.013+0000] {logging_mixin.py:117} INFO - [2022-10-03T12:44:51.012+0000] {dag.py:3328} INFO - Setting next_dagrun for example_branch_labels to 2022-10-02T00:00:00+00:00, run_after=2022-10-03T00:00:00+00:00
[2022-10-03T12:44:51.061+0000] {processor.py:178} INFO - Processing /home/airflow/.local/lib/python3.7/site-packages/airflow/example_dags/example_branch_labels.py took 0.267 seconds
[2022-10-03T12:45:21.158+0000] {processor.py:156} INFO - Started process (PID=8573) to work on /home/airflow/.local/lib/python3.7/site-packages/airflow/example_dags/example_branch_labels.py
[2022-10-03T12:45:21.160+0000] {processor.py:758} INFO - Processing file /home/airflow/.local/lib/python3.7/site-packages/airflow/example_dags/example_branch_labels.py for tasks to queue
[2022-10-03T12:45:21.161+0000] {logging_mixin.py:117} INFO - [2022-10-03T12:45:21.160+0000] {dagbag.py:525} INFO - Filling up the DagBag from /home/airflow/.local/lib/python3.7/site-packages/airflow/example_dags/example_branch_labels.py
[2022-10-03T12:45:21.180+0000] {processor.py:768} INFO - DAG(s) dict_keys(['example_branch_labels']) retrieved from /home/airflow/.local/lib/python3.7/site-packages/airflow/example_dags/example_branch_labels.py
[2022-10-03T12:45:21.229+0000] {logging_mixin.py:117} INFO - [2022-10-03T12:45:21.229+0000] {dag.py:2573} INFO - Sync 1 DAGs
[2022-10-03T12:45:21.270+0000] {logging_mixin.py:117} INFO - [2022-10-03T12:45:21.270+0000] {dag.py:3328} INFO - Setting next_dagrun for example_branch_labels to 2022-10-02T00:00:00+00:00, run_after=2022-10-03T00:00:00+00:00
[2022-10-03T12:45:21.299+0000] {processor.py:178} INFO - Processing /home/airflow/.local/lib/python3.7/site-packages/airflow/example_dags/example_branch_labels.py took 0.144 seconds
[2022-10-03T12:45:51.415+0000] {processor.py:156} INFO - Started process (PID=8780) to work on /home/airflow/.local/lib/python3.7/site-packages/airflow/example_dags/example_branch_labels.py
[2022-10-03T12:45:51.416+0000] {processor.py:758} INFO - Processing file /home/airflow/.local/lib/python3.7/site-packages/airflow/example_dags/example_branch_labels.py for tasks to queue
[2022-10-03T12:45:51.417+0000] {logging_mixin.py:117} INFO - [2022-10-03T12:45:51.417+0000] {dagbag.py:525} INFO - Filling up the DagBag from /home/airflow/.local/lib/python3.7/site-packages/airflow/example_dags/example_branch_labels.py
[2022-10-03T12:45:51.441+0000] {processor.py:768} INFO - DAG(s) dict_keys(['example_branch_labels']) retrieved from /home/airflow/.local/lib/python3.7/site-packages/airflow/example_dags/example_branch_labels.py
[2022-10-03T12:45:51.497+0000] {logging_mixin.py:117} INFO - [2022-10-03T12:45:51.496+0000] {dag.py:2573} INFO - Sync 1 DAGs
[2022-10-03T12:45:51.533+0000] {logging_mixin.py:117} INFO - [2022-10-03T12:45:51.533+0000] {dag.py:3328} INFO - Setting next_dagrun for example_branch_labels to 2022-10-02T00:00:00+00:00, run_after=2022-10-03T00:00:00+00:00
[2022-10-03T12:45:51.567+0000] {processor.py:178} INFO - Processing /home/airflow/.local/lib/python3.7/site-packages/airflow/example_dags/example_branch_labels.py took 0.157 seconds
