[2022-10-03T12:24:23.470+0000] {processor.py:156} INFO - Started process (PID=228) to work on /home/airflow/.local/lib/python3.7/site-packages/airflow/example_dags/example_complex.py
[2022-10-03T12:24:23.471+0000] {processor.py:758} INFO - Processing file /home/airflow/.local/lib/python3.7/site-packages/airflow/example_dags/example_complex.py for tasks to queue
[2022-10-03T12:24:23.472+0000] {logging_mixin.py:117} INFO - [2022-10-03T12:24:23.472+0000] {dagbag.py:525} INFO - Filling up the DagBag from /home/airflow/.local/lib/python3.7/site-packages/airflow/example_dags/example_complex.py
[2022-10-03T12:24:23.498+0000] {processor.py:768} INFO - DAG(s) dict_keys(['example_complex']) retrieved from /home/airflow/.local/lib/python3.7/site-packages/airflow/example_dags/example_complex.py
[2022-10-03T12:24:23.556+0000] {logging_mixin.py:117} INFO - [2022-10-03T12:24:23.555+0000] {dag.py:2573} INFO - Sync 1 DAGs
[2022-10-03T12:24:23.587+0000] {logging_mixin.py:117} INFO - [2022-10-03T12:24:23.587+0000] {dag.py:3328} INFO - Setting next_dagrun for example_complex to None, run_after=None
[2022-10-03T12:24:23.614+0000] {processor.py:178} INFO - Processing /home/airflow/.local/lib/python3.7/site-packages/airflow/example_dags/example_complex.py took 0.147 seconds
[2022-10-03T12:24:54.662+0000] {processor.py:156} INFO - Started process (PID=434) to work on /home/airflow/.local/lib/python3.7/site-packages/airflow/example_dags/example_complex.py
[2022-10-03T12:24:54.663+0000] {processor.py:758} INFO - Processing file /home/airflow/.local/lib/python3.7/site-packages/airflow/example_dags/example_complex.py for tasks to queue
[2022-10-03T12:24:54.664+0000] {logging_mixin.py:117} INFO - [2022-10-03T12:24:54.664+0000] {dagbag.py:525} INFO - Filling up the DagBag from /home/airflow/.local/lib/python3.7/site-packages/airflow/example_dags/example_complex.py
[2022-10-03T12:24:54.709+0000] {processor.py:768} INFO - DAG(s) dict_keys(['example_complex']) retrieved from /home/airflow/.local/lib/python3.7/site-packages/airflow/example_dags/example_complex.py
[2022-10-03T12:24:54.781+0000] {logging_mixin.py:117} INFO - [2022-10-03T12:24:54.781+0000] {dag.py:2573} INFO - Sync 1 DAGs
[2022-10-03T12:24:54.824+0000] {logging_mixin.py:117} INFO - [2022-10-03T12:24:54.824+0000] {dag.py:3328} INFO - Setting next_dagrun for example_complex to None, run_after=None
[2022-10-03T12:24:54.991+0000] {processor.py:178} INFO - Processing /home/airflow/.local/lib/python3.7/site-packages/airflow/example_dags/example_complex.py took 0.334 seconds
[2022-10-03T12:25:25.516+0000] {processor.py:156} INFO - Started process (PID=636) to work on /home/airflow/.local/lib/python3.7/site-packages/airflow/example_dags/example_complex.py
[2022-10-03T12:25:25.517+0000] {processor.py:758} INFO - Processing file /home/airflow/.local/lib/python3.7/site-packages/airflow/example_dags/example_complex.py for tasks to queue
[2022-10-03T12:25:25.520+0000] {logging_mixin.py:117} INFO - [2022-10-03T12:25:25.520+0000] {dagbag.py:525} INFO - Filling up the DagBag from /home/airflow/.local/lib/python3.7/site-packages/airflow/example_dags/example_complex.py
[2022-10-03T12:25:25.560+0000] {processor.py:768} INFO - DAG(s) dict_keys(['example_complex']) retrieved from /home/airflow/.local/lib/python3.7/site-packages/airflow/example_dags/example_complex.py
[2022-10-03T12:25:25.628+0000] {logging_mixin.py:117} INFO - [2022-10-03T12:25:25.628+0000] {dag.py:2573} INFO - Sync 1 DAGs
[2022-10-03T12:25:25.825+0000] {logging_mixin.py:117} INFO - [2022-10-03T12:25:25.824+0000] {dag.py:3328} INFO - Setting next_dagrun for example_complex to None, run_after=None
[2022-10-03T12:25:25.854+0000] {processor.py:178} INFO - Processing /home/airflow/.local/lib/python3.7/site-packages/airflow/example_dags/example_complex.py took 0.344 seconds
[2022-10-03T12:25:56.695+0000] {processor.py:156} INFO - Started process (PID=834) to work on /home/airflow/.local/lib/python3.7/site-packages/airflow/example_dags/example_complex.py
[2022-10-03T12:25:56.697+0000] {processor.py:758} INFO - Processing file /home/airflow/.local/lib/python3.7/site-packages/airflow/example_dags/example_complex.py for tasks to queue
[2022-10-03T12:25:56.698+0000] {logging_mixin.py:117} INFO - [2022-10-03T12:25:56.697+0000] {dagbag.py:525} INFO - Filling up the DagBag from /home/airflow/.local/lib/python3.7/site-packages/airflow/example_dags/example_complex.py
[2022-10-03T12:25:56.727+0000] {processor.py:768} INFO - DAG(s) dict_keys(['example_complex']) retrieved from /home/airflow/.local/lib/python3.7/site-packages/airflow/example_dags/example_complex.py
[2022-10-03T12:25:56.939+0000] {logging_mixin.py:117} INFO - [2022-10-03T12:25:56.939+0000] {dag.py:2573} INFO - Sync 1 DAGs
[2022-10-03T12:25:56.974+0000] {logging_mixin.py:117} INFO - [2022-10-03T12:25:56.973+0000] {dag.py:3328} INFO - Setting next_dagrun for example_complex to None, run_after=None
[2022-10-03T12:25:57.010+0000] {processor.py:178} INFO - Processing /home/airflow/.local/lib/python3.7/site-packages/airflow/example_dags/example_complex.py took 0.318 seconds
[2022-10-03T12:26:28.068+0000] {processor.py:156} INFO - Started process (PID=1042) to work on /home/airflow/.local/lib/python3.7/site-packages/airflow/example_dags/example_complex.py
[2022-10-03T12:26:28.070+0000] {processor.py:758} INFO - Processing file /home/airflow/.local/lib/python3.7/site-packages/airflow/example_dags/example_complex.py for tasks to queue
[2022-10-03T12:26:28.072+0000] {logging_mixin.py:117} INFO - [2022-10-03T12:26:28.071+0000] {dagbag.py:525} INFO - Filling up the DagBag from /home/airflow/.local/lib/python3.7/site-packages/airflow/example_dags/example_complex.py
[2022-10-03T12:26:28.125+0000] {processor.py:768} INFO - DAG(s) dict_keys(['example_complex']) retrieved from /home/airflow/.local/lib/python3.7/site-packages/airflow/example_dags/example_complex.py
[2022-10-03T12:26:28.557+0000] {logging_mixin.py:117} INFO - [2022-10-03T12:26:28.557+0000] {dag.py:2573} INFO - Sync 1 DAGs
[2022-10-03T12:26:28.638+0000] {logging_mixin.py:117} INFO - [2022-10-03T12:26:28.637+0000] {dag.py:3328} INFO - Setting next_dagrun for example_complex to None, run_after=None
[2022-10-03T12:26:28.687+0000] {processor.py:178} INFO - Processing /home/airflow/.local/lib/python3.7/site-packages/airflow/example_dags/example_complex.py took 0.625 seconds
[2022-10-03T12:26:59.261+0000] {processor.py:156} INFO - Started process (PID=1260) to work on /home/airflow/.local/lib/python3.7/site-packages/airflow/example_dags/example_complex.py
[2022-10-03T12:26:59.263+0000] {processor.py:758} INFO - Processing file /home/airflow/.local/lib/python3.7/site-packages/airflow/example_dags/example_complex.py for tasks to queue
[2022-10-03T12:26:59.265+0000] {logging_mixin.py:117} INFO - [2022-10-03T12:26:59.265+0000] {dagbag.py:525} INFO - Filling up the DagBag from /home/airflow/.local/lib/python3.7/site-packages/airflow/example_dags/example_complex.py
[2022-10-03T12:26:59.533+0000] {processor.py:768} INFO - DAG(s) dict_keys(['example_complex']) retrieved from /home/airflow/.local/lib/python3.7/site-packages/airflow/example_dags/example_complex.py
[2022-10-03T12:26:59.653+0000] {logging_mixin.py:117} INFO - [2022-10-03T12:26:59.653+0000] {dag.py:2573} INFO - Sync 1 DAGs
[2022-10-03T12:26:59.709+0000] {logging_mixin.py:117} INFO - [2022-10-03T12:26:59.708+0000] {dag.py:3328} INFO - Setting next_dagrun for example_complex to None, run_after=None
[2022-10-03T12:26:59.760+0000] {processor.py:178} INFO - Processing /home/airflow/.local/lib/python3.7/site-packages/airflow/example_dags/example_complex.py took 0.506 seconds
[2022-10-03T12:27:30.042+0000] {processor.py:156} INFO - Started process (PID=1485) to work on /home/airflow/.local/lib/python3.7/site-packages/airflow/example_dags/example_complex.py
[2022-10-03T12:27:30.042+0000] {processor.py:758} INFO - Processing file /home/airflow/.local/lib/python3.7/site-packages/airflow/example_dags/example_complex.py for tasks to queue
[2022-10-03T12:27:30.160+0000] {logging_mixin.py:117} INFO - [2022-10-03T12:27:30.160+0000] {dagbag.py:525} INFO - Filling up the DagBag from /home/airflow/.local/lib/python3.7/site-packages/airflow/example_dags/example_complex.py
[2022-10-03T12:27:30.177+0000] {processor.py:768} INFO - DAG(s) dict_keys(['example_complex']) retrieved from /home/airflow/.local/lib/python3.7/site-packages/airflow/example_dags/example_complex.py
[2022-10-03T12:27:30.217+0000] {logging_mixin.py:117} INFO - [2022-10-03T12:27:30.217+0000] {dag.py:2573} INFO - Sync 1 DAGs
[2022-10-03T12:27:30.242+0000] {logging_mixin.py:117} INFO - [2022-10-03T12:27:30.242+0000] {dag.py:3328} INFO - Setting next_dagrun for example_complex to None, run_after=None
[2022-10-03T12:27:30.266+0000] {processor.py:178} INFO - Processing /home/airflow/.local/lib/python3.7/site-packages/airflow/example_dags/example_complex.py took 0.228 seconds
[2022-10-03T12:28:00.293+0000] {processor.py:156} INFO - Started process (PID=1690) to work on /home/airflow/.local/lib/python3.7/site-packages/airflow/example_dags/example_complex.py
[2022-10-03T12:28:00.294+0000] {processor.py:758} INFO - Processing file /home/airflow/.local/lib/python3.7/site-packages/airflow/example_dags/example_complex.py for tasks to queue
[2022-10-03T12:28:00.295+0000] {logging_mixin.py:117} INFO - [2022-10-03T12:28:00.294+0000] {dagbag.py:525} INFO - Filling up the DagBag from /home/airflow/.local/lib/python3.7/site-packages/airflow/example_dags/example_complex.py
[2022-10-03T12:28:00.327+0000] {processor.py:768} INFO - DAG(s) dict_keys(['example_complex']) retrieved from /home/airflow/.local/lib/python3.7/site-packages/airflow/example_dags/example_complex.py
[2022-10-03T12:28:00.415+0000] {logging_mixin.py:117} INFO - [2022-10-03T12:28:00.415+0000] {dag.py:2573} INFO - Sync 1 DAGs
[2022-10-03T12:28:00.465+0000] {logging_mixin.py:117} INFO - [2022-10-03T12:28:00.465+0000] {dag.py:3328} INFO - Setting next_dagrun for example_complex to None, run_after=None
[2022-10-03T12:28:00.503+0000] {processor.py:178} INFO - Processing /home/airflow/.local/lib/python3.7/site-packages/airflow/example_dags/example_complex.py took 0.214 seconds
[2022-10-03T12:28:30.688+0000] {processor.py:156} INFO - Started process (PID=1894) to work on /home/airflow/.local/lib/python3.7/site-packages/airflow/example_dags/example_complex.py
[2022-10-03T12:28:30.689+0000] {processor.py:758} INFO - Processing file /home/airflow/.local/lib/python3.7/site-packages/airflow/example_dags/example_complex.py for tasks to queue
[2022-10-03T12:28:30.690+0000] {logging_mixin.py:117} INFO - [2022-10-03T12:28:30.689+0000] {dagbag.py:525} INFO - Filling up the DagBag from /home/airflow/.local/lib/python3.7/site-packages/airflow/example_dags/example_complex.py
[2022-10-03T12:28:30.730+0000] {processor.py:768} INFO - DAG(s) dict_keys(['example_complex']) retrieved from /home/airflow/.local/lib/python3.7/site-packages/airflow/example_dags/example_complex.py
[2022-10-03T12:28:30.799+0000] {logging_mixin.py:117} INFO - [2022-10-03T12:28:30.798+0000] {dag.py:2573} INFO - Sync 1 DAGs
[2022-10-03T12:28:30.840+0000] {logging_mixin.py:117} INFO - [2022-10-03T12:28:30.840+0000] {dag.py:3328} INFO - Setting next_dagrun for example_complex to None, run_after=None
[2022-10-03T12:28:30.867+0000] {processor.py:178} INFO - Processing /home/airflow/.local/lib/python3.7/site-packages/airflow/example_dags/example_complex.py took 0.183 seconds
[2022-10-03T12:29:01.310+0000] {processor.py:156} INFO - Started process (PID=2096) to work on /home/airflow/.local/lib/python3.7/site-packages/airflow/example_dags/example_complex.py
[2022-10-03T12:29:01.312+0000] {processor.py:758} INFO - Processing file /home/airflow/.local/lib/python3.7/site-packages/airflow/example_dags/example_complex.py for tasks to queue
[2022-10-03T12:29:01.312+0000] {logging_mixin.py:117} INFO - [2022-10-03T12:29:01.312+0000] {dagbag.py:525} INFO - Filling up the DagBag from /home/airflow/.local/lib/python3.7/site-packages/airflow/example_dags/example_complex.py
[2022-10-03T12:29:01.343+0000] {processor.py:768} INFO - DAG(s) dict_keys(['example_complex']) retrieved from /home/airflow/.local/lib/python3.7/site-packages/airflow/example_dags/example_complex.py
[2022-10-03T12:29:01.403+0000] {logging_mixin.py:117} INFO - [2022-10-03T12:29:01.403+0000] {dag.py:2573} INFO - Sync 1 DAGs
[2022-10-03T12:29:01.442+0000] {logging_mixin.py:117} INFO - [2022-10-03T12:29:01.441+0000] {dag.py:3328} INFO - Setting next_dagrun for example_complex to None, run_after=None
[2022-10-03T12:29:01.473+0000] {processor.py:178} INFO - Processing /home/airflow/.local/lib/python3.7/site-packages/airflow/example_dags/example_complex.py took 0.167 seconds
[2022-10-03T12:29:32.308+0000] {processor.py:156} INFO - Started process (PID=2294) to work on /home/airflow/.local/lib/python3.7/site-packages/airflow/example_dags/example_complex.py
[2022-10-03T12:29:32.309+0000] {processor.py:758} INFO - Processing file /home/airflow/.local/lib/python3.7/site-packages/airflow/example_dags/example_complex.py for tasks to queue
[2022-10-03T12:29:32.310+0000] {logging_mixin.py:117} INFO - [2022-10-03T12:29:32.309+0000] {dagbag.py:525} INFO - Filling up the DagBag from /home/airflow/.local/lib/python3.7/site-packages/airflow/example_dags/example_complex.py
[2022-10-03T12:29:32.334+0000] {processor.py:768} INFO - DAG(s) dict_keys(['example_complex']) retrieved from /home/airflow/.local/lib/python3.7/site-packages/airflow/example_dags/example_complex.py
[2022-10-03T12:29:32.389+0000] {logging_mixin.py:117} INFO - [2022-10-03T12:29:32.388+0000] {dag.py:2573} INFO - Sync 1 DAGs
[2022-10-03T12:29:32.422+0000] {logging_mixin.py:117} INFO - [2022-10-03T12:29:32.422+0000] {dag.py:3328} INFO - Setting next_dagrun for example_complex to None, run_after=None
[2022-10-03T12:29:32.450+0000] {processor.py:178} INFO - Processing /home/airflow/.local/lib/python3.7/site-packages/airflow/example_dags/example_complex.py took 0.145 seconds
[2022-10-03T12:30:02.485+0000] {processor.py:156} INFO - Started process (PID=2501) to work on /home/airflow/.local/lib/python3.7/site-packages/airflow/example_dags/example_complex.py
[2022-10-03T12:30:02.486+0000] {processor.py:758} INFO - Processing file /home/airflow/.local/lib/python3.7/site-packages/airflow/example_dags/example_complex.py for tasks to queue
[2022-10-03T12:30:02.486+0000] {logging_mixin.py:117} INFO - [2022-10-03T12:30:02.486+0000] {dagbag.py:525} INFO - Filling up the DagBag from /home/airflow/.local/lib/python3.7/site-packages/airflow/example_dags/example_complex.py
[2022-10-03T12:30:02.507+0000] {processor.py:768} INFO - DAG(s) dict_keys(['example_complex']) retrieved from /home/airflow/.local/lib/python3.7/site-packages/airflow/example_dags/example_complex.py
[2022-10-03T12:30:02.559+0000] {logging_mixin.py:117} INFO - [2022-10-03T12:30:02.558+0000] {dag.py:2573} INFO - Sync 1 DAGs
[2022-10-03T12:30:02.587+0000] {logging_mixin.py:117} INFO - [2022-10-03T12:30:02.587+0000] {dag.py:3328} INFO - Setting next_dagrun for example_complex to None, run_after=None
[2022-10-03T12:30:02.612+0000] {processor.py:178} INFO - Processing /home/airflow/.local/lib/python3.7/site-packages/airflow/example_dags/example_complex.py took 0.131 seconds
[2022-10-03T12:30:32.694+0000] {processor.py:156} INFO - Started process (PID=2699) to work on /home/airflow/.local/lib/python3.7/site-packages/airflow/example_dags/example_complex.py
[2022-10-03T12:30:32.695+0000] {processor.py:758} INFO - Processing file /home/airflow/.local/lib/python3.7/site-packages/airflow/example_dags/example_complex.py for tasks to queue
[2022-10-03T12:30:32.696+0000] {logging_mixin.py:117} INFO - [2022-10-03T12:30:32.696+0000] {dagbag.py:525} INFO - Filling up the DagBag from /home/airflow/.local/lib/python3.7/site-packages/airflow/example_dags/example_complex.py
[2022-10-03T12:30:32.732+0000] {processor.py:768} INFO - DAG(s) dict_keys(['example_complex']) retrieved from /home/airflow/.local/lib/python3.7/site-packages/airflow/example_dags/example_complex.py
[2022-10-03T12:30:32.793+0000] {logging_mixin.py:117} INFO - [2022-10-03T12:30:32.793+0000] {dag.py:2573} INFO - Sync 1 DAGs
[2022-10-03T12:30:32.829+0000] {logging_mixin.py:117} INFO - [2022-10-03T12:30:32.829+0000] {dag.py:3328} INFO - Setting next_dagrun for example_complex to None, run_after=None
[2022-10-03T12:30:32.857+0000] {processor.py:178} INFO - Processing /home/airflow/.local/lib/python3.7/site-packages/airflow/example_dags/example_complex.py took 0.168 seconds
[2022-10-03T12:31:03.143+0000] {processor.py:156} INFO - Started process (PID=2901) to work on /home/airflow/.local/lib/python3.7/site-packages/airflow/example_dags/example_complex.py
[2022-10-03T12:31:03.144+0000] {processor.py:758} INFO - Processing file /home/airflow/.local/lib/python3.7/site-packages/airflow/example_dags/example_complex.py for tasks to queue
[2022-10-03T12:31:03.145+0000] {logging_mixin.py:117} INFO - [2022-10-03T12:31:03.144+0000] {dagbag.py:525} INFO - Filling up the DagBag from /home/airflow/.local/lib/python3.7/site-packages/airflow/example_dags/example_complex.py
[2022-10-03T12:31:03.169+0000] {processor.py:768} INFO - DAG(s) dict_keys(['example_complex']) retrieved from /home/airflow/.local/lib/python3.7/site-packages/airflow/example_dags/example_complex.py
[2022-10-03T12:31:03.228+0000] {logging_mixin.py:117} INFO - [2022-10-03T12:31:03.228+0000] {dag.py:2573} INFO - Sync 1 DAGs
[2022-10-03T12:31:03.259+0000] {logging_mixin.py:117} INFO - [2022-10-03T12:31:03.259+0000] {dag.py:3328} INFO - Setting next_dagrun for example_complex to None, run_after=None
[2022-10-03T12:31:03.289+0000] {processor.py:178} INFO - Processing /home/airflow/.local/lib/python3.7/site-packages/airflow/example_dags/example_complex.py took 0.149 seconds
[2022-10-03T12:31:33.606+0000] {processor.py:156} INFO - Started process (PID=3104) to work on /home/airflow/.local/lib/python3.7/site-packages/airflow/example_dags/example_complex.py
[2022-10-03T12:31:33.606+0000] {processor.py:758} INFO - Processing file /home/airflow/.local/lib/python3.7/site-packages/airflow/example_dags/example_complex.py for tasks to queue
[2022-10-03T12:31:33.607+0000] {logging_mixin.py:117} INFO - [2022-10-03T12:31:33.607+0000] {dagbag.py:525} INFO - Filling up the DagBag from /home/airflow/.local/lib/python3.7/site-packages/airflow/example_dags/example_complex.py
[2022-10-03T12:31:33.634+0000] {processor.py:768} INFO - DAG(s) dict_keys(['example_complex']) retrieved from /home/airflow/.local/lib/python3.7/site-packages/airflow/example_dags/example_complex.py
[2022-10-03T12:31:33.723+0000] {logging_mixin.py:117} INFO - [2022-10-03T12:31:33.723+0000] {dag.py:2573} INFO - Sync 1 DAGs
[2022-10-03T12:31:33.757+0000] {logging_mixin.py:117} INFO - [2022-10-03T12:31:33.757+0000] {dag.py:3328} INFO - Setting next_dagrun for example_complex to None, run_after=None
[2022-10-03T12:31:33.787+0000] {processor.py:178} INFO - Processing /home/airflow/.local/lib/python3.7/site-packages/airflow/example_dags/example_complex.py took 0.186 seconds
[2022-10-03T12:32:04.066+0000] {processor.py:156} INFO - Started process (PID=3311) to work on /home/airflow/.local/lib/python3.7/site-packages/airflow/example_dags/example_complex.py
[2022-10-03T12:32:04.067+0000] {processor.py:758} INFO - Processing file /home/airflow/.local/lib/python3.7/site-packages/airflow/example_dags/example_complex.py for tasks to queue
[2022-10-03T12:32:04.068+0000] {logging_mixin.py:117} INFO - [2022-10-03T12:32:04.068+0000] {dagbag.py:525} INFO - Filling up the DagBag from /home/airflow/.local/lib/python3.7/site-packages/airflow/example_dags/example_complex.py
[2022-10-03T12:32:04.096+0000] {processor.py:768} INFO - DAG(s) dict_keys(['example_complex']) retrieved from /home/airflow/.local/lib/python3.7/site-packages/airflow/example_dags/example_complex.py
[2022-10-03T12:32:04.153+0000] {logging_mixin.py:117} INFO - [2022-10-03T12:32:04.153+0000] {dag.py:2573} INFO - Sync 1 DAGs
[2022-10-03T12:32:04.185+0000] {logging_mixin.py:117} INFO - [2022-10-03T12:32:04.185+0000] {dag.py:3328} INFO - Setting next_dagrun for example_complex to None, run_after=None
[2022-10-03T12:32:04.212+0000] {processor.py:178} INFO - Processing /home/airflow/.local/lib/python3.7/site-packages/airflow/example_dags/example_complex.py took 0.149 seconds
[2022-10-03T12:32:34.471+0000] {processor.py:156} INFO - Started process (PID=3518) to work on /home/airflow/.local/lib/python3.7/site-packages/airflow/example_dags/example_complex.py
[2022-10-03T12:32:34.472+0000] {processor.py:758} INFO - Processing file /home/airflow/.local/lib/python3.7/site-packages/airflow/example_dags/example_complex.py for tasks to queue
[2022-10-03T12:32:34.473+0000] {logging_mixin.py:117} INFO - [2022-10-03T12:32:34.473+0000] {dagbag.py:525} INFO - Filling up the DagBag from /home/airflow/.local/lib/python3.7/site-packages/airflow/example_dags/example_complex.py
[2022-10-03T12:32:34.496+0000] {processor.py:768} INFO - DAG(s) dict_keys(['example_complex']) retrieved from /home/airflow/.local/lib/python3.7/site-packages/airflow/example_dags/example_complex.py
[2022-10-03T12:32:34.552+0000] {logging_mixin.py:117} INFO - [2022-10-03T12:32:34.552+0000] {dag.py:2573} INFO - Sync 1 DAGs
[2022-10-03T12:32:34.585+0000] {logging_mixin.py:117} INFO - [2022-10-03T12:32:34.585+0000] {dag.py:3328} INFO - Setting next_dagrun for example_complex to None, run_after=None
[2022-10-03T12:32:34.610+0000] {processor.py:178} INFO - Processing /home/airflow/.local/lib/python3.7/site-packages/airflow/example_dags/example_complex.py took 0.143 seconds
[2022-10-03T12:33:04.699+0000] {processor.py:156} INFO - Started process (PID=3716) to work on /home/airflow/.local/lib/python3.7/site-packages/airflow/example_dags/example_complex.py
[2022-10-03T12:33:04.700+0000] {processor.py:758} INFO - Processing file /home/airflow/.local/lib/python3.7/site-packages/airflow/example_dags/example_complex.py for tasks to queue
[2022-10-03T12:33:04.700+0000] {logging_mixin.py:117} INFO - [2022-10-03T12:33:04.700+0000] {dagbag.py:525} INFO - Filling up the DagBag from /home/airflow/.local/lib/python3.7/site-packages/airflow/example_dags/example_complex.py
[2022-10-03T12:33:04.726+0000] {processor.py:768} INFO - DAG(s) dict_keys(['example_complex']) retrieved from /home/airflow/.local/lib/python3.7/site-packages/airflow/example_dags/example_complex.py
[2022-10-03T12:33:04.780+0000] {logging_mixin.py:117} INFO - [2022-10-03T12:33:04.780+0000] {dag.py:2573} INFO - Sync 1 DAGs
[2022-10-03T12:33:04.811+0000] {logging_mixin.py:117} INFO - [2022-10-03T12:33:04.811+0000] {dag.py:3328} INFO - Setting next_dagrun for example_complex to None, run_after=None
[2022-10-03T12:33:04.841+0000] {processor.py:178} INFO - Processing /home/airflow/.local/lib/python3.7/site-packages/airflow/example_dags/example_complex.py took 0.146 seconds
[2022-10-03T12:33:35.462+0000] {processor.py:156} INFO - Started process (PID=3923) to work on /home/airflow/.local/lib/python3.7/site-packages/airflow/example_dags/example_complex.py
[2022-10-03T12:33:35.463+0000] {processor.py:758} INFO - Processing file /home/airflow/.local/lib/python3.7/site-packages/airflow/example_dags/example_complex.py for tasks to queue
[2022-10-03T12:33:35.464+0000] {logging_mixin.py:117} INFO - [2022-10-03T12:33:35.464+0000] {dagbag.py:525} INFO - Filling up the DagBag from /home/airflow/.local/lib/python3.7/site-packages/airflow/example_dags/example_complex.py
[2022-10-03T12:33:35.498+0000] {processor.py:768} INFO - DAG(s) dict_keys(['example_complex']) retrieved from /home/airflow/.local/lib/python3.7/site-packages/airflow/example_dags/example_complex.py
[2022-10-03T12:33:35.563+0000] {logging_mixin.py:117} INFO - [2022-10-03T12:33:35.563+0000] {dag.py:2573} INFO - Sync 1 DAGs
[2022-10-03T12:33:35.598+0000] {logging_mixin.py:117} INFO - [2022-10-03T12:33:35.598+0000] {dag.py:3328} INFO - Setting next_dagrun for example_complex to None, run_after=None
[2022-10-03T12:33:35.625+0000] {processor.py:178} INFO - Processing /home/airflow/.local/lib/python3.7/site-packages/airflow/example_dags/example_complex.py took 0.169 seconds
[2022-10-03T12:34:05.861+0000] {processor.py:156} INFO - Started process (PID=4121) to work on /home/airflow/.local/lib/python3.7/site-packages/airflow/example_dags/example_complex.py
[2022-10-03T12:34:05.862+0000] {processor.py:758} INFO - Processing file /home/airflow/.local/lib/python3.7/site-packages/airflow/example_dags/example_complex.py for tasks to queue
[2022-10-03T12:34:05.864+0000] {logging_mixin.py:117} INFO - [2022-10-03T12:34:05.863+0000] {dagbag.py:525} INFO - Filling up the DagBag from /home/airflow/.local/lib/python3.7/site-packages/airflow/example_dags/example_complex.py
[2022-10-03T12:34:05.898+0000] {processor.py:768} INFO - DAG(s) dict_keys(['example_complex']) retrieved from /home/airflow/.local/lib/python3.7/site-packages/airflow/example_dags/example_complex.py
[2022-10-03T12:34:06.027+0000] {logging_mixin.py:117} INFO - [2022-10-03T12:34:06.027+0000] {dag.py:2573} INFO - Sync 1 DAGs
[2022-10-03T12:34:06.060+0000] {logging_mixin.py:117} INFO - [2022-10-03T12:34:06.059+0000] {dag.py:3328} INFO - Setting next_dagrun for example_complex to None, run_after=None
[2022-10-03T12:34:06.089+0000] {processor.py:178} INFO - Processing /home/airflow/.local/lib/python3.7/site-packages/airflow/example_dags/example_complex.py took 0.234 seconds
[2022-10-03T12:34:36.374+0000] {processor.py:156} INFO - Started process (PID=4329) to work on /home/airflow/.local/lib/python3.7/site-packages/airflow/example_dags/example_complex.py
[2022-10-03T12:34:36.375+0000] {processor.py:758} INFO - Processing file /home/airflow/.local/lib/python3.7/site-packages/airflow/example_dags/example_complex.py for tasks to queue
[2022-10-03T12:34:36.376+0000] {logging_mixin.py:117} INFO - [2022-10-03T12:34:36.375+0000] {dagbag.py:525} INFO - Filling up the DagBag from /home/airflow/.local/lib/python3.7/site-packages/airflow/example_dags/example_complex.py
[2022-10-03T12:34:36.399+0000] {processor.py:768} INFO - DAG(s) dict_keys(['example_complex']) retrieved from /home/airflow/.local/lib/python3.7/site-packages/airflow/example_dags/example_complex.py
[2022-10-03T12:34:36.456+0000] {logging_mixin.py:117} INFO - [2022-10-03T12:34:36.456+0000] {dag.py:2573} INFO - Sync 1 DAGs
[2022-10-03T12:34:36.488+0000] {logging_mixin.py:117} INFO - [2022-10-03T12:34:36.488+0000] {dag.py:3328} INFO - Setting next_dagrun for example_complex to None, run_after=None
[2022-10-03T12:34:36.513+0000] {processor.py:178} INFO - Processing /home/airflow/.local/lib/python3.7/site-packages/airflow/example_dags/example_complex.py took 0.143 seconds
[2022-10-03T12:35:07.040+0000] {processor.py:156} INFO - Started process (PID=4527) to work on /home/airflow/.local/lib/python3.7/site-packages/airflow/example_dags/example_complex.py
[2022-10-03T12:35:07.042+0000] {processor.py:758} INFO - Processing file /home/airflow/.local/lib/python3.7/site-packages/airflow/example_dags/example_complex.py for tasks to queue
[2022-10-03T12:35:07.044+0000] {logging_mixin.py:117} INFO - [2022-10-03T12:35:07.044+0000] {dagbag.py:525} INFO - Filling up the DagBag from /home/airflow/.local/lib/python3.7/site-packages/airflow/example_dags/example_complex.py
[2022-10-03T12:35:07.113+0000] {processor.py:768} INFO - DAG(s) dict_keys(['example_complex']) retrieved from /home/airflow/.local/lib/python3.7/site-packages/airflow/example_dags/example_complex.py
[2022-10-03T12:35:07.233+0000] {logging_mixin.py:117} INFO - [2022-10-03T12:35:07.233+0000] {dag.py:2573} INFO - Sync 1 DAGs
[2022-10-03T12:35:07.302+0000] {logging_mixin.py:117} INFO - [2022-10-03T12:35:07.302+0000] {dag.py:3328} INFO - Setting next_dagrun for example_complex to None, run_after=None
[2022-10-03T12:35:07.358+0000] {processor.py:178} INFO - Processing /home/airflow/.local/lib/python3.7/site-packages/airflow/example_dags/example_complex.py took 0.326 seconds
[2022-10-03T12:35:37.869+0000] {processor.py:156} INFO - Started process (PID=4734) to work on /home/airflow/.local/lib/python3.7/site-packages/airflow/example_dags/example_complex.py
[2022-10-03T12:35:37.871+0000] {processor.py:758} INFO - Processing file /home/airflow/.local/lib/python3.7/site-packages/airflow/example_dags/example_complex.py for tasks to queue
[2022-10-03T12:35:37.872+0000] {logging_mixin.py:117} INFO - [2022-10-03T12:35:37.872+0000] {dagbag.py:525} INFO - Filling up the DagBag from /home/airflow/.local/lib/python3.7/site-packages/airflow/example_dags/example_complex.py
[2022-10-03T12:35:37.921+0000] {processor.py:768} INFO - DAG(s) dict_keys(['example_complex']) retrieved from /home/airflow/.local/lib/python3.7/site-packages/airflow/example_dags/example_complex.py
[2022-10-03T12:35:38.030+0000] {logging_mixin.py:117} INFO - [2022-10-03T12:35:38.030+0000] {dag.py:2573} INFO - Sync 1 DAGs
[2022-10-03T12:35:38.099+0000] {logging_mixin.py:117} INFO - [2022-10-03T12:35:38.099+0000] {dag.py:3328} INFO - Setting next_dagrun for example_complex to None, run_after=None
[2022-10-03T12:35:38.147+0000] {processor.py:178} INFO - Processing /home/airflow/.local/lib/python3.7/site-packages/airflow/example_dags/example_complex.py took 0.284 seconds
[2022-10-03T12:36:08.251+0000] {processor.py:156} INFO - Started process (PID=4932) to work on /home/airflow/.local/lib/python3.7/site-packages/airflow/example_dags/example_complex.py
[2022-10-03T12:36:08.252+0000] {processor.py:758} INFO - Processing file /home/airflow/.local/lib/python3.7/site-packages/airflow/example_dags/example_complex.py for tasks to queue
[2022-10-03T12:36:08.253+0000] {logging_mixin.py:117} INFO - [2022-10-03T12:36:08.253+0000] {dagbag.py:525} INFO - Filling up the DagBag from /home/airflow/.local/lib/python3.7/site-packages/airflow/example_dags/example_complex.py
[2022-10-03T12:36:08.277+0000] {processor.py:768} INFO - DAG(s) dict_keys(['example_complex']) retrieved from /home/airflow/.local/lib/python3.7/site-packages/airflow/example_dags/example_complex.py
[2022-10-03T12:36:08.337+0000] {logging_mixin.py:117} INFO - [2022-10-03T12:36:08.336+0000] {dag.py:2573} INFO - Sync 1 DAGs
[2022-10-03T12:36:08.369+0000] {logging_mixin.py:117} INFO - [2022-10-03T12:36:08.369+0000] {dag.py:3328} INFO - Setting next_dagrun for example_complex to None, run_after=None
[2022-10-03T12:36:08.394+0000] {processor.py:178} INFO - Processing /home/airflow/.local/lib/python3.7/site-packages/airflow/example_dags/example_complex.py took 0.146 seconds
[2022-10-03T12:36:38.830+0000] {processor.py:156} INFO - Started process (PID=5139) to work on /home/airflow/.local/lib/python3.7/site-packages/airflow/example_dags/example_complex.py
[2022-10-03T12:36:38.831+0000] {processor.py:758} INFO - Processing file /home/airflow/.local/lib/python3.7/site-packages/airflow/example_dags/example_complex.py for tasks to queue
[2022-10-03T12:36:38.832+0000] {logging_mixin.py:117} INFO - [2022-10-03T12:36:38.832+0000] {dagbag.py:525} INFO - Filling up the DagBag from /home/airflow/.local/lib/python3.7/site-packages/airflow/example_dags/example_complex.py
[2022-10-03T12:36:38.858+0000] {processor.py:768} INFO - DAG(s) dict_keys(['example_complex']) retrieved from /home/airflow/.local/lib/python3.7/site-packages/airflow/example_dags/example_complex.py
[2022-10-03T12:36:38.914+0000] {logging_mixin.py:117} INFO - [2022-10-03T12:36:38.914+0000] {dag.py:2573} INFO - Sync 1 DAGs
[2022-10-03T12:36:38.947+0000] {logging_mixin.py:117} INFO - [2022-10-03T12:36:38.947+0000] {dag.py:3328} INFO - Setting next_dagrun for example_complex to None, run_after=None
[2022-10-03T12:36:38.975+0000] {processor.py:178} INFO - Processing /home/airflow/.local/lib/python3.7/site-packages/airflow/example_dags/example_complex.py took 0.148 seconds
[2022-10-03T12:37:09.872+0000] {processor.py:156} INFO - Started process (PID=5346) to work on /home/airflow/.local/lib/python3.7/site-packages/airflow/example_dags/example_complex.py
[2022-10-03T12:37:09.873+0000] {processor.py:758} INFO - Processing file /home/airflow/.local/lib/python3.7/site-packages/airflow/example_dags/example_complex.py for tasks to queue
[2022-10-03T12:37:09.874+0000] {logging_mixin.py:117} INFO - [2022-10-03T12:37:09.874+0000] {dagbag.py:525} INFO - Filling up the DagBag from /home/airflow/.local/lib/python3.7/site-packages/airflow/example_dags/example_complex.py
[2022-10-03T12:37:09.907+0000] {processor.py:768} INFO - DAG(s) dict_keys(['example_complex']) retrieved from /home/airflow/.local/lib/python3.7/site-packages/airflow/example_dags/example_complex.py
[2022-10-03T12:37:09.967+0000] {logging_mixin.py:117} INFO - [2022-10-03T12:37:09.966+0000] {dag.py:2573} INFO - Sync 1 DAGs
[2022-10-03T12:37:10.002+0000] {logging_mixin.py:117} INFO - [2022-10-03T12:37:10.002+0000] {dag.py:3328} INFO - Setting next_dagrun for example_complex to None, run_after=None
[2022-10-03T12:37:10.047+0000] {processor.py:178} INFO - Processing /home/airflow/.local/lib/python3.7/site-packages/airflow/example_dags/example_complex.py took 0.179 seconds
[2022-10-03T12:37:41.005+0000] {processor.py:156} INFO - Started process (PID=5544) to work on /home/airflow/.local/lib/python3.7/site-packages/airflow/example_dags/example_complex.py
[2022-10-03T12:37:41.006+0000] {processor.py:758} INFO - Processing file /home/airflow/.local/lib/python3.7/site-packages/airflow/example_dags/example_complex.py for tasks to queue
[2022-10-03T12:37:41.008+0000] {logging_mixin.py:117} INFO - [2022-10-03T12:37:41.008+0000] {dagbag.py:525} INFO - Filling up the DagBag from /home/airflow/.local/lib/python3.7/site-packages/airflow/example_dags/example_complex.py
[2022-10-03T12:37:41.059+0000] {processor.py:768} INFO - DAG(s) dict_keys(['example_complex']) retrieved from /home/airflow/.local/lib/python3.7/site-packages/airflow/example_dags/example_complex.py
[2022-10-03T12:37:41.164+0000] {logging_mixin.py:117} INFO - [2022-10-03T12:37:41.164+0000] {dag.py:2573} INFO - Sync 1 DAGs
[2022-10-03T12:37:41.228+0000] {logging_mixin.py:117} INFO - [2022-10-03T12:37:41.227+0000] {dag.py:3328} INFO - Setting next_dagrun for example_complex to None, run_after=None
[2022-10-03T12:37:41.275+0000] {processor.py:178} INFO - Processing /home/airflow/.local/lib/python3.7/site-packages/airflow/example_dags/example_complex.py took 0.276 seconds
[2022-10-03T12:38:11.830+0000] {processor.py:156} INFO - Started process (PID=5751) to work on /home/airflow/.local/lib/python3.7/site-packages/airflow/example_dags/example_complex.py
[2022-10-03T12:38:11.831+0000] {processor.py:758} INFO - Processing file /home/airflow/.local/lib/python3.7/site-packages/airflow/example_dags/example_complex.py for tasks to queue
[2022-10-03T12:38:11.832+0000] {logging_mixin.py:117} INFO - [2022-10-03T12:38:11.832+0000] {dagbag.py:525} INFO - Filling up the DagBag from /home/airflow/.local/lib/python3.7/site-packages/airflow/example_dags/example_complex.py
[2022-10-03T12:38:11.856+0000] {processor.py:768} INFO - DAG(s) dict_keys(['example_complex']) retrieved from /home/airflow/.local/lib/python3.7/site-packages/airflow/example_dags/example_complex.py
[2022-10-03T12:38:11.912+0000] {logging_mixin.py:117} INFO - [2022-10-03T12:38:11.912+0000] {dag.py:2573} INFO - Sync 1 DAGs
[2022-10-03T12:38:11.946+0000] {logging_mixin.py:117} INFO - [2022-10-03T12:38:11.945+0000] {dag.py:3328} INFO - Setting next_dagrun for example_complex to None, run_after=None
[2022-10-03T12:38:11.973+0000] {processor.py:178} INFO - Processing /home/airflow/.local/lib/python3.7/site-packages/airflow/example_dags/example_complex.py took 0.146 seconds
[2022-10-03T12:38:42.421+0000] {processor.py:156} INFO - Started process (PID=5949) to work on /home/airflow/.local/lib/python3.7/site-packages/airflow/example_dags/example_complex.py
[2022-10-03T12:38:42.422+0000] {processor.py:758} INFO - Processing file /home/airflow/.local/lib/python3.7/site-packages/airflow/example_dags/example_complex.py for tasks to queue
[2022-10-03T12:38:42.422+0000] {logging_mixin.py:117} INFO - [2022-10-03T12:38:42.422+0000] {dagbag.py:525} INFO - Filling up the DagBag from /home/airflow/.local/lib/python3.7/site-packages/airflow/example_dags/example_complex.py
[2022-10-03T12:38:42.448+0000] {processor.py:768} INFO - DAG(s) dict_keys(['example_complex']) retrieved from /home/airflow/.local/lib/python3.7/site-packages/airflow/example_dags/example_complex.py
[2022-10-03T12:38:42.504+0000] {logging_mixin.py:117} INFO - [2022-10-03T12:38:42.504+0000] {dag.py:2573} INFO - Sync 1 DAGs
[2022-10-03T12:38:42.536+0000] {logging_mixin.py:117} INFO - [2022-10-03T12:38:42.536+0000] {dag.py:3328} INFO - Setting next_dagrun for example_complex to None, run_after=None
[2022-10-03T12:38:42.563+0000] {processor.py:178} INFO - Processing /home/airflow/.local/lib/python3.7/site-packages/airflow/example_dags/example_complex.py took 0.145 seconds
[2022-10-03T12:39:13.143+0000] {processor.py:156} INFO - Started process (PID=6156) to work on /home/airflow/.local/lib/python3.7/site-packages/airflow/example_dags/example_complex.py
[2022-10-03T12:39:13.144+0000] {processor.py:758} INFO - Processing file /home/airflow/.local/lib/python3.7/site-packages/airflow/example_dags/example_complex.py for tasks to queue
[2022-10-03T12:39:13.145+0000] {logging_mixin.py:117} INFO - [2022-10-03T12:39:13.144+0000] {dagbag.py:525} INFO - Filling up the DagBag from /home/airflow/.local/lib/python3.7/site-packages/airflow/example_dags/example_complex.py
[2022-10-03T12:39:13.172+0000] {processor.py:768} INFO - DAG(s) dict_keys(['example_complex']) retrieved from /home/airflow/.local/lib/python3.7/site-packages/airflow/example_dags/example_complex.py
[2022-10-03T12:39:13.237+0000] {logging_mixin.py:117} INFO - [2022-10-03T12:39:13.237+0000] {dag.py:2573} INFO - Sync 1 DAGs
[2022-10-03T12:39:13.277+0000] {logging_mixin.py:117} INFO - [2022-10-03T12:39:13.277+0000] {dag.py:3328} INFO - Setting next_dagrun for example_complex to None, run_after=None
[2022-10-03T12:39:13.311+0000] {processor.py:178} INFO - Processing /home/airflow/.local/lib/python3.7/site-packages/airflow/example_dags/example_complex.py took 0.171 seconds
[2022-10-03T12:39:43.569+0000] {processor.py:156} INFO - Started process (PID=6363) to work on /home/airflow/.local/lib/python3.7/site-packages/airflow/example_dags/example_complex.py
[2022-10-03T12:39:43.569+0000] {processor.py:758} INFO - Processing file /home/airflow/.local/lib/python3.7/site-packages/airflow/example_dags/example_complex.py for tasks to queue
[2022-10-03T12:39:43.570+0000] {logging_mixin.py:117} INFO - [2022-10-03T12:39:43.570+0000] {dagbag.py:525} INFO - Filling up the DagBag from /home/airflow/.local/lib/python3.7/site-packages/airflow/example_dags/example_complex.py
[2022-10-03T12:39:43.598+0000] {processor.py:768} INFO - DAG(s) dict_keys(['example_complex']) retrieved from /home/airflow/.local/lib/python3.7/site-packages/airflow/example_dags/example_complex.py
[2022-10-03T12:39:43.662+0000] {logging_mixin.py:117} INFO - [2022-10-03T12:39:43.661+0000] {dag.py:2573} INFO - Sync 1 DAGs
[2022-10-03T12:39:43.697+0000] {logging_mixin.py:117} INFO - [2022-10-03T12:39:43.696+0000] {dag.py:3328} INFO - Setting next_dagrun for example_complex to None, run_after=None
[2022-10-03T12:39:43.725+0000] {processor.py:178} INFO - Processing /home/airflow/.local/lib/python3.7/site-packages/airflow/example_dags/example_complex.py took 0.160 seconds
[2022-10-03T12:40:14.063+0000] {processor.py:156} INFO - Started process (PID=6561) to work on /home/airflow/.local/lib/python3.7/site-packages/airflow/example_dags/example_complex.py
[2022-10-03T12:40:14.064+0000] {processor.py:758} INFO - Processing file /home/airflow/.local/lib/python3.7/site-packages/airflow/example_dags/example_complex.py for tasks to queue
[2022-10-03T12:40:14.065+0000] {logging_mixin.py:117} INFO - [2022-10-03T12:40:14.065+0000] {dagbag.py:525} INFO - Filling up the DagBag from /home/airflow/.local/lib/python3.7/site-packages/airflow/example_dags/example_complex.py
[2022-10-03T12:40:14.092+0000] {processor.py:768} INFO - DAG(s) dict_keys(['example_complex']) retrieved from /home/airflow/.local/lib/python3.7/site-packages/airflow/example_dags/example_complex.py
[2022-10-03T12:40:14.156+0000] {logging_mixin.py:117} INFO - [2022-10-03T12:40:14.155+0000] {dag.py:2573} INFO - Sync 1 DAGs
[2022-10-03T12:40:14.191+0000] {logging_mixin.py:117} INFO - [2022-10-03T12:40:14.191+0000] {dag.py:3328} INFO - Setting next_dagrun for example_complex to None, run_after=None
[2022-10-03T12:40:14.218+0000] {processor.py:178} INFO - Processing /home/airflow/.local/lib/python3.7/site-packages/airflow/example_dags/example_complex.py took 0.159 seconds
[2022-10-03T12:40:45.134+0000] {processor.py:156} INFO - Started process (PID=6768) to work on /home/airflow/.local/lib/python3.7/site-packages/airflow/example_dags/example_complex.py
[2022-10-03T12:40:45.136+0000] {processor.py:758} INFO - Processing file /home/airflow/.local/lib/python3.7/site-packages/airflow/example_dags/example_complex.py for tasks to queue
[2022-10-03T12:40:45.138+0000] {logging_mixin.py:117} INFO - [2022-10-03T12:40:45.137+0000] {dagbag.py:525} INFO - Filling up the DagBag from /home/airflow/.local/lib/python3.7/site-packages/airflow/example_dags/example_complex.py
[2022-10-03T12:40:45.213+0000] {processor.py:768} INFO - DAG(s) dict_keys(['example_complex']) retrieved from /home/airflow/.local/lib/python3.7/site-packages/airflow/example_dags/example_complex.py
[2022-10-03T12:40:45.357+0000] {logging_mixin.py:117} INFO - [2022-10-03T12:40:45.356+0000] {dag.py:2573} INFO - Sync 1 DAGs
[2022-10-03T12:40:45.453+0000] {logging_mixin.py:117} INFO - [2022-10-03T12:40:45.453+0000] {dag.py:3328} INFO - Setting next_dagrun for example_complex to None, run_after=None
[2022-10-03T12:40:45.519+0000] {processor.py:178} INFO - Processing /home/airflow/.local/lib/python3.7/site-packages/airflow/example_dags/example_complex.py took 0.394 seconds
[2022-10-03T12:41:15.812+0000] {processor.py:156} INFO - Started process (PID=6966) to work on /home/airflow/.local/lib/python3.7/site-packages/airflow/example_dags/example_complex.py
[2022-10-03T12:41:15.814+0000] {processor.py:758} INFO - Processing file /home/airflow/.local/lib/python3.7/site-packages/airflow/example_dags/example_complex.py for tasks to queue
[2022-10-03T12:41:15.816+0000] {logging_mixin.py:117} INFO - [2022-10-03T12:41:15.815+0000] {dagbag.py:525} INFO - Filling up the DagBag from /home/airflow/.local/lib/python3.7/site-packages/airflow/example_dags/example_complex.py
[2022-10-03T12:41:15.872+0000] {processor.py:768} INFO - DAG(s) dict_keys(['example_complex']) retrieved from /home/airflow/.local/lib/python3.7/site-packages/airflow/example_dags/example_complex.py
[2022-10-03T12:41:15.993+0000] {logging_mixin.py:117} INFO - [2022-10-03T12:41:15.993+0000] {dag.py:2573} INFO - Sync 1 DAGs
[2022-10-03T12:41:16.073+0000] {logging_mixin.py:117} INFO - [2022-10-03T12:41:16.072+0000] {dag.py:3328} INFO - Setting next_dagrun for example_complex to None, run_after=None
[2022-10-03T12:41:16.125+0000] {processor.py:178} INFO - Processing /home/airflow/.local/lib/python3.7/site-packages/airflow/example_dags/example_complex.py took 0.320 seconds
[2022-10-03T12:41:47.286+0000] {processor.py:156} INFO - Started process (PID=7173) to work on /home/airflow/.local/lib/python3.7/site-packages/airflow/example_dags/example_complex.py
[2022-10-03T12:41:47.287+0000] {processor.py:758} INFO - Processing file /home/airflow/.local/lib/python3.7/site-packages/airflow/example_dags/example_complex.py for tasks to queue
[2022-10-03T12:41:47.288+0000] {logging_mixin.py:117} INFO - [2022-10-03T12:41:47.288+0000] {dagbag.py:525} INFO - Filling up the DagBag from /home/airflow/.local/lib/python3.7/site-packages/airflow/example_dags/example_complex.py
[2022-10-03T12:41:47.337+0000] {processor.py:768} INFO - DAG(s) dict_keys(['example_complex']) retrieved from /home/airflow/.local/lib/python3.7/site-packages/airflow/example_dags/example_complex.py
[2022-10-03T12:41:47.450+0000] {logging_mixin.py:117} INFO - [2022-10-03T12:41:47.450+0000] {dag.py:2573} INFO - Sync 1 DAGs
[2022-10-03T12:41:47.523+0000] {logging_mixin.py:117} INFO - [2022-10-03T12:41:47.522+0000] {dag.py:3328} INFO - Setting next_dagrun for example_complex to None, run_after=None
[2022-10-03T12:41:47.570+0000] {processor.py:178} INFO - Processing /home/airflow/.local/lib/python3.7/site-packages/airflow/example_dags/example_complex.py took 0.291 seconds
[2022-10-03T12:42:17.856+0000] {processor.py:156} INFO - Started process (PID=7371) to work on /home/airflow/.local/lib/python3.7/site-packages/airflow/example_dags/example_complex.py
[2022-10-03T12:42:17.857+0000] {processor.py:758} INFO - Processing file /home/airflow/.local/lib/python3.7/site-packages/airflow/example_dags/example_complex.py for tasks to queue
[2022-10-03T12:42:17.858+0000] {logging_mixin.py:117} INFO - [2022-10-03T12:42:17.858+0000] {dagbag.py:525} INFO - Filling up the DagBag from /home/airflow/.local/lib/python3.7/site-packages/airflow/example_dags/example_complex.py
[2022-10-03T12:42:17.880+0000] {processor.py:768} INFO - DAG(s) dict_keys(['example_complex']) retrieved from /home/airflow/.local/lib/python3.7/site-packages/airflow/example_dags/example_complex.py
[2022-10-03T12:42:17.928+0000] {logging_mixin.py:117} INFO - [2022-10-03T12:42:17.928+0000] {dag.py:2573} INFO - Sync 1 DAGs
[2022-10-03T12:42:17.958+0000] {logging_mixin.py:117} INFO - [2022-10-03T12:42:17.957+0000] {dag.py:3328} INFO - Setting next_dagrun for example_complex to None, run_after=None
[2022-10-03T12:42:17.987+0000] {processor.py:178} INFO - Processing /home/airflow/.local/lib/python3.7/site-packages/airflow/example_dags/example_complex.py took 0.134 seconds
[2022-10-03T12:42:48.696+0000] {processor.py:156} INFO - Started process (PID=7578) to work on /home/airflow/.local/lib/python3.7/site-packages/airflow/example_dags/example_complex.py
[2022-10-03T12:42:48.697+0000] {processor.py:758} INFO - Processing file /home/airflow/.local/lib/python3.7/site-packages/airflow/example_dags/example_complex.py for tasks to queue
[2022-10-03T12:42:48.699+0000] {logging_mixin.py:117} INFO - [2022-10-03T12:42:48.698+0000] {dagbag.py:525} INFO - Filling up the DagBag from /home/airflow/.local/lib/python3.7/site-packages/airflow/example_dags/example_complex.py
[2022-10-03T12:42:48.762+0000] {processor.py:768} INFO - DAG(s) dict_keys(['example_complex']) retrieved from /home/airflow/.local/lib/python3.7/site-packages/airflow/example_dags/example_complex.py
[2022-10-03T12:42:48.891+0000] {logging_mixin.py:117} INFO - [2022-10-03T12:42:48.891+0000] {dag.py:2573} INFO - Sync 1 DAGs
[2022-10-03T12:42:48.964+0000] {logging_mixin.py:117} INFO - [2022-10-03T12:42:48.964+0000] {dag.py:3328} INFO - Setting next_dagrun for example_complex to None, run_after=None
[2022-10-03T12:42:49.031+0000] {processor.py:178} INFO - Processing /home/airflow/.local/lib/python3.7/site-packages/airflow/example_dags/example_complex.py took 0.342 seconds
[2022-10-03T12:43:19.769+0000] {processor.py:156} INFO - Started process (PID=7785) to work on /home/airflow/.local/lib/python3.7/site-packages/airflow/example_dags/example_complex.py
[2022-10-03T12:43:19.770+0000] {processor.py:758} INFO - Processing file /home/airflow/.local/lib/python3.7/site-packages/airflow/example_dags/example_complex.py for tasks to queue
[2022-10-03T12:43:19.770+0000] {logging_mixin.py:117} INFO - [2022-10-03T12:43:19.770+0000] {dagbag.py:525} INFO - Filling up the DagBag from /home/airflow/.local/lib/python3.7/site-packages/airflow/example_dags/example_complex.py
[2022-10-03T12:43:19.792+0000] {processor.py:768} INFO - DAG(s) dict_keys(['example_complex']) retrieved from /home/airflow/.local/lib/python3.7/site-packages/airflow/example_dags/example_complex.py
[2022-10-03T12:43:19.840+0000] {logging_mixin.py:117} INFO - [2022-10-03T12:43:19.840+0000] {dag.py:2573} INFO - Sync 1 DAGs
[2022-10-03T12:43:19.865+0000] {logging_mixin.py:117} INFO - [2022-10-03T12:43:19.865+0000] {dag.py:3328} INFO - Setting next_dagrun for example_complex to None, run_after=None
[2022-10-03T12:43:19.889+0000] {processor.py:178} INFO - Processing /home/airflow/.local/lib/python3.7/site-packages/airflow/example_dags/example_complex.py took 0.123 seconds
[2022-10-03T12:43:50.111+0000] {processor.py:156} INFO - Started process (PID=7983) to work on /home/airflow/.local/lib/python3.7/site-packages/airflow/example_dags/example_complex.py
[2022-10-03T12:43:50.112+0000] {processor.py:758} INFO - Processing file /home/airflow/.local/lib/python3.7/site-packages/airflow/example_dags/example_complex.py for tasks to queue
[2022-10-03T12:43:50.113+0000] {logging_mixin.py:117} INFO - [2022-10-03T12:43:50.113+0000] {dagbag.py:525} INFO - Filling up the DagBag from /home/airflow/.local/lib/python3.7/site-packages/airflow/example_dags/example_complex.py
[2022-10-03T12:43:50.162+0000] {processor.py:768} INFO - DAG(s) dict_keys(['example_complex']) retrieved from /home/airflow/.local/lib/python3.7/site-packages/airflow/example_dags/example_complex.py
[2022-10-03T12:43:50.278+0000] {logging_mixin.py:117} INFO - [2022-10-03T12:43:50.278+0000] {dag.py:2573} INFO - Sync 1 DAGs
[2022-10-03T12:43:50.341+0000] {logging_mixin.py:117} INFO - [2022-10-03T12:43:50.341+0000] {dag.py:3328} INFO - Setting next_dagrun for example_complex to None, run_after=None
[2022-10-03T12:43:50.393+0000] {processor.py:178} INFO - Processing /home/airflow/.local/lib/python3.7/site-packages/airflow/example_dags/example_complex.py took 0.289 seconds
[2022-10-03T12:44:20.482+0000] {processor.py:156} INFO - Started process (PID=8190) to work on /home/airflow/.local/lib/python3.7/site-packages/airflow/example_dags/example_complex.py
[2022-10-03T12:44:20.483+0000] {processor.py:758} INFO - Processing file /home/airflow/.local/lib/python3.7/site-packages/airflow/example_dags/example_complex.py for tasks to queue
[2022-10-03T12:44:20.484+0000] {logging_mixin.py:117} INFO - [2022-10-03T12:44:20.484+0000] {dagbag.py:525} INFO - Filling up the DagBag from /home/airflow/.local/lib/python3.7/site-packages/airflow/example_dags/example_complex.py
[2022-10-03T12:44:20.506+0000] {processor.py:768} INFO - DAG(s) dict_keys(['example_complex']) retrieved from /home/airflow/.local/lib/python3.7/site-packages/airflow/example_dags/example_complex.py
[2022-10-03T12:44:20.557+0000] {logging_mixin.py:117} INFO - [2022-10-03T12:44:20.557+0000] {dag.py:2573} INFO - Sync 1 DAGs
[2022-10-03T12:44:20.587+0000] {logging_mixin.py:117} INFO - [2022-10-03T12:44:20.587+0000] {dag.py:3328} INFO - Setting next_dagrun for example_complex to None, run_after=None
[2022-10-03T12:44:20.613+0000] {processor.py:178} INFO - Processing /home/airflow/.local/lib/python3.7/site-packages/airflow/example_dags/example_complex.py took 0.134 seconds
[2022-10-03T12:44:51.585+0000] {processor.py:156} INFO - Started process (PID=8397) to work on /home/airflow/.local/lib/python3.7/site-packages/airflow/example_dags/example_complex.py
[2022-10-03T12:44:51.588+0000] {processor.py:758} INFO - Processing file /home/airflow/.local/lib/python3.7/site-packages/airflow/example_dags/example_complex.py for tasks to queue
[2022-10-03T12:44:51.589+0000] {logging_mixin.py:117} INFO - [2022-10-03T12:44:51.589+0000] {dagbag.py:525} INFO - Filling up the DagBag from /home/airflow/.local/lib/python3.7/site-packages/airflow/example_dags/example_complex.py
[2022-10-03T12:44:51.650+0000] {processor.py:768} INFO - DAG(s) dict_keys(['example_complex']) retrieved from /home/airflow/.local/lib/python3.7/site-packages/airflow/example_dags/example_complex.py
[2022-10-03T12:44:51.759+0000] {logging_mixin.py:117} INFO - [2022-10-03T12:44:51.759+0000] {dag.py:2573} INFO - Sync 1 DAGs
[2022-10-03T12:44:51.820+0000] {logging_mixin.py:117} INFO - [2022-10-03T12:44:51.819+0000] {dag.py:3328} INFO - Setting next_dagrun for example_complex to None, run_after=None
[2022-10-03T12:44:51.868+0000] {processor.py:178} INFO - Processing /home/airflow/.local/lib/python3.7/site-packages/airflow/example_dags/example_complex.py took 0.292 seconds
[2022-10-03T12:45:22.568+0000] {processor.py:156} INFO - Started process (PID=8596) to work on /home/airflow/.local/lib/python3.7/site-packages/airflow/example_dags/example_complex.py
[2022-10-03T12:45:22.569+0000] {processor.py:758} INFO - Processing file /home/airflow/.local/lib/python3.7/site-packages/airflow/example_dags/example_complex.py for tasks to queue
[2022-10-03T12:45:22.570+0000] {logging_mixin.py:117} INFO - [2022-10-03T12:45:22.570+0000] {dagbag.py:525} INFO - Filling up the DagBag from /home/airflow/.local/lib/python3.7/site-packages/airflow/example_dags/example_complex.py
[2022-10-03T12:45:22.595+0000] {processor.py:768} INFO - DAG(s) dict_keys(['example_complex']) retrieved from /home/airflow/.local/lib/python3.7/site-packages/airflow/example_dags/example_complex.py
[2022-10-03T12:45:22.648+0000] {logging_mixin.py:117} INFO - [2022-10-03T12:45:22.648+0000] {dag.py:2573} INFO - Sync 1 DAGs
[2022-10-03T12:45:22.677+0000] {logging_mixin.py:117} INFO - [2022-10-03T12:45:22.677+0000] {dag.py:3328} INFO - Setting next_dagrun for example_complex to None, run_after=None
[2022-10-03T12:45:22.705+0000] {processor.py:178} INFO - Processing /home/airflow/.local/lib/python3.7/site-packages/airflow/example_dags/example_complex.py took 0.141 seconds
[2022-10-03T12:45:52.805+0000] {processor.py:156} INFO - Started process (PID=8803) to work on /home/airflow/.local/lib/python3.7/site-packages/airflow/example_dags/example_complex.py
[2022-10-03T12:45:52.806+0000] {processor.py:758} INFO - Processing file /home/airflow/.local/lib/python3.7/site-packages/airflow/example_dags/example_complex.py for tasks to queue
[2022-10-03T12:45:52.807+0000] {logging_mixin.py:117} INFO - [2022-10-03T12:45:52.807+0000] {dagbag.py:525} INFO - Filling up the DagBag from /home/airflow/.local/lib/python3.7/site-packages/airflow/example_dags/example_complex.py
[2022-10-03T12:45:52.830+0000] {processor.py:768} INFO - DAG(s) dict_keys(['example_complex']) retrieved from /home/airflow/.local/lib/python3.7/site-packages/airflow/example_dags/example_complex.py
[2022-10-03T12:45:52.880+0000] {logging_mixin.py:117} INFO - [2022-10-03T12:45:52.880+0000] {dag.py:2573} INFO - Sync 1 DAGs
[2022-10-03T12:45:52.909+0000] {logging_mixin.py:117} INFO - [2022-10-03T12:45:52.909+0000] {dag.py:3328} INFO - Setting next_dagrun for example_complex to None, run_after=None
[2022-10-03T12:45:52.936+0000] {processor.py:178} INFO - Processing /home/airflow/.local/lib/python3.7/site-packages/airflow/example_dags/example_complex.py took 0.134 seconds
