[2022-10-03T12:24:23.638+0000] {processor.py:156} INFO - Started process (PID=233) to work on /home/airflow/.local/lib/python3.7/site-packages/airflow/example_dags/example_skip_dag.py
[2022-10-03T12:24:23.639+0000] {processor.py:758} INFO - Processing file /home/airflow/.local/lib/python3.7/site-packages/airflow/example_dags/example_skip_dag.py for tasks to queue
[2022-10-03T12:24:23.640+0000] {logging_mixin.py:117} INFO - [2022-10-03T12:24:23.640+0000] {dagbag.py:525} INFO - Filling up the DagBag from /home/airflow/.local/lib/python3.7/site-packages/airflow/example_dags/example_skip_dag.py
[2022-10-03T12:24:23.655+0000] {processor.py:768} INFO - DAG(s) dict_keys(['example_skip_dag']) retrieved from /home/airflow/.local/lib/python3.7/site-packages/airflow/example_dags/example_skip_dag.py
[2022-10-03T12:24:23.702+0000] {logging_mixin.py:117} INFO - [2022-10-03T12:24:23.701+0000] {dag.py:2573} INFO - Sync 1 DAGs
[2022-10-03T12:24:23.740+0000] {logging_mixin.py:117} INFO - [2022-10-03T12:24:23.740+0000] {dag.py:3328} INFO - Setting next_dagrun for example_skip_dag to 2022-10-02T12:24:23.739795+00:00, run_after=2022-10-03T12:24:23.739795+00:00
[2022-10-03T12:24:23.767+0000] {processor.py:178} INFO - Processing /home/airflow/.local/lib/python3.7/site-packages/airflow/example_dags/example_skip_dag.py took 0.132 seconds
[2022-10-03T12:24:54.997+0000] {processor.py:156} INFO - Started process (PID=441) to work on /home/airflow/.local/lib/python3.7/site-packages/airflow/example_dags/example_skip_dag.py
[2022-10-03T12:24:54.998+0000] {processor.py:758} INFO - Processing file /home/airflow/.local/lib/python3.7/site-packages/airflow/example_dags/example_skip_dag.py for tasks to queue
[2022-10-03T12:24:54.999+0000] {logging_mixin.py:117} INFO - [2022-10-03T12:24:54.999+0000] {dagbag.py:525} INFO - Filling up the DagBag from /home/airflow/.local/lib/python3.7/site-packages/airflow/example_dags/example_skip_dag.py
[2022-10-03T12:24:55.025+0000] {processor.py:768} INFO - DAG(s) dict_keys(['example_skip_dag']) retrieved from /home/airflow/.local/lib/python3.7/site-packages/airflow/example_dags/example_skip_dag.py
[2022-10-03T12:24:55.080+0000] {logging_mixin.py:117} INFO - [2022-10-03T12:24:55.080+0000] {dag.py:2573} INFO - Sync 1 DAGs
[2022-10-03T12:24:55.116+0000] {logging_mixin.py:117} INFO - [2022-10-03T12:24:55.115+0000] {dag.py:3328} INFO - Setting next_dagrun for example_skip_dag to 2022-10-02T12:24:55.115530+00:00, run_after=2022-10-03T12:24:55.115530+00:00
[2022-10-03T12:24:55.284+0000] {processor.py:178} INFO - Processing /home/airflow/.local/lib/python3.7/site-packages/airflow/example_dags/example_skip_dag.py took 0.293 seconds
[2022-10-03T12:25:25.821+0000] {processor.py:156} INFO - Started process (PID=641) to work on /home/airflow/.local/lib/python3.7/site-packages/airflow/example_dags/example_skip_dag.py
[2022-10-03T12:25:25.822+0000] {processor.py:758} INFO - Processing file /home/airflow/.local/lib/python3.7/site-packages/airflow/example_dags/example_skip_dag.py for tasks to queue
[2022-10-03T12:25:25.823+0000] {logging_mixin.py:117} INFO - [2022-10-03T12:25:25.823+0000] {dagbag.py:525} INFO - Filling up the DagBag from /home/airflow/.local/lib/python3.7/site-packages/airflow/example_dags/example_skip_dag.py
[2022-10-03T12:25:25.844+0000] {processor.py:768} INFO - DAG(s) dict_keys(['example_skip_dag']) retrieved from /home/airflow/.local/lib/python3.7/site-packages/airflow/example_dags/example_skip_dag.py
[2022-10-03T12:25:25.905+0000] {logging_mixin.py:117} INFO - [2022-10-03T12:25:25.905+0000] {dag.py:2573} INFO - Sync 1 DAGs
[2022-10-03T12:25:26.095+0000] {logging_mixin.py:117} INFO - [2022-10-03T12:25:26.095+0000] {dag.py:3328} INFO - Setting next_dagrun for example_skip_dag to 2022-10-02T12:25:26.095011+00:00, run_after=2022-10-03T12:25:26.095011+00:00
[2022-10-03T12:25:26.121+0000] {processor.py:178} INFO - Processing /home/airflow/.local/lib/python3.7/site-packages/airflow/example_dags/example_skip_dag.py took 0.307 seconds
[2022-10-03T12:25:57.054+0000] {processor.py:156} INFO - Started process (PID=839) to work on /home/airflow/.local/lib/python3.7/site-packages/airflow/example_dags/example_skip_dag.py
[2022-10-03T12:25:57.056+0000] {processor.py:758} INFO - Processing file /home/airflow/.local/lib/python3.7/site-packages/airflow/example_dags/example_skip_dag.py for tasks to queue
[2022-10-03T12:25:57.057+0000] {logging_mixin.py:117} INFO - [2022-10-03T12:25:57.057+0000] {dagbag.py:525} INFO - Filling up the DagBag from /home/airflow/.local/lib/python3.7/site-packages/airflow/example_dags/example_skip_dag.py
[2022-10-03T12:25:57.097+0000] {processor.py:768} INFO - DAG(s) dict_keys(['example_skip_dag']) retrieved from /home/airflow/.local/lib/python3.7/site-packages/airflow/example_dags/example_skip_dag.py
[2022-10-03T12:25:57.393+0000] {logging_mixin.py:117} INFO - [2022-10-03T12:25:57.392+0000] {dag.py:2573} INFO - Sync 1 DAGs
[2022-10-03T12:25:57.425+0000] {logging_mixin.py:117} INFO - [2022-10-03T12:25:57.424+0000] {dag.py:3328} INFO - Setting next_dagrun for example_skip_dag to 2022-10-02T12:25:57.424622+00:00, run_after=2022-10-03T12:25:57.424622+00:00
[2022-10-03T12:25:57.470+0000] {processor.py:178} INFO - Processing /home/airflow/.local/lib/python3.7/site-packages/airflow/example_dags/example_skip_dag.py took 0.426 seconds
[2022-10-03T12:26:28.366+0000] {processor.py:156} INFO - Started process (PID=1047) to work on /home/airflow/.local/lib/python3.7/site-packages/airflow/example_dags/example_skip_dag.py
[2022-10-03T12:26:28.368+0000] {processor.py:758} INFO - Processing file /home/airflow/.local/lib/python3.7/site-packages/airflow/example_dags/example_skip_dag.py for tasks to queue
[2022-10-03T12:26:28.370+0000] {logging_mixin.py:117} INFO - [2022-10-03T12:26:28.369+0000] {dagbag.py:525} INFO - Filling up the DagBag from /home/airflow/.local/lib/python3.7/site-packages/airflow/example_dags/example_skip_dag.py
[2022-10-03T12:26:28.420+0000] {processor.py:768} INFO - DAG(s) dict_keys(['example_skip_dag']) retrieved from /home/airflow/.local/lib/python3.7/site-packages/airflow/example_dags/example_skip_dag.py
[2022-10-03T12:26:28.803+0000] {logging_mixin.py:117} INFO - [2022-10-03T12:26:28.803+0000] {dag.py:2573} INFO - Sync 1 DAGs
[2022-10-03T12:26:28.870+0000] {logging_mixin.py:117} INFO - [2022-10-03T12:26:28.870+0000] {dag.py:3328} INFO - Setting next_dagrun for example_skip_dag to 2022-10-02T12:26:28.869750+00:00, run_after=2022-10-03T12:26:28.869750+00:00
[2022-10-03T12:26:28.924+0000] {processor.py:178} INFO - Processing /home/airflow/.local/lib/python3.7/site-packages/airflow/example_dags/example_skip_dag.py took 0.571 seconds
[2022-10-03T12:26:59.272+0000] {processor.py:156} INFO - Started process (PID=1263) to work on /home/airflow/.local/lib/python3.7/site-packages/airflow/example_dags/example_skip_dag.py
[2022-10-03T12:26:59.274+0000] {processor.py:758} INFO - Processing file /home/airflow/.local/lib/python3.7/site-packages/airflow/example_dags/example_skip_dag.py for tasks to queue
[2022-10-03T12:26:59.276+0000] {logging_mixin.py:117} INFO - [2022-10-03T12:26:59.276+0000] {dagbag.py:525} INFO - Filling up the DagBag from /home/airflow/.local/lib/python3.7/site-packages/airflow/example_dags/example_skip_dag.py
[2022-10-03T12:26:59.312+0000] {processor.py:768} INFO - DAG(s) dict_keys(['example_skip_dag']) retrieved from /home/airflow/.local/lib/python3.7/site-packages/airflow/example_dags/example_skip_dag.py
[2022-10-03T12:26:59.637+0000] {logging_mixin.py:117} INFO - [2022-10-03T12:26:59.637+0000] {dag.py:2573} INFO - Sync 1 DAGs
[2022-10-03T12:26:59.703+0000] {logging_mixin.py:117} INFO - [2022-10-03T12:26:59.703+0000] {dag.py:3328} INFO - Setting next_dagrun for example_skip_dag to 2022-10-02T12:26:59.702958+00:00, run_after=2022-10-03T12:26:59.702958+00:00
[2022-10-03T12:26:59.757+0000] {processor.py:178} INFO - Processing /home/airflow/.local/lib/python3.7/site-packages/airflow/example_dags/example_skip_dag.py took 0.493 seconds
[2022-10-03T12:27:30.161+0000] {processor.py:156} INFO - Started process (PID=1488) to work on /home/airflow/.local/lib/python3.7/site-packages/airflow/example_dags/example_skip_dag.py
[2022-10-03T12:27:30.162+0000] {processor.py:758} INFO - Processing file /home/airflow/.local/lib/python3.7/site-packages/airflow/example_dags/example_skip_dag.py for tasks to queue
[2022-10-03T12:27:30.163+0000] {logging_mixin.py:117} INFO - [2022-10-03T12:27:30.163+0000] {dagbag.py:525} INFO - Filling up the DagBag from /home/airflow/.local/lib/python3.7/site-packages/airflow/example_dags/example_skip_dag.py
[2022-10-03T12:27:30.173+0000] {processor.py:768} INFO - DAG(s) dict_keys(['example_skip_dag']) retrieved from /home/airflow/.local/lib/python3.7/site-packages/airflow/example_dags/example_skip_dag.py
[2022-10-03T12:27:30.207+0000] {logging_mixin.py:117} INFO - [2022-10-03T12:27:30.207+0000] {dag.py:2573} INFO - Sync 1 DAGs
[2022-10-03T12:27:30.231+0000] {logging_mixin.py:117} INFO - [2022-10-03T12:27:30.231+0000] {dag.py:3328} INFO - Setting next_dagrun for example_skip_dag to 2022-10-02T12:27:30.230894+00:00, run_after=2022-10-03T12:27:30.230894+00:00
[2022-10-03T12:27:30.254+0000] {processor.py:178} INFO - Processing /home/airflow/.local/lib/python3.7/site-packages/airflow/example_dags/example_skip_dag.py took 0.211 seconds
[2022-10-03T12:28:00.298+0000] {processor.py:156} INFO - Started process (PID=1693) to work on /home/airflow/.local/lib/python3.7/site-packages/airflow/example_dags/example_skip_dag.py
[2022-10-03T12:28:00.300+0000] {processor.py:758} INFO - Processing file /home/airflow/.local/lib/python3.7/site-packages/airflow/example_dags/example_skip_dag.py for tasks to queue
[2022-10-03T12:28:00.301+0000] {logging_mixin.py:117} INFO - [2022-10-03T12:28:00.301+0000] {dagbag.py:525} INFO - Filling up the DagBag from /home/airflow/.local/lib/python3.7/site-packages/airflow/example_dags/example_skip_dag.py
[2022-10-03T12:28:00.319+0000] {processor.py:768} INFO - DAG(s) dict_keys(['example_skip_dag']) retrieved from /home/airflow/.local/lib/python3.7/site-packages/airflow/example_dags/example_skip_dag.py
[2022-10-03T12:28:00.383+0000] {logging_mixin.py:117} INFO - [2022-10-03T12:28:00.382+0000] {dag.py:2573} INFO - Sync 1 DAGs
[2022-10-03T12:28:00.436+0000] {logging_mixin.py:117} INFO - [2022-10-03T12:28:00.436+0000] {dag.py:3328} INFO - Setting next_dagrun for example_skip_dag to 2022-10-02T12:28:00.436328+00:00, run_after=2022-10-03T12:28:00.436328+00:00
[2022-10-03T12:28:00.473+0000] {processor.py:178} INFO - Processing /home/airflow/.local/lib/python3.7/site-packages/airflow/example_dags/example_skip_dag.py took 0.180 seconds
[2022-10-03T12:28:30.530+0000] {processor.py:156} INFO - Started process (PID=1889) to work on /home/airflow/.local/lib/python3.7/site-packages/airflow/example_dags/example_skip_dag.py
[2022-10-03T12:28:30.531+0000] {processor.py:758} INFO - Processing file /home/airflow/.local/lib/python3.7/site-packages/airflow/example_dags/example_skip_dag.py for tasks to queue
[2022-10-03T12:28:30.532+0000] {logging_mixin.py:117} INFO - [2022-10-03T12:28:30.532+0000] {dagbag.py:525} INFO - Filling up the DagBag from /home/airflow/.local/lib/python3.7/site-packages/airflow/example_dags/example_skip_dag.py
[2022-10-03T12:28:30.564+0000] {processor.py:768} INFO - DAG(s) dict_keys(['example_skip_dag']) retrieved from /home/airflow/.local/lib/python3.7/site-packages/airflow/example_dags/example_skip_dag.py
[2022-10-03T12:28:30.632+0000] {logging_mixin.py:117} INFO - [2022-10-03T12:28:30.632+0000] {dag.py:2573} INFO - Sync 1 DAGs
[2022-10-03T12:28:30.682+0000] {logging_mixin.py:117} INFO - [2022-10-03T12:28:30.681+0000] {dag.py:3328} INFO - Setting next_dagrun for example_skip_dag to 2022-10-02T12:28:30.681511+00:00, run_after=2022-10-03T12:28:30.681511+00:00
[2022-10-03T12:28:30.716+0000] {processor.py:178} INFO - Processing /home/airflow/.local/lib/python3.7/site-packages/airflow/example_dags/example_skip_dag.py took 0.196 seconds
[2022-10-03T12:29:01.440+0000] {processor.py:156} INFO - Started process (PID=2101) to work on /home/airflow/.local/lib/python3.7/site-packages/airflow/example_dags/example_skip_dag.py
[2022-10-03T12:29:01.441+0000] {processor.py:758} INFO - Processing file /home/airflow/.local/lib/python3.7/site-packages/airflow/example_dags/example_skip_dag.py for tasks to queue
[2022-10-03T12:29:01.442+0000] {logging_mixin.py:117} INFO - [2022-10-03T12:29:01.442+0000] {dagbag.py:525} INFO - Filling up the DagBag from /home/airflow/.local/lib/python3.7/site-packages/airflow/example_dags/example_skip_dag.py
[2022-10-03T12:29:01.465+0000] {processor.py:768} INFO - DAG(s) dict_keys(['example_skip_dag']) retrieved from /home/airflow/.local/lib/python3.7/site-packages/airflow/example_dags/example_skip_dag.py
[2022-10-03T12:29:01.512+0000] {logging_mixin.py:117} INFO - [2022-10-03T12:29:01.511+0000] {dag.py:2573} INFO - Sync 1 DAGs
[2022-10-03T12:29:01.541+0000] {logging_mixin.py:117} INFO - [2022-10-03T12:29:01.540+0000] {dag.py:3328} INFO - Setting next_dagrun for example_skip_dag to 2022-10-02T12:29:01.540725+00:00, run_after=2022-10-03T12:29:01.540725+00:00
[2022-10-03T12:29:01.579+0000] {processor.py:178} INFO - Processing /home/airflow/.local/lib/python3.7/site-packages/airflow/example_dags/example_skip_dag.py took 0.143 seconds
[2022-10-03T12:29:32.416+0000] {processor.py:156} INFO - Started process (PID=2299) to work on /home/airflow/.local/lib/python3.7/site-packages/airflow/example_dags/example_skip_dag.py
[2022-10-03T12:29:32.417+0000] {processor.py:758} INFO - Processing file /home/airflow/.local/lib/python3.7/site-packages/airflow/example_dags/example_skip_dag.py for tasks to queue
[2022-10-03T12:29:32.418+0000] {logging_mixin.py:117} INFO - [2022-10-03T12:29:32.417+0000] {dagbag.py:525} INFO - Filling up the DagBag from /home/airflow/.local/lib/python3.7/site-packages/airflow/example_dags/example_skip_dag.py
[2022-10-03T12:29:32.434+0000] {processor.py:768} INFO - DAG(s) dict_keys(['example_skip_dag']) retrieved from /home/airflow/.local/lib/python3.7/site-packages/airflow/example_dags/example_skip_dag.py
[2022-10-03T12:29:32.483+0000] {logging_mixin.py:117} INFO - [2022-10-03T12:29:32.483+0000] {dag.py:2573} INFO - Sync 1 DAGs
[2022-10-03T12:29:32.514+0000] {logging_mixin.py:117} INFO - [2022-10-03T12:29:32.514+0000] {dag.py:3328} INFO - Setting next_dagrun for example_skip_dag to 2022-10-02T12:29:32.514421+00:00, run_after=2022-10-03T12:29:32.514421+00:00
[2022-10-03T12:29:32.538+0000] {processor.py:178} INFO - Processing /home/airflow/.local/lib/python3.7/site-packages/airflow/example_dags/example_skip_dag.py took 0.125 seconds
[2022-10-03T12:30:02.638+0000] {processor.py:156} INFO - Started process (PID=2506) to work on /home/airflow/.local/lib/python3.7/site-packages/airflow/example_dags/example_skip_dag.py
[2022-10-03T12:30:02.639+0000] {processor.py:758} INFO - Processing file /home/airflow/.local/lib/python3.7/site-packages/airflow/example_dags/example_skip_dag.py for tasks to queue
[2022-10-03T12:30:02.640+0000] {logging_mixin.py:117} INFO - [2022-10-03T12:30:02.640+0000] {dagbag.py:525} INFO - Filling up the DagBag from /home/airflow/.local/lib/python3.7/site-packages/airflow/example_dags/example_skip_dag.py
[2022-10-03T12:30:02.656+0000] {processor.py:768} INFO - DAG(s) dict_keys(['example_skip_dag']) retrieved from /home/airflow/.local/lib/python3.7/site-packages/airflow/example_dags/example_skip_dag.py
[2022-10-03T12:30:02.696+0000] {logging_mixin.py:117} INFO - [2022-10-03T12:30:02.696+0000] {dag.py:2573} INFO - Sync 1 DAGs
[2022-10-03T12:30:02.722+0000] {logging_mixin.py:117} INFO - [2022-10-03T12:30:02.722+0000] {dag.py:3328} INFO - Setting next_dagrun for example_skip_dag to 2022-10-02T12:30:02.722268+00:00, run_after=2022-10-03T12:30:02.722268+00:00
[2022-10-03T12:30:02.744+0000] {processor.py:178} INFO - Processing /home/airflow/.local/lib/python3.7/site-packages/airflow/example_dags/example_skip_dag.py took 0.110 seconds
[2022-10-03T12:30:32.884+0000] {processor.py:156} INFO - Started process (PID=2704) to work on /home/airflow/.local/lib/python3.7/site-packages/airflow/example_dags/example_skip_dag.py
[2022-10-03T12:30:32.885+0000] {processor.py:758} INFO - Processing file /home/airflow/.local/lib/python3.7/site-packages/airflow/example_dags/example_skip_dag.py for tasks to queue
[2022-10-03T12:30:32.886+0000] {logging_mixin.py:117} INFO - [2022-10-03T12:30:32.886+0000] {dagbag.py:525} INFO - Filling up the DagBag from /home/airflow/.local/lib/python3.7/site-packages/airflow/example_dags/example_skip_dag.py
[2022-10-03T12:30:32.903+0000] {processor.py:768} INFO - DAG(s) dict_keys(['example_skip_dag']) retrieved from /home/airflow/.local/lib/python3.7/site-packages/airflow/example_dags/example_skip_dag.py
[2022-10-03T12:30:32.947+0000] {logging_mixin.py:117} INFO - [2022-10-03T12:30:32.947+0000] {dag.py:2573} INFO - Sync 1 DAGs
[2022-10-03T12:30:32.975+0000] {logging_mixin.py:117} INFO - [2022-10-03T12:30:32.975+0000] {dag.py:3328} INFO - Setting next_dagrun for example_skip_dag to 2022-10-02T12:30:32.974949+00:00, run_after=2022-10-03T12:30:32.974949+00:00
[2022-10-03T12:30:33.000+0000] {processor.py:178} INFO - Processing /home/airflow/.local/lib/python3.7/site-packages/airflow/example_dags/example_skip_dag.py took 0.119 seconds
[2022-10-03T12:31:03.315+0000] {processor.py:156} INFO - Started process (PID=2911) to work on /home/airflow/.local/lib/python3.7/site-packages/airflow/example_dags/example_skip_dag.py
[2022-10-03T12:31:03.316+0000] {processor.py:758} INFO - Processing file /home/airflow/.local/lib/python3.7/site-packages/airflow/example_dags/example_skip_dag.py for tasks to queue
[2022-10-03T12:31:03.317+0000] {logging_mixin.py:117} INFO - [2022-10-03T12:31:03.317+0000] {dagbag.py:525} INFO - Filling up the DagBag from /home/airflow/.local/lib/python3.7/site-packages/airflow/example_dags/example_skip_dag.py
[2022-10-03T12:31:03.335+0000] {processor.py:768} INFO - DAG(s) dict_keys(['example_skip_dag']) retrieved from /home/airflow/.local/lib/python3.7/site-packages/airflow/example_dags/example_skip_dag.py
[2022-10-03T12:31:03.383+0000] {logging_mixin.py:117} INFO - [2022-10-03T12:31:03.382+0000] {dag.py:2573} INFO - Sync 1 DAGs
[2022-10-03T12:31:03.414+0000] {logging_mixin.py:117} INFO - [2022-10-03T12:31:03.414+0000] {dag.py:3328} INFO - Setting next_dagrun for example_skip_dag to 2022-10-02T12:31:03.413952+00:00, run_after=2022-10-03T12:31:03.413952+00:00
[2022-10-03T12:31:03.442+0000] {processor.py:178} INFO - Processing /home/airflow/.local/lib/python3.7/site-packages/airflow/example_dags/example_skip_dag.py took 0.130 seconds
[2022-10-03T12:31:33.722+0000] {processor.py:156} INFO - Started process (PID=3116) to work on /home/airflow/.local/lib/python3.7/site-packages/airflow/example_dags/example_skip_dag.py
[2022-10-03T12:31:33.722+0000] {processor.py:758} INFO - Processing file /home/airflow/.local/lib/python3.7/site-packages/airflow/example_dags/example_skip_dag.py for tasks to queue
[2022-10-03T12:31:33.723+0000] {logging_mixin.py:117} INFO - [2022-10-03T12:31:33.723+0000] {dagbag.py:525} INFO - Filling up the DagBag from /home/airflow/.local/lib/python3.7/site-packages/airflow/example_dags/example_skip_dag.py
[2022-10-03T12:31:33.740+0000] {processor.py:768} INFO - DAG(s) dict_keys(['example_skip_dag']) retrieved from /home/airflow/.local/lib/python3.7/site-packages/airflow/example_dags/example_skip_dag.py
[2022-10-03T12:31:33.792+0000] {logging_mixin.py:117} INFO - [2022-10-03T12:31:33.792+0000] {dag.py:2573} INFO - Sync 1 DAGs
[2022-10-03T12:31:33.824+0000] {logging_mixin.py:117} INFO - [2022-10-03T12:31:33.824+0000] {dag.py:3328} INFO - Setting next_dagrun for example_skip_dag to 2022-10-02T12:31:33.824507+00:00, run_after=2022-10-03T12:31:33.824507+00:00
[2022-10-03T12:31:33.852+0000] {processor.py:178} INFO - Processing /home/airflow/.local/lib/python3.7/site-packages/airflow/example_dags/example_skip_dag.py took 0.133 seconds
[2022-10-03T12:32:04.178+0000] {processor.py:156} INFO - Started process (PID=3316) to work on /home/airflow/.local/lib/python3.7/site-packages/airflow/example_dags/example_skip_dag.py
[2022-10-03T12:32:04.179+0000] {processor.py:758} INFO - Processing file /home/airflow/.local/lib/python3.7/site-packages/airflow/example_dags/example_skip_dag.py for tasks to queue
[2022-10-03T12:32:04.179+0000] {logging_mixin.py:117} INFO - [2022-10-03T12:32:04.179+0000] {dagbag.py:525} INFO - Filling up the DagBag from /home/airflow/.local/lib/python3.7/site-packages/airflow/example_dags/example_skip_dag.py
[2022-10-03T12:32:04.196+0000] {processor.py:768} INFO - DAG(s) dict_keys(['example_skip_dag']) retrieved from /home/airflow/.local/lib/python3.7/site-packages/airflow/example_dags/example_skip_dag.py
[2022-10-03T12:32:04.244+0000] {logging_mixin.py:117} INFO - [2022-10-03T12:32:04.244+0000] {dag.py:2573} INFO - Sync 1 DAGs
[2022-10-03T12:32:04.274+0000] {logging_mixin.py:117} INFO - [2022-10-03T12:32:04.274+0000] {dag.py:3328} INFO - Setting next_dagrun for example_skip_dag to 2022-10-02T12:32:04.273876+00:00, run_after=2022-10-03T12:32:04.273876+00:00
[2022-10-03T12:32:04.298+0000] {processor.py:178} INFO - Processing /home/airflow/.local/lib/python3.7/site-packages/airflow/example_dags/example_skip_dag.py took 0.123 seconds
[2022-10-03T12:32:34.580+0000] {processor.py:156} INFO - Started process (PID=3523) to work on /home/airflow/.local/lib/python3.7/site-packages/airflow/example_dags/example_skip_dag.py
[2022-10-03T12:32:34.581+0000] {processor.py:758} INFO - Processing file /home/airflow/.local/lib/python3.7/site-packages/airflow/example_dags/example_skip_dag.py for tasks to queue
[2022-10-03T12:32:34.582+0000] {logging_mixin.py:117} INFO - [2022-10-03T12:32:34.582+0000] {dagbag.py:525} INFO - Filling up the DagBag from /home/airflow/.local/lib/python3.7/site-packages/airflow/example_dags/example_skip_dag.py
[2022-10-03T12:32:34.600+0000] {processor.py:768} INFO - DAG(s) dict_keys(['example_skip_dag']) retrieved from /home/airflow/.local/lib/python3.7/site-packages/airflow/example_dags/example_skip_dag.py
[2022-10-03T12:32:34.649+0000] {logging_mixin.py:117} INFO - [2022-10-03T12:32:34.649+0000] {dag.py:2573} INFO - Sync 1 DAGs
[2022-10-03T12:32:34.676+0000] {logging_mixin.py:117} INFO - [2022-10-03T12:32:34.676+0000] {dag.py:3328} INFO - Setting next_dagrun for example_skip_dag to 2022-10-02T12:32:34.676285+00:00, run_after=2022-10-03T12:32:34.676285+00:00
[2022-10-03T12:32:34.702+0000] {processor.py:178} INFO - Processing /home/airflow/.local/lib/python3.7/site-packages/airflow/example_dags/example_skip_dag.py took 0.125 seconds
[2022-10-03T12:33:04.842+0000] {processor.py:156} INFO - Started process (PID=3721) to work on /home/airflow/.local/lib/python3.7/site-packages/airflow/example_dags/example_skip_dag.py
[2022-10-03T12:33:04.844+0000] {processor.py:758} INFO - Processing file /home/airflow/.local/lib/python3.7/site-packages/airflow/example_dags/example_skip_dag.py for tasks to queue
[2022-10-03T12:33:04.845+0000] {logging_mixin.py:117} INFO - [2022-10-03T12:33:04.845+0000] {dagbag.py:525} INFO - Filling up the DagBag from /home/airflow/.local/lib/python3.7/site-packages/airflow/example_dags/example_skip_dag.py
[2022-10-03T12:33:04.860+0000] {processor.py:768} INFO - DAG(s) dict_keys(['example_skip_dag']) retrieved from /home/airflow/.local/lib/python3.7/site-packages/airflow/example_dags/example_skip_dag.py
[2022-10-03T12:33:04.903+0000] {logging_mixin.py:117} INFO - [2022-10-03T12:33:04.902+0000] {dag.py:2573} INFO - Sync 1 DAGs
[2022-10-03T12:33:04.930+0000] {logging_mixin.py:117} INFO - [2022-10-03T12:33:04.930+0000] {dag.py:3328} INFO - Setting next_dagrun for example_skip_dag to 2022-10-02T12:33:04.930600+00:00, run_after=2022-10-03T12:33:04.930600+00:00
[2022-10-03T12:33:04.953+0000] {processor.py:178} INFO - Processing /home/airflow/.local/lib/python3.7/site-packages/airflow/example_dags/example_skip_dag.py took 0.115 seconds
[2022-10-03T12:33:35.595+0000] {processor.py:156} INFO - Started process (PID=3928) to work on /home/airflow/.local/lib/python3.7/site-packages/airflow/example_dags/example_skip_dag.py
[2022-10-03T12:33:35.596+0000] {processor.py:758} INFO - Processing file /home/airflow/.local/lib/python3.7/site-packages/airflow/example_dags/example_skip_dag.py for tasks to queue
[2022-10-03T12:33:35.596+0000] {logging_mixin.py:117} INFO - [2022-10-03T12:33:35.596+0000] {dagbag.py:525} INFO - Filling up the DagBag from /home/airflow/.local/lib/python3.7/site-packages/airflow/example_dags/example_skip_dag.py
[2022-10-03T12:33:35.612+0000] {processor.py:768} INFO - DAG(s) dict_keys(['example_skip_dag']) retrieved from /home/airflow/.local/lib/python3.7/site-packages/airflow/example_dags/example_skip_dag.py
[2022-10-03T12:33:35.659+0000] {logging_mixin.py:117} INFO - [2022-10-03T12:33:35.658+0000] {dag.py:2573} INFO - Sync 1 DAGs
[2022-10-03T12:33:35.687+0000] {logging_mixin.py:117} INFO - [2022-10-03T12:33:35.687+0000] {dag.py:3328} INFO - Setting next_dagrun for example_skip_dag to 2022-10-02T12:33:35.687543+00:00, run_after=2022-10-03T12:33:35.687543+00:00
[2022-10-03T12:33:35.710+0000] {processor.py:178} INFO - Processing /home/airflow/.local/lib/python3.7/site-packages/airflow/example_dags/example_skip_dag.py took 0.120 seconds
[2022-10-03T12:34:06.012+0000] {processor.py:156} INFO - Started process (PID=4126) to work on /home/airflow/.local/lib/python3.7/site-packages/airflow/example_dags/example_skip_dag.py
[2022-10-03T12:34:06.014+0000] {processor.py:758} INFO - Processing file /home/airflow/.local/lib/python3.7/site-packages/airflow/example_dags/example_skip_dag.py for tasks to queue
[2022-10-03T12:34:06.015+0000] {logging_mixin.py:117} INFO - [2022-10-03T12:34:06.015+0000] {dagbag.py:525} INFO - Filling up the DagBag from /home/airflow/.local/lib/python3.7/site-packages/airflow/example_dags/example_skip_dag.py
[2022-10-03T12:34:06.033+0000] {processor.py:768} INFO - DAG(s) dict_keys(['example_skip_dag']) retrieved from /home/airflow/.local/lib/python3.7/site-packages/airflow/example_dags/example_skip_dag.py
[2022-10-03T12:34:06.085+0000] {logging_mixin.py:117} INFO - [2022-10-03T12:34:06.085+0000] {dag.py:2573} INFO - Sync 1 DAGs
[2022-10-03T12:34:06.120+0000] {logging_mixin.py:117} INFO - [2022-10-03T12:34:06.119+0000] {dag.py:3328} INFO - Setting next_dagrun for example_skip_dag to 2022-10-02T12:34:06.119653+00:00, run_after=2022-10-03T12:34:06.119653+00:00
[2022-10-03T12:34:06.149+0000] {processor.py:178} INFO - Processing /home/airflow/.local/lib/python3.7/site-packages/airflow/example_dags/example_skip_dag.py took 0.143 seconds
[2022-10-03T12:34:36.482+0000] {processor.py:156} INFO - Started process (PID=4334) to work on /home/airflow/.local/lib/python3.7/site-packages/airflow/example_dags/example_skip_dag.py
[2022-10-03T12:34:36.483+0000] {processor.py:758} INFO - Processing file /home/airflow/.local/lib/python3.7/site-packages/airflow/example_dags/example_skip_dag.py for tasks to queue
[2022-10-03T12:34:36.484+0000] {logging_mixin.py:117} INFO - [2022-10-03T12:34:36.484+0000] {dagbag.py:525} INFO - Filling up the DagBag from /home/airflow/.local/lib/python3.7/site-packages/airflow/example_dags/example_skip_dag.py
[2022-10-03T12:34:36.500+0000] {processor.py:768} INFO - DAG(s) dict_keys(['example_skip_dag']) retrieved from /home/airflow/.local/lib/python3.7/site-packages/airflow/example_dags/example_skip_dag.py
[2022-10-03T12:34:36.562+0000] {logging_mixin.py:117} INFO - [2022-10-03T12:34:36.562+0000] {dag.py:2573} INFO - Sync 1 DAGs
[2022-10-03T12:34:36.606+0000] {logging_mixin.py:117} INFO - [2022-10-03T12:34:36.605+0000] {dag.py:3328} INFO - Setting next_dagrun for example_skip_dag to 2022-10-02T12:34:36.605555+00:00, run_after=2022-10-03T12:34:36.605555+00:00
[2022-10-03T12:34:36.634+0000] {processor.py:178} INFO - Processing /home/airflow/.local/lib/python3.7/site-packages/airflow/example_dags/example_skip_dag.py took 0.155 seconds
[2022-10-03T12:35:07.292+0000] {processor.py:156} INFO - Started process (PID=4532) to work on /home/airflow/.local/lib/python3.7/site-packages/airflow/example_dags/example_skip_dag.py
[2022-10-03T12:35:07.295+0000] {processor.py:758} INFO - Processing file /home/airflow/.local/lib/python3.7/site-packages/airflow/example_dags/example_skip_dag.py for tasks to queue
[2022-10-03T12:35:07.297+0000] {logging_mixin.py:117} INFO - [2022-10-03T12:35:07.296+0000] {dagbag.py:525} INFO - Filling up the DagBag from /home/airflow/.local/lib/python3.7/site-packages/airflow/example_dags/example_skip_dag.py
[2022-10-03T12:35:07.332+0000] {processor.py:768} INFO - DAG(s) dict_keys(['example_skip_dag']) retrieved from /home/airflow/.local/lib/python3.7/site-packages/airflow/example_dags/example_skip_dag.py
[2022-10-03T12:35:07.432+0000] {logging_mixin.py:117} INFO - [2022-10-03T12:35:07.431+0000] {dag.py:2573} INFO - Sync 1 DAGs
[2022-10-03T12:35:07.491+0000] {logging_mixin.py:117} INFO - [2022-10-03T12:35:07.491+0000] {dag.py:3328} INFO - Setting next_dagrun for example_skip_dag to 2022-10-02T12:35:07.490782+00:00, run_after=2022-10-03T12:35:07.490782+00:00
[2022-10-03T12:35:07.538+0000] {processor.py:178} INFO - Processing /home/airflow/.local/lib/python3.7/site-packages/airflow/example_dags/example_skip_dag.py took 0.253 seconds
[2022-10-03T12:35:38.085+0000] {processor.py:156} INFO - Started process (PID=4739) to work on /home/airflow/.local/lib/python3.7/site-packages/airflow/example_dags/example_skip_dag.py
[2022-10-03T12:35:38.086+0000] {processor.py:758} INFO - Processing file /home/airflow/.local/lib/python3.7/site-packages/airflow/example_dags/example_skip_dag.py for tasks to queue
[2022-10-03T12:35:38.088+0000] {logging_mixin.py:117} INFO - [2022-10-03T12:35:38.088+0000] {dagbag.py:525} INFO - Filling up the DagBag from /home/airflow/.local/lib/python3.7/site-packages/airflow/example_dags/example_skip_dag.py
[2022-10-03T12:35:38.120+0000] {processor.py:768} INFO - DAG(s) dict_keys(['example_skip_dag']) retrieved from /home/airflow/.local/lib/python3.7/site-packages/airflow/example_dags/example_skip_dag.py
[2022-10-03T12:35:38.213+0000] {logging_mixin.py:117} INFO - [2022-10-03T12:35:38.213+0000] {dag.py:2573} INFO - Sync 1 DAGs
[2022-10-03T12:35:38.277+0000] {logging_mixin.py:117} INFO - [2022-10-03T12:35:38.276+0000] {dag.py:3328} INFO - Setting next_dagrun for example_skip_dag to 2022-10-02T12:35:38.276183+00:00, run_after=2022-10-03T12:35:38.276183+00:00
[2022-10-03T12:35:38.326+0000] {processor.py:178} INFO - Processing /home/airflow/.local/lib/python3.7/site-packages/airflow/example_dags/example_skip_dag.py took 0.248 seconds
[2022-10-03T12:36:08.364+0000] {processor.py:156} INFO - Started process (PID=4937) to work on /home/airflow/.local/lib/python3.7/site-packages/airflow/example_dags/example_skip_dag.py
[2022-10-03T12:36:08.365+0000] {processor.py:758} INFO - Processing file /home/airflow/.local/lib/python3.7/site-packages/airflow/example_dags/example_skip_dag.py for tasks to queue
[2022-10-03T12:36:08.366+0000] {logging_mixin.py:117} INFO - [2022-10-03T12:36:08.366+0000] {dagbag.py:525} INFO - Filling up the DagBag from /home/airflow/.local/lib/python3.7/site-packages/airflow/example_dags/example_skip_dag.py
[2022-10-03T12:36:08.381+0000] {processor.py:768} INFO - DAG(s) dict_keys(['example_skip_dag']) retrieved from /home/airflow/.local/lib/python3.7/site-packages/airflow/example_dags/example_skip_dag.py
[2022-10-03T12:36:08.428+0000] {logging_mixin.py:117} INFO - [2022-10-03T12:36:08.427+0000] {dag.py:2573} INFO - Sync 1 DAGs
[2022-10-03T12:36:08.457+0000] {logging_mixin.py:117} INFO - [2022-10-03T12:36:08.457+0000] {dag.py:3328} INFO - Setting next_dagrun for example_skip_dag to 2022-10-02T12:36:08.457380+00:00, run_after=2022-10-03T12:36:08.457380+00:00
[2022-10-03T12:36:08.483+0000] {processor.py:178} INFO - Processing /home/airflow/.local/lib/python3.7/site-packages/airflow/example_dags/example_skip_dag.py took 0.123 seconds
[2022-10-03T12:36:38.950+0000] {processor.py:156} INFO - Started process (PID=5144) to work on /home/airflow/.local/lib/python3.7/site-packages/airflow/example_dags/example_skip_dag.py
[2022-10-03T12:36:38.951+0000] {processor.py:758} INFO - Processing file /home/airflow/.local/lib/python3.7/site-packages/airflow/example_dags/example_skip_dag.py for tasks to queue
[2022-10-03T12:36:38.952+0000] {logging_mixin.py:117} INFO - [2022-10-03T12:36:38.951+0000] {dagbag.py:525} INFO - Filling up the DagBag from /home/airflow/.local/lib/python3.7/site-packages/airflow/example_dags/example_skip_dag.py
[2022-10-03T12:36:38.969+0000] {processor.py:768} INFO - DAG(s) dict_keys(['example_skip_dag']) retrieved from /home/airflow/.local/lib/python3.7/site-packages/airflow/example_dags/example_skip_dag.py
[2022-10-03T12:36:39.016+0000] {logging_mixin.py:117} INFO - [2022-10-03T12:36:39.016+0000] {dag.py:2573} INFO - Sync 1 DAGs
[2022-10-03T12:36:39.044+0000] {logging_mixin.py:117} INFO - [2022-10-03T12:36:39.044+0000] {dag.py:3328} INFO - Setting next_dagrun for example_skip_dag to 2022-10-02T12:36:39.044572+00:00, run_after=2022-10-03T12:36:39.044572+00:00
[2022-10-03T12:36:39.066+0000] {processor.py:178} INFO - Processing /home/airflow/.local/lib/python3.7/site-packages/airflow/example_dags/example_skip_dag.py took 0.119 seconds
[2022-10-03T12:37:09.983+0000] {processor.py:156} INFO - Started process (PID=5351) to work on /home/airflow/.local/lib/python3.7/site-packages/airflow/example_dags/example_skip_dag.py
[2022-10-03T12:37:09.984+0000] {processor.py:758} INFO - Processing file /home/airflow/.local/lib/python3.7/site-packages/airflow/example_dags/example_skip_dag.py for tasks to queue
[2022-10-03T12:37:09.985+0000] {logging_mixin.py:117} INFO - [2022-10-03T12:37:09.985+0000] {dagbag.py:525} INFO - Filling up the DagBag from /home/airflow/.local/lib/python3.7/site-packages/airflow/example_dags/example_skip_dag.py
[2022-10-03T12:37:10.003+0000] {processor.py:768} INFO - DAG(s) dict_keys(['example_skip_dag']) retrieved from /home/airflow/.local/lib/python3.7/site-packages/airflow/example_dags/example_skip_dag.py
[2022-10-03T12:37:10.102+0000] {logging_mixin.py:117} INFO - [2022-10-03T12:37:10.101+0000] {dag.py:2573} INFO - Sync 1 DAGs
[2022-10-03T12:37:10.166+0000] {logging_mixin.py:117} INFO - [2022-10-03T12:37:10.165+0000] {dag.py:3328} INFO - Setting next_dagrun for example_skip_dag to 2022-10-02T12:37:10.165193+00:00, run_after=2022-10-03T12:37:10.165193+00:00
[2022-10-03T12:37:10.214+0000] {processor.py:178} INFO - Processing /home/airflow/.local/lib/python3.7/site-packages/airflow/example_dags/example_skip_dag.py took 0.235 seconds
[2022-10-03T12:37:41.241+0000] {processor.py:156} INFO - Started process (PID=5549) to work on /home/airflow/.local/lib/python3.7/site-packages/airflow/example_dags/example_skip_dag.py
[2022-10-03T12:37:41.243+0000] {processor.py:758} INFO - Processing file /home/airflow/.local/lib/python3.7/site-packages/airflow/example_dags/example_skip_dag.py for tasks to queue
[2022-10-03T12:37:41.245+0000] {logging_mixin.py:117} INFO - [2022-10-03T12:37:41.244+0000] {dagbag.py:525} INFO - Filling up the DagBag from /home/airflow/.local/lib/python3.7/site-packages/airflow/example_dags/example_skip_dag.py
[2022-10-03T12:37:41.278+0000] {processor.py:768} INFO - DAG(s) dict_keys(['example_skip_dag']) retrieved from /home/airflow/.local/lib/python3.7/site-packages/airflow/example_dags/example_skip_dag.py
[2022-10-03T12:37:41.367+0000] {logging_mixin.py:117} INFO - [2022-10-03T12:37:41.367+0000] {dag.py:2573} INFO - Sync 1 DAGs
[2022-10-03T12:37:41.430+0000] {logging_mixin.py:117} INFO - [2022-10-03T12:37:41.430+0000] {dag.py:3328} INFO - Setting next_dagrun for example_skip_dag to 2022-10-02T12:37:41.429555+00:00, run_after=2022-10-03T12:37:41.429555+00:00
[2022-10-03T12:37:41.480+0000] {processor.py:178} INFO - Processing /home/airflow/.local/lib/python3.7/site-packages/airflow/example_dags/example_skip_dag.py took 0.245 seconds
[2022-10-03T12:38:11.945+0000] {processor.py:156} INFO - Started process (PID=5756) to work on /home/airflow/.local/lib/python3.7/site-packages/airflow/example_dags/example_skip_dag.py
[2022-10-03T12:38:11.946+0000] {processor.py:758} INFO - Processing file /home/airflow/.local/lib/python3.7/site-packages/airflow/example_dags/example_skip_dag.py for tasks to queue
[2022-10-03T12:38:11.947+0000] {logging_mixin.py:117} INFO - [2022-10-03T12:38:11.947+0000] {dagbag.py:525} INFO - Filling up the DagBag from /home/airflow/.local/lib/python3.7/site-packages/airflow/example_dags/example_skip_dag.py
[2022-10-03T12:38:11.964+0000] {processor.py:768} INFO - DAG(s) dict_keys(['example_skip_dag']) retrieved from /home/airflow/.local/lib/python3.7/site-packages/airflow/example_dags/example_skip_dag.py
[2022-10-03T12:38:12.013+0000] {logging_mixin.py:117} INFO - [2022-10-03T12:38:12.012+0000] {dag.py:2573} INFO - Sync 1 DAGs
[2022-10-03T12:38:12.044+0000] {logging_mixin.py:117} INFO - [2022-10-03T12:38:12.044+0000] {dag.py:3328} INFO - Setting next_dagrun for example_skip_dag to 2022-10-02T12:38:12.044443+00:00, run_after=2022-10-03T12:38:12.044443+00:00
[2022-10-03T12:38:12.071+0000] {processor.py:178} INFO - Processing /home/airflow/.local/lib/python3.7/site-packages/airflow/example_dags/example_skip_dag.py took 0.129 seconds
[2022-10-03T12:38:42.531+0000] {processor.py:156} INFO - Started process (PID=5954) to work on /home/airflow/.local/lib/python3.7/site-packages/airflow/example_dags/example_skip_dag.py
[2022-10-03T12:38:42.532+0000] {processor.py:758} INFO - Processing file /home/airflow/.local/lib/python3.7/site-packages/airflow/example_dags/example_skip_dag.py for tasks to queue
[2022-10-03T12:38:42.532+0000] {logging_mixin.py:117} INFO - [2022-10-03T12:38:42.532+0000] {dagbag.py:525} INFO - Filling up the DagBag from /home/airflow/.local/lib/python3.7/site-packages/airflow/example_dags/example_skip_dag.py
[2022-10-03T12:38:42.548+0000] {processor.py:768} INFO - DAG(s) dict_keys(['example_skip_dag']) retrieved from /home/airflow/.local/lib/python3.7/site-packages/airflow/example_dags/example_skip_dag.py
[2022-10-03T12:38:42.598+0000] {logging_mixin.py:117} INFO - [2022-10-03T12:38:42.597+0000] {dag.py:2573} INFO - Sync 1 DAGs
[2022-10-03T12:38:42.628+0000] {logging_mixin.py:117} INFO - [2022-10-03T12:38:42.628+0000] {dag.py:3328} INFO - Setting next_dagrun for example_skip_dag to 2022-10-02T12:38:42.627743+00:00, run_after=2022-10-03T12:38:42.627743+00:00
[2022-10-03T12:38:42.654+0000] {processor.py:178} INFO - Processing /home/airflow/.local/lib/python3.7/site-packages/airflow/example_dags/example_skip_dag.py took 0.126 seconds
[2022-10-03T12:39:13.279+0000] {processor.py:156} INFO - Started process (PID=6161) to work on /home/airflow/.local/lib/python3.7/site-packages/airflow/example_dags/example_skip_dag.py
[2022-10-03T12:39:13.281+0000] {processor.py:758} INFO - Processing file /home/airflow/.local/lib/python3.7/site-packages/airflow/example_dags/example_skip_dag.py for tasks to queue
[2022-10-03T12:39:13.282+0000] {logging_mixin.py:117} INFO - [2022-10-03T12:39:13.282+0000] {dagbag.py:525} INFO - Filling up the DagBag from /home/airflow/.local/lib/python3.7/site-packages/airflow/example_dags/example_skip_dag.py
[2022-10-03T12:39:13.304+0000] {processor.py:768} INFO - DAG(s) dict_keys(['example_skip_dag']) retrieved from /home/airflow/.local/lib/python3.7/site-packages/airflow/example_dags/example_skip_dag.py
[2022-10-03T12:39:13.361+0000] {logging_mixin.py:117} INFO - [2022-10-03T12:39:13.361+0000] {dag.py:2573} INFO - Sync 1 DAGs
[2022-10-03T12:39:13.400+0000] {logging_mixin.py:117} INFO - [2022-10-03T12:39:13.400+0000] {dag.py:3328} INFO - Setting next_dagrun for example_skip_dag to 2022-10-02T12:39:13.399867+00:00, run_after=2022-10-03T12:39:13.399867+00:00
[2022-10-03T12:39:13.429+0000] {processor.py:178} INFO - Processing /home/airflow/.local/lib/python3.7/site-packages/airflow/example_dags/example_skip_dag.py took 0.154 seconds
[2022-10-03T12:39:43.671+0000] {processor.py:156} INFO - Started process (PID=6368) to work on /home/airflow/.local/lib/python3.7/site-packages/airflow/example_dags/example_skip_dag.py
[2022-10-03T12:39:43.672+0000] {processor.py:758} INFO - Processing file /home/airflow/.local/lib/python3.7/site-packages/airflow/example_dags/example_skip_dag.py for tasks to queue
[2022-10-03T12:39:43.673+0000] {logging_mixin.py:117} INFO - [2022-10-03T12:39:43.673+0000] {dagbag.py:525} INFO - Filling up the DagBag from /home/airflow/.local/lib/python3.7/site-packages/airflow/example_dags/example_skip_dag.py
[2022-10-03T12:39:43.690+0000] {processor.py:768} INFO - DAG(s) dict_keys(['example_skip_dag']) retrieved from /home/airflow/.local/lib/python3.7/site-packages/airflow/example_dags/example_skip_dag.py
[2022-10-03T12:39:43.743+0000] {logging_mixin.py:117} INFO - [2022-10-03T12:39:43.743+0000] {dag.py:2573} INFO - Sync 1 DAGs
[2022-10-03T12:39:43.786+0000] {logging_mixin.py:117} INFO - [2022-10-03T12:39:43.785+0000] {dag.py:3328} INFO - Setting next_dagrun for example_skip_dag to 2022-10-02T12:39:43.785600+00:00, run_after=2022-10-03T12:39:43.785600+00:00
[2022-10-03T12:39:43.815+0000] {processor.py:178} INFO - Processing /home/airflow/.local/lib/python3.7/site-packages/airflow/example_dags/example_skip_dag.py took 0.148 seconds
[2022-10-03T12:40:14.190+0000] {processor.py:156} INFO - Started process (PID=6566) to work on /home/airflow/.local/lib/python3.7/site-packages/airflow/example_dags/example_skip_dag.py
[2022-10-03T12:40:14.191+0000] {processor.py:758} INFO - Processing file /home/airflow/.local/lib/python3.7/site-packages/airflow/example_dags/example_skip_dag.py for tasks to queue
[2022-10-03T12:40:14.192+0000] {logging_mixin.py:117} INFO - [2022-10-03T12:40:14.192+0000] {dagbag.py:525} INFO - Filling up the DagBag from /home/airflow/.local/lib/python3.7/site-packages/airflow/example_dags/example_skip_dag.py
[2022-10-03T12:40:14.210+0000] {processor.py:768} INFO - DAG(s) dict_keys(['example_skip_dag']) retrieved from /home/airflow/.local/lib/python3.7/site-packages/airflow/example_dags/example_skip_dag.py
[2022-10-03T12:40:14.265+0000] {logging_mixin.py:117} INFO - [2022-10-03T12:40:14.265+0000] {dag.py:2573} INFO - Sync 1 DAGs
[2022-10-03T12:40:14.307+0000] {logging_mixin.py:117} INFO - [2022-10-03T12:40:14.306+0000] {dag.py:3328} INFO - Setting next_dagrun for example_skip_dag to 2022-10-02T12:40:14.306694+00:00, run_after=2022-10-03T12:40:14.306694+00:00
[2022-10-03T12:40:14.334+0000] {processor.py:178} INFO - Processing /home/airflow/.local/lib/python3.7/site-packages/airflow/example_dags/example_skip_dag.py took 0.148 seconds
[2022-10-03T12:40:45.501+0000] {processor.py:156} INFO - Started process (PID=6773) to work on /home/airflow/.local/lib/python3.7/site-packages/airflow/example_dags/example_skip_dag.py
[2022-10-03T12:40:45.503+0000] {processor.py:758} INFO - Processing file /home/airflow/.local/lib/python3.7/site-packages/airflow/example_dags/example_skip_dag.py for tasks to queue
[2022-10-03T12:40:45.505+0000] {logging_mixin.py:117} INFO - [2022-10-03T12:40:45.504+0000] {dagbag.py:525} INFO - Filling up the DagBag from /home/airflow/.local/lib/python3.7/site-packages/airflow/example_dags/example_skip_dag.py
[2022-10-03T12:40:45.567+0000] {processor.py:768} INFO - DAG(s) dict_keys(['example_skip_dag']) retrieved from /home/airflow/.local/lib/python3.7/site-packages/airflow/example_dags/example_skip_dag.py
[2022-10-03T12:40:45.742+0000] {logging_mixin.py:117} INFO - [2022-10-03T12:40:45.742+0000] {dag.py:2573} INFO - Sync 1 DAGs
[2022-10-03T12:40:45.832+0000] {logging_mixin.py:117} INFO - [2022-10-03T12:40:45.831+0000] {dag.py:3328} INFO - Setting next_dagrun for example_skip_dag to 2022-10-02T12:40:45.830811+00:00, run_after=2022-10-03T12:40:45.830811+00:00
[2022-10-03T12:40:45.885+0000] {processor.py:178} INFO - Processing /home/airflow/.local/lib/python3.7/site-packages/airflow/example_dags/example_skip_dag.py took 0.395 seconds
[2022-10-03T12:41:16.184+0000] {processor.py:156} INFO - Started process (PID=6971) to work on /home/airflow/.local/lib/python3.7/site-packages/airflow/example_dags/example_skip_dag.py
[2022-10-03T12:41:16.186+0000] {processor.py:758} INFO - Processing file /home/airflow/.local/lib/python3.7/site-packages/airflow/example_dags/example_skip_dag.py for tasks to queue
[2022-10-03T12:41:16.187+0000] {logging_mixin.py:117} INFO - [2022-10-03T12:41:16.187+0000] {dagbag.py:525} INFO - Filling up the DagBag from /home/airflow/.local/lib/python3.7/site-packages/airflow/example_dags/example_skip_dag.py
[2022-10-03T12:41:16.232+0000] {processor.py:768} INFO - DAG(s) dict_keys(['example_skip_dag']) retrieved from /home/airflow/.local/lib/python3.7/site-packages/airflow/example_dags/example_skip_dag.py
[2022-10-03T12:41:16.333+0000] {logging_mixin.py:117} INFO - [2022-10-03T12:41:16.333+0000] {dag.py:2573} INFO - Sync 1 DAGs
[2022-10-03T12:41:16.395+0000] {logging_mixin.py:117} INFO - [2022-10-03T12:41:16.394+0000] {dag.py:3328} INFO - Setting next_dagrun for example_skip_dag to 2022-10-02T12:41:16.394292+00:00, run_after=2022-10-03T12:41:16.394292+00:00
[2022-10-03T12:41:16.442+0000] {processor.py:178} INFO - Processing /home/airflow/.local/lib/python3.7/site-packages/airflow/example_dags/example_skip_dag.py took 0.267 seconds
[2022-10-03T12:41:47.391+0000] {processor.py:156} INFO - Started process (PID=7178) to work on /home/airflow/.local/lib/python3.7/site-packages/airflow/example_dags/example_skip_dag.py
[2022-10-03T12:41:47.393+0000] {processor.py:758} INFO - Processing file /home/airflow/.local/lib/python3.7/site-packages/airflow/example_dags/example_skip_dag.py for tasks to queue
[2022-10-03T12:41:47.395+0000] {logging_mixin.py:117} INFO - [2022-10-03T12:41:47.394+0000] {dagbag.py:525} INFO - Filling up the DagBag from /home/airflow/.local/lib/python3.7/site-packages/airflow/example_dags/example_skip_dag.py
[2022-10-03T12:41:47.431+0000] {processor.py:768} INFO - DAG(s) dict_keys(['example_skip_dag']) retrieved from /home/airflow/.local/lib/python3.7/site-packages/airflow/example_dags/example_skip_dag.py
[2022-10-03T12:41:47.533+0000] {logging_mixin.py:117} INFO - [2022-10-03T12:41:47.532+0000] {dag.py:2573} INFO - Sync 1 DAGs
[2022-10-03T12:41:47.593+0000] {logging_mixin.py:117} INFO - [2022-10-03T12:41:47.593+0000] {dag.py:3328} INFO - Setting next_dagrun for example_skip_dag to 2022-10-02T12:41:47.592871+00:00, run_after=2022-10-03T12:41:47.592871+00:00
[2022-10-03T12:41:47.645+0000] {processor.py:178} INFO - Processing /home/airflow/.local/lib/python3.7/site-packages/airflow/example_dags/example_skip_dag.py took 0.265 seconds
[2022-10-03T12:42:17.986+0000] {processor.py:156} INFO - Started process (PID=7376) to work on /home/airflow/.local/lib/python3.7/site-packages/airflow/example_dags/example_skip_dag.py
[2022-10-03T12:42:17.987+0000] {processor.py:758} INFO - Processing file /home/airflow/.local/lib/python3.7/site-packages/airflow/example_dags/example_skip_dag.py for tasks to queue
[2022-10-03T12:42:17.988+0000] {logging_mixin.py:117} INFO - [2022-10-03T12:42:17.988+0000] {dagbag.py:525} INFO - Filling up the DagBag from /home/airflow/.local/lib/python3.7/site-packages/airflow/example_dags/example_skip_dag.py
[2022-10-03T12:42:18.005+0000] {processor.py:768} INFO - DAG(s) dict_keys(['example_skip_dag']) retrieved from /home/airflow/.local/lib/python3.7/site-packages/airflow/example_dags/example_skip_dag.py
[2022-10-03T12:42:18.049+0000] {logging_mixin.py:117} INFO - [2022-10-03T12:42:18.048+0000] {dag.py:2573} INFO - Sync 1 DAGs
[2022-10-03T12:42:18.078+0000] {logging_mixin.py:117} INFO - [2022-10-03T12:42:18.078+0000] {dag.py:3328} INFO - Setting next_dagrun for example_skip_dag to 2022-10-02T12:42:18.078303+00:00, run_after=2022-10-03T12:42:18.078303+00:00
[2022-10-03T12:42:18.102+0000] {processor.py:178} INFO - Processing /home/airflow/.local/lib/python3.7/site-packages/airflow/example_dags/example_skip_dag.py took 0.121 seconds
[2022-10-03T12:42:49.020+0000] {processor.py:156} INFO - Started process (PID=7583) to work on /home/airflow/.local/lib/python3.7/site-packages/airflow/example_dags/example_skip_dag.py
[2022-10-03T12:42:49.022+0000] {processor.py:758} INFO - Processing file /home/airflow/.local/lib/python3.7/site-packages/airflow/example_dags/example_skip_dag.py for tasks to queue
[2022-10-03T12:42:49.024+0000] {logging_mixin.py:117} INFO - [2022-10-03T12:42:49.024+0000] {dagbag.py:525} INFO - Filling up the DagBag from /home/airflow/.local/lib/python3.7/site-packages/airflow/example_dags/example_skip_dag.py
[2022-10-03T12:42:49.070+0000] {processor.py:768} INFO - DAG(s) dict_keys(['example_skip_dag']) retrieved from /home/airflow/.local/lib/python3.7/site-packages/airflow/example_dags/example_skip_dag.py
[2022-10-03T12:42:49.177+0000] {logging_mixin.py:117} INFO - [2022-10-03T12:42:49.177+0000] {dag.py:2573} INFO - Sync 1 DAGs
[2022-10-03T12:42:49.255+0000] {logging_mixin.py:117} INFO - [2022-10-03T12:42:49.254+0000] {dag.py:3328} INFO - Setting next_dagrun for example_skip_dag to 2022-10-02T12:42:49.254522+00:00, run_after=2022-10-03T12:42:49.254522+00:00
[2022-10-03T12:42:49.302+0000] {processor.py:178} INFO - Processing /home/airflow/.local/lib/python3.7/site-packages/airflow/example_dags/example_skip_dag.py took 0.293 seconds
[2022-10-03T12:43:19.912+0000] {processor.py:156} INFO - Started process (PID=7790) to work on /home/airflow/.local/lib/python3.7/site-packages/airflow/example_dags/example_skip_dag.py
[2022-10-03T12:43:19.913+0000] {processor.py:758} INFO - Processing file /home/airflow/.local/lib/python3.7/site-packages/airflow/example_dags/example_skip_dag.py for tasks to queue
[2022-10-03T12:43:19.914+0000] {logging_mixin.py:117} INFO - [2022-10-03T12:43:19.914+0000] {dagbag.py:525} INFO - Filling up the DagBag from /home/airflow/.local/lib/python3.7/site-packages/airflow/example_dags/example_skip_dag.py
[2022-10-03T12:43:19.931+0000] {processor.py:768} INFO - DAG(s) dict_keys(['example_skip_dag']) retrieved from /home/airflow/.local/lib/python3.7/site-packages/airflow/example_dags/example_skip_dag.py
[2022-10-03T12:43:19.974+0000] {logging_mixin.py:117} INFO - [2022-10-03T12:43:19.973+0000] {dag.py:2573} INFO - Sync 1 DAGs
[2022-10-03T12:43:20.001+0000] {logging_mixin.py:117} INFO - [2022-10-03T12:43:20.001+0000] {dag.py:3328} INFO - Setting next_dagrun for example_skip_dag to 2022-10-02T12:43:20.001371+00:00, run_after=2022-10-03T12:43:20.001371+00:00
[2022-10-03T12:43:20.025+0000] {processor.py:178} INFO - Processing /home/airflow/.local/lib/python3.7/site-packages/airflow/example_dags/example_skip_dag.py took 0.116 seconds
[2022-10-03T12:43:50.398+0000] {processor.py:156} INFO - Started process (PID=7988) to work on /home/airflow/.local/lib/python3.7/site-packages/airflow/example_dags/example_skip_dag.py
[2022-10-03T12:43:50.402+0000] {processor.py:758} INFO - Processing file /home/airflow/.local/lib/python3.7/site-packages/airflow/example_dags/example_skip_dag.py for tasks to queue
[2022-10-03T12:43:50.404+0000] {logging_mixin.py:117} INFO - [2022-10-03T12:43:50.404+0000] {dagbag.py:525} INFO - Filling up the DagBag from /home/airflow/.local/lib/python3.7/site-packages/airflow/example_dags/example_skip_dag.py
[2022-10-03T12:43:50.437+0000] {processor.py:768} INFO - DAG(s) dict_keys(['example_skip_dag']) retrieved from /home/airflow/.local/lib/python3.7/site-packages/airflow/example_dags/example_skip_dag.py
[2022-10-03T12:43:50.496+0000] {logging_mixin.py:117} INFO - [2022-10-03T12:43:50.495+0000] {dag.py:2573} INFO - Sync 1 DAGs
[2022-10-03T12:43:50.541+0000] {logging_mixin.py:117} INFO - [2022-10-03T12:43:50.541+0000] {dag.py:3328} INFO - Setting next_dagrun for example_skip_dag to 2022-10-02T12:43:50.540752+00:00, run_after=2022-10-03T12:43:50.540752+00:00
[2022-10-03T12:43:50.573+0000] {processor.py:178} INFO - Processing /home/airflow/.local/lib/python3.7/site-packages/airflow/example_dags/example_skip_dag.py took 0.183 seconds
[2022-10-03T12:44:20.623+0000] {processor.py:156} INFO - Started process (PID=8195) to work on /home/airflow/.local/lib/python3.7/site-packages/airflow/example_dags/example_skip_dag.py
[2022-10-03T12:44:20.624+0000] {processor.py:758} INFO - Processing file /home/airflow/.local/lib/python3.7/site-packages/airflow/example_dags/example_skip_dag.py for tasks to queue
[2022-10-03T12:44:20.624+0000] {logging_mixin.py:117} INFO - [2022-10-03T12:44:20.624+0000] {dagbag.py:525} INFO - Filling up the DagBag from /home/airflow/.local/lib/python3.7/site-packages/airflow/example_dags/example_skip_dag.py
[2022-10-03T12:44:20.640+0000] {processor.py:768} INFO - DAG(s) dict_keys(['example_skip_dag']) retrieved from /home/airflow/.local/lib/python3.7/site-packages/airflow/example_dags/example_skip_dag.py
[2022-10-03T12:44:20.683+0000] {logging_mixin.py:117} INFO - [2022-10-03T12:44:20.683+0000] {dag.py:2573} INFO - Sync 1 DAGs
[2022-10-03T12:44:20.711+0000] {logging_mixin.py:117} INFO - [2022-10-03T12:44:20.711+0000] {dag.py:3328} INFO - Setting next_dagrun for example_skip_dag to 2022-10-02T12:44:20.710796+00:00, run_after=2022-10-03T12:44:20.710796+00:00
[2022-10-03T12:44:20.734+0000] {processor.py:178} INFO - Processing /home/airflow/.local/lib/python3.7/site-packages/airflow/example_dags/example_skip_dag.py took 0.114 seconds
[2022-10-03T12:44:51.876+0000] {processor.py:156} INFO - Started process (PID=8402) to work on /home/airflow/.local/lib/python3.7/site-packages/airflow/example_dags/example_skip_dag.py
[2022-10-03T12:44:51.878+0000] {processor.py:758} INFO - Processing file /home/airflow/.local/lib/python3.7/site-packages/airflow/example_dags/example_skip_dag.py for tasks to queue
[2022-10-03T12:44:51.879+0000] {logging_mixin.py:117} INFO - [2022-10-03T12:44:51.879+0000] {dagbag.py:525} INFO - Filling up the DagBag from /home/airflow/.local/lib/python3.7/site-packages/airflow/example_dags/example_skip_dag.py
[2022-10-03T12:44:51.912+0000] {processor.py:768} INFO - DAG(s) dict_keys(['example_skip_dag']) retrieved from /home/airflow/.local/lib/python3.7/site-packages/airflow/example_dags/example_skip_dag.py
[2022-10-03T12:44:52.002+0000] {logging_mixin.py:117} INFO - [2022-10-03T12:44:52.002+0000] {dag.py:2573} INFO - Sync 1 DAGs
[2022-10-03T12:44:52.063+0000] {logging_mixin.py:117} INFO - [2022-10-03T12:44:52.063+0000] {dag.py:3328} INFO - Setting next_dagrun for example_skip_dag to 2022-10-02T12:44:52.063002+00:00, run_after=2022-10-03T12:44:52.063002+00:00
[2022-10-03T12:44:52.112+0000] {processor.py:178} INFO - Processing /home/airflow/.local/lib/python3.7/site-packages/airflow/example_dags/example_skip_dag.py took 0.243 seconds
[2022-10-03T12:45:22.705+0000] {processor.py:156} INFO - Started process (PID=8601) to work on /home/airflow/.local/lib/python3.7/site-packages/airflow/example_dags/example_skip_dag.py
[2022-10-03T12:45:22.706+0000] {processor.py:758} INFO - Processing file /home/airflow/.local/lib/python3.7/site-packages/airflow/example_dags/example_skip_dag.py for tasks to queue
[2022-10-03T12:45:22.707+0000] {logging_mixin.py:117} INFO - [2022-10-03T12:45:22.707+0000] {dagbag.py:525} INFO - Filling up the DagBag from /home/airflow/.local/lib/python3.7/site-packages/airflow/example_dags/example_skip_dag.py
[2022-10-03T12:45:22.724+0000] {processor.py:768} INFO - DAG(s) dict_keys(['example_skip_dag']) retrieved from /home/airflow/.local/lib/python3.7/site-packages/airflow/example_dags/example_skip_dag.py
[2022-10-03T12:45:22.773+0000] {logging_mixin.py:117} INFO - [2022-10-03T12:45:22.773+0000] {dag.py:2573} INFO - Sync 1 DAGs
[2022-10-03T12:45:22.812+0000] {logging_mixin.py:117} INFO - [2022-10-03T12:45:22.811+0000] {dag.py:3328} INFO - Setting next_dagrun for example_skip_dag to 2022-10-02T12:45:22.811483+00:00, run_after=2022-10-03T12:45:22.811483+00:00
[2022-10-03T12:45:22.846+0000] {processor.py:178} INFO - Processing /home/airflow/.local/lib/python3.7/site-packages/airflow/example_dags/example_skip_dag.py took 0.144 seconds
[2022-10-03T12:45:52.938+0000] {processor.py:156} INFO - Started process (PID=8808) to work on /home/airflow/.local/lib/python3.7/site-packages/airflow/example_dags/example_skip_dag.py
[2022-10-03T12:45:52.938+0000] {processor.py:758} INFO - Processing file /home/airflow/.local/lib/python3.7/site-packages/airflow/example_dags/example_skip_dag.py for tasks to queue
[2022-10-03T12:45:52.939+0000] {logging_mixin.py:117} INFO - [2022-10-03T12:45:52.939+0000] {dagbag.py:525} INFO - Filling up the DagBag from /home/airflow/.local/lib/python3.7/site-packages/airflow/example_dags/example_skip_dag.py
[2022-10-03T12:45:52.958+0000] {processor.py:768} INFO - DAG(s) dict_keys(['example_skip_dag']) retrieved from /home/airflow/.local/lib/python3.7/site-packages/airflow/example_dags/example_skip_dag.py
[2022-10-03T12:45:53.006+0000] {logging_mixin.py:117} INFO - [2022-10-03T12:45:53.006+0000] {dag.py:2573} INFO - Sync 1 DAGs
[2022-10-03T12:45:53.036+0000] {logging_mixin.py:117} INFO - [2022-10-03T12:45:53.036+0000] {dag.py:3328} INFO - Setting next_dagrun for example_skip_dag to 2022-10-02T12:45:53.036124+00:00, run_after=2022-10-03T12:45:53.036124+00:00
[2022-10-03T12:45:53.061+0000] {processor.py:178} INFO - Processing /home/airflow/.local/lib/python3.7/site-packages/airflow/example_dags/example_skip_dag.py took 0.128 seconds
