[2022-10-03T12:24:25.318+0000] {processor.py:156} INFO - Started process (PID=283) to work on /home/airflow/.local/lib/python3.7/site-packages/airflow/example_dags/example_nested_branch_dag.py
[2022-10-03T12:24:25.319+0000] {processor.py:758} INFO - Processing file /home/airflow/.local/lib/python3.7/site-packages/airflow/example_dags/example_nested_branch_dag.py for tasks to queue
[2022-10-03T12:24:25.321+0000] {logging_mixin.py:117} INFO - [2022-10-03T12:24:25.321+0000] {dagbag.py:525} INFO - Filling up the DagBag from /home/airflow/.local/lib/python3.7/site-packages/airflow/example_dags/example_nested_branch_dag.py
[2022-10-03T12:24:25.402+0000] {processor.py:768} INFO - DAG(s) dict_keys(['example_nested_branch_dag']) retrieved from /home/airflow/.local/lib/python3.7/site-packages/airflow/example_dags/example_nested_branch_dag.py
[2022-10-03T12:24:25.521+0000] {logging_mixin.py:117} INFO - [2022-10-03T12:24:25.521+0000] {dag.py:2573} INFO - Sync 1 DAGs
[2022-10-03T12:24:25.621+0000] {logging_mixin.py:117} INFO - [2022-10-03T12:24:25.621+0000] {dag.py:3328} INFO - Setting next_dagrun for example_nested_branch_dag to 2022-10-02T00:00:00+00:00, run_after=2022-10-03T00:00:00+00:00
[2022-10-03T12:24:25.872+0000] {processor.py:178} INFO - Processing /home/airflow/.local/lib/python3.7/site-packages/airflow/example_dags/example_nested_branch_dag.py took 0.560 seconds
[2022-10-03T12:24:57.271+0000] {processor.py:156} INFO - Started process (PID=491) to work on /home/airflow/.local/lib/python3.7/site-packages/airflow/example_dags/example_nested_branch_dag.py
[2022-10-03T12:24:57.273+0000] {processor.py:758} INFO - Processing file /home/airflow/.local/lib/python3.7/site-packages/airflow/example_dags/example_nested_branch_dag.py for tasks to queue
[2022-10-03T12:24:57.278+0000] {logging_mixin.py:117} INFO - [2022-10-03T12:24:57.277+0000] {dagbag.py:525} INFO - Filling up the DagBag from /home/airflow/.local/lib/python3.7/site-packages/airflow/example_dags/example_nested_branch_dag.py
[2022-10-03T12:24:57.350+0000] {processor.py:768} INFO - DAG(s) dict_keys(['example_nested_branch_dag']) retrieved from /home/airflow/.local/lib/python3.7/site-packages/airflow/example_dags/example_nested_branch_dag.py
[2022-10-03T12:24:57.445+0000] {logging_mixin.py:117} INFO - [2022-10-03T12:24:57.445+0000] {dag.py:2573} INFO - Sync 1 DAGs
[2022-10-03T12:24:57.710+0000] {logging_mixin.py:117} INFO - [2022-10-03T12:24:57.710+0000] {dag.py:3328} INFO - Setting next_dagrun for example_nested_branch_dag to 2022-10-02T00:00:00+00:00, run_after=2022-10-03T00:00:00+00:00
[2022-10-03T12:24:57.756+0000] {processor.py:178} INFO - Processing /home/airflow/.local/lib/python3.7/site-packages/airflow/example_dags/example_nested_branch_dag.py took 0.492 seconds
[2022-10-03T12:25:28.086+0000] {processor.py:156} INFO - Started process (PID=691) to work on /home/airflow/.local/lib/python3.7/site-packages/airflow/example_dags/example_nested_branch_dag.py
[2022-10-03T12:25:28.088+0000] {processor.py:758} INFO - Processing file /home/airflow/.local/lib/python3.7/site-packages/airflow/example_dags/example_nested_branch_dag.py for tasks to queue
[2022-10-03T12:25:28.090+0000] {logging_mixin.py:117} INFO - [2022-10-03T12:25:28.090+0000] {dagbag.py:525} INFO - Filling up the DagBag from /home/airflow/.local/lib/python3.7/site-packages/airflow/example_dags/example_nested_branch_dag.py
[2022-10-03T12:25:28.150+0000] {processor.py:768} INFO - DAG(s) dict_keys(['example_nested_branch_dag']) retrieved from /home/airflow/.local/lib/python3.7/site-packages/airflow/example_dags/example_nested_branch_dag.py
[2022-10-03T12:25:28.433+0000] {logging_mixin.py:117} INFO - [2022-10-03T12:25:28.432+0000] {dag.py:2573} INFO - Sync 1 DAGs
[2022-10-03T12:25:28.490+0000] {logging_mixin.py:117} INFO - [2022-10-03T12:25:28.490+0000] {dag.py:3328} INFO - Setting next_dagrun for example_nested_branch_dag to 2022-10-02T00:00:00+00:00, run_after=2022-10-03T00:00:00+00:00
[2022-10-03T12:25:28.533+0000] {processor.py:178} INFO - Processing /home/airflow/.local/lib/python3.7/site-packages/airflow/example_dags/example_nested_branch_dag.py took 0.454 seconds
[2022-10-03T12:25:59.034+0000] {processor.py:156} INFO - Started process (PID=900) to work on /home/airflow/.local/lib/python3.7/site-packages/airflow/example_dags/example_nested_branch_dag.py
[2022-10-03T12:25:59.035+0000] {processor.py:758} INFO - Processing file /home/airflow/.local/lib/python3.7/site-packages/airflow/example_dags/example_nested_branch_dag.py for tasks to queue
[2022-10-03T12:25:59.036+0000] {logging_mixin.py:117} INFO - [2022-10-03T12:25:59.035+0000] {dagbag.py:525} INFO - Filling up the DagBag from /home/airflow/.local/lib/python3.7/site-packages/airflow/example_dags/example_nested_branch_dag.py
[2022-10-03T12:25:59.074+0000] {processor.py:768} INFO - DAG(s) dict_keys(['example_nested_branch_dag']) retrieved from /home/airflow/.local/lib/python3.7/site-packages/airflow/example_dags/example_nested_branch_dag.py
[2022-10-03T12:25:59.280+0000] {logging_mixin.py:117} INFO - [2022-10-03T12:25:59.280+0000] {dag.py:2573} INFO - Sync 1 DAGs
[2022-10-03T12:25:59.364+0000] {logging_mixin.py:117} INFO - [2022-10-03T12:25:59.363+0000] {dag.py:3328} INFO - Setting next_dagrun for example_nested_branch_dag to 2022-10-02T00:00:00+00:00, run_after=2022-10-03T00:00:00+00:00
[2022-10-03T12:25:59.420+0000] {processor.py:178} INFO - Processing /home/airflow/.local/lib/python3.7/site-packages/airflow/example_dags/example_nested_branch_dag.py took 0.389 seconds
[2022-10-03T12:26:31.527+0000] {processor.py:156} INFO - Started process (PID=1097) to work on /home/airflow/.local/lib/python3.7/site-packages/airflow/example_dags/example_nested_branch_dag.py
[2022-10-03T12:26:31.529+0000] {processor.py:758} INFO - Processing file /home/airflow/.local/lib/python3.7/site-packages/airflow/example_dags/example_nested_branch_dag.py for tasks to queue
[2022-10-03T12:26:31.531+0000] {logging_mixin.py:117} INFO - [2022-10-03T12:26:31.531+0000] {dagbag.py:525} INFO - Filling up the DagBag from /home/airflow/.local/lib/python3.7/site-packages/airflow/example_dags/example_nested_branch_dag.py
[2022-10-03T12:26:31.599+0000] {processor.py:768} INFO - DAG(s) dict_keys(['example_nested_branch_dag']) retrieved from /home/airflow/.local/lib/python3.7/site-packages/airflow/example_dags/example_nested_branch_dag.py
[2022-10-03T12:26:31.957+0000] {logging_mixin.py:117} INFO - [2022-10-03T12:26:31.956+0000] {dag.py:2573} INFO - Sync 1 DAGs
[2022-10-03T12:26:32.028+0000] {logging_mixin.py:117} INFO - [2022-10-03T12:26:32.028+0000] {dag.py:3328} INFO - Setting next_dagrun for example_nested_branch_dag to 2022-10-02T00:00:00+00:00, run_after=2022-10-03T00:00:00+00:00
[2022-10-03T12:26:32.087+0000] {processor.py:178} INFO - Processing /home/airflow/.local/lib/python3.7/site-packages/airflow/example_dags/example_nested_branch_dag.py took 0.569 seconds
[2022-10-03T12:27:02.396+0000] {processor.py:156} INFO - Started process (PID=1322) to work on /home/airflow/.local/lib/python3.7/site-packages/airflow/example_dags/example_nested_branch_dag.py
[2022-10-03T12:27:02.397+0000] {processor.py:758} INFO - Processing file /home/airflow/.local/lib/python3.7/site-packages/airflow/example_dags/example_nested_branch_dag.py for tasks to queue
[2022-10-03T12:27:02.398+0000] {logging_mixin.py:117} INFO - [2022-10-03T12:27:02.398+0000] {dagbag.py:525} INFO - Filling up the DagBag from /home/airflow/.local/lib/python3.7/site-packages/airflow/example_dags/example_nested_branch_dag.py
[2022-10-03T12:27:02.544+0000] {processor.py:768} INFO - DAG(s) dict_keys(['example_nested_branch_dag']) retrieved from /home/airflow/.local/lib/python3.7/site-packages/airflow/example_dags/example_nested_branch_dag.py
[2022-10-03T12:27:02.583+0000] {logging_mixin.py:117} INFO - [2022-10-03T12:27:02.583+0000] {dag.py:2573} INFO - Sync 1 DAGs
[2022-10-03T12:27:02.614+0000] {logging_mixin.py:117} INFO - [2022-10-03T12:27:02.613+0000] {dag.py:3328} INFO - Setting next_dagrun for example_nested_branch_dag to 2022-10-02T00:00:00+00:00, run_after=2022-10-03T00:00:00+00:00
[2022-10-03T12:27:02.644+0000] {processor.py:178} INFO - Processing /home/airflow/.local/lib/python3.7/site-packages/airflow/example_dags/example_nested_branch_dag.py took 0.251 seconds
[2022-10-03T12:27:33.072+0000] {processor.py:156} INFO - Started process (PID=1540) to work on /home/airflow/.local/lib/python3.7/site-packages/airflow/example_dags/example_nested_branch_dag.py
[2022-10-03T12:27:33.073+0000] {processor.py:758} INFO - Processing file /home/airflow/.local/lib/python3.7/site-packages/airflow/example_dags/example_nested_branch_dag.py for tasks to queue
[2022-10-03T12:27:33.074+0000] {logging_mixin.py:117} INFO - [2022-10-03T12:27:33.074+0000] {dagbag.py:525} INFO - Filling up the DagBag from /home/airflow/.local/lib/python3.7/site-packages/airflow/example_dags/example_nested_branch_dag.py
[2022-10-03T12:27:33.096+0000] {processor.py:768} INFO - DAG(s) dict_keys(['example_nested_branch_dag']) retrieved from /home/airflow/.local/lib/python3.7/site-packages/airflow/example_dags/example_nested_branch_dag.py
[2022-10-03T12:27:33.134+0000] {logging_mixin.py:117} INFO - [2022-10-03T12:27:33.133+0000] {dag.py:2573} INFO - Sync 1 DAGs
[2022-10-03T12:27:33.158+0000] {logging_mixin.py:117} INFO - [2022-10-03T12:27:33.158+0000] {dag.py:3328} INFO - Setting next_dagrun for example_nested_branch_dag to 2022-10-02T00:00:00+00:00, run_after=2022-10-03T00:00:00+00:00
[2022-10-03T12:27:33.178+0000] {processor.py:178} INFO - Processing /home/airflow/.local/lib/python3.7/site-packages/airflow/example_dags/example_nested_branch_dag.py took 0.112 seconds
[2022-10-03T12:28:03.710+0000] {processor.py:156} INFO - Started process (PID=1747) to work on /home/airflow/.local/lib/python3.7/site-packages/airflow/example_dags/example_nested_branch_dag.py
[2022-10-03T12:28:03.711+0000] {processor.py:758} INFO - Processing file /home/airflow/.local/lib/python3.7/site-packages/airflow/example_dags/example_nested_branch_dag.py for tasks to queue
[2022-10-03T12:28:03.712+0000] {logging_mixin.py:117} INFO - [2022-10-03T12:28:03.711+0000] {dagbag.py:525} INFO - Filling up the DagBag from /home/airflow/.local/lib/python3.7/site-packages/airflow/example_dags/example_nested_branch_dag.py
[2022-10-03T12:28:03.738+0000] {processor.py:768} INFO - DAG(s) dict_keys(['example_nested_branch_dag']) retrieved from /home/airflow/.local/lib/python3.7/site-packages/airflow/example_dags/example_nested_branch_dag.py
[2022-10-03T12:28:03.777+0000] {logging_mixin.py:117} INFO - [2022-10-03T12:28:03.777+0000] {dag.py:2573} INFO - Sync 1 DAGs
[2022-10-03T12:28:03.804+0000] {logging_mixin.py:117} INFO - [2022-10-03T12:28:03.804+0000] {dag.py:3328} INFO - Setting next_dagrun for example_nested_branch_dag to 2022-10-02T00:00:00+00:00, run_after=2022-10-03T00:00:00+00:00
[2022-10-03T12:28:03.826+0000] {processor.py:178} INFO - Processing /home/airflow/.local/lib/python3.7/site-packages/airflow/example_dags/example_nested_branch_dag.py took 0.119 seconds
[2022-10-03T12:28:34.410+0000] {processor.py:156} INFO - Started process (PID=1946) to work on /home/airflow/.local/lib/python3.7/site-packages/airflow/example_dags/example_nested_branch_dag.py
[2022-10-03T12:28:34.411+0000] {processor.py:758} INFO - Processing file /home/airflow/.local/lib/python3.7/site-packages/airflow/example_dags/example_nested_branch_dag.py for tasks to queue
[2022-10-03T12:28:34.411+0000] {logging_mixin.py:117} INFO - [2022-10-03T12:28:34.411+0000] {dagbag.py:525} INFO - Filling up the DagBag from /home/airflow/.local/lib/python3.7/site-packages/airflow/example_dags/example_nested_branch_dag.py
[2022-10-03T12:28:34.438+0000] {processor.py:768} INFO - DAG(s) dict_keys(['example_nested_branch_dag']) retrieved from /home/airflow/.local/lib/python3.7/site-packages/airflow/example_dags/example_nested_branch_dag.py
[2022-10-03T12:28:34.480+0000] {logging_mixin.py:117} INFO - [2022-10-03T12:28:34.480+0000] {dag.py:2573} INFO - Sync 1 DAGs
[2022-10-03T12:28:34.509+0000] {logging_mixin.py:117} INFO - [2022-10-03T12:28:34.509+0000] {dag.py:3328} INFO - Setting next_dagrun for example_nested_branch_dag to 2022-10-02T00:00:00+00:00, run_after=2022-10-03T00:00:00+00:00
[2022-10-03T12:28:34.535+0000] {processor.py:178} INFO - Processing /home/airflow/.local/lib/python3.7/site-packages/airflow/example_dags/example_nested_branch_dag.py took 0.128 seconds
[2022-10-03T12:29:05.244+0000] {processor.py:156} INFO - Started process (PID=2153) to work on /home/airflow/.local/lib/python3.7/site-packages/airflow/example_dags/example_nested_branch_dag.py
[2022-10-03T12:29:05.245+0000] {processor.py:758} INFO - Processing file /home/airflow/.local/lib/python3.7/site-packages/airflow/example_dags/example_nested_branch_dag.py for tasks to queue
[2022-10-03T12:29:05.246+0000] {logging_mixin.py:117} INFO - [2022-10-03T12:29:05.246+0000] {dagbag.py:525} INFO - Filling up the DagBag from /home/airflow/.local/lib/python3.7/site-packages/airflow/example_dags/example_nested_branch_dag.py
[2022-10-03T12:29:05.280+0000] {processor.py:768} INFO - DAG(s) dict_keys(['example_nested_branch_dag']) retrieved from /home/airflow/.local/lib/python3.7/site-packages/airflow/example_dags/example_nested_branch_dag.py
[2022-10-03T12:29:05.328+0000] {logging_mixin.py:117} INFO - [2022-10-03T12:29:05.328+0000] {dag.py:2573} INFO - Sync 1 DAGs
[2022-10-03T12:29:05.373+0000] {logging_mixin.py:117} INFO - [2022-10-03T12:29:05.373+0000] {dag.py:3328} INFO - Setting next_dagrun for example_nested_branch_dag to 2022-10-02T00:00:00+00:00, run_after=2022-10-03T00:00:00+00:00
[2022-10-03T12:29:05.408+0000] {processor.py:178} INFO - Processing /home/airflow/.local/lib/python3.7/site-packages/airflow/example_dags/example_nested_branch_dag.py took 0.167 seconds
[2022-10-03T12:29:36.362+0000] {processor.py:156} INFO - Started process (PID=2358) to work on /home/airflow/.local/lib/python3.7/site-packages/airflow/example_dags/example_nested_branch_dag.py
[2022-10-03T12:29:36.364+0000] {processor.py:758} INFO - Processing file /home/airflow/.local/lib/python3.7/site-packages/airflow/example_dags/example_nested_branch_dag.py for tasks to queue
[2022-10-03T12:29:36.366+0000] {logging_mixin.py:117} INFO - [2022-10-03T12:29:36.365+0000] {dagbag.py:525} INFO - Filling up the DagBag from /home/airflow/.local/lib/python3.7/site-packages/airflow/example_dags/example_nested_branch_dag.py
[2022-10-03T12:29:36.427+0000] {processor.py:768} INFO - DAG(s) dict_keys(['example_nested_branch_dag']) retrieved from /home/airflow/.local/lib/python3.7/site-packages/airflow/example_dags/example_nested_branch_dag.py
[2022-10-03T12:29:36.526+0000] {logging_mixin.py:117} INFO - [2022-10-03T12:29:36.525+0000] {dag.py:2573} INFO - Sync 1 DAGs
[2022-10-03T12:29:36.591+0000] {logging_mixin.py:117} INFO - [2022-10-03T12:29:36.590+0000] {dag.py:3328} INFO - Setting next_dagrun for example_nested_branch_dag to 2022-10-02T00:00:00+00:00, run_after=2022-10-03T00:00:00+00:00
[2022-10-03T12:29:36.643+0000] {processor.py:178} INFO - Processing /home/airflow/.local/lib/python3.7/site-packages/airflow/example_dags/example_nested_branch_dag.py took 0.289 seconds
[2022-10-03T12:30:07.002+0000] {processor.py:156} INFO - Started process (PID=2556) to work on /home/airflow/.local/lib/python3.7/site-packages/airflow/example_dags/example_nested_branch_dag.py
[2022-10-03T12:30:07.003+0000] {processor.py:758} INFO - Processing file /home/airflow/.local/lib/python3.7/site-packages/airflow/example_dags/example_nested_branch_dag.py for tasks to queue
[2022-10-03T12:30:07.003+0000] {logging_mixin.py:117} INFO - [2022-10-03T12:30:07.003+0000] {dagbag.py:525} INFO - Filling up the DagBag from /home/airflow/.local/lib/python3.7/site-packages/airflow/example_dags/example_nested_branch_dag.py
[2022-10-03T12:30:07.029+0000] {processor.py:768} INFO - DAG(s) dict_keys(['example_nested_branch_dag']) retrieved from /home/airflow/.local/lib/python3.7/site-packages/airflow/example_dags/example_nested_branch_dag.py
[2022-10-03T12:30:07.074+0000] {logging_mixin.py:117} INFO - [2022-10-03T12:30:07.073+0000] {dag.py:2573} INFO - Sync 1 DAGs
[2022-10-03T12:30:07.107+0000] {logging_mixin.py:117} INFO - [2022-10-03T12:30:07.107+0000] {dag.py:3328} INFO - Setting next_dagrun for example_nested_branch_dag to 2022-10-02T00:00:00+00:00, run_after=2022-10-03T00:00:00+00:00
[2022-10-03T12:30:07.133+0000] {processor.py:178} INFO - Processing /home/airflow/.local/lib/python3.7/site-packages/airflow/example_dags/example_nested_branch_dag.py took 0.135 seconds
[2022-10-03T12:30:37.722+0000] {processor.py:156} INFO - Started process (PID=2763) to work on /home/airflow/.local/lib/python3.7/site-packages/airflow/example_dags/example_nested_branch_dag.py
[2022-10-03T12:30:37.723+0000] {processor.py:758} INFO - Processing file /home/airflow/.local/lib/python3.7/site-packages/airflow/example_dags/example_nested_branch_dag.py for tasks to queue
[2022-10-03T12:30:37.724+0000] {logging_mixin.py:117} INFO - [2022-10-03T12:30:37.724+0000] {dagbag.py:525} INFO - Filling up the DagBag from /home/airflow/.local/lib/python3.7/site-packages/airflow/example_dags/example_nested_branch_dag.py
[2022-10-03T12:30:37.773+0000] {processor.py:768} INFO - DAG(s) dict_keys(['example_nested_branch_dag']) retrieved from /home/airflow/.local/lib/python3.7/site-packages/airflow/example_dags/example_nested_branch_dag.py
[2022-10-03T12:30:37.875+0000] {logging_mixin.py:117} INFO - [2022-10-03T12:30:37.874+0000] {dag.py:2573} INFO - Sync 1 DAGs
[2022-10-03T12:30:37.914+0000] {logging_mixin.py:117} INFO - [2022-10-03T12:30:37.913+0000] {dag.py:3328} INFO - Setting next_dagrun for example_nested_branch_dag to 2022-10-02T00:00:00+00:00, run_after=2022-10-03T00:00:00+00:00
[2022-10-03T12:30:37.945+0000] {processor.py:178} INFO - Processing /home/airflow/.local/lib/python3.7/site-packages/airflow/example_dags/example_nested_branch_dag.py took 0.226 seconds
[2022-10-03T12:31:08.397+0000] {processor.py:156} INFO - Started process (PID=2963) to work on /home/airflow/.local/lib/python3.7/site-packages/airflow/example_dags/example_nested_branch_dag.py
[2022-10-03T12:31:08.398+0000] {processor.py:758} INFO - Processing file /home/airflow/.local/lib/python3.7/site-packages/airflow/example_dags/example_nested_branch_dag.py for tasks to queue
[2022-10-03T12:31:08.398+0000] {logging_mixin.py:117} INFO - [2022-10-03T12:31:08.398+0000] {dagbag.py:525} INFO - Filling up the DagBag from /home/airflow/.local/lib/python3.7/site-packages/airflow/example_dags/example_nested_branch_dag.py
[2022-10-03T12:31:08.427+0000] {processor.py:768} INFO - DAG(s) dict_keys(['example_nested_branch_dag']) retrieved from /home/airflow/.local/lib/python3.7/site-packages/airflow/example_dags/example_nested_branch_dag.py
[2022-10-03T12:31:08.473+0000] {logging_mixin.py:117} INFO - [2022-10-03T12:31:08.472+0000] {dag.py:2573} INFO - Sync 1 DAGs
[2022-10-03T12:31:08.505+0000] {logging_mixin.py:117} INFO - [2022-10-03T12:31:08.504+0000] {dag.py:3328} INFO - Setting next_dagrun for example_nested_branch_dag to 2022-10-02T00:00:00+00:00, run_after=2022-10-03T00:00:00+00:00
[2022-10-03T12:31:08.530+0000] {processor.py:178} INFO - Processing /home/airflow/.local/lib/python3.7/site-packages/airflow/example_dags/example_nested_branch_dag.py took 0.136 seconds
[2022-10-03T12:31:38.802+0000] {processor.py:156} INFO - Started process (PID=3169) to work on /home/airflow/.local/lib/python3.7/site-packages/airflow/example_dags/example_nested_branch_dag.py
[2022-10-03T12:31:38.803+0000] {processor.py:758} INFO - Processing file /home/airflow/.local/lib/python3.7/site-packages/airflow/example_dags/example_nested_branch_dag.py for tasks to queue
[2022-10-03T12:31:38.804+0000] {logging_mixin.py:117} INFO - [2022-10-03T12:31:38.804+0000] {dagbag.py:525} INFO - Filling up the DagBag from /home/airflow/.local/lib/python3.7/site-packages/airflow/example_dags/example_nested_branch_dag.py
[2022-10-03T12:31:38.835+0000] {processor.py:768} INFO - DAG(s) dict_keys(['example_nested_branch_dag']) retrieved from /home/airflow/.local/lib/python3.7/site-packages/airflow/example_dags/example_nested_branch_dag.py
[2022-10-03T12:31:38.884+0000] {logging_mixin.py:117} INFO - [2022-10-03T12:31:38.883+0000] {dag.py:2573} INFO - Sync 1 DAGs
[2022-10-03T12:31:38.916+0000] {logging_mixin.py:117} INFO - [2022-10-03T12:31:38.916+0000] {dag.py:3328} INFO - Setting next_dagrun for example_nested_branch_dag to 2022-10-02T00:00:00+00:00, run_after=2022-10-03T00:00:00+00:00
[2022-10-03T12:31:38.942+0000] {processor.py:178} INFO - Processing /home/airflow/.local/lib/python3.7/site-packages/airflow/example_dags/example_nested_branch_dag.py took 0.144 seconds
[2022-10-03T12:32:08.982+0000] {processor.py:156} INFO - Started process (PID=3366) to work on /home/airflow/.local/lib/python3.7/site-packages/airflow/example_dags/example_nested_branch_dag.py
[2022-10-03T12:32:08.983+0000] {processor.py:758} INFO - Processing file /home/airflow/.local/lib/python3.7/site-packages/airflow/example_dags/example_nested_branch_dag.py for tasks to queue
[2022-10-03T12:32:08.984+0000] {logging_mixin.py:117} INFO - [2022-10-03T12:32:08.984+0000] {dagbag.py:525} INFO - Filling up the DagBag from /home/airflow/.local/lib/python3.7/site-packages/airflow/example_dags/example_nested_branch_dag.py
[2022-10-03T12:32:09.013+0000] {processor.py:768} INFO - DAG(s) dict_keys(['example_nested_branch_dag']) retrieved from /home/airflow/.local/lib/python3.7/site-packages/airflow/example_dags/example_nested_branch_dag.py
[2022-10-03T12:32:09.072+0000] {logging_mixin.py:117} INFO - [2022-10-03T12:32:09.072+0000] {dag.py:2573} INFO - Sync 1 DAGs
[2022-10-03T12:32:09.104+0000] {logging_mixin.py:117} INFO - [2022-10-03T12:32:09.104+0000] {dag.py:3328} INFO - Setting next_dagrun for example_nested_branch_dag to 2022-10-02T00:00:00+00:00, run_after=2022-10-03T00:00:00+00:00
[2022-10-03T12:32:09.131+0000] {processor.py:178} INFO - Processing /home/airflow/.local/lib/python3.7/site-packages/airflow/example_dags/example_nested_branch_dag.py took 0.153 seconds
[2022-10-03T12:32:39.372+0000] {processor.py:156} INFO - Started process (PID=3573) to work on /home/airflow/.local/lib/python3.7/site-packages/airflow/example_dags/example_nested_branch_dag.py
[2022-10-03T12:32:39.372+0000] {processor.py:758} INFO - Processing file /home/airflow/.local/lib/python3.7/site-packages/airflow/example_dags/example_nested_branch_dag.py for tasks to queue
[2022-10-03T12:32:39.373+0000] {logging_mixin.py:117} INFO - [2022-10-03T12:32:39.373+0000] {dagbag.py:525} INFO - Filling up the DagBag from /home/airflow/.local/lib/python3.7/site-packages/airflow/example_dags/example_nested_branch_dag.py
[2022-10-03T12:32:39.403+0000] {processor.py:768} INFO - DAG(s) dict_keys(['example_nested_branch_dag']) retrieved from /home/airflow/.local/lib/python3.7/site-packages/airflow/example_dags/example_nested_branch_dag.py
[2022-10-03T12:32:39.450+0000] {logging_mixin.py:117} INFO - [2022-10-03T12:32:39.449+0000] {dag.py:2573} INFO - Sync 1 DAGs
[2022-10-03T12:32:39.482+0000] {logging_mixin.py:117} INFO - [2022-10-03T12:32:39.481+0000] {dag.py:3328} INFO - Setting next_dagrun for example_nested_branch_dag to 2022-10-02T00:00:00+00:00, run_after=2022-10-03T00:00:00+00:00
[2022-10-03T12:32:39.510+0000] {processor.py:178} INFO - Processing /home/airflow/.local/lib/python3.7/site-packages/airflow/example_dags/example_nested_branch_dag.py took 0.141 seconds
[2022-10-03T12:33:09.843+0000] {processor.py:156} INFO - Started process (PID=3782) to work on /home/airflow/.local/lib/python3.7/site-packages/airflow/example_dags/example_nested_branch_dag.py
[2022-10-03T12:33:09.844+0000] {processor.py:758} INFO - Processing file /home/airflow/.local/lib/python3.7/site-packages/airflow/example_dags/example_nested_branch_dag.py for tasks to queue
[2022-10-03T12:33:09.845+0000] {logging_mixin.py:117} INFO - [2022-10-03T12:33:09.845+0000] {dagbag.py:525} INFO - Filling up the DagBag from /home/airflow/.local/lib/python3.7/site-packages/airflow/example_dags/example_nested_branch_dag.py
[2022-10-03T12:33:09.877+0000] {processor.py:768} INFO - DAG(s) dict_keys(['example_nested_branch_dag']) retrieved from /home/airflow/.local/lib/python3.7/site-packages/airflow/example_dags/example_nested_branch_dag.py
[2022-10-03T12:33:09.924+0000] {logging_mixin.py:117} INFO - [2022-10-03T12:33:09.924+0000] {dag.py:2573} INFO - Sync 1 DAGs
[2022-10-03T12:33:09.956+0000] {logging_mixin.py:117} INFO - [2022-10-03T12:33:09.955+0000] {dag.py:3328} INFO - Setting next_dagrun for example_nested_branch_dag to 2022-10-02T00:00:00+00:00, run_after=2022-10-03T00:00:00+00:00
[2022-10-03T12:33:09.983+0000] {processor.py:178} INFO - Processing /home/airflow/.local/lib/python3.7/site-packages/airflow/example_dags/example_nested_branch_dag.py took 0.143 seconds
[2022-10-03T12:33:40.493+0000] {processor.py:156} INFO - Started process (PID=3978) to work on /home/airflow/.local/lib/python3.7/site-packages/airflow/example_dags/example_nested_branch_dag.py
[2022-10-03T12:33:40.494+0000] {processor.py:758} INFO - Processing file /home/airflow/.local/lib/python3.7/site-packages/airflow/example_dags/example_nested_branch_dag.py for tasks to queue
[2022-10-03T12:33:40.495+0000] {logging_mixin.py:117} INFO - [2022-10-03T12:33:40.495+0000] {dagbag.py:525} INFO - Filling up the DagBag from /home/airflow/.local/lib/python3.7/site-packages/airflow/example_dags/example_nested_branch_dag.py
[2022-10-03T12:33:40.535+0000] {processor.py:768} INFO - DAG(s) dict_keys(['example_nested_branch_dag']) retrieved from /home/airflow/.local/lib/python3.7/site-packages/airflow/example_dags/example_nested_branch_dag.py
[2022-10-03T12:33:40.583+0000] {logging_mixin.py:117} INFO - [2022-10-03T12:33:40.583+0000] {dag.py:2573} INFO - Sync 1 DAGs
[2022-10-03T12:33:40.617+0000] {logging_mixin.py:117} INFO - [2022-10-03T12:33:40.616+0000] {dag.py:3328} INFO - Setting next_dagrun for example_nested_branch_dag to 2022-10-02T00:00:00+00:00, run_after=2022-10-03T00:00:00+00:00
[2022-10-03T12:33:40.643+0000] {processor.py:178} INFO - Processing /home/airflow/.local/lib/python3.7/site-packages/airflow/example_dags/example_nested_branch_dag.py took 0.154 seconds
[2022-10-03T12:34:11.513+0000] {processor.py:156} INFO - Started process (PID=4187) to work on /home/airflow/.local/lib/python3.7/site-packages/airflow/example_dags/example_nested_branch_dag.py
[2022-10-03T12:34:11.516+0000] {processor.py:758} INFO - Processing file /home/airflow/.local/lib/python3.7/site-packages/airflow/example_dags/example_nested_branch_dag.py for tasks to queue
[2022-10-03T12:34:11.518+0000] {logging_mixin.py:117} INFO - [2022-10-03T12:34:11.517+0000] {dagbag.py:525} INFO - Filling up the DagBag from /home/airflow/.local/lib/python3.7/site-packages/airflow/example_dags/example_nested_branch_dag.py
[2022-10-03T12:34:11.566+0000] {processor.py:768} INFO - DAG(s) dict_keys(['example_nested_branch_dag']) retrieved from /home/airflow/.local/lib/python3.7/site-packages/airflow/example_dags/example_nested_branch_dag.py
[2022-10-03T12:34:11.613+0000] {logging_mixin.py:117} INFO - [2022-10-03T12:34:11.613+0000] {dag.py:2573} INFO - Sync 1 DAGs
[2022-10-03T12:34:11.645+0000] {logging_mixin.py:117} INFO - [2022-10-03T12:34:11.645+0000] {dag.py:3328} INFO - Setting next_dagrun for example_nested_branch_dag to 2022-10-02T00:00:00+00:00, run_after=2022-10-03T00:00:00+00:00
[2022-10-03T12:34:11.682+0000] {processor.py:178} INFO - Processing /home/airflow/.local/lib/python3.7/site-packages/airflow/example_dags/example_nested_branch_dag.py took 0.179 seconds
[2022-10-03T12:34:42.861+0000] {processor.py:156} INFO - Started process (PID=4386) to work on /home/airflow/.local/lib/python3.7/site-packages/airflow/example_dags/example_nested_branch_dag.py
[2022-10-03T12:34:42.863+0000] {processor.py:758} INFO - Processing file /home/airflow/.local/lib/python3.7/site-packages/airflow/example_dags/example_nested_branch_dag.py for tasks to queue
[2022-10-03T12:34:42.866+0000] {logging_mixin.py:117} INFO - [2022-10-03T12:34:42.865+0000] {dagbag.py:525} INFO - Filling up the DagBag from /home/airflow/.local/lib/python3.7/site-packages/airflow/example_dags/example_nested_branch_dag.py
[2022-10-03T12:34:42.955+0000] {processor.py:768} INFO - DAG(s) dict_keys(['example_nested_branch_dag']) retrieved from /home/airflow/.local/lib/python3.7/site-packages/airflow/example_dags/example_nested_branch_dag.py
[2022-10-03T12:34:43.080+0000] {logging_mixin.py:117} INFO - [2022-10-03T12:34:43.080+0000] {dag.py:2573} INFO - Sync 1 DAGs
[2022-10-03T12:34:43.169+0000] {logging_mixin.py:117} INFO - [2022-10-03T12:34:43.168+0000] {dag.py:3328} INFO - Setting next_dagrun for example_nested_branch_dag to 2022-10-02T00:00:00+00:00, run_after=2022-10-03T00:00:00+00:00
[2022-10-03T12:34:43.218+0000] {processor.py:178} INFO - Processing /home/airflow/.local/lib/python3.7/site-packages/airflow/example_dags/example_nested_branch_dag.py took 0.370 seconds
[2022-10-03T12:35:13.458+0000] {processor.py:156} INFO - Started process (PID=4593) to work on /home/airflow/.local/lib/python3.7/site-packages/airflow/example_dags/example_nested_branch_dag.py
[2022-10-03T12:35:13.460+0000] {processor.py:758} INFO - Processing file /home/airflow/.local/lib/python3.7/site-packages/airflow/example_dags/example_nested_branch_dag.py for tasks to queue
[2022-10-03T12:35:13.461+0000] {logging_mixin.py:117} INFO - [2022-10-03T12:35:13.461+0000] {dagbag.py:525} INFO - Filling up the DagBag from /home/airflow/.local/lib/python3.7/site-packages/airflow/example_dags/example_nested_branch_dag.py
[2022-10-03T12:35:13.497+0000] {processor.py:768} INFO - DAG(s) dict_keys(['example_nested_branch_dag']) retrieved from /home/airflow/.local/lib/python3.7/site-packages/airflow/example_dags/example_nested_branch_dag.py
[2022-10-03T12:35:13.541+0000] {logging_mixin.py:117} INFO - [2022-10-03T12:35:13.541+0000] {dag.py:2573} INFO - Sync 1 DAGs
[2022-10-03T12:35:13.574+0000] {logging_mixin.py:117} INFO - [2022-10-03T12:35:13.574+0000] {dag.py:3328} INFO - Setting next_dagrun for example_nested_branch_dag to 2022-10-02T00:00:00+00:00, run_after=2022-10-03T00:00:00+00:00
[2022-10-03T12:35:13.601+0000] {processor.py:178} INFO - Processing /home/airflow/.local/lib/python3.7/site-packages/airflow/example_dags/example_nested_branch_dag.py took 0.147 seconds
[2022-10-03T12:35:43.925+0000] {processor.py:156} INFO - Started process (PID=4789) to work on /home/airflow/.local/lib/python3.7/site-packages/airflow/example_dags/example_nested_branch_dag.py
[2022-10-03T12:35:43.926+0000] {processor.py:758} INFO - Processing file /home/airflow/.local/lib/python3.7/site-packages/airflow/example_dags/example_nested_branch_dag.py for tasks to queue
[2022-10-03T12:35:43.928+0000] {logging_mixin.py:117} INFO - [2022-10-03T12:35:43.927+0000] {dagbag.py:525} INFO - Filling up the DagBag from /home/airflow/.local/lib/python3.7/site-packages/airflow/example_dags/example_nested_branch_dag.py
[2022-10-03T12:35:43.961+0000] {processor.py:768} INFO - DAG(s) dict_keys(['example_nested_branch_dag']) retrieved from /home/airflow/.local/lib/python3.7/site-packages/airflow/example_dags/example_nested_branch_dag.py
[2022-10-03T12:35:44.010+0000] {logging_mixin.py:117} INFO - [2022-10-03T12:35:44.010+0000] {dag.py:2573} INFO - Sync 1 DAGs
[2022-10-03T12:35:44.046+0000] {logging_mixin.py:117} INFO - [2022-10-03T12:35:44.046+0000] {dag.py:3328} INFO - Setting next_dagrun for example_nested_branch_dag to 2022-10-02T00:00:00+00:00, run_after=2022-10-03T00:00:00+00:00
[2022-10-03T12:35:44.076+0000] {processor.py:178} INFO - Processing /home/airflow/.local/lib/python3.7/site-packages/airflow/example_dags/example_nested_branch_dag.py took 0.156 seconds
[2022-10-03T12:36:14.431+0000] {processor.py:156} INFO - Started process (PID=4998) to work on /home/airflow/.local/lib/python3.7/site-packages/airflow/example_dags/example_nested_branch_dag.py
[2022-10-03T12:36:14.432+0000] {processor.py:758} INFO - Processing file /home/airflow/.local/lib/python3.7/site-packages/airflow/example_dags/example_nested_branch_dag.py for tasks to queue
[2022-10-03T12:36:14.433+0000] {logging_mixin.py:117} INFO - [2022-10-03T12:36:14.433+0000] {dagbag.py:525} INFO - Filling up the DagBag from /home/airflow/.local/lib/python3.7/site-packages/airflow/example_dags/example_nested_branch_dag.py
[2022-10-03T12:36:14.469+0000] {processor.py:768} INFO - DAG(s) dict_keys(['example_nested_branch_dag']) retrieved from /home/airflow/.local/lib/python3.7/site-packages/airflow/example_dags/example_nested_branch_dag.py
[2022-10-03T12:36:14.513+0000] {logging_mixin.py:117} INFO - [2022-10-03T12:36:14.512+0000] {dag.py:2573} INFO - Sync 1 DAGs
[2022-10-03T12:36:14.545+0000] {logging_mixin.py:117} INFO - [2022-10-03T12:36:14.545+0000] {dag.py:3328} INFO - Setting next_dagrun for example_nested_branch_dag to 2022-10-02T00:00:00+00:00, run_after=2022-10-03T00:00:00+00:00
[2022-10-03T12:36:14.571+0000] {processor.py:178} INFO - Processing /home/airflow/.local/lib/python3.7/site-packages/airflow/example_dags/example_nested_branch_dag.py took 0.145 seconds
[2022-10-03T12:36:44.604+0000] {processor.py:156} INFO - Started process (PID=5196) to work on /home/airflow/.local/lib/python3.7/site-packages/airflow/example_dags/example_nested_branch_dag.py
[2022-10-03T12:36:44.605+0000] {processor.py:758} INFO - Processing file /home/airflow/.local/lib/python3.7/site-packages/airflow/example_dags/example_nested_branch_dag.py for tasks to queue
[2022-10-03T12:36:44.606+0000] {logging_mixin.py:117} INFO - [2022-10-03T12:36:44.606+0000] {dagbag.py:525} INFO - Filling up the DagBag from /home/airflow/.local/lib/python3.7/site-packages/airflow/example_dags/example_nested_branch_dag.py
[2022-10-03T12:36:44.632+0000] {processor.py:768} INFO - DAG(s) dict_keys(['example_nested_branch_dag']) retrieved from /home/airflow/.local/lib/python3.7/site-packages/airflow/example_dags/example_nested_branch_dag.py
[2022-10-03T12:36:44.683+0000] {logging_mixin.py:117} INFO - [2022-10-03T12:36:44.683+0000] {dag.py:2573} INFO - Sync 1 DAGs
[2022-10-03T12:36:44.715+0000] {logging_mixin.py:117} INFO - [2022-10-03T12:36:44.714+0000] {dag.py:3328} INFO - Setting next_dagrun for example_nested_branch_dag to 2022-10-02T00:00:00+00:00, run_after=2022-10-03T00:00:00+00:00
[2022-10-03T12:36:44.741+0000] {processor.py:178} INFO - Processing /home/airflow/.local/lib/python3.7/site-packages/airflow/example_dags/example_nested_branch_dag.py took 0.141 seconds
[2022-10-03T12:37:15.041+0000] {processor.py:156} INFO - Started process (PID=5403) to work on /home/airflow/.local/lib/python3.7/site-packages/airflow/example_dags/example_nested_branch_dag.py
[2022-10-03T12:37:15.041+0000] {processor.py:758} INFO - Processing file /home/airflow/.local/lib/python3.7/site-packages/airflow/example_dags/example_nested_branch_dag.py for tasks to queue
[2022-10-03T12:37:15.042+0000] {logging_mixin.py:117} INFO - [2022-10-03T12:37:15.042+0000] {dagbag.py:525} INFO - Filling up the DagBag from /home/airflow/.local/lib/python3.7/site-packages/airflow/example_dags/example_nested_branch_dag.py
[2022-10-03T12:37:15.068+0000] {processor.py:768} INFO - DAG(s) dict_keys(['example_nested_branch_dag']) retrieved from /home/airflow/.local/lib/python3.7/site-packages/airflow/example_dags/example_nested_branch_dag.py
[2022-10-03T12:37:15.111+0000] {logging_mixin.py:117} INFO - [2022-10-03T12:37:15.111+0000] {dag.py:2573} INFO - Sync 1 DAGs
[2022-10-03T12:37:15.148+0000] {logging_mixin.py:117} INFO - [2022-10-03T12:37:15.147+0000] {dag.py:3328} INFO - Setting next_dagrun for example_nested_branch_dag to 2022-10-02T00:00:00+00:00, run_after=2022-10-03T00:00:00+00:00
[2022-10-03T12:37:15.177+0000] {processor.py:178} INFO - Processing /home/airflow/.local/lib/python3.7/site-packages/airflow/example_dags/example_nested_branch_dag.py took 0.139 seconds
[2022-10-03T12:37:45.378+0000] {processor.py:156} INFO - Started process (PID=5610) to work on /home/airflow/.local/lib/python3.7/site-packages/airflow/example_dags/example_nested_branch_dag.py
[2022-10-03T12:37:45.379+0000] {processor.py:758} INFO - Processing file /home/airflow/.local/lib/python3.7/site-packages/airflow/example_dags/example_nested_branch_dag.py for tasks to queue
[2022-10-03T12:37:45.381+0000] {logging_mixin.py:117} INFO - [2022-10-03T12:37:45.380+0000] {dagbag.py:525} INFO - Filling up the DagBag from /home/airflow/.local/lib/python3.7/site-packages/airflow/example_dags/example_nested_branch_dag.py
[2022-10-03T12:37:45.419+0000] {processor.py:768} INFO - DAG(s) dict_keys(['example_nested_branch_dag']) retrieved from /home/airflow/.local/lib/python3.7/site-packages/airflow/example_dags/example_nested_branch_dag.py
[2022-10-03T12:37:45.478+0000] {logging_mixin.py:117} INFO - [2022-10-03T12:37:45.477+0000] {dag.py:2573} INFO - Sync 1 DAGs
[2022-10-03T12:37:45.525+0000] {logging_mixin.py:117} INFO - [2022-10-03T12:37:45.524+0000] {dag.py:3328} INFO - Setting next_dagrun for example_nested_branch_dag to 2022-10-02T00:00:00+00:00, run_after=2022-10-03T00:00:00+00:00
[2022-10-03T12:37:45.555+0000] {processor.py:178} INFO - Processing /home/airflow/.local/lib/python3.7/site-packages/airflow/example_dags/example_nested_branch_dag.py took 0.180 seconds
[2022-10-03T12:38:16.080+0000] {processor.py:156} INFO - Started process (PID=5806) to work on /home/airflow/.local/lib/python3.7/site-packages/airflow/example_dags/example_nested_branch_dag.py
[2022-10-03T12:38:16.082+0000] {processor.py:758} INFO - Processing file /home/airflow/.local/lib/python3.7/site-packages/airflow/example_dags/example_nested_branch_dag.py for tasks to queue
[2022-10-03T12:38:16.083+0000] {logging_mixin.py:117} INFO - [2022-10-03T12:38:16.083+0000] {dagbag.py:525} INFO - Filling up the DagBag from /home/airflow/.local/lib/python3.7/site-packages/airflow/example_dags/example_nested_branch_dag.py
[2022-10-03T12:38:16.151+0000] {processor.py:768} INFO - DAG(s) dict_keys(['example_nested_branch_dag']) retrieved from /home/airflow/.local/lib/python3.7/site-packages/airflow/example_dags/example_nested_branch_dag.py
[2022-10-03T12:38:16.264+0000] {logging_mixin.py:117} INFO - [2022-10-03T12:38:16.263+0000] {dag.py:2573} INFO - Sync 1 DAGs
[2022-10-03T12:38:16.352+0000] {logging_mixin.py:117} INFO - [2022-10-03T12:38:16.352+0000] {dag.py:3328} INFO - Setting next_dagrun for example_nested_branch_dag to 2022-10-02T00:00:00+00:00, run_after=2022-10-03T00:00:00+00:00
[2022-10-03T12:38:16.408+0000] {processor.py:178} INFO - Processing /home/airflow/.local/lib/python3.7/site-packages/airflow/example_dags/example_nested_branch_dag.py took 0.338 seconds
[2022-10-03T12:38:46.563+0000] {processor.py:156} INFO - Started process (PID=6013) to work on /home/airflow/.local/lib/python3.7/site-packages/airflow/example_dags/example_nested_branch_dag.py
[2022-10-03T12:38:46.565+0000] {processor.py:758} INFO - Processing file /home/airflow/.local/lib/python3.7/site-packages/airflow/example_dags/example_nested_branch_dag.py for tasks to queue
[2022-10-03T12:38:46.566+0000] {logging_mixin.py:117} INFO - [2022-10-03T12:38:46.566+0000] {dagbag.py:525} INFO - Filling up the DagBag from /home/airflow/.local/lib/python3.7/site-packages/airflow/example_dags/example_nested_branch_dag.py
[2022-10-03T12:38:46.625+0000] {processor.py:768} INFO - DAG(s) dict_keys(['example_nested_branch_dag']) retrieved from /home/airflow/.local/lib/python3.7/site-packages/airflow/example_dags/example_nested_branch_dag.py
[2022-10-03T12:38:46.744+0000] {logging_mixin.py:117} INFO - [2022-10-03T12:38:46.743+0000] {dag.py:2573} INFO - Sync 1 DAGs
[2022-10-03T12:38:46.823+0000] {logging_mixin.py:117} INFO - [2022-10-03T12:38:46.822+0000] {dag.py:3328} INFO - Setting next_dagrun for example_nested_branch_dag to 2022-10-02T00:00:00+00:00, run_after=2022-10-03T00:00:00+00:00
[2022-10-03T12:38:46.895+0000] {processor.py:178} INFO - Processing /home/airflow/.local/lib/python3.7/site-packages/airflow/example_dags/example_nested_branch_dag.py took 0.342 seconds
[2022-10-03T12:39:17.488+0000] {processor.py:156} INFO - Started process (PID=6213) to work on /home/airflow/.local/lib/python3.7/site-packages/airflow/example_dags/example_nested_branch_dag.py
[2022-10-03T12:39:17.489+0000] {processor.py:758} INFO - Processing file /home/airflow/.local/lib/python3.7/site-packages/airflow/example_dags/example_nested_branch_dag.py for tasks to queue
[2022-10-03T12:39:17.490+0000] {logging_mixin.py:117} INFO - [2022-10-03T12:39:17.490+0000] {dagbag.py:525} INFO - Filling up the DagBag from /home/airflow/.local/lib/python3.7/site-packages/airflow/example_dags/example_nested_branch_dag.py
[2022-10-03T12:39:17.518+0000] {processor.py:768} INFO - DAG(s) dict_keys(['example_nested_branch_dag']) retrieved from /home/airflow/.local/lib/python3.7/site-packages/airflow/example_dags/example_nested_branch_dag.py
[2022-10-03T12:39:17.561+0000] {logging_mixin.py:117} INFO - [2022-10-03T12:39:17.560+0000] {dag.py:2573} INFO - Sync 1 DAGs
[2022-10-03T12:39:17.590+0000] {logging_mixin.py:117} INFO - [2022-10-03T12:39:17.590+0000] {dag.py:3328} INFO - Setting next_dagrun for example_nested_branch_dag to 2022-10-02T00:00:00+00:00, run_after=2022-10-03T00:00:00+00:00
[2022-10-03T12:39:17.618+0000] {processor.py:178} INFO - Processing /home/airflow/.local/lib/python3.7/site-packages/airflow/example_dags/example_nested_branch_dag.py took 0.132 seconds
[2022-10-03T12:39:48.438+0000] {processor.py:156} INFO - Started process (PID=6420) to work on /home/airflow/.local/lib/python3.7/site-packages/airflow/example_dags/example_nested_branch_dag.py
[2022-10-03T12:39:48.439+0000] {processor.py:758} INFO - Processing file /home/airflow/.local/lib/python3.7/site-packages/airflow/example_dags/example_nested_branch_dag.py for tasks to queue
[2022-10-03T12:39:48.439+0000] {logging_mixin.py:117} INFO - [2022-10-03T12:39:48.439+0000] {dagbag.py:525} INFO - Filling up the DagBag from /home/airflow/.local/lib/python3.7/site-packages/airflow/example_dags/example_nested_branch_dag.py
[2022-10-03T12:39:48.468+0000] {processor.py:768} INFO - DAG(s) dict_keys(['example_nested_branch_dag']) retrieved from /home/airflow/.local/lib/python3.7/site-packages/airflow/example_dags/example_nested_branch_dag.py
[2022-10-03T12:39:48.512+0000] {logging_mixin.py:117} INFO - [2022-10-03T12:39:48.512+0000] {dag.py:2573} INFO - Sync 1 DAGs
[2022-10-03T12:39:48.544+0000] {logging_mixin.py:117} INFO - [2022-10-03T12:39:48.544+0000] {dag.py:3328} INFO - Setting next_dagrun for example_nested_branch_dag to 2022-10-02T00:00:00+00:00, run_after=2022-10-03T00:00:00+00:00
[2022-10-03T12:39:48.569+0000] {processor.py:178} INFO - Processing /home/airflow/.local/lib/python3.7/site-packages/airflow/example_dags/example_nested_branch_dag.py took 0.134 seconds
[2022-10-03T12:40:19.128+0000] {processor.py:156} INFO - Started process (PID=6627) to work on /home/airflow/.local/lib/python3.7/site-packages/airflow/example_dags/example_nested_branch_dag.py
[2022-10-03T12:40:19.129+0000] {processor.py:758} INFO - Processing file /home/airflow/.local/lib/python3.7/site-packages/airflow/example_dags/example_nested_branch_dag.py for tasks to queue
[2022-10-03T12:40:19.131+0000] {logging_mixin.py:117} INFO - [2022-10-03T12:40:19.130+0000] {dagbag.py:525} INFO - Filling up the DagBag from /home/airflow/.local/lib/python3.7/site-packages/airflow/example_dags/example_nested_branch_dag.py
[2022-10-03T12:40:19.191+0000] {processor.py:768} INFO - DAG(s) dict_keys(['example_nested_branch_dag']) retrieved from /home/airflow/.local/lib/python3.7/site-packages/airflow/example_dags/example_nested_branch_dag.py
[2022-10-03T12:40:19.284+0000] {logging_mixin.py:117} INFO - [2022-10-03T12:40:19.284+0000] {dag.py:2573} INFO - Sync 1 DAGs
[2022-10-03T12:40:19.352+0000] {logging_mixin.py:117} INFO - [2022-10-03T12:40:19.352+0000] {dag.py:3328} INFO - Setting next_dagrun for example_nested_branch_dag to 2022-10-02T00:00:00+00:00, run_after=2022-10-03T00:00:00+00:00
[2022-10-03T12:40:19.402+0000] {processor.py:178} INFO - Processing /home/airflow/.local/lib/python3.7/site-packages/airflow/example_dags/example_nested_branch_dag.py took 0.281 seconds
[2022-10-03T12:40:50.169+0000] {processor.py:156} INFO - Started process (PID=6825) to work on /home/airflow/.local/lib/python3.7/site-packages/airflow/example_dags/example_nested_branch_dag.py
[2022-10-03T12:40:50.171+0000] {processor.py:758} INFO - Processing file /home/airflow/.local/lib/python3.7/site-packages/airflow/example_dags/example_nested_branch_dag.py for tasks to queue
[2022-10-03T12:40:50.173+0000] {logging_mixin.py:117} INFO - [2022-10-03T12:40:50.173+0000] {dagbag.py:525} INFO - Filling up the DagBag from /home/airflow/.local/lib/python3.7/site-packages/airflow/example_dags/example_nested_branch_dag.py
[2022-10-03T12:40:50.240+0000] {processor.py:768} INFO - DAG(s) dict_keys(['example_nested_branch_dag']) retrieved from /home/airflow/.local/lib/python3.7/site-packages/airflow/example_dags/example_nested_branch_dag.py
[2022-10-03T12:40:50.345+0000] {logging_mixin.py:117} INFO - [2022-10-03T12:40:50.344+0000] {dag.py:2573} INFO - Sync 1 DAGs
[2022-10-03T12:40:50.429+0000] {logging_mixin.py:117} INFO - [2022-10-03T12:40:50.428+0000] {dag.py:3328} INFO - Setting next_dagrun for example_nested_branch_dag to 2022-10-02T00:00:00+00:00, run_after=2022-10-03T00:00:00+00:00
[2022-10-03T12:40:50.482+0000] {processor.py:178} INFO - Processing /home/airflow/.local/lib/python3.7/site-packages/airflow/example_dags/example_nested_branch_dag.py took 0.321 seconds
[2022-10-03T12:41:21.401+0000] {processor.py:156} INFO - Started process (PID=7032) to work on /home/airflow/.local/lib/python3.7/site-packages/airflow/example_dags/example_nested_branch_dag.py
[2022-10-03T12:41:21.404+0000] {processor.py:758} INFO - Processing file /home/airflow/.local/lib/python3.7/site-packages/airflow/example_dags/example_nested_branch_dag.py for tasks to queue
[2022-10-03T12:41:21.406+0000] {logging_mixin.py:117} INFO - [2022-10-03T12:41:21.405+0000] {dagbag.py:525} INFO - Filling up the DagBag from /home/airflow/.local/lib/python3.7/site-packages/airflow/example_dags/example_nested_branch_dag.py
[2022-10-03T12:41:21.479+0000] {processor.py:768} INFO - DAG(s) dict_keys(['example_nested_branch_dag']) retrieved from /home/airflow/.local/lib/python3.7/site-packages/airflow/example_dags/example_nested_branch_dag.py
[2022-10-03T12:41:21.617+0000] {logging_mixin.py:117} INFO - [2022-10-03T12:41:21.617+0000] {dag.py:2573} INFO - Sync 1 DAGs
[2022-10-03T12:41:21.712+0000] {logging_mixin.py:117} INFO - [2022-10-03T12:41:21.712+0000] {dag.py:3328} INFO - Setting next_dagrun for example_nested_branch_dag to 2022-10-02T00:00:00+00:00, run_after=2022-10-03T00:00:00+00:00
[2022-10-03T12:41:21.792+0000] {processor.py:178} INFO - Processing /home/airflow/.local/lib/python3.7/site-packages/airflow/example_dags/example_nested_branch_dag.py took 0.399 seconds
[2022-10-03T12:41:52.615+0000] {processor.py:156} INFO - Started process (PID=7230) to work on /home/airflow/.local/lib/python3.7/site-packages/airflow/example_dags/example_nested_branch_dag.py
[2022-10-03T12:41:52.617+0000] {processor.py:758} INFO - Processing file /home/airflow/.local/lib/python3.7/site-packages/airflow/example_dags/example_nested_branch_dag.py for tasks to queue
[2022-10-03T12:41:52.618+0000] {logging_mixin.py:117} INFO - [2022-10-03T12:41:52.617+0000] {dagbag.py:525} INFO - Filling up the DagBag from /home/airflow/.local/lib/python3.7/site-packages/airflow/example_dags/example_nested_branch_dag.py
[2022-10-03T12:41:52.653+0000] {processor.py:768} INFO - DAG(s) dict_keys(['example_nested_branch_dag']) retrieved from /home/airflow/.local/lib/python3.7/site-packages/airflow/example_dags/example_nested_branch_dag.py
[2022-10-03T12:41:52.703+0000] {logging_mixin.py:117} INFO - [2022-10-03T12:41:52.703+0000] {dag.py:2573} INFO - Sync 1 DAGs
[2022-10-03T12:41:52.734+0000] {logging_mixin.py:117} INFO - [2022-10-03T12:41:52.734+0000] {dag.py:3328} INFO - Setting next_dagrun for example_nested_branch_dag to 2022-10-02T00:00:00+00:00, run_after=2022-10-03T00:00:00+00:00
[2022-10-03T12:41:52.759+0000] {processor.py:178} INFO - Processing /home/airflow/.local/lib/python3.7/site-packages/airflow/example_dags/example_nested_branch_dag.py took 0.149 seconds
[2022-10-03T12:42:22.905+0000] {processor.py:156} INFO - Started process (PID=7437) to work on /home/airflow/.local/lib/python3.7/site-packages/airflow/example_dags/example_nested_branch_dag.py
[2022-10-03T12:42:22.907+0000] {processor.py:758} INFO - Processing file /home/airflow/.local/lib/python3.7/site-packages/airflow/example_dags/example_nested_branch_dag.py for tasks to queue
[2022-10-03T12:42:22.907+0000] {logging_mixin.py:117} INFO - [2022-10-03T12:42:22.907+0000] {dagbag.py:525} INFO - Filling up the DagBag from /home/airflow/.local/lib/python3.7/site-packages/airflow/example_dags/example_nested_branch_dag.py
[2022-10-03T12:42:22.933+0000] {processor.py:768} INFO - DAG(s) dict_keys(['example_nested_branch_dag']) retrieved from /home/airflow/.local/lib/python3.7/site-packages/airflow/example_dags/example_nested_branch_dag.py
[2022-10-03T12:42:22.980+0000] {logging_mixin.py:117} INFO - [2022-10-03T12:42:22.980+0000] {dag.py:2573} INFO - Sync 1 DAGs
[2022-10-03T12:42:23.009+0000] {logging_mixin.py:117} INFO - [2022-10-03T12:42:23.009+0000] {dag.py:3328} INFO - Setting next_dagrun for example_nested_branch_dag to 2022-10-02T00:00:00+00:00, run_after=2022-10-03T00:00:00+00:00
[2022-10-03T12:42:23.033+0000] {processor.py:178} INFO - Processing /home/airflow/.local/lib/python3.7/site-packages/airflow/example_dags/example_nested_branch_dag.py took 0.131 seconds
[2022-10-03T12:42:53.208+0000] {processor.py:156} INFO - Started process (PID=7635) to work on /home/airflow/.local/lib/python3.7/site-packages/airflow/example_dags/example_nested_branch_dag.py
[2022-10-03T12:42:53.209+0000] {processor.py:758} INFO - Processing file /home/airflow/.local/lib/python3.7/site-packages/airflow/example_dags/example_nested_branch_dag.py for tasks to queue
[2022-10-03T12:42:53.210+0000] {logging_mixin.py:117} INFO - [2022-10-03T12:42:53.210+0000] {dagbag.py:525} INFO - Filling up the DagBag from /home/airflow/.local/lib/python3.7/site-packages/airflow/example_dags/example_nested_branch_dag.py
[2022-10-03T12:42:53.237+0000] {processor.py:768} INFO - DAG(s) dict_keys(['example_nested_branch_dag']) retrieved from /home/airflow/.local/lib/python3.7/site-packages/airflow/example_dags/example_nested_branch_dag.py
[2022-10-03T12:42:53.281+0000] {logging_mixin.py:117} INFO - [2022-10-03T12:42:53.280+0000] {dag.py:2573} INFO - Sync 1 DAGs
[2022-10-03T12:42:53.308+0000] {logging_mixin.py:117} INFO - [2022-10-03T12:42:53.308+0000] {dag.py:3328} INFO - Setting next_dagrun for example_nested_branch_dag to 2022-10-02T00:00:00+00:00, run_after=2022-10-03T00:00:00+00:00
[2022-10-03T12:42:53.332+0000] {processor.py:178} INFO - Processing /home/airflow/.local/lib/python3.7/site-packages/airflow/example_dags/example_nested_branch_dag.py took 0.127 seconds
[2022-10-03T12:43:23.588+0000] {processor.py:156} INFO - Started process (PID=7842) to work on /home/airflow/.local/lib/python3.7/site-packages/airflow/example_dags/example_nested_branch_dag.py
[2022-10-03T12:43:23.590+0000] {processor.py:758} INFO - Processing file /home/airflow/.local/lib/python3.7/site-packages/airflow/example_dags/example_nested_branch_dag.py for tasks to queue
[2022-10-03T12:43:23.590+0000] {logging_mixin.py:117} INFO - [2022-10-03T12:43:23.590+0000] {dagbag.py:525} INFO - Filling up the DagBag from /home/airflow/.local/lib/python3.7/site-packages/airflow/example_dags/example_nested_branch_dag.py
[2022-10-03T12:43:23.617+0000] {processor.py:768} INFO - DAG(s) dict_keys(['example_nested_branch_dag']) retrieved from /home/airflow/.local/lib/python3.7/site-packages/airflow/example_dags/example_nested_branch_dag.py
[2022-10-03T12:43:23.659+0000] {logging_mixin.py:117} INFO - [2022-10-03T12:43:23.659+0000] {dag.py:2573} INFO - Sync 1 DAGs
[2022-10-03T12:43:23.688+0000] {logging_mixin.py:117} INFO - [2022-10-03T12:43:23.687+0000] {dag.py:3328} INFO - Setting next_dagrun for example_nested_branch_dag to 2022-10-02T00:00:00+00:00, run_after=2022-10-03T00:00:00+00:00
[2022-10-03T12:43:23.713+0000] {processor.py:178} INFO - Processing /home/airflow/.local/lib/python3.7/site-packages/airflow/example_dags/example_nested_branch_dag.py took 0.129 seconds
[2022-10-03T12:43:54.164+0000] {processor.py:156} INFO - Started process (PID=8049) to work on /home/airflow/.local/lib/python3.7/site-packages/airflow/example_dags/example_nested_branch_dag.py
[2022-10-03T12:43:54.166+0000] {processor.py:758} INFO - Processing file /home/airflow/.local/lib/python3.7/site-packages/airflow/example_dags/example_nested_branch_dag.py for tasks to queue
[2022-10-03T12:43:54.166+0000] {logging_mixin.py:117} INFO - [2022-10-03T12:43:54.166+0000] {dagbag.py:525} INFO - Filling up the DagBag from /home/airflow/.local/lib/python3.7/site-packages/airflow/example_dags/example_nested_branch_dag.py
[2022-10-03T12:43:54.191+0000] {processor.py:768} INFO - DAG(s) dict_keys(['example_nested_branch_dag']) retrieved from /home/airflow/.local/lib/python3.7/site-packages/airflow/example_dags/example_nested_branch_dag.py
[2022-10-03T12:43:54.232+0000] {logging_mixin.py:117} INFO - [2022-10-03T12:43:54.232+0000] {dag.py:2573} INFO - Sync 1 DAGs
[2022-10-03T12:43:54.261+0000] {logging_mixin.py:117} INFO - [2022-10-03T12:43:54.261+0000] {dag.py:3328} INFO - Setting next_dagrun for example_nested_branch_dag to 2022-10-02T00:00:00+00:00, run_after=2022-10-03T00:00:00+00:00
[2022-10-03T12:43:54.286+0000] {processor.py:178} INFO - Processing /home/airflow/.local/lib/python3.7/site-packages/airflow/example_dags/example_nested_branch_dag.py took 0.125 seconds
[2022-10-03T12:44:24.363+0000] {processor.py:156} INFO - Started process (PID=8247) to work on /home/airflow/.local/lib/python3.7/site-packages/airflow/example_dags/example_nested_branch_dag.py
[2022-10-03T12:44:24.364+0000] {processor.py:758} INFO - Processing file /home/airflow/.local/lib/python3.7/site-packages/airflow/example_dags/example_nested_branch_dag.py for tasks to queue
[2022-10-03T12:44:24.365+0000] {logging_mixin.py:117} INFO - [2022-10-03T12:44:24.365+0000] {dagbag.py:525} INFO - Filling up the DagBag from /home/airflow/.local/lib/python3.7/site-packages/airflow/example_dags/example_nested_branch_dag.py
[2022-10-03T12:44:24.392+0000] {processor.py:768} INFO - DAG(s) dict_keys(['example_nested_branch_dag']) retrieved from /home/airflow/.local/lib/python3.7/site-packages/airflow/example_dags/example_nested_branch_dag.py
[2022-10-03T12:44:24.443+0000] {logging_mixin.py:117} INFO - [2022-10-03T12:44:24.443+0000] {dag.py:2573} INFO - Sync 1 DAGs
[2022-10-03T12:44:24.482+0000] {logging_mixin.py:117} INFO - [2022-10-03T12:44:24.482+0000] {dag.py:3328} INFO - Setting next_dagrun for example_nested_branch_dag to 2022-10-02T00:00:00+00:00, run_after=2022-10-03T00:00:00+00:00
[2022-10-03T12:44:24.508+0000] {processor.py:178} INFO - Processing /home/airflow/.local/lib/python3.7/site-packages/airflow/example_dags/example_nested_branch_dag.py took 0.149 seconds
[2022-10-03T12:44:54.923+0000] {processor.py:156} INFO - Started process (PID=8454) to work on /home/airflow/.local/lib/python3.7/site-packages/airflow/example_dags/example_nested_branch_dag.py
[2022-10-03T12:44:54.924+0000] {processor.py:758} INFO - Processing file /home/airflow/.local/lib/python3.7/site-packages/airflow/example_dags/example_nested_branch_dag.py for tasks to queue
[2022-10-03T12:44:54.925+0000] {logging_mixin.py:117} INFO - [2022-10-03T12:44:54.925+0000] {dagbag.py:525} INFO - Filling up the DagBag from /home/airflow/.local/lib/python3.7/site-packages/airflow/example_dags/example_nested_branch_dag.py
[2022-10-03T12:44:54.953+0000] {processor.py:768} INFO - DAG(s) dict_keys(['example_nested_branch_dag']) retrieved from /home/airflow/.local/lib/python3.7/site-packages/airflow/example_dags/example_nested_branch_dag.py
[2022-10-03T12:44:54.998+0000] {logging_mixin.py:117} INFO - [2022-10-03T12:44:54.997+0000] {dag.py:2573} INFO - Sync 1 DAGs
[2022-10-03T12:44:55.028+0000] {logging_mixin.py:117} INFO - [2022-10-03T12:44:55.027+0000] {dag.py:3328} INFO - Setting next_dagrun for example_nested_branch_dag to 2022-10-02T00:00:00+00:00, run_after=2022-10-03T00:00:00+00:00
[2022-10-03T12:44:55.055+0000] {processor.py:178} INFO - Processing /home/airflow/.local/lib/python3.7/site-packages/airflow/example_dags/example_nested_branch_dag.py took 0.137 seconds
[2022-10-03T12:45:25.562+0000] {processor.py:156} INFO - Started process (PID=8662) to work on /home/airflow/.local/lib/python3.7/site-packages/airflow/example_dags/example_nested_branch_dag.py
[2022-10-03T12:45:25.564+0000] {processor.py:758} INFO - Processing file /home/airflow/.local/lib/python3.7/site-packages/airflow/example_dags/example_nested_branch_dag.py for tasks to queue
[2022-10-03T12:45:25.565+0000] {logging_mixin.py:117} INFO - [2022-10-03T12:45:25.564+0000] {dagbag.py:525} INFO - Filling up the DagBag from /home/airflow/.local/lib/python3.7/site-packages/airflow/example_dags/example_nested_branch_dag.py
[2022-10-03T12:45:25.611+0000] {processor.py:768} INFO - DAG(s) dict_keys(['example_nested_branch_dag']) retrieved from /home/airflow/.local/lib/python3.7/site-packages/airflow/example_dags/example_nested_branch_dag.py
[2022-10-03T12:45:25.714+0000] {logging_mixin.py:117} INFO - [2022-10-03T12:45:25.714+0000] {dag.py:2573} INFO - Sync 1 DAGs
[2022-10-03T12:45:25.787+0000] {logging_mixin.py:117} INFO - [2022-10-03T12:45:25.787+0000] {dag.py:3328} INFO - Setting next_dagrun for example_nested_branch_dag to 2022-10-02T00:00:00+00:00, run_after=2022-10-03T00:00:00+00:00
[2022-10-03T12:45:25.840+0000] {processor.py:178} INFO - Processing /home/airflow/.local/lib/python3.7/site-packages/airflow/example_dags/example_nested_branch_dag.py took 0.283 seconds
[2022-10-03T12:45:55.925+0000] {processor.py:156} INFO - Started process (PID=8860) to work on /home/airflow/.local/lib/python3.7/site-packages/airflow/example_dags/example_nested_branch_dag.py
[2022-10-03T12:45:55.925+0000] {processor.py:758} INFO - Processing file /home/airflow/.local/lib/python3.7/site-packages/airflow/example_dags/example_nested_branch_dag.py for tasks to queue
[2022-10-03T12:45:55.926+0000] {logging_mixin.py:117} INFO - [2022-10-03T12:45:55.926+0000] {dagbag.py:525} INFO - Filling up the DagBag from /home/airflow/.local/lib/python3.7/site-packages/airflow/example_dags/example_nested_branch_dag.py
[2022-10-03T12:45:55.951+0000] {processor.py:768} INFO - DAG(s) dict_keys(['example_nested_branch_dag']) retrieved from /home/airflow/.local/lib/python3.7/site-packages/airflow/example_dags/example_nested_branch_dag.py
[2022-10-03T12:45:55.995+0000] {logging_mixin.py:117} INFO - [2022-10-03T12:45:55.995+0000] {dag.py:2573} INFO - Sync 1 DAGs
[2022-10-03T12:45:56.027+0000] {logging_mixin.py:117} INFO - [2022-10-03T12:45:56.026+0000] {dag.py:3328} INFO - Setting next_dagrun for example_nested_branch_dag to 2022-10-02T00:00:00+00:00, run_after=2022-10-03T00:00:00+00:00
[2022-10-03T12:45:56.053+0000] {processor.py:178} INFO - Processing /home/airflow/.local/lib/python3.7/site-packages/airflow/example_dags/example_nested_branch_dag.py took 0.133 seconds
