[2022-10-03T12:24:23.982+0000] {processor.py:156} INFO - Started process (PID=253) to work on /home/airflow/.local/lib/python3.7/site-packages/airflow/example_dags/example_branch_day_of_week_operator.py
[2022-10-03T12:24:23.983+0000] {processor.py:758} INFO - Processing file /home/airflow/.local/lib/python3.7/site-packages/airflow/example_dags/example_branch_day_of_week_operator.py for tasks to queue
[2022-10-03T12:24:23.983+0000] {logging_mixin.py:117} INFO - [2022-10-03T12:24:23.983+0000] {dagbag.py:525} INFO - Filling up the DagBag from /home/airflow/.local/lib/python3.7/site-packages/airflow/example_dags/example_branch_day_of_week_operator.py
[2022-10-03T12:24:24.004+0000] {processor.py:768} INFO - DAG(s) dict_keys(['example_weekday_branch_operator']) retrieved from /home/airflow/.local/lib/python3.7/site-packages/airflow/example_dags/example_branch_day_of_week_operator.py
[2022-10-03T12:24:24.053+0000] {logging_mixin.py:117} INFO - [2022-10-03T12:24:24.053+0000] {dag.py:2573} INFO - Sync 1 DAGs
[2022-10-03T12:24:24.088+0000] {logging_mixin.py:117} INFO - [2022-10-03T12:24:24.088+0000] {dag.py:3328} INFO - Setting next_dagrun for example_weekday_branch_operator to 2022-10-02T00:00:00+00:00, run_after=2022-10-03T00:00:00+00:00
[2022-10-03T12:24:24.117+0000] {processor.py:178} INFO - Processing /home/airflow/.local/lib/python3.7/site-packages/airflow/example_dags/example_branch_day_of_week_operator.py took 0.138 seconds
[2022-10-03T12:24:55.348+0000] {processor.py:156} INFO - Started process (PID=456) to work on /home/airflow/.local/lib/python3.7/site-packages/airflow/example_dags/example_branch_day_of_week_operator.py
[2022-10-03T12:24:55.349+0000] {processor.py:758} INFO - Processing file /home/airflow/.local/lib/python3.7/site-packages/airflow/example_dags/example_branch_day_of_week_operator.py for tasks to queue
[2022-10-03T12:24:55.350+0000] {logging_mixin.py:117} INFO - [2022-10-03T12:24:55.350+0000] {dagbag.py:525} INFO - Filling up the DagBag from /home/airflow/.local/lib/python3.7/site-packages/airflow/example_dags/example_branch_day_of_week_operator.py
[2022-10-03T12:24:55.382+0000] {processor.py:768} INFO - DAG(s) dict_keys(['example_weekday_branch_operator']) retrieved from /home/airflow/.local/lib/python3.7/site-packages/airflow/example_dags/example_branch_day_of_week_operator.py
[2022-10-03T12:24:55.459+0000] {logging_mixin.py:117} INFO - [2022-10-03T12:24:55.459+0000] {dag.py:2573} INFO - Sync 1 DAGs
[2022-10-03T12:24:55.517+0000] {logging_mixin.py:117} INFO - [2022-10-03T12:24:55.517+0000] {dag.py:3328} INFO - Setting next_dagrun for example_weekday_branch_operator to 2022-10-02T00:00:00+00:00, run_after=2022-10-03T00:00:00+00:00
[2022-10-03T12:24:55.688+0000] {processor.py:178} INFO - Processing /home/airflow/.local/lib/python3.7/site-packages/airflow/example_dags/example_branch_day_of_week_operator.py took 0.346 seconds
[2022-10-03T12:25:26.522+0000] {processor.py:156} INFO - Started process (PID=661) to work on /home/airflow/.local/lib/python3.7/site-packages/airflow/example_dags/example_branch_day_of_week_operator.py
[2022-10-03T12:25:26.524+0000] {processor.py:758} INFO - Processing file /home/airflow/.local/lib/python3.7/site-packages/airflow/example_dags/example_branch_day_of_week_operator.py for tasks to queue
[2022-10-03T12:25:26.525+0000] {logging_mixin.py:117} INFO - [2022-10-03T12:25:26.525+0000] {dagbag.py:525} INFO - Filling up the DagBag from /home/airflow/.local/lib/python3.7/site-packages/airflow/example_dags/example_branch_day_of_week_operator.py
[2022-10-03T12:25:26.571+0000] {processor.py:768} INFO - DAG(s) dict_keys(['example_weekday_branch_operator']) retrieved from /home/airflow/.local/lib/python3.7/site-packages/airflow/example_dags/example_branch_day_of_week_operator.py
[2022-10-03T12:25:26.691+0000] {logging_mixin.py:117} INFO - [2022-10-03T12:25:26.690+0000] {dag.py:2573} INFO - Sync 1 DAGs
[2022-10-03T12:25:26.977+0000] {logging_mixin.py:117} INFO - [2022-10-03T12:25:26.977+0000] {dag.py:3328} INFO - Setting next_dagrun for example_weekday_branch_operator to 2022-10-02T00:00:00+00:00, run_after=2022-10-03T00:00:00+00:00
[2022-10-03T12:25:27.024+0000] {processor.py:178} INFO - Processing /home/airflow/.local/lib/python3.7/site-packages/airflow/example_dags/example_branch_day_of_week_operator.py took 0.510 seconds
[2022-10-03T12:25:57.905+0000] {processor.py:156} INFO - Started process (PID=866) to work on /home/airflow/.local/lib/python3.7/site-packages/airflow/example_dags/example_branch_day_of_week_operator.py
[2022-10-03T12:25:57.906+0000] {processor.py:758} INFO - Processing file /home/airflow/.local/lib/python3.7/site-packages/airflow/example_dags/example_branch_day_of_week_operator.py for tasks to queue
[2022-10-03T12:25:57.907+0000] {logging_mixin.py:117} INFO - [2022-10-03T12:25:57.907+0000] {dagbag.py:525} INFO - Filling up the DagBag from /home/airflow/.local/lib/python3.7/site-packages/airflow/example_dags/example_branch_day_of_week_operator.py
[2022-10-03T12:25:57.932+0000] {processor.py:768} INFO - DAG(s) dict_keys(['example_weekday_branch_operator']) retrieved from /home/airflow/.local/lib/python3.7/site-packages/airflow/example_dags/example_branch_day_of_week_operator.py
[2022-10-03T12:25:58.161+0000] {logging_mixin.py:117} INFO - [2022-10-03T12:25:58.160+0000] {dag.py:2573} INFO - Sync 1 DAGs
[2022-10-03T12:25:58.201+0000] {logging_mixin.py:117} INFO - [2022-10-03T12:25:58.201+0000] {dag.py:3328} INFO - Setting next_dagrun for example_weekday_branch_operator to 2022-10-02T00:00:00+00:00, run_after=2022-10-03T00:00:00+00:00
[2022-10-03T12:25:58.233+0000] {processor.py:178} INFO - Processing /home/airflow/.local/lib/python3.7/site-packages/airflow/example_dags/example_branch_day_of_week_operator.py took 0.331 seconds
[2022-10-03T12:26:29.662+0000] {processor.py:156} INFO - Started process (PID=1067) to work on /home/airflow/.local/lib/python3.7/site-packages/airflow/example_dags/example_branch_day_of_week_operator.py
[2022-10-03T12:26:29.664+0000] {processor.py:758} INFO - Processing file /home/airflow/.local/lib/python3.7/site-packages/airflow/example_dags/example_branch_day_of_week_operator.py for tasks to queue
[2022-10-03T12:26:29.665+0000] {logging_mixin.py:117} INFO - [2022-10-03T12:26:29.665+0000] {dagbag.py:525} INFO - Filling up the DagBag from /home/airflow/.local/lib/python3.7/site-packages/airflow/example_dags/example_branch_day_of_week_operator.py
[2022-10-03T12:26:29.709+0000] {processor.py:768} INFO - DAG(s) dict_keys(['example_weekday_branch_operator']) retrieved from /home/airflow/.local/lib/python3.7/site-packages/airflow/example_dags/example_branch_day_of_week_operator.py
[2022-10-03T12:26:30.034+0000] {logging_mixin.py:117} INFO - [2022-10-03T12:26:30.033+0000] {dag.py:2573} INFO - Sync 1 DAGs
[2022-10-03T12:26:30.093+0000] {logging_mixin.py:117} INFO - [2022-10-03T12:26:30.092+0000] {dag.py:3328} INFO - Setting next_dagrun for example_weekday_branch_operator to 2022-10-02T00:00:00+00:00, run_after=2022-10-03T00:00:00+00:00
[2022-10-03T12:26:30.140+0000] {processor.py:178} INFO - Processing /home/airflow/.local/lib/python3.7/site-packages/airflow/example_dags/example_branch_day_of_week_operator.py took 0.485 seconds
[2022-10-03T12:27:00.277+0000] {processor.py:156} INFO - Started process (PID=1283) to work on /home/airflow/.local/lib/python3.7/site-packages/airflow/example_dags/example_branch_day_of_week_operator.py
[2022-10-03T12:27:00.278+0000] {processor.py:758} INFO - Processing file /home/airflow/.local/lib/python3.7/site-packages/airflow/example_dags/example_branch_day_of_week_operator.py for tasks to queue
[2022-10-03T12:27:00.279+0000] {logging_mixin.py:117} INFO - [2022-10-03T12:27:00.279+0000] {dagbag.py:525} INFO - Filling up the DagBag from /home/airflow/.local/lib/python3.7/site-packages/airflow/example_dags/example_branch_day_of_week_operator.py
[2022-10-03T12:27:00.295+0000] {processor.py:768} INFO - DAG(s) dict_keys(['example_weekday_branch_operator']) retrieved from /home/airflow/.local/lib/python3.7/site-packages/airflow/example_dags/example_branch_day_of_week_operator.py
[2022-10-03T12:27:00.476+0000] {logging_mixin.py:117} INFO - [2022-10-03T12:27:00.476+0000] {dag.py:2573} INFO - Sync 1 DAGs
[2022-10-03T12:27:00.515+0000] {logging_mixin.py:117} INFO - [2022-10-03T12:27:00.515+0000] {dag.py:3328} INFO - Setting next_dagrun for example_weekday_branch_operator to 2022-10-02T00:00:00+00:00, run_after=2022-10-03T00:00:00+00:00
[2022-10-03T12:27:00.544+0000] {processor.py:178} INFO - Processing /home/airflow/.local/lib/python3.7/site-packages/airflow/example_dags/example_branch_day_of_week_operator.py took 0.271 seconds
[2022-10-03T12:27:30.931+0000] {processor.py:156} INFO - Started process (PID=1510) to work on /home/airflow/.local/lib/python3.7/site-packages/airflow/example_dags/example_branch_day_of_week_operator.py
[2022-10-03T12:27:30.931+0000] {processor.py:758} INFO - Processing file /home/airflow/.local/lib/python3.7/site-packages/airflow/example_dags/example_branch_day_of_week_operator.py for tasks to queue
[2022-10-03T12:27:30.932+0000] {logging_mixin.py:117} INFO - [2022-10-03T12:27:30.932+0000] {dagbag.py:525} INFO - Filling up the DagBag from /home/airflow/.local/lib/python3.7/site-packages/airflow/example_dags/example_branch_day_of_week_operator.py
[2022-10-03T12:27:30.944+0000] {processor.py:768} INFO - DAG(s) dict_keys(['example_weekday_branch_operator']) retrieved from /home/airflow/.local/lib/python3.7/site-packages/airflow/example_dags/example_branch_day_of_week_operator.py
[2022-10-03T12:27:30.984+0000] {logging_mixin.py:117} INFO - [2022-10-03T12:27:30.983+0000] {dag.py:2573} INFO - Sync 1 DAGs
[2022-10-03T12:27:31.015+0000] {logging_mixin.py:117} INFO - [2022-10-03T12:27:31.015+0000] {dag.py:3328} INFO - Setting next_dagrun for example_weekday_branch_operator to 2022-10-02T00:00:00+00:00, run_after=2022-10-03T00:00:00+00:00
[2022-10-03T12:27:31.039+0000] {processor.py:178} INFO - Processing /home/airflow/.local/lib/python3.7/site-packages/airflow/example_dags/example_branch_day_of_week_operator.py took 0.110 seconds
[2022-10-03T12:28:02.111+0000] {processor.py:156} INFO - Started process (PID=1717) to work on /home/airflow/.local/lib/python3.7/site-packages/airflow/example_dags/example_branch_day_of_week_operator.py
[2022-10-03T12:28:02.113+0000] {processor.py:758} INFO - Processing file /home/airflow/.local/lib/python3.7/site-packages/airflow/example_dags/example_branch_day_of_week_operator.py for tasks to queue
[2022-10-03T12:28:02.115+0000] {logging_mixin.py:117} INFO - [2022-10-03T12:28:02.115+0000] {dagbag.py:525} INFO - Filling up the DagBag from /home/airflow/.local/lib/python3.7/site-packages/airflow/example_dags/example_branch_day_of_week_operator.py
[2022-10-03T12:28:02.156+0000] {processor.py:768} INFO - DAG(s) dict_keys(['example_weekday_branch_operator']) retrieved from /home/airflow/.local/lib/python3.7/site-packages/airflow/example_dags/example_branch_day_of_week_operator.py
[2022-10-03T12:28:02.255+0000] {logging_mixin.py:117} INFO - [2022-10-03T12:28:02.255+0000] {dag.py:2573} INFO - Sync 1 DAGs
[2022-10-03T12:28:02.319+0000] {logging_mixin.py:117} INFO - [2022-10-03T12:28:02.318+0000] {dag.py:3328} INFO - Setting next_dagrun for example_weekday_branch_operator to 2022-10-02T00:00:00+00:00, run_after=2022-10-03T00:00:00+00:00
[2022-10-03T12:28:02.366+0000] {processor.py:178} INFO - Processing /home/airflow/.local/lib/python3.7/site-packages/airflow/example_dags/example_branch_day_of_week_operator.py took 0.264 seconds
[2022-10-03T12:28:32.912+0000] {processor.py:156} INFO - Started process (PID=1914) to work on /home/airflow/.local/lib/python3.7/site-packages/airflow/example_dags/example_branch_day_of_week_operator.py
[2022-10-03T12:28:32.914+0000] {processor.py:758} INFO - Processing file /home/airflow/.local/lib/python3.7/site-packages/airflow/example_dags/example_branch_day_of_week_operator.py for tasks to queue
[2022-10-03T12:28:32.915+0000] {logging_mixin.py:117} INFO - [2022-10-03T12:28:32.914+0000] {dagbag.py:525} INFO - Filling up the DagBag from /home/airflow/.local/lib/python3.7/site-packages/airflow/example_dags/example_branch_day_of_week_operator.py
[2022-10-03T12:28:32.936+0000] {processor.py:768} INFO - DAG(s) dict_keys(['example_weekday_branch_operator']) retrieved from /home/airflow/.local/lib/python3.7/site-packages/airflow/example_dags/example_branch_day_of_week_operator.py
[2022-10-03T12:28:32.991+0000] {logging_mixin.py:117} INFO - [2022-10-03T12:28:32.991+0000] {dag.py:2573} INFO - Sync 1 DAGs
[2022-10-03T12:28:33.023+0000] {logging_mixin.py:117} INFO - [2022-10-03T12:28:33.023+0000] {dag.py:3328} INFO - Setting next_dagrun for example_weekday_branch_operator to 2022-10-02T00:00:00+00:00, run_after=2022-10-03T00:00:00+00:00
[2022-10-03T12:28:33.051+0000] {processor.py:178} INFO - Processing /home/airflow/.local/lib/python3.7/site-packages/airflow/example_dags/example_branch_day_of_week_operator.py took 0.143 seconds
[2022-10-03T12:29:03.626+0000] {processor.py:156} INFO - Started process (PID=2121) to work on /home/airflow/.local/lib/python3.7/site-packages/airflow/example_dags/example_branch_day_of_week_operator.py
[2022-10-03T12:29:03.626+0000] {processor.py:758} INFO - Processing file /home/airflow/.local/lib/python3.7/site-packages/airflow/example_dags/example_branch_day_of_week_operator.py for tasks to queue
[2022-10-03T12:29:03.627+0000] {logging_mixin.py:117} INFO - [2022-10-03T12:29:03.627+0000] {dagbag.py:525} INFO - Filling up the DagBag from /home/airflow/.local/lib/python3.7/site-packages/airflow/example_dags/example_branch_day_of_week_operator.py
[2022-10-03T12:29:03.645+0000] {processor.py:768} INFO - DAG(s) dict_keys(['example_weekday_branch_operator']) retrieved from /home/airflow/.local/lib/python3.7/site-packages/airflow/example_dags/example_branch_day_of_week_operator.py
[2022-10-03T12:29:03.692+0000] {logging_mixin.py:117} INFO - [2022-10-03T12:29:03.692+0000] {dag.py:2573} INFO - Sync 1 DAGs
[2022-10-03T12:29:03.723+0000] {logging_mixin.py:117} INFO - [2022-10-03T12:29:03.723+0000] {dag.py:3328} INFO - Setting next_dagrun for example_weekday_branch_operator to 2022-10-02T00:00:00+00:00, run_after=2022-10-03T00:00:00+00:00
[2022-10-03T12:29:03.749+0000] {processor.py:178} INFO - Processing /home/airflow/.local/lib/python3.7/site-packages/airflow/example_dags/example_branch_day_of_week_operator.py took 0.128 seconds
[2022-10-03T12:29:34.645+0000] {processor.py:156} INFO - Started process (PID=2319) to work on /home/airflow/.local/lib/python3.7/site-packages/airflow/example_dags/example_branch_day_of_week_operator.py
[2022-10-03T12:29:34.646+0000] {processor.py:758} INFO - Processing file /home/airflow/.local/lib/python3.7/site-packages/airflow/example_dags/example_branch_day_of_week_operator.py for tasks to queue
[2022-10-03T12:29:34.647+0000] {logging_mixin.py:117} INFO - [2022-10-03T12:29:34.647+0000] {dagbag.py:525} INFO - Filling up the DagBag from /home/airflow/.local/lib/python3.7/site-packages/airflow/example_dags/example_branch_day_of_week_operator.py
[2022-10-03T12:29:34.668+0000] {processor.py:768} INFO - DAG(s) dict_keys(['example_weekday_branch_operator']) retrieved from /home/airflow/.local/lib/python3.7/site-packages/airflow/example_dags/example_branch_day_of_week_operator.py
[2022-10-03T12:29:34.750+0000] {logging_mixin.py:117} INFO - [2022-10-03T12:29:34.750+0000] {dag.py:2573} INFO - Sync 1 DAGs
[2022-10-03T12:29:34.786+0000] {logging_mixin.py:117} INFO - [2022-10-03T12:29:34.785+0000] {dag.py:3328} INFO - Setting next_dagrun for example_weekday_branch_operator to 2022-10-02T00:00:00+00:00, run_after=2022-10-03T00:00:00+00:00
[2022-10-03T12:29:34.815+0000] {processor.py:178} INFO - Processing /home/airflow/.local/lib/python3.7/site-packages/airflow/example_dags/example_branch_day_of_week_operator.py took 0.175 seconds
[2022-10-03T12:30:05.805+0000] {processor.py:156} INFO - Started process (PID=2526) to work on /home/airflow/.local/lib/python3.7/site-packages/airflow/example_dags/example_branch_day_of_week_operator.py
[2022-10-03T12:30:05.806+0000] {processor.py:758} INFO - Processing file /home/airflow/.local/lib/python3.7/site-packages/airflow/example_dags/example_branch_day_of_week_operator.py for tasks to queue
[2022-10-03T12:30:05.807+0000] {logging_mixin.py:117} INFO - [2022-10-03T12:30:05.807+0000] {dagbag.py:525} INFO - Filling up the DagBag from /home/airflow/.local/lib/python3.7/site-packages/airflow/example_dags/example_branch_day_of_week_operator.py
[2022-10-03T12:30:05.847+0000] {processor.py:768} INFO - DAG(s) dict_keys(['example_weekday_branch_operator']) retrieved from /home/airflow/.local/lib/python3.7/site-packages/airflow/example_dags/example_branch_day_of_week_operator.py
[2022-10-03T12:30:05.938+0000] {logging_mixin.py:117} INFO - [2022-10-03T12:30:05.937+0000] {dag.py:2573} INFO - Sync 1 DAGs
[2022-10-03T12:30:06.006+0000] {logging_mixin.py:117} INFO - [2022-10-03T12:30:06.006+0000] {dag.py:3328} INFO - Setting next_dagrun for example_weekday_branch_operator to 2022-10-02T00:00:00+00:00, run_after=2022-10-03T00:00:00+00:00
[2022-10-03T12:30:06.058+0000] {processor.py:178} INFO - Processing /home/airflow/.local/lib/python3.7/site-packages/airflow/example_dags/example_branch_day_of_week_operator.py took 0.260 seconds
[2022-10-03T12:30:37.068+0000] {processor.py:156} INFO - Started process (PID=2733) to work on /home/airflow/.local/lib/python3.7/site-packages/airflow/example_dags/example_branch_day_of_week_operator.py
[2022-10-03T12:30:37.069+0000] {processor.py:758} INFO - Processing file /home/airflow/.local/lib/python3.7/site-packages/airflow/example_dags/example_branch_day_of_week_operator.py for tasks to queue
[2022-10-03T12:30:37.071+0000] {logging_mixin.py:117} INFO - [2022-10-03T12:30:37.071+0000] {dagbag.py:525} INFO - Filling up the DagBag from /home/airflow/.local/lib/python3.7/site-packages/airflow/example_dags/example_branch_day_of_week_operator.py
[2022-10-03T12:30:37.109+0000] {processor.py:768} INFO - DAG(s) dict_keys(['example_weekday_branch_operator']) retrieved from /home/airflow/.local/lib/python3.7/site-packages/airflow/example_dags/example_branch_day_of_week_operator.py
[2022-10-03T12:30:37.174+0000] {logging_mixin.py:117} INFO - [2022-10-03T12:30:37.173+0000] {dag.py:2573} INFO - Sync 1 DAGs
[2022-10-03T12:30:37.207+0000] {logging_mixin.py:117} INFO - [2022-10-03T12:30:37.207+0000] {dag.py:3328} INFO - Setting next_dagrun for example_weekday_branch_operator to 2022-10-02T00:00:00+00:00, run_after=2022-10-03T00:00:00+00:00
[2022-10-03T12:30:37.236+0000] {processor.py:178} INFO - Processing /home/airflow/.local/lib/python3.7/site-packages/airflow/example_dags/example_branch_day_of_week_operator.py took 0.175 seconds
[2022-10-03T12:31:07.772+0000] {processor.py:156} INFO - Started process (PID=2931) to work on /home/airflow/.local/lib/python3.7/site-packages/airflow/example_dags/example_branch_day_of_week_operator.py
[2022-10-03T12:31:07.773+0000] {processor.py:758} INFO - Processing file /home/airflow/.local/lib/python3.7/site-packages/airflow/example_dags/example_branch_day_of_week_operator.py for tasks to queue
[2022-10-03T12:31:07.774+0000] {logging_mixin.py:117} INFO - [2022-10-03T12:31:07.774+0000] {dagbag.py:525} INFO - Filling up the DagBag from /home/airflow/.local/lib/python3.7/site-packages/airflow/example_dags/example_branch_day_of_week_operator.py
[2022-10-03T12:31:07.791+0000] {processor.py:768} INFO - DAG(s) dict_keys(['example_weekday_branch_operator']) retrieved from /home/airflow/.local/lib/python3.7/site-packages/airflow/example_dags/example_branch_day_of_week_operator.py
[2022-10-03T12:31:07.841+0000] {logging_mixin.py:117} INFO - [2022-10-03T12:31:07.841+0000] {dag.py:2573} INFO - Sync 1 DAGs
[2022-10-03T12:31:07.875+0000] {logging_mixin.py:117} INFO - [2022-10-03T12:31:07.875+0000] {dag.py:3328} INFO - Setting next_dagrun for example_weekday_branch_operator to 2022-10-02T00:00:00+00:00, run_after=2022-10-03T00:00:00+00:00
[2022-10-03T12:31:07.902+0000] {processor.py:178} INFO - Processing /home/airflow/.local/lib/python3.7/site-packages/airflow/example_dags/example_branch_day_of_week_operator.py took 0.134 seconds
[2022-10-03T12:31:38.166+0000] {processor.py:156} INFO - Started process (PID=3138) to work on /home/airflow/.local/lib/python3.7/site-packages/airflow/example_dags/example_branch_day_of_week_operator.py
[2022-10-03T12:31:38.167+0000] {processor.py:758} INFO - Processing file /home/airflow/.local/lib/python3.7/site-packages/airflow/example_dags/example_branch_day_of_week_operator.py for tasks to queue
[2022-10-03T12:31:38.168+0000] {logging_mixin.py:117} INFO - [2022-10-03T12:31:38.168+0000] {dagbag.py:525} INFO - Filling up the DagBag from /home/airflow/.local/lib/python3.7/site-packages/airflow/example_dags/example_branch_day_of_week_operator.py
[2022-10-03T12:31:38.189+0000] {processor.py:768} INFO - DAG(s) dict_keys(['example_weekday_branch_operator']) retrieved from /home/airflow/.local/lib/python3.7/site-packages/airflow/example_dags/example_branch_day_of_week_operator.py
[2022-10-03T12:31:38.241+0000] {logging_mixin.py:117} INFO - [2022-10-03T12:31:38.241+0000] {dag.py:2573} INFO - Sync 1 DAGs
[2022-10-03T12:31:38.274+0000] {logging_mixin.py:117} INFO - [2022-10-03T12:31:38.274+0000] {dag.py:3328} INFO - Setting next_dagrun for example_weekday_branch_operator to 2022-10-02T00:00:00+00:00, run_after=2022-10-03T00:00:00+00:00
[2022-10-03T12:31:38.304+0000] {processor.py:178} INFO - Processing /home/airflow/.local/lib/python3.7/site-packages/airflow/example_dags/example_branch_day_of_week_operator.py took 0.142 seconds
[2022-10-03T12:32:08.356+0000] {processor.py:156} INFO - Started process (PID=3336) to work on /home/airflow/.local/lib/python3.7/site-packages/airflow/example_dags/example_branch_day_of_week_operator.py
[2022-10-03T12:32:08.357+0000] {processor.py:758} INFO - Processing file /home/airflow/.local/lib/python3.7/site-packages/airflow/example_dags/example_branch_day_of_week_operator.py for tasks to queue
[2022-10-03T12:32:08.358+0000] {logging_mixin.py:117} INFO - [2022-10-03T12:32:08.357+0000] {dagbag.py:525} INFO - Filling up the DagBag from /home/airflow/.local/lib/python3.7/site-packages/airflow/example_dags/example_branch_day_of_week_operator.py
[2022-10-03T12:32:08.376+0000] {processor.py:768} INFO - DAG(s) dict_keys(['example_weekday_branch_operator']) retrieved from /home/airflow/.local/lib/python3.7/site-packages/airflow/example_dags/example_branch_day_of_week_operator.py
[2022-10-03T12:32:08.424+0000] {logging_mixin.py:117} INFO - [2022-10-03T12:32:08.424+0000] {dag.py:2573} INFO - Sync 1 DAGs
[2022-10-03T12:32:08.461+0000] {logging_mixin.py:117} INFO - [2022-10-03T12:32:08.461+0000] {dag.py:3328} INFO - Setting next_dagrun for example_weekday_branch_operator to 2022-10-02T00:00:00+00:00, run_after=2022-10-03T00:00:00+00:00
[2022-10-03T12:32:08.491+0000] {processor.py:178} INFO - Processing /home/airflow/.local/lib/python3.7/site-packages/airflow/example_dags/example_branch_day_of_week_operator.py took 0.140 seconds
[2022-10-03T12:32:38.756+0000] {processor.py:156} INFO - Started process (PID=3543) to work on /home/airflow/.local/lib/python3.7/site-packages/airflow/example_dags/example_branch_day_of_week_operator.py
[2022-10-03T12:32:38.757+0000] {processor.py:758} INFO - Processing file /home/airflow/.local/lib/python3.7/site-packages/airflow/example_dags/example_branch_day_of_week_operator.py for tasks to queue
[2022-10-03T12:32:38.758+0000] {logging_mixin.py:117} INFO - [2022-10-03T12:32:38.758+0000] {dagbag.py:525} INFO - Filling up the DagBag from /home/airflow/.local/lib/python3.7/site-packages/airflow/example_dags/example_branch_day_of_week_operator.py
[2022-10-03T12:32:38.776+0000] {processor.py:768} INFO - DAG(s) dict_keys(['example_weekday_branch_operator']) retrieved from /home/airflow/.local/lib/python3.7/site-packages/airflow/example_dags/example_branch_day_of_week_operator.py
[2022-10-03T12:32:38.827+0000] {logging_mixin.py:117} INFO - [2022-10-03T12:32:38.826+0000] {dag.py:2573} INFO - Sync 1 DAGs
[2022-10-03T12:32:38.859+0000] {logging_mixin.py:117} INFO - [2022-10-03T12:32:38.858+0000] {dag.py:3328} INFO - Setting next_dagrun for example_weekday_branch_operator to 2022-10-02T00:00:00+00:00, run_after=2022-10-03T00:00:00+00:00
[2022-10-03T12:32:38.888+0000] {processor.py:178} INFO - Processing /home/airflow/.local/lib/python3.7/site-packages/airflow/example_dags/example_branch_day_of_week_operator.py took 0.135 seconds
[2022-10-03T12:33:09.175+0000] {processor.py:156} INFO - Started process (PID=3748) to work on /home/airflow/.local/lib/python3.7/site-packages/airflow/example_dags/example_branch_day_of_week_operator.py
[2022-10-03T12:33:09.176+0000] {processor.py:758} INFO - Processing file /home/airflow/.local/lib/python3.7/site-packages/airflow/example_dags/example_branch_day_of_week_operator.py for tasks to queue
[2022-10-03T12:33:09.176+0000] {logging_mixin.py:117} INFO - [2022-10-03T12:33:09.176+0000] {dagbag.py:525} INFO - Filling up the DagBag from /home/airflow/.local/lib/python3.7/site-packages/airflow/example_dags/example_branch_day_of_week_operator.py
[2022-10-03T12:33:09.196+0000] {processor.py:768} INFO - DAG(s) dict_keys(['example_weekday_branch_operator']) retrieved from /home/airflow/.local/lib/python3.7/site-packages/airflow/example_dags/example_branch_day_of_week_operator.py
[2022-10-03T12:33:09.245+0000] {logging_mixin.py:117} INFO - [2022-10-03T12:33:09.245+0000] {dag.py:2573} INFO - Sync 1 DAGs
[2022-10-03T12:33:09.280+0000] {logging_mixin.py:117} INFO - [2022-10-03T12:33:09.280+0000] {dag.py:3328} INFO - Setting next_dagrun for example_weekday_branch_operator to 2022-10-02T00:00:00+00:00, run_after=2022-10-03T00:00:00+00:00
[2022-10-03T12:33:09.311+0000] {processor.py:178} INFO - Processing /home/airflow/.local/lib/python3.7/site-packages/airflow/example_dags/example_branch_day_of_week_operator.py took 0.140 seconds
[2022-10-03T12:33:39.834+0000] {processor.py:156} INFO - Started process (PID=3948) to work on /home/airflow/.local/lib/python3.7/site-packages/airflow/example_dags/example_branch_day_of_week_operator.py
[2022-10-03T12:33:39.835+0000] {processor.py:758} INFO - Processing file /home/airflow/.local/lib/python3.7/site-packages/airflow/example_dags/example_branch_day_of_week_operator.py for tasks to queue
[2022-10-03T12:33:39.835+0000] {logging_mixin.py:117} INFO - [2022-10-03T12:33:39.835+0000] {dagbag.py:525} INFO - Filling up the DagBag from /home/airflow/.local/lib/python3.7/site-packages/airflow/example_dags/example_branch_day_of_week_operator.py
[2022-10-03T12:33:39.854+0000] {processor.py:768} INFO - DAG(s) dict_keys(['example_weekday_branch_operator']) retrieved from /home/airflow/.local/lib/python3.7/site-packages/airflow/example_dags/example_branch_day_of_week_operator.py
[2022-10-03T12:33:39.899+0000] {logging_mixin.py:117} INFO - [2022-10-03T12:33:39.899+0000] {dag.py:2573} INFO - Sync 1 DAGs
[2022-10-03T12:33:39.934+0000] {logging_mixin.py:117} INFO - [2022-10-03T12:33:39.933+0000] {dag.py:3328} INFO - Setting next_dagrun for example_weekday_branch_operator to 2022-10-02T00:00:00+00:00, run_after=2022-10-03T00:00:00+00:00
[2022-10-03T12:33:39.963+0000] {processor.py:178} INFO - Processing /home/airflow/.local/lib/python3.7/site-packages/airflow/example_dags/example_branch_day_of_week_operator.py took 0.133 seconds
[2022-10-03T12:34:10.226+0000] {processor.py:156} INFO - Started process (PID=4155) to work on /home/airflow/.local/lib/python3.7/site-packages/airflow/example_dags/example_branch_day_of_week_operator.py
[2022-10-03T12:34:10.228+0000] {processor.py:758} INFO - Processing file /home/airflow/.local/lib/python3.7/site-packages/airflow/example_dags/example_branch_day_of_week_operator.py for tasks to queue
[2022-10-03T12:34:10.230+0000] {logging_mixin.py:117} INFO - [2022-10-03T12:34:10.229+0000] {dagbag.py:525} INFO - Filling up the DagBag from /home/airflow/.local/lib/python3.7/site-packages/airflow/example_dags/example_branch_day_of_week_operator.py
[2022-10-03T12:34:10.267+0000] {processor.py:768} INFO - DAG(s) dict_keys(['example_weekday_branch_operator']) retrieved from /home/airflow/.local/lib/python3.7/site-packages/airflow/example_dags/example_branch_day_of_week_operator.py
[2022-10-03T12:34:10.365+0000] {logging_mixin.py:117} INFO - [2022-10-03T12:34:10.364+0000] {dag.py:2573} INFO - Sync 1 DAGs
[2022-10-03T12:34:10.448+0000] {logging_mixin.py:117} INFO - [2022-10-03T12:34:10.447+0000] {dag.py:3328} INFO - Setting next_dagrun for example_weekday_branch_operator to 2022-10-02T00:00:00+00:00, run_after=2022-10-03T00:00:00+00:00
[2022-10-03T12:34:10.503+0000] {processor.py:178} INFO - Processing /home/airflow/.local/lib/python3.7/site-packages/airflow/example_dags/example_branch_day_of_week_operator.py took 0.283 seconds
[2022-10-03T12:34:40.694+0000] {processor.py:156} INFO - Started process (PID=4354) to work on /home/airflow/.local/lib/python3.7/site-packages/airflow/example_dags/example_branch_day_of_week_operator.py
[2022-10-03T12:34:40.695+0000] {processor.py:758} INFO - Processing file /home/airflow/.local/lib/python3.7/site-packages/airflow/example_dags/example_branch_day_of_week_operator.py for tasks to queue
[2022-10-03T12:34:40.696+0000] {logging_mixin.py:117} INFO - [2022-10-03T12:34:40.696+0000] {dagbag.py:525} INFO - Filling up the DagBag from /home/airflow/.local/lib/python3.7/site-packages/airflow/example_dags/example_branch_day_of_week_operator.py
[2022-10-03T12:34:40.720+0000] {processor.py:768} INFO - DAG(s) dict_keys(['example_weekday_branch_operator']) retrieved from /home/airflow/.local/lib/python3.7/site-packages/airflow/example_dags/example_branch_day_of_week_operator.py
[2022-10-03T12:34:40.772+0000] {logging_mixin.py:117} INFO - [2022-10-03T12:34:40.772+0000] {dag.py:2573} INFO - Sync 1 DAGs
[2022-10-03T12:34:40.806+0000] {logging_mixin.py:117} INFO - [2022-10-03T12:34:40.806+0000] {dag.py:3328} INFO - Setting next_dagrun for example_weekday_branch_operator to 2022-10-02T00:00:00+00:00, run_after=2022-10-03T00:00:00+00:00
[2022-10-03T12:34:40.833+0000] {processor.py:178} INFO - Processing /home/airflow/.local/lib/python3.7/site-packages/airflow/example_dags/example_branch_day_of_week_operator.py took 0.141 seconds
[2022-10-03T12:35:11.730+0000] {processor.py:156} INFO - Started process (PID=4561) to work on /home/airflow/.local/lib/python3.7/site-packages/airflow/example_dags/example_branch_day_of_week_operator.py
[2022-10-03T12:35:11.731+0000] {processor.py:758} INFO - Processing file /home/airflow/.local/lib/python3.7/site-packages/airflow/example_dags/example_branch_day_of_week_operator.py for tasks to queue
[2022-10-03T12:35:11.732+0000] {logging_mixin.py:117} INFO - [2022-10-03T12:35:11.732+0000] {dagbag.py:525} INFO - Filling up the DagBag from /home/airflow/.local/lib/python3.7/site-packages/airflow/example_dags/example_branch_day_of_week_operator.py
[2022-10-03T12:35:11.751+0000] {processor.py:768} INFO - DAG(s) dict_keys(['example_weekday_branch_operator']) retrieved from /home/airflow/.local/lib/python3.7/site-packages/airflow/example_dags/example_branch_day_of_week_operator.py
[2022-10-03T12:35:11.798+0000] {logging_mixin.py:117} INFO - [2022-10-03T12:35:11.798+0000] {dag.py:2573} INFO - Sync 1 DAGs
[2022-10-03T12:35:11.830+0000] {logging_mixin.py:117} INFO - [2022-10-03T12:35:11.829+0000] {dag.py:3328} INFO - Setting next_dagrun for example_weekday_branch_operator to 2022-10-02T00:00:00+00:00, run_after=2022-10-03T00:00:00+00:00
[2022-10-03T12:35:11.856+0000] {processor.py:178} INFO - Processing /home/airflow/.local/lib/python3.7/site-packages/airflow/example_dags/example_branch_day_of_week_operator.py took 0.130 seconds
[2022-10-03T12:35:42.387+0000] {processor.py:156} INFO - Started process (PID=4759) to work on /home/airflow/.local/lib/python3.7/site-packages/airflow/example_dags/example_branch_day_of_week_operator.py
[2022-10-03T12:35:42.388+0000] {processor.py:758} INFO - Processing file /home/airflow/.local/lib/python3.7/site-packages/airflow/example_dags/example_branch_day_of_week_operator.py for tasks to queue
[2022-10-03T12:35:42.388+0000] {logging_mixin.py:117} INFO - [2022-10-03T12:35:42.388+0000] {dagbag.py:525} INFO - Filling up the DagBag from /home/airflow/.local/lib/python3.7/site-packages/airflow/example_dags/example_branch_day_of_week_operator.py
[2022-10-03T12:35:42.407+0000] {processor.py:768} INFO - DAG(s) dict_keys(['example_weekday_branch_operator']) retrieved from /home/airflow/.local/lib/python3.7/site-packages/airflow/example_dags/example_branch_day_of_week_operator.py
[2022-10-03T12:35:42.451+0000] {logging_mixin.py:117} INFO - [2022-10-03T12:35:42.451+0000] {dag.py:2573} INFO - Sync 1 DAGs
[2022-10-03T12:35:42.485+0000] {logging_mixin.py:117} INFO - [2022-10-03T12:35:42.484+0000] {dag.py:3328} INFO - Setting next_dagrun for example_weekday_branch_operator to 2022-10-02T00:00:00+00:00, run_after=2022-10-03T00:00:00+00:00
[2022-10-03T12:35:42.512+0000] {processor.py:178} INFO - Processing /home/airflow/.local/lib/python3.7/site-packages/airflow/example_dags/example_branch_day_of_week_operator.py took 0.129 seconds
[2022-10-03T12:36:12.685+0000] {processor.py:156} INFO - Started process (PID=4966) to work on /home/airflow/.local/lib/python3.7/site-packages/airflow/example_dags/example_branch_day_of_week_operator.py
[2022-10-03T12:36:12.686+0000] {processor.py:758} INFO - Processing file /home/airflow/.local/lib/python3.7/site-packages/airflow/example_dags/example_branch_day_of_week_operator.py for tasks to queue
[2022-10-03T12:36:12.687+0000] {logging_mixin.py:117} INFO - [2022-10-03T12:36:12.686+0000] {dagbag.py:525} INFO - Filling up the DagBag from /home/airflow/.local/lib/python3.7/site-packages/airflow/example_dags/example_branch_day_of_week_operator.py
[2022-10-03T12:36:12.705+0000] {processor.py:768} INFO - DAG(s) dict_keys(['example_weekday_branch_operator']) retrieved from /home/airflow/.local/lib/python3.7/site-packages/airflow/example_dags/example_branch_day_of_week_operator.py
[2022-10-03T12:36:12.752+0000] {logging_mixin.py:117} INFO - [2022-10-03T12:36:12.752+0000] {dag.py:2573} INFO - Sync 1 DAGs
[2022-10-03T12:36:12.783+0000] {logging_mixin.py:117} INFO - [2022-10-03T12:36:12.782+0000] {dag.py:3328} INFO - Setting next_dagrun for example_weekday_branch_operator to 2022-10-02T00:00:00+00:00, run_after=2022-10-03T00:00:00+00:00
[2022-10-03T12:36:12.808+0000] {processor.py:178} INFO - Processing /home/airflow/.local/lib/python3.7/site-packages/airflow/example_dags/example_branch_day_of_week_operator.py took 0.126 seconds
[2022-10-03T12:36:43.127+0000] {processor.py:156} INFO - Started process (PID=5164) to work on /home/airflow/.local/lib/python3.7/site-packages/airflow/example_dags/example_branch_day_of_week_operator.py
[2022-10-03T12:36:43.128+0000] {processor.py:758} INFO - Processing file /home/airflow/.local/lib/python3.7/site-packages/airflow/example_dags/example_branch_day_of_week_operator.py for tasks to queue
[2022-10-03T12:36:43.129+0000] {logging_mixin.py:117} INFO - [2022-10-03T12:36:43.129+0000] {dagbag.py:525} INFO - Filling up the DagBag from /home/airflow/.local/lib/python3.7/site-packages/airflow/example_dags/example_branch_day_of_week_operator.py
[2022-10-03T12:36:43.147+0000] {processor.py:768} INFO - DAG(s) dict_keys(['example_weekday_branch_operator']) retrieved from /home/airflow/.local/lib/python3.7/site-packages/airflow/example_dags/example_branch_day_of_week_operator.py
[2022-10-03T12:36:43.195+0000] {logging_mixin.py:117} INFO - [2022-10-03T12:36:43.194+0000] {dag.py:2573} INFO - Sync 1 DAGs
[2022-10-03T12:36:43.226+0000] {logging_mixin.py:117} INFO - [2022-10-03T12:36:43.226+0000] {dag.py:3328} INFO - Setting next_dagrun for example_weekday_branch_operator to 2022-10-02T00:00:00+00:00, run_after=2022-10-03T00:00:00+00:00
[2022-10-03T12:36:43.257+0000] {processor.py:178} INFO - Processing /home/airflow/.local/lib/python3.7/site-packages/airflow/example_dags/example_branch_day_of_week_operator.py took 0.132 seconds
[2022-10-03T12:37:13.419+0000] {processor.py:156} INFO - Started process (PID=5371) to work on /home/airflow/.local/lib/python3.7/site-packages/airflow/example_dags/example_branch_day_of_week_operator.py
[2022-10-03T12:37:13.420+0000] {processor.py:758} INFO - Processing file /home/airflow/.local/lib/python3.7/site-packages/airflow/example_dags/example_branch_day_of_week_operator.py for tasks to queue
[2022-10-03T12:37:13.421+0000] {logging_mixin.py:117} INFO - [2022-10-03T12:37:13.421+0000] {dagbag.py:525} INFO - Filling up the DagBag from /home/airflow/.local/lib/python3.7/site-packages/airflow/example_dags/example_branch_day_of_week_operator.py
[2022-10-03T12:37:13.440+0000] {processor.py:768} INFO - DAG(s) dict_keys(['example_weekday_branch_operator']) retrieved from /home/airflow/.local/lib/python3.7/site-packages/airflow/example_dags/example_branch_day_of_week_operator.py
[2022-10-03T12:37:13.487+0000] {logging_mixin.py:117} INFO - [2022-10-03T12:37:13.487+0000] {dag.py:2573} INFO - Sync 1 DAGs
[2022-10-03T12:37:13.518+0000] {logging_mixin.py:117} INFO - [2022-10-03T12:37:13.518+0000] {dag.py:3328} INFO - Setting next_dagrun for example_weekday_branch_operator to 2022-10-02T00:00:00+00:00, run_after=2022-10-03T00:00:00+00:00
[2022-10-03T12:37:13.544+0000] {processor.py:178} INFO - Processing /home/airflow/.local/lib/python3.7/site-packages/airflow/example_dags/example_branch_day_of_week_operator.py took 0.129 seconds
[2022-10-03T12:37:43.850+0000] {processor.py:156} INFO - Started process (PID=5569) to work on /home/airflow/.local/lib/python3.7/site-packages/airflow/example_dags/example_branch_day_of_week_operator.py
[2022-10-03T12:37:43.851+0000] {processor.py:758} INFO - Processing file /home/airflow/.local/lib/python3.7/site-packages/airflow/example_dags/example_branch_day_of_week_operator.py for tasks to queue
[2022-10-03T12:37:43.852+0000] {logging_mixin.py:117} INFO - [2022-10-03T12:37:43.851+0000] {dagbag.py:525} INFO - Filling up the DagBag from /home/airflow/.local/lib/python3.7/site-packages/airflow/example_dags/example_branch_day_of_week_operator.py
[2022-10-03T12:37:43.871+0000] {processor.py:768} INFO - DAG(s) dict_keys(['example_weekday_branch_operator']) retrieved from /home/airflow/.local/lib/python3.7/site-packages/airflow/example_dags/example_branch_day_of_week_operator.py
[2022-10-03T12:37:43.917+0000] {logging_mixin.py:117} INFO - [2022-10-03T12:37:43.917+0000] {dag.py:2573} INFO - Sync 1 DAGs
[2022-10-03T12:37:43.955+0000] {logging_mixin.py:117} INFO - [2022-10-03T12:37:43.955+0000] {dag.py:3328} INFO - Setting next_dagrun for example_weekday_branch_operator to 2022-10-02T00:00:00+00:00, run_after=2022-10-03T00:00:00+00:00
[2022-10-03T12:37:43.983+0000] {processor.py:178} INFO - Processing /home/airflow/.local/lib/python3.7/site-packages/airflow/example_dags/example_branch_day_of_week_operator.py took 0.136 seconds
[2022-10-03T12:38:14.168+0000] {processor.py:156} INFO - Started process (PID=5776) to work on /home/airflow/.local/lib/python3.7/site-packages/airflow/example_dags/example_branch_day_of_week_operator.py
[2022-10-03T12:38:14.169+0000] {processor.py:758} INFO - Processing file /home/airflow/.local/lib/python3.7/site-packages/airflow/example_dags/example_branch_day_of_week_operator.py for tasks to queue
[2022-10-03T12:38:14.170+0000] {logging_mixin.py:117} INFO - [2022-10-03T12:38:14.169+0000] {dagbag.py:525} INFO - Filling up the DagBag from /home/airflow/.local/lib/python3.7/site-packages/airflow/example_dags/example_branch_day_of_week_operator.py
[2022-10-03T12:38:14.189+0000] {processor.py:768} INFO - DAG(s) dict_keys(['example_weekday_branch_operator']) retrieved from /home/airflow/.local/lib/python3.7/site-packages/airflow/example_dags/example_branch_day_of_week_operator.py
[2022-10-03T12:38:14.240+0000] {logging_mixin.py:117} INFO - [2022-10-03T12:38:14.239+0000] {dag.py:2573} INFO - Sync 1 DAGs
[2022-10-03T12:38:14.277+0000] {logging_mixin.py:117} INFO - [2022-10-03T12:38:14.276+0000] {dag.py:3328} INFO - Setting next_dagrun for example_weekday_branch_operator to 2022-10-02T00:00:00+00:00, run_after=2022-10-03T00:00:00+00:00
[2022-10-03T12:38:14.307+0000] {processor.py:178} INFO - Processing /home/airflow/.local/lib/python3.7/site-packages/airflow/example_dags/example_branch_day_of_week_operator.py took 0.143 seconds
[2022-10-03T12:38:44.761+0000] {processor.py:156} INFO - Started process (PID=5983) to work on /home/airflow/.local/lib/python3.7/site-packages/airflow/example_dags/example_branch_day_of_week_operator.py
[2022-10-03T12:38:44.762+0000] {processor.py:758} INFO - Processing file /home/airflow/.local/lib/python3.7/site-packages/airflow/example_dags/example_branch_day_of_week_operator.py for tasks to queue
[2022-10-03T12:38:44.763+0000] {logging_mixin.py:117} INFO - [2022-10-03T12:38:44.762+0000] {dagbag.py:525} INFO - Filling up the DagBag from /home/airflow/.local/lib/python3.7/site-packages/airflow/example_dags/example_branch_day_of_week_operator.py
[2022-10-03T12:38:44.781+0000] {processor.py:768} INFO - DAG(s) dict_keys(['example_weekday_branch_operator']) retrieved from /home/airflow/.local/lib/python3.7/site-packages/airflow/example_dags/example_branch_day_of_week_operator.py
[2022-10-03T12:38:44.830+0000] {logging_mixin.py:117} INFO - [2022-10-03T12:38:44.830+0000] {dag.py:2573} INFO - Sync 1 DAGs
[2022-10-03T12:38:44.867+0000] {logging_mixin.py:117} INFO - [2022-10-03T12:38:44.867+0000] {dag.py:3328} INFO - Setting next_dagrun for example_weekday_branch_operator to 2022-10-02T00:00:00+00:00, run_after=2022-10-03T00:00:00+00:00
[2022-10-03T12:38:44.896+0000] {processor.py:178} INFO - Processing /home/airflow/.local/lib/python3.7/site-packages/airflow/example_dags/example_branch_day_of_week_operator.py took 0.139 seconds
[2022-10-03T12:39:15.561+0000] {processor.py:156} INFO - Started process (PID=6181) to work on /home/airflow/.local/lib/python3.7/site-packages/airflow/example_dags/example_branch_day_of_week_operator.py
[2022-10-03T12:39:15.564+0000] {processor.py:758} INFO - Processing file /home/airflow/.local/lib/python3.7/site-packages/airflow/example_dags/example_branch_day_of_week_operator.py for tasks to queue
[2022-10-03T12:39:15.566+0000] {logging_mixin.py:117} INFO - [2022-10-03T12:39:15.565+0000] {dagbag.py:525} INFO - Filling up the DagBag from /home/airflow/.local/lib/python3.7/site-packages/airflow/example_dags/example_branch_day_of_week_operator.py
[2022-10-03T12:39:15.618+0000] {processor.py:768} INFO - DAG(s) dict_keys(['example_weekday_branch_operator']) retrieved from /home/airflow/.local/lib/python3.7/site-packages/airflow/example_dags/example_branch_day_of_week_operator.py
[2022-10-03T12:39:15.729+0000] {logging_mixin.py:117} INFO - [2022-10-03T12:39:15.729+0000] {dag.py:2573} INFO - Sync 1 DAGs
[2022-10-03T12:39:15.806+0000] {logging_mixin.py:117} INFO - [2022-10-03T12:39:15.806+0000] {dag.py:3328} INFO - Setting next_dagrun for example_weekday_branch_operator to 2022-10-02T00:00:00+00:00, run_after=2022-10-03T00:00:00+00:00
[2022-10-03T12:39:15.855+0000] {processor.py:178} INFO - Processing /home/airflow/.local/lib/python3.7/site-packages/airflow/example_dags/example_branch_day_of_week_operator.py took 0.305 seconds
[2022-10-03T12:39:45.943+0000] {processor.py:156} INFO - Started process (PID=6388) to work on /home/airflow/.local/lib/python3.7/site-packages/airflow/example_dags/example_branch_day_of_week_operator.py
[2022-10-03T12:39:45.945+0000] {processor.py:758} INFO - Processing file /home/airflow/.local/lib/python3.7/site-packages/airflow/example_dags/example_branch_day_of_week_operator.py for tasks to queue
[2022-10-03T12:39:45.946+0000] {logging_mixin.py:117} INFO - [2022-10-03T12:39:45.946+0000] {dagbag.py:525} INFO - Filling up the DagBag from /home/airflow/.local/lib/python3.7/site-packages/airflow/example_dags/example_branch_day_of_week_operator.py
[2022-10-03T12:39:45.969+0000] {processor.py:768} INFO - DAG(s) dict_keys(['example_weekday_branch_operator']) retrieved from /home/airflow/.local/lib/python3.7/site-packages/airflow/example_dags/example_branch_day_of_week_operator.py
[2022-10-03T12:39:46.021+0000] {logging_mixin.py:117} INFO - [2022-10-03T12:39:46.021+0000] {dag.py:2573} INFO - Sync 1 DAGs
[2022-10-03T12:39:46.055+0000] {logging_mixin.py:117} INFO - [2022-10-03T12:39:46.055+0000] {dag.py:3328} INFO - Setting next_dagrun for example_weekday_branch_operator to 2022-10-02T00:00:00+00:00, run_after=2022-10-03T00:00:00+00:00
[2022-10-03T12:39:46.083+0000] {processor.py:178} INFO - Processing /home/airflow/.local/lib/python3.7/site-packages/airflow/example_dags/example_branch_day_of_week_operator.py took 0.143 seconds
[2022-10-03T12:40:16.440+0000] {processor.py:156} INFO - Started process (PID=6586) to work on /home/airflow/.local/lib/python3.7/site-packages/airflow/example_dags/example_branch_day_of_week_operator.py
[2022-10-03T12:40:16.441+0000] {processor.py:758} INFO - Processing file /home/airflow/.local/lib/python3.7/site-packages/airflow/example_dags/example_branch_day_of_week_operator.py for tasks to queue
[2022-10-03T12:40:16.442+0000] {logging_mixin.py:117} INFO - [2022-10-03T12:40:16.442+0000] {dagbag.py:525} INFO - Filling up the DagBag from /home/airflow/.local/lib/python3.7/site-packages/airflow/example_dags/example_branch_day_of_week_operator.py
[2022-10-03T12:40:16.459+0000] {processor.py:768} INFO - DAG(s) dict_keys(['example_weekday_branch_operator']) retrieved from /home/airflow/.local/lib/python3.7/site-packages/airflow/example_dags/example_branch_day_of_week_operator.py
[2022-10-03T12:40:16.511+0000] {logging_mixin.py:117} INFO - [2022-10-03T12:40:16.511+0000] {dag.py:2573} INFO - Sync 1 DAGs
[2022-10-03T12:40:16.554+0000] {logging_mixin.py:117} INFO - [2022-10-03T12:40:16.553+0000] {dag.py:3328} INFO - Setting next_dagrun for example_weekday_branch_operator to 2022-10-02T00:00:00+00:00, run_after=2022-10-03T00:00:00+00:00
[2022-10-03T12:40:16.590+0000] {processor.py:178} INFO - Processing /home/airflow/.local/lib/python3.7/site-packages/airflow/example_dags/example_branch_day_of_week_operator.py took 0.154 seconds
[2022-10-03T12:40:47.027+0000] {processor.py:156} INFO - Started process (PID=6793) to work on /home/airflow/.local/lib/python3.7/site-packages/airflow/example_dags/example_branch_day_of_week_operator.py
[2022-10-03T12:40:47.029+0000] {processor.py:758} INFO - Processing file /home/airflow/.local/lib/python3.7/site-packages/airflow/example_dags/example_branch_day_of_week_operator.py for tasks to queue
[2022-10-03T12:40:47.032+0000] {logging_mixin.py:117} INFO - [2022-10-03T12:40:47.031+0000] {dagbag.py:525} INFO - Filling up the DagBag from /home/airflow/.local/lib/python3.7/site-packages/airflow/example_dags/example_branch_day_of_week_operator.py
[2022-10-03T12:40:47.080+0000] {processor.py:768} INFO - DAG(s) dict_keys(['example_weekday_branch_operator']) retrieved from /home/airflow/.local/lib/python3.7/site-packages/airflow/example_dags/example_branch_day_of_week_operator.py
[2022-10-03T12:40:47.186+0000] {logging_mixin.py:117} INFO - [2022-10-03T12:40:47.186+0000] {dag.py:2573} INFO - Sync 1 DAGs
[2022-10-03T12:40:47.256+0000] {logging_mixin.py:117} INFO - [2022-10-03T12:40:47.256+0000] {dag.py:3328} INFO - Setting next_dagrun for example_weekday_branch_operator to 2022-10-02T00:00:00+00:00, run_after=2022-10-03T00:00:00+00:00
[2022-10-03T12:40:47.306+0000] {processor.py:178} INFO - Processing /home/airflow/.local/lib/python3.7/site-packages/airflow/example_dags/example_branch_day_of_week_operator.py took 0.286 seconds
[2022-10-03T12:41:17.546+0000] {processor.py:156} INFO - Started process (PID=6991) to work on /home/airflow/.local/lib/python3.7/site-packages/airflow/example_dags/example_branch_day_of_week_operator.py
[2022-10-03T12:41:17.548+0000] {processor.py:758} INFO - Processing file /home/airflow/.local/lib/python3.7/site-packages/airflow/example_dags/example_branch_day_of_week_operator.py for tasks to queue
[2022-10-03T12:41:17.549+0000] {logging_mixin.py:117} INFO - [2022-10-03T12:41:17.549+0000] {dagbag.py:525} INFO - Filling up the DagBag from /home/airflow/.local/lib/python3.7/site-packages/airflow/example_dags/example_branch_day_of_week_operator.py
[2022-10-03T12:41:17.587+0000] {processor.py:768} INFO - DAG(s) dict_keys(['example_weekday_branch_operator']) retrieved from /home/airflow/.local/lib/python3.7/site-packages/airflow/example_dags/example_branch_day_of_week_operator.py
[2022-10-03T12:41:17.686+0000] {logging_mixin.py:117} INFO - [2022-10-03T12:41:17.686+0000] {dag.py:2573} INFO - Sync 1 DAGs
[2022-10-03T12:41:17.757+0000] {logging_mixin.py:117} INFO - [2022-10-03T12:41:17.756+0000] {dag.py:3328} INFO - Setting next_dagrun for example_weekday_branch_operator to 2022-10-02T00:00:00+00:00, run_after=2022-10-03T00:00:00+00:00
[2022-10-03T12:41:17.805+0000] {processor.py:178} INFO - Processing /home/airflow/.local/lib/python3.7/site-packages/airflow/example_dags/example_branch_day_of_week_operator.py took 0.266 seconds
[2022-10-03T12:41:47.988+0000] {processor.py:156} INFO - Started process (PID=7198) to work on /home/airflow/.local/lib/python3.7/site-packages/airflow/example_dags/example_branch_day_of_week_operator.py
[2022-10-03T12:41:47.989+0000] {processor.py:758} INFO - Processing file /home/airflow/.local/lib/python3.7/site-packages/airflow/example_dags/example_branch_day_of_week_operator.py for tasks to queue
[2022-10-03T12:41:47.990+0000] {logging_mixin.py:117} INFO - [2022-10-03T12:41:47.990+0000] {dagbag.py:525} INFO - Filling up the DagBag from /home/airflow/.local/lib/python3.7/site-packages/airflow/example_dags/example_branch_day_of_week_operator.py
[2022-10-03T12:41:48.024+0000] {processor.py:768} INFO - DAG(s) dict_keys(['example_weekday_branch_operator']) retrieved from /home/airflow/.local/lib/python3.7/site-packages/airflow/example_dags/example_branch_day_of_week_operator.py
[2022-10-03T12:41:48.069+0000] {logging_mixin.py:117} INFO - [2022-10-03T12:41:48.069+0000] {dag.py:2573} INFO - Sync 1 DAGs
[2022-10-03T12:41:48.105+0000] {logging_mixin.py:117} INFO - [2022-10-03T12:41:48.105+0000] {dag.py:3328} INFO - Setting next_dagrun for example_weekday_branch_operator to 2022-10-02T00:00:00+00:00, run_after=2022-10-03T00:00:00+00:00
[2022-10-03T12:41:48.131+0000] {processor.py:178} INFO - Processing /home/airflow/.local/lib/python3.7/site-packages/airflow/example_dags/example_branch_day_of_week_operator.py took 0.150 seconds
[2022-10-03T12:42:18.264+0000] {processor.py:156} INFO - Started process (PID=7396) to work on /home/airflow/.local/lib/python3.7/site-packages/airflow/example_dags/example_branch_day_of_week_operator.py
[2022-10-03T12:42:18.265+0000] {processor.py:758} INFO - Processing file /home/airflow/.local/lib/python3.7/site-packages/airflow/example_dags/example_branch_day_of_week_operator.py for tasks to queue
[2022-10-03T12:42:18.266+0000] {logging_mixin.py:117} INFO - [2022-10-03T12:42:18.266+0000] {dagbag.py:525} INFO - Filling up the DagBag from /home/airflow/.local/lib/python3.7/site-packages/airflow/example_dags/example_branch_day_of_week_operator.py
[2022-10-03T12:42:18.285+0000] {processor.py:768} INFO - DAG(s) dict_keys(['example_weekday_branch_operator']) retrieved from /home/airflow/.local/lib/python3.7/site-packages/airflow/example_dags/example_branch_day_of_week_operator.py
[2022-10-03T12:42:18.324+0000] {logging_mixin.py:117} INFO - [2022-10-03T12:42:18.324+0000] {dag.py:2573} INFO - Sync 1 DAGs
[2022-10-03T12:42:18.353+0000] {logging_mixin.py:117} INFO - [2022-10-03T12:42:18.353+0000] {dag.py:3328} INFO - Setting next_dagrun for example_weekday_branch_operator to 2022-10-02T00:00:00+00:00, run_after=2022-10-03T00:00:00+00:00
[2022-10-03T12:42:18.376+0000] {processor.py:178} INFO - Processing /home/airflow/.local/lib/python3.7/site-packages/airflow/example_dags/example_branch_day_of_week_operator.py took 0.116 seconds
[2022-10-03T12:42:49.685+0000] {processor.py:156} INFO - Started process (PID=7603) to work on /home/airflow/.local/lib/python3.7/site-packages/airflow/example_dags/example_branch_day_of_week_operator.py
[2022-10-03T12:42:49.686+0000] {processor.py:758} INFO - Processing file /home/airflow/.local/lib/python3.7/site-packages/airflow/example_dags/example_branch_day_of_week_operator.py for tasks to queue
[2022-10-03T12:42:49.688+0000] {logging_mixin.py:117} INFO - [2022-10-03T12:42:49.687+0000] {dagbag.py:525} INFO - Filling up the DagBag from /home/airflow/.local/lib/python3.7/site-packages/airflow/example_dags/example_branch_day_of_week_operator.py
[2022-10-03T12:42:49.728+0000] {processor.py:768} INFO - DAG(s) dict_keys(['example_weekday_branch_operator']) retrieved from /home/airflow/.local/lib/python3.7/site-packages/airflow/example_dags/example_branch_day_of_week_operator.py
[2022-10-03T12:42:49.847+0000] {logging_mixin.py:117} INFO - [2022-10-03T12:42:49.846+0000] {dag.py:2573} INFO - Sync 1 DAGs
[2022-10-03T12:42:49.927+0000] {logging_mixin.py:117} INFO - [2022-10-03T12:42:49.927+0000] {dag.py:3328} INFO - Setting next_dagrun for example_weekday_branch_operator to 2022-10-02T00:00:00+00:00, run_after=2022-10-03T00:00:00+00:00
[2022-10-03T12:42:49.960+0000] {processor.py:178} INFO - Processing /home/airflow/.local/lib/python3.7/site-packages/airflow/example_dags/example_branch_day_of_week_operator.py took 0.287 seconds
[2022-10-03T12:43:20.184+0000] {processor.py:156} INFO - Started process (PID=7810) to work on /home/airflow/.local/lib/python3.7/site-packages/airflow/example_dags/example_branch_day_of_week_operator.py
[2022-10-03T12:43:20.185+0000] {processor.py:758} INFO - Processing file /home/airflow/.local/lib/python3.7/site-packages/airflow/example_dags/example_branch_day_of_week_operator.py for tasks to queue
[2022-10-03T12:43:20.186+0000] {logging_mixin.py:117} INFO - [2022-10-03T12:43:20.185+0000] {dagbag.py:525} INFO - Filling up the DagBag from /home/airflow/.local/lib/python3.7/site-packages/airflow/example_dags/example_branch_day_of_week_operator.py
[2022-10-03T12:43:20.202+0000] {processor.py:768} INFO - DAG(s) dict_keys(['example_weekday_branch_operator']) retrieved from /home/airflow/.local/lib/python3.7/site-packages/airflow/example_dags/example_branch_day_of_week_operator.py
[2022-10-03T12:43:20.247+0000] {logging_mixin.py:117} INFO - [2022-10-03T12:43:20.247+0000] {dag.py:2573} INFO - Sync 1 DAGs
[2022-10-03T12:43:20.282+0000] {logging_mixin.py:117} INFO - [2022-10-03T12:43:20.282+0000] {dag.py:3328} INFO - Setting next_dagrun for example_weekday_branch_operator to 2022-10-02T00:00:00+00:00, run_after=2022-10-03T00:00:00+00:00
[2022-10-03T12:43:20.308+0000] {processor.py:178} INFO - Processing /home/airflow/.local/lib/python3.7/site-packages/airflow/example_dags/example_branch_day_of_week_operator.py took 0.128 seconds
[2022-10-03T12:43:50.737+0000] {processor.py:156} INFO - Started process (PID=8008) to work on /home/airflow/.local/lib/python3.7/site-packages/airflow/example_dags/example_branch_day_of_week_operator.py
[2022-10-03T12:43:50.738+0000] {processor.py:758} INFO - Processing file /home/airflow/.local/lib/python3.7/site-packages/airflow/example_dags/example_branch_day_of_week_operator.py for tasks to queue
[2022-10-03T12:43:50.739+0000] {logging_mixin.py:117} INFO - [2022-10-03T12:43:50.739+0000] {dagbag.py:525} INFO - Filling up the DagBag from /home/airflow/.local/lib/python3.7/site-packages/airflow/example_dags/example_branch_day_of_week_operator.py
[2022-10-03T12:43:50.760+0000] {processor.py:768} INFO - DAG(s) dict_keys(['example_weekday_branch_operator']) retrieved from /home/airflow/.local/lib/python3.7/site-packages/airflow/example_dags/example_branch_day_of_week_operator.py
[2022-10-03T12:43:50.807+0000] {logging_mixin.py:117} INFO - [2022-10-03T12:43:50.807+0000] {dag.py:2573} INFO - Sync 1 DAGs
[2022-10-03T12:43:50.840+0000] {logging_mixin.py:117} INFO - [2022-10-03T12:43:50.840+0000] {dag.py:3328} INFO - Setting next_dagrun for example_weekday_branch_operator to 2022-10-02T00:00:00+00:00, run_after=2022-10-03T00:00:00+00:00
[2022-10-03T12:43:50.865+0000] {processor.py:178} INFO - Processing /home/airflow/.local/lib/python3.7/site-packages/airflow/example_dags/example_branch_day_of_week_operator.py took 0.132 seconds
[2022-10-03T12:44:20.891+0000] {processor.py:156} INFO - Started process (PID=8215) to work on /home/airflow/.local/lib/python3.7/site-packages/airflow/example_dags/example_branch_day_of_week_operator.py
[2022-10-03T12:44:20.892+0000] {processor.py:758} INFO - Processing file /home/airflow/.local/lib/python3.7/site-packages/airflow/example_dags/example_branch_day_of_week_operator.py for tasks to queue
[2022-10-03T12:44:20.893+0000] {logging_mixin.py:117} INFO - [2022-10-03T12:44:20.893+0000] {dagbag.py:525} INFO - Filling up the DagBag from /home/airflow/.local/lib/python3.7/site-packages/airflow/example_dags/example_branch_day_of_week_operator.py
[2022-10-03T12:44:20.912+0000] {processor.py:768} INFO - DAG(s) dict_keys(['example_weekday_branch_operator']) retrieved from /home/airflow/.local/lib/python3.7/site-packages/airflow/example_dags/example_branch_day_of_week_operator.py
[2022-10-03T12:44:20.950+0000] {logging_mixin.py:117} INFO - [2022-10-03T12:44:20.950+0000] {dag.py:2573} INFO - Sync 1 DAGs
[2022-10-03T12:44:20.978+0000] {logging_mixin.py:117} INFO - [2022-10-03T12:44:20.977+0000] {dag.py:3328} INFO - Setting next_dagrun for example_weekday_branch_operator to 2022-10-02T00:00:00+00:00, run_after=2022-10-03T00:00:00+00:00
[2022-10-03T12:44:20.999+0000] {processor.py:178} INFO - Processing /home/airflow/.local/lib/python3.7/site-packages/airflow/example_dags/example_branch_day_of_week_operator.py took 0.111 seconds
[2022-10-03T12:44:52.368+0000] {processor.py:156} INFO - Started process (PID=8422) to work on /home/airflow/.local/lib/python3.7/site-packages/airflow/example_dags/example_branch_day_of_week_operator.py
[2022-10-03T12:44:52.369+0000] {processor.py:758} INFO - Processing file /home/airflow/.local/lib/python3.7/site-packages/airflow/example_dags/example_branch_day_of_week_operator.py for tasks to queue
[2022-10-03T12:44:52.371+0000] {logging_mixin.py:117} INFO - [2022-10-03T12:44:52.370+0000] {dagbag.py:525} INFO - Filling up the DagBag from /home/airflow/.local/lib/python3.7/site-packages/airflow/example_dags/example_branch_day_of_week_operator.py
[2022-10-03T12:44:52.399+0000] {processor.py:768} INFO - DAG(s) dict_keys(['example_weekday_branch_operator']) retrieved from /home/airflow/.local/lib/python3.7/site-packages/airflow/example_dags/example_branch_day_of_week_operator.py
[2022-10-03T12:44:52.495+0000] {logging_mixin.py:117} INFO - [2022-10-03T12:44:52.495+0000] {dag.py:2573} INFO - Sync 1 DAGs
[2022-10-03T12:44:52.540+0000] {logging_mixin.py:117} INFO - [2022-10-03T12:44:52.539+0000] {dag.py:3328} INFO - Setting next_dagrun for example_weekday_branch_operator to 2022-10-02T00:00:00+00:00, run_after=2022-10-03T00:00:00+00:00
[2022-10-03T12:44:52.565+0000] {processor.py:178} INFO - Processing /home/airflow/.local/lib/python3.7/site-packages/airflow/example_dags/example_branch_day_of_week_operator.py took 0.200 seconds
[2022-10-03T12:45:23.086+0000] {processor.py:156} INFO - Started process (PID=8621) to work on /home/airflow/.local/lib/python3.7/site-packages/airflow/example_dags/example_branch_day_of_week_operator.py
[2022-10-03T12:45:23.087+0000] {processor.py:758} INFO - Processing file /home/airflow/.local/lib/python3.7/site-packages/airflow/example_dags/example_branch_day_of_week_operator.py for tasks to queue
[2022-10-03T12:45:23.088+0000] {logging_mixin.py:117} INFO - [2022-10-03T12:45:23.088+0000] {dagbag.py:525} INFO - Filling up the DagBag from /home/airflow/.local/lib/python3.7/site-packages/airflow/example_dags/example_branch_day_of_week_operator.py
[2022-10-03T12:45:23.108+0000] {processor.py:768} INFO - DAG(s) dict_keys(['example_weekday_branch_operator']) retrieved from /home/airflow/.local/lib/python3.7/site-packages/airflow/example_dags/example_branch_day_of_week_operator.py
[2022-10-03T12:45:23.153+0000] {logging_mixin.py:117} INFO - [2022-10-03T12:45:23.153+0000] {dag.py:2573} INFO - Sync 1 DAGs
[2022-10-03T12:45:23.185+0000] {logging_mixin.py:117} INFO - [2022-10-03T12:45:23.184+0000] {dag.py:3328} INFO - Setting next_dagrun for example_weekday_branch_operator to 2022-10-02T00:00:00+00:00, run_after=2022-10-03T00:00:00+00:00
[2022-10-03T12:45:23.209+0000] {processor.py:178} INFO - Processing /home/airflow/.local/lib/python3.7/site-packages/airflow/example_dags/example_branch_day_of_week_operator.py took 0.127 seconds
[2022-10-03T12:45:53.260+0000] {processor.py:156} INFO - Started process (PID=8830) to work on /home/airflow/.local/lib/python3.7/site-packages/airflow/example_dags/example_branch_day_of_week_operator.py
[2022-10-03T12:45:53.260+0000] {processor.py:758} INFO - Processing file /home/airflow/.local/lib/python3.7/site-packages/airflow/example_dags/example_branch_day_of_week_operator.py for tasks to queue
[2022-10-03T12:45:53.261+0000] {logging_mixin.py:117} INFO - [2022-10-03T12:45:53.261+0000] {dagbag.py:525} INFO - Filling up the DagBag from /home/airflow/.local/lib/python3.7/site-packages/airflow/example_dags/example_branch_day_of_week_operator.py
[2022-10-03T12:45:53.283+0000] {processor.py:768} INFO - DAG(s) dict_keys(['example_weekday_branch_operator']) retrieved from /home/airflow/.local/lib/python3.7/site-packages/airflow/example_dags/example_branch_day_of_week_operator.py
[2022-10-03T12:45:53.390+0000] {logging_mixin.py:117} INFO - [2022-10-03T12:45:53.390+0000] {dag.py:2573} INFO - Sync 1 DAGs
[2022-10-03T12:45:53.427+0000] {logging_mixin.py:117} INFO - [2022-10-03T12:45:53.427+0000] {dag.py:3328} INFO - Setting next_dagrun for example_weekday_branch_operator to 2022-10-02T00:00:00+00:00, run_after=2022-10-03T00:00:00+00:00
[2022-10-03T12:45:53.450+0000] {processor.py:178} INFO - Processing /home/airflow/.local/lib/python3.7/site-packages/airflow/example_dags/example_branch_day_of_week_operator.py took 0.193 seconds
