[2022-10-03T12:24:22.995+0000] {processor.py:156} INFO - Started process (PID=208) to work on /home/airflow/.local/lib/python3.7/site-packages/airflow/example_dags/example_branch_operator_decorator.py
[2022-10-03T12:24:22.996+0000] {processor.py:758} INFO - Processing file /home/airflow/.local/lib/python3.7/site-packages/airflow/example_dags/example_branch_operator_decorator.py for tasks to queue
[2022-10-03T12:24:22.997+0000] {logging_mixin.py:117} INFO - [2022-10-03T12:24:22.997+0000] {dagbag.py:525} INFO - Filling up the DagBag from /home/airflow/.local/lib/python3.7/site-packages/airflow/example_dags/example_branch_operator_decorator.py
[2022-10-03T12:24:23.030+0000] {processor.py:768} INFO - DAG(s) dict_keys(['example_branch_python_operator_decorator']) retrieved from /home/airflow/.local/lib/python3.7/site-packages/airflow/example_dags/example_branch_operator_decorator.py
[2022-10-03T12:24:23.078+0000] {logging_mixin.py:117} INFO - [2022-10-03T12:24:23.078+0000] {dag.py:2573} INFO - Sync 1 DAGs
[2022-10-03T12:24:23.111+0000] {logging_mixin.py:117} INFO - [2022-10-03T12:24:23.111+0000] {dag.py:3328} INFO - Setting next_dagrun for example_branch_python_operator_decorator to 2022-10-02T00:00:00+00:00, run_after=2022-10-03T00:00:00+00:00
[2022-10-03T12:24:23.252+0000] {processor.py:178} INFO - Processing /home/airflow/.local/lib/python3.7/site-packages/airflow/example_dags/example_branch_operator_decorator.py took 0.260 seconds
[2022-10-03T12:24:53.977+0000] {processor.py:156} INFO - Started process (PID=409) to work on /home/airflow/.local/lib/python3.7/site-packages/airflow/example_dags/example_branch_operator_decorator.py
[2022-10-03T12:24:53.978+0000] {processor.py:758} INFO - Processing file /home/airflow/.local/lib/python3.7/site-packages/airflow/example_dags/example_branch_operator_decorator.py for tasks to queue
[2022-10-03T12:24:53.979+0000] {logging_mixin.py:117} INFO - [2022-10-03T12:24:53.979+0000] {dagbag.py:525} INFO - Filling up the DagBag from /home/airflow/.local/lib/python3.7/site-packages/airflow/example_dags/example_branch_operator_decorator.py
[2022-10-03T12:24:54.007+0000] {processor.py:768} INFO - DAG(s) dict_keys(['example_branch_python_operator_decorator']) retrieved from /home/airflow/.local/lib/python3.7/site-packages/airflow/example_dags/example_branch_operator_decorator.py
[2022-10-03T12:24:54.047+0000] {logging_mixin.py:117} INFO - [2022-10-03T12:24:54.047+0000] {dag.py:2573} INFO - Sync 1 DAGs
[2022-10-03T12:24:54.174+0000] {logging_mixin.py:117} INFO - [2022-10-03T12:24:54.174+0000] {dag.py:3328} INFO - Setting next_dagrun for example_branch_python_operator_decorator to 2022-10-02T00:00:00+00:00, run_after=2022-10-03T00:00:00+00:00
[2022-10-03T12:24:54.199+0000] {processor.py:178} INFO - Processing /home/airflow/.local/lib/python3.7/site-packages/airflow/example_dags/example_branch_operator_decorator.py took 0.226 seconds
[2022-10-03T12:25:24.741+0000] {processor.py:156} INFO - Started process (PID=618) to work on /home/airflow/.local/lib/python3.7/site-packages/airflow/example_dags/example_branch_operator_decorator.py
[2022-10-03T12:25:24.742+0000] {processor.py:758} INFO - Processing file /home/airflow/.local/lib/python3.7/site-packages/airflow/example_dags/example_branch_operator_decorator.py for tasks to queue
[2022-10-03T12:25:24.743+0000] {logging_mixin.py:117} INFO - [2022-10-03T12:25:24.742+0000] {dagbag.py:525} INFO - Filling up the DagBag from /home/airflow/.local/lib/python3.7/site-packages/airflow/example_dags/example_branch_operator_decorator.py
[2022-10-03T12:25:24.772+0000] {processor.py:768} INFO - DAG(s) dict_keys(['example_branch_python_operator_decorator']) retrieved from /home/airflow/.local/lib/python3.7/site-packages/airflow/example_dags/example_branch_operator_decorator.py
[2022-10-03T12:25:24.818+0000] {logging_mixin.py:117} INFO - [2022-10-03T12:25:24.818+0000] {dag.py:2573} INFO - Sync 1 DAGs
[2022-10-03T12:25:24.968+0000] {logging_mixin.py:117} INFO - [2022-10-03T12:25:24.968+0000] {dag.py:3328} INFO - Setting next_dagrun for example_branch_python_operator_decorator to 2022-10-02T00:00:00+00:00, run_after=2022-10-03T00:00:00+00:00
[2022-10-03T12:25:24.996+0000] {processor.py:178} INFO - Processing /home/airflow/.local/lib/python3.7/site-packages/airflow/example_dags/example_branch_operator_decorator.py took 0.258 seconds
[2022-10-03T12:25:55.963+0000] {processor.py:156} INFO - Started process (PID=816) to work on /home/airflow/.local/lib/python3.7/site-packages/airflow/example_dags/example_branch_operator_decorator.py
[2022-10-03T12:25:55.964+0000] {processor.py:758} INFO - Processing file /home/airflow/.local/lib/python3.7/site-packages/airflow/example_dags/example_branch_operator_decorator.py for tasks to queue
[2022-10-03T12:25:55.966+0000] {logging_mixin.py:117} INFO - [2022-10-03T12:25:55.965+0000] {dagbag.py:525} INFO - Filling up the DagBag from /home/airflow/.local/lib/python3.7/site-packages/airflow/example_dags/example_branch_operator_decorator.py
[2022-10-03T12:25:55.992+0000] {processor.py:768} INFO - DAG(s) dict_keys(['example_branch_python_operator_decorator']) retrieved from /home/airflow/.local/lib/python3.7/site-packages/airflow/example_dags/example_branch_operator_decorator.py
[2022-10-03T12:25:56.170+0000] {logging_mixin.py:117} INFO - [2022-10-03T12:25:56.170+0000] {dag.py:2573} INFO - Sync 1 DAGs
[2022-10-03T12:25:56.199+0000] {logging_mixin.py:117} INFO - [2022-10-03T12:25:56.199+0000] {dag.py:3328} INFO - Setting next_dagrun for example_branch_python_operator_decorator to 2022-10-02T00:00:00+00:00, run_after=2022-10-03T00:00:00+00:00
[2022-10-03T12:25:56.232+0000] {processor.py:178} INFO - Processing /home/airflow/.local/lib/python3.7/site-packages/airflow/example_dags/example_branch_operator_decorator.py took 0.271 seconds
[2022-10-03T12:26:27.009+0000] {processor.py:156} INFO - Started process (PID=1024) to work on /home/airflow/.local/lib/python3.7/site-packages/airflow/example_dags/example_branch_operator_decorator.py
[2022-10-03T12:26:27.010+0000] {processor.py:758} INFO - Processing file /home/airflow/.local/lib/python3.7/site-packages/airflow/example_dags/example_branch_operator_decorator.py for tasks to queue
[2022-10-03T12:26:27.012+0000] {logging_mixin.py:117} INFO - [2022-10-03T12:26:27.012+0000] {dagbag.py:525} INFO - Filling up the DagBag from /home/airflow/.local/lib/python3.7/site-packages/airflow/example_dags/example_branch_operator_decorator.py
[2022-10-03T12:26:27.073+0000] {processor.py:768} INFO - DAG(s) dict_keys(['example_branch_python_operator_decorator']) retrieved from /home/airflow/.local/lib/python3.7/site-packages/airflow/example_dags/example_branch_operator_decorator.py
[2022-10-03T12:26:27.382+0000] {logging_mixin.py:117} INFO - [2022-10-03T12:26:27.382+0000] {dag.py:2573} INFO - Sync 1 DAGs
[2022-10-03T12:26:27.446+0000] {logging_mixin.py:117} INFO - [2022-10-03T12:26:27.445+0000] {dag.py:3328} INFO - Setting next_dagrun for example_branch_python_operator_decorator to 2022-10-02T00:00:00+00:00, run_after=2022-10-03T00:00:00+00:00
[2022-10-03T12:26:27.494+0000] {processor.py:178} INFO - Processing /home/airflow/.local/lib/python3.7/site-packages/airflow/example_dags/example_branch_operator_decorator.py took 0.491 seconds
[2022-10-03T12:26:57.734+0000] {processor.py:156} INFO - Started process (PID=1240) to work on /home/airflow/.local/lib/python3.7/site-packages/airflow/example_dags/example_branch_operator_decorator.py
[2022-10-03T12:26:57.735+0000] {processor.py:758} INFO - Processing file /home/airflow/.local/lib/python3.7/site-packages/airflow/example_dags/example_branch_operator_decorator.py for tasks to queue
[2022-10-03T12:26:57.735+0000] {logging_mixin.py:117} INFO - [2022-10-03T12:26:57.735+0000] {dagbag.py:525} INFO - Filling up the DagBag from /home/airflow/.local/lib/python3.7/site-packages/airflow/example_dags/example_branch_operator_decorator.py
[2022-10-03T12:26:57.872+0000] {processor.py:768} INFO - DAG(s) dict_keys(['example_branch_python_operator_decorator']) retrieved from /home/airflow/.local/lib/python3.7/site-packages/airflow/example_dags/example_branch_operator_decorator.py
[2022-10-03T12:26:57.908+0000] {logging_mixin.py:117} INFO - [2022-10-03T12:26:57.908+0000] {dag.py:2573} INFO - Sync 1 DAGs
[2022-10-03T12:26:57.939+0000] {logging_mixin.py:117} INFO - [2022-10-03T12:26:57.939+0000] {dag.py:3328} INFO - Setting next_dagrun for example_branch_python_operator_decorator to 2022-10-02T00:00:00+00:00, run_after=2022-10-03T00:00:00+00:00
[2022-10-03T12:26:57.961+0000] {processor.py:178} INFO - Processing /home/airflow/.local/lib/python3.7/site-packages/airflow/example_dags/example_branch_operator_decorator.py took 0.230 seconds
[2022-10-03T12:27:28.659+0000] {processor.py:156} INFO - Started process (PID=1465) to work on /home/airflow/.local/lib/python3.7/site-packages/airflow/example_dags/example_branch_operator_decorator.py
[2022-10-03T12:27:28.661+0000] {processor.py:758} INFO - Processing file /home/airflow/.local/lib/python3.7/site-packages/airflow/example_dags/example_branch_operator_decorator.py for tasks to queue
[2022-10-03T12:27:28.662+0000] {logging_mixin.py:117} INFO - [2022-10-03T12:27:28.662+0000] {dagbag.py:525} INFO - Filling up the DagBag from /home/airflow/.local/lib/python3.7/site-packages/airflow/example_dags/example_branch_operator_decorator.py
[2022-10-03T12:27:28.908+0000] {processor.py:768} INFO - DAG(s) dict_keys(['example_branch_python_operator_decorator']) retrieved from /home/airflow/.local/lib/python3.7/site-packages/airflow/example_dags/example_branch_operator_decorator.py
[2022-10-03T12:27:28.982+0000] {logging_mixin.py:117} INFO - [2022-10-03T12:27:28.982+0000] {dag.py:2573} INFO - Sync 1 DAGs
[2022-10-03T12:27:29.038+0000] {logging_mixin.py:117} INFO - [2022-10-03T12:27:29.037+0000] {dag.py:3328} INFO - Setting next_dagrun for example_branch_python_operator_decorator to 2022-10-02T00:00:00+00:00, run_after=2022-10-03T00:00:00+00:00
[2022-10-03T12:27:29.082+0000] {processor.py:178} INFO - Processing /home/airflow/.local/lib/python3.7/site-packages/airflow/example_dags/example_branch_operator_decorator.py took 0.429 seconds
[2022-10-03T12:27:59.759+0000] {processor.py:156} INFO - Started process (PID=1663) to work on /home/airflow/.local/lib/python3.7/site-packages/airflow/example_dags/example_branch_operator_decorator.py
[2022-10-03T12:27:59.760+0000] {processor.py:758} INFO - Processing file /home/airflow/.local/lib/python3.7/site-packages/airflow/example_dags/example_branch_operator_decorator.py for tasks to queue
[2022-10-03T12:27:59.761+0000] {logging_mixin.py:117} INFO - [2022-10-03T12:27:59.761+0000] {dagbag.py:525} INFO - Filling up the DagBag from /home/airflow/.local/lib/python3.7/site-packages/airflow/example_dags/example_branch_operator_decorator.py
[2022-10-03T12:27:59.788+0000] {processor.py:768} INFO - DAG(s) dict_keys(['example_branch_python_operator_decorator']) retrieved from /home/airflow/.local/lib/python3.7/site-packages/airflow/example_dags/example_branch_operator_decorator.py
[2022-10-03T12:27:59.832+0000] {logging_mixin.py:117} INFO - [2022-10-03T12:27:59.832+0000] {dag.py:2573} INFO - Sync 1 DAGs
[2022-10-03T12:27:59.863+0000] {logging_mixin.py:117} INFO - [2022-10-03T12:27:59.862+0000] {dag.py:3328} INFO - Setting next_dagrun for example_branch_python_operator_decorator to 2022-10-02T00:00:00+00:00, run_after=2022-10-03T00:00:00+00:00
[2022-10-03T12:27:59.890+0000] {processor.py:178} INFO - Processing /home/airflow/.local/lib/python3.7/site-packages/airflow/example_dags/example_branch_operator_decorator.py took 0.135 seconds
[2022-10-03T12:28:30.119+0000] {processor.py:156} INFO - Started process (PID=1871) to work on /home/airflow/.local/lib/python3.7/site-packages/airflow/example_dags/example_branch_operator_decorator.py
[2022-10-03T12:28:30.121+0000] {processor.py:758} INFO - Processing file /home/airflow/.local/lib/python3.7/site-packages/airflow/example_dags/example_branch_operator_decorator.py for tasks to queue
[2022-10-03T12:28:30.122+0000] {logging_mixin.py:117} INFO - [2022-10-03T12:28:30.122+0000] {dagbag.py:525} INFO - Filling up the DagBag from /home/airflow/.local/lib/python3.7/site-packages/airflow/example_dags/example_branch_operator_decorator.py
[2022-10-03T12:28:30.154+0000] {processor.py:768} INFO - DAG(s) dict_keys(['example_branch_python_operator_decorator']) retrieved from /home/airflow/.local/lib/python3.7/site-packages/airflow/example_dags/example_branch_operator_decorator.py
[2022-10-03T12:28:30.205+0000] {logging_mixin.py:117} INFO - [2022-10-03T12:28:30.204+0000] {dag.py:2573} INFO - Sync 1 DAGs
[2022-10-03T12:28:30.241+0000] {logging_mixin.py:117} INFO - [2022-10-03T12:28:30.240+0000] {dag.py:3328} INFO - Setting next_dagrun for example_branch_python_operator_decorator to 2022-10-02T00:00:00+00:00, run_after=2022-10-03T00:00:00+00:00
[2022-10-03T12:28:30.272+0000] {processor.py:178} INFO - Processing /home/airflow/.local/lib/python3.7/site-packages/airflow/example_dags/example_branch_operator_decorator.py took 0.157 seconds
[2022-10-03T12:29:00.954+0000] {processor.py:156} INFO - Started process (PID=2078) to work on /home/airflow/.local/lib/python3.7/site-packages/airflow/example_dags/example_branch_operator_decorator.py
[2022-10-03T12:29:00.955+0000] {processor.py:758} INFO - Processing file /home/airflow/.local/lib/python3.7/site-packages/airflow/example_dags/example_branch_operator_decorator.py for tasks to queue
[2022-10-03T12:29:00.956+0000] {logging_mixin.py:117} INFO - [2022-10-03T12:29:00.955+0000] {dagbag.py:525} INFO - Filling up the DagBag from /home/airflow/.local/lib/python3.7/site-packages/airflow/example_dags/example_branch_operator_decorator.py
[2022-10-03T12:29:00.988+0000] {processor.py:768} INFO - DAG(s) dict_keys(['example_branch_python_operator_decorator']) retrieved from /home/airflow/.local/lib/python3.7/site-packages/airflow/example_dags/example_branch_operator_decorator.py
[2022-10-03T12:29:01.040+0000] {logging_mixin.py:117} INFO - [2022-10-03T12:29:01.040+0000] {dag.py:2573} INFO - Sync 1 DAGs
[2022-10-03T12:29:01.080+0000] {logging_mixin.py:117} INFO - [2022-10-03T12:29:01.080+0000] {dag.py:3328} INFO - Setting next_dagrun for example_branch_python_operator_decorator to 2022-10-02T00:00:00+00:00, run_after=2022-10-03T00:00:00+00:00
[2022-10-03T12:29:01.108+0000] {processor.py:178} INFO - Processing /home/airflow/.local/lib/python3.7/site-packages/airflow/example_dags/example_branch_operator_decorator.py took 0.158 seconds
[2022-10-03T12:29:31.699+0000] {processor.py:156} INFO - Started process (PID=2276) to work on /home/airflow/.local/lib/python3.7/site-packages/airflow/example_dags/example_branch_operator_decorator.py
[2022-10-03T12:29:31.702+0000] {processor.py:758} INFO - Processing file /home/airflow/.local/lib/python3.7/site-packages/airflow/example_dags/example_branch_operator_decorator.py for tasks to queue
[2022-10-03T12:29:31.705+0000] {logging_mixin.py:117} INFO - [2022-10-03T12:29:31.705+0000] {dagbag.py:525} INFO - Filling up the DagBag from /home/airflow/.local/lib/python3.7/site-packages/airflow/example_dags/example_branch_operator_decorator.py
[2022-10-03T12:29:31.783+0000] {processor.py:768} INFO - DAG(s) dict_keys(['example_branch_python_operator_decorator']) retrieved from /home/airflow/.local/lib/python3.7/site-packages/airflow/example_dags/example_branch_operator_decorator.py
[2022-10-03T12:29:31.886+0000] {logging_mixin.py:117} INFO - [2022-10-03T12:29:31.885+0000] {dag.py:2573} INFO - Sync 1 DAGs
[2022-10-03T12:29:31.953+0000] {logging_mixin.py:117} INFO - [2022-10-03T12:29:31.953+0000] {dag.py:3328} INFO - Setting next_dagrun for example_branch_python_operator_decorator to 2022-10-02T00:00:00+00:00, run_after=2022-10-03T00:00:00+00:00
[2022-10-03T12:29:32.000+0000] {processor.py:178} INFO - Processing /home/airflow/.local/lib/python3.7/site-packages/airflow/example_dags/example_branch_operator_decorator.py took 0.310 seconds
[2022-10-03T12:30:02.036+0000] {processor.py:156} INFO - Started process (PID=2483) to work on /home/airflow/.local/lib/python3.7/site-packages/airflow/example_dags/example_branch_operator_decorator.py
[2022-10-03T12:30:02.037+0000] {processor.py:758} INFO - Processing file /home/airflow/.local/lib/python3.7/site-packages/airflow/example_dags/example_branch_operator_decorator.py for tasks to queue
[2022-10-03T12:30:02.037+0000] {logging_mixin.py:117} INFO - [2022-10-03T12:30:02.037+0000] {dagbag.py:525} INFO - Filling up the DagBag from /home/airflow/.local/lib/python3.7/site-packages/airflow/example_dags/example_branch_operator_decorator.py
[2022-10-03T12:30:02.062+0000] {processor.py:768} INFO - DAG(s) dict_keys(['example_branch_python_operator_decorator']) retrieved from /home/airflow/.local/lib/python3.7/site-packages/airflow/example_dags/example_branch_operator_decorator.py
[2022-10-03T12:30:02.103+0000] {logging_mixin.py:117} INFO - [2022-10-03T12:30:02.103+0000] {dag.py:2573} INFO - Sync 1 DAGs
[2022-10-03T12:30:02.130+0000] {logging_mixin.py:117} INFO - [2022-10-03T12:30:02.130+0000] {dag.py:3328} INFO - Setting next_dagrun for example_branch_python_operator_decorator to 2022-10-02T00:00:00+00:00, run_after=2022-10-03T00:00:00+00:00
[2022-10-03T12:30:02.154+0000] {processor.py:178} INFO - Processing /home/airflow/.local/lib/python3.7/site-packages/airflow/example_dags/example_branch_operator_decorator.py took 0.120 seconds
[2022-10-03T12:30:32.343+0000] {processor.py:156} INFO - Started process (PID=2681) to work on /home/airflow/.local/lib/python3.7/site-packages/airflow/example_dags/example_branch_operator_decorator.py
[2022-10-03T12:30:32.344+0000] {processor.py:758} INFO - Processing file /home/airflow/.local/lib/python3.7/site-packages/airflow/example_dags/example_branch_operator_decorator.py for tasks to queue
[2022-10-03T12:30:32.345+0000] {logging_mixin.py:117} INFO - [2022-10-03T12:30:32.345+0000] {dagbag.py:525} INFO - Filling up the DagBag from /home/airflow/.local/lib/python3.7/site-packages/airflow/example_dags/example_branch_operator_decorator.py
[2022-10-03T12:30:32.376+0000] {processor.py:768} INFO - DAG(s) dict_keys(['example_branch_python_operator_decorator']) retrieved from /home/airflow/.local/lib/python3.7/site-packages/airflow/example_dags/example_branch_operator_decorator.py
[2022-10-03T12:30:32.423+0000] {logging_mixin.py:117} INFO - [2022-10-03T12:30:32.423+0000] {dag.py:2573} INFO - Sync 1 DAGs
[2022-10-03T12:30:32.455+0000] {logging_mixin.py:117} INFO - [2022-10-03T12:30:32.455+0000] {dag.py:3328} INFO - Setting next_dagrun for example_branch_python_operator_decorator to 2022-10-02T00:00:00+00:00, run_after=2022-10-03T00:00:00+00:00
[2022-10-03T12:30:32.484+0000] {processor.py:178} INFO - Processing /home/airflow/.local/lib/python3.7/site-packages/airflow/example_dags/example_branch_operator_decorator.py took 0.144 seconds
[2022-10-03T12:31:02.906+0000] {processor.py:156} INFO - Started process (PID=2888) to work on /home/airflow/.local/lib/python3.7/site-packages/airflow/example_dags/example_branch_operator_decorator.py
[2022-10-03T12:31:02.908+0000] {processor.py:758} INFO - Processing file /home/airflow/.local/lib/python3.7/site-packages/airflow/example_dags/example_branch_operator_decorator.py for tasks to queue
[2022-10-03T12:31:02.908+0000] {logging_mixin.py:117} INFO - [2022-10-03T12:31:02.908+0000] {dagbag.py:525} INFO - Filling up the DagBag from /home/airflow/.local/lib/python3.7/site-packages/airflow/example_dags/example_branch_operator_decorator.py
[2022-10-03T12:31:02.938+0000] {processor.py:768} INFO - DAG(s) dict_keys(['example_branch_python_operator_decorator']) retrieved from /home/airflow/.local/lib/python3.7/site-packages/airflow/example_dags/example_branch_operator_decorator.py
[2022-10-03T12:31:02.990+0000] {logging_mixin.py:117} INFO - [2022-10-03T12:31:02.990+0000] {dag.py:2573} INFO - Sync 1 DAGs
[2022-10-03T12:31:03.022+0000] {logging_mixin.py:117} INFO - [2022-10-03T12:31:03.021+0000] {dag.py:3328} INFO - Setting next_dagrun for example_branch_python_operator_decorator to 2022-10-02T00:00:00+00:00, run_after=2022-10-03T00:00:00+00:00
[2022-10-03T12:31:03.048+0000] {processor.py:178} INFO - Processing /home/airflow/.local/lib/python3.7/site-packages/airflow/example_dags/example_branch_operator_decorator.py took 0.146 seconds
[2022-10-03T12:31:33.281+0000] {processor.py:156} INFO - Started process (PID=3086) to work on /home/airflow/.local/lib/python3.7/site-packages/airflow/example_dags/example_branch_operator_decorator.py
[2022-10-03T12:31:33.282+0000] {processor.py:758} INFO - Processing file /home/airflow/.local/lib/python3.7/site-packages/airflow/example_dags/example_branch_operator_decorator.py for tasks to queue
[2022-10-03T12:31:33.283+0000] {logging_mixin.py:117} INFO - [2022-10-03T12:31:33.283+0000] {dagbag.py:525} INFO - Filling up the DagBag from /home/airflow/.local/lib/python3.7/site-packages/airflow/example_dags/example_branch_operator_decorator.py
[2022-10-03T12:31:33.311+0000] {processor.py:768} INFO - DAG(s) dict_keys(['example_branch_python_operator_decorator']) retrieved from /home/airflow/.local/lib/python3.7/site-packages/airflow/example_dags/example_branch_operator_decorator.py
[2022-10-03T12:31:33.359+0000] {logging_mixin.py:117} INFO - [2022-10-03T12:31:33.358+0000] {dag.py:2573} INFO - Sync 1 DAGs
[2022-10-03T12:31:33.390+0000] {logging_mixin.py:117} INFO - [2022-10-03T12:31:33.390+0000] {dag.py:3328} INFO - Setting next_dagrun for example_branch_python_operator_decorator to 2022-10-02T00:00:00+00:00, run_after=2022-10-03T00:00:00+00:00
[2022-10-03T12:31:33.417+0000] {processor.py:178} INFO - Processing /home/airflow/.local/lib/python3.7/site-packages/airflow/example_dags/example_branch_operator_decorator.py took 0.141 seconds
[2022-10-03T12:32:03.749+0000] {processor.py:156} INFO - Started process (PID=3293) to work on /home/airflow/.local/lib/python3.7/site-packages/airflow/example_dags/example_branch_operator_decorator.py
[2022-10-03T12:32:03.751+0000] {processor.py:758} INFO - Processing file /home/airflow/.local/lib/python3.7/site-packages/airflow/example_dags/example_branch_operator_decorator.py for tasks to queue
[2022-10-03T12:32:03.751+0000] {logging_mixin.py:117} INFO - [2022-10-03T12:32:03.751+0000] {dagbag.py:525} INFO - Filling up the DagBag from /home/airflow/.local/lib/python3.7/site-packages/airflow/example_dags/example_branch_operator_decorator.py
[2022-10-03T12:32:03.780+0000] {processor.py:768} INFO - DAG(s) dict_keys(['example_branch_python_operator_decorator']) retrieved from /home/airflow/.local/lib/python3.7/site-packages/airflow/example_dags/example_branch_operator_decorator.py
[2022-10-03T12:32:03.828+0000] {logging_mixin.py:117} INFO - [2022-10-03T12:32:03.827+0000] {dag.py:2573} INFO - Sync 1 DAGs
[2022-10-03T12:32:03.858+0000] {logging_mixin.py:117} INFO - [2022-10-03T12:32:03.858+0000] {dag.py:3328} INFO - Setting next_dagrun for example_branch_python_operator_decorator to 2022-10-02T00:00:00+00:00, run_after=2022-10-03T00:00:00+00:00
[2022-10-03T12:32:03.883+0000] {processor.py:178} INFO - Processing /home/airflow/.local/lib/python3.7/site-packages/airflow/example_dags/example_branch_operator_decorator.py took 0.139 seconds
[2022-10-03T12:32:34.127+0000] {processor.py:156} INFO - Started process (PID=3500) to work on /home/airflow/.local/lib/python3.7/site-packages/airflow/example_dags/example_branch_operator_decorator.py
[2022-10-03T12:32:34.128+0000] {processor.py:758} INFO - Processing file /home/airflow/.local/lib/python3.7/site-packages/airflow/example_dags/example_branch_operator_decorator.py for tasks to queue
[2022-10-03T12:32:34.129+0000] {logging_mixin.py:117} INFO - [2022-10-03T12:32:34.128+0000] {dagbag.py:525} INFO - Filling up the DagBag from /home/airflow/.local/lib/python3.7/site-packages/airflow/example_dags/example_branch_operator_decorator.py
[2022-10-03T12:32:34.165+0000] {processor.py:768} INFO - DAG(s) dict_keys(['example_branch_python_operator_decorator']) retrieved from /home/airflow/.local/lib/python3.7/site-packages/airflow/example_dags/example_branch_operator_decorator.py
[2022-10-03T12:32:34.218+0000] {logging_mixin.py:117} INFO - [2022-10-03T12:32:34.218+0000] {dag.py:2573} INFO - Sync 1 DAGs
[2022-10-03T12:32:34.255+0000] {logging_mixin.py:117} INFO - [2022-10-03T12:32:34.255+0000] {dag.py:3328} INFO - Setting next_dagrun for example_branch_python_operator_decorator to 2022-10-02T00:00:00+00:00, run_after=2022-10-03T00:00:00+00:00
[2022-10-03T12:32:34.282+0000] {processor.py:178} INFO - Processing /home/airflow/.local/lib/python3.7/site-packages/airflow/example_dags/example_branch_operator_decorator.py took 0.160 seconds
[2022-10-03T12:33:04.328+0000] {processor.py:156} INFO - Started process (PID=3698) to work on /home/airflow/.local/lib/python3.7/site-packages/airflow/example_dags/example_branch_operator_decorator.py
[2022-10-03T12:33:04.329+0000] {processor.py:758} INFO - Processing file /home/airflow/.local/lib/python3.7/site-packages/airflow/example_dags/example_branch_operator_decorator.py for tasks to queue
[2022-10-03T12:33:04.330+0000] {logging_mixin.py:117} INFO - [2022-10-03T12:33:04.330+0000] {dagbag.py:525} INFO - Filling up the DagBag from /home/airflow/.local/lib/python3.7/site-packages/airflow/example_dags/example_branch_operator_decorator.py
[2022-10-03T12:33:04.358+0000] {processor.py:768} INFO - DAG(s) dict_keys(['example_branch_python_operator_decorator']) retrieved from /home/airflow/.local/lib/python3.7/site-packages/airflow/example_dags/example_branch_operator_decorator.py
[2022-10-03T12:33:04.400+0000] {logging_mixin.py:117} INFO - [2022-10-03T12:33:04.400+0000] {dag.py:2573} INFO - Sync 1 DAGs
[2022-10-03T12:33:04.430+0000] {logging_mixin.py:117} INFO - [2022-10-03T12:33:04.430+0000] {dag.py:3328} INFO - Setting next_dagrun for example_branch_python_operator_decorator to 2022-10-02T00:00:00+00:00, run_after=2022-10-03T00:00:00+00:00
[2022-10-03T12:33:04.453+0000] {processor.py:178} INFO - Processing /home/airflow/.local/lib/python3.7/site-packages/airflow/example_dags/example_branch_operator_decorator.py took 0.128 seconds
[2022-10-03T12:33:34.883+0000] {processor.py:156} INFO - Started process (PID=3905) to work on /home/airflow/.local/lib/python3.7/site-packages/airflow/example_dags/example_branch_operator_decorator.py
[2022-10-03T12:33:34.885+0000] {processor.py:758} INFO - Processing file /home/airflow/.local/lib/python3.7/site-packages/airflow/example_dags/example_branch_operator_decorator.py for tasks to queue
[2022-10-03T12:33:34.887+0000] {logging_mixin.py:117} INFO - [2022-10-03T12:33:34.887+0000] {dagbag.py:525} INFO - Filling up the DagBag from /home/airflow/.local/lib/python3.7/site-packages/airflow/example_dags/example_branch_operator_decorator.py
[2022-10-03T12:33:34.947+0000] {processor.py:768} INFO - DAG(s) dict_keys(['example_branch_python_operator_decorator']) retrieved from /home/airflow/.local/lib/python3.7/site-packages/airflow/example_dags/example_branch_operator_decorator.py
[2022-10-03T12:33:35.043+0000] {logging_mixin.py:117} INFO - [2022-10-03T12:33:35.042+0000] {dag.py:2573} INFO - Sync 1 DAGs
[2022-10-03T12:33:35.110+0000] {logging_mixin.py:117} INFO - [2022-10-03T12:33:35.110+0000] {dag.py:3328} INFO - Setting next_dagrun for example_branch_python_operator_decorator to 2022-10-02T00:00:00+00:00, run_after=2022-10-03T00:00:00+00:00
[2022-10-03T12:33:35.158+0000] {processor.py:178} INFO - Processing /home/airflow/.local/lib/python3.7/site-packages/airflow/example_dags/example_branch_operator_decorator.py took 0.282 seconds
[2022-10-03T12:34:05.490+0000] {processor.py:156} INFO - Started process (PID=4103) to work on /home/airflow/.local/lib/python3.7/site-packages/airflow/example_dags/example_branch_operator_decorator.py
[2022-10-03T12:34:05.492+0000] {processor.py:758} INFO - Processing file /home/airflow/.local/lib/python3.7/site-packages/airflow/example_dags/example_branch_operator_decorator.py for tasks to queue
[2022-10-03T12:34:05.494+0000] {logging_mixin.py:117} INFO - [2022-10-03T12:34:05.493+0000] {dagbag.py:525} INFO - Filling up the DagBag from /home/airflow/.local/lib/python3.7/site-packages/airflow/example_dags/example_branch_operator_decorator.py
[2022-10-03T12:34:05.538+0000] {processor.py:768} INFO - DAG(s) dict_keys(['example_branch_python_operator_decorator']) retrieved from /home/airflow/.local/lib/python3.7/site-packages/airflow/example_dags/example_branch_operator_decorator.py
[2022-10-03T12:34:05.601+0000] {logging_mixin.py:117} INFO - [2022-10-03T12:34:05.601+0000] {dag.py:2573} INFO - Sync 1 DAGs
[2022-10-03T12:34:05.646+0000] {logging_mixin.py:117} INFO - [2022-10-03T12:34:05.646+0000] {dag.py:3328} INFO - Setting next_dagrun for example_branch_python_operator_decorator to 2022-10-02T00:00:00+00:00, run_after=2022-10-03T00:00:00+00:00
[2022-10-03T12:34:05.671+0000] {processor.py:178} INFO - Processing /home/airflow/.local/lib/python3.7/site-packages/airflow/example_dags/example_branch_operator_decorator.py took 0.186 seconds
[2022-10-03T12:34:36.052+0000] {processor.py:156} INFO - Started process (PID=4311) to work on /home/airflow/.local/lib/python3.7/site-packages/airflow/example_dags/example_branch_operator_decorator.py
[2022-10-03T12:34:36.054+0000] {processor.py:758} INFO - Processing file /home/airflow/.local/lib/python3.7/site-packages/airflow/example_dags/example_branch_operator_decorator.py for tasks to queue
[2022-10-03T12:34:36.055+0000] {logging_mixin.py:117} INFO - [2022-10-03T12:34:36.055+0000] {dagbag.py:525} INFO - Filling up the DagBag from /home/airflow/.local/lib/python3.7/site-packages/airflow/example_dags/example_branch_operator_decorator.py
[2022-10-03T12:34:36.083+0000] {processor.py:768} INFO - DAG(s) dict_keys(['example_branch_python_operator_decorator']) retrieved from /home/airflow/.local/lib/python3.7/site-packages/airflow/example_dags/example_branch_operator_decorator.py
[2022-10-03T12:34:36.130+0000] {logging_mixin.py:117} INFO - [2022-10-03T12:34:36.130+0000] {dag.py:2573} INFO - Sync 1 DAGs
[2022-10-03T12:34:36.161+0000] {logging_mixin.py:117} INFO - [2022-10-03T12:34:36.161+0000] {dag.py:3328} INFO - Setting next_dagrun for example_branch_python_operator_decorator to 2022-10-02T00:00:00+00:00, run_after=2022-10-03T00:00:00+00:00
[2022-10-03T12:34:36.188+0000] {processor.py:178} INFO - Processing /home/airflow/.local/lib/python3.7/site-packages/airflow/example_dags/example_branch_operator_decorator.py took 0.140 seconds
[2022-10-03T12:35:06.326+0000] {processor.py:156} INFO - Started process (PID=4509) to work on /home/airflow/.local/lib/python3.7/site-packages/airflow/example_dags/example_branch_operator_decorator.py
[2022-10-03T12:35:06.328+0000] {processor.py:758} INFO - Processing file /home/airflow/.local/lib/python3.7/site-packages/airflow/example_dags/example_branch_operator_decorator.py for tasks to queue
[2022-10-03T12:35:06.330+0000] {logging_mixin.py:117} INFO - [2022-10-03T12:35:06.329+0000] {dagbag.py:525} INFO - Filling up the DagBag from /home/airflow/.local/lib/python3.7/site-packages/airflow/example_dags/example_branch_operator_decorator.py
[2022-10-03T12:35:06.405+0000] {processor.py:768} INFO - DAG(s) dict_keys(['example_branch_python_operator_decorator']) retrieved from /home/airflow/.local/lib/python3.7/site-packages/airflow/example_dags/example_branch_operator_decorator.py
[2022-10-03T12:35:06.515+0000] {logging_mixin.py:117} INFO - [2022-10-03T12:35:06.515+0000] {dag.py:2573} INFO - Sync 1 DAGs
[2022-10-03T12:35:06.595+0000] {logging_mixin.py:117} INFO - [2022-10-03T12:35:06.594+0000] {dag.py:3328} INFO - Setting next_dagrun for example_branch_python_operator_decorator to 2022-10-02T00:00:00+00:00, run_after=2022-10-03T00:00:00+00:00
[2022-10-03T12:35:06.657+0000] {processor.py:178} INFO - Processing /home/airflow/.local/lib/python3.7/site-packages/airflow/example_dags/example_branch_operator_decorator.py took 0.340 seconds
[2022-10-03T12:35:37.229+0000] {processor.py:156} INFO - Started process (PID=4716) to work on /home/airflow/.local/lib/python3.7/site-packages/airflow/example_dags/example_branch_operator_decorator.py
[2022-10-03T12:35:37.230+0000] {processor.py:758} INFO - Processing file /home/airflow/.local/lib/python3.7/site-packages/airflow/example_dags/example_branch_operator_decorator.py for tasks to queue
[2022-10-03T12:35:37.232+0000] {logging_mixin.py:117} INFO - [2022-10-03T12:35:37.232+0000] {dagbag.py:525} INFO - Filling up the DagBag from /home/airflow/.local/lib/python3.7/site-packages/airflow/example_dags/example_branch_operator_decorator.py
[2022-10-03T12:35:37.300+0000] {processor.py:768} INFO - DAG(s) dict_keys(['example_branch_python_operator_decorator']) retrieved from /home/airflow/.local/lib/python3.7/site-packages/airflow/example_dags/example_branch_operator_decorator.py
[2022-10-03T12:35:37.402+0000] {logging_mixin.py:117} INFO - [2022-10-03T12:35:37.402+0000] {dag.py:2573} INFO - Sync 1 DAGs
[2022-10-03T12:35:37.470+0000] {logging_mixin.py:117} INFO - [2022-10-03T12:35:37.469+0000] {dag.py:3328} INFO - Setting next_dagrun for example_branch_python_operator_decorator to 2022-10-02T00:00:00+00:00, run_after=2022-10-03T00:00:00+00:00
[2022-10-03T12:35:37.521+0000] {processor.py:178} INFO - Processing /home/airflow/.local/lib/python3.7/site-packages/airflow/example_dags/example_branch_operator_decorator.py took 0.301 seconds
[2022-10-03T12:36:07.937+0000] {processor.py:156} INFO - Started process (PID=4914) to work on /home/airflow/.local/lib/python3.7/site-packages/airflow/example_dags/example_branch_operator_decorator.py
[2022-10-03T12:36:07.938+0000] {processor.py:758} INFO - Processing file /home/airflow/.local/lib/python3.7/site-packages/airflow/example_dags/example_branch_operator_decorator.py for tasks to queue
[2022-10-03T12:36:07.939+0000] {logging_mixin.py:117} INFO - [2022-10-03T12:36:07.939+0000] {dagbag.py:525} INFO - Filling up the DagBag from /home/airflow/.local/lib/python3.7/site-packages/airflow/example_dags/example_branch_operator_decorator.py
[2022-10-03T12:36:07.968+0000] {processor.py:768} INFO - DAG(s) dict_keys(['example_branch_python_operator_decorator']) retrieved from /home/airflow/.local/lib/python3.7/site-packages/airflow/example_dags/example_branch_operator_decorator.py
[2022-10-03T12:36:08.016+0000] {logging_mixin.py:117} INFO - [2022-10-03T12:36:08.015+0000] {dag.py:2573} INFO - Sync 1 DAGs
[2022-10-03T12:36:08.046+0000] {logging_mixin.py:117} INFO - [2022-10-03T12:36:08.046+0000] {dag.py:3328} INFO - Setting next_dagrun for example_branch_python_operator_decorator to 2022-10-02T00:00:00+00:00, run_after=2022-10-03T00:00:00+00:00
[2022-10-03T12:36:08.074+0000] {processor.py:178} INFO - Processing /home/airflow/.local/lib/python3.7/site-packages/airflow/example_dags/example_branch_operator_decorator.py took 0.141 seconds
[2022-10-03T12:36:38.516+0000] {processor.py:156} INFO - Started process (PID=5121) to work on /home/airflow/.local/lib/python3.7/site-packages/airflow/example_dags/example_branch_operator_decorator.py
[2022-10-03T12:36:38.517+0000] {processor.py:758} INFO - Processing file /home/airflow/.local/lib/python3.7/site-packages/airflow/example_dags/example_branch_operator_decorator.py for tasks to queue
[2022-10-03T12:36:38.518+0000] {logging_mixin.py:117} INFO - [2022-10-03T12:36:38.518+0000] {dagbag.py:525} INFO - Filling up the DagBag from /home/airflow/.local/lib/python3.7/site-packages/airflow/example_dags/example_branch_operator_decorator.py
[2022-10-03T12:36:38.547+0000] {processor.py:768} INFO - DAG(s) dict_keys(['example_branch_python_operator_decorator']) retrieved from /home/airflow/.local/lib/python3.7/site-packages/airflow/example_dags/example_branch_operator_decorator.py
[2022-10-03T12:36:38.594+0000] {logging_mixin.py:117} INFO - [2022-10-03T12:36:38.594+0000] {dag.py:2573} INFO - Sync 1 DAGs
[2022-10-03T12:36:38.624+0000] {logging_mixin.py:117} INFO - [2022-10-03T12:36:38.624+0000] {dag.py:3328} INFO - Setting next_dagrun for example_branch_python_operator_decorator to 2022-10-02T00:00:00+00:00, run_after=2022-10-03T00:00:00+00:00
[2022-10-03T12:36:38.651+0000] {processor.py:178} INFO - Processing /home/airflow/.local/lib/python3.7/site-packages/airflow/example_dags/example_branch_operator_decorator.py took 0.139 seconds
[2022-10-03T12:37:09.517+0000] {processor.py:156} INFO - Started process (PID=5328) to work on /home/airflow/.local/lib/python3.7/site-packages/airflow/example_dags/example_branch_operator_decorator.py
[2022-10-03T12:37:09.519+0000] {processor.py:758} INFO - Processing file /home/airflow/.local/lib/python3.7/site-packages/airflow/example_dags/example_branch_operator_decorator.py for tasks to queue
[2022-10-03T12:37:09.520+0000] {logging_mixin.py:117} INFO - [2022-10-03T12:37:09.520+0000] {dagbag.py:525} INFO - Filling up the DagBag from /home/airflow/.local/lib/python3.7/site-packages/airflow/example_dags/example_branch_operator_decorator.py
[2022-10-03T12:37:09.551+0000] {processor.py:768} INFO - DAG(s) dict_keys(['example_branch_python_operator_decorator']) retrieved from /home/airflow/.local/lib/python3.7/site-packages/airflow/example_dags/example_branch_operator_decorator.py
[2022-10-03T12:37:09.609+0000] {logging_mixin.py:117} INFO - [2022-10-03T12:37:09.609+0000] {dag.py:2573} INFO - Sync 1 DAGs
[2022-10-03T12:37:09.645+0000] {logging_mixin.py:117} INFO - [2022-10-03T12:37:09.645+0000] {dag.py:3328} INFO - Setting next_dagrun for example_branch_python_operator_decorator to 2022-10-02T00:00:00+00:00, run_after=2022-10-03T00:00:00+00:00
[2022-10-03T12:37:09.676+0000] {processor.py:178} INFO - Processing /home/airflow/.local/lib/python3.7/site-packages/airflow/example_dags/example_branch_operator_decorator.py took 0.164 seconds
[2022-10-03T12:37:40.283+0000] {processor.py:156} INFO - Started process (PID=5526) to work on /home/airflow/.local/lib/python3.7/site-packages/airflow/example_dags/example_branch_operator_decorator.py
[2022-10-03T12:37:40.285+0000] {processor.py:758} INFO - Processing file /home/airflow/.local/lib/python3.7/site-packages/airflow/example_dags/example_branch_operator_decorator.py for tasks to queue
[2022-10-03T12:37:40.286+0000] {logging_mixin.py:117} INFO - [2022-10-03T12:37:40.286+0000] {dagbag.py:525} INFO - Filling up the DagBag from /home/airflow/.local/lib/python3.7/site-packages/airflow/example_dags/example_branch_operator_decorator.py
[2022-10-03T12:37:40.353+0000] {processor.py:768} INFO - DAG(s) dict_keys(['example_branch_python_operator_decorator']) retrieved from /home/airflow/.local/lib/python3.7/site-packages/airflow/example_dags/example_branch_operator_decorator.py
[2022-10-03T12:37:40.469+0000] {logging_mixin.py:117} INFO - [2022-10-03T12:37:40.468+0000] {dag.py:2573} INFO - Sync 1 DAGs
[2022-10-03T12:37:40.568+0000] {logging_mixin.py:117} INFO - [2022-10-03T12:37:40.567+0000] {dag.py:3328} INFO - Setting next_dagrun for example_branch_python_operator_decorator to 2022-10-02T00:00:00+00:00, run_after=2022-10-03T00:00:00+00:00
[2022-10-03T12:37:40.634+0000] {processor.py:178} INFO - Processing /home/airflow/.local/lib/python3.7/site-packages/airflow/example_dags/example_branch_operator_decorator.py took 0.357 seconds
[2022-10-03T12:38:11.462+0000] {processor.py:156} INFO - Started process (PID=5733) to work on /home/airflow/.local/lib/python3.7/site-packages/airflow/example_dags/example_branch_operator_decorator.py
[2022-10-03T12:38:11.463+0000] {processor.py:758} INFO - Processing file /home/airflow/.local/lib/python3.7/site-packages/airflow/example_dags/example_branch_operator_decorator.py for tasks to queue
[2022-10-03T12:38:11.464+0000] {logging_mixin.py:117} INFO - [2022-10-03T12:38:11.463+0000] {dagbag.py:525} INFO - Filling up the DagBag from /home/airflow/.local/lib/python3.7/site-packages/airflow/example_dags/example_branch_operator_decorator.py
[2022-10-03T12:38:11.493+0000] {processor.py:768} INFO - DAG(s) dict_keys(['example_branch_python_operator_decorator']) retrieved from /home/airflow/.local/lib/python3.7/site-packages/airflow/example_dags/example_branch_operator_decorator.py
[2022-10-03T12:38:11.550+0000] {logging_mixin.py:117} INFO - [2022-10-03T12:38:11.550+0000] {dag.py:2573} INFO - Sync 1 DAGs
[2022-10-03T12:38:11.597+0000] {logging_mixin.py:117} INFO - [2022-10-03T12:38:11.597+0000] {dag.py:3328} INFO - Setting next_dagrun for example_branch_python_operator_decorator to 2022-10-02T00:00:00+00:00, run_after=2022-10-03T00:00:00+00:00
[2022-10-03T12:38:11.634+0000] {processor.py:178} INFO - Processing /home/airflow/.local/lib/python3.7/site-packages/airflow/example_dags/example_branch_operator_decorator.py took 0.176 seconds
[2022-10-03T12:38:42.064+0000] {processor.py:156} INFO - Started process (PID=5931) to work on /home/airflow/.local/lib/python3.7/site-packages/airflow/example_dags/example_branch_operator_decorator.py
[2022-10-03T12:38:42.066+0000] {processor.py:758} INFO - Processing file /home/airflow/.local/lib/python3.7/site-packages/airflow/example_dags/example_branch_operator_decorator.py for tasks to queue
[2022-10-03T12:38:42.068+0000] {logging_mixin.py:117} INFO - [2022-10-03T12:38:42.067+0000] {dagbag.py:525} INFO - Filling up the DagBag from /home/airflow/.local/lib/python3.7/site-packages/airflow/example_dags/example_branch_operator_decorator.py
[2022-10-03T12:38:42.126+0000] {processor.py:768} INFO - DAG(s) dict_keys(['example_branch_python_operator_decorator']) retrieved from /home/airflow/.local/lib/python3.7/site-packages/airflow/example_dags/example_branch_operator_decorator.py
[2022-10-03T12:38:42.181+0000] {logging_mixin.py:117} INFO - [2022-10-03T12:38:42.181+0000] {dag.py:2573} INFO - Sync 1 DAGs
[2022-10-03T12:38:42.213+0000] {logging_mixin.py:117} INFO - [2022-10-03T12:38:42.213+0000] {dag.py:3328} INFO - Setting next_dagrun for example_branch_python_operator_decorator to 2022-10-02T00:00:00+00:00, run_after=2022-10-03T00:00:00+00:00
[2022-10-03T12:38:42.238+0000] {processor.py:178} INFO - Processing /home/airflow/.local/lib/python3.7/site-packages/airflow/example_dags/example_branch_operator_decorator.py took 0.181 seconds
[2022-10-03T12:39:12.751+0000] {processor.py:156} INFO - Started process (PID=6138) to work on /home/airflow/.local/lib/python3.7/site-packages/airflow/example_dags/example_branch_operator_decorator.py
[2022-10-03T12:39:12.753+0000] {processor.py:758} INFO - Processing file /home/airflow/.local/lib/python3.7/site-packages/airflow/example_dags/example_branch_operator_decorator.py for tasks to queue
[2022-10-03T12:39:12.756+0000] {logging_mixin.py:117} INFO - [2022-10-03T12:39:12.755+0000] {dagbag.py:525} INFO - Filling up the DagBag from /home/airflow/.local/lib/python3.7/site-packages/airflow/example_dags/example_branch_operator_decorator.py
[2022-10-03T12:39:12.795+0000] {processor.py:768} INFO - DAG(s) dict_keys(['example_branch_python_operator_decorator']) retrieved from /home/airflow/.local/lib/python3.7/site-packages/airflow/example_dags/example_branch_operator_decorator.py
[2022-10-03T12:39:12.859+0000] {logging_mixin.py:117} INFO - [2022-10-03T12:39:12.859+0000] {dag.py:2573} INFO - Sync 1 DAGs
[2022-10-03T12:39:12.899+0000] {logging_mixin.py:117} INFO - [2022-10-03T12:39:12.899+0000] {dag.py:3328} INFO - Setting next_dagrun for example_branch_python_operator_decorator to 2022-10-02T00:00:00+00:00, run_after=2022-10-03T00:00:00+00:00
[2022-10-03T12:39:12.932+0000] {processor.py:178} INFO - Processing /home/airflow/.local/lib/python3.7/site-packages/airflow/example_dags/example_branch_operator_decorator.py took 0.186 seconds
[2022-10-03T12:39:43.197+0000] {processor.py:156} INFO - Started process (PID=6343) to work on /home/airflow/.local/lib/python3.7/site-packages/airflow/example_dags/example_branch_operator_decorator.py
[2022-10-03T12:39:43.199+0000] {processor.py:758} INFO - Processing file /home/airflow/.local/lib/python3.7/site-packages/airflow/example_dags/example_branch_operator_decorator.py for tasks to queue
[2022-10-03T12:39:43.200+0000] {logging_mixin.py:117} INFO - [2022-10-03T12:39:43.199+0000] {dagbag.py:525} INFO - Filling up the DagBag from /home/airflow/.local/lib/python3.7/site-packages/airflow/example_dags/example_branch_operator_decorator.py
[2022-10-03T12:39:43.239+0000] {processor.py:768} INFO - DAG(s) dict_keys(['example_branch_python_operator_decorator']) retrieved from /home/airflow/.local/lib/python3.7/site-packages/airflow/example_dags/example_branch_operator_decorator.py
[2022-10-03T12:39:43.300+0000] {logging_mixin.py:117} INFO - [2022-10-03T12:39:43.299+0000] {dag.py:2573} INFO - Sync 1 DAGs
[2022-10-03T12:39:43.334+0000] {logging_mixin.py:117} INFO - [2022-10-03T12:39:43.334+0000] {dag.py:3328} INFO - Setting next_dagrun for example_branch_python_operator_decorator to 2022-10-02T00:00:00+00:00, run_after=2022-10-03T00:00:00+00:00
[2022-10-03T12:39:43.362+0000] {processor.py:178} INFO - Processing /home/airflow/.local/lib/python3.7/site-packages/airflow/example_dags/example_branch_operator_decorator.py took 0.170 seconds
[2022-10-03T12:40:13.696+0000] {processor.py:156} INFO - Started process (PID=6543) to work on /home/airflow/.local/lib/python3.7/site-packages/airflow/example_dags/example_branch_operator_decorator.py
[2022-10-03T12:40:13.698+0000] {processor.py:758} INFO - Processing file /home/airflow/.local/lib/python3.7/site-packages/airflow/example_dags/example_branch_operator_decorator.py for tasks to queue
[2022-10-03T12:40:13.699+0000] {logging_mixin.py:117} INFO - [2022-10-03T12:40:13.699+0000] {dagbag.py:525} INFO - Filling up the DagBag from /home/airflow/.local/lib/python3.7/site-packages/airflow/example_dags/example_branch_operator_decorator.py
[2022-10-03T12:40:13.738+0000] {processor.py:768} INFO - DAG(s) dict_keys(['example_branch_python_operator_decorator']) retrieved from /home/airflow/.local/lib/python3.7/site-packages/airflow/example_dags/example_branch_operator_decorator.py
[2022-10-03T12:40:13.804+0000] {logging_mixin.py:117} INFO - [2022-10-03T12:40:13.803+0000] {dag.py:2573} INFO - Sync 1 DAGs
[2022-10-03T12:40:13.839+0000] {logging_mixin.py:117} INFO - [2022-10-03T12:40:13.839+0000] {dag.py:3328} INFO - Setting next_dagrun for example_branch_python_operator_decorator to 2022-10-02T00:00:00+00:00, run_after=2022-10-03T00:00:00+00:00
[2022-10-03T12:40:13.867+0000] {processor.py:178} INFO - Processing /home/airflow/.local/lib/python3.7/site-packages/airflow/example_dags/example_branch_operator_decorator.py took 0.176 seconds
[2022-10-03T12:40:44.276+0000] {processor.py:156} INFO - Started process (PID=6750) to work on /home/airflow/.local/lib/python3.7/site-packages/airflow/example_dags/example_branch_operator_decorator.py
[2022-10-03T12:40:44.277+0000] {processor.py:758} INFO - Processing file /home/airflow/.local/lib/python3.7/site-packages/airflow/example_dags/example_branch_operator_decorator.py for tasks to queue
[2022-10-03T12:40:44.279+0000] {logging_mixin.py:117} INFO - [2022-10-03T12:40:44.279+0000] {dagbag.py:525} INFO - Filling up the DagBag from /home/airflow/.local/lib/python3.7/site-packages/airflow/example_dags/example_branch_operator_decorator.py
[2022-10-03T12:40:44.353+0000] {processor.py:768} INFO - DAG(s) dict_keys(['example_branch_python_operator_decorator']) retrieved from /home/airflow/.local/lib/python3.7/site-packages/airflow/example_dags/example_branch_operator_decorator.py
[2022-10-03T12:40:44.452+0000] {logging_mixin.py:117} INFO - [2022-10-03T12:40:44.452+0000] {dag.py:2573} INFO - Sync 1 DAGs
[2022-10-03T12:40:44.519+0000] {logging_mixin.py:117} INFO - [2022-10-03T12:40:44.519+0000] {dag.py:3328} INFO - Setting next_dagrun for example_branch_python_operator_decorator to 2022-10-02T00:00:00+00:00, run_after=2022-10-03T00:00:00+00:00
[2022-10-03T12:40:44.572+0000] {processor.py:178} INFO - Processing /home/airflow/.local/lib/python3.7/site-packages/airflow/example_dags/example_branch_operator_decorator.py took 0.302 seconds
[2022-10-03T12:41:14.977+0000] {processor.py:156} INFO - Started process (PID=6948) to work on /home/airflow/.local/lib/python3.7/site-packages/airflow/example_dags/example_branch_operator_decorator.py
[2022-10-03T12:41:14.979+0000] {processor.py:758} INFO - Processing file /home/airflow/.local/lib/python3.7/site-packages/airflow/example_dags/example_branch_operator_decorator.py for tasks to queue
[2022-10-03T12:41:14.980+0000] {logging_mixin.py:117} INFO - [2022-10-03T12:41:14.980+0000] {dagbag.py:525} INFO - Filling up the DagBag from /home/airflow/.local/lib/python3.7/site-packages/airflow/example_dags/example_branch_operator_decorator.py
[2022-10-03T12:41:15.045+0000] {processor.py:768} INFO - DAG(s) dict_keys(['example_branch_python_operator_decorator']) retrieved from /home/airflow/.local/lib/python3.7/site-packages/airflow/example_dags/example_branch_operator_decorator.py
[2022-10-03T12:41:15.142+0000] {logging_mixin.py:117} INFO - [2022-10-03T12:41:15.141+0000] {dag.py:2573} INFO - Sync 1 DAGs
[2022-10-03T12:41:15.219+0000] {logging_mixin.py:117} INFO - [2022-10-03T12:41:15.218+0000] {dag.py:3328} INFO - Setting next_dagrun for example_branch_python_operator_decorator to 2022-10-02T00:00:00+00:00, run_after=2022-10-03T00:00:00+00:00
[2022-10-03T12:41:15.275+0000] {processor.py:178} INFO - Processing /home/airflow/.local/lib/python3.7/site-packages/airflow/example_dags/example_branch_operator_decorator.py took 0.304 seconds
[2022-10-03T12:41:46.118+0000] {processor.py:156} INFO - Started process (PID=7155) to work on /home/airflow/.local/lib/python3.7/site-packages/airflow/example_dags/example_branch_operator_decorator.py
[2022-10-03T12:41:46.120+0000] {processor.py:758} INFO - Processing file /home/airflow/.local/lib/python3.7/site-packages/airflow/example_dags/example_branch_operator_decorator.py for tasks to queue
[2022-10-03T12:41:46.121+0000] {logging_mixin.py:117} INFO - [2022-10-03T12:41:46.121+0000] {dagbag.py:525} INFO - Filling up the DagBag from /home/airflow/.local/lib/python3.7/site-packages/airflow/example_dags/example_branch_operator_decorator.py
[2022-10-03T12:41:46.178+0000] {processor.py:768} INFO - DAG(s) dict_keys(['example_branch_python_operator_decorator']) retrieved from /home/airflow/.local/lib/python3.7/site-packages/airflow/example_dags/example_branch_operator_decorator.py
[2022-10-03T12:41:46.272+0000] {logging_mixin.py:117} INFO - [2022-10-03T12:41:46.271+0000] {dag.py:2573} INFO - Sync 1 DAGs
[2022-10-03T12:41:46.400+0000] {logging_mixin.py:117} INFO - [2022-10-03T12:41:46.399+0000] {dag.py:3328} INFO - Setting next_dagrun for example_branch_python_operator_decorator to 2022-10-02T00:00:00+00:00, run_after=2022-10-03T00:00:00+00:00
[2022-10-03T12:41:46.448+0000] {processor.py:178} INFO - Processing /home/airflow/.local/lib/python3.7/site-packages/airflow/example_dags/example_branch_operator_decorator.py took 0.338 seconds
[2022-10-03T12:42:16.649+0000] {processor.py:156} INFO - Started process (PID=7353) to work on /home/airflow/.local/lib/python3.7/site-packages/airflow/example_dags/example_branch_operator_decorator.py
[2022-10-03T12:42:16.650+0000] {processor.py:758} INFO - Processing file /home/airflow/.local/lib/python3.7/site-packages/airflow/example_dags/example_branch_operator_decorator.py for tasks to queue
[2022-10-03T12:42:16.650+0000] {logging_mixin.py:117} INFO - [2022-10-03T12:42:16.650+0000] {dagbag.py:525} INFO - Filling up the DagBag from /home/airflow/.local/lib/python3.7/site-packages/airflow/example_dags/example_branch_operator_decorator.py
[2022-10-03T12:42:16.676+0000] {processor.py:768} INFO - DAG(s) dict_keys(['example_branch_python_operator_decorator']) retrieved from /home/airflow/.local/lib/python3.7/site-packages/airflow/example_dags/example_branch_operator_decorator.py
[2022-10-03T12:42:16.716+0000] {logging_mixin.py:117} INFO - [2022-10-03T12:42:16.716+0000] {dag.py:2573} INFO - Sync 1 DAGs
[2022-10-03T12:42:16.742+0000] {logging_mixin.py:117} INFO - [2022-10-03T12:42:16.742+0000] {dag.py:3328} INFO - Setting next_dagrun for example_branch_python_operator_decorator to 2022-10-02T00:00:00+00:00, run_after=2022-10-03T00:00:00+00:00
[2022-10-03T12:42:16.763+0000] {processor.py:178} INFO - Processing /home/airflow/.local/lib/python3.7/site-packages/airflow/example_dags/example_branch_operator_decorator.py took 0.117 seconds
[2022-10-03T12:42:47.315+0000] {processor.py:156} INFO - Started process (PID=7560) to work on /home/airflow/.local/lib/python3.7/site-packages/airflow/example_dags/example_branch_operator_decorator.py
[2022-10-03T12:42:47.315+0000] {processor.py:758} INFO - Processing file /home/airflow/.local/lib/python3.7/site-packages/airflow/example_dags/example_branch_operator_decorator.py for tasks to queue
[2022-10-03T12:42:47.316+0000] {logging_mixin.py:117} INFO - [2022-10-03T12:42:47.316+0000] {dagbag.py:525} INFO - Filling up the DagBag from /home/airflow/.local/lib/python3.7/site-packages/airflow/example_dags/example_branch_operator_decorator.py
[2022-10-03T12:42:47.344+0000] {processor.py:768} INFO - DAG(s) dict_keys(['example_branch_python_operator_decorator']) retrieved from /home/airflow/.local/lib/python3.7/site-packages/airflow/example_dags/example_branch_operator_decorator.py
[2022-10-03T12:42:47.389+0000] {logging_mixin.py:117} INFO - [2022-10-03T12:42:47.389+0000] {dag.py:2573} INFO - Sync 1 DAGs
[2022-10-03T12:42:47.419+0000] {logging_mixin.py:117} INFO - [2022-10-03T12:42:47.419+0000] {dag.py:3328} INFO - Setting next_dagrun for example_branch_python_operator_decorator to 2022-10-02T00:00:00+00:00, run_after=2022-10-03T00:00:00+00:00
[2022-10-03T12:42:47.443+0000] {processor.py:178} INFO - Processing /home/airflow/.local/lib/python3.7/site-packages/airflow/example_dags/example_branch_operator_decorator.py took 0.132 seconds
[2022-10-03T12:43:18.330+0000] {processor.py:156} INFO - Started process (PID=7765) to work on /home/airflow/.local/lib/python3.7/site-packages/airflow/example_dags/example_branch_operator_decorator.py
[2022-10-03T12:43:18.331+0000] {processor.py:758} INFO - Processing file /home/airflow/.local/lib/python3.7/site-packages/airflow/example_dags/example_branch_operator_decorator.py for tasks to queue
[2022-10-03T12:43:18.333+0000] {logging_mixin.py:117} INFO - [2022-10-03T12:43:18.333+0000] {dagbag.py:525} INFO - Filling up the DagBag from /home/airflow/.local/lib/python3.7/site-packages/airflow/example_dags/example_branch_operator_decorator.py
[2022-10-03T12:43:18.392+0000] {processor.py:768} INFO - DAG(s) dict_keys(['example_branch_python_operator_decorator']) retrieved from /home/airflow/.local/lib/python3.7/site-packages/airflow/example_dags/example_branch_operator_decorator.py
[2022-10-03T12:43:18.483+0000] {logging_mixin.py:117} INFO - [2022-10-03T12:43:18.482+0000] {dag.py:2573} INFO - Sync 1 DAGs
[2022-10-03T12:43:18.544+0000] {logging_mixin.py:117} INFO - [2022-10-03T12:43:18.543+0000] {dag.py:3328} INFO - Setting next_dagrun for example_branch_python_operator_decorator to 2022-10-02T00:00:00+00:00, run_after=2022-10-03T00:00:00+00:00
[2022-10-03T12:43:18.592+0000] {processor.py:178} INFO - Processing /home/airflow/.local/lib/python3.7/site-packages/airflow/example_dags/example_branch_operator_decorator.py took 0.268 seconds
[2022-10-03T12:43:49.433+0000] {processor.py:156} INFO - Started process (PID=7963) to work on /home/airflow/.local/lib/python3.7/site-packages/airflow/example_dags/example_branch_operator_decorator.py
[2022-10-03T12:43:49.435+0000] {processor.py:758} INFO - Processing file /home/airflow/.local/lib/python3.7/site-packages/airflow/example_dags/example_branch_operator_decorator.py for tasks to queue
[2022-10-03T12:43:49.437+0000] {logging_mixin.py:117} INFO - [2022-10-03T12:43:49.436+0000] {dagbag.py:525} INFO - Filling up the DagBag from /home/airflow/.local/lib/python3.7/site-packages/airflow/example_dags/example_branch_operator_decorator.py
[2022-10-03T12:43:49.494+0000] {processor.py:768} INFO - DAG(s) dict_keys(['example_branch_python_operator_decorator']) retrieved from /home/airflow/.local/lib/python3.7/site-packages/airflow/example_dags/example_branch_operator_decorator.py
[2022-10-03T12:43:49.583+0000] {logging_mixin.py:117} INFO - [2022-10-03T12:43:49.582+0000] {dag.py:2573} INFO - Sync 1 DAGs
[2022-10-03T12:43:49.647+0000] {logging_mixin.py:117} INFO - [2022-10-03T12:43:49.647+0000] {dag.py:3328} INFO - Setting next_dagrun for example_branch_python_operator_decorator to 2022-10-02T00:00:00+00:00, run_after=2022-10-03T00:00:00+00:00
[2022-10-03T12:43:49.692+0000] {processor.py:178} INFO - Processing /home/airflow/.local/lib/python3.7/site-packages/airflow/example_dags/example_branch_operator_decorator.py took 0.265 seconds
[2022-10-03T12:44:20.106+0000] {processor.py:156} INFO - Started process (PID=8170) to work on /home/airflow/.local/lib/python3.7/site-packages/airflow/example_dags/example_branch_operator_decorator.py
[2022-10-03T12:44:20.107+0000] {processor.py:758} INFO - Processing file /home/airflow/.local/lib/python3.7/site-packages/airflow/example_dags/example_branch_operator_decorator.py for tasks to queue
[2022-10-03T12:44:20.108+0000] {logging_mixin.py:117} INFO - [2022-10-03T12:44:20.108+0000] {dagbag.py:525} INFO - Filling up the DagBag from /home/airflow/.local/lib/python3.7/site-packages/airflow/example_dags/example_branch_operator_decorator.py
[2022-10-03T12:44:20.133+0000] {processor.py:768} INFO - DAG(s) dict_keys(['example_branch_python_operator_decorator']) retrieved from /home/airflow/.local/lib/python3.7/site-packages/airflow/example_dags/example_branch_operator_decorator.py
[2022-10-03T12:44:20.178+0000] {logging_mixin.py:117} INFO - [2022-10-03T12:44:20.177+0000] {dag.py:2573} INFO - Sync 1 DAGs
[2022-10-03T12:44:20.209+0000] {logging_mixin.py:117} INFO - [2022-10-03T12:44:20.208+0000] {dag.py:3328} INFO - Setting next_dagrun for example_branch_python_operator_decorator to 2022-10-02T00:00:00+00:00, run_after=2022-10-03T00:00:00+00:00
[2022-10-03T12:44:20.239+0000] {processor.py:178} INFO - Processing /home/airflow/.local/lib/python3.7/site-packages/airflow/example_dags/example_branch_operator_decorator.py took 0.136 seconds
[2022-10-03T12:44:50.804+0000] {processor.py:156} INFO - Started process (PID=8377) to work on /home/airflow/.local/lib/python3.7/site-packages/airflow/example_dags/example_branch_operator_decorator.py
[2022-10-03T12:44:50.805+0000] {processor.py:758} INFO - Processing file /home/airflow/.local/lib/python3.7/site-packages/airflow/example_dags/example_branch_operator_decorator.py for tasks to queue
[2022-10-03T12:44:50.806+0000] {logging_mixin.py:117} INFO - [2022-10-03T12:44:50.806+0000] {dagbag.py:525} INFO - Filling up the DagBag from /home/airflow/.local/lib/python3.7/site-packages/airflow/example_dags/example_branch_operator_decorator.py
[2022-10-03T12:44:50.875+0000] {processor.py:768} INFO - DAG(s) dict_keys(['example_branch_python_operator_decorator']) retrieved from /home/airflow/.local/lib/python3.7/site-packages/airflow/example_dags/example_branch_operator_decorator.py
[2022-10-03T12:44:50.978+0000] {logging_mixin.py:117} INFO - [2022-10-03T12:44:50.977+0000] {dag.py:2573} INFO - Sync 1 DAGs
[2022-10-03T12:44:51.051+0000] {logging_mixin.py:117} INFO - [2022-10-03T12:44:51.051+0000] {dag.py:3328} INFO - Setting next_dagrun for example_branch_python_operator_decorator to 2022-10-02T00:00:00+00:00, run_after=2022-10-03T00:00:00+00:00
[2022-10-03T12:44:51.104+0000] {processor.py:178} INFO - Processing /home/airflow/.local/lib/python3.7/site-packages/airflow/example_dags/example_branch_operator_decorator.py took 0.305 seconds
[2022-10-03T12:45:21.163+0000] {processor.py:156} INFO - Started process (PID=8576) to work on /home/airflow/.local/lib/python3.7/site-packages/airflow/example_dags/example_branch_operator_decorator.py
[2022-10-03T12:45:21.165+0000] {processor.py:758} INFO - Processing file /home/airflow/.local/lib/python3.7/site-packages/airflow/example_dags/example_branch_operator_decorator.py for tasks to queue
[2022-10-03T12:45:21.165+0000] {logging_mixin.py:117} INFO - [2022-10-03T12:45:21.165+0000] {dagbag.py:525} INFO - Filling up the DagBag from /home/airflow/.local/lib/python3.7/site-packages/airflow/example_dags/example_branch_operator_decorator.py
[2022-10-03T12:45:21.196+0000] {processor.py:768} INFO - DAG(s) dict_keys(['example_branch_python_operator_decorator']) retrieved from /home/airflow/.local/lib/python3.7/site-packages/airflow/example_dags/example_branch_operator_decorator.py
[2022-10-03T12:45:21.252+0000] {logging_mixin.py:117} INFO - [2022-10-03T12:45:21.252+0000] {dag.py:2573} INFO - Sync 1 DAGs
[2022-10-03T12:45:21.288+0000] {logging_mixin.py:117} INFO - [2022-10-03T12:45:21.287+0000] {dag.py:3328} INFO - Setting next_dagrun for example_branch_python_operator_decorator to 2022-10-02T00:00:00+00:00, run_after=2022-10-03T00:00:00+00:00
[2022-10-03T12:45:21.319+0000] {processor.py:178} INFO - Processing /home/airflow/.local/lib/python3.7/site-packages/airflow/example_dags/example_branch_operator_decorator.py took 0.160 seconds
[2022-10-03T12:45:51.420+0000] {processor.py:156} INFO - Started process (PID=8783) to work on /home/airflow/.local/lib/python3.7/site-packages/airflow/example_dags/example_branch_operator_decorator.py
[2022-10-03T12:45:51.420+0000] {processor.py:758} INFO - Processing file /home/airflow/.local/lib/python3.7/site-packages/airflow/example_dags/example_branch_operator_decorator.py for tasks to queue
[2022-10-03T12:45:51.421+0000] {logging_mixin.py:117} INFO - [2022-10-03T12:45:51.421+0000] {dagbag.py:525} INFO - Filling up the DagBag from /home/airflow/.local/lib/python3.7/site-packages/airflow/example_dags/example_branch_operator_decorator.py
[2022-10-03T12:45:51.457+0000] {processor.py:768} INFO - DAG(s) dict_keys(['example_branch_python_operator_decorator']) retrieved from /home/airflow/.local/lib/python3.7/site-packages/airflow/example_dags/example_branch_operator_decorator.py
[2022-10-03T12:45:51.514+0000] {logging_mixin.py:117} INFO - [2022-10-03T12:45:51.514+0000] {dag.py:2573} INFO - Sync 1 DAGs
[2022-10-03T12:45:51.559+0000] {logging_mixin.py:117} INFO - [2022-10-03T12:45:51.558+0000] {dag.py:3328} INFO - Setting next_dagrun for example_branch_python_operator_decorator to 2022-10-02T00:00:00+00:00, run_after=2022-10-03T00:00:00+00:00
[2022-10-03T12:45:51.598+0000] {processor.py:178} INFO - Processing /home/airflow/.local/lib/python3.7/site-packages/airflow/example_dags/example_branch_operator_decorator.py took 0.182 seconds
