[2022-10-03T12:24:27.720+0000] {processor.py:156} INFO - Started process (PID=337) to work on /home/airflow/.local/lib/python3.7/site-packages/airflow/example_dags/example_trigger_target_dag.py
[2022-10-03T12:24:27.722+0000] {processor.py:758} INFO - Processing file /home/airflow/.local/lib/python3.7/site-packages/airflow/example_dags/example_trigger_target_dag.py for tasks to queue
[2022-10-03T12:24:27.725+0000] {logging_mixin.py:117} INFO - [2022-10-03T12:24:27.725+0000] {dagbag.py:525} INFO - Filling up the DagBag from /home/airflow/.local/lib/python3.7/site-packages/airflow/example_dags/example_trigger_target_dag.py
[2022-10-03T12:24:27.796+0000] {processor.py:768} INFO - DAG(s) dict_keys(['example_trigger_target_dag']) retrieved from /home/airflow/.local/lib/python3.7/site-packages/airflow/example_dags/example_trigger_target_dag.py
[2022-10-03T12:24:27.903+0000] {logging_mixin.py:117} INFO - [2022-10-03T12:24:27.903+0000] {dag.py:2573} INFO - Sync 1 DAGs
[2022-10-03T12:24:27.996+0000] {logging_mixin.py:117} INFO - [2022-10-03T12:24:27.995+0000] {dag.py:3328} INFO - Setting next_dagrun for example_trigger_target_dag to None, run_after=None
[2022-10-03T12:24:28.294+0000] {processor.py:178} INFO - Processing /home/airflow/.local/lib/python3.7/site-packages/airflow/example_dags/example_trigger_target_dag.py took 0.582 seconds
[2022-10-03T12:25:00.378+0000] {processor.py:156} INFO - Started process (PID=536) to work on /home/airflow/.local/lib/python3.7/site-packages/airflow/example_dags/example_trigger_target_dag.py
[2022-10-03T12:25:00.380+0000] {processor.py:758} INFO - Processing file /home/airflow/.local/lib/python3.7/site-packages/airflow/example_dags/example_trigger_target_dag.py for tasks to queue
[2022-10-03T12:25:00.382+0000] {logging_mixin.py:117} INFO - [2022-10-03T12:25:00.382+0000] {dagbag.py:525} INFO - Filling up the DagBag from /home/airflow/.local/lib/python3.7/site-packages/airflow/example_dags/example_trigger_target_dag.py
[2022-10-03T12:25:00.446+0000] {processor.py:768} INFO - DAG(s) dict_keys(['example_trigger_target_dag']) retrieved from /home/airflow/.local/lib/python3.7/site-packages/airflow/example_dags/example_trigger_target_dag.py
[2022-10-03T12:25:00.551+0000] {logging_mixin.py:117} INFO - [2022-10-03T12:25:00.550+0000] {dag.py:2573} INFO - Sync 1 DAGs
[2022-10-03T12:25:00.770+0000] {logging_mixin.py:117} INFO - [2022-10-03T12:25:00.770+0000] {dag.py:3328} INFO - Setting next_dagrun for example_trigger_target_dag to None, run_after=None
[2022-10-03T12:25:00.796+0000] {processor.py:178} INFO - Processing /home/airflow/.local/lib/python3.7/site-packages/airflow/example_dags/example_trigger_target_dag.py took 0.432 seconds
[2022-10-03T12:25:31.161+0000] {processor.py:156} INFO - Started process (PID=736) to work on /home/airflow/.local/lib/python3.7/site-packages/airflow/example_dags/example_trigger_target_dag.py
[2022-10-03T12:25:31.163+0000] {processor.py:758} INFO - Processing file /home/airflow/.local/lib/python3.7/site-packages/airflow/example_dags/example_trigger_target_dag.py for tasks to queue
[2022-10-03T12:25:31.164+0000] {logging_mixin.py:117} INFO - [2022-10-03T12:25:31.164+0000] {dagbag.py:525} INFO - Filling up the DagBag from /home/airflow/.local/lib/python3.7/site-packages/airflow/example_dags/example_trigger_target_dag.py
[2022-10-03T12:25:31.218+0000] {processor.py:768} INFO - DAG(s) dict_keys(['example_trigger_target_dag']) retrieved from /home/airflow/.local/lib/python3.7/site-packages/airflow/example_dags/example_trigger_target_dag.py
[2022-10-03T12:25:31.553+0000] {logging_mixin.py:117} INFO - [2022-10-03T12:25:31.553+0000] {dag.py:2573} INFO - Sync 1 DAGs
[2022-10-03T12:25:31.617+0000] {logging_mixin.py:117} INFO - [2022-10-03T12:25:31.617+0000] {dag.py:3328} INFO - Setting next_dagrun for example_trigger_target_dag to None, run_after=None
[2022-10-03T12:25:31.676+0000] {processor.py:178} INFO - Processing /home/airflow/.local/lib/python3.7/site-packages/airflow/example_dags/example_trigger_target_dag.py took 0.522 seconds
[2022-10-03T12:26:02.453+0000] {processor.py:156} INFO - Started process (PID=943) to work on /home/airflow/.local/lib/python3.7/site-packages/airflow/example_dags/example_trigger_target_dag.py
[2022-10-03T12:26:02.456+0000] {processor.py:758} INFO - Processing file /home/airflow/.local/lib/python3.7/site-packages/airflow/example_dags/example_trigger_target_dag.py for tasks to queue
[2022-10-03T12:26:02.457+0000] {logging_mixin.py:117} INFO - [2022-10-03T12:26:02.457+0000] {dagbag.py:525} INFO - Filling up the DagBag from /home/airflow/.local/lib/python3.7/site-packages/airflow/example_dags/example_trigger_target_dag.py
[2022-10-03T12:26:02.523+0000] {processor.py:768} INFO - DAG(s) dict_keys(['example_trigger_target_dag']) retrieved from /home/airflow/.local/lib/python3.7/site-packages/airflow/example_dags/example_trigger_target_dag.py
[2022-10-03T12:26:02.832+0000] {logging_mixin.py:117} INFO - [2022-10-03T12:26:02.831+0000] {dag.py:2573} INFO - Sync 1 DAGs
[2022-10-03T12:26:02.890+0000] {logging_mixin.py:117} INFO - [2022-10-03T12:26:02.889+0000] {dag.py:3328} INFO - Setting next_dagrun for example_trigger_target_dag to None, run_after=None
[2022-10-03T12:26:02.939+0000] {processor.py:178} INFO - Processing /home/airflow/.local/lib/python3.7/site-packages/airflow/example_dags/example_trigger_target_dag.py took 0.492 seconds
[2022-10-03T12:26:33.771+0000] {processor.py:156} INFO - Started process (PID=1144) to work on /home/airflow/.local/lib/python3.7/site-packages/airflow/example_dags/example_trigger_target_dag.py
[2022-10-03T12:26:33.771+0000] {processor.py:758} INFO - Processing file /home/airflow/.local/lib/python3.7/site-packages/airflow/example_dags/example_trigger_target_dag.py for tasks to queue
[2022-10-03T12:26:33.772+0000] {logging_mixin.py:117} INFO - [2022-10-03T12:26:33.772+0000] {dagbag.py:525} INFO - Filling up the DagBag from /home/airflow/.local/lib/python3.7/site-packages/airflow/example_dags/example_trigger_target_dag.py
[2022-10-03T12:26:33.799+0000] {processor.py:768} INFO - DAG(s) dict_keys(['example_trigger_target_dag']) retrieved from /home/airflow/.local/lib/python3.7/site-packages/airflow/example_dags/example_trigger_target_dag.py
[2022-10-03T12:26:33.967+0000] {logging_mixin.py:117} INFO - [2022-10-03T12:26:33.967+0000] {dag.py:2573} INFO - Sync 1 DAGs
[2022-10-03T12:26:34.001+0000] {logging_mixin.py:117} INFO - [2022-10-03T12:26:34.001+0000] {dag.py:3328} INFO - Setting next_dagrun for example_trigger_target_dag to None, run_after=None
[2022-10-03T12:26:34.029+0000] {processor.py:178} INFO - Processing /home/airflow/.local/lib/python3.7/site-packages/airflow/example_dags/example_trigger_target_dag.py took 0.262 seconds
[2022-10-03T12:27:04.785+0000] {processor.py:156} INFO - Started process (PID=1367) to work on /home/airflow/.local/lib/python3.7/site-packages/airflow/example_dags/example_trigger_target_dag.py
[2022-10-03T12:27:04.787+0000] {processor.py:758} INFO - Processing file /home/airflow/.local/lib/python3.7/site-packages/airflow/example_dags/example_trigger_target_dag.py for tasks to queue
[2022-10-03T12:27:04.788+0000] {logging_mixin.py:117} INFO - [2022-10-03T12:27:04.788+0000] {dagbag.py:525} INFO - Filling up the DagBag from /home/airflow/.local/lib/python3.7/site-packages/airflow/example_dags/example_trigger_target_dag.py
[2022-10-03T12:27:05.066+0000] {processor.py:768} INFO - DAG(s) dict_keys(['example_trigger_target_dag']) retrieved from /home/airflow/.local/lib/python3.7/site-packages/airflow/example_dags/example_trigger_target_dag.py
[2022-10-03T12:27:05.143+0000] {logging_mixin.py:117} INFO - [2022-10-03T12:27:05.142+0000] {dag.py:2573} INFO - Sync 1 DAGs
[2022-10-03T12:27:05.202+0000] {logging_mixin.py:117} INFO - [2022-10-03T12:27:05.201+0000] {dag.py:3328} INFO - Setting next_dagrun for example_trigger_target_dag to None, run_after=None
[2022-10-03T12:27:05.251+0000] {processor.py:178} INFO - Processing /home/airflow/.local/lib/python3.7/site-packages/airflow/example_dags/example_trigger_target_dag.py took 0.476 seconds
[2022-10-03T12:27:35.683+0000] {processor.py:156} INFO - Started process (PID=1585) to work on /home/airflow/.local/lib/python3.7/site-packages/airflow/example_dags/example_trigger_target_dag.py
[2022-10-03T12:27:35.684+0000] {processor.py:758} INFO - Processing file /home/airflow/.local/lib/python3.7/site-packages/airflow/example_dags/example_trigger_target_dag.py for tasks to queue
[2022-10-03T12:27:35.685+0000] {logging_mixin.py:117} INFO - [2022-10-03T12:27:35.684+0000] {dagbag.py:525} INFO - Filling up the DagBag from /home/airflow/.local/lib/python3.7/site-packages/airflow/example_dags/example_trigger_target_dag.py
[2022-10-03T12:27:35.708+0000] {processor.py:768} INFO - DAG(s) dict_keys(['example_trigger_target_dag']) retrieved from /home/airflow/.local/lib/python3.7/site-packages/airflow/example_dags/example_trigger_target_dag.py
[2022-10-03T12:27:35.747+0000] {logging_mixin.py:117} INFO - [2022-10-03T12:27:35.747+0000] {dag.py:2573} INFO - Sync 1 DAGs
[2022-10-03T12:27:35.772+0000] {logging_mixin.py:117} INFO - [2022-10-03T12:27:35.772+0000] {dag.py:3328} INFO - Setting next_dagrun for example_trigger_target_dag to None, run_after=None
[2022-10-03T12:27:35.797+0000] {processor.py:178} INFO - Processing /home/airflow/.local/lib/python3.7/site-packages/airflow/example_dags/example_trigger_target_dag.py took 0.116 seconds
[2022-10-03T12:28:06.902+0000] {processor.py:156} INFO - Started process (PID=1790) to work on /home/airflow/.local/lib/python3.7/site-packages/airflow/example_dags/example_trigger_target_dag.py
[2022-10-03T12:28:06.904+0000] {processor.py:758} INFO - Processing file /home/airflow/.local/lib/python3.7/site-packages/airflow/example_dags/example_trigger_target_dag.py for tasks to queue
[2022-10-03T12:28:06.905+0000] {logging_mixin.py:117} INFO - [2022-10-03T12:28:06.905+0000] {dagbag.py:525} INFO - Filling up the DagBag from /home/airflow/.local/lib/python3.7/site-packages/airflow/example_dags/example_trigger_target_dag.py
[2022-10-03T12:28:06.959+0000] {processor.py:768} INFO - DAG(s) dict_keys(['example_trigger_target_dag']) retrieved from /home/airflow/.local/lib/python3.7/site-packages/airflow/example_dags/example_trigger_target_dag.py
[2022-10-03T12:28:07.060+0000] {logging_mixin.py:117} INFO - [2022-10-03T12:28:07.059+0000] {dag.py:2573} INFO - Sync 1 DAGs
[2022-10-03T12:28:07.127+0000] {logging_mixin.py:117} INFO - [2022-10-03T12:28:07.127+0000] {dag.py:3328} INFO - Setting next_dagrun for example_trigger_target_dag to None, run_after=None
[2022-10-03T12:28:07.181+0000] {processor.py:178} INFO - Processing /home/airflow/.local/lib/python3.7/site-packages/airflow/example_dags/example_trigger_target_dag.py took 0.287 seconds
[2022-10-03T12:28:37.321+0000] {processor.py:156} INFO - Started process (PID=1999) to work on /home/airflow/.local/lib/python3.7/site-packages/airflow/example_dags/example_trigger_target_dag.py
[2022-10-03T12:28:37.323+0000] {processor.py:758} INFO - Processing file /home/airflow/.local/lib/python3.7/site-packages/airflow/example_dags/example_trigger_target_dag.py for tasks to queue
[2022-10-03T12:28:37.324+0000] {logging_mixin.py:117} INFO - [2022-10-03T12:28:37.324+0000] {dagbag.py:525} INFO - Filling up the DagBag from /home/airflow/.local/lib/python3.7/site-packages/airflow/example_dags/example_trigger_target_dag.py
[2022-10-03T12:28:37.380+0000] {processor.py:768} INFO - DAG(s) dict_keys(['example_trigger_target_dag']) retrieved from /home/airflow/.local/lib/python3.7/site-packages/airflow/example_dags/example_trigger_target_dag.py
[2022-10-03T12:28:37.468+0000] {logging_mixin.py:117} INFO - [2022-10-03T12:28:37.467+0000] {dag.py:2573} INFO - Sync 1 DAGs
[2022-10-03T12:28:37.539+0000] {logging_mixin.py:117} INFO - [2022-10-03T12:28:37.539+0000] {dag.py:3328} INFO - Setting next_dagrun for example_trigger_target_dag to None, run_after=None
[2022-10-03T12:28:37.590+0000] {processor.py:178} INFO - Processing /home/airflow/.local/lib/python3.7/site-packages/airflow/example_dags/example_trigger_target_dag.py took 0.277 seconds
[2022-10-03T12:29:08.037+0000] {processor.py:156} INFO - Started process (PID=2198) to work on /home/airflow/.local/lib/python3.7/site-packages/airflow/example_dags/example_trigger_target_dag.py
[2022-10-03T12:29:08.039+0000] {processor.py:758} INFO - Processing file /home/airflow/.local/lib/python3.7/site-packages/airflow/example_dags/example_trigger_target_dag.py for tasks to queue
[2022-10-03T12:29:08.041+0000] {logging_mixin.py:117} INFO - [2022-10-03T12:29:08.040+0000] {dagbag.py:525} INFO - Filling up the DagBag from /home/airflow/.local/lib/python3.7/site-packages/airflow/example_dags/example_trigger_target_dag.py
[2022-10-03T12:29:08.092+0000] {processor.py:768} INFO - DAG(s) dict_keys(['example_trigger_target_dag']) retrieved from /home/airflow/.local/lib/python3.7/site-packages/airflow/example_dags/example_trigger_target_dag.py
[2022-10-03T12:29:08.178+0000] {logging_mixin.py:117} INFO - [2022-10-03T12:29:08.178+0000] {dag.py:2573} INFO - Sync 1 DAGs
[2022-10-03T12:29:08.240+0000] {logging_mixin.py:117} INFO - [2022-10-03T12:29:08.240+0000] {dag.py:3328} INFO - Setting next_dagrun for example_trigger_target_dag to None, run_after=None
[2022-10-03T12:29:08.287+0000] {processor.py:178} INFO - Processing /home/airflow/.local/lib/python3.7/site-packages/airflow/example_dags/example_trigger_target_dag.py took 0.257 seconds
[2022-10-03T12:29:38.461+0000] {processor.py:156} INFO - Started process (PID=2405) to work on /home/airflow/.local/lib/python3.7/site-packages/airflow/example_dags/example_trigger_target_dag.py
[2022-10-03T12:29:38.462+0000] {processor.py:758} INFO - Processing file /home/airflow/.local/lib/python3.7/site-packages/airflow/example_dags/example_trigger_target_dag.py for tasks to queue
[2022-10-03T12:29:38.463+0000] {logging_mixin.py:117} INFO - [2022-10-03T12:29:38.462+0000] {dagbag.py:525} INFO - Filling up the DagBag from /home/airflow/.local/lib/python3.7/site-packages/airflow/example_dags/example_trigger_target_dag.py
[2022-10-03T12:29:38.492+0000] {processor.py:768} INFO - DAG(s) dict_keys(['example_trigger_target_dag']) retrieved from /home/airflow/.local/lib/python3.7/site-packages/airflow/example_dags/example_trigger_target_dag.py
[2022-10-03T12:29:38.535+0000] {logging_mixin.py:117} INFO - [2022-10-03T12:29:38.535+0000] {dag.py:2573} INFO - Sync 1 DAGs
[2022-10-03T12:29:38.563+0000] {logging_mixin.py:117} INFO - [2022-10-03T12:29:38.563+0000] {dag.py:3328} INFO - Setting next_dagrun for example_trigger_target_dag to None, run_after=None
[2022-10-03T12:29:38.585+0000] {processor.py:178} INFO - Processing /home/airflow/.local/lib/python3.7/site-packages/airflow/example_dags/example_trigger_target_dag.py took 0.130 seconds
[2022-10-03T12:30:08.822+0000] {processor.py:156} INFO - Started process (PID=2601) to work on /home/airflow/.local/lib/python3.7/site-packages/airflow/example_dags/example_trigger_target_dag.py
[2022-10-03T12:30:08.823+0000] {processor.py:758} INFO - Processing file /home/airflow/.local/lib/python3.7/site-packages/airflow/example_dags/example_trigger_target_dag.py for tasks to queue
[2022-10-03T12:30:08.824+0000] {logging_mixin.py:117} INFO - [2022-10-03T12:30:08.824+0000] {dagbag.py:525} INFO - Filling up the DagBag from /home/airflow/.local/lib/python3.7/site-packages/airflow/example_dags/example_trigger_target_dag.py
[2022-10-03T12:30:08.848+0000] {processor.py:768} INFO - DAG(s) dict_keys(['example_trigger_target_dag']) retrieved from /home/airflow/.local/lib/python3.7/site-packages/airflow/example_dags/example_trigger_target_dag.py
[2022-10-03T12:30:08.896+0000] {logging_mixin.py:117} INFO - [2022-10-03T12:30:08.896+0000] {dag.py:2573} INFO - Sync 1 DAGs
[2022-10-03T12:30:08.927+0000] {logging_mixin.py:117} INFO - [2022-10-03T12:30:08.926+0000] {dag.py:3328} INFO - Setting next_dagrun for example_trigger_target_dag to None, run_after=None
[2022-10-03T12:30:08.949+0000] {processor.py:178} INFO - Processing /home/airflow/.local/lib/python3.7/site-packages/airflow/example_dags/example_trigger_target_dag.py took 0.130 seconds
[2022-10-03T12:30:39.743+0000] {processor.py:156} INFO - Started process (PID=2810) to work on /home/airflow/.local/lib/python3.7/site-packages/airflow/example_dags/example_trigger_target_dag.py
[2022-10-03T12:30:39.744+0000] {processor.py:758} INFO - Processing file /home/airflow/.local/lib/python3.7/site-packages/airflow/example_dags/example_trigger_target_dag.py for tasks to queue
[2022-10-03T12:30:39.745+0000] {logging_mixin.py:117} INFO - [2022-10-03T12:30:39.745+0000] {dagbag.py:525} INFO - Filling up the DagBag from /home/airflow/.local/lib/python3.7/site-packages/airflow/example_dags/example_trigger_target_dag.py
[2022-10-03T12:30:39.770+0000] {processor.py:768} INFO - DAG(s) dict_keys(['example_trigger_target_dag']) retrieved from /home/airflow/.local/lib/python3.7/site-packages/airflow/example_dags/example_trigger_target_dag.py
[2022-10-03T12:30:39.814+0000] {logging_mixin.py:117} INFO - [2022-10-03T12:30:39.814+0000] {dag.py:2573} INFO - Sync 1 DAGs
[2022-10-03T12:30:39.843+0000] {logging_mixin.py:117} INFO - [2022-10-03T12:30:39.842+0000] {dag.py:3328} INFO - Setting next_dagrun for example_trigger_target_dag to None, run_after=None
[2022-10-03T12:30:39.870+0000] {processor.py:178} INFO - Processing /home/airflow/.local/lib/python3.7/site-packages/airflow/example_dags/example_trigger_target_dag.py took 0.131 seconds
[2022-10-03T12:31:10.993+0000] {processor.py:156} INFO - Started process (PID=3017) to work on /home/airflow/.local/lib/python3.7/site-packages/airflow/example_dags/example_trigger_target_dag.py
[2022-10-03T12:31:10.995+0000] {processor.py:758} INFO - Processing file /home/airflow/.local/lib/python3.7/site-packages/airflow/example_dags/example_trigger_target_dag.py for tasks to queue
[2022-10-03T12:31:10.997+0000] {logging_mixin.py:117} INFO - [2022-10-03T12:31:10.996+0000] {dagbag.py:525} INFO - Filling up the DagBag from /home/airflow/.local/lib/python3.7/site-packages/airflow/example_dags/example_trigger_target_dag.py
[2022-10-03T12:31:11.051+0000] {processor.py:768} INFO - DAG(s) dict_keys(['example_trigger_target_dag']) retrieved from /home/airflow/.local/lib/python3.7/site-packages/airflow/example_dags/example_trigger_target_dag.py
[2022-10-03T12:31:11.143+0000] {logging_mixin.py:117} INFO - [2022-10-03T12:31:11.142+0000] {dag.py:2573} INFO - Sync 1 DAGs
[2022-10-03T12:31:11.205+0000] {logging_mixin.py:117} INFO - [2022-10-03T12:31:11.204+0000] {dag.py:3328} INFO - Setting next_dagrun for example_trigger_target_dag to None, run_after=None
[2022-10-03T12:31:11.252+0000] {processor.py:178} INFO - Processing /home/airflow/.local/lib/python3.7/site-packages/airflow/example_dags/example_trigger_target_dag.py took 0.267 seconds
[2022-10-03T12:31:41.512+0000] {processor.py:156} INFO - Started process (PID=3213) to work on /home/airflow/.local/lib/python3.7/site-packages/airflow/example_dags/example_trigger_target_dag.py
[2022-10-03T12:31:41.514+0000] {processor.py:758} INFO - Processing file /home/airflow/.local/lib/python3.7/site-packages/airflow/example_dags/example_trigger_target_dag.py for tasks to queue
[2022-10-03T12:31:41.515+0000] {logging_mixin.py:117} INFO - [2022-10-03T12:31:41.515+0000] {dagbag.py:525} INFO - Filling up the DagBag from /home/airflow/.local/lib/python3.7/site-packages/airflow/example_dags/example_trigger_target_dag.py
[2022-10-03T12:31:41.572+0000] {processor.py:768} INFO - DAG(s) dict_keys(['example_trigger_target_dag']) retrieved from /home/airflow/.local/lib/python3.7/site-packages/airflow/example_dags/example_trigger_target_dag.py
[2022-10-03T12:31:41.662+0000] {logging_mixin.py:117} INFO - [2022-10-03T12:31:41.661+0000] {dag.py:2573} INFO - Sync 1 DAGs
[2022-10-03T12:31:41.732+0000] {logging_mixin.py:117} INFO - [2022-10-03T12:31:41.731+0000] {dag.py:3328} INFO - Setting next_dagrun for example_trigger_target_dag to None, run_after=None
[2022-10-03T12:31:41.789+0000] {processor.py:178} INFO - Processing /home/airflow/.local/lib/python3.7/site-packages/airflow/example_dags/example_trigger_target_dag.py took 0.284 seconds
[2022-10-03T12:32:12.622+0000] {processor.py:156} INFO - Started process (PID=3420) to work on /home/airflow/.local/lib/python3.7/site-packages/airflow/example_dags/example_trigger_target_dag.py
[2022-10-03T12:32:12.624+0000] {processor.py:758} INFO - Processing file /home/airflow/.local/lib/python3.7/site-packages/airflow/example_dags/example_trigger_target_dag.py for tasks to queue
[2022-10-03T12:32:12.627+0000] {logging_mixin.py:117} INFO - [2022-10-03T12:32:12.626+0000] {dagbag.py:525} INFO - Filling up the DagBag from /home/airflow/.local/lib/python3.7/site-packages/airflow/example_dags/example_trigger_target_dag.py
[2022-10-03T12:32:12.704+0000] {processor.py:768} INFO - DAG(s) dict_keys(['example_trigger_target_dag']) retrieved from /home/airflow/.local/lib/python3.7/site-packages/airflow/example_dags/example_trigger_target_dag.py
[2022-10-03T12:32:12.839+0000] {logging_mixin.py:117} INFO - [2022-10-03T12:32:12.839+0000] {dag.py:2573} INFO - Sync 1 DAGs
[2022-10-03T12:32:12.934+0000] {logging_mixin.py:117} INFO - [2022-10-03T12:32:12.933+0000] {dag.py:3328} INFO - Setting next_dagrun for example_trigger_target_dag to None, run_after=None
[2022-10-03T12:32:13.001+0000] {processor.py:178} INFO - Processing /home/airflow/.local/lib/python3.7/site-packages/airflow/example_dags/example_trigger_target_dag.py took 0.389 seconds
[2022-10-03T12:32:43.537+0000] {processor.py:156} INFO - Started process (PID=3618) to work on /home/airflow/.local/lib/python3.7/site-packages/airflow/example_dags/example_trigger_target_dag.py
[2022-10-03T12:32:43.538+0000] {processor.py:758} INFO - Processing file /home/airflow/.local/lib/python3.7/site-packages/airflow/example_dags/example_trigger_target_dag.py for tasks to queue
[2022-10-03T12:32:43.540+0000] {logging_mixin.py:117} INFO - [2022-10-03T12:32:43.539+0000] {dagbag.py:525} INFO - Filling up the DagBag from /home/airflow/.local/lib/python3.7/site-packages/airflow/example_dags/example_trigger_target_dag.py
[2022-10-03T12:32:43.600+0000] {processor.py:768} INFO - DAG(s) dict_keys(['example_trigger_target_dag']) retrieved from /home/airflow/.local/lib/python3.7/site-packages/airflow/example_dags/example_trigger_target_dag.py
[2022-10-03T12:32:43.694+0000] {logging_mixin.py:117} INFO - [2022-10-03T12:32:43.694+0000] {dag.py:2573} INFO - Sync 1 DAGs
[2022-10-03T12:32:43.769+0000] {logging_mixin.py:117} INFO - [2022-10-03T12:32:43.769+0000] {dag.py:3328} INFO - Setting next_dagrun for example_trigger_target_dag to None, run_after=None
[2022-10-03T12:32:43.822+0000] {processor.py:178} INFO - Processing /home/airflow/.local/lib/python3.7/site-packages/airflow/example_dags/example_trigger_target_dag.py took 0.292 seconds
[2022-10-03T12:33:14.500+0000] {processor.py:156} INFO - Started process (PID=3825) to work on /home/airflow/.local/lib/python3.7/site-packages/airflow/example_dags/example_trigger_target_dag.py
[2022-10-03T12:33:14.501+0000] {processor.py:758} INFO - Processing file /home/airflow/.local/lib/python3.7/site-packages/airflow/example_dags/example_trigger_target_dag.py for tasks to queue
[2022-10-03T12:33:14.502+0000] {logging_mixin.py:117} INFO - [2022-10-03T12:33:14.501+0000] {dagbag.py:525} INFO - Filling up the DagBag from /home/airflow/.local/lib/python3.7/site-packages/airflow/example_dags/example_trigger_target_dag.py
[2022-10-03T12:33:14.530+0000] {processor.py:768} INFO - DAG(s) dict_keys(['example_trigger_target_dag']) retrieved from /home/airflow/.local/lib/python3.7/site-packages/airflow/example_dags/example_trigger_target_dag.py
[2022-10-03T12:33:14.577+0000] {logging_mixin.py:117} INFO - [2022-10-03T12:33:14.577+0000] {dag.py:2573} INFO - Sync 1 DAGs
[2022-10-03T12:33:14.608+0000] {logging_mixin.py:117} INFO - [2022-10-03T12:33:14.608+0000] {dag.py:3328} INFO - Setting next_dagrun for example_trigger_target_dag to None, run_after=None
[2022-10-03T12:33:14.634+0000] {processor.py:178} INFO - Processing /home/airflow/.local/lib/python3.7/site-packages/airflow/example_dags/example_trigger_target_dag.py took 0.137 seconds
[2022-10-03T12:33:45.242+0000] {processor.py:156} INFO - Started process (PID=4032) to work on /home/airflow/.local/lib/python3.7/site-packages/airflow/example_dags/example_trigger_target_dag.py
[2022-10-03T12:33:45.243+0000] {processor.py:758} INFO - Processing file /home/airflow/.local/lib/python3.7/site-packages/airflow/example_dags/example_trigger_target_dag.py for tasks to queue
[2022-10-03T12:33:45.243+0000] {logging_mixin.py:117} INFO - [2022-10-03T12:33:45.243+0000] {dagbag.py:525} INFO - Filling up the DagBag from /home/airflow/.local/lib/python3.7/site-packages/airflow/example_dags/example_trigger_target_dag.py
[2022-10-03T12:33:45.272+0000] {processor.py:768} INFO - DAG(s) dict_keys(['example_trigger_target_dag']) retrieved from /home/airflow/.local/lib/python3.7/site-packages/airflow/example_dags/example_trigger_target_dag.py
[2022-10-03T12:33:45.323+0000] {logging_mixin.py:117} INFO - [2022-10-03T12:33:45.323+0000] {dag.py:2573} INFO - Sync 1 DAGs
[2022-10-03T12:33:45.360+0000] {logging_mixin.py:117} INFO - [2022-10-03T12:33:45.359+0000] {dag.py:3328} INFO - Setting next_dagrun for example_trigger_target_dag to None, run_after=None
[2022-10-03T12:33:45.399+0000] {processor.py:178} INFO - Processing /home/airflow/.local/lib/python3.7/site-packages/airflow/example_dags/example_trigger_target_dag.py took 0.160 seconds
[2022-10-03T12:34:15.749+0000] {processor.py:156} INFO - Started process (PID=4232) to work on /home/airflow/.local/lib/python3.7/site-packages/airflow/example_dags/example_trigger_target_dag.py
[2022-10-03T12:34:15.750+0000] {processor.py:758} INFO - Processing file /home/airflow/.local/lib/python3.7/site-packages/airflow/example_dags/example_trigger_target_dag.py for tasks to queue
[2022-10-03T12:34:15.751+0000] {logging_mixin.py:117} INFO - [2022-10-03T12:34:15.750+0000] {dagbag.py:525} INFO - Filling up the DagBag from /home/airflow/.local/lib/python3.7/site-packages/airflow/example_dags/example_trigger_target_dag.py
[2022-10-03T12:34:15.776+0000] {processor.py:768} INFO - DAG(s) dict_keys(['example_trigger_target_dag']) retrieved from /home/airflow/.local/lib/python3.7/site-packages/airflow/example_dags/example_trigger_target_dag.py
[2022-10-03T12:34:15.822+0000] {logging_mixin.py:117} INFO - [2022-10-03T12:34:15.822+0000] {dag.py:2573} INFO - Sync 1 DAGs
[2022-10-03T12:34:15.852+0000] {logging_mixin.py:117} INFO - [2022-10-03T12:34:15.852+0000] {dag.py:3328} INFO - Setting next_dagrun for example_trigger_target_dag to None, run_after=None
[2022-10-03T12:34:15.879+0000] {processor.py:178} INFO - Processing /home/airflow/.local/lib/python3.7/site-packages/airflow/example_dags/example_trigger_target_dag.py took 0.135 seconds
[2022-10-03T12:34:46.512+0000] {processor.py:156} INFO - Started process (PID=4438) to work on /home/airflow/.local/lib/python3.7/site-packages/airflow/example_dags/example_trigger_target_dag.py
[2022-10-03T12:34:46.514+0000] {processor.py:758} INFO - Processing file /home/airflow/.local/lib/python3.7/site-packages/airflow/example_dags/example_trigger_target_dag.py for tasks to queue
[2022-10-03T12:34:46.516+0000] {logging_mixin.py:117} INFO - [2022-10-03T12:34:46.515+0000] {dagbag.py:525} INFO - Filling up the DagBag from /home/airflow/.local/lib/python3.7/site-packages/airflow/example_dags/example_trigger_target_dag.py
[2022-10-03T12:34:46.573+0000] {processor.py:768} INFO - DAG(s) dict_keys(['example_trigger_target_dag']) retrieved from /home/airflow/.local/lib/python3.7/site-packages/airflow/example_dags/example_trigger_target_dag.py
[2022-10-03T12:34:46.678+0000] {logging_mixin.py:117} INFO - [2022-10-03T12:34:46.678+0000] {dag.py:2573} INFO - Sync 1 DAGs
[2022-10-03T12:34:46.757+0000] {logging_mixin.py:117} INFO - [2022-10-03T12:34:46.756+0000] {dag.py:3328} INFO - Setting next_dagrun for example_trigger_target_dag to None, run_after=None
[2022-10-03T12:34:46.824+0000] {processor.py:178} INFO - Processing /home/airflow/.local/lib/python3.7/site-packages/airflow/example_dags/example_trigger_target_dag.py took 0.318 seconds
[2022-10-03T12:35:17.160+0000] {processor.py:156} INFO - Started process (PID=4633) to work on /home/airflow/.local/lib/python3.7/site-packages/airflow/example_dags/example_trigger_target_dag.py
[2022-10-03T12:35:17.161+0000] {processor.py:758} INFO - Processing file /home/airflow/.local/lib/python3.7/site-packages/airflow/example_dags/example_trigger_target_dag.py for tasks to queue
[2022-10-03T12:35:17.162+0000] {logging_mixin.py:117} INFO - [2022-10-03T12:35:17.162+0000] {dagbag.py:525} INFO - Filling up the DagBag from /home/airflow/.local/lib/python3.7/site-packages/airflow/example_dags/example_trigger_target_dag.py
[2022-10-03T12:35:17.186+0000] {processor.py:768} INFO - DAG(s) dict_keys(['example_trigger_target_dag']) retrieved from /home/airflow/.local/lib/python3.7/site-packages/airflow/example_dags/example_trigger_target_dag.py
[2022-10-03T12:35:17.231+0000] {logging_mixin.py:117} INFO - [2022-10-03T12:35:17.231+0000] {dag.py:2573} INFO - Sync 1 DAGs
[2022-10-03T12:35:17.261+0000] {logging_mixin.py:117} INFO - [2022-10-03T12:35:17.261+0000] {dag.py:3328} INFO - Setting next_dagrun for example_trigger_target_dag to None, run_after=None
[2022-10-03T12:35:17.290+0000] {processor.py:178} INFO - Processing /home/airflow/.local/lib/python3.7/site-packages/airflow/example_dags/example_trigger_target_dag.py took 0.135 seconds
[2022-10-03T12:35:47.545+0000] {processor.py:156} INFO - Started process (PID=4840) to work on /home/airflow/.local/lib/python3.7/site-packages/airflow/example_dags/example_trigger_target_dag.py
[2022-10-03T12:35:47.546+0000] {processor.py:758} INFO - Processing file /home/airflow/.local/lib/python3.7/site-packages/airflow/example_dags/example_trigger_target_dag.py for tasks to queue
[2022-10-03T12:35:47.547+0000] {logging_mixin.py:117} INFO - [2022-10-03T12:35:47.546+0000] {dagbag.py:525} INFO - Filling up the DagBag from /home/airflow/.local/lib/python3.7/site-packages/airflow/example_dags/example_trigger_target_dag.py
[2022-10-03T12:35:47.573+0000] {processor.py:768} INFO - DAG(s) dict_keys(['example_trigger_target_dag']) retrieved from /home/airflow/.local/lib/python3.7/site-packages/airflow/example_dags/example_trigger_target_dag.py
[2022-10-03T12:35:47.626+0000] {logging_mixin.py:117} INFO - [2022-10-03T12:35:47.626+0000] {dag.py:2573} INFO - Sync 1 DAGs
[2022-10-03T12:35:47.658+0000] {logging_mixin.py:117} INFO - [2022-10-03T12:35:47.658+0000] {dag.py:3328} INFO - Setting next_dagrun for example_trigger_target_dag to None, run_after=None
[2022-10-03T12:35:47.689+0000] {processor.py:178} INFO - Processing /home/airflow/.local/lib/python3.7/site-packages/airflow/example_dags/example_trigger_target_dag.py took 0.147 seconds
[2022-10-03T12:36:18.171+0000] {processor.py:156} INFO - Started process (PID=5041) to work on /home/airflow/.local/lib/python3.7/site-packages/airflow/example_dags/example_trigger_target_dag.py
[2022-10-03T12:36:18.173+0000] {processor.py:758} INFO - Processing file /home/airflow/.local/lib/python3.7/site-packages/airflow/example_dags/example_trigger_target_dag.py for tasks to queue
[2022-10-03T12:36:18.174+0000] {logging_mixin.py:117} INFO - [2022-10-03T12:36:18.174+0000] {dagbag.py:525} INFO - Filling up the DagBag from /home/airflow/.local/lib/python3.7/site-packages/airflow/example_dags/example_trigger_target_dag.py
[2022-10-03T12:36:18.225+0000] {processor.py:768} INFO - DAG(s) dict_keys(['example_trigger_target_dag']) retrieved from /home/airflow/.local/lib/python3.7/site-packages/airflow/example_dags/example_trigger_target_dag.py
[2022-10-03T12:36:18.315+0000] {logging_mixin.py:117} INFO - [2022-10-03T12:36:18.314+0000] {dag.py:2573} INFO - Sync 1 DAGs
[2022-10-03T12:36:18.374+0000] {logging_mixin.py:117} INFO - [2022-10-03T12:36:18.374+0000] {dag.py:3328} INFO - Setting next_dagrun for example_trigger_target_dag to None, run_after=None
[2022-10-03T12:36:18.423+0000] {processor.py:178} INFO - Processing /home/airflow/.local/lib/python3.7/site-packages/airflow/example_dags/example_trigger_target_dag.py took 0.260 seconds
[2022-10-03T12:36:48.729+0000] {processor.py:156} INFO - Started process (PID=5245) to work on /home/airflow/.local/lib/python3.7/site-packages/airflow/example_dags/example_trigger_target_dag.py
[2022-10-03T12:36:48.731+0000] {processor.py:758} INFO - Processing file /home/airflow/.local/lib/python3.7/site-packages/airflow/example_dags/example_trigger_target_dag.py for tasks to queue
[2022-10-03T12:36:48.733+0000] {logging_mixin.py:117} INFO - [2022-10-03T12:36:48.732+0000] {dagbag.py:525} INFO - Filling up the DagBag from /home/airflow/.local/lib/python3.7/site-packages/airflow/example_dags/example_trigger_target_dag.py
[2022-10-03T12:36:48.786+0000] {processor.py:768} INFO - DAG(s) dict_keys(['example_trigger_target_dag']) retrieved from /home/airflow/.local/lib/python3.7/site-packages/airflow/example_dags/example_trigger_target_dag.py
[2022-10-03T12:36:48.860+0000] {logging_mixin.py:117} INFO - [2022-10-03T12:36:48.860+0000] {dag.py:2573} INFO - Sync 1 DAGs
[2022-10-03T12:36:48.890+0000] {logging_mixin.py:117} INFO - [2022-10-03T12:36:48.890+0000] {dag.py:3328} INFO - Setting next_dagrun for example_trigger_target_dag to None, run_after=None
[2022-10-03T12:36:48.914+0000] {processor.py:178} INFO - Processing /home/airflow/.local/lib/python3.7/site-packages/airflow/example_dags/example_trigger_target_dag.py took 0.191 seconds
[2022-10-03T12:37:19.212+0000] {processor.py:156} INFO - Started process (PID=5443) to work on /home/airflow/.local/lib/python3.7/site-packages/airflow/example_dags/example_trigger_target_dag.py
[2022-10-03T12:37:19.213+0000] {processor.py:758} INFO - Processing file /home/airflow/.local/lib/python3.7/site-packages/airflow/example_dags/example_trigger_target_dag.py for tasks to queue
[2022-10-03T12:37:19.214+0000] {logging_mixin.py:117} INFO - [2022-10-03T12:37:19.214+0000] {dagbag.py:525} INFO - Filling up the DagBag from /home/airflow/.local/lib/python3.7/site-packages/airflow/example_dags/example_trigger_target_dag.py
[2022-10-03T12:37:19.239+0000] {processor.py:768} INFO - DAG(s) dict_keys(['example_trigger_target_dag']) retrieved from /home/airflow/.local/lib/python3.7/site-packages/airflow/example_dags/example_trigger_target_dag.py
[2022-10-03T12:37:19.286+0000] {logging_mixin.py:117} INFO - [2022-10-03T12:37:19.286+0000] {dag.py:2573} INFO - Sync 1 DAGs
[2022-10-03T12:37:19.317+0000] {logging_mixin.py:117} INFO - [2022-10-03T12:37:19.317+0000] {dag.py:3328} INFO - Setting next_dagrun for example_trigger_target_dag to None, run_after=None
[2022-10-03T12:37:19.344+0000] {processor.py:178} INFO - Processing /home/airflow/.local/lib/python3.7/site-packages/airflow/example_dags/example_trigger_target_dag.py took 0.136 seconds
[2022-10-03T12:37:50.043+0000] {processor.py:156} INFO - Started process (PID=5653) to work on /home/airflow/.local/lib/python3.7/site-packages/airflow/example_dags/example_trigger_target_dag.py
[2022-10-03T12:37:50.044+0000] {processor.py:758} INFO - Processing file /home/airflow/.local/lib/python3.7/site-packages/airflow/example_dags/example_trigger_target_dag.py for tasks to queue
[2022-10-03T12:37:50.045+0000] {logging_mixin.py:117} INFO - [2022-10-03T12:37:50.044+0000] {dagbag.py:525} INFO - Filling up the DagBag from /home/airflow/.local/lib/python3.7/site-packages/airflow/example_dags/example_trigger_target_dag.py
[2022-10-03T12:37:50.069+0000] {processor.py:768} INFO - DAG(s) dict_keys(['example_trigger_target_dag']) retrieved from /home/airflow/.local/lib/python3.7/site-packages/airflow/example_dags/example_trigger_target_dag.py
[2022-10-03T12:37:50.121+0000] {logging_mixin.py:117} INFO - [2022-10-03T12:37:50.121+0000] {dag.py:2573} INFO - Sync 1 DAGs
[2022-10-03T12:37:50.155+0000] {logging_mixin.py:117} INFO - [2022-10-03T12:37:50.155+0000] {dag.py:3328} INFO - Setting next_dagrun for example_trigger_target_dag to None, run_after=None
[2022-10-03T12:37:50.182+0000] {processor.py:178} INFO - Processing /home/airflow/.local/lib/python3.7/site-packages/airflow/example_dags/example_trigger_target_dag.py took 0.143 seconds
[2022-10-03T12:38:20.980+0000] {processor.py:156} INFO - Started process (PID=5860) to work on /home/airflow/.local/lib/python3.7/site-packages/airflow/example_dags/example_trigger_target_dag.py
[2022-10-03T12:38:20.981+0000] {processor.py:758} INFO - Processing file /home/airflow/.local/lib/python3.7/site-packages/airflow/example_dags/example_trigger_target_dag.py for tasks to queue
[2022-10-03T12:38:20.982+0000] {logging_mixin.py:117} INFO - [2022-10-03T12:38:20.982+0000] {dagbag.py:525} INFO - Filling up the DagBag from /home/airflow/.local/lib/python3.7/site-packages/airflow/example_dags/example_trigger_target_dag.py
[2022-10-03T12:38:21.008+0000] {processor.py:768} INFO - DAG(s) dict_keys(['example_trigger_target_dag']) retrieved from /home/airflow/.local/lib/python3.7/site-packages/airflow/example_dags/example_trigger_target_dag.py
[2022-10-03T12:38:21.082+0000] {logging_mixin.py:117} INFO - [2022-10-03T12:38:21.082+0000] {dag.py:2573} INFO - Sync 1 DAGs
[2022-10-03T12:38:21.145+0000] {logging_mixin.py:117} INFO - [2022-10-03T12:38:21.145+0000] {dag.py:3328} INFO - Setting next_dagrun for example_trigger_target_dag to None, run_after=None
[2022-10-03T12:38:21.195+0000] {processor.py:178} INFO - Processing /home/airflow/.local/lib/python3.7/site-packages/airflow/example_dags/example_trigger_target_dag.py took 0.218 seconds
[2022-10-03T12:38:51.514+0000] {processor.py:156} INFO - Started process (PID=6055) to work on /home/airflow/.local/lib/python3.7/site-packages/airflow/example_dags/example_trigger_target_dag.py
[2022-10-03T12:38:51.516+0000] {processor.py:758} INFO - Processing file /home/airflow/.local/lib/python3.7/site-packages/airflow/example_dags/example_trigger_target_dag.py for tasks to queue
[2022-10-03T12:38:51.517+0000] {logging_mixin.py:117} INFO - [2022-10-03T12:38:51.517+0000] {dagbag.py:525} INFO - Filling up the DagBag from /home/airflow/.local/lib/python3.7/site-packages/airflow/example_dags/example_trigger_target_dag.py
[2022-10-03T12:38:51.581+0000] {processor.py:768} INFO - DAG(s) dict_keys(['example_trigger_target_dag']) retrieved from /home/airflow/.local/lib/python3.7/site-packages/airflow/example_dags/example_trigger_target_dag.py
[2022-10-03T12:38:51.688+0000] {logging_mixin.py:117} INFO - [2022-10-03T12:38:51.687+0000] {dag.py:2573} INFO - Sync 1 DAGs
[2022-10-03T12:38:51.776+0000] {logging_mixin.py:117} INFO - [2022-10-03T12:38:51.776+0000] {dag.py:3328} INFO - Setting next_dagrun for example_trigger_target_dag to None, run_after=None
[2022-10-03T12:38:51.845+0000] {processor.py:178} INFO - Processing /home/airflow/.local/lib/python3.7/site-packages/airflow/example_dags/example_trigger_target_dag.py took 0.338 seconds
[2022-10-03T12:39:22.568+0000] {processor.py:156} INFO - Started process (PID=6265) to work on /home/airflow/.local/lib/python3.7/site-packages/airflow/example_dags/example_trigger_target_dag.py
[2022-10-03T12:39:22.570+0000] {processor.py:758} INFO - Processing file /home/airflow/.local/lib/python3.7/site-packages/airflow/example_dags/example_trigger_target_dag.py for tasks to queue
[2022-10-03T12:39:22.571+0000] {logging_mixin.py:117} INFO - [2022-10-03T12:39:22.571+0000] {dagbag.py:525} INFO - Filling up the DagBag from /home/airflow/.local/lib/python3.7/site-packages/airflow/example_dags/example_trigger_target_dag.py
[2022-10-03T12:39:22.627+0000] {processor.py:768} INFO - DAG(s) dict_keys(['example_trigger_target_dag']) retrieved from /home/airflow/.local/lib/python3.7/site-packages/airflow/example_dags/example_trigger_target_dag.py
[2022-10-03T12:39:22.720+0000] {logging_mixin.py:117} INFO - [2022-10-03T12:39:22.719+0000] {dag.py:2573} INFO - Sync 1 DAGs
[2022-10-03T12:39:22.790+0000] {logging_mixin.py:117} INFO - [2022-10-03T12:39:22.790+0000] {dag.py:3328} INFO - Setting next_dagrun for example_trigger_target_dag to None, run_after=None
[2022-10-03T12:39:22.841+0000] {processor.py:178} INFO - Processing /home/airflow/.local/lib/python3.7/site-packages/airflow/example_dags/example_trigger_target_dag.py took 0.281 seconds
[2022-10-03T12:39:53.334+0000] {processor.py:156} INFO - Started process (PID=6463) to work on /home/airflow/.local/lib/python3.7/site-packages/airflow/example_dags/example_trigger_target_dag.py
[2022-10-03T12:39:53.335+0000] {processor.py:758} INFO - Processing file /home/airflow/.local/lib/python3.7/site-packages/airflow/example_dags/example_trigger_target_dag.py for tasks to queue
[2022-10-03T12:39:53.336+0000] {logging_mixin.py:117} INFO - [2022-10-03T12:39:53.336+0000] {dagbag.py:525} INFO - Filling up the DagBag from /home/airflow/.local/lib/python3.7/site-packages/airflow/example_dags/example_trigger_target_dag.py
[2022-10-03T12:39:53.363+0000] {processor.py:768} INFO - DAG(s) dict_keys(['example_trigger_target_dag']) retrieved from /home/airflow/.local/lib/python3.7/site-packages/airflow/example_dags/example_trigger_target_dag.py
[2022-10-03T12:39:53.409+0000] {logging_mixin.py:117} INFO - [2022-10-03T12:39:53.408+0000] {dag.py:2573} INFO - Sync 1 DAGs
[2022-10-03T12:39:53.439+0000] {logging_mixin.py:117} INFO - [2022-10-03T12:39:53.439+0000] {dag.py:3328} INFO - Setting next_dagrun for example_trigger_target_dag to None, run_after=None
[2022-10-03T12:39:53.467+0000] {processor.py:178} INFO - Processing /home/airflow/.local/lib/python3.7/site-packages/airflow/example_dags/example_trigger_target_dag.py took 0.136 seconds
[2022-10-03T12:40:24.139+0000] {processor.py:156} INFO - Started process (PID=6670) to work on /home/airflow/.local/lib/python3.7/site-packages/airflow/example_dags/example_trigger_target_dag.py
[2022-10-03T12:40:24.140+0000] {processor.py:758} INFO - Processing file /home/airflow/.local/lib/python3.7/site-packages/airflow/example_dags/example_trigger_target_dag.py for tasks to queue
[2022-10-03T12:40:24.141+0000] {logging_mixin.py:117} INFO - [2022-10-03T12:40:24.141+0000] {dagbag.py:525} INFO - Filling up the DagBag from /home/airflow/.local/lib/python3.7/site-packages/airflow/example_dags/example_trigger_target_dag.py
[2022-10-03T12:40:24.170+0000] {processor.py:768} INFO - DAG(s) dict_keys(['example_trigger_target_dag']) retrieved from /home/airflow/.local/lib/python3.7/site-packages/airflow/example_dags/example_trigger_target_dag.py
[2022-10-03T12:40:24.225+0000] {logging_mixin.py:117} INFO - [2022-10-03T12:40:24.225+0000] {dag.py:2573} INFO - Sync 1 DAGs
[2022-10-03T12:40:24.255+0000] {logging_mixin.py:117} INFO - [2022-10-03T12:40:24.254+0000] {dag.py:3328} INFO - Setting next_dagrun for example_trigger_target_dag to None, run_after=None
[2022-10-03T12:40:24.279+0000] {processor.py:178} INFO - Processing /home/airflow/.local/lib/python3.7/site-packages/airflow/example_dags/example_trigger_target_dag.py took 0.144 seconds
[2022-10-03T12:40:54.589+0000] {processor.py:156} INFO - Started process (PID=6868) to work on /home/airflow/.local/lib/python3.7/site-packages/airflow/example_dags/example_trigger_target_dag.py
[2022-10-03T12:40:54.590+0000] {processor.py:758} INFO - Processing file /home/airflow/.local/lib/python3.7/site-packages/airflow/example_dags/example_trigger_target_dag.py for tasks to queue
[2022-10-03T12:40:54.591+0000] {logging_mixin.py:117} INFO - [2022-10-03T12:40:54.590+0000] {dagbag.py:525} INFO - Filling up the DagBag from /home/airflow/.local/lib/python3.7/site-packages/airflow/example_dags/example_trigger_target_dag.py
[2022-10-03T12:40:54.617+0000] {processor.py:768} INFO - DAG(s) dict_keys(['example_trigger_target_dag']) retrieved from /home/airflow/.local/lib/python3.7/site-packages/airflow/example_dags/example_trigger_target_dag.py
[2022-10-03T12:40:54.664+0000] {logging_mixin.py:117} INFO - [2022-10-03T12:40:54.664+0000] {dag.py:2573} INFO - Sync 1 DAGs
[2022-10-03T12:40:54.693+0000] {logging_mixin.py:117} INFO - [2022-10-03T12:40:54.692+0000] {dag.py:3328} INFO - Setting next_dagrun for example_trigger_target_dag to None, run_after=None
[2022-10-03T12:40:54.719+0000] {processor.py:178} INFO - Processing /home/airflow/.local/lib/python3.7/site-packages/airflow/example_dags/example_trigger_target_dag.py took 0.133 seconds
[2022-10-03T12:41:25.350+0000] {processor.py:156} INFO - Started process (PID=7075) to work on /home/airflow/.local/lib/python3.7/site-packages/airflow/example_dags/example_trigger_target_dag.py
[2022-10-03T12:41:25.351+0000] {processor.py:758} INFO - Processing file /home/airflow/.local/lib/python3.7/site-packages/airflow/example_dags/example_trigger_target_dag.py for tasks to queue
[2022-10-03T12:41:25.352+0000] {logging_mixin.py:117} INFO - [2022-10-03T12:41:25.352+0000] {dagbag.py:525} INFO - Filling up the DagBag from /home/airflow/.local/lib/python3.7/site-packages/airflow/example_dags/example_trigger_target_dag.py
[2022-10-03T12:41:25.392+0000] {processor.py:768} INFO - DAG(s) dict_keys(['example_trigger_target_dag']) retrieved from /home/airflow/.local/lib/python3.7/site-packages/airflow/example_dags/example_trigger_target_dag.py
[2022-10-03T12:41:25.456+0000] {logging_mixin.py:117} INFO - [2022-10-03T12:41:25.456+0000] {dag.py:2573} INFO - Sync 1 DAGs
[2022-10-03T12:41:25.500+0000] {logging_mixin.py:117} INFO - [2022-10-03T12:41:25.500+0000] {dag.py:3328} INFO - Setting next_dagrun for example_trigger_target_dag to None, run_after=None
[2022-10-03T12:41:25.535+0000] {processor.py:178} INFO - Processing /home/airflow/.local/lib/python3.7/site-packages/airflow/example_dags/example_trigger_target_dag.py took 0.190 seconds
[2022-10-03T12:41:56.129+0000] {processor.py:156} INFO - Started process (PID=7282) to work on /home/airflow/.local/lib/python3.7/site-packages/airflow/example_dags/example_trigger_target_dag.py
[2022-10-03T12:41:56.130+0000] {processor.py:758} INFO - Processing file /home/airflow/.local/lib/python3.7/site-packages/airflow/example_dags/example_trigger_target_dag.py for tasks to queue
[2022-10-03T12:41:56.131+0000] {logging_mixin.py:117} INFO - [2022-10-03T12:41:56.131+0000] {dagbag.py:525} INFO - Filling up the DagBag from /home/airflow/.local/lib/python3.7/site-packages/airflow/example_dags/example_trigger_target_dag.py
[2022-10-03T12:41:56.155+0000] {processor.py:768} INFO - DAG(s) dict_keys(['example_trigger_target_dag']) retrieved from /home/airflow/.local/lib/python3.7/site-packages/airflow/example_dags/example_trigger_target_dag.py
[2022-10-03T12:41:56.203+0000] {logging_mixin.py:117} INFO - [2022-10-03T12:41:56.203+0000] {dag.py:2573} INFO - Sync 1 DAGs
[2022-10-03T12:41:56.236+0000] {logging_mixin.py:117} INFO - [2022-10-03T12:41:56.235+0000] {dag.py:3328} INFO - Setting next_dagrun for example_trigger_target_dag to None, run_after=None
[2022-10-03T12:41:56.263+0000] {processor.py:178} INFO - Processing /home/airflow/.local/lib/python3.7/site-packages/airflow/example_dags/example_trigger_target_dag.py took 0.136 seconds
[2022-10-03T12:42:26.411+0000] {processor.py:156} INFO - Started process (PID=7477) to work on /home/airflow/.local/lib/python3.7/site-packages/airflow/example_dags/example_trigger_target_dag.py
[2022-10-03T12:42:26.414+0000] {processor.py:758} INFO - Processing file /home/airflow/.local/lib/python3.7/site-packages/airflow/example_dags/example_trigger_target_dag.py for tasks to queue
[2022-10-03T12:42:26.416+0000] {logging_mixin.py:117} INFO - [2022-10-03T12:42:26.415+0000] {dagbag.py:525} INFO - Filling up the DagBag from /home/airflow/.local/lib/python3.7/site-packages/airflow/example_dags/example_trigger_target_dag.py
[2022-10-03T12:42:26.464+0000] {processor.py:768} INFO - DAG(s) dict_keys(['example_trigger_target_dag']) retrieved from /home/airflow/.local/lib/python3.7/site-packages/airflow/example_dags/example_trigger_target_dag.py
[2022-10-03T12:42:26.553+0000] {logging_mixin.py:117} INFO - [2022-10-03T12:42:26.552+0000] {dag.py:2573} INFO - Sync 1 DAGs
[2022-10-03T12:42:26.622+0000] {logging_mixin.py:117} INFO - [2022-10-03T12:42:26.621+0000] {dag.py:3328} INFO - Setting next_dagrun for example_trigger_target_dag to None, run_after=None
[2022-10-03T12:42:26.672+0000] {processor.py:178} INFO - Processing /home/airflow/.local/lib/python3.7/site-packages/airflow/example_dags/example_trigger_target_dag.py took 0.269 seconds
[2022-10-03T12:42:56.865+0000] {processor.py:156} INFO - Started process (PID=7684) to work on /home/airflow/.local/lib/python3.7/site-packages/airflow/example_dags/example_trigger_target_dag.py
[2022-10-03T12:42:56.867+0000] {processor.py:758} INFO - Processing file /home/airflow/.local/lib/python3.7/site-packages/airflow/example_dags/example_trigger_target_dag.py for tasks to queue
[2022-10-03T12:42:56.867+0000] {logging_mixin.py:117} INFO - [2022-10-03T12:42:56.867+0000] {dagbag.py:525} INFO - Filling up the DagBag from /home/airflow/.local/lib/python3.7/site-packages/airflow/example_dags/example_trigger_target_dag.py
[2022-10-03T12:42:56.888+0000] {processor.py:768} INFO - DAG(s) dict_keys(['example_trigger_target_dag']) retrieved from /home/airflow/.local/lib/python3.7/site-packages/airflow/example_dags/example_trigger_target_dag.py
[2022-10-03T12:42:56.928+0000] {logging_mixin.py:117} INFO - [2022-10-03T12:42:56.928+0000] {dag.py:2573} INFO - Sync 1 DAGs
[2022-10-03T12:42:56.957+0000] {logging_mixin.py:117} INFO - [2022-10-03T12:42:56.957+0000] {dag.py:3328} INFO - Setting next_dagrun for example_trigger_target_dag to None, run_after=None
[2022-10-03T12:42:56.978+0000] {processor.py:178} INFO - Processing /home/airflow/.local/lib/python3.7/site-packages/airflow/example_dags/example_trigger_target_dag.py took 0.116 seconds
[2022-10-03T12:43:27.239+0000] {processor.py:156} INFO - Started process (PID=7882) to work on /home/airflow/.local/lib/python3.7/site-packages/airflow/example_dags/example_trigger_target_dag.py
[2022-10-03T12:43:27.241+0000] {processor.py:758} INFO - Processing file /home/airflow/.local/lib/python3.7/site-packages/airflow/example_dags/example_trigger_target_dag.py for tasks to queue
[2022-10-03T12:43:27.242+0000] {logging_mixin.py:117} INFO - [2022-10-03T12:43:27.242+0000] {dagbag.py:525} INFO - Filling up the DagBag from /home/airflow/.local/lib/python3.7/site-packages/airflow/example_dags/example_trigger_target_dag.py
[2022-10-03T12:43:27.263+0000] {processor.py:768} INFO - DAG(s) dict_keys(['example_trigger_target_dag']) retrieved from /home/airflow/.local/lib/python3.7/site-packages/airflow/example_dags/example_trigger_target_dag.py
[2022-10-03T12:43:27.300+0000] {logging_mixin.py:117} INFO - [2022-10-03T12:43:27.299+0000] {dag.py:2573} INFO - Sync 1 DAGs
[2022-10-03T12:43:27.324+0000] {logging_mixin.py:117} INFO - [2022-10-03T12:43:27.324+0000] {dag.py:3328} INFO - Setting next_dagrun for example_trigger_target_dag to None, run_after=None
[2022-10-03T12:43:27.348+0000] {processor.py:178} INFO - Processing /home/airflow/.local/lib/python3.7/site-packages/airflow/example_dags/example_trigger_target_dag.py took 0.112 seconds
[2022-10-03T12:43:57.730+0000] {processor.py:156} INFO - Started process (PID=8089) to work on /home/airflow/.local/lib/python3.7/site-packages/airflow/example_dags/example_trigger_target_dag.py
[2022-10-03T12:43:57.731+0000] {processor.py:758} INFO - Processing file /home/airflow/.local/lib/python3.7/site-packages/airflow/example_dags/example_trigger_target_dag.py for tasks to queue
[2022-10-03T12:43:57.732+0000] {logging_mixin.py:117} INFO - [2022-10-03T12:43:57.732+0000] {dagbag.py:525} INFO - Filling up the DagBag from /home/airflow/.local/lib/python3.7/site-packages/airflow/example_dags/example_trigger_target_dag.py
[2022-10-03T12:43:57.753+0000] {processor.py:768} INFO - DAG(s) dict_keys(['example_trigger_target_dag']) retrieved from /home/airflow/.local/lib/python3.7/site-packages/airflow/example_dags/example_trigger_target_dag.py
[2022-10-03T12:43:57.789+0000] {logging_mixin.py:117} INFO - [2022-10-03T12:43:57.789+0000] {dag.py:2573} INFO - Sync 1 DAGs
[2022-10-03T12:43:57.814+0000] {logging_mixin.py:117} INFO - [2022-10-03T12:43:57.814+0000] {dag.py:3328} INFO - Setting next_dagrun for example_trigger_target_dag to None, run_after=None
[2022-10-03T12:43:57.835+0000] {processor.py:178} INFO - Processing /home/airflow/.local/lib/python3.7/site-packages/airflow/example_dags/example_trigger_target_dag.py took 0.107 seconds
[2022-10-03T12:44:28.103+0000] {processor.py:156} INFO - Started process (PID=8296) to work on /home/airflow/.local/lib/python3.7/site-packages/airflow/example_dags/example_trigger_target_dag.py
[2022-10-03T12:44:28.105+0000] {processor.py:758} INFO - Processing file /home/airflow/.local/lib/python3.7/site-packages/airflow/example_dags/example_trigger_target_dag.py for tasks to queue
[2022-10-03T12:44:28.107+0000] {logging_mixin.py:117} INFO - [2022-10-03T12:44:28.106+0000] {dagbag.py:525} INFO - Filling up the DagBag from /home/airflow/.local/lib/python3.7/site-packages/airflow/example_dags/example_trigger_target_dag.py
[2022-10-03T12:44:28.182+0000] {processor.py:768} INFO - DAG(s) dict_keys(['example_trigger_target_dag']) retrieved from /home/airflow/.local/lib/python3.7/site-packages/airflow/example_dags/example_trigger_target_dag.py
[2022-10-03T12:44:28.313+0000] {logging_mixin.py:117} INFO - [2022-10-03T12:44:28.313+0000] {dag.py:2573} INFO - Sync 1 DAGs
[2022-10-03T12:44:28.389+0000] {logging_mixin.py:117} INFO - [2022-10-03T12:44:28.388+0000] {dag.py:3328} INFO - Setting next_dagrun for example_trigger_target_dag to None, run_after=None
[2022-10-03T12:44:28.432+0000] {processor.py:178} INFO - Processing /home/airflow/.local/lib/python3.7/site-packages/airflow/example_dags/example_trigger_target_dag.py took 0.336 seconds
[2022-10-03T12:44:58.582+0000] {processor.py:156} INFO - Started process (PID=8494) to work on /home/airflow/.local/lib/python3.7/site-packages/airflow/example_dags/example_trigger_target_dag.py
[2022-10-03T12:44:58.585+0000] {processor.py:758} INFO - Processing file /home/airflow/.local/lib/python3.7/site-packages/airflow/example_dags/example_trigger_target_dag.py for tasks to queue
[2022-10-03T12:44:58.586+0000] {logging_mixin.py:117} INFO - [2022-10-03T12:44:58.586+0000] {dagbag.py:525} INFO - Filling up the DagBag from /home/airflow/.local/lib/python3.7/site-packages/airflow/example_dags/example_trigger_target_dag.py
[2022-10-03T12:44:58.640+0000] {processor.py:768} INFO - DAG(s) dict_keys(['example_trigger_target_dag']) retrieved from /home/airflow/.local/lib/python3.7/site-packages/airflow/example_dags/example_trigger_target_dag.py
[2022-10-03T12:44:58.733+0000] {logging_mixin.py:117} INFO - [2022-10-03T12:44:58.733+0000] {dag.py:2573} INFO - Sync 1 DAGs
[2022-10-03T12:44:58.797+0000] {logging_mixin.py:117} INFO - [2022-10-03T12:44:58.797+0000] {dag.py:3328} INFO - Setting next_dagrun for example_trigger_target_dag to None, run_after=None
[2022-10-03T12:44:58.846+0000] {processor.py:178} INFO - Processing /home/airflow/.local/lib/python3.7/site-packages/airflow/example_dags/example_trigger_target_dag.py took 0.270 seconds
[2022-10-03T12:45:29.574+0000] {processor.py:156} INFO - Started process (PID=8702) to work on /home/airflow/.local/lib/python3.7/site-packages/airflow/example_dags/example_trigger_target_dag.py
[2022-10-03T12:45:29.577+0000] {processor.py:758} INFO - Processing file /home/airflow/.local/lib/python3.7/site-packages/airflow/example_dags/example_trigger_target_dag.py for tasks to queue
[2022-10-03T12:45:29.578+0000] {logging_mixin.py:117} INFO - [2022-10-03T12:45:29.578+0000] {dagbag.py:525} INFO - Filling up the DagBag from /home/airflow/.local/lib/python3.7/site-packages/airflow/example_dags/example_trigger_target_dag.py
[2022-10-03T12:45:29.602+0000] {processor.py:768} INFO - DAG(s) dict_keys(['example_trigger_target_dag']) retrieved from /home/airflow/.local/lib/python3.7/site-packages/airflow/example_dags/example_trigger_target_dag.py
[2022-10-03T12:45:29.642+0000] {logging_mixin.py:117} INFO - [2022-10-03T12:45:29.642+0000] {dag.py:2573} INFO - Sync 1 DAGs
[2022-10-03T12:45:29.670+0000] {logging_mixin.py:117} INFO - [2022-10-03T12:45:29.670+0000] {dag.py:3328} INFO - Setting next_dagrun for example_trigger_target_dag to None, run_after=None
[2022-10-03T12:45:29.696+0000] {processor.py:178} INFO - Processing /home/airflow/.local/lib/python3.7/site-packages/airflow/example_dags/example_trigger_target_dag.py took 0.124 seconds
[2022-10-03T12:46:00.021+0000] {processor.py:156} INFO - Started process (PID=8900) to work on /home/airflow/.local/lib/python3.7/site-packages/airflow/example_dags/example_trigger_target_dag.py
[2022-10-03T12:46:00.022+0000] {processor.py:758} INFO - Processing file /home/airflow/.local/lib/python3.7/site-packages/airflow/example_dags/example_trigger_target_dag.py for tasks to queue
[2022-10-03T12:46:00.023+0000] {logging_mixin.py:117} INFO - [2022-10-03T12:46:00.023+0000] {dagbag.py:525} INFO - Filling up the DagBag from /home/airflow/.local/lib/python3.7/site-packages/airflow/example_dags/example_trigger_target_dag.py
[2022-10-03T12:46:00.073+0000] {processor.py:768} INFO - DAG(s) dict_keys(['example_trigger_target_dag']) retrieved from /home/airflow/.local/lib/python3.7/site-packages/airflow/example_dags/example_trigger_target_dag.py
[2022-10-03T12:46:00.157+0000] {logging_mixin.py:117} INFO - [2022-10-03T12:46:00.157+0000] {dag.py:2573} INFO - Sync 1 DAGs
[2022-10-03T12:46:00.231+0000] {logging_mixin.py:117} INFO - [2022-10-03T12:46:00.231+0000] {dag.py:3328} INFO - Setting next_dagrun for example_trigger_target_dag to None, run_after=None
[2022-10-03T12:46:00.282+0000] {processor.py:178} INFO - Processing /home/airflow/.local/lib/python3.7/site-packages/airflow/example_dags/example_trigger_target_dag.py took 0.268 seconds
