[2022-10-03T12:24:24.999+0000] {processor.py:156} INFO - Started process (PID=275) to work on /home/airflow/.local/lib/python3.7/site-packages/airflow/example_dags/example_sla_dag.py
[2022-10-03T12:24:25.000+0000] {processor.py:758} INFO - Processing file /home/airflow/.local/lib/python3.7/site-packages/airflow/example_dags/example_sla_dag.py for tasks to queue
[2022-10-03T12:24:25.001+0000] {logging_mixin.py:117} INFO - [2022-10-03T12:24:25.001+0000] {dagbag.py:525} INFO - Filling up the DagBag from /home/airflow/.local/lib/python3.7/site-packages/airflow/example_dags/example_sla_dag.py
[2022-10-03T12:24:25.060+0000] {processor.py:768} INFO - DAG(s) dict_keys(['example_sla_dag']) retrieved from /home/airflow/.local/lib/python3.7/site-packages/airflow/example_dags/example_sla_dag.py
[2022-10-03T12:24:25.152+0000] {logging_mixin.py:117} INFO - [2022-10-03T12:24:25.152+0000] {dag.py:2573} INFO - Sync 1 DAGs
[2022-10-03T12:24:25.220+0000] {logging_mixin.py:117} INFO - [2022-10-03T12:24:25.220+0000] {dag.py:3328} INFO - Setting next_dagrun for example_sla_dag to 2022-10-03T12:22:00+00:00, run_after=2022-10-03T12:24:00+00:00
[2022-10-03T12:24:25.487+0000] {processor.py:178} INFO - Processing /home/airflow/.local/lib/python3.7/site-packages/airflow/example_dags/example_sla_dag.py took 0.494 seconds
[2022-10-03T12:24:56.564+0000] {processor.py:156} INFO - Started process (PID=481) to work on /home/airflow/.local/lib/python3.7/site-packages/airflow/example_dags/example_sla_dag.py
[2022-10-03T12:24:56.567+0000] {processor.py:758} INFO - Processing file /home/airflow/.local/lib/python3.7/site-packages/airflow/example_dags/example_sla_dag.py for tasks to queue
[2022-10-03T12:24:56.569+0000] {logging_mixin.py:117} INFO - [2022-10-03T12:24:56.568+0000] {dagbag.py:525} INFO - Filling up the DagBag from /home/airflow/.local/lib/python3.7/site-packages/airflow/example_dags/example_sla_dag.py
[2022-10-03T12:24:56.686+0000] {processor.py:768} INFO - DAG(s) dict_keys(['example_sla_dag']) retrieved from /home/airflow/.local/lib/python3.7/site-packages/airflow/example_dags/example_sla_dag.py
[2022-10-03T12:24:56.811+0000] {logging_mixin.py:117} INFO - [2022-10-03T12:24:56.811+0000] {dag.py:2573} INFO - Sync 1 DAGs
[2022-10-03T12:24:57.147+0000] {logging_mixin.py:117} INFO - [2022-10-03T12:24:57.147+0000] {dag.py:3328} INFO - Setting next_dagrun for example_sla_dag to 2022-10-03T12:22:00+00:00, run_after=2022-10-03T12:24:00+00:00
[2022-10-03T12:24:57.212+0000] {processor.py:178} INFO - Processing /home/airflow/.local/lib/python3.7/site-packages/airflow/example_dags/example_sla_dag.py took 0.659 seconds
[2022-10-03T12:25:27.572+0000] {processor.py:156} INFO - Started process (PID=681) to work on /home/airflow/.local/lib/python3.7/site-packages/airflow/example_dags/example_sla_dag.py
[2022-10-03T12:25:27.574+0000] {processor.py:758} INFO - Processing file /home/airflow/.local/lib/python3.7/site-packages/airflow/example_dags/example_sla_dag.py for tasks to queue
[2022-10-03T12:25:27.575+0000] {logging_mixin.py:117} INFO - [2022-10-03T12:25:27.575+0000] {dagbag.py:525} INFO - Filling up the DagBag from /home/airflow/.local/lib/python3.7/site-packages/airflow/example_dags/example_sla_dag.py
[2022-10-03T12:25:27.629+0000] {processor.py:768} INFO - DAG(s) dict_keys(['example_sla_dag']) retrieved from /home/airflow/.local/lib/python3.7/site-packages/airflow/example_dags/example_sla_dag.py
[2022-10-03T12:25:27.920+0000] {logging_mixin.py:117} INFO - [2022-10-03T12:25:27.920+0000] {dag.py:2573} INFO - Sync 1 DAGs
[2022-10-03T12:25:27.985+0000] {logging_mixin.py:117} INFO - [2022-10-03T12:25:27.985+0000] {dag.py:3328} INFO - Setting next_dagrun for example_sla_dag to 2022-10-03T12:22:00+00:00, run_after=2022-10-03T12:24:00+00:00
[2022-10-03T12:25:28.032+0000] {processor.py:178} INFO - Processing /home/airflow/.local/lib/python3.7/site-packages/airflow/example_dags/example_sla_dag.py took 0.467 seconds
[2022-10-03T12:25:58.603+0000] {processor.py:156} INFO - Started process (PID=888) to work on /home/airflow/.local/lib/python3.7/site-packages/airflow/example_dags/example_sla_dag.py
[2022-10-03T12:25:58.604+0000] {processor.py:758} INFO - Processing file /home/airflow/.local/lib/python3.7/site-packages/airflow/example_dags/example_sla_dag.py for tasks to queue
[2022-10-03T12:25:58.605+0000] {logging_mixin.py:117} INFO - [2022-10-03T12:25:58.605+0000] {dagbag.py:525} INFO - Filling up the DagBag from /home/airflow/.local/lib/python3.7/site-packages/airflow/example_dags/example_sla_dag.py
[2022-10-03T12:25:58.640+0000] {processor.py:768} INFO - DAG(s) dict_keys(['example_sla_dag']) retrieved from /home/airflow/.local/lib/python3.7/site-packages/airflow/example_dags/example_sla_dag.py
[2022-10-03T12:25:58.906+0000] {logging_mixin.py:117} INFO - [2022-10-03T12:25:58.906+0000] {dag.py:2573} INFO - Sync 1 DAGs
[2022-10-03T12:25:58.963+0000] {logging_mixin.py:117} INFO - [2022-10-03T12:25:58.963+0000] {dag.py:3328} INFO - Setting next_dagrun for example_sla_dag to 2022-10-03T12:22:00+00:00, run_after=2022-10-03T12:24:00+00:00
[2022-10-03T12:25:58.997+0000] {processor.py:178} INFO - Processing /home/airflow/.local/lib/python3.7/site-packages/airflow/example_dags/example_sla_dag.py took 0.399 seconds
[2022-10-03T12:26:30.833+0000] {processor.py:156} INFO - Started process (PID=1087) to work on /home/airflow/.local/lib/python3.7/site-packages/airflow/example_dags/example_sla_dag.py
[2022-10-03T12:26:30.835+0000] {processor.py:758} INFO - Processing file /home/airflow/.local/lib/python3.7/site-packages/airflow/example_dags/example_sla_dag.py for tasks to queue
[2022-10-03T12:26:30.837+0000] {logging_mixin.py:117} INFO - [2022-10-03T12:26:30.836+0000] {dagbag.py:525} INFO - Filling up the DagBag from /home/airflow/.local/lib/python3.7/site-packages/airflow/example_dags/example_sla_dag.py
[2022-10-03T12:26:30.915+0000] {processor.py:768} INFO - DAG(s) dict_keys(['example_sla_dag']) retrieved from /home/airflow/.local/lib/python3.7/site-packages/airflow/example_dags/example_sla_dag.py
[2022-10-03T12:26:31.345+0000] {logging_mixin.py:117} INFO - [2022-10-03T12:26:31.345+0000] {dag.py:2573} INFO - Sync 1 DAGs
[2022-10-03T12:26:31.424+0000] {logging_mixin.py:117} INFO - [2022-10-03T12:26:31.423+0000] {dag.py:3328} INFO - Setting next_dagrun for example_sla_dag to 2022-10-03T12:24:00+00:00, run_after=2022-10-03T12:26:00+00:00
[2022-10-03T12:26:31.474+0000] {processor.py:178} INFO - Processing /home/airflow/.local/lib/python3.7/site-packages/airflow/example_dags/example_sla_dag.py took 0.649 seconds
[2022-10-03T12:27:02.148+0000] {processor.py:156} INFO - Started process (PID=1312) to work on /home/airflow/.local/lib/python3.7/site-packages/airflow/example_dags/example_sla_dag.py
[2022-10-03T12:27:02.149+0000] {processor.py:758} INFO - Processing file /home/airflow/.local/lib/python3.7/site-packages/airflow/example_dags/example_sla_dag.py for tasks to queue
[2022-10-03T12:27:02.150+0000] {logging_mixin.py:117} INFO - [2022-10-03T12:27:02.150+0000] {dagbag.py:525} INFO - Filling up the DagBag from /home/airflow/.local/lib/python3.7/site-packages/airflow/example_dags/example_sla_dag.py
[2022-10-03T12:27:02.279+0000] {processor.py:768} INFO - DAG(s) dict_keys(['example_sla_dag']) retrieved from /home/airflow/.local/lib/python3.7/site-packages/airflow/example_dags/example_sla_dag.py
[2022-10-03T12:27:02.313+0000] {logging_mixin.py:117} INFO - [2022-10-03T12:27:02.313+0000] {dag.py:2573} INFO - Sync 1 DAGs
[2022-10-03T12:27:02.342+0000] {logging_mixin.py:117} INFO - [2022-10-03T12:27:02.342+0000] {dag.py:3328} INFO - Setting next_dagrun for example_sla_dag to 2022-10-03T12:24:00+00:00, run_after=2022-10-03T12:26:00+00:00
[2022-10-03T12:27:02.365+0000] {processor.py:178} INFO - Processing /home/airflow/.local/lib/python3.7/site-packages/airflow/example_dags/example_sla_dag.py took 0.221 seconds
[2022-10-03T12:27:32.533+0000] {processor.py:156} INFO - Started process (PID=1528) to work on /home/airflow/.local/lib/python3.7/site-packages/airflow/example_dags/example_sla_dag.py
[2022-10-03T12:27:32.535+0000] {processor.py:758} INFO - Processing file /home/airflow/.local/lib/python3.7/site-packages/airflow/example_dags/example_sla_dag.py for tasks to queue
[2022-10-03T12:27:32.536+0000] {logging_mixin.py:117} INFO - [2022-10-03T12:27:32.536+0000] {dagbag.py:525} INFO - Filling up the DagBag from /home/airflow/.local/lib/python3.7/site-packages/airflow/example_dags/example_sla_dag.py
[2022-10-03T12:27:32.587+0000] {processor.py:768} INFO - DAG(s) dict_keys(['example_sla_dag']) retrieved from /home/airflow/.local/lib/python3.7/site-packages/airflow/example_dags/example_sla_dag.py
[2022-10-03T12:27:32.670+0000] {logging_mixin.py:117} INFO - [2022-10-03T12:27:32.669+0000] {dag.py:2573} INFO - Sync 1 DAGs
[2022-10-03T12:27:32.733+0000] {logging_mixin.py:117} INFO - [2022-10-03T12:27:32.733+0000] {dag.py:3328} INFO - Setting next_dagrun for example_sla_dag to 2022-10-03T12:24:00+00:00, run_after=2022-10-03T12:26:00+00:00
[2022-10-03T12:27:32.775+0000] {processor.py:178} INFO - Processing /home/airflow/.local/lib/python3.7/site-packages/airflow/example_dags/example_sla_dag.py took 0.248 seconds
[2022-10-03T12:28:03.555+0000] {processor.py:156} INFO - Started process (PID=1737) to work on /home/airflow/.local/lib/python3.7/site-packages/airflow/example_dags/example_sla_dag.py
[2022-10-03T12:28:03.556+0000] {processor.py:758} INFO - Processing file /home/airflow/.local/lib/python3.7/site-packages/airflow/example_dags/example_sla_dag.py for tasks to queue
[2022-10-03T12:28:03.557+0000] {logging_mixin.py:117} INFO - [2022-10-03T12:28:03.557+0000] {dagbag.py:525} INFO - Filling up the DagBag from /home/airflow/.local/lib/python3.7/site-packages/airflow/example_dags/example_sla_dag.py
[2022-10-03T12:28:03.582+0000] {processor.py:768} INFO - DAG(s) dict_keys(['example_sla_dag']) retrieved from /home/airflow/.local/lib/python3.7/site-packages/airflow/example_dags/example_sla_dag.py
[2022-10-03T12:28:03.624+0000] {logging_mixin.py:117} INFO - [2022-10-03T12:28:03.623+0000] {dag.py:2573} INFO - Sync 1 DAGs
[2022-10-03T12:28:03.654+0000] {logging_mixin.py:117} INFO - [2022-10-03T12:28:03.654+0000] {dag.py:3328} INFO - Setting next_dagrun for example_sla_dag to 2022-10-03T12:26:00+00:00, run_after=2022-10-03T12:28:00+00:00
[2022-10-03T12:28:03.687+0000] {processor.py:178} INFO - Processing /home/airflow/.local/lib/python3.7/site-packages/airflow/example_dags/example_sla_dag.py took 0.137 seconds
[2022-10-03T12:28:34.108+0000] {processor.py:156} INFO - Started process (PID=1934) to work on /home/airflow/.local/lib/python3.7/site-packages/airflow/example_dags/example_sla_dag.py
[2022-10-03T12:28:34.109+0000] {processor.py:758} INFO - Processing file /home/airflow/.local/lib/python3.7/site-packages/airflow/example_dags/example_sla_dag.py for tasks to queue
[2022-10-03T12:28:34.110+0000] {logging_mixin.py:117} INFO - [2022-10-03T12:28:34.109+0000] {dagbag.py:525} INFO - Filling up the DagBag from /home/airflow/.local/lib/python3.7/site-packages/airflow/example_dags/example_sla_dag.py
[2022-10-03T12:28:34.135+0000] {processor.py:768} INFO - DAG(s) dict_keys(['example_sla_dag']) retrieved from /home/airflow/.local/lib/python3.7/site-packages/airflow/example_dags/example_sla_dag.py
[2022-10-03T12:28:34.178+0000] {logging_mixin.py:117} INFO - [2022-10-03T12:28:34.178+0000] {dag.py:2573} INFO - Sync 1 DAGs
[2022-10-03T12:28:34.211+0000] {logging_mixin.py:117} INFO - [2022-10-03T12:28:34.211+0000] {dag.py:3328} INFO - Setting next_dagrun for example_sla_dag to 2022-10-03T12:26:00+00:00, run_after=2022-10-03T12:28:00+00:00
[2022-10-03T12:28:34.242+0000] {processor.py:178} INFO - Processing /home/airflow/.local/lib/python3.7/site-packages/airflow/example_dags/example_sla_dag.py took 0.138 seconds
[2022-10-03T12:29:05.084+0000] {processor.py:156} INFO - Started process (PID=2143) to work on /home/airflow/.local/lib/python3.7/site-packages/airflow/example_dags/example_sla_dag.py
[2022-10-03T12:29:05.085+0000] {processor.py:758} INFO - Processing file /home/airflow/.local/lib/python3.7/site-packages/airflow/example_dags/example_sla_dag.py for tasks to queue
[2022-10-03T12:29:05.086+0000] {logging_mixin.py:117} INFO - [2022-10-03T12:29:05.086+0000] {dagbag.py:525} INFO - Filling up the DagBag from /home/airflow/.local/lib/python3.7/site-packages/airflow/example_dags/example_sla_dag.py
[2022-10-03T12:29:05.111+0000] {processor.py:768} INFO - DAG(s) dict_keys(['example_sla_dag']) retrieved from /home/airflow/.local/lib/python3.7/site-packages/airflow/example_dags/example_sla_dag.py
[2022-10-03T12:29:05.160+0000] {logging_mixin.py:117} INFO - [2022-10-03T12:29:05.159+0000] {dag.py:2573} INFO - Sync 1 DAGs
[2022-10-03T12:29:05.196+0000] {logging_mixin.py:117} INFO - [2022-10-03T12:29:05.196+0000] {dag.py:3328} INFO - Setting next_dagrun for example_sla_dag to 2022-10-03T12:26:00+00:00, run_after=2022-10-03T12:28:00+00:00
[2022-10-03T12:29:05.225+0000] {processor.py:178} INFO - Processing /home/airflow/.local/lib/python3.7/site-packages/airflow/example_dags/example_sla_dag.py took 0.145 seconds
[2022-10-03T12:29:36.017+0000] {processor.py:156} INFO - Started process (PID=2348) to work on /home/airflow/.local/lib/python3.7/site-packages/airflow/example_dags/example_sla_dag.py
[2022-10-03T12:29:36.019+0000] {processor.py:758} INFO - Processing file /home/airflow/.local/lib/python3.7/site-packages/airflow/example_dags/example_sla_dag.py for tasks to queue
[2022-10-03T12:29:36.020+0000] {logging_mixin.py:117} INFO - [2022-10-03T12:29:36.020+0000] {dagbag.py:525} INFO - Filling up the DagBag from /home/airflow/.local/lib/python3.7/site-packages/airflow/example_dags/example_sla_dag.py
[2022-10-03T12:29:36.079+0000] {processor.py:768} INFO - DAG(s) dict_keys(['example_sla_dag']) retrieved from /home/airflow/.local/lib/python3.7/site-packages/airflow/example_dags/example_sla_dag.py
[2022-10-03T12:29:36.175+0000] {logging_mixin.py:117} INFO - [2022-10-03T12:29:36.174+0000] {dag.py:2573} INFO - Sync 1 DAGs
[2022-10-03T12:29:36.260+0000] {logging_mixin.py:117} INFO - [2022-10-03T12:29:36.260+0000] {dag.py:3328} INFO - Setting next_dagrun for example_sla_dag to 2022-10-03T12:26:00+00:00, run_after=2022-10-03T12:28:00+00:00
[2022-10-03T12:29:36.312+0000] {processor.py:178} INFO - Processing /home/airflow/.local/lib/python3.7/site-packages/airflow/example_dags/example_sla_dag.py took 0.301 seconds
[2022-10-03T12:30:06.718+0000] {processor.py:156} INFO - Started process (PID=2548) to work on /home/airflow/.local/lib/python3.7/site-packages/airflow/example_dags/example_sla_dag.py
[2022-10-03T12:30:06.720+0000] {processor.py:758} INFO - Processing file /home/airflow/.local/lib/python3.7/site-packages/airflow/example_dags/example_sla_dag.py for tasks to queue
[2022-10-03T12:30:06.722+0000] {logging_mixin.py:117} INFO - [2022-10-03T12:30:06.722+0000] {dagbag.py:525} INFO - Filling up the DagBag from /home/airflow/.local/lib/python3.7/site-packages/airflow/example_dags/example_sla_dag.py
[2022-10-03T12:30:06.782+0000] {processor.py:768} INFO - DAG(s) dict_keys(['example_sla_dag']) retrieved from /home/airflow/.local/lib/python3.7/site-packages/airflow/example_dags/example_sla_dag.py
[2022-10-03T12:30:06.874+0000] {logging_mixin.py:117} INFO - [2022-10-03T12:30:06.873+0000] {dag.py:2573} INFO - Sync 1 DAGs
[2022-10-03T12:30:06.946+0000] {logging_mixin.py:117} INFO - [2022-10-03T12:30:06.946+0000] {dag.py:3328} INFO - Setting next_dagrun for example_sla_dag to 2022-10-03T12:28:00+00:00, run_after=2022-10-03T12:30:00+00:00
[2022-10-03T12:30:06.974+0000] {processor.py:178} INFO - Processing /home/airflow/.local/lib/python3.7/site-packages/airflow/example_dags/example_sla_dag.py took 0.264 seconds
[2022-10-03T12:30:37.563+0000] {processor.py:156} INFO - Started process (PID=2753) to work on /home/airflow/.local/lib/python3.7/site-packages/airflow/example_dags/example_sla_dag.py
[2022-10-03T12:30:37.564+0000] {processor.py:758} INFO - Processing file /home/airflow/.local/lib/python3.7/site-packages/airflow/example_dags/example_sla_dag.py for tasks to queue
[2022-10-03T12:30:37.564+0000] {logging_mixin.py:117} INFO - [2022-10-03T12:30:37.564+0000] {dagbag.py:525} INFO - Filling up the DagBag from /home/airflow/.local/lib/python3.7/site-packages/airflow/example_dags/example_sla_dag.py
[2022-10-03T12:30:37.592+0000] {processor.py:768} INFO - DAG(s) dict_keys(['example_sla_dag']) retrieved from /home/airflow/.local/lib/python3.7/site-packages/airflow/example_dags/example_sla_dag.py
[2022-10-03T12:30:37.635+0000] {logging_mixin.py:117} INFO - [2022-10-03T12:30:37.635+0000] {dag.py:2573} INFO - Sync 1 DAGs
[2022-10-03T12:30:37.668+0000] {logging_mixin.py:117} INFO - [2022-10-03T12:30:37.668+0000] {dag.py:3328} INFO - Setting next_dagrun for example_sla_dag to 2022-10-03T12:28:00+00:00, run_after=2022-10-03T12:30:00+00:00
[2022-10-03T12:30:37.695+0000] {processor.py:178} INFO - Processing /home/airflow/.local/lib/python3.7/site-packages/airflow/example_dags/example_sla_dag.py took 0.136 seconds
[2022-10-03T12:31:08.231+0000] {processor.py:156} INFO - Started process (PID=2951) to work on /home/airflow/.local/lib/python3.7/site-packages/airflow/example_dags/example_sla_dag.py
[2022-10-03T12:31:08.232+0000] {processor.py:758} INFO - Processing file /home/airflow/.local/lib/python3.7/site-packages/airflow/example_dags/example_sla_dag.py for tasks to queue
[2022-10-03T12:31:08.233+0000] {logging_mixin.py:117} INFO - [2022-10-03T12:31:08.233+0000] {dagbag.py:525} INFO - Filling up the DagBag from /home/airflow/.local/lib/python3.7/site-packages/airflow/example_dags/example_sla_dag.py
[2022-10-03T12:31:08.262+0000] {processor.py:768} INFO - DAG(s) dict_keys(['example_sla_dag']) retrieved from /home/airflow/.local/lib/python3.7/site-packages/airflow/example_dags/example_sla_dag.py
[2022-10-03T12:31:08.309+0000] {logging_mixin.py:117} INFO - [2022-10-03T12:31:08.309+0000] {dag.py:2573} INFO - Sync 1 DAGs
[2022-10-03T12:31:08.343+0000] {logging_mixin.py:117} INFO - [2022-10-03T12:31:08.342+0000] {dag.py:3328} INFO - Setting next_dagrun for example_sla_dag to 2022-10-03T12:28:00+00:00, run_after=2022-10-03T12:30:00+00:00
[2022-10-03T12:31:08.368+0000] {processor.py:178} INFO - Processing /home/airflow/.local/lib/python3.7/site-packages/airflow/example_dags/example_sla_dag.py took 0.140 seconds
[2022-10-03T12:31:38.633+0000] {processor.py:156} INFO - Started process (PID=3158) to work on /home/airflow/.local/lib/python3.7/site-packages/airflow/example_dags/example_sla_dag.py
[2022-10-03T12:31:38.634+0000] {processor.py:758} INFO - Processing file /home/airflow/.local/lib/python3.7/site-packages/airflow/example_dags/example_sla_dag.py for tasks to queue
[2022-10-03T12:31:38.635+0000] {logging_mixin.py:117} INFO - [2022-10-03T12:31:38.634+0000] {dagbag.py:525} INFO - Filling up the DagBag from /home/airflow/.local/lib/python3.7/site-packages/airflow/example_dags/example_sla_dag.py
[2022-10-03T12:31:38.663+0000] {processor.py:768} INFO - DAG(s) dict_keys(['example_sla_dag']) retrieved from /home/airflow/.local/lib/python3.7/site-packages/airflow/example_dags/example_sla_dag.py
[2022-10-03T12:31:38.708+0000] {logging_mixin.py:117} INFO - [2022-10-03T12:31:38.707+0000] {dag.py:2573} INFO - Sync 1 DAGs
[2022-10-03T12:31:38.747+0000] {logging_mixin.py:117} INFO - [2022-10-03T12:31:38.747+0000] {dag.py:3328} INFO - Setting next_dagrun for example_sla_dag to 2022-10-03T12:28:00+00:00, run_after=2022-10-03T12:30:00+00:00
[2022-10-03T12:31:38.773+0000] {processor.py:178} INFO - Processing /home/airflow/.local/lib/python3.7/site-packages/airflow/example_dags/example_sla_dag.py took 0.145 seconds
[2022-10-03T12:32:08.818+0000] {processor.py:156} INFO - Started process (PID=3356) to work on /home/airflow/.local/lib/python3.7/site-packages/airflow/example_dags/example_sla_dag.py
[2022-10-03T12:32:08.819+0000] {processor.py:758} INFO - Processing file /home/airflow/.local/lib/python3.7/site-packages/airflow/example_dags/example_sla_dag.py for tasks to queue
[2022-10-03T12:32:08.820+0000] {logging_mixin.py:117} INFO - [2022-10-03T12:32:08.820+0000] {dagbag.py:525} INFO - Filling up the DagBag from /home/airflow/.local/lib/python3.7/site-packages/airflow/example_dags/example_sla_dag.py
[2022-10-03T12:32:08.849+0000] {processor.py:768} INFO - DAG(s) dict_keys(['example_sla_dag']) retrieved from /home/airflow/.local/lib/python3.7/site-packages/airflow/example_dags/example_sla_dag.py
[2022-10-03T12:32:08.896+0000] {logging_mixin.py:117} INFO - [2022-10-03T12:32:08.896+0000] {dag.py:2573} INFO - Sync 1 DAGs
[2022-10-03T12:32:08.929+0000] {logging_mixin.py:117} INFO - [2022-10-03T12:32:08.929+0000] {dag.py:3328} INFO - Setting next_dagrun for example_sla_dag to 2022-10-03T12:30:00+00:00, run_after=2022-10-03T12:32:00+00:00
[2022-10-03T12:32:08.953+0000] {processor.py:178} INFO - Processing /home/airflow/.local/lib/python3.7/site-packages/airflow/example_dags/example_sla_dag.py took 0.139 seconds
[2022-10-03T12:32:39.204+0000] {processor.py:156} INFO - Started process (PID=3563) to work on /home/airflow/.local/lib/python3.7/site-packages/airflow/example_dags/example_sla_dag.py
[2022-10-03T12:32:39.205+0000] {processor.py:758} INFO - Processing file /home/airflow/.local/lib/python3.7/site-packages/airflow/example_dags/example_sla_dag.py for tasks to queue
[2022-10-03T12:32:39.205+0000] {logging_mixin.py:117} INFO - [2022-10-03T12:32:39.205+0000] {dagbag.py:525} INFO - Filling up the DagBag from /home/airflow/.local/lib/python3.7/site-packages/airflow/example_dags/example_sla_dag.py
[2022-10-03T12:32:39.234+0000] {processor.py:768} INFO - DAG(s) dict_keys(['example_sla_dag']) retrieved from /home/airflow/.local/lib/python3.7/site-packages/airflow/example_dags/example_sla_dag.py
[2022-10-03T12:32:39.277+0000] {logging_mixin.py:117} INFO - [2022-10-03T12:32:39.277+0000] {dag.py:2573} INFO - Sync 1 DAGs
[2022-10-03T12:32:39.317+0000] {logging_mixin.py:117} INFO - [2022-10-03T12:32:39.316+0000] {dag.py:3328} INFO - Setting next_dagrun for example_sla_dag to 2022-10-03T12:30:00+00:00, run_after=2022-10-03T12:32:00+00:00
[2022-10-03T12:32:39.343+0000] {processor.py:178} INFO - Processing /home/airflow/.local/lib/python3.7/site-packages/airflow/example_dags/example_sla_dag.py took 0.143 seconds
[2022-10-03T12:33:09.656+0000] {processor.py:156} INFO - Started process (PID=3770) to work on /home/airflow/.local/lib/python3.7/site-packages/airflow/example_dags/example_sla_dag.py
[2022-10-03T12:33:09.657+0000] {processor.py:758} INFO - Processing file /home/airflow/.local/lib/python3.7/site-packages/airflow/example_dags/example_sla_dag.py for tasks to queue
[2022-10-03T12:33:09.658+0000] {logging_mixin.py:117} INFO - [2022-10-03T12:33:09.658+0000] {dagbag.py:525} INFO - Filling up the DagBag from /home/airflow/.local/lib/python3.7/site-packages/airflow/example_dags/example_sla_dag.py
[2022-10-03T12:33:09.692+0000] {processor.py:768} INFO - DAG(s) dict_keys(['example_sla_dag']) retrieved from /home/airflow/.local/lib/python3.7/site-packages/airflow/example_dags/example_sla_dag.py
[2022-10-03T12:33:09.744+0000] {logging_mixin.py:117} INFO - [2022-10-03T12:33:09.744+0000] {dag.py:2573} INFO - Sync 1 DAGs
[2022-10-03T12:33:09.782+0000] {logging_mixin.py:117} INFO - [2022-10-03T12:33:09.782+0000] {dag.py:3328} INFO - Setting next_dagrun for example_sla_dag to 2022-10-03T12:30:00+00:00, run_after=2022-10-03T12:32:00+00:00
[2022-10-03T12:33:09.814+0000] {processor.py:178} INFO - Processing /home/airflow/.local/lib/python3.7/site-packages/airflow/example_dags/example_sla_dag.py took 0.162 seconds
[2022-10-03T12:33:40.287+0000] {processor.py:156} INFO - Started process (PID=3968) to work on /home/airflow/.local/lib/python3.7/site-packages/airflow/example_dags/example_sla_dag.py
[2022-10-03T12:33:40.287+0000] {processor.py:758} INFO - Processing file /home/airflow/.local/lib/python3.7/site-packages/airflow/example_dags/example_sla_dag.py for tasks to queue
[2022-10-03T12:33:40.288+0000] {logging_mixin.py:117} INFO - [2022-10-03T12:33:40.288+0000] {dagbag.py:525} INFO - Filling up the DagBag from /home/airflow/.local/lib/python3.7/site-packages/airflow/example_dags/example_sla_dag.py
[2022-10-03T12:33:40.316+0000] {processor.py:768} INFO - DAG(s) dict_keys(['example_sla_dag']) retrieved from /home/airflow/.local/lib/python3.7/site-packages/airflow/example_dags/example_sla_dag.py
[2022-10-03T12:33:40.372+0000] {logging_mixin.py:117} INFO - [2022-10-03T12:33:40.372+0000] {dag.py:2573} INFO - Sync 1 DAGs
[2022-10-03T12:33:40.423+0000] {logging_mixin.py:117} INFO - [2022-10-03T12:33:40.423+0000] {dag.py:3328} INFO - Setting next_dagrun for example_sla_dag to 2022-10-03T12:30:00+00:00, run_after=2022-10-03T12:32:00+00:00
[2022-10-03T12:33:40.458+0000] {processor.py:178} INFO - Processing /home/airflow/.local/lib/python3.7/site-packages/airflow/example_dags/example_sla_dag.py took 0.175 seconds
[2022-10-03T12:34:11.197+0000] {processor.py:156} INFO - Started process (PID=4177) to work on /home/airflow/.local/lib/python3.7/site-packages/airflow/example_dags/example_sla_dag.py
[2022-10-03T12:34:11.199+0000] {processor.py:758} INFO - Processing file /home/airflow/.local/lib/python3.7/site-packages/airflow/example_dags/example_sla_dag.py for tasks to queue
[2022-10-03T12:34:11.201+0000] {logging_mixin.py:117} INFO - [2022-10-03T12:34:11.200+0000] {dagbag.py:525} INFO - Filling up the DagBag from /home/airflow/.local/lib/python3.7/site-packages/airflow/example_dags/example_sla_dag.py
[2022-10-03T12:34:11.257+0000] {processor.py:768} INFO - DAG(s) dict_keys(['example_sla_dag']) retrieved from /home/airflow/.local/lib/python3.7/site-packages/airflow/example_dags/example_sla_dag.py
[2022-10-03T12:34:11.345+0000] {logging_mixin.py:117} INFO - [2022-10-03T12:34:11.345+0000] {dag.py:2573} INFO - Sync 1 DAGs
[2022-10-03T12:34:11.417+0000] {logging_mixin.py:117} INFO - [2022-10-03T12:34:11.417+0000] {dag.py:3328} INFO - Setting next_dagrun for example_sla_dag to 2022-10-03T12:32:00+00:00, run_after=2022-10-03T12:34:00+00:00
[2022-10-03T12:34:11.464+0000] {processor.py:178} INFO - Processing /home/airflow/.local/lib/python3.7/site-packages/airflow/example_dags/example_sla_dag.py took 0.274 seconds
[2022-10-03T12:34:42.533+0000] {processor.py:156} INFO - Started process (PID=4376) to work on /home/airflow/.local/lib/python3.7/site-packages/airflow/example_dags/example_sla_dag.py
[2022-10-03T12:34:42.535+0000] {processor.py:758} INFO - Processing file /home/airflow/.local/lib/python3.7/site-packages/airflow/example_dags/example_sla_dag.py for tasks to queue
[2022-10-03T12:34:42.537+0000] {logging_mixin.py:117} INFO - [2022-10-03T12:34:42.536+0000] {dagbag.py:525} INFO - Filling up the DagBag from /home/airflow/.local/lib/python3.7/site-packages/airflow/example_dags/example_sla_dag.py
[2022-10-03T12:34:42.600+0000] {processor.py:768} INFO - DAG(s) dict_keys(['example_sla_dag']) retrieved from /home/airflow/.local/lib/python3.7/site-packages/airflow/example_dags/example_sla_dag.py
[2022-10-03T12:34:42.696+0000] {logging_mixin.py:117} INFO - [2022-10-03T12:34:42.696+0000] {dag.py:2573} INFO - Sync 1 DAGs
[2022-10-03T12:34:42.768+0000] {logging_mixin.py:117} INFO - [2022-10-03T12:34:42.767+0000] {dag.py:3328} INFO - Setting next_dagrun for example_sla_dag to 2022-10-03T12:32:00+00:00, run_after=2022-10-03T12:34:00+00:00
[2022-10-03T12:34:42.815+0000] {processor.py:178} INFO - Processing /home/airflow/.local/lib/python3.7/site-packages/airflow/example_dags/example_sla_dag.py took 0.293 seconds
[2022-10-03T12:35:13.097+0000] {processor.py:156} INFO - Started process (PID=4581) to work on /home/airflow/.local/lib/python3.7/site-packages/airflow/example_dags/example_sla_dag.py
[2022-10-03T12:35:13.098+0000] {processor.py:758} INFO - Processing file /home/airflow/.local/lib/python3.7/site-packages/airflow/example_dags/example_sla_dag.py for tasks to queue
[2022-10-03T12:35:13.099+0000] {logging_mixin.py:117} INFO - [2022-10-03T12:35:13.099+0000] {dagbag.py:525} INFO - Filling up the DagBag from /home/airflow/.local/lib/python3.7/site-packages/airflow/example_dags/example_sla_dag.py
[2022-10-03T12:35:13.134+0000] {processor.py:768} INFO - DAG(s) dict_keys(['example_sla_dag']) retrieved from /home/airflow/.local/lib/python3.7/site-packages/airflow/example_dags/example_sla_dag.py
[2022-10-03T12:35:13.185+0000] {logging_mixin.py:117} INFO - [2022-10-03T12:35:13.184+0000] {dag.py:2573} INFO - Sync 1 DAGs
[2022-10-03T12:35:13.221+0000] {logging_mixin.py:117} INFO - [2022-10-03T12:35:13.221+0000] {dag.py:3328} INFO - Setting next_dagrun for example_sla_dag to 2022-10-03T12:32:00+00:00, run_after=2022-10-03T12:34:00+00:00
[2022-10-03T12:35:13.249+0000] {processor.py:178} INFO - Processing /home/airflow/.local/lib/python3.7/site-packages/airflow/example_dags/example_sla_dag.py took 0.157 seconds
[2022-10-03T12:35:43.721+0000] {processor.py:156} INFO - Started process (PID=4781) to work on /home/airflow/.local/lib/python3.7/site-packages/airflow/example_dags/example_sla_dag.py
[2022-10-03T12:35:43.722+0000] {processor.py:758} INFO - Processing file /home/airflow/.local/lib/python3.7/site-packages/airflow/example_dags/example_sla_dag.py for tasks to queue
[2022-10-03T12:35:43.723+0000] {logging_mixin.py:117} INFO - [2022-10-03T12:35:43.723+0000] {dagbag.py:525} INFO - Filling up the DagBag from /home/airflow/.local/lib/python3.7/site-packages/airflow/example_dags/example_sla_dag.py
[2022-10-03T12:35:43.748+0000] {processor.py:768} INFO - DAG(s) dict_keys(['example_sla_dag']) retrieved from /home/airflow/.local/lib/python3.7/site-packages/airflow/example_dags/example_sla_dag.py
[2022-10-03T12:35:43.800+0000] {logging_mixin.py:117} INFO - [2022-10-03T12:35:43.799+0000] {dag.py:2573} INFO - Sync 1 DAGs
[2022-10-03T12:35:43.835+0000] {logging_mixin.py:117} INFO - [2022-10-03T12:35:43.835+0000] {dag.py:3328} INFO - Setting next_dagrun for example_sla_dag to 2022-10-03T12:32:00+00:00, run_after=2022-10-03T12:34:00+00:00
[2022-10-03T12:35:43.860+0000] {processor.py:178} INFO - Processing /home/airflow/.local/lib/python3.7/site-packages/airflow/example_dags/example_sla_dag.py took 0.143 seconds
[2022-10-03T12:36:14.151+0000] {processor.py:156} INFO - Started process (PID=4988) to work on /home/airflow/.local/lib/python3.7/site-packages/airflow/example_dags/example_sla_dag.py
[2022-10-03T12:36:14.152+0000] {processor.py:758} INFO - Processing file /home/airflow/.local/lib/python3.7/site-packages/airflow/example_dags/example_sla_dag.py for tasks to queue
[2022-10-03T12:36:14.153+0000] {logging_mixin.py:117} INFO - [2022-10-03T12:36:14.153+0000] {dagbag.py:525} INFO - Filling up the DagBag from /home/airflow/.local/lib/python3.7/site-packages/airflow/example_dags/example_sla_dag.py
[2022-10-03T12:36:14.180+0000] {processor.py:768} INFO - DAG(s) dict_keys(['example_sla_dag']) retrieved from /home/airflow/.local/lib/python3.7/site-packages/airflow/example_dags/example_sla_dag.py
[2022-10-03T12:36:14.224+0000] {logging_mixin.py:117} INFO - [2022-10-03T12:36:14.224+0000] {dag.py:2573} INFO - Sync 1 DAGs
[2022-10-03T12:36:14.262+0000] {logging_mixin.py:117} INFO - [2022-10-03T12:36:14.262+0000] {dag.py:3328} INFO - Setting next_dagrun for example_sla_dag to 2022-10-03T12:34:00+00:00, run_after=2022-10-03T12:36:00+00:00
[2022-10-03T12:36:14.295+0000] {processor.py:178} INFO - Processing /home/airflow/.local/lib/python3.7/site-packages/airflow/example_dags/example_sla_dag.py took 0.148 seconds
[2022-10-03T12:36:44.444+0000] {processor.py:156} INFO - Started process (PID=5186) to work on /home/airflow/.local/lib/python3.7/site-packages/airflow/example_dags/example_sla_dag.py
[2022-10-03T12:36:44.445+0000] {processor.py:758} INFO - Processing file /home/airflow/.local/lib/python3.7/site-packages/airflow/example_dags/example_sla_dag.py for tasks to queue
[2022-10-03T12:36:44.445+0000] {logging_mixin.py:117} INFO - [2022-10-03T12:36:44.445+0000] {dagbag.py:525} INFO - Filling up the DagBag from /home/airflow/.local/lib/python3.7/site-packages/airflow/example_dags/example_sla_dag.py
[2022-10-03T12:36:44.473+0000] {processor.py:768} INFO - DAG(s) dict_keys(['example_sla_dag']) retrieved from /home/airflow/.local/lib/python3.7/site-packages/airflow/example_dags/example_sla_dag.py
[2022-10-03T12:36:44.517+0000] {logging_mixin.py:117} INFO - [2022-10-03T12:36:44.517+0000] {dag.py:2573} INFO - Sync 1 DAGs
[2022-10-03T12:36:44.550+0000] {logging_mixin.py:117} INFO - [2022-10-03T12:36:44.550+0000] {dag.py:3328} INFO - Setting next_dagrun for example_sla_dag to 2022-10-03T12:34:00+00:00, run_after=2022-10-03T12:36:00+00:00
[2022-10-03T12:36:44.578+0000] {processor.py:178} INFO - Processing /home/airflow/.local/lib/python3.7/site-packages/airflow/example_dags/example_sla_dag.py took 0.139 seconds
[2022-10-03T12:37:14.882+0000] {processor.py:156} INFO - Started process (PID=5393) to work on /home/airflow/.local/lib/python3.7/site-packages/airflow/example_dags/example_sla_dag.py
[2022-10-03T12:37:14.883+0000] {processor.py:758} INFO - Processing file /home/airflow/.local/lib/python3.7/site-packages/airflow/example_dags/example_sla_dag.py for tasks to queue
[2022-10-03T12:37:14.884+0000] {logging_mixin.py:117} INFO - [2022-10-03T12:37:14.884+0000] {dagbag.py:525} INFO - Filling up the DagBag from /home/airflow/.local/lib/python3.7/site-packages/airflow/example_dags/example_sla_dag.py
[2022-10-03T12:37:14.909+0000] {processor.py:768} INFO - DAG(s) dict_keys(['example_sla_dag']) retrieved from /home/airflow/.local/lib/python3.7/site-packages/airflow/example_dags/example_sla_dag.py
[2022-10-03T12:37:14.954+0000] {logging_mixin.py:117} INFO - [2022-10-03T12:37:14.954+0000] {dag.py:2573} INFO - Sync 1 DAGs
[2022-10-03T12:37:14.987+0000] {logging_mixin.py:117} INFO - [2022-10-03T12:37:14.987+0000] {dag.py:3328} INFO - Setting next_dagrun for example_sla_dag to 2022-10-03T12:34:00+00:00, run_after=2022-10-03T12:36:00+00:00
[2022-10-03T12:37:15.015+0000] {processor.py:178} INFO - Processing /home/airflow/.local/lib/python3.7/site-packages/airflow/example_dags/example_sla_dag.py took 0.138 seconds
[2022-10-03T12:37:45.198+0000] {processor.py:156} INFO - Started process (PID=5600) to work on /home/airflow/.local/lib/python3.7/site-packages/airflow/example_dags/example_sla_dag.py
[2022-10-03T12:37:45.199+0000] {processor.py:758} INFO - Processing file /home/airflow/.local/lib/python3.7/site-packages/airflow/example_dags/example_sla_dag.py for tasks to queue
[2022-10-03T12:37:45.200+0000] {logging_mixin.py:117} INFO - [2022-10-03T12:37:45.200+0000] {dagbag.py:525} INFO - Filling up the DagBag from /home/airflow/.local/lib/python3.7/site-packages/airflow/example_dags/example_sla_dag.py
[2022-10-03T12:37:45.233+0000] {processor.py:768} INFO - DAG(s) dict_keys(['example_sla_dag']) retrieved from /home/airflow/.local/lib/python3.7/site-packages/airflow/example_dags/example_sla_dag.py
[2022-10-03T12:37:45.282+0000] {logging_mixin.py:117} INFO - [2022-10-03T12:37:45.282+0000] {dag.py:2573} INFO - Sync 1 DAGs
[2022-10-03T12:37:45.321+0000] {logging_mixin.py:117} INFO - [2022-10-03T12:37:45.321+0000] {dag.py:3328} INFO - Setting next_dagrun for example_sla_dag to 2022-10-03T12:34:00+00:00, run_after=2022-10-03T12:36:00+00:00
[2022-10-03T12:37:45.355+0000] {processor.py:178} INFO - Processing /home/airflow/.local/lib/python3.7/site-packages/airflow/example_dags/example_sla_dag.py took 0.161 seconds
[2022-10-03T12:38:15.738+0000] {processor.py:156} INFO - Started process (PID=5796) to work on /home/airflow/.local/lib/python3.7/site-packages/airflow/example_dags/example_sla_dag.py
[2022-10-03T12:38:15.740+0000] {processor.py:758} INFO - Processing file /home/airflow/.local/lib/python3.7/site-packages/airflow/example_dags/example_sla_dag.py for tasks to queue
[2022-10-03T12:38:15.741+0000] {logging_mixin.py:117} INFO - [2022-10-03T12:38:15.741+0000] {dagbag.py:525} INFO - Filling up the DagBag from /home/airflow/.local/lib/python3.7/site-packages/airflow/example_dags/example_sla_dag.py
[2022-10-03T12:38:15.795+0000] {processor.py:768} INFO - DAG(s) dict_keys(['example_sla_dag']) retrieved from /home/airflow/.local/lib/python3.7/site-packages/airflow/example_dags/example_sla_dag.py
[2022-10-03T12:38:15.903+0000] {logging_mixin.py:117} INFO - [2022-10-03T12:38:15.903+0000] {dag.py:2573} INFO - Sync 1 DAGs
[2022-10-03T12:38:15.976+0000] {logging_mixin.py:117} INFO - [2022-10-03T12:38:15.976+0000] {dag.py:3328} INFO - Setting next_dagrun for example_sla_dag to 2022-10-03T12:36:00+00:00, run_after=2022-10-03T12:38:00+00:00
[2022-10-03T12:38:16.025+0000] {processor.py:178} INFO - Processing /home/airflow/.local/lib/python3.7/site-packages/airflow/example_dags/example_sla_dag.py took 0.296 seconds
[2022-10-03T12:38:46.244+0000] {processor.py:156} INFO - Started process (PID=6003) to work on /home/airflow/.local/lib/python3.7/site-packages/airflow/example_dags/example_sla_dag.py
[2022-10-03T12:38:46.246+0000] {processor.py:758} INFO - Processing file /home/airflow/.local/lib/python3.7/site-packages/airflow/example_dags/example_sla_dag.py for tasks to queue
[2022-10-03T12:38:46.247+0000] {logging_mixin.py:117} INFO - [2022-10-03T12:38:46.247+0000] {dagbag.py:525} INFO - Filling up the DagBag from /home/airflow/.local/lib/python3.7/site-packages/airflow/example_dags/example_sla_dag.py
[2022-10-03T12:38:46.303+0000] {processor.py:768} INFO - DAG(s) dict_keys(['example_sla_dag']) retrieved from /home/airflow/.local/lib/python3.7/site-packages/airflow/example_dags/example_sla_dag.py
[2022-10-03T12:38:46.396+0000] {logging_mixin.py:117} INFO - [2022-10-03T12:38:46.396+0000] {dag.py:2573} INFO - Sync 1 DAGs
[2022-10-03T12:38:46.465+0000] {logging_mixin.py:117} INFO - [2022-10-03T12:38:46.464+0000] {dag.py:3328} INFO - Setting next_dagrun for example_sla_dag to 2022-10-03T12:36:00+00:00, run_after=2022-10-03T12:38:00+00:00
[2022-10-03T12:38:46.511+0000] {processor.py:178} INFO - Processing /home/airflow/.local/lib/python3.7/site-packages/airflow/example_dags/example_sla_dag.py took 0.274 seconds
[2022-10-03T12:39:17.309+0000] {processor.py:156} INFO - Started process (PID=6203) to work on /home/airflow/.local/lib/python3.7/site-packages/airflow/example_dags/example_sla_dag.py
[2022-10-03T12:39:17.310+0000] {processor.py:758} INFO - Processing file /home/airflow/.local/lib/python3.7/site-packages/airflow/example_dags/example_sla_dag.py for tasks to queue
[2022-10-03T12:39:17.311+0000] {logging_mixin.py:117} INFO - [2022-10-03T12:39:17.311+0000] {dagbag.py:525} INFO - Filling up the DagBag from /home/airflow/.local/lib/python3.7/site-packages/airflow/example_dags/example_sla_dag.py
[2022-10-03T12:39:17.349+0000] {processor.py:768} INFO - DAG(s) dict_keys(['example_sla_dag']) retrieved from /home/airflow/.local/lib/python3.7/site-packages/airflow/example_dags/example_sla_dag.py
[2022-10-03T12:39:17.401+0000] {logging_mixin.py:117} INFO - [2022-10-03T12:39:17.401+0000] {dag.py:2573} INFO - Sync 1 DAGs
[2022-10-03T12:39:17.438+0000] {logging_mixin.py:117} INFO - [2022-10-03T12:39:17.438+0000] {dag.py:3328} INFO - Setting next_dagrun for example_sla_dag to 2022-10-03T12:36:00+00:00, run_after=2022-10-03T12:38:00+00:00
[2022-10-03T12:39:17.465+0000] {processor.py:178} INFO - Processing /home/airflow/.local/lib/python3.7/site-packages/airflow/example_dags/example_sla_dag.py took 0.160 seconds
[2022-10-03T12:39:48.279+0000] {processor.py:156} INFO - Started process (PID=6410) to work on /home/airflow/.local/lib/python3.7/site-packages/airflow/example_dags/example_sla_dag.py
[2022-10-03T12:39:48.280+0000] {processor.py:758} INFO - Processing file /home/airflow/.local/lib/python3.7/site-packages/airflow/example_dags/example_sla_dag.py for tasks to queue
[2022-10-03T12:39:48.281+0000] {logging_mixin.py:117} INFO - [2022-10-03T12:39:48.281+0000] {dagbag.py:525} INFO - Filling up the DagBag from /home/airflow/.local/lib/python3.7/site-packages/airflow/example_dags/example_sla_dag.py
[2022-10-03T12:39:48.306+0000] {processor.py:768} INFO - DAG(s) dict_keys(['example_sla_dag']) retrieved from /home/airflow/.local/lib/python3.7/site-packages/airflow/example_dags/example_sla_dag.py
[2022-10-03T12:39:48.351+0000] {logging_mixin.py:117} INFO - [2022-10-03T12:39:48.351+0000] {dag.py:2573} INFO - Sync 1 DAGs
[2022-10-03T12:39:48.385+0000] {logging_mixin.py:117} INFO - [2022-10-03T12:39:48.385+0000] {dag.py:3328} INFO - Setting next_dagrun for example_sla_dag to 2022-10-03T12:36:00+00:00, run_after=2022-10-03T12:38:00+00:00
[2022-10-03T12:39:48.416+0000] {processor.py:178} INFO - Processing /home/airflow/.local/lib/python3.7/site-packages/airflow/example_dags/example_sla_dag.py took 0.142 seconds
[2022-10-03T12:40:18.788+0000] {processor.py:156} INFO - Started process (PID=6617) to work on /home/airflow/.local/lib/python3.7/site-packages/airflow/example_dags/example_sla_dag.py
[2022-10-03T12:40:18.790+0000] {processor.py:758} INFO - Processing file /home/airflow/.local/lib/python3.7/site-packages/airflow/example_dags/example_sla_dag.py for tasks to queue
[2022-10-03T12:40:18.791+0000] {logging_mixin.py:117} INFO - [2022-10-03T12:40:18.791+0000] {dagbag.py:525} INFO - Filling up the DagBag from /home/airflow/.local/lib/python3.7/site-packages/airflow/example_dags/example_sla_dag.py
[2022-10-03T12:40:18.822+0000] {processor.py:768} INFO - DAG(s) dict_keys(['example_sla_dag']) retrieved from /home/airflow/.local/lib/python3.7/site-packages/airflow/example_dags/example_sla_dag.py
[2022-10-03T12:40:18.943+0000] {logging_mixin.py:117} INFO - [2022-10-03T12:40:18.943+0000] {dag.py:2573} INFO - Sync 1 DAGs
[2022-10-03T12:40:19.034+0000] {logging_mixin.py:117} INFO - [2022-10-03T12:40:19.033+0000] {dag.py:3328} INFO - Setting next_dagrun for example_sla_dag to 2022-10-03T12:38:00+00:00, run_after=2022-10-03T12:40:00+00:00
[2022-10-03T12:40:19.083+0000] {processor.py:178} INFO - Processing /home/airflow/.local/lib/python3.7/site-packages/airflow/example_dags/example_sla_dag.py took 0.301 seconds
[2022-10-03T12:40:49.765+0000] {processor.py:156} INFO - Started process (PID=6815) to work on /home/airflow/.local/lib/python3.7/site-packages/airflow/example_dags/example_sla_dag.py
[2022-10-03T12:40:49.767+0000] {processor.py:758} INFO - Processing file /home/airflow/.local/lib/python3.7/site-packages/airflow/example_dags/example_sla_dag.py for tasks to queue
[2022-10-03T12:40:49.768+0000] {logging_mixin.py:117} INFO - [2022-10-03T12:40:49.768+0000] {dagbag.py:525} INFO - Filling up the DagBag from /home/airflow/.local/lib/python3.7/site-packages/airflow/example_dags/example_sla_dag.py
[2022-10-03T12:40:49.858+0000] {processor.py:768} INFO - DAG(s) dict_keys(['example_sla_dag']) retrieved from /home/airflow/.local/lib/python3.7/site-packages/airflow/example_dags/example_sla_dag.py
[2022-10-03T12:40:49.966+0000] {logging_mixin.py:117} INFO - [2022-10-03T12:40:49.965+0000] {dag.py:2573} INFO - Sync 1 DAGs
[2022-10-03T12:40:50.051+0000] {logging_mixin.py:117} INFO - [2022-10-03T12:40:50.050+0000] {dag.py:3328} INFO - Setting next_dagrun for example_sla_dag to 2022-10-03T12:38:00+00:00, run_after=2022-10-03T12:40:00+00:00
[2022-10-03T12:40:50.100+0000] {processor.py:178} INFO - Processing /home/airflow/.local/lib/python3.7/site-packages/airflow/example_dags/example_sla_dag.py took 0.348 seconds
[2022-10-03T12:41:20.177+0000] {processor.py:156} INFO - Started process (PID=7022) to work on /home/airflow/.local/lib/python3.7/site-packages/airflow/example_dags/example_sla_dag.py
[2022-10-03T12:41:20.178+0000] {processor.py:758} INFO - Processing file /home/airflow/.local/lib/python3.7/site-packages/airflow/example_dags/example_sla_dag.py for tasks to queue
[2022-10-03T12:41:20.179+0000] {logging_mixin.py:117} INFO - [2022-10-03T12:41:20.179+0000] {dagbag.py:525} INFO - Filling up the DagBag from /home/airflow/.local/lib/python3.7/site-packages/airflow/example_dags/example_sla_dag.py
[2022-10-03T12:41:20.209+0000] {processor.py:768} INFO - DAG(s) dict_keys(['example_sla_dag']) retrieved from /home/airflow/.local/lib/python3.7/site-packages/airflow/example_dags/example_sla_dag.py
[2022-10-03T12:41:20.260+0000] {logging_mixin.py:117} INFO - [2022-10-03T12:41:20.259+0000] {dag.py:2573} INFO - Sync 1 DAGs
[2022-10-03T12:41:20.297+0000] {logging_mixin.py:117} INFO - [2022-10-03T12:41:20.297+0000] {dag.py:3328} INFO - Setting next_dagrun for example_sla_dag to 2022-10-03T12:38:00+00:00, run_after=2022-10-03T12:40:00+00:00
[2022-10-03T12:41:20.330+0000] {processor.py:178} INFO - Processing /home/airflow/.local/lib/python3.7/site-packages/airflow/example_dags/example_sla_dag.py took 0.156 seconds
[2022-10-03T12:41:50.570+0000] {processor.py:156} INFO - Started process (PID=7225) to work on /home/airflow/.local/lib/python3.7/site-packages/airflow/example_dags/example_sla_dag.py
[2022-10-03T12:41:50.571+0000] {processor.py:758} INFO - Processing file /home/airflow/.local/lib/python3.7/site-packages/airflow/example_dags/example_sla_dag.py for tasks to queue
[2022-10-03T12:41:50.572+0000] {logging_mixin.py:117} INFO - [2022-10-03T12:41:50.572+0000] {dagbag.py:525} INFO - Filling up the DagBag from /home/airflow/.local/lib/python3.7/site-packages/airflow/example_dags/example_sla_dag.py
[2022-10-03T12:41:50.602+0000] {processor.py:768} INFO - DAG(s) dict_keys(['example_sla_dag']) retrieved from /home/airflow/.local/lib/python3.7/site-packages/airflow/example_dags/example_sla_dag.py
[2022-10-03T12:41:50.647+0000] {logging_mixin.py:117} INFO - [2022-10-03T12:41:50.647+0000] {dag.py:2573} INFO - Sync 1 DAGs
[2022-10-03T12:41:50.688+0000] {logging_mixin.py:117} INFO - [2022-10-03T12:41:50.688+0000] {dag.py:3328} INFO - Setting next_dagrun for example_sla_dag to 2022-10-03T12:38:00+00:00, run_after=2022-10-03T12:40:00+00:00
[2022-10-03T12:41:50.715+0000] {processor.py:178} INFO - Processing /home/airflow/.local/lib/python3.7/site-packages/airflow/example_dags/example_sla_dag.py took 0.148 seconds
[2022-10-03T12:42:20.890+0000] {processor.py:156} INFO - Started process (PID=7427) to work on /home/airflow/.local/lib/python3.7/site-packages/airflow/example_dags/example_sla_dag.py
[2022-10-03T12:42:20.892+0000] {processor.py:758} INFO - Processing file /home/airflow/.local/lib/python3.7/site-packages/airflow/example_dags/example_sla_dag.py for tasks to queue
[2022-10-03T12:42:20.894+0000] {logging_mixin.py:117} INFO - [2022-10-03T12:42:20.893+0000] {dagbag.py:525} INFO - Filling up the DagBag from /home/airflow/.local/lib/python3.7/site-packages/airflow/example_dags/example_sla_dag.py
[2022-10-03T12:42:20.947+0000] {processor.py:768} INFO - DAG(s) dict_keys(['example_sla_dag']) retrieved from /home/airflow/.local/lib/python3.7/site-packages/airflow/example_dags/example_sla_dag.py
[2022-10-03T12:42:21.033+0000] {logging_mixin.py:117} INFO - [2022-10-03T12:42:21.033+0000] {dag.py:2573} INFO - Sync 1 DAGs
[2022-10-03T12:42:21.099+0000] {logging_mixin.py:117} INFO - [2022-10-03T12:42:21.099+0000] {dag.py:3328} INFO - Setting next_dagrun for example_sla_dag to 2022-10-03T12:40:00+00:00, run_after=2022-10-03T12:42:00+00:00
[2022-10-03T12:42:21.145+0000] {processor.py:178} INFO - Processing /home/airflow/.local/lib/python3.7/site-packages/airflow/example_dags/example_sla_dag.py took 0.260 seconds
[2022-10-03T12:42:51.189+0000] {processor.py:156} INFO - Started process (PID=7625) to work on /home/airflow/.local/lib/python3.7/site-packages/airflow/example_dags/example_sla_dag.py
[2022-10-03T12:42:51.190+0000] {processor.py:758} INFO - Processing file /home/airflow/.local/lib/python3.7/site-packages/airflow/example_dags/example_sla_dag.py for tasks to queue
[2022-10-03T12:42:51.190+0000] {logging_mixin.py:117} INFO - [2022-10-03T12:42:51.190+0000] {dagbag.py:525} INFO - Filling up the DagBag from /home/airflow/.local/lib/python3.7/site-packages/airflow/example_dags/example_sla_dag.py
[2022-10-03T12:42:51.216+0000] {processor.py:768} INFO - DAG(s) dict_keys(['example_sla_dag']) retrieved from /home/airflow/.local/lib/python3.7/site-packages/airflow/example_dags/example_sla_dag.py
[2022-10-03T12:42:51.257+0000] {logging_mixin.py:117} INFO - [2022-10-03T12:42:51.257+0000] {dag.py:2573} INFO - Sync 1 DAGs
[2022-10-03T12:42:51.289+0000] {logging_mixin.py:117} INFO - [2022-10-03T12:42:51.289+0000] {dag.py:3328} INFO - Setting next_dagrun for example_sla_dag to 2022-10-03T12:40:00+00:00, run_after=2022-10-03T12:42:00+00:00
[2022-10-03T12:42:51.315+0000] {processor.py:178} INFO - Processing /home/airflow/.local/lib/python3.7/site-packages/airflow/example_dags/example_sla_dag.py took 0.130 seconds
[2022-10-03T12:43:21.422+0000] {processor.py:156} INFO - Started process (PID=7830) to work on /home/airflow/.local/lib/python3.7/site-packages/airflow/example_dags/example_sla_dag.py
[2022-10-03T12:43:21.423+0000] {processor.py:758} INFO - Processing file /home/airflow/.local/lib/python3.7/site-packages/airflow/example_dags/example_sla_dag.py for tasks to queue
[2022-10-03T12:43:21.424+0000] {logging_mixin.py:117} INFO - [2022-10-03T12:43:21.424+0000] {dagbag.py:525} INFO - Filling up the DagBag from /home/airflow/.local/lib/python3.7/site-packages/airflow/example_dags/example_sla_dag.py
[2022-10-03T12:43:21.447+0000] {processor.py:768} INFO - DAG(s) dict_keys(['example_sla_dag']) retrieved from /home/airflow/.local/lib/python3.7/site-packages/airflow/example_dags/example_sla_dag.py
[2022-10-03T12:43:21.487+0000] {logging_mixin.py:117} INFO - [2022-10-03T12:43:21.487+0000] {dag.py:2573} INFO - Sync 1 DAGs
[2022-10-03T12:43:21.519+0000] {logging_mixin.py:117} INFO - [2022-10-03T12:43:21.519+0000] {dag.py:3328} INFO - Setting next_dagrun for example_sla_dag to 2022-10-03T12:40:00+00:00, run_after=2022-10-03T12:42:00+00:00
[2022-10-03T12:43:21.551+0000] {processor.py:178} INFO - Processing /home/airflow/.local/lib/python3.7/site-packages/airflow/example_dags/example_sla_dag.py took 0.132 seconds
[2022-10-03T12:43:51.945+0000] {processor.py:156} INFO - Started process (PID=8037) to work on /home/airflow/.local/lib/python3.7/site-packages/airflow/example_dags/example_sla_dag.py
[2022-10-03T12:43:51.946+0000] {processor.py:758} INFO - Processing file /home/airflow/.local/lib/python3.7/site-packages/airflow/example_dags/example_sla_dag.py for tasks to queue
[2022-10-03T12:43:51.947+0000] {logging_mixin.py:117} INFO - [2022-10-03T12:43:51.947+0000] {dagbag.py:525} INFO - Filling up the DagBag from /home/airflow/.local/lib/python3.7/site-packages/airflow/example_dags/example_sla_dag.py
[2022-10-03T12:43:51.983+0000] {processor.py:768} INFO - DAG(s) dict_keys(['example_sla_dag']) retrieved from /home/airflow/.local/lib/python3.7/site-packages/airflow/example_dags/example_sla_dag.py
[2022-10-03T12:43:52.057+0000] {logging_mixin.py:117} INFO - [2022-10-03T12:43:52.056+0000] {dag.py:2573} INFO - Sync 1 DAGs
[2022-10-03T12:43:52.102+0000] {logging_mixin.py:117} INFO - [2022-10-03T12:43:52.102+0000] {dag.py:3328} INFO - Setting next_dagrun for example_sla_dag to 2022-10-03T12:40:00+00:00, run_after=2022-10-03T12:42:00+00:00
[2022-10-03T12:43:52.129+0000] {processor.py:178} INFO - Processing /home/airflow/.local/lib/python3.7/site-packages/airflow/example_dags/example_sla_dag.py took 0.190 seconds
[2022-10-03T12:44:22.172+0000] {processor.py:156} INFO - Started process (PID=8235) to work on /home/airflow/.local/lib/python3.7/site-packages/airflow/example_dags/example_sla_dag.py
[2022-10-03T12:44:22.173+0000] {processor.py:758} INFO - Processing file /home/airflow/.local/lib/python3.7/site-packages/airflow/example_dags/example_sla_dag.py for tasks to queue
[2022-10-03T12:44:22.174+0000] {logging_mixin.py:117} INFO - [2022-10-03T12:44:22.174+0000] {dagbag.py:525} INFO - Filling up the DagBag from /home/airflow/.local/lib/python3.7/site-packages/airflow/example_dags/example_sla_dag.py
[2022-10-03T12:44:22.200+0000] {processor.py:768} INFO - DAG(s) dict_keys(['example_sla_dag']) retrieved from /home/airflow/.local/lib/python3.7/site-packages/airflow/example_dags/example_sla_dag.py
[2022-10-03T12:44:22.246+0000] {logging_mixin.py:117} INFO - [2022-10-03T12:44:22.246+0000] {dag.py:2573} INFO - Sync 1 DAGs
[2022-10-03T12:44:22.280+0000] {logging_mixin.py:117} INFO - [2022-10-03T12:44:22.280+0000] {dag.py:3328} INFO - Setting next_dagrun for example_sla_dag to 2022-10-03T12:42:00+00:00, run_after=2022-10-03T12:44:00+00:00
[2022-10-03T12:44:22.306+0000] {processor.py:178} INFO - Processing /home/airflow/.local/lib/python3.7/site-packages/airflow/example_dags/example_sla_dag.py took 0.138 seconds
[2022-10-03T12:44:52.748+0000] {processor.py:156} INFO - Started process (PID=8442) to work on /home/airflow/.local/lib/python3.7/site-packages/airflow/example_dags/example_sla_dag.py
[2022-10-03T12:44:52.749+0000] {processor.py:758} INFO - Processing file /home/airflow/.local/lib/python3.7/site-packages/airflow/example_dags/example_sla_dag.py for tasks to queue
[2022-10-03T12:44:52.750+0000] {logging_mixin.py:117} INFO - [2022-10-03T12:44:52.750+0000] {dagbag.py:525} INFO - Filling up the DagBag from /home/airflow/.local/lib/python3.7/site-packages/airflow/example_dags/example_sla_dag.py
[2022-10-03T12:44:52.777+0000] {processor.py:768} INFO - DAG(s) dict_keys(['example_sla_dag']) retrieved from /home/airflow/.local/lib/python3.7/site-packages/airflow/example_dags/example_sla_dag.py
[2022-10-03T12:44:52.825+0000] {logging_mixin.py:117} INFO - [2022-10-03T12:44:52.825+0000] {dag.py:2573} INFO - Sync 1 DAGs
[2022-10-03T12:44:52.859+0000] {logging_mixin.py:117} INFO - [2022-10-03T12:44:52.859+0000] {dag.py:3328} INFO - Setting next_dagrun for example_sla_dag to 2022-10-03T12:42:00+00:00, run_after=2022-10-03T12:44:00+00:00
[2022-10-03T12:44:52.884+0000] {processor.py:178} INFO - Processing /home/airflow/.local/lib/python3.7/site-packages/airflow/example_dags/example_sla_dag.py took 0.140 seconds
[2022-10-03T12:45:23.385+0000] {processor.py:156} INFO - Started process (PID=8641) to work on /home/airflow/.local/lib/python3.7/site-packages/airflow/example_dags/example_sla_dag.py
[2022-10-03T12:45:23.386+0000] {processor.py:758} INFO - Processing file /home/airflow/.local/lib/python3.7/site-packages/airflow/example_dags/example_sla_dag.py for tasks to queue
[2022-10-03T12:45:23.387+0000] {logging_mixin.py:117} INFO - [2022-10-03T12:45:23.387+0000] {dagbag.py:525} INFO - Filling up the DagBag from /home/airflow/.local/lib/python3.7/site-packages/airflow/example_dags/example_sla_dag.py
[2022-10-03T12:45:23.416+0000] {processor.py:768} INFO - DAG(s) dict_keys(['example_sla_dag']) retrieved from /home/airflow/.local/lib/python3.7/site-packages/airflow/example_dags/example_sla_dag.py
[2022-10-03T12:45:23.461+0000] {logging_mixin.py:117} INFO - [2022-10-03T12:45:23.460+0000] {dag.py:2573} INFO - Sync 1 DAGs
[2022-10-03T12:45:23.497+0000] {logging_mixin.py:117} INFO - [2022-10-03T12:45:23.497+0000] {dag.py:3328} INFO - Setting next_dagrun for example_sla_dag to 2022-10-03T12:42:00+00:00, run_after=2022-10-03T12:44:00+00:00
[2022-10-03T12:45:23.523+0000] {processor.py:178} INFO - Processing /home/airflow/.local/lib/python3.7/site-packages/airflow/example_dags/example_sla_dag.py took 0.141 seconds
[2022-10-03T12:45:53.761+0000] {processor.py:156} INFO - Started process (PID=8850) to work on /home/airflow/.local/lib/python3.7/site-packages/airflow/example_dags/example_sla_dag.py
[2022-10-03T12:45:53.762+0000] {processor.py:758} INFO - Processing file /home/airflow/.local/lib/python3.7/site-packages/airflow/example_dags/example_sla_dag.py for tasks to queue
[2022-10-03T12:45:53.763+0000] {logging_mixin.py:117} INFO - [2022-10-03T12:45:53.762+0000] {dagbag.py:525} INFO - Filling up the DagBag from /home/airflow/.local/lib/python3.7/site-packages/airflow/example_dags/example_sla_dag.py
[2022-10-03T12:45:53.786+0000] {processor.py:768} INFO - DAG(s) dict_keys(['example_sla_dag']) retrieved from /home/airflow/.local/lib/python3.7/site-packages/airflow/example_dags/example_sla_dag.py
[2022-10-03T12:45:53.828+0000] {logging_mixin.py:117} INFO - [2022-10-03T12:45:53.828+0000] {dag.py:2573} INFO - Sync 1 DAGs
[2022-10-03T12:45:53.861+0000] {logging_mixin.py:117} INFO - [2022-10-03T12:45:53.861+0000] {dag.py:3328} INFO - Setting next_dagrun for example_sla_dag to 2022-10-03T12:42:00+00:00, run_after=2022-10-03T12:44:00+00:00
[2022-10-03T12:45:53.885+0000] {processor.py:178} INFO - Processing /home/airflow/.local/lib/python3.7/site-packages/airflow/example_dags/example_sla_dag.py took 0.129 seconds
