[2022-10-03T12:24:29.203+0000] {processor.py:156} INFO - Started process (PID=352) to work on /home/airflow/.local/lib/python3.7/site-packages/airflow/example_dags/example_xcomargs.py
[2022-10-03T12:24:29.205+0000] {processor.py:758} INFO - Processing file /home/airflow/.local/lib/python3.7/site-packages/airflow/example_dags/example_xcomargs.py for tasks to queue
[2022-10-03T12:24:29.207+0000] {logging_mixin.py:117} INFO - [2022-10-03T12:24:29.207+0000] {dagbag.py:525} INFO - Filling up the DagBag from /home/airflow/.local/lib/python3.7/site-packages/airflow/example_dags/example_xcomargs.py
[2022-10-03T12:24:29.294+0000] {processor.py:768} INFO - DAG(s) dict_keys(['example_xcom_args_with_operators', 'example_xcom_args']) retrieved from /home/airflow/.local/lib/python3.7/site-packages/airflow/example_dags/example_xcomargs.py
[2022-10-03T12:24:29.423+0000] {logging_mixin.py:117} INFO - [2022-10-03T12:24:29.422+0000] {dag.py:2573} INFO - Sync 2 DAGs
[2022-10-03T12:24:29.504+0000] {logging_mixin.py:117} INFO - [2022-10-03T12:24:29.503+0000] {dag.py:3328} INFO - Setting next_dagrun for example_xcom_args to None, run_after=None
[2022-10-03T12:24:29.741+0000] {logging_mixin.py:117} INFO - [2022-10-03T12:24:29.740+0000] {dag.py:3328} INFO - Setting next_dagrun for example_xcom_args_with_operators to None, run_after=None
[2022-10-03T12:24:29.790+0000] {processor.py:178} INFO - Processing /home/airflow/.local/lib/python3.7/site-packages/airflow/example_dags/example_xcomargs.py took 0.596 seconds
[2022-10-03T12:25:01.115+0000] {processor.py:156} INFO - Started process (PID=551) to work on /home/airflow/.local/lib/python3.7/site-packages/airflow/example_dags/example_xcomargs.py
[2022-10-03T12:25:01.116+0000] {processor.py:758} INFO - Processing file /home/airflow/.local/lib/python3.7/site-packages/airflow/example_dags/example_xcomargs.py for tasks to queue
[2022-10-03T12:25:01.117+0000] {logging_mixin.py:117} INFO - [2022-10-03T12:25:01.117+0000] {dagbag.py:525} INFO - Filling up the DagBag from /home/airflow/.local/lib/python3.7/site-packages/airflow/example_dags/example_xcomargs.py
[2022-10-03T12:25:01.145+0000] {processor.py:768} INFO - DAG(s) dict_keys(['example_xcom_args_with_operators', 'example_xcom_args']) retrieved from /home/airflow/.local/lib/python3.7/site-packages/airflow/example_dags/example_xcomargs.py
[2022-10-03T12:25:01.204+0000] {logging_mixin.py:117} INFO - [2022-10-03T12:25:01.204+0000] {dag.py:2573} INFO - Sync 2 DAGs
[2022-10-03T12:25:01.367+0000] {logging_mixin.py:117} INFO - [2022-10-03T12:25:01.366+0000] {dag.py:3328} INFO - Setting next_dagrun for example_xcom_args to None, run_after=None
[2022-10-03T12:25:01.371+0000] {logging_mixin.py:117} INFO - [2022-10-03T12:25:01.371+0000] {dag.py:3328} INFO - Setting next_dagrun for example_xcom_args_with_operators to None, run_after=None
[2022-10-03T12:25:01.398+0000] {processor.py:178} INFO - Processing /home/airflow/.local/lib/python3.7/site-packages/airflow/example_dags/example_xcomargs.py took 0.286 seconds
[2022-10-03T12:25:32.293+0000] {processor.py:156} INFO - Started process (PID=758) to work on /home/airflow/.local/lib/python3.7/site-packages/airflow/example_dags/example_xcomargs.py
[2022-10-03T12:25:32.296+0000] {processor.py:758} INFO - Processing file /home/airflow/.local/lib/python3.7/site-packages/airflow/example_dags/example_xcomargs.py for tasks to queue
[2022-10-03T12:25:32.298+0000] {logging_mixin.py:117} INFO - [2022-10-03T12:25:32.297+0000] {dagbag.py:525} INFO - Filling up the DagBag from /home/airflow/.local/lib/python3.7/site-packages/airflow/example_dags/example_xcomargs.py
[2022-10-03T12:25:32.373+0000] {processor.py:768} INFO - DAG(s) dict_keys(['example_xcom_args_with_operators', 'example_xcom_args']) retrieved from /home/airflow/.local/lib/python3.7/site-packages/airflow/example_dags/example_xcomargs.py
[2022-10-03T12:25:32.721+0000] {logging_mixin.py:117} INFO - [2022-10-03T12:25:32.720+0000] {dag.py:2573} INFO - Sync 2 DAGs
[2022-10-03T12:25:32.781+0000] {logging_mixin.py:117} INFO - [2022-10-03T12:25:32.781+0000] {dag.py:3328} INFO - Setting next_dagrun for example_xcom_args to None, run_after=None
[2022-10-03T12:25:32.790+0000] {logging_mixin.py:117} INFO - [2022-10-03T12:25:32.790+0000] {dag.py:3328} INFO - Setting next_dagrun for example_xcom_args_with_operators to None, run_after=None
[2022-10-03T12:25:32.834+0000] {processor.py:178} INFO - Processing /home/airflow/.local/lib/python3.7/site-packages/airflow/example_dags/example_xcomargs.py took 0.549 seconds
[2022-10-03T12:26:03.734+0000] {processor.py:156} INFO - Started process (PID=958) to work on /home/airflow/.local/lib/python3.7/site-packages/airflow/example_dags/example_xcomargs.py
[2022-10-03T12:26:03.736+0000] {processor.py:758} INFO - Processing file /home/airflow/.local/lib/python3.7/site-packages/airflow/example_dags/example_xcomargs.py for tasks to queue
[2022-10-03T12:26:03.738+0000] {logging_mixin.py:117} INFO - [2022-10-03T12:26:03.737+0000] {dagbag.py:525} INFO - Filling up the DagBag from /home/airflow/.local/lib/python3.7/site-packages/airflow/example_dags/example_xcomargs.py
[2022-10-03T12:26:03.805+0000] {processor.py:768} INFO - DAG(s) dict_keys(['example_xcom_args', 'example_xcom_args_with_operators']) retrieved from /home/airflow/.local/lib/python3.7/site-packages/airflow/example_dags/example_xcomargs.py
[2022-10-03T12:26:04.131+0000] {logging_mixin.py:117} INFO - [2022-10-03T12:26:04.130+0000] {dag.py:2573} INFO - Sync 2 DAGs
[2022-10-03T12:26:04.189+0000] {logging_mixin.py:117} INFO - [2022-10-03T12:26:04.189+0000] {dag.py:3328} INFO - Setting next_dagrun for example_xcom_args to None, run_after=None
[2022-10-03T12:26:04.199+0000] {logging_mixin.py:117} INFO - [2022-10-03T12:26:04.199+0000] {dag.py:3328} INFO - Setting next_dagrun for example_xcom_args_with_operators to None, run_after=None
[2022-10-03T12:26:04.242+0000] {processor.py:178} INFO - Processing /home/airflow/.local/lib/python3.7/site-packages/airflow/example_dags/example_xcomargs.py took 0.518 seconds
[2022-10-03T12:26:34.378+0000] {processor.py:156} INFO - Started process (PID=1162) to work on /home/airflow/.local/lib/python3.7/site-packages/airflow/example_dags/example_xcomargs.py
[2022-10-03T12:26:34.379+0000] {processor.py:758} INFO - Processing file /home/airflow/.local/lib/python3.7/site-packages/airflow/example_dags/example_xcomargs.py for tasks to queue
[2022-10-03T12:26:34.380+0000] {logging_mixin.py:117} INFO - [2022-10-03T12:26:34.380+0000] {dagbag.py:525} INFO - Filling up the DagBag from /home/airflow/.local/lib/python3.7/site-packages/airflow/example_dags/example_xcomargs.py
[2022-10-03T12:26:34.562+0000] {processor.py:768} INFO - DAG(s) dict_keys(['example_xcom_args_with_operators', 'example_xcom_args']) retrieved from /home/airflow/.local/lib/python3.7/site-packages/airflow/example_dags/example_xcomargs.py
[2022-10-03T12:26:34.610+0000] {logging_mixin.py:117} INFO - [2022-10-03T12:26:34.610+0000] {dag.py:2573} INFO - Sync 2 DAGs
[2022-10-03T12:26:34.642+0000] {logging_mixin.py:117} INFO - [2022-10-03T12:26:34.641+0000] {dag.py:3328} INFO - Setting next_dagrun for example_xcom_args to None, run_after=None
[2022-10-03T12:26:34.646+0000] {logging_mixin.py:117} INFO - [2022-10-03T12:26:34.646+0000] {dag.py:3328} INFO - Setting next_dagrun for example_xcom_args_with_operators to None, run_after=None
[2022-10-03T12:26:34.668+0000] {processor.py:178} INFO - Processing /home/airflow/.local/lib/python3.7/site-packages/airflow/example_dags/example_xcomargs.py took 0.295 seconds
[2022-10-03T12:27:06.136+0000] {processor.py:156} INFO - Started process (PID=1382) to work on /home/airflow/.local/lib/python3.7/site-packages/airflow/example_dags/example_xcomargs.py
[2022-10-03T12:27:06.137+0000] {processor.py:758} INFO - Processing file /home/airflow/.local/lib/python3.7/site-packages/airflow/example_dags/example_xcomargs.py for tasks to queue
[2022-10-03T12:27:06.138+0000] {logging_mixin.py:117} INFO - [2022-10-03T12:27:06.138+0000] {dagbag.py:525} INFO - Filling up the DagBag from /home/airflow/.local/lib/python3.7/site-packages/airflow/example_dags/example_xcomargs.py
[2022-10-03T12:27:06.392+0000] {processor.py:768} INFO - DAG(s) dict_keys(['example_xcom_args_with_operators', 'example_xcom_args']) retrieved from /home/airflow/.local/lib/python3.7/site-packages/airflow/example_dags/example_xcomargs.py
[2022-10-03T12:27:06.473+0000] {logging_mixin.py:117} INFO - [2022-10-03T12:27:06.473+0000] {dag.py:2573} INFO - Sync 2 DAGs
[2022-10-03T12:27:06.556+0000] {logging_mixin.py:117} INFO - [2022-10-03T12:27:06.556+0000] {dag.py:3328} INFO - Setting next_dagrun for example_xcom_args to None, run_after=None
[2022-10-03T12:27:06.565+0000] {logging_mixin.py:117} INFO - [2022-10-03T12:27:06.565+0000] {dag.py:3328} INFO - Setting next_dagrun for example_xcom_args_with_operators to None, run_after=None
[2022-10-03T12:27:06.606+0000] {processor.py:178} INFO - Processing /home/airflow/.local/lib/python3.7/site-packages/airflow/example_dags/example_xcomargs.py took 0.476 seconds
[2022-10-03T12:27:37.011+0000] {processor.py:156} INFO - Started process (PID=1598) to work on /home/airflow/.local/lib/python3.7/site-packages/airflow/example_dags/example_xcomargs.py
[2022-10-03T12:27:37.012+0000] {processor.py:758} INFO - Processing file /home/airflow/.local/lib/python3.7/site-packages/airflow/example_dags/example_xcomargs.py for tasks to queue
[2022-10-03T12:27:37.013+0000] {logging_mixin.py:117} INFO - [2022-10-03T12:27:37.012+0000] {dagbag.py:525} INFO - Filling up the DagBag from /home/airflow/.local/lib/python3.7/site-packages/airflow/example_dags/example_xcomargs.py
[2022-10-03T12:27:37.042+0000] {processor.py:768} INFO - DAG(s) dict_keys(['example_xcom_args_with_operators', 'example_xcom_args']) retrieved from /home/airflow/.local/lib/python3.7/site-packages/airflow/example_dags/example_xcomargs.py
[2022-10-03T12:27:37.091+0000] {logging_mixin.py:117} INFO - [2022-10-03T12:27:37.091+0000] {dag.py:2573} INFO - Sync 2 DAGs
[2022-10-03T12:27:37.125+0000] {logging_mixin.py:117} INFO - [2022-10-03T12:27:37.125+0000] {dag.py:3328} INFO - Setting next_dagrun for example_xcom_args to None, run_after=None
[2022-10-03T12:27:37.129+0000] {logging_mixin.py:117} INFO - [2022-10-03T12:27:37.128+0000] {dag.py:3328} INFO - Setting next_dagrun for example_xcom_args_with_operators to None, run_after=None
[2022-10-03T12:27:37.165+0000] {processor.py:178} INFO - Processing /home/airflow/.local/lib/python3.7/site-packages/airflow/example_dags/example_xcomargs.py took 0.158 seconds
[2022-10-03T12:28:08.020+0000] {processor.py:156} INFO - Started process (PID=1805) to work on /home/airflow/.local/lib/python3.7/site-packages/airflow/example_dags/example_xcomargs.py
[2022-10-03T12:28:08.021+0000] {processor.py:758} INFO - Processing file /home/airflow/.local/lib/python3.7/site-packages/airflow/example_dags/example_xcomargs.py for tasks to queue
[2022-10-03T12:28:08.023+0000] {logging_mixin.py:117} INFO - [2022-10-03T12:28:08.023+0000] {dagbag.py:525} INFO - Filling up the DagBag from /home/airflow/.local/lib/python3.7/site-packages/airflow/example_dags/example_xcomargs.py
[2022-10-03T12:28:08.091+0000] {processor.py:768} INFO - DAG(s) dict_keys(['example_xcom_args_with_operators', 'example_xcom_args']) retrieved from /home/airflow/.local/lib/python3.7/site-packages/airflow/example_dags/example_xcomargs.py
[2022-10-03T12:28:08.248+0000] {logging_mixin.py:117} INFO - [2022-10-03T12:28:08.247+0000] {dag.py:2573} INFO - Sync 2 DAGs
[2022-10-03T12:28:08.336+0000] {logging_mixin.py:117} INFO - [2022-10-03T12:28:08.336+0000] {dag.py:3328} INFO - Setting next_dagrun for example_xcom_args to None, run_after=None
[2022-10-03T12:28:08.345+0000] {logging_mixin.py:117} INFO - [2022-10-03T12:28:08.345+0000] {dag.py:3328} INFO - Setting next_dagrun for example_xcom_args_with_operators to None, run_after=None
[2022-10-03T12:28:08.393+0000] {processor.py:178} INFO - Processing /home/airflow/.local/lib/python3.7/site-packages/airflow/example_dags/example_xcomargs.py took 0.380 seconds
[2022-10-03T12:28:39.209+0000] {processor.py:156} INFO - Started process (PID=2023) to work on /home/airflow/.local/lib/python3.7/site-packages/airflow/example_dags/example_xcomargs.py
[2022-10-03T12:28:39.211+0000] {processor.py:758} INFO - Processing file /home/airflow/.local/lib/python3.7/site-packages/airflow/example_dags/example_xcomargs.py for tasks to queue
[2022-10-03T12:28:39.212+0000] {logging_mixin.py:117} INFO - [2022-10-03T12:28:39.212+0000] {dagbag.py:525} INFO - Filling up the DagBag from /home/airflow/.local/lib/python3.7/site-packages/airflow/example_dags/example_xcomargs.py
[2022-10-03T12:28:39.271+0000] {processor.py:768} INFO - DAG(s) dict_keys(['example_xcom_args_with_operators', 'example_xcom_args']) retrieved from /home/airflow/.local/lib/python3.7/site-packages/airflow/example_dags/example_xcomargs.py
[2022-10-03T12:28:39.364+0000] {logging_mixin.py:117} INFO - [2022-10-03T12:28:39.364+0000] {dag.py:2573} INFO - Sync 2 DAGs
[2022-10-03T12:28:39.426+0000] {logging_mixin.py:117} INFO - [2022-10-03T12:28:39.425+0000] {dag.py:3328} INFO - Setting next_dagrun for example_xcom_args to None, run_after=None
[2022-10-03T12:28:39.434+0000] {logging_mixin.py:117} INFO - [2022-10-03T12:28:39.434+0000] {dag.py:3328} INFO - Setting next_dagrun for example_xcom_args_with_operators to None, run_after=None
[2022-10-03T12:28:39.476+0000] {processor.py:178} INFO - Processing /home/airflow/.local/lib/python3.7/site-packages/airflow/example_dags/example_xcomargs.py took 0.275 seconds
[2022-10-03T12:29:09.929+0000] {processor.py:156} INFO - Started process (PID=2221) to work on /home/airflow/.local/lib/python3.7/site-packages/airflow/example_dags/example_xcomargs.py
[2022-10-03T12:29:09.932+0000] {processor.py:758} INFO - Processing file /home/airflow/.local/lib/python3.7/site-packages/airflow/example_dags/example_xcomargs.py for tasks to queue
[2022-10-03T12:29:09.933+0000] {logging_mixin.py:117} INFO - [2022-10-03T12:29:09.932+0000] {dagbag.py:525} INFO - Filling up the DagBag from /home/airflow/.local/lib/python3.7/site-packages/airflow/example_dags/example_xcomargs.py
[2022-10-03T12:29:09.959+0000] {processor.py:768} INFO - DAG(s) dict_keys(['example_xcom_args', 'example_xcom_args_with_operators']) retrieved from /home/airflow/.local/lib/python3.7/site-packages/airflow/example_dags/example_xcomargs.py
[2022-10-03T12:29:10.006+0000] {logging_mixin.py:117} INFO - [2022-10-03T12:29:10.005+0000] {dag.py:2573} INFO - Sync 2 DAGs
[2022-10-03T12:29:10.035+0000] {logging_mixin.py:117} INFO - [2022-10-03T12:29:10.035+0000] {dag.py:3328} INFO - Setting next_dagrun for example_xcom_args to None, run_after=None
[2022-10-03T12:29:10.038+0000] {logging_mixin.py:117} INFO - [2022-10-03T12:29:10.038+0000] {dag.py:3328} INFO - Setting next_dagrun for example_xcom_args_with_operators to None, run_after=None
[2022-10-03T12:29:10.058+0000] {processor.py:178} INFO - Processing /home/airflow/.local/lib/python3.7/site-packages/airflow/example_dags/example_xcomargs.py took 0.132 seconds
[2022-10-03T12:29:40.959+0000] {processor.py:156} INFO - Started process (PID=2418) to work on /home/airflow/.local/lib/python3.7/site-packages/airflow/example_dags/example_xcomargs.py
[2022-10-03T12:29:40.960+0000] {processor.py:758} INFO - Processing file /home/airflow/.local/lib/python3.7/site-packages/airflow/example_dags/example_xcomargs.py for tasks to queue
[2022-10-03T12:29:40.961+0000] {logging_mixin.py:117} INFO - [2022-10-03T12:29:40.961+0000] {dagbag.py:525} INFO - Filling up the DagBag from /home/airflow/.local/lib/python3.7/site-packages/airflow/example_dags/example_xcomargs.py
[2022-10-03T12:29:40.996+0000] {processor.py:768} INFO - DAG(s) dict_keys(['example_xcom_args_with_operators', 'example_xcom_args']) retrieved from /home/airflow/.local/lib/python3.7/site-packages/airflow/example_dags/example_xcomargs.py
[2022-10-03T12:29:41.059+0000] {logging_mixin.py:117} INFO - [2022-10-03T12:29:41.059+0000] {dag.py:2573} INFO - Sync 2 DAGs
[2022-10-03T12:29:41.095+0000] {logging_mixin.py:117} INFO - [2022-10-03T12:29:41.095+0000] {dag.py:3328} INFO - Setting next_dagrun for example_xcom_args to None, run_after=None
[2022-10-03T12:29:41.099+0000] {logging_mixin.py:117} INFO - [2022-10-03T12:29:41.099+0000] {dag.py:3328} INFO - Setting next_dagrun for example_xcom_args_with_operators to None, run_after=None
[2022-10-03T12:29:41.128+0000] {processor.py:178} INFO - Processing /home/airflow/.local/lib/python3.7/site-packages/airflow/example_dags/example_xcomargs.py took 0.172 seconds
[2022-10-03T12:30:11.361+0000] {processor.py:156} INFO - Started process (PID=2625) to work on /home/airflow/.local/lib/python3.7/site-packages/airflow/example_dags/example_xcomargs.py
[2022-10-03T12:30:11.362+0000] {processor.py:758} INFO - Processing file /home/airflow/.local/lib/python3.7/site-packages/airflow/example_dags/example_xcomargs.py for tasks to queue
[2022-10-03T12:30:11.363+0000] {logging_mixin.py:117} INFO - [2022-10-03T12:30:11.363+0000] {dagbag.py:525} INFO - Filling up the DagBag from /home/airflow/.local/lib/python3.7/site-packages/airflow/example_dags/example_xcomargs.py
[2022-10-03T12:30:11.398+0000] {processor.py:768} INFO - DAG(s) dict_keys(['example_xcom_args', 'example_xcom_args_with_operators']) retrieved from /home/airflow/.local/lib/python3.7/site-packages/airflow/example_dags/example_xcomargs.py
[2022-10-03T12:30:11.446+0000] {logging_mixin.py:117} INFO - [2022-10-03T12:30:11.446+0000] {dag.py:2573} INFO - Sync 2 DAGs
[2022-10-03T12:30:11.475+0000] {logging_mixin.py:117} INFO - [2022-10-03T12:30:11.475+0000] {dag.py:3328} INFO - Setting next_dagrun for example_xcom_args to None, run_after=None
[2022-10-03T12:30:11.479+0000] {logging_mixin.py:117} INFO - [2022-10-03T12:30:11.479+0000] {dag.py:3328} INFO - Setting next_dagrun for example_xcom_args_with_operators to None, run_after=None
[2022-10-03T12:30:11.502+0000] {processor.py:178} INFO - Processing /home/airflow/.local/lib/python3.7/site-packages/airflow/example_dags/example_xcomargs.py took 0.146 seconds
[2022-10-03T12:30:41.792+0000] {processor.py:156} INFO - Started process (PID=2818) to work on /home/airflow/.local/lib/python3.7/site-packages/airflow/example_dags/example_xcomargs.py
[2022-10-03T12:30:41.794+0000] {processor.py:758} INFO - Processing file /home/airflow/.local/lib/python3.7/site-packages/airflow/example_dags/example_xcomargs.py for tasks to queue
[2022-10-03T12:30:41.796+0000] {logging_mixin.py:117} INFO - [2022-10-03T12:30:41.795+0000] {dagbag.py:525} INFO - Filling up the DagBag from /home/airflow/.local/lib/python3.7/site-packages/airflow/example_dags/example_xcomargs.py
[2022-10-03T12:30:41.867+0000] {processor.py:768} INFO - DAG(s) dict_keys(['example_xcom_args_with_operators', 'example_xcom_args']) retrieved from /home/airflow/.local/lib/python3.7/site-packages/airflow/example_dags/example_xcomargs.py
[2022-10-03T12:30:41.962+0000] {logging_mixin.py:117} INFO - [2022-10-03T12:30:41.961+0000] {dag.py:2573} INFO - Sync 2 DAGs
[2022-10-03T12:30:42.037+0000] {logging_mixin.py:117} INFO - [2022-10-03T12:30:42.037+0000] {dag.py:3328} INFO - Setting next_dagrun for example_xcom_args to None, run_after=None
[2022-10-03T12:30:42.048+0000] {logging_mixin.py:117} INFO - [2022-10-03T12:30:42.047+0000] {dag.py:3328} INFO - Setting next_dagrun for example_xcom_args_with_operators to None, run_after=None
[2022-10-03T12:30:42.094+0000] {processor.py:178} INFO - Processing /home/airflow/.local/lib/python3.7/site-packages/airflow/example_dags/example_xcomargs.py took 0.314 seconds
[2022-10-03T12:31:12.292+0000] {processor.py:156} INFO - Started process (PID=3022) to work on /home/airflow/.local/lib/python3.7/site-packages/airflow/example_dags/example_xcomargs.py
[2022-10-03T12:31:12.293+0000] {processor.py:758} INFO - Processing file /home/airflow/.local/lib/python3.7/site-packages/airflow/example_dags/example_xcomargs.py for tasks to queue
[2022-10-03T12:31:12.294+0000] {logging_mixin.py:117} INFO - [2022-10-03T12:31:12.294+0000] {dagbag.py:525} INFO - Filling up the DagBag from /home/airflow/.local/lib/python3.7/site-packages/airflow/example_dags/example_xcomargs.py
[2022-10-03T12:31:12.329+0000] {processor.py:768} INFO - DAG(s) dict_keys(['example_xcom_args', 'example_xcom_args_with_operators']) retrieved from /home/airflow/.local/lib/python3.7/site-packages/airflow/example_dags/example_xcomargs.py
[2022-10-03T12:31:12.385+0000] {logging_mixin.py:117} INFO - [2022-10-03T12:31:12.385+0000] {dag.py:2573} INFO - Sync 2 DAGs
[2022-10-03T12:31:12.415+0000] {logging_mixin.py:117} INFO - [2022-10-03T12:31:12.415+0000] {dag.py:3328} INFO - Setting next_dagrun for example_xcom_args to None, run_after=None
[2022-10-03T12:31:12.420+0000] {logging_mixin.py:117} INFO - [2022-10-03T12:31:12.420+0000] {dag.py:3328} INFO - Setting next_dagrun for example_xcom_args_with_operators to None, run_after=None
[2022-10-03T12:31:12.443+0000] {processor.py:178} INFO - Processing /home/airflow/.local/lib/python3.7/site-packages/airflow/example_dags/example_xcomargs.py took 0.155 seconds
[2022-10-03T12:31:42.597+0000] {processor.py:156} INFO - Started process (PID=3220) to work on /home/airflow/.local/lib/python3.7/site-packages/airflow/example_dags/example_xcomargs.py
[2022-10-03T12:31:42.598+0000] {processor.py:758} INFO - Processing file /home/airflow/.local/lib/python3.7/site-packages/airflow/example_dags/example_xcomargs.py for tasks to queue
[2022-10-03T12:31:42.600+0000] {logging_mixin.py:117} INFO - [2022-10-03T12:31:42.599+0000] {dagbag.py:525} INFO - Filling up the DagBag from /home/airflow/.local/lib/python3.7/site-packages/airflow/example_dags/example_xcomargs.py
[2022-10-03T12:31:42.667+0000] {processor.py:768} INFO - DAG(s) dict_keys(['example_xcom_args', 'example_xcom_args_with_operators']) retrieved from /home/airflow/.local/lib/python3.7/site-packages/airflow/example_dags/example_xcomargs.py
[2022-10-03T12:31:42.772+0000] {logging_mixin.py:117} INFO - [2022-10-03T12:31:42.772+0000] {dag.py:2573} INFO - Sync 2 DAGs
[2022-10-03T12:31:42.835+0000] {logging_mixin.py:117} INFO - [2022-10-03T12:31:42.835+0000] {dag.py:3328} INFO - Setting next_dagrun for example_xcom_args to None, run_after=None
[2022-10-03T12:31:42.843+0000] {logging_mixin.py:117} INFO - [2022-10-03T12:31:42.843+0000] {dag.py:3328} INFO - Setting next_dagrun for example_xcom_args_with_operators to None, run_after=None
[2022-10-03T12:31:42.885+0000] {processor.py:178} INFO - Processing /home/airflow/.local/lib/python3.7/site-packages/airflow/example_dags/example_xcomargs.py took 0.296 seconds
[2022-10-03T12:32:13.069+0000] {processor.py:156} INFO - Started process (PID=3435) to work on /home/airflow/.local/lib/python3.7/site-packages/airflow/example_dags/example_xcomargs.py
[2022-10-03T12:32:13.071+0000] {processor.py:758} INFO - Processing file /home/airflow/.local/lib/python3.7/site-packages/airflow/example_dags/example_xcomargs.py for tasks to queue
[2022-10-03T12:32:13.073+0000] {logging_mixin.py:117} INFO - [2022-10-03T12:32:13.073+0000] {dagbag.py:525} INFO - Filling up the DagBag from /home/airflow/.local/lib/python3.7/site-packages/airflow/example_dags/example_xcomargs.py
[2022-10-03T12:32:13.152+0000] {processor.py:768} INFO - DAG(s) dict_keys(['example_xcom_args_with_operators', 'example_xcom_args']) retrieved from /home/airflow/.local/lib/python3.7/site-packages/airflow/example_dags/example_xcomargs.py
[2022-10-03T12:32:13.250+0000] {logging_mixin.py:117} INFO - [2022-10-03T12:32:13.249+0000] {dag.py:2573} INFO - Sync 2 DAGs
[2022-10-03T12:32:13.309+0000] {logging_mixin.py:117} INFO - [2022-10-03T12:32:13.309+0000] {dag.py:3328} INFO - Setting next_dagrun for example_xcom_args to None, run_after=None
[2022-10-03T12:32:13.317+0000] {logging_mixin.py:117} INFO - [2022-10-03T12:32:13.317+0000] {dag.py:3328} INFO - Setting next_dagrun for example_xcom_args_with_operators to None, run_after=None
[2022-10-03T12:32:13.360+0000] {processor.py:178} INFO - Processing /home/airflow/.local/lib/python3.7/site-packages/airflow/example_dags/example_xcomargs.py took 0.301 seconds
[2022-10-03T12:32:43.717+0000] {processor.py:156} INFO - Started process (PID=3623) to work on /home/airflow/.local/lib/python3.7/site-packages/airflow/example_dags/example_xcomargs.py
[2022-10-03T12:32:43.719+0000] {processor.py:758} INFO - Processing file /home/airflow/.local/lib/python3.7/site-packages/airflow/example_dags/example_xcomargs.py for tasks to queue
[2022-10-03T12:32:43.720+0000] {logging_mixin.py:117} INFO - [2022-10-03T12:32:43.720+0000] {dagbag.py:525} INFO - Filling up the DagBag from /home/airflow/.local/lib/python3.7/site-packages/airflow/example_dags/example_xcomargs.py
[2022-10-03T12:32:43.792+0000] {processor.py:768} INFO - DAG(s) dict_keys(['example_xcom_args', 'example_xcom_args_with_operators']) retrieved from /home/airflow/.local/lib/python3.7/site-packages/airflow/example_dags/example_xcomargs.py
[2022-10-03T12:32:43.918+0000] {logging_mixin.py:117} INFO - [2022-10-03T12:32:43.918+0000] {dag.py:2573} INFO - Sync 2 DAGs
[2022-10-03T12:32:43.997+0000] {logging_mixin.py:117} INFO - [2022-10-03T12:32:43.996+0000] {dag.py:3328} INFO - Setting next_dagrun for example_xcom_args to None, run_after=None
[2022-10-03T12:32:44.008+0000] {logging_mixin.py:117} INFO - [2022-10-03T12:32:44.007+0000] {dag.py:3328} INFO - Setting next_dagrun for example_xcom_args_with_operators to None, run_after=None
[2022-10-03T12:32:44.065+0000] {processor.py:178} INFO - Processing /home/airflow/.local/lib/python3.7/site-packages/airflow/example_dags/example_xcomargs.py took 0.354 seconds
[2022-10-03T12:33:14.550+0000] {processor.py:156} INFO - Started process (PID=3830) to work on /home/airflow/.local/lib/python3.7/site-packages/airflow/example_dags/example_xcomargs.py
[2022-10-03T12:33:14.551+0000] {processor.py:758} INFO - Processing file /home/airflow/.local/lib/python3.7/site-packages/airflow/example_dags/example_xcomargs.py for tasks to queue
[2022-10-03T12:33:14.552+0000] {logging_mixin.py:117} INFO - [2022-10-03T12:33:14.552+0000] {dagbag.py:525} INFO - Filling up the DagBag from /home/airflow/.local/lib/python3.7/site-packages/airflow/example_dags/example_xcomargs.py
[2022-10-03T12:33:14.583+0000] {processor.py:768} INFO - DAG(s) dict_keys(['example_xcom_args', 'example_xcom_args_with_operators']) retrieved from /home/airflow/.local/lib/python3.7/site-packages/airflow/example_dags/example_xcomargs.py
[2022-10-03T12:33:14.633+0000] {logging_mixin.py:117} INFO - [2022-10-03T12:33:14.632+0000] {dag.py:2573} INFO - Sync 2 DAGs
[2022-10-03T12:33:14.666+0000] {logging_mixin.py:117} INFO - [2022-10-03T12:33:14.666+0000] {dag.py:3328} INFO - Setting next_dagrun for example_xcom_args to None, run_after=None
[2022-10-03T12:33:14.671+0000] {logging_mixin.py:117} INFO - [2022-10-03T12:33:14.671+0000] {dag.py:3328} INFO - Setting next_dagrun for example_xcom_args_with_operators to None, run_after=None
[2022-10-03T12:33:14.697+0000] {processor.py:178} INFO - Processing /home/airflow/.local/lib/python3.7/site-packages/airflow/example_dags/example_xcomargs.py took 0.151 seconds
[2022-10-03T12:33:45.309+0000] {processor.py:156} INFO - Started process (PID=4037) to work on /home/airflow/.local/lib/python3.7/site-packages/airflow/example_dags/example_xcomargs.py
[2022-10-03T12:33:45.310+0000] {processor.py:758} INFO - Processing file /home/airflow/.local/lib/python3.7/site-packages/airflow/example_dags/example_xcomargs.py for tasks to queue
[2022-10-03T12:33:45.311+0000] {logging_mixin.py:117} INFO - [2022-10-03T12:33:45.310+0000] {dagbag.py:525} INFO - Filling up the DagBag from /home/airflow/.local/lib/python3.7/site-packages/airflow/example_dags/example_xcomargs.py
[2022-10-03T12:33:45.344+0000] {processor.py:768} INFO - DAG(s) dict_keys(['example_xcom_args_with_operators', 'example_xcom_args']) retrieved from /home/airflow/.local/lib/python3.7/site-packages/airflow/example_dags/example_xcomargs.py
[2022-10-03T12:33:45.420+0000] {logging_mixin.py:117} INFO - [2022-10-03T12:33:45.420+0000] {dag.py:2573} INFO - Sync 2 DAGs
[2022-10-03T12:33:45.467+0000] {logging_mixin.py:117} INFO - [2022-10-03T12:33:45.467+0000] {dag.py:3328} INFO - Setting next_dagrun for example_xcom_args to None, run_after=None
[2022-10-03T12:33:45.473+0000] {logging_mixin.py:117} INFO - [2022-10-03T12:33:45.473+0000] {dag.py:3328} INFO - Setting next_dagrun for example_xcom_args_with_operators to None, run_after=None
[2022-10-03T12:33:45.507+0000] {processor.py:178} INFO - Processing /home/airflow/.local/lib/python3.7/site-packages/airflow/example_dags/example_xcomargs.py took 0.202 seconds
[2022-10-03T12:34:15.753+0000] {processor.py:156} INFO - Started process (PID=4235) to work on /home/airflow/.local/lib/python3.7/site-packages/airflow/example_dags/example_xcomargs.py
[2022-10-03T12:34:15.754+0000] {processor.py:758} INFO - Processing file /home/airflow/.local/lib/python3.7/site-packages/airflow/example_dags/example_xcomargs.py for tasks to queue
[2022-10-03T12:34:15.755+0000] {logging_mixin.py:117} INFO - [2022-10-03T12:34:15.755+0000] {dagbag.py:525} INFO - Filling up the DagBag from /home/airflow/.local/lib/python3.7/site-packages/airflow/example_dags/example_xcomargs.py
[2022-10-03T12:34:15.783+0000] {processor.py:768} INFO - DAG(s) dict_keys(['example_xcom_args', 'example_xcom_args_with_operators']) retrieved from /home/airflow/.local/lib/python3.7/site-packages/airflow/example_dags/example_xcomargs.py
[2022-10-03T12:34:15.834+0000] {logging_mixin.py:117} INFO - [2022-10-03T12:34:15.834+0000] {dag.py:2573} INFO - Sync 2 DAGs
[2022-10-03T12:34:15.864+0000] {logging_mixin.py:117} INFO - [2022-10-03T12:34:15.863+0000] {dag.py:3328} INFO - Setting next_dagrun for example_xcom_args to None, run_after=None
[2022-10-03T12:34:15.868+0000] {logging_mixin.py:117} INFO - [2022-10-03T12:34:15.868+0000] {dag.py:3328} INFO - Setting next_dagrun for example_xcom_args_with_operators to None, run_after=None
[2022-10-03T12:34:15.894+0000] {processor.py:178} INFO - Processing /home/airflow/.local/lib/python3.7/site-packages/airflow/example_dags/example_xcomargs.py took 0.144 seconds
[2022-10-03T12:34:46.865+0000] {processor.py:156} INFO - Started process (PID=4443) to work on /home/airflow/.local/lib/python3.7/site-packages/airflow/example_dags/example_xcomargs.py
[2022-10-03T12:34:46.867+0000] {processor.py:758} INFO - Processing file /home/airflow/.local/lib/python3.7/site-packages/airflow/example_dags/example_xcomargs.py for tasks to queue
[2022-10-03T12:34:46.869+0000] {logging_mixin.py:117} INFO - [2022-10-03T12:34:46.868+0000] {dagbag.py:525} INFO - Filling up the DagBag from /home/airflow/.local/lib/python3.7/site-packages/airflow/example_dags/example_xcomargs.py
[2022-10-03T12:34:46.944+0000] {processor.py:768} INFO - DAG(s) dict_keys(['example_xcom_args_with_operators', 'example_xcom_args']) retrieved from /home/airflow/.local/lib/python3.7/site-packages/airflow/example_dags/example_xcomargs.py
[2022-10-03T12:34:47.086+0000] {logging_mixin.py:117} INFO - [2022-10-03T12:34:47.086+0000] {dag.py:2573} INFO - Sync 2 DAGs
[2022-10-03T12:34:47.159+0000] {logging_mixin.py:117} INFO - [2022-10-03T12:34:47.158+0000] {dag.py:3328} INFO - Setting next_dagrun for example_xcom_args to None, run_after=None
[2022-10-03T12:34:47.167+0000] {logging_mixin.py:117} INFO - [2022-10-03T12:34:47.167+0000] {dag.py:3328} INFO - Setting next_dagrun for example_xcom_args_with_operators to None, run_after=None
[2022-10-03T12:34:47.215+0000] {processor.py:178} INFO - Processing /home/airflow/.local/lib/python3.7/site-packages/airflow/example_dags/example_xcomargs.py took 0.357 seconds
[2022-10-03T12:35:17.318+0000] {processor.py:156} INFO - Started process (PID=4641) to work on /home/airflow/.local/lib/python3.7/site-packages/airflow/example_dags/example_xcomargs.py
[2022-10-03T12:35:17.319+0000] {processor.py:758} INFO - Processing file /home/airflow/.local/lib/python3.7/site-packages/airflow/example_dags/example_xcomargs.py for tasks to queue
[2022-10-03T12:35:17.320+0000] {logging_mixin.py:117} INFO - [2022-10-03T12:35:17.320+0000] {dagbag.py:525} INFO - Filling up the DagBag from /home/airflow/.local/lib/python3.7/site-packages/airflow/example_dags/example_xcomargs.py
[2022-10-03T12:35:17.355+0000] {processor.py:768} INFO - DAG(s) dict_keys(['example_xcom_args', 'example_xcom_args_with_operators']) retrieved from /home/airflow/.local/lib/python3.7/site-packages/airflow/example_dags/example_xcomargs.py
[2022-10-03T12:35:17.406+0000] {logging_mixin.py:117} INFO - [2022-10-03T12:35:17.406+0000] {dag.py:2573} INFO - Sync 2 DAGs
[2022-10-03T12:35:17.440+0000] {logging_mixin.py:117} INFO - [2022-10-03T12:35:17.440+0000] {dag.py:3328} INFO - Setting next_dagrun for example_xcom_args to None, run_after=None
[2022-10-03T12:35:17.445+0000] {logging_mixin.py:117} INFO - [2022-10-03T12:35:17.445+0000] {dag.py:3328} INFO - Setting next_dagrun for example_xcom_args_with_operators to None, run_after=None
[2022-10-03T12:35:17.470+0000] {processor.py:178} INFO - Processing /home/airflow/.local/lib/python3.7/site-packages/airflow/example_dags/example_xcomargs.py took 0.155 seconds
[2022-10-03T12:35:47.549+0000] {processor.py:156} INFO - Started process (PID=4843) to work on /home/airflow/.local/lib/python3.7/site-packages/airflow/example_dags/example_xcomargs.py
[2022-10-03T12:35:47.550+0000] {processor.py:758} INFO - Processing file /home/airflow/.local/lib/python3.7/site-packages/airflow/example_dags/example_xcomargs.py for tasks to queue
[2022-10-03T12:35:47.551+0000] {logging_mixin.py:117} INFO - [2022-10-03T12:35:47.551+0000] {dagbag.py:525} INFO - Filling up the DagBag from /home/airflow/.local/lib/python3.7/site-packages/airflow/example_dags/example_xcomargs.py
[2022-10-03T12:35:47.581+0000] {processor.py:768} INFO - DAG(s) dict_keys(['example_xcom_args_with_operators', 'example_xcom_args']) retrieved from /home/airflow/.local/lib/python3.7/site-packages/airflow/example_dags/example_xcomargs.py
[2022-10-03T12:35:47.635+0000] {logging_mixin.py:117} INFO - [2022-10-03T12:35:47.634+0000] {dag.py:2573} INFO - Sync 2 DAGs
[2022-10-03T12:35:47.666+0000] {logging_mixin.py:117} INFO - [2022-10-03T12:35:47.666+0000] {dag.py:3328} INFO - Setting next_dagrun for example_xcom_args to None, run_after=None
[2022-10-03T12:35:47.672+0000] {logging_mixin.py:117} INFO - [2022-10-03T12:35:47.672+0000] {dag.py:3328} INFO - Setting next_dagrun for example_xcom_args_with_operators to None, run_after=None
[2022-10-03T12:35:47.701+0000] {processor.py:178} INFO - Processing /home/airflow/.local/lib/python3.7/site-packages/airflow/example_dags/example_xcomargs.py took 0.155 seconds
[2022-10-03T12:36:18.465+0000] {processor.py:156} INFO - Started process (PID=5046) to work on /home/airflow/.local/lib/python3.7/site-packages/airflow/example_dags/example_xcomargs.py
[2022-10-03T12:36:18.467+0000] {processor.py:758} INFO - Processing file /home/airflow/.local/lib/python3.7/site-packages/airflow/example_dags/example_xcomargs.py for tasks to queue
[2022-10-03T12:36:18.469+0000] {logging_mixin.py:117} INFO - [2022-10-03T12:36:18.468+0000] {dagbag.py:525} INFO - Filling up the DagBag from /home/airflow/.local/lib/python3.7/site-packages/airflow/example_dags/example_xcomargs.py
[2022-10-03T12:36:18.529+0000] {processor.py:768} INFO - DAG(s) dict_keys(['example_xcom_args', 'example_xcom_args_with_operators']) retrieved from /home/airflow/.local/lib/python3.7/site-packages/airflow/example_dags/example_xcomargs.py
[2022-10-03T12:36:18.637+0000] {logging_mixin.py:117} INFO - [2022-10-03T12:36:18.636+0000] {dag.py:2573} INFO - Sync 2 DAGs
[2022-10-03T12:36:18.697+0000] {logging_mixin.py:117} INFO - [2022-10-03T12:36:18.697+0000] {dag.py:3328} INFO - Setting next_dagrun for example_xcom_args to None, run_after=None
[2022-10-03T12:36:18.706+0000] {logging_mixin.py:117} INFO - [2022-10-03T12:36:18.705+0000] {dag.py:3328} INFO - Setting next_dagrun for example_xcom_args_with_operators to None, run_after=None
[2022-10-03T12:36:18.752+0000] {processor.py:178} INFO - Processing /home/airflow/.local/lib/python3.7/site-packages/airflow/example_dags/example_xcomargs.py took 0.293 seconds
[2022-10-03T12:36:48.945+0000] {processor.py:156} INFO - Started process (PID=5253) to work on /home/airflow/.local/lib/python3.7/site-packages/airflow/example_dags/example_xcomargs.py
[2022-10-03T12:36:48.946+0000] {processor.py:758} INFO - Processing file /home/airflow/.local/lib/python3.7/site-packages/airflow/example_dags/example_xcomargs.py for tasks to queue
[2022-10-03T12:36:48.947+0000] {logging_mixin.py:117} INFO - [2022-10-03T12:36:48.947+0000] {dagbag.py:525} INFO - Filling up the DagBag from /home/airflow/.local/lib/python3.7/site-packages/airflow/example_dags/example_xcomargs.py
[2022-10-03T12:36:48.977+0000] {processor.py:768} INFO - DAG(s) dict_keys(['example_xcom_args_with_operators', 'example_xcom_args']) retrieved from /home/airflow/.local/lib/python3.7/site-packages/airflow/example_dags/example_xcomargs.py
[2022-10-03T12:36:49.027+0000] {logging_mixin.py:117} INFO - [2022-10-03T12:36:49.027+0000] {dag.py:2573} INFO - Sync 2 DAGs
[2022-10-03T12:36:49.060+0000] {logging_mixin.py:117} INFO - [2022-10-03T12:36:49.059+0000] {dag.py:3328} INFO - Setting next_dagrun for example_xcom_args to None, run_after=None
[2022-10-03T12:36:49.064+0000] {logging_mixin.py:117} INFO - [2022-10-03T12:36:49.064+0000] {dag.py:3328} INFO - Setting next_dagrun for example_xcom_args_with_operators to None, run_after=None
[2022-10-03T12:36:49.090+0000] {processor.py:178} INFO - Processing /home/airflow/.local/lib/python3.7/site-packages/airflow/example_dags/example_xcomargs.py took 0.149 seconds
[2022-10-03T12:37:19.217+0000] {processor.py:156} INFO - Started process (PID=5446) to work on /home/airflow/.local/lib/python3.7/site-packages/airflow/example_dags/example_xcomargs.py
[2022-10-03T12:37:19.217+0000] {processor.py:758} INFO - Processing file /home/airflow/.local/lib/python3.7/site-packages/airflow/example_dags/example_xcomargs.py for tasks to queue
[2022-10-03T12:37:19.218+0000] {logging_mixin.py:117} INFO - [2022-10-03T12:37:19.218+0000] {dagbag.py:525} INFO - Filling up the DagBag from /home/airflow/.local/lib/python3.7/site-packages/airflow/example_dags/example_xcomargs.py
[2022-10-03T12:37:19.247+0000] {processor.py:768} INFO - DAG(s) dict_keys(['example_xcom_args_with_operators', 'example_xcom_args']) retrieved from /home/airflow/.local/lib/python3.7/site-packages/airflow/example_dags/example_xcomargs.py
[2022-10-03T12:37:19.298+0000] {logging_mixin.py:117} INFO - [2022-10-03T12:37:19.298+0000] {dag.py:2573} INFO - Sync 2 DAGs
[2022-10-03T12:37:19.331+0000] {logging_mixin.py:117} INFO - [2022-10-03T12:37:19.331+0000] {dag.py:3328} INFO - Setting next_dagrun for example_xcom_args to None, run_after=None
[2022-10-03T12:37:19.336+0000] {logging_mixin.py:117} INFO - [2022-10-03T12:37:19.335+0000] {dag.py:3328} INFO - Setting next_dagrun for example_xcom_args_with_operators to None, run_after=None
[2022-10-03T12:37:19.360+0000] {processor.py:178} INFO - Processing /home/airflow/.local/lib/python3.7/site-packages/airflow/example_dags/example_xcomargs.py took 0.146 seconds
[2022-10-03T12:37:50.207+0000] {processor.py:156} INFO - Started process (PID=5658) to work on /home/airflow/.local/lib/python3.7/site-packages/airflow/example_dags/example_xcomargs.py
[2022-10-03T12:37:50.208+0000] {processor.py:758} INFO - Processing file /home/airflow/.local/lib/python3.7/site-packages/airflow/example_dags/example_xcomargs.py for tasks to queue
[2022-10-03T12:37:50.209+0000] {logging_mixin.py:117} INFO - [2022-10-03T12:37:50.208+0000] {dagbag.py:525} INFO - Filling up the DagBag from /home/airflow/.local/lib/python3.7/site-packages/airflow/example_dags/example_xcomargs.py
[2022-10-03T12:37:50.236+0000] {processor.py:768} INFO - DAG(s) dict_keys(['example_xcom_args_with_operators', 'example_xcom_args']) retrieved from /home/airflow/.local/lib/python3.7/site-packages/airflow/example_dags/example_xcomargs.py
[2022-10-03T12:37:50.286+0000] {logging_mixin.py:117} INFO - [2022-10-03T12:37:50.286+0000] {dag.py:2573} INFO - Sync 2 DAGs
[2022-10-03T12:37:50.320+0000] {logging_mixin.py:117} INFO - [2022-10-03T12:37:50.320+0000] {dag.py:3328} INFO - Setting next_dagrun for example_xcom_args to None, run_after=None
[2022-10-03T12:37:50.326+0000] {logging_mixin.py:117} INFO - [2022-10-03T12:37:50.325+0000] {dag.py:3328} INFO - Setting next_dagrun for example_xcom_args_with_operators to None, run_after=None
[2022-10-03T12:37:50.356+0000] {processor.py:178} INFO - Processing /home/airflow/.local/lib/python3.7/site-packages/airflow/example_dags/example_xcomargs.py took 0.153 seconds
[2022-10-03T12:38:21.236+0000] {processor.py:156} INFO - Started process (PID=5865) to work on /home/airflow/.local/lib/python3.7/site-packages/airflow/example_dags/example_xcomargs.py
[2022-10-03T12:38:21.237+0000] {processor.py:758} INFO - Processing file /home/airflow/.local/lib/python3.7/site-packages/airflow/example_dags/example_xcomargs.py for tasks to queue
[2022-10-03T12:38:21.239+0000] {logging_mixin.py:117} INFO - [2022-10-03T12:38:21.238+0000] {dagbag.py:525} INFO - Filling up the DagBag from /home/airflow/.local/lib/python3.7/site-packages/airflow/example_dags/example_xcomargs.py
[2022-10-03T12:38:21.301+0000] {processor.py:768} INFO - DAG(s) dict_keys(['example_xcom_args', 'example_xcom_args_with_operators']) retrieved from /home/airflow/.local/lib/python3.7/site-packages/airflow/example_dags/example_xcomargs.py
[2022-10-03T12:38:21.414+0000] {logging_mixin.py:117} INFO - [2022-10-03T12:38:21.413+0000] {dag.py:2573} INFO - Sync 2 DAGs
[2022-10-03T12:38:21.479+0000] {logging_mixin.py:117} INFO - [2022-10-03T12:38:21.479+0000] {dag.py:3328} INFO - Setting next_dagrun for example_xcom_args to None, run_after=None
[2022-10-03T12:38:21.487+0000] {logging_mixin.py:117} INFO - [2022-10-03T12:38:21.487+0000] {dag.py:3328} INFO - Setting next_dagrun for example_xcom_args_with_operators to None, run_after=None
[2022-10-03T12:38:21.530+0000] {processor.py:178} INFO - Processing /home/airflow/.local/lib/python3.7/site-packages/airflow/example_dags/example_xcomargs.py took 0.301 seconds
[2022-10-03T12:38:51.890+0000] {processor.py:156} INFO - Started process (PID=6063) to work on /home/airflow/.local/lib/python3.7/site-packages/airflow/example_dags/example_xcomargs.py
[2022-10-03T12:38:51.892+0000] {processor.py:758} INFO - Processing file /home/airflow/.local/lib/python3.7/site-packages/airflow/example_dags/example_xcomargs.py for tasks to queue
[2022-10-03T12:38:51.894+0000] {logging_mixin.py:117} INFO - [2022-10-03T12:38:51.893+0000] {dagbag.py:525} INFO - Filling up the DagBag from /home/airflow/.local/lib/python3.7/site-packages/airflow/example_dags/example_xcomargs.py
[2022-10-03T12:38:51.953+0000] {processor.py:768} INFO - DAG(s) dict_keys(['example_xcom_args_with_operators', 'example_xcom_args']) retrieved from /home/airflow/.local/lib/python3.7/site-packages/airflow/example_dags/example_xcomargs.py
[2022-10-03T12:38:52.049+0000] {logging_mixin.py:117} INFO - [2022-10-03T12:38:52.049+0000] {dag.py:2573} INFO - Sync 2 DAGs
[2022-10-03T12:38:52.110+0000] {logging_mixin.py:117} INFO - [2022-10-03T12:38:52.110+0000] {dag.py:3328} INFO - Setting next_dagrun for example_xcom_args to None, run_after=None
[2022-10-03T12:38:52.118+0000] {logging_mixin.py:117} INFO - [2022-10-03T12:38:52.118+0000] {dag.py:3328} INFO - Setting next_dagrun for example_xcom_args_with_operators to None, run_after=None
[2022-10-03T12:38:52.162+0000] {processor.py:178} INFO - Processing /home/airflow/.local/lib/python3.7/site-packages/airflow/example_dags/example_xcomargs.py took 0.278 seconds
[2022-10-03T12:39:22.886+0000] {processor.py:156} INFO - Started process (PID=6270) to work on /home/airflow/.local/lib/python3.7/site-packages/airflow/example_dags/example_xcomargs.py
[2022-10-03T12:39:22.888+0000] {processor.py:758} INFO - Processing file /home/airflow/.local/lib/python3.7/site-packages/airflow/example_dags/example_xcomargs.py for tasks to queue
[2022-10-03T12:39:22.889+0000] {logging_mixin.py:117} INFO - [2022-10-03T12:39:22.889+0000] {dagbag.py:525} INFO - Filling up the DagBag from /home/airflow/.local/lib/python3.7/site-packages/airflow/example_dags/example_xcomargs.py
[2022-10-03T12:39:22.953+0000] {processor.py:768} INFO - DAG(s) dict_keys(['example_xcom_args', 'example_xcom_args_with_operators']) retrieved from /home/airflow/.local/lib/python3.7/site-packages/airflow/example_dags/example_xcomargs.py
[2022-10-03T12:39:23.051+0000] {logging_mixin.py:117} INFO - [2022-10-03T12:39:23.050+0000] {dag.py:2573} INFO - Sync 2 DAGs
[2022-10-03T12:39:23.122+0000] {logging_mixin.py:117} INFO - [2022-10-03T12:39:23.122+0000] {dag.py:3328} INFO - Setting next_dagrun for example_xcom_args to None, run_after=None
[2022-10-03T12:39:23.131+0000] {logging_mixin.py:117} INFO - [2022-10-03T12:39:23.130+0000] {dag.py:3328} INFO - Setting next_dagrun for example_xcom_args_with_operators to None, run_after=None
[2022-10-03T12:39:23.177+0000] {processor.py:178} INFO - Processing /home/airflow/.local/lib/python3.7/site-packages/airflow/example_dags/example_xcomargs.py took 0.298 seconds
[2022-10-03T12:39:53.494+0000] {processor.py:156} INFO - Started process (PID=6468) to work on /home/airflow/.local/lib/python3.7/site-packages/airflow/example_dags/example_xcomargs.py
[2022-10-03T12:39:53.495+0000] {processor.py:758} INFO - Processing file /home/airflow/.local/lib/python3.7/site-packages/airflow/example_dags/example_xcomargs.py for tasks to queue
[2022-10-03T12:39:53.496+0000] {logging_mixin.py:117} INFO - [2022-10-03T12:39:53.496+0000] {dagbag.py:525} INFO - Filling up the DagBag from /home/airflow/.local/lib/python3.7/site-packages/airflow/example_dags/example_xcomargs.py
[2022-10-03T12:39:53.523+0000] {processor.py:768} INFO - DAG(s) dict_keys(['example_xcom_args', 'example_xcom_args_with_operators']) retrieved from /home/airflow/.local/lib/python3.7/site-packages/airflow/example_dags/example_xcomargs.py
[2022-10-03T12:39:53.572+0000] {logging_mixin.py:117} INFO - [2022-10-03T12:39:53.572+0000] {dag.py:2573} INFO - Sync 2 DAGs
[2022-10-03T12:39:53.603+0000] {logging_mixin.py:117} INFO - [2022-10-03T12:39:53.603+0000] {dag.py:3328} INFO - Setting next_dagrun for example_xcom_args to None, run_after=None
[2022-10-03T12:39:53.608+0000] {logging_mixin.py:117} INFO - [2022-10-03T12:39:53.608+0000] {dag.py:3328} INFO - Setting next_dagrun for example_xcom_args_with_operators to None, run_after=None
[2022-10-03T12:39:53.634+0000] {processor.py:178} INFO - Processing /home/airflow/.local/lib/python3.7/site-packages/airflow/example_dags/example_xcomargs.py took 0.143 seconds
[2022-10-03T12:40:24.306+0000] {processor.py:156} INFO - Started process (PID=6675) to work on /home/airflow/.local/lib/python3.7/site-packages/airflow/example_dags/example_xcomargs.py
[2022-10-03T12:40:24.307+0000] {processor.py:758} INFO - Processing file /home/airflow/.local/lib/python3.7/site-packages/airflow/example_dags/example_xcomargs.py for tasks to queue
[2022-10-03T12:40:24.308+0000] {logging_mixin.py:117} INFO - [2022-10-03T12:40:24.308+0000] {dagbag.py:525} INFO - Filling up the DagBag from /home/airflow/.local/lib/python3.7/site-packages/airflow/example_dags/example_xcomargs.py
[2022-10-03T12:40:24.338+0000] {processor.py:768} INFO - DAG(s) dict_keys(['example_xcom_args_with_operators', 'example_xcom_args']) retrieved from /home/airflow/.local/lib/python3.7/site-packages/airflow/example_dags/example_xcomargs.py
[2022-10-03T12:40:24.389+0000] {logging_mixin.py:117} INFO - [2022-10-03T12:40:24.388+0000] {dag.py:2573} INFO - Sync 2 DAGs
[2022-10-03T12:40:24.422+0000] {logging_mixin.py:117} INFO - [2022-10-03T12:40:24.422+0000] {dag.py:3328} INFO - Setting next_dagrun for example_xcom_args to None, run_after=None
[2022-10-03T12:40:24.426+0000] {logging_mixin.py:117} INFO - [2022-10-03T12:40:24.426+0000] {dag.py:3328} INFO - Setting next_dagrun for example_xcom_args_with_operators to None, run_after=None
[2022-10-03T12:40:24.451+0000] {processor.py:178} INFO - Processing /home/airflow/.local/lib/python3.7/site-packages/airflow/example_dags/example_xcomargs.py took 0.148 seconds
[2022-10-03T12:40:54.744+0000] {processor.py:156} INFO - Started process (PID=6873) to work on /home/airflow/.local/lib/python3.7/site-packages/airflow/example_dags/example_xcomargs.py
[2022-10-03T12:40:54.745+0000] {processor.py:758} INFO - Processing file /home/airflow/.local/lib/python3.7/site-packages/airflow/example_dags/example_xcomargs.py for tasks to queue
[2022-10-03T12:40:54.746+0000] {logging_mixin.py:117} INFO - [2022-10-03T12:40:54.746+0000] {dagbag.py:525} INFO - Filling up the DagBag from /home/airflow/.local/lib/python3.7/site-packages/airflow/example_dags/example_xcomargs.py
[2022-10-03T12:40:54.774+0000] {processor.py:768} INFO - DAG(s) dict_keys(['example_xcom_args_with_operators', 'example_xcom_args']) retrieved from /home/airflow/.local/lib/python3.7/site-packages/airflow/example_dags/example_xcomargs.py
[2022-10-03T12:40:54.821+0000] {logging_mixin.py:117} INFO - [2022-10-03T12:40:54.821+0000] {dag.py:2573} INFO - Sync 2 DAGs
[2022-10-03T12:40:54.850+0000] {logging_mixin.py:117} INFO - [2022-10-03T12:40:54.850+0000] {dag.py:3328} INFO - Setting next_dagrun for example_xcom_args to None, run_after=None
[2022-10-03T12:40:54.854+0000] {logging_mixin.py:117} INFO - [2022-10-03T12:40:54.853+0000] {dag.py:3328} INFO - Setting next_dagrun for example_xcom_args_with_operators to None, run_after=None
[2022-10-03T12:40:54.879+0000] {processor.py:178} INFO - Processing /home/airflow/.local/lib/python3.7/site-packages/airflow/example_dags/example_xcomargs.py took 0.139 seconds
[2022-10-03T12:41:25.560+0000] {processor.py:156} INFO - Started process (PID=7080) to work on /home/airflow/.local/lib/python3.7/site-packages/airflow/example_dags/example_xcomargs.py
[2022-10-03T12:41:25.561+0000] {processor.py:758} INFO - Processing file /home/airflow/.local/lib/python3.7/site-packages/airflow/example_dags/example_xcomargs.py for tasks to queue
[2022-10-03T12:41:25.562+0000] {logging_mixin.py:117} INFO - [2022-10-03T12:41:25.562+0000] {dagbag.py:525} INFO - Filling up the DagBag from /home/airflow/.local/lib/python3.7/site-packages/airflow/example_dags/example_xcomargs.py
[2022-10-03T12:41:25.591+0000] {processor.py:768} INFO - DAG(s) dict_keys(['example_xcom_args', 'example_xcom_args_with_operators']) retrieved from /home/airflow/.local/lib/python3.7/site-packages/airflow/example_dags/example_xcomargs.py
[2022-10-03T12:41:25.640+0000] {logging_mixin.py:117} INFO - [2022-10-03T12:41:25.639+0000] {dag.py:2573} INFO - Sync 2 DAGs
[2022-10-03T12:41:25.671+0000] {logging_mixin.py:117} INFO - [2022-10-03T12:41:25.671+0000] {dag.py:3328} INFO - Setting next_dagrun for example_xcom_args to None, run_after=None
[2022-10-03T12:41:25.675+0000] {logging_mixin.py:117} INFO - [2022-10-03T12:41:25.675+0000] {dag.py:3328} INFO - Setting next_dagrun for example_xcom_args_with_operators to None, run_after=None
[2022-10-03T12:41:25.699+0000] {processor.py:178} INFO - Processing /home/airflow/.local/lib/python3.7/site-packages/airflow/example_dags/example_xcomargs.py took 0.142 seconds
[2022-10-03T12:41:56.287+0000] {processor.py:156} INFO - Started process (PID=7287) to work on /home/airflow/.local/lib/python3.7/site-packages/airflow/example_dags/example_xcomargs.py
[2022-10-03T12:41:56.288+0000] {processor.py:758} INFO - Processing file /home/airflow/.local/lib/python3.7/site-packages/airflow/example_dags/example_xcomargs.py for tasks to queue
[2022-10-03T12:41:56.288+0000] {logging_mixin.py:117} INFO - [2022-10-03T12:41:56.288+0000] {dagbag.py:525} INFO - Filling up the DagBag from /home/airflow/.local/lib/python3.7/site-packages/airflow/example_dags/example_xcomargs.py
[2022-10-03T12:41:56.317+0000] {processor.py:768} INFO - DAG(s) dict_keys(['example_xcom_args_with_operators', 'example_xcom_args']) retrieved from /home/airflow/.local/lib/python3.7/site-packages/airflow/example_dags/example_xcomargs.py
[2022-10-03T12:41:56.365+0000] {logging_mixin.py:117} INFO - [2022-10-03T12:41:56.365+0000] {dag.py:2573} INFO - Sync 2 DAGs
[2022-10-03T12:41:56.399+0000] {logging_mixin.py:117} INFO - [2022-10-03T12:41:56.399+0000] {dag.py:3328} INFO - Setting next_dagrun for example_xcom_args to None, run_after=None
[2022-10-03T12:41:56.403+0000] {logging_mixin.py:117} INFO - [2022-10-03T12:41:56.403+0000] {dag.py:3328} INFO - Setting next_dagrun for example_xcom_args_with_operators to None, run_after=None
[2022-10-03T12:41:56.427+0000] {processor.py:178} INFO - Processing /home/airflow/.local/lib/python3.7/site-packages/airflow/example_dags/example_xcomargs.py took 0.144 seconds
[2022-10-03T12:42:26.723+0000] {processor.py:156} INFO - Started process (PID=7485) to work on /home/airflow/.local/lib/python3.7/site-packages/airflow/example_dags/example_xcomargs.py
[2022-10-03T12:42:26.725+0000] {processor.py:758} INFO - Processing file /home/airflow/.local/lib/python3.7/site-packages/airflow/example_dags/example_xcomargs.py for tasks to queue
[2022-10-03T12:42:26.727+0000] {logging_mixin.py:117} INFO - [2022-10-03T12:42:26.726+0000] {dagbag.py:525} INFO - Filling up the DagBag from /home/airflow/.local/lib/python3.7/site-packages/airflow/example_dags/example_xcomargs.py
[2022-10-03T12:42:26.804+0000] {processor.py:768} INFO - DAG(s) dict_keys(['example_xcom_args_with_operators', 'example_xcom_args']) retrieved from /home/airflow/.local/lib/python3.7/site-packages/airflow/example_dags/example_xcomargs.py
[2022-10-03T12:42:26.915+0000] {logging_mixin.py:117} INFO - [2022-10-03T12:42:26.914+0000] {dag.py:2573} INFO - Sync 2 DAGs
[2022-10-03T12:42:26.972+0000] {logging_mixin.py:117} INFO - [2022-10-03T12:42:26.972+0000] {dag.py:3328} INFO - Setting next_dagrun for example_xcom_args to None, run_after=None
[2022-10-03T12:42:26.981+0000] {logging_mixin.py:117} INFO - [2022-10-03T12:42:26.980+0000] {dag.py:3328} INFO - Setting next_dagrun for example_xcom_args_with_operators to None, run_after=None
[2022-10-03T12:42:27.021+0000] {processor.py:178} INFO - Processing /home/airflow/.local/lib/python3.7/site-packages/airflow/example_dags/example_xcomargs.py took 0.305 seconds
[2022-10-03T12:42:57.881+0000] {processor.py:156} INFO - Started process (PID=7692) to work on /home/airflow/.local/lib/python3.7/site-packages/airflow/example_dags/example_xcomargs.py
[2022-10-03T12:42:57.882+0000] {processor.py:758} INFO - Processing file /home/airflow/.local/lib/python3.7/site-packages/airflow/example_dags/example_xcomargs.py for tasks to queue
[2022-10-03T12:42:57.883+0000] {logging_mixin.py:117} INFO - [2022-10-03T12:42:57.882+0000] {dagbag.py:525} INFO - Filling up the DagBag from /home/airflow/.local/lib/python3.7/site-packages/airflow/example_dags/example_xcomargs.py
[2022-10-03T12:42:57.908+0000] {processor.py:768} INFO - DAG(s) dict_keys(['example_xcom_args_with_operators', 'example_xcom_args']) retrieved from /home/airflow/.local/lib/python3.7/site-packages/airflow/example_dags/example_xcomargs.py
[2022-10-03T12:42:57.958+0000] {logging_mixin.py:117} INFO - [2022-10-03T12:42:57.958+0000] {dag.py:2573} INFO - Sync 2 DAGs
[2022-10-03T12:42:57.986+0000] {logging_mixin.py:117} INFO - [2022-10-03T12:42:57.986+0000] {dag.py:3328} INFO - Setting next_dagrun for example_xcom_args to None, run_after=None
[2022-10-03T12:42:57.990+0000] {logging_mixin.py:117} INFO - [2022-10-03T12:42:57.990+0000] {dag.py:3328} INFO - Setting next_dagrun for example_xcom_args_with_operators to None, run_after=None
[2022-10-03T12:42:58.012+0000] {processor.py:178} INFO - Processing /home/airflow/.local/lib/python3.7/site-packages/airflow/example_dags/example_xcomargs.py took 0.135 seconds
[2022-10-03T12:43:28.388+0000] {processor.py:156} INFO - Started process (PID=7896) to work on /home/airflow/.local/lib/python3.7/site-packages/airflow/example_dags/example_xcomargs.py
[2022-10-03T12:43:28.389+0000] {processor.py:758} INFO - Processing file /home/airflow/.local/lib/python3.7/site-packages/airflow/example_dags/example_xcomargs.py for tasks to queue
[2022-10-03T12:43:28.390+0000] {logging_mixin.py:117} INFO - [2022-10-03T12:43:28.390+0000] {dagbag.py:525} INFO - Filling up the DagBag from /home/airflow/.local/lib/python3.7/site-packages/airflow/example_dags/example_xcomargs.py
[2022-10-03T12:43:28.424+0000] {processor.py:768} INFO - DAG(s) dict_keys(['example_xcom_args_with_operators', 'example_xcom_args']) retrieved from /home/airflow/.local/lib/python3.7/site-packages/airflow/example_dags/example_xcomargs.py
[2022-10-03T12:43:28.480+0000] {logging_mixin.py:117} INFO - [2022-10-03T12:43:28.480+0000] {dag.py:2573} INFO - Sync 2 DAGs
[2022-10-03T12:43:28.512+0000] {logging_mixin.py:117} INFO - [2022-10-03T12:43:28.512+0000] {dag.py:3328} INFO - Setting next_dagrun for example_xcom_args to None, run_after=None
[2022-10-03T12:43:28.516+0000] {logging_mixin.py:117} INFO - [2022-10-03T12:43:28.516+0000] {dag.py:3328} INFO - Setting next_dagrun for example_xcom_args_with_operators to None, run_after=None
[2022-10-03T12:43:28.541+0000] {processor.py:178} INFO - Processing /home/airflow/.local/lib/python3.7/site-packages/airflow/example_dags/example_xcomargs.py took 0.157 seconds
[2022-10-03T12:43:58.850+0000] {processor.py:156} INFO - Started process (PID=8097) to work on /home/airflow/.local/lib/python3.7/site-packages/airflow/example_dags/example_xcomargs.py
[2022-10-03T12:43:58.851+0000] {processor.py:758} INFO - Processing file /home/airflow/.local/lib/python3.7/site-packages/airflow/example_dags/example_xcomargs.py for tasks to queue
[2022-10-03T12:43:58.852+0000] {logging_mixin.py:117} INFO - [2022-10-03T12:43:58.852+0000] {dagbag.py:525} INFO - Filling up the DagBag from /home/airflow/.local/lib/python3.7/site-packages/airflow/example_dags/example_xcomargs.py
[2022-10-03T12:43:58.888+0000] {processor.py:768} INFO - DAG(s) dict_keys(['example_xcom_args_with_operators', 'example_xcom_args']) retrieved from /home/airflow/.local/lib/python3.7/site-packages/airflow/example_dags/example_xcomargs.py
[2022-10-03T12:43:58.987+0000] {logging_mixin.py:117} INFO - [2022-10-03T12:43:58.987+0000] {dag.py:2573} INFO - Sync 2 DAGs
[2022-10-03T12:43:59.017+0000] {logging_mixin.py:117} INFO - [2022-10-03T12:43:59.016+0000] {dag.py:3328} INFO - Setting next_dagrun for example_xcom_args to None, run_after=None
[2022-10-03T12:43:59.021+0000] {logging_mixin.py:117} INFO - [2022-10-03T12:43:59.021+0000] {dag.py:3328} INFO - Setting next_dagrun for example_xcom_args_with_operators to None, run_after=None
[2022-10-03T12:43:59.045+0000] {processor.py:178} INFO - Processing /home/airflow/.local/lib/python3.7/site-packages/airflow/example_dags/example_xcomargs.py took 0.199 seconds
[2022-10-03T12:44:29.368+0000] {processor.py:156} INFO - Started process (PID=8304) to work on /home/airflow/.local/lib/python3.7/site-packages/airflow/example_dags/example_xcomargs.py
[2022-10-03T12:44:29.370+0000] {processor.py:758} INFO - Processing file /home/airflow/.local/lib/python3.7/site-packages/airflow/example_dags/example_xcomargs.py for tasks to queue
[2022-10-03T12:44:29.371+0000] {logging_mixin.py:117} INFO - [2022-10-03T12:44:29.371+0000] {dagbag.py:525} INFO - Filling up the DagBag from /home/airflow/.local/lib/python3.7/site-packages/airflow/example_dags/example_xcomargs.py
[2022-10-03T12:44:29.432+0000] {processor.py:768} INFO - DAG(s) dict_keys(['example_xcom_args', 'example_xcom_args_with_operators']) retrieved from /home/airflow/.local/lib/python3.7/site-packages/airflow/example_dags/example_xcomargs.py
[2022-10-03T12:44:29.531+0000] {logging_mixin.py:117} INFO - [2022-10-03T12:44:29.530+0000] {dag.py:2573} INFO - Sync 2 DAGs
[2022-10-03T12:44:29.592+0000] {logging_mixin.py:117} INFO - [2022-10-03T12:44:29.591+0000] {dag.py:3328} INFO - Setting next_dagrun for example_xcom_args to None, run_after=None
[2022-10-03T12:44:29.603+0000] {logging_mixin.py:117} INFO - [2022-10-03T12:44:29.602+0000] {dag.py:3328} INFO - Setting next_dagrun for example_xcom_args_with_operators to None, run_after=None
[2022-10-03T12:44:29.648+0000] {processor.py:178} INFO - Processing /home/airflow/.local/lib/python3.7/site-packages/airflow/example_dags/example_xcomargs.py took 0.287 seconds
[2022-10-03T12:44:59.891+0000] {processor.py:156} INFO - Started process (PID=8502) to work on /home/airflow/.local/lib/python3.7/site-packages/airflow/example_dags/example_xcomargs.py
[2022-10-03T12:44:59.892+0000] {processor.py:758} INFO - Processing file /home/airflow/.local/lib/python3.7/site-packages/airflow/example_dags/example_xcomargs.py for tasks to queue
[2022-10-03T12:44:59.893+0000] {logging_mixin.py:117} INFO - [2022-10-03T12:44:59.893+0000] {dagbag.py:525} INFO - Filling up the DagBag from /home/airflow/.local/lib/python3.7/site-packages/airflow/example_dags/example_xcomargs.py
[2022-10-03T12:44:59.921+0000] {processor.py:768} INFO - DAG(s) dict_keys(['example_xcom_args', 'example_xcom_args_with_operators']) retrieved from /home/airflow/.local/lib/python3.7/site-packages/airflow/example_dags/example_xcomargs.py
[2022-10-03T12:44:59.970+0000] {logging_mixin.py:117} INFO - [2022-10-03T12:44:59.970+0000] {dag.py:2573} INFO - Sync 2 DAGs
[2022-10-03T12:44:59.998+0000] {logging_mixin.py:117} INFO - [2022-10-03T12:44:59.998+0000] {dag.py:3328} INFO - Setting next_dagrun for example_xcom_args to None, run_after=None
[2022-10-03T12:45:00.003+0000] {logging_mixin.py:117} INFO - [2022-10-03T12:45:00.003+0000] {dag.py:3328} INFO - Setting next_dagrun for example_xcom_args_with_operators to None, run_after=None
[2022-10-03T12:45:00.031+0000] {processor.py:178} INFO - Processing /home/airflow/.local/lib/python3.7/site-packages/airflow/example_dags/example_xcomargs.py took 0.143 seconds
[2022-10-03T12:45:30.706+0000] {processor.py:156} INFO - Started process (PID=8710) to work on /home/airflow/.local/lib/python3.7/site-packages/airflow/example_dags/example_xcomargs.py
[2022-10-03T12:45:30.707+0000] {processor.py:758} INFO - Processing file /home/airflow/.local/lib/python3.7/site-packages/airflow/example_dags/example_xcomargs.py for tasks to queue
[2022-10-03T12:45:30.707+0000] {logging_mixin.py:117} INFO - [2022-10-03T12:45:30.707+0000] {dagbag.py:525} INFO - Filling up the DagBag from /home/airflow/.local/lib/python3.7/site-packages/airflow/example_dags/example_xcomargs.py
[2022-10-03T12:45:30.737+0000] {processor.py:768} INFO - DAG(s) dict_keys(['example_xcom_args_with_operators', 'example_xcom_args']) retrieved from /home/airflow/.local/lib/python3.7/site-packages/airflow/example_dags/example_xcomargs.py
[2022-10-03T12:45:30.786+0000] {logging_mixin.py:117} INFO - [2022-10-03T12:45:30.786+0000] {dag.py:2573} INFO - Sync 2 DAGs
[2022-10-03T12:45:30.816+0000] {logging_mixin.py:117} INFO - [2022-10-03T12:45:30.816+0000] {dag.py:3328} INFO - Setting next_dagrun for example_xcom_args to None, run_after=None
[2022-10-03T12:45:30.820+0000] {logging_mixin.py:117} INFO - [2022-10-03T12:45:30.820+0000] {dag.py:3328} INFO - Setting next_dagrun for example_xcom_args_with_operators to None, run_after=None
[2022-10-03T12:45:30.843+0000] {processor.py:178} INFO - Processing /home/airflow/.local/lib/python3.7/site-packages/airflow/example_dags/example_xcomargs.py took 0.141 seconds
[2022-10-03T12:46:01.264+0000] {processor.py:156} INFO - Started process (PID=8968) to work on /home/airflow/.local/lib/python3.7/site-packages/airflow/example_dags/example_xcomargs.py
[2022-10-03T12:46:01.265+0000] {processor.py:758} INFO - Processing file /home/airflow/.local/lib/python3.7/site-packages/airflow/example_dags/example_xcomargs.py for tasks to queue
[2022-10-03T12:46:01.265+0000] {logging_mixin.py:117} INFO - [2022-10-03T12:46:01.265+0000] {dagbag.py:525} INFO - Filling up the DagBag from /home/airflow/.local/lib/python3.7/site-packages/airflow/example_dags/example_xcomargs.py
[2022-10-03T12:46:01.299+0000] {processor.py:768} INFO - DAG(s) dict_keys(['example_xcom_args', 'example_xcom_args_with_operators']) retrieved from /home/airflow/.local/lib/python3.7/site-packages/airflow/example_dags/example_xcomargs.py
[2022-10-03T12:46:01.363+0000] {logging_mixin.py:117} INFO - [2022-10-03T12:46:01.362+0000] {dag.py:2573} INFO - Sync 2 DAGs
[2022-10-03T12:46:01.398+0000] {logging_mixin.py:117} INFO - [2022-10-03T12:46:01.398+0000] {dag.py:3328} INFO - Setting next_dagrun for example_xcom_args to None, run_after=None
[2022-10-03T12:46:01.405+0000] {logging_mixin.py:117} INFO - [2022-10-03T12:46:01.405+0000] {dag.py:3328} INFO - Setting next_dagrun for example_xcom_args_with_operators to None, run_after=None
[2022-10-03T12:46:01.435+0000] {processor.py:178} INFO - Processing /home/airflow/.local/lib/python3.7/site-packages/airflow/example_dags/example_xcomargs.py took 0.176 seconds
