[2022-10-03T12:24:27.113+0000] {processor.py:156} INFO - Started process (PID=320) to work on /home/airflow/.local/lib/python3.7/site-packages/airflow/example_dags/example_local_kubernetes_executor.py
[2022-10-03T12:24:27.115+0000] {processor.py:758} INFO - Processing file /home/airflow/.local/lib/python3.7/site-packages/airflow/example_dags/example_local_kubernetes_executor.py for tasks to queue
[2022-10-03T12:24:27.116+0000] {logging_mixin.py:117} INFO - [2022-10-03T12:24:27.116+0000] {dagbag.py:525} INFO - Filling up the DagBag from /home/airflow/.local/lib/python3.7/site-packages/airflow/example_dags/example_local_kubernetes_executor.py
[2022-10-03T12:24:27.188+0000] {processor.py:768} INFO - DAG(s) dict_keys(['example_local_kubernetes_executor']) retrieved from /home/airflow/.local/lib/python3.7/site-packages/airflow/example_dags/example_local_kubernetes_executor.py
[2022-10-03T12:24:27.297+0000] {logging_mixin.py:117} INFO - [2022-10-03T12:24:27.296+0000] {dag.py:2573} INFO - Sync 1 DAGs
[2022-10-03T12:24:27.375+0000] {logging_mixin.py:117} INFO - [2022-10-03T12:24:27.375+0000] {dag.py:3328} INFO - Setting next_dagrun for example_local_kubernetes_executor to None, run_after=None
[2022-10-03T12:24:27.662+0000] {processor.py:178} INFO - Processing /home/airflow/.local/lib/python3.7/site-packages/airflow/example_dags/example_local_kubernetes_executor.py took 0.558 seconds
[2022-10-03T12:24:59.165+0000] {processor.py:156} INFO - Started process (PID=521) to work on /home/airflow/.local/lib/python3.7/site-packages/airflow/example_dags/example_local_kubernetes_executor.py
[2022-10-03T12:24:59.168+0000] {processor.py:758} INFO - Processing file /home/airflow/.local/lib/python3.7/site-packages/airflow/example_dags/example_local_kubernetes_executor.py for tasks to queue
[2022-10-03T12:24:59.171+0000] {logging_mixin.py:117} INFO - [2022-10-03T12:24:59.170+0000] {dagbag.py:525} INFO - Filling up the DagBag from /home/airflow/.local/lib/python3.7/site-packages/airflow/example_dags/example_local_kubernetes_executor.py
[2022-10-03T12:24:59.297+0000] {processor.py:768} INFO - DAG(s) dict_keys(['example_local_kubernetes_executor']) retrieved from /home/airflow/.local/lib/python3.7/site-packages/airflow/example_dags/example_local_kubernetes_executor.py
[2022-10-03T12:24:59.515+0000] {logging_mixin.py:117} INFO - [2022-10-03T12:24:59.514+0000] {dag.py:2573} INFO - Sync 1 DAGs
[2022-10-03T12:24:59.865+0000] {logging_mixin.py:117} INFO - [2022-10-03T12:24:59.865+0000] {dag.py:3328} INFO - Setting next_dagrun for example_local_kubernetes_executor to None, run_after=None
[2022-10-03T12:24:59.909+0000] {processor.py:178} INFO - Processing /home/airflow/.local/lib/python3.7/site-packages/airflow/example_dags/example_local_kubernetes_executor.py took 0.757 seconds
[2022-10-03T12:25:30.101+0000] {processor.py:156} INFO - Started process (PID=721) to work on /home/airflow/.local/lib/python3.7/site-packages/airflow/example_dags/example_local_kubernetes_executor.py
[2022-10-03T12:25:30.104+0000] {processor.py:758} INFO - Processing file /home/airflow/.local/lib/python3.7/site-packages/airflow/example_dags/example_local_kubernetes_executor.py for tasks to queue
[2022-10-03T12:25:30.105+0000] {logging_mixin.py:117} INFO - [2022-10-03T12:25:30.105+0000] {dagbag.py:525} INFO - Filling up the DagBag from /home/airflow/.local/lib/python3.7/site-packages/airflow/example_dags/example_local_kubernetes_executor.py
[2022-10-03T12:25:30.159+0000] {processor.py:768} INFO - DAG(s) dict_keys(['example_local_kubernetes_executor']) retrieved from /home/airflow/.local/lib/python3.7/site-packages/airflow/example_dags/example_local_kubernetes_executor.py
[2022-10-03T12:25:30.485+0000] {logging_mixin.py:117} INFO - [2022-10-03T12:25:30.485+0000] {dag.py:2573} INFO - Sync 1 DAGs
[2022-10-03T12:25:30.555+0000] {logging_mixin.py:117} INFO - [2022-10-03T12:25:30.554+0000] {dag.py:3328} INFO - Setting next_dagrun for example_local_kubernetes_executor to None, run_after=None
[2022-10-03T12:25:30.607+0000] {processor.py:178} INFO - Processing /home/airflow/.local/lib/python3.7/site-packages/airflow/example_dags/example_local_kubernetes_executor.py took 0.512 seconds
[2022-10-03T12:26:01.618+0000] {processor.py:156} INFO - Started process (PID=928) to work on /home/airflow/.local/lib/python3.7/site-packages/airflow/example_dags/example_local_kubernetes_executor.py
[2022-10-03T12:26:01.620+0000] {processor.py:758} INFO - Processing file /home/airflow/.local/lib/python3.7/site-packages/airflow/example_dags/example_local_kubernetes_executor.py for tasks to queue
[2022-10-03T12:26:01.622+0000] {logging_mixin.py:117} INFO - [2022-10-03T12:26:01.622+0000] {dagbag.py:525} INFO - Filling up the DagBag from /home/airflow/.local/lib/python3.7/site-packages/airflow/example_dags/example_local_kubernetes_executor.py
[2022-10-03T12:26:01.683+0000] {processor.py:768} INFO - DAG(s) dict_keys(['example_local_kubernetes_executor']) retrieved from /home/airflow/.local/lib/python3.7/site-packages/airflow/example_dags/example_local_kubernetes_executor.py
[2022-10-03T12:26:02.018+0000] {logging_mixin.py:117} INFO - [2022-10-03T12:26:02.017+0000] {dag.py:2573} INFO - Sync 1 DAGs
[2022-10-03T12:26:02.084+0000] {logging_mixin.py:117} INFO - [2022-10-03T12:26:02.083+0000] {dag.py:3328} INFO - Setting next_dagrun for example_local_kubernetes_executor to None, run_after=None
[2022-10-03T12:26:02.134+0000] {processor.py:178} INFO - Processing /home/airflow/.local/lib/python3.7/site-packages/airflow/example_dags/example_local_kubernetes_executor.py took 0.524 seconds
[2022-10-03T12:26:33.162+0000] {processor.py:156} INFO - Started process (PID=1129) to work on /home/airflow/.local/lib/python3.7/site-packages/airflow/example_dags/example_local_kubernetes_executor.py
[2022-10-03T12:26:33.163+0000] {processor.py:758} INFO - Processing file /home/airflow/.local/lib/python3.7/site-packages/airflow/example_dags/example_local_kubernetes_executor.py for tasks to queue
[2022-10-03T12:26:33.163+0000] {logging_mixin.py:117} INFO - [2022-10-03T12:26:33.163+0000] {dagbag.py:525} INFO - Filling up the DagBag from /home/airflow/.local/lib/python3.7/site-packages/airflow/example_dags/example_local_kubernetes_executor.py
[2022-10-03T12:26:33.185+0000] {processor.py:768} INFO - DAG(s) dict_keys(['example_local_kubernetes_executor']) retrieved from /home/airflow/.local/lib/python3.7/site-packages/airflow/example_dags/example_local_kubernetes_executor.py
[2022-10-03T12:26:33.328+0000] {logging_mixin.py:117} INFO - [2022-10-03T12:26:33.328+0000] {dag.py:2573} INFO - Sync 1 DAGs
[2022-10-03T12:26:33.358+0000] {logging_mixin.py:117} INFO - [2022-10-03T12:26:33.358+0000] {dag.py:3328} INFO - Setting next_dagrun for example_local_kubernetes_executor to None, run_after=None
[2022-10-03T12:26:33.381+0000] {processor.py:178} INFO - Processing /home/airflow/.local/lib/python3.7/site-packages/airflow/example_dags/example_local_kubernetes_executor.py took 0.221 seconds
[2022-10-03T12:27:03.965+0000] {processor.py:156} INFO - Started process (PID=1352) to work on /home/airflow/.local/lib/python3.7/site-packages/airflow/example_dags/example_local_kubernetes_executor.py
[2022-10-03T12:27:03.967+0000] {processor.py:758} INFO - Processing file /home/airflow/.local/lib/python3.7/site-packages/airflow/example_dags/example_local_kubernetes_executor.py for tasks to queue
[2022-10-03T12:27:03.968+0000] {logging_mixin.py:117} INFO - [2022-10-03T12:27:03.968+0000] {dagbag.py:525} INFO - Filling up the DagBag from /home/airflow/.local/lib/python3.7/site-packages/airflow/example_dags/example_local_kubernetes_executor.py
[2022-10-03T12:27:04.222+0000] {processor.py:768} INFO - DAG(s) dict_keys(['example_local_kubernetes_executor']) retrieved from /home/airflow/.local/lib/python3.7/site-packages/airflow/example_dags/example_local_kubernetes_executor.py
[2022-10-03T12:27:04.296+0000] {logging_mixin.py:117} INFO - [2022-10-03T12:27:04.296+0000] {dag.py:2573} INFO - Sync 1 DAGs
[2022-10-03T12:27:04.353+0000] {logging_mixin.py:117} INFO - [2022-10-03T12:27:04.353+0000] {dag.py:3328} INFO - Setting next_dagrun for example_local_kubernetes_executor to None, run_after=None
[2022-10-03T12:27:04.401+0000] {processor.py:178} INFO - Processing /home/airflow/.local/lib/python3.7/site-packages/airflow/example_dags/example_local_kubernetes_executor.py took 0.443 seconds
[2022-10-03T12:27:34.514+0000] {processor.py:156} INFO - Started process (PID=1568) to work on /home/airflow/.local/lib/python3.7/site-packages/airflow/example_dags/example_local_kubernetes_executor.py
[2022-10-03T12:27:34.515+0000] {processor.py:758} INFO - Processing file /home/airflow/.local/lib/python3.7/site-packages/airflow/example_dags/example_local_kubernetes_executor.py for tasks to queue
[2022-10-03T12:27:34.516+0000] {logging_mixin.py:117} INFO - [2022-10-03T12:27:34.515+0000] {dagbag.py:525} INFO - Filling up the DagBag from /home/airflow/.local/lib/python3.7/site-packages/airflow/example_dags/example_local_kubernetes_executor.py
[2022-10-03T12:27:34.541+0000] {processor.py:768} INFO - DAG(s) dict_keys(['example_local_kubernetes_executor']) retrieved from /home/airflow/.local/lib/python3.7/site-packages/airflow/example_dags/example_local_kubernetes_executor.py
[2022-10-03T12:27:34.583+0000] {logging_mixin.py:117} INFO - [2022-10-03T12:27:34.583+0000] {dag.py:2573} INFO - Sync 1 DAGs
[2022-10-03T12:27:34.609+0000] {logging_mixin.py:117} INFO - [2022-10-03T12:27:34.609+0000] {dag.py:3328} INFO - Setting next_dagrun for example_local_kubernetes_executor to None, run_after=None
[2022-10-03T12:27:34.634+0000] {processor.py:178} INFO - Processing /home/airflow/.local/lib/python3.7/site-packages/airflow/example_dags/example_local_kubernetes_executor.py took 0.123 seconds
[2022-10-03T12:28:05.286+0000] {processor.py:156} INFO - Started process (PID=1775) to work on /home/airflow/.local/lib/python3.7/site-packages/airflow/example_dags/example_local_kubernetes_executor.py
[2022-10-03T12:28:05.288+0000] {processor.py:758} INFO - Processing file /home/airflow/.local/lib/python3.7/site-packages/airflow/example_dags/example_local_kubernetes_executor.py for tasks to queue
[2022-10-03T12:28:05.289+0000] {logging_mixin.py:117} INFO - [2022-10-03T12:28:05.288+0000] {dagbag.py:525} INFO - Filling up the DagBag from /home/airflow/.local/lib/python3.7/site-packages/airflow/example_dags/example_local_kubernetes_executor.py
[2022-10-03T12:28:05.321+0000] {processor.py:768} INFO - DAG(s) dict_keys(['example_local_kubernetes_executor']) retrieved from /home/airflow/.local/lib/python3.7/site-packages/airflow/example_dags/example_local_kubernetes_executor.py
[2022-10-03T12:28:05.387+0000] {logging_mixin.py:117} INFO - [2022-10-03T12:28:05.386+0000] {dag.py:2573} INFO - Sync 1 DAGs
[2022-10-03T12:28:05.435+0000] {logging_mixin.py:117} INFO - [2022-10-03T12:28:05.434+0000] {dag.py:3328} INFO - Setting next_dagrun for example_local_kubernetes_executor to None, run_after=None
[2022-10-03T12:28:05.477+0000] {processor.py:178} INFO - Processing /home/airflow/.local/lib/python3.7/site-packages/airflow/example_dags/example_local_kubernetes_executor.py took 0.196 seconds
[2022-10-03T12:28:35.977+0000] {processor.py:156} INFO - Started process (PID=1983) to work on /home/airflow/.local/lib/python3.7/site-packages/airflow/example_dags/example_local_kubernetes_executor.py
[2022-10-03T12:28:35.978+0000] {processor.py:758} INFO - Processing file /home/airflow/.local/lib/python3.7/site-packages/airflow/example_dags/example_local_kubernetes_executor.py for tasks to queue
[2022-10-03T12:28:35.979+0000] {logging_mixin.py:117} INFO - [2022-10-03T12:28:35.979+0000] {dagbag.py:525} INFO - Filling up the DagBag from /home/airflow/.local/lib/python3.7/site-packages/airflow/example_dags/example_local_kubernetes_executor.py
[2022-10-03T12:28:36.009+0000] {processor.py:768} INFO - DAG(s) dict_keys(['example_local_kubernetes_executor']) retrieved from /home/airflow/.local/lib/python3.7/site-packages/airflow/example_dags/example_local_kubernetes_executor.py
[2022-10-03T12:28:36.059+0000] {logging_mixin.py:117} INFO - [2022-10-03T12:28:36.059+0000] {dag.py:2573} INFO - Sync 1 DAGs
[2022-10-03T12:28:36.092+0000] {logging_mixin.py:117} INFO - [2022-10-03T12:28:36.092+0000] {dag.py:3328} INFO - Setting next_dagrun for example_local_kubernetes_executor to None, run_after=None
[2022-10-03T12:28:36.122+0000] {processor.py:178} INFO - Processing /home/airflow/.local/lib/python3.7/site-packages/airflow/example_dags/example_local_kubernetes_executor.py took 0.148 seconds
[2022-10-03T12:29:07.384+0000] {processor.py:156} INFO - Started process (PID=2183) to work on /home/airflow/.local/lib/python3.7/site-packages/airflow/example_dags/example_local_kubernetes_executor.py
[2022-10-03T12:29:07.386+0000] {processor.py:758} INFO - Processing file /home/airflow/.local/lib/python3.7/site-packages/airflow/example_dags/example_local_kubernetes_executor.py for tasks to queue
[2022-10-03T12:29:07.388+0000] {logging_mixin.py:117} INFO - [2022-10-03T12:29:07.387+0000] {dagbag.py:525} INFO - Filling up the DagBag from /home/airflow/.local/lib/python3.7/site-packages/airflow/example_dags/example_local_kubernetes_executor.py
[2022-10-03T12:29:07.450+0000] {processor.py:768} INFO - DAG(s) dict_keys(['example_local_kubernetes_executor']) retrieved from /home/airflow/.local/lib/python3.7/site-packages/airflow/example_dags/example_local_kubernetes_executor.py
[2022-10-03T12:29:07.593+0000] {logging_mixin.py:117} INFO - [2022-10-03T12:29:07.593+0000] {dag.py:2573} INFO - Sync 1 DAGs
[2022-10-03T12:29:07.663+0000] {logging_mixin.py:117} INFO - [2022-10-03T12:29:07.663+0000] {dag.py:3328} INFO - Setting next_dagrun for example_local_kubernetes_executor to None, run_after=None
[2022-10-03T12:29:07.710+0000] {processor.py:178} INFO - Processing /home/airflow/.local/lib/python3.7/site-packages/airflow/example_dags/example_local_kubernetes_executor.py took 0.336 seconds
[2022-10-03T12:29:37.812+0000] {processor.py:156} INFO - Started process (PID=2388) to work on /home/airflow/.local/lib/python3.7/site-packages/airflow/example_dags/example_local_kubernetes_executor.py
[2022-10-03T12:29:37.814+0000] {processor.py:758} INFO - Processing file /home/airflow/.local/lib/python3.7/site-packages/airflow/example_dags/example_local_kubernetes_executor.py for tasks to queue
[2022-10-03T12:29:37.817+0000] {logging_mixin.py:117} INFO - [2022-10-03T12:29:37.816+0000] {dagbag.py:525} INFO - Filling up the DagBag from /home/airflow/.local/lib/python3.7/site-packages/airflow/example_dags/example_local_kubernetes_executor.py
[2022-10-03T12:29:37.875+0000] {processor.py:768} INFO - DAG(s) dict_keys(['example_local_kubernetes_executor']) retrieved from /home/airflow/.local/lib/python3.7/site-packages/airflow/example_dags/example_local_kubernetes_executor.py
[2022-10-03T12:29:38.053+0000] {logging_mixin.py:117} INFO - [2022-10-03T12:29:38.052+0000] {dag.py:2573} INFO - Sync 1 DAGs
[2022-10-03T12:29:38.121+0000] {logging_mixin.py:117} INFO - [2022-10-03T12:29:38.120+0000] {dag.py:3328} INFO - Setting next_dagrun for example_local_kubernetes_executor to None, run_after=None
[2022-10-03T12:29:38.169+0000] {processor.py:178} INFO - Processing /home/airflow/.local/lib/python3.7/site-packages/airflow/example_dags/example_local_kubernetes_executor.py took 0.364 seconds
[2022-10-03T12:30:08.647+0000] {processor.py:156} INFO - Started process (PID=2586) to work on /home/airflow/.local/lib/python3.7/site-packages/airflow/example_dags/example_local_kubernetes_executor.py
[2022-10-03T12:30:08.648+0000] {processor.py:758} INFO - Processing file /home/airflow/.local/lib/python3.7/site-packages/airflow/example_dags/example_local_kubernetes_executor.py for tasks to queue
[2022-10-03T12:30:08.649+0000] {logging_mixin.py:117} INFO - [2022-10-03T12:30:08.649+0000] {dagbag.py:525} INFO - Filling up the DagBag from /home/airflow/.local/lib/python3.7/site-packages/airflow/example_dags/example_local_kubernetes_executor.py
[2022-10-03T12:30:08.675+0000] {processor.py:768} INFO - DAG(s) dict_keys(['example_local_kubernetes_executor']) retrieved from /home/airflow/.local/lib/python3.7/site-packages/airflow/example_dags/example_local_kubernetes_executor.py
[2022-10-03T12:30:08.717+0000] {logging_mixin.py:117} INFO - [2022-10-03T12:30:08.717+0000] {dag.py:2573} INFO - Sync 1 DAGs
[2022-10-03T12:30:08.748+0000] {logging_mixin.py:117} INFO - [2022-10-03T12:30:08.748+0000] {dag.py:3328} INFO - Setting next_dagrun for example_local_kubernetes_executor to None, run_after=None
[2022-10-03T12:30:08.771+0000] {processor.py:178} INFO - Processing /home/airflow/.local/lib/python3.7/site-packages/airflow/example_dags/example_local_kubernetes_executor.py took 0.127 seconds
[2022-10-03T12:30:39.344+0000] {processor.py:156} INFO - Started process (PID=2795) to work on /home/airflow/.local/lib/python3.7/site-packages/airflow/example_dags/example_local_kubernetes_executor.py
[2022-10-03T12:30:39.345+0000] {processor.py:758} INFO - Processing file /home/airflow/.local/lib/python3.7/site-packages/airflow/example_dags/example_local_kubernetes_executor.py for tasks to queue
[2022-10-03T12:30:39.346+0000] {logging_mixin.py:117} INFO - [2022-10-03T12:30:39.345+0000] {dagbag.py:525} INFO - Filling up the DagBag from /home/airflow/.local/lib/python3.7/site-packages/airflow/example_dags/example_local_kubernetes_executor.py
[2022-10-03T12:30:39.378+0000] {processor.py:768} INFO - DAG(s) dict_keys(['example_local_kubernetes_executor']) retrieved from /home/airflow/.local/lib/python3.7/site-packages/airflow/example_dags/example_local_kubernetes_executor.py
[2022-10-03T12:30:39.503+0000] {logging_mixin.py:117} INFO - [2022-10-03T12:30:39.503+0000] {dag.py:2573} INFO - Sync 1 DAGs
[2022-10-03T12:30:39.543+0000] {logging_mixin.py:117} INFO - [2022-10-03T12:30:39.542+0000] {dag.py:3328} INFO - Setting next_dagrun for example_local_kubernetes_executor to None, run_after=None
[2022-10-03T12:30:39.575+0000] {processor.py:178} INFO - Processing /home/airflow/.local/lib/python3.7/site-packages/airflow/example_dags/example_local_kubernetes_executor.py took 0.234 seconds
[2022-10-03T12:31:10.330+0000] {processor.py:156} INFO - Started process (PID=3002) to work on /home/airflow/.local/lib/python3.7/site-packages/airflow/example_dags/example_local_kubernetes_executor.py
[2022-10-03T12:31:10.332+0000] {processor.py:758} INFO - Processing file /home/airflow/.local/lib/python3.7/site-packages/airflow/example_dags/example_local_kubernetes_executor.py for tasks to queue
[2022-10-03T12:31:10.334+0000] {logging_mixin.py:117} INFO - [2022-10-03T12:31:10.333+0000] {dagbag.py:525} INFO - Filling up the DagBag from /home/airflow/.local/lib/python3.7/site-packages/airflow/example_dags/example_local_kubernetes_executor.py
[2022-10-03T12:31:10.406+0000] {processor.py:768} INFO - DAG(s) dict_keys(['example_local_kubernetes_executor']) retrieved from /home/airflow/.local/lib/python3.7/site-packages/airflow/example_dags/example_local_kubernetes_executor.py
[2022-10-03T12:31:10.508+0000] {logging_mixin.py:117} INFO - [2022-10-03T12:31:10.508+0000] {dag.py:2573} INFO - Sync 1 DAGs
[2022-10-03T12:31:10.586+0000] {logging_mixin.py:117} INFO - [2022-10-03T12:31:10.585+0000] {dag.py:3328} INFO - Setting next_dagrun for example_local_kubernetes_executor to None, run_after=None
[2022-10-03T12:31:10.639+0000] {processor.py:178} INFO - Processing /home/airflow/.local/lib/python3.7/site-packages/airflow/example_dags/example_local_kubernetes_executor.py took 0.315 seconds
[2022-10-03T12:31:40.837+0000] {processor.py:156} INFO - Started process (PID=3198) to work on /home/airflow/.local/lib/python3.7/site-packages/airflow/example_dags/example_local_kubernetes_executor.py
[2022-10-03T12:31:40.838+0000] {processor.py:758} INFO - Processing file /home/airflow/.local/lib/python3.7/site-packages/airflow/example_dags/example_local_kubernetes_executor.py for tasks to queue
[2022-10-03T12:31:40.840+0000] {logging_mixin.py:117} INFO - [2022-10-03T12:31:40.840+0000] {dagbag.py:525} INFO - Filling up the DagBag from /home/airflow/.local/lib/python3.7/site-packages/airflow/example_dags/example_local_kubernetes_executor.py
[2022-10-03T12:31:40.912+0000] {processor.py:768} INFO - DAG(s) dict_keys(['example_local_kubernetes_executor']) retrieved from /home/airflow/.local/lib/python3.7/site-packages/airflow/example_dags/example_local_kubernetes_executor.py
[2022-10-03T12:31:41.033+0000] {logging_mixin.py:117} INFO - [2022-10-03T12:31:41.033+0000] {dag.py:2573} INFO - Sync 1 DAGs
[2022-10-03T12:31:41.112+0000] {logging_mixin.py:117} INFO - [2022-10-03T12:31:41.112+0000] {dag.py:3328} INFO - Setting next_dagrun for example_local_kubernetes_executor to None, run_after=None
[2022-10-03T12:31:41.169+0000] {processor.py:178} INFO - Processing /home/airflow/.local/lib/python3.7/site-packages/airflow/example_dags/example_local_kubernetes_executor.py took 0.338 seconds
[2022-10-03T12:32:11.587+0000] {processor.py:156} INFO - Started process (PID=3405) to work on /home/airflow/.local/lib/python3.7/site-packages/airflow/example_dags/example_local_kubernetes_executor.py
[2022-10-03T12:32:11.590+0000] {processor.py:758} INFO - Processing file /home/airflow/.local/lib/python3.7/site-packages/airflow/example_dags/example_local_kubernetes_executor.py for tasks to queue
[2022-10-03T12:32:11.592+0000] {logging_mixin.py:117} INFO - [2022-10-03T12:32:11.592+0000] {dagbag.py:525} INFO - Filling up the DagBag from /home/airflow/.local/lib/python3.7/site-packages/airflow/example_dags/example_local_kubernetes_executor.py
[2022-10-03T12:32:11.693+0000] {processor.py:768} INFO - DAG(s) dict_keys(['example_local_kubernetes_executor']) retrieved from /home/airflow/.local/lib/python3.7/site-packages/airflow/example_dags/example_local_kubernetes_executor.py
[2022-10-03T12:32:11.848+0000] {logging_mixin.py:117} INFO - [2022-10-03T12:32:11.848+0000] {dag.py:2573} INFO - Sync 1 DAGs
[2022-10-03T12:32:11.941+0000] {logging_mixin.py:117} INFO - [2022-10-03T12:32:11.941+0000] {dag.py:3328} INFO - Setting next_dagrun for example_local_kubernetes_executor to None, run_after=None
[2022-10-03T12:32:11.998+0000] {processor.py:178} INFO - Processing /home/airflow/.local/lib/python3.7/site-packages/airflow/example_dags/example_local_kubernetes_executor.py took 0.422 seconds
[2022-10-03T12:32:42.803+0000] {processor.py:156} INFO - Started process (PID=3603) to work on /home/airflow/.local/lib/python3.7/site-packages/airflow/example_dags/example_local_kubernetes_executor.py
[2022-10-03T12:32:42.804+0000] {processor.py:758} INFO - Processing file /home/airflow/.local/lib/python3.7/site-packages/airflow/example_dags/example_local_kubernetes_executor.py for tasks to queue
[2022-10-03T12:32:42.805+0000] {logging_mixin.py:117} INFO - [2022-10-03T12:32:42.805+0000] {dagbag.py:525} INFO - Filling up the DagBag from /home/airflow/.local/lib/python3.7/site-packages/airflow/example_dags/example_local_kubernetes_executor.py
[2022-10-03T12:32:42.869+0000] {processor.py:768} INFO - DAG(s) dict_keys(['example_local_kubernetes_executor']) retrieved from /home/airflow/.local/lib/python3.7/site-packages/airflow/example_dags/example_local_kubernetes_executor.py
[2022-10-03T12:32:42.960+0000] {logging_mixin.py:117} INFO - [2022-10-03T12:32:42.960+0000] {dag.py:2573} INFO - Sync 1 DAGs
[2022-10-03T12:32:43.025+0000] {logging_mixin.py:117} INFO - [2022-10-03T12:32:43.025+0000] {dag.py:3328} INFO - Setting next_dagrun for example_local_kubernetes_executor to None, run_after=None
[2022-10-03T12:32:43.077+0000] {processor.py:178} INFO - Processing /home/airflow/.local/lib/python3.7/site-packages/airflow/example_dags/example_local_kubernetes_executor.py took 0.281 seconds
[2022-10-03T12:33:13.202+0000] {processor.py:156} INFO - Started process (PID=3807) to work on /home/airflow/.local/lib/python3.7/site-packages/airflow/example_dags/example_local_kubernetes_executor.py
[2022-10-03T12:33:13.204+0000] {processor.py:758} INFO - Processing file /home/airflow/.local/lib/python3.7/site-packages/airflow/example_dags/example_local_kubernetes_executor.py for tasks to queue
[2022-10-03T12:33:13.205+0000] {logging_mixin.py:117} INFO - [2022-10-03T12:33:13.205+0000] {dagbag.py:525} INFO - Filling up the DagBag from /home/airflow/.local/lib/python3.7/site-packages/airflow/example_dags/example_local_kubernetes_executor.py
[2022-10-03T12:33:13.229+0000] {processor.py:768} INFO - DAG(s) dict_keys(['example_local_kubernetes_executor']) retrieved from /home/airflow/.local/lib/python3.7/site-packages/airflow/example_dags/example_local_kubernetes_executor.py
[2022-10-03T12:33:13.268+0000] {logging_mixin.py:117} INFO - [2022-10-03T12:33:13.268+0000] {dag.py:2573} INFO - Sync 1 DAGs
[2022-10-03T12:33:13.298+0000] {logging_mixin.py:117} INFO - [2022-10-03T12:33:13.297+0000] {dag.py:3328} INFO - Setting next_dagrun for example_local_kubernetes_executor to None, run_after=None
[2022-10-03T12:33:13.323+0000] {processor.py:178} INFO - Processing /home/airflow/.local/lib/python3.7/site-packages/airflow/example_dags/example_local_kubernetes_executor.py took 0.124 seconds
[2022-10-03T12:33:43.907+0000] {processor.py:156} INFO - Started process (PID=4005) to work on /home/airflow/.local/lib/python3.7/site-packages/airflow/example_dags/example_local_kubernetes_executor.py
[2022-10-03T12:33:43.909+0000] {processor.py:758} INFO - Processing file /home/airflow/.local/lib/python3.7/site-packages/airflow/example_dags/example_local_kubernetes_executor.py for tasks to queue
[2022-10-03T12:33:43.910+0000] {logging_mixin.py:117} INFO - [2022-10-03T12:33:43.910+0000] {dagbag.py:525} INFO - Filling up the DagBag from /home/airflow/.local/lib/python3.7/site-packages/airflow/example_dags/example_local_kubernetes_executor.py
[2022-10-03T12:33:43.962+0000] {processor.py:768} INFO - DAG(s) dict_keys(['example_local_kubernetes_executor']) retrieved from /home/airflow/.local/lib/python3.7/site-packages/airflow/example_dags/example_local_kubernetes_executor.py
[2022-10-03T12:33:44.060+0000] {logging_mixin.py:117} INFO - [2022-10-03T12:33:44.059+0000] {dag.py:2573} INFO - Sync 1 DAGs
[2022-10-03T12:33:44.122+0000] {logging_mixin.py:117} INFO - [2022-10-03T12:33:44.121+0000] {dag.py:3328} INFO - Setting next_dagrun for example_local_kubernetes_executor to None, run_after=None
[2022-10-03T12:33:44.174+0000] {processor.py:178} INFO - Processing /home/airflow/.local/lib/python3.7/site-packages/airflow/example_dags/example_local_kubernetes_executor.py took 0.275 seconds
[2022-10-03T12:34:15.083+0000] {processor.py:156} INFO - Started process (PID=4212) to work on /home/airflow/.local/lib/python3.7/site-packages/airflow/example_dags/example_local_kubernetes_executor.py
[2022-10-03T12:34:15.084+0000] {processor.py:758} INFO - Processing file /home/airflow/.local/lib/python3.7/site-packages/airflow/example_dags/example_local_kubernetes_executor.py for tasks to queue
[2022-10-03T12:34:15.085+0000] {logging_mixin.py:117} INFO - [2022-10-03T12:34:15.085+0000] {dagbag.py:525} INFO - Filling up the DagBag from /home/airflow/.local/lib/python3.7/site-packages/airflow/example_dags/example_local_kubernetes_executor.py
[2022-10-03T12:34:15.111+0000] {processor.py:768} INFO - DAG(s) dict_keys(['example_local_kubernetes_executor']) retrieved from /home/airflow/.local/lib/python3.7/site-packages/airflow/example_dags/example_local_kubernetes_executor.py
[2022-10-03T12:34:15.155+0000] {logging_mixin.py:117} INFO - [2022-10-03T12:34:15.155+0000] {dag.py:2573} INFO - Sync 1 DAGs
[2022-10-03T12:34:15.184+0000] {logging_mixin.py:117} INFO - [2022-10-03T12:34:15.184+0000] {dag.py:3328} INFO - Setting next_dagrun for example_local_kubernetes_executor to None, run_after=None
[2022-10-03T12:34:15.214+0000] {processor.py:178} INFO - Processing /home/airflow/.local/lib/python3.7/site-packages/airflow/example_dags/example_local_kubernetes_executor.py took 0.136 seconds
[2022-10-03T12:34:45.268+0000] {processor.py:156} INFO - Started process (PID=4420) to work on /home/airflow/.local/lib/python3.7/site-packages/airflow/example_dags/example_local_kubernetes_executor.py
[2022-10-03T12:34:45.270+0000] {processor.py:758} INFO - Processing file /home/airflow/.local/lib/python3.7/site-packages/airflow/example_dags/example_local_kubernetes_executor.py for tasks to queue
[2022-10-03T12:34:45.271+0000] {logging_mixin.py:117} INFO - [2022-10-03T12:34:45.271+0000] {dagbag.py:525} INFO - Filling up the DagBag from /home/airflow/.local/lib/python3.7/site-packages/airflow/example_dags/example_local_kubernetes_executor.py
[2022-10-03T12:34:45.302+0000] {processor.py:768} INFO - DAG(s) dict_keys(['example_local_kubernetes_executor']) retrieved from /home/airflow/.local/lib/python3.7/site-packages/airflow/example_dags/example_local_kubernetes_executor.py
[2022-10-03T12:34:45.367+0000] {logging_mixin.py:117} INFO - [2022-10-03T12:34:45.367+0000] {dag.py:2573} INFO - Sync 1 DAGs
[2022-10-03T12:34:45.412+0000] {logging_mixin.py:117} INFO - [2022-10-03T12:34:45.412+0000] {dag.py:3328} INFO - Setting next_dagrun for example_local_kubernetes_executor to None, run_after=None
[2022-10-03T12:34:45.454+0000] {processor.py:178} INFO - Processing /home/airflow/.local/lib/python3.7/site-packages/airflow/example_dags/example_local_kubernetes_executor.py took 0.190 seconds
[2022-10-03T12:35:15.989+0000] {processor.py:156} INFO - Started process (PID=4618) to work on /home/airflow/.local/lib/python3.7/site-packages/airflow/example_dags/example_local_kubernetes_executor.py
[2022-10-03T12:35:15.990+0000] {processor.py:758} INFO - Processing file /home/airflow/.local/lib/python3.7/site-packages/airflow/example_dags/example_local_kubernetes_executor.py for tasks to queue
[2022-10-03T12:35:15.991+0000] {logging_mixin.py:117} INFO - [2022-10-03T12:35:15.991+0000] {dagbag.py:525} INFO - Filling up the DagBag from /home/airflow/.local/lib/python3.7/site-packages/airflow/example_dags/example_local_kubernetes_executor.py
[2022-10-03T12:35:16.017+0000] {processor.py:768} INFO - DAG(s) dict_keys(['example_local_kubernetes_executor']) retrieved from /home/airflow/.local/lib/python3.7/site-packages/airflow/example_dags/example_local_kubernetes_executor.py
[2022-10-03T12:35:16.066+0000] {logging_mixin.py:117} INFO - [2022-10-03T12:35:16.065+0000] {dag.py:2573} INFO - Sync 1 DAGs
[2022-10-03T12:35:16.097+0000] {logging_mixin.py:117} INFO - [2022-10-03T12:35:16.097+0000] {dag.py:3328} INFO - Setting next_dagrun for example_local_kubernetes_executor to None, run_after=None
[2022-10-03T12:35:16.124+0000] {processor.py:178} INFO - Processing /home/airflow/.local/lib/python3.7/site-packages/airflow/example_dags/example_local_kubernetes_executor.py took 0.139 seconds
[2022-10-03T12:35:46.346+0000] {processor.py:156} INFO - Started process (PID=4818) to work on /home/airflow/.local/lib/python3.7/site-packages/airflow/example_dags/example_local_kubernetes_executor.py
[2022-10-03T12:35:46.347+0000] {processor.py:758} INFO - Processing file /home/airflow/.local/lib/python3.7/site-packages/airflow/example_dags/example_local_kubernetes_executor.py for tasks to queue
[2022-10-03T12:35:46.348+0000] {logging_mixin.py:117} INFO - [2022-10-03T12:35:46.347+0000] {dagbag.py:525} INFO - Filling up the DagBag from /home/airflow/.local/lib/python3.7/site-packages/airflow/example_dags/example_local_kubernetes_executor.py
[2022-10-03T12:35:46.382+0000] {processor.py:768} INFO - DAG(s) dict_keys(['example_local_kubernetes_executor']) retrieved from /home/airflow/.local/lib/python3.7/site-packages/airflow/example_dags/example_local_kubernetes_executor.py
[2022-10-03T12:35:46.431+0000] {logging_mixin.py:117} INFO - [2022-10-03T12:35:46.431+0000] {dag.py:2573} INFO - Sync 1 DAGs
[2022-10-03T12:35:46.473+0000] {logging_mixin.py:117} INFO - [2022-10-03T12:35:46.473+0000] {dag.py:3328} INFO - Setting next_dagrun for example_local_kubernetes_executor to None, run_after=None
[2022-10-03T12:35:46.508+0000] {processor.py:178} INFO - Processing /home/airflow/.local/lib/python3.7/site-packages/airflow/example_dags/example_local_kubernetes_executor.py took 0.167 seconds
[2022-10-03T12:36:16.971+0000] {processor.py:156} INFO - Started process (PID=5023) to work on /home/airflow/.local/lib/python3.7/site-packages/airflow/example_dags/example_local_kubernetes_executor.py
[2022-10-03T12:36:16.973+0000] {processor.py:758} INFO - Processing file /home/airflow/.local/lib/python3.7/site-packages/airflow/example_dags/example_local_kubernetes_executor.py for tasks to queue
[2022-10-03T12:36:16.974+0000] {logging_mixin.py:117} INFO - [2022-10-03T12:36:16.974+0000] {dagbag.py:525} INFO - Filling up the DagBag from /home/airflow/.local/lib/python3.7/site-packages/airflow/example_dags/example_local_kubernetes_executor.py
[2022-10-03T12:36:17.006+0000] {processor.py:768} INFO - DAG(s) dict_keys(['example_local_kubernetes_executor']) retrieved from /home/airflow/.local/lib/python3.7/site-packages/airflow/example_dags/example_local_kubernetes_executor.py
[2022-10-03T12:36:17.057+0000] {logging_mixin.py:117} INFO - [2022-10-03T12:36:17.057+0000] {dag.py:2573} INFO - Sync 1 DAGs
[2022-10-03T12:36:17.087+0000] {logging_mixin.py:117} INFO - [2022-10-03T12:36:17.086+0000] {dag.py:3328} INFO - Setting next_dagrun for example_local_kubernetes_executor to None, run_after=None
[2022-10-03T12:36:17.115+0000] {processor.py:178} INFO - Processing /home/airflow/.local/lib/python3.7/site-packages/airflow/example_dags/example_local_kubernetes_executor.py took 0.149 seconds
[2022-10-03T12:36:47.417+0000] {processor.py:156} INFO - Started process (PID=5230) to work on /home/airflow/.local/lib/python3.7/site-packages/airflow/example_dags/example_local_kubernetes_executor.py
[2022-10-03T12:36:47.419+0000] {processor.py:758} INFO - Processing file /home/airflow/.local/lib/python3.7/site-packages/airflow/example_dags/example_local_kubernetes_executor.py for tasks to queue
[2022-10-03T12:36:47.420+0000] {logging_mixin.py:117} INFO - [2022-10-03T12:36:47.420+0000] {dagbag.py:525} INFO - Filling up the DagBag from /home/airflow/.local/lib/python3.7/site-packages/airflow/example_dags/example_local_kubernetes_executor.py
[2022-10-03T12:36:47.474+0000] {processor.py:768} INFO - DAG(s) dict_keys(['example_local_kubernetes_executor']) retrieved from /home/airflow/.local/lib/python3.7/site-packages/airflow/example_dags/example_local_kubernetes_executor.py
[2022-10-03T12:36:47.565+0000] {logging_mixin.py:117} INFO - [2022-10-03T12:36:47.564+0000] {dag.py:2573} INFO - Sync 1 DAGs
[2022-10-03T12:36:47.624+0000] {logging_mixin.py:117} INFO - [2022-10-03T12:36:47.624+0000] {dag.py:3328} INFO - Setting next_dagrun for example_local_kubernetes_executor to None, run_after=None
[2022-10-03T12:36:47.672+0000] {processor.py:178} INFO - Processing /home/airflow/.local/lib/python3.7/site-packages/airflow/example_dags/example_local_kubernetes_executor.py took 0.262 seconds
[2022-10-03T12:37:17.904+0000] {processor.py:156} INFO - Started process (PID=5428) to work on /home/airflow/.local/lib/python3.7/site-packages/airflow/example_dags/example_local_kubernetes_executor.py
[2022-10-03T12:37:17.905+0000] {processor.py:758} INFO - Processing file /home/airflow/.local/lib/python3.7/site-packages/airflow/example_dags/example_local_kubernetes_executor.py for tasks to queue
[2022-10-03T12:37:17.907+0000] {logging_mixin.py:117} INFO - [2022-10-03T12:37:17.906+0000] {dagbag.py:525} INFO - Filling up the DagBag from /home/airflow/.local/lib/python3.7/site-packages/airflow/example_dags/example_local_kubernetes_executor.py
[2022-10-03T12:37:17.969+0000] {processor.py:768} INFO - DAG(s) dict_keys(['example_local_kubernetes_executor']) retrieved from /home/airflow/.local/lib/python3.7/site-packages/airflow/example_dags/example_local_kubernetes_executor.py
[2022-10-03T12:37:18.056+0000] {logging_mixin.py:117} INFO - [2022-10-03T12:37:18.055+0000] {dag.py:2573} INFO - Sync 1 DAGs
[2022-10-03T12:37:18.119+0000] {logging_mixin.py:117} INFO - [2022-10-03T12:37:18.118+0000] {dag.py:3328} INFO - Setting next_dagrun for example_local_kubernetes_executor to None, run_after=None
[2022-10-03T12:37:18.166+0000] {processor.py:178} INFO - Processing /home/airflow/.local/lib/python3.7/site-packages/airflow/example_dags/example_local_kubernetes_executor.py took 0.268 seconds
[2022-10-03T12:37:48.871+0000] {processor.py:156} INFO - Started process (PID=5635) to work on /home/airflow/.local/lib/python3.7/site-packages/airflow/example_dags/example_local_kubernetes_executor.py
[2022-10-03T12:37:48.873+0000] {processor.py:758} INFO - Processing file /home/airflow/.local/lib/python3.7/site-packages/airflow/example_dags/example_local_kubernetes_executor.py for tasks to queue
[2022-10-03T12:37:48.874+0000] {logging_mixin.py:117} INFO - [2022-10-03T12:37:48.874+0000] {dagbag.py:525} INFO - Filling up the DagBag from /home/airflow/.local/lib/python3.7/site-packages/airflow/example_dags/example_local_kubernetes_executor.py
[2022-10-03T12:37:48.901+0000] {processor.py:768} INFO - DAG(s) dict_keys(['example_local_kubernetes_executor']) retrieved from /home/airflow/.local/lib/python3.7/site-packages/airflow/example_dags/example_local_kubernetes_executor.py
[2022-10-03T12:37:48.946+0000] {logging_mixin.py:117} INFO - [2022-10-03T12:37:48.946+0000] {dag.py:2573} INFO - Sync 1 DAGs
[2022-10-03T12:37:48.977+0000] {logging_mixin.py:117} INFO - [2022-10-03T12:37:48.977+0000] {dag.py:3328} INFO - Setting next_dagrun for example_local_kubernetes_executor to None, run_after=None
[2022-10-03T12:37:49.002+0000] {processor.py:178} INFO - Processing /home/airflow/.local/lib/python3.7/site-packages/airflow/example_dags/example_local_kubernetes_executor.py took 0.136 seconds
[2022-10-03T12:38:19.799+0000] {processor.py:156} INFO - Started process (PID=5833) to work on /home/airflow/.local/lib/python3.7/site-packages/airflow/example_dags/example_local_kubernetes_executor.py
[2022-10-03T12:38:19.800+0000] {processor.py:758} INFO - Processing file /home/airflow/.local/lib/python3.7/site-packages/airflow/example_dags/example_local_kubernetes_executor.py for tasks to queue
[2022-10-03T12:38:19.801+0000] {logging_mixin.py:117} INFO - [2022-10-03T12:38:19.801+0000] {dagbag.py:525} INFO - Filling up the DagBag from /home/airflow/.local/lib/python3.7/site-packages/airflow/example_dags/example_local_kubernetes_executor.py
[2022-10-03T12:38:19.828+0000] {processor.py:768} INFO - DAG(s) dict_keys(['example_local_kubernetes_executor']) retrieved from /home/airflow/.local/lib/python3.7/site-packages/airflow/example_dags/example_local_kubernetes_executor.py
[2022-10-03T12:38:19.879+0000] {logging_mixin.py:117} INFO - [2022-10-03T12:38:19.878+0000] {dag.py:2573} INFO - Sync 1 DAGs
[2022-10-03T12:38:19.911+0000] {logging_mixin.py:117} INFO - [2022-10-03T12:38:19.910+0000] {dag.py:3328} INFO - Setting next_dagrun for example_local_kubernetes_executor to None, run_after=None
[2022-10-03T12:38:19.940+0000] {processor.py:178} INFO - Processing /home/airflow/.local/lib/python3.7/site-packages/airflow/example_dags/example_local_kubernetes_executor.py took 0.145 seconds
[2022-10-03T12:38:50.287+0000] {processor.py:156} INFO - Started process (PID=6040) to work on /home/airflow/.local/lib/python3.7/site-packages/airflow/example_dags/example_local_kubernetes_executor.py
[2022-10-03T12:38:50.288+0000] {processor.py:758} INFO - Processing file /home/airflow/.local/lib/python3.7/site-packages/airflow/example_dags/example_local_kubernetes_executor.py for tasks to queue
[2022-10-03T12:38:50.289+0000] {logging_mixin.py:117} INFO - [2022-10-03T12:38:50.289+0000] {dagbag.py:525} INFO - Filling up the DagBag from /home/airflow/.local/lib/python3.7/site-packages/airflow/example_dags/example_local_kubernetes_executor.py
[2022-10-03T12:38:50.317+0000] {processor.py:768} INFO - DAG(s) dict_keys(['example_local_kubernetes_executor']) retrieved from /home/airflow/.local/lib/python3.7/site-packages/airflow/example_dags/example_local_kubernetes_executor.py
[2022-10-03T12:38:50.378+0000] {logging_mixin.py:117} INFO - [2022-10-03T12:38:50.378+0000] {dag.py:2573} INFO - Sync 1 DAGs
[2022-10-03T12:38:50.427+0000] {logging_mixin.py:117} INFO - [2022-10-03T12:38:50.427+0000] {dag.py:3328} INFO - Setting next_dagrun for example_local_kubernetes_executor to None, run_after=None
[2022-10-03T12:38:50.462+0000] {processor.py:178} INFO - Processing /home/airflow/.local/lib/python3.7/site-packages/airflow/example_dags/example_local_kubernetes_executor.py took 0.179 seconds
[2022-10-03T12:39:21.192+0000] {processor.py:156} INFO - Started process (PID=6247) to work on /home/airflow/.local/lib/python3.7/site-packages/airflow/example_dags/example_local_kubernetes_executor.py
[2022-10-03T12:39:21.194+0000] {processor.py:758} INFO - Processing file /home/airflow/.local/lib/python3.7/site-packages/airflow/example_dags/example_local_kubernetes_executor.py for tasks to queue
[2022-10-03T12:39:21.195+0000] {logging_mixin.py:117} INFO - [2022-10-03T12:39:21.195+0000] {dagbag.py:525} INFO - Filling up the DagBag from /home/airflow/.local/lib/python3.7/site-packages/airflow/example_dags/example_local_kubernetes_executor.py
[2022-10-03T12:39:21.249+0000] {processor.py:768} INFO - DAG(s) dict_keys(['example_local_kubernetes_executor']) retrieved from /home/airflow/.local/lib/python3.7/site-packages/airflow/example_dags/example_local_kubernetes_executor.py
[2022-10-03T12:39:21.337+0000] {logging_mixin.py:117} INFO - [2022-10-03T12:39:21.337+0000] {dag.py:2573} INFO - Sync 1 DAGs
[2022-10-03T12:39:21.401+0000] {logging_mixin.py:117} INFO - [2022-10-03T12:39:21.400+0000] {dag.py:3328} INFO - Setting next_dagrun for example_local_kubernetes_executor to None, run_after=None
[2022-10-03T12:39:21.451+0000] {processor.py:178} INFO - Processing /home/airflow/.local/lib/python3.7/site-packages/airflow/example_dags/example_local_kubernetes_executor.py took 0.265 seconds
[2022-10-03T12:39:52.004+0000] {processor.py:156} INFO - Started process (PID=6445) to work on /home/airflow/.local/lib/python3.7/site-packages/airflow/example_dags/example_local_kubernetes_executor.py
[2022-10-03T12:39:52.005+0000] {processor.py:758} INFO - Processing file /home/airflow/.local/lib/python3.7/site-packages/airflow/example_dags/example_local_kubernetes_executor.py for tasks to queue
[2022-10-03T12:39:52.006+0000] {logging_mixin.py:117} INFO - [2022-10-03T12:39:52.006+0000] {dagbag.py:525} INFO - Filling up the DagBag from /home/airflow/.local/lib/python3.7/site-packages/airflow/example_dags/example_local_kubernetes_executor.py
[2022-10-03T12:39:52.068+0000] {processor.py:768} INFO - DAG(s) dict_keys(['example_local_kubernetes_executor']) retrieved from /home/airflow/.local/lib/python3.7/site-packages/airflow/example_dags/example_local_kubernetes_executor.py
[2022-10-03T12:39:52.173+0000] {logging_mixin.py:117} INFO - [2022-10-03T12:39:52.172+0000] {dag.py:2573} INFO - Sync 1 DAGs
[2022-10-03T12:39:52.238+0000] {logging_mixin.py:117} INFO - [2022-10-03T12:39:52.238+0000] {dag.py:3328} INFO - Setting next_dagrun for example_local_kubernetes_executor to None, run_after=None
[2022-10-03T12:39:52.285+0000] {processor.py:178} INFO - Processing /home/airflow/.local/lib/python3.7/site-packages/airflow/example_dags/example_local_kubernetes_executor.py took 0.290 seconds
[2022-10-03T12:40:22.839+0000] {processor.py:156} INFO - Started process (PID=6652) to work on /home/airflow/.local/lib/python3.7/site-packages/airflow/example_dags/example_local_kubernetes_executor.py
[2022-10-03T12:40:22.842+0000] {processor.py:758} INFO - Processing file /home/airflow/.local/lib/python3.7/site-packages/airflow/example_dags/example_local_kubernetes_executor.py for tasks to queue
[2022-10-03T12:40:22.843+0000] {logging_mixin.py:117} INFO - [2022-10-03T12:40:22.843+0000] {dagbag.py:525} INFO - Filling up the DagBag from /home/airflow/.local/lib/python3.7/site-packages/airflow/example_dags/example_local_kubernetes_executor.py
[2022-10-03T12:40:22.896+0000] {processor.py:768} INFO - DAG(s) dict_keys(['example_local_kubernetes_executor']) retrieved from /home/airflow/.local/lib/python3.7/site-packages/airflow/example_dags/example_local_kubernetes_executor.py
[2022-10-03T12:40:22.985+0000] {logging_mixin.py:117} INFO - [2022-10-03T12:40:22.985+0000] {dag.py:2573} INFO - Sync 1 DAGs
[2022-10-03T12:40:23.047+0000] {logging_mixin.py:117} INFO - [2022-10-03T12:40:23.046+0000] {dag.py:3328} INFO - Setting next_dagrun for example_local_kubernetes_executor to None, run_after=None
[2022-10-03T12:40:23.095+0000] {processor.py:178} INFO - Processing /home/airflow/.local/lib/python3.7/site-packages/airflow/example_dags/example_local_kubernetes_executor.py took 0.262 seconds
[2022-10-03T12:40:53.267+0000] {processor.py:156} INFO - Started process (PID=6850) to work on /home/airflow/.local/lib/python3.7/site-packages/airflow/example_dags/example_local_kubernetes_executor.py
[2022-10-03T12:40:53.269+0000] {processor.py:758} INFO - Processing file /home/airflow/.local/lib/python3.7/site-packages/airflow/example_dags/example_local_kubernetes_executor.py for tasks to queue
[2022-10-03T12:40:53.270+0000] {logging_mixin.py:117} INFO - [2022-10-03T12:40:53.270+0000] {dagbag.py:525} INFO - Filling up the DagBag from /home/airflow/.local/lib/python3.7/site-packages/airflow/example_dags/example_local_kubernetes_executor.py
[2022-10-03T12:40:53.324+0000] {processor.py:768} INFO - DAG(s) dict_keys(['example_local_kubernetes_executor']) retrieved from /home/airflow/.local/lib/python3.7/site-packages/airflow/example_dags/example_local_kubernetes_executor.py
[2022-10-03T12:40:53.414+0000] {logging_mixin.py:117} INFO - [2022-10-03T12:40:53.414+0000] {dag.py:2573} INFO - Sync 1 DAGs
[2022-10-03T12:40:53.477+0000] {logging_mixin.py:117} INFO - [2022-10-03T12:40:53.477+0000] {dag.py:3328} INFO - Setting next_dagrun for example_local_kubernetes_executor to None, run_after=None
[2022-10-03T12:40:53.534+0000] {processor.py:178} INFO - Processing /home/airflow/.local/lib/python3.7/site-packages/airflow/example_dags/example_local_kubernetes_executor.py took 0.274 seconds
[2022-10-03T12:41:24.175+0000] {processor.py:156} INFO - Started process (PID=7057) to work on /home/airflow/.local/lib/python3.7/site-packages/airflow/example_dags/example_local_kubernetes_executor.py
[2022-10-03T12:41:24.176+0000] {processor.py:758} INFO - Processing file /home/airflow/.local/lib/python3.7/site-packages/airflow/example_dags/example_local_kubernetes_executor.py for tasks to queue
[2022-10-03T12:41:24.177+0000] {logging_mixin.py:117} INFO - [2022-10-03T12:41:24.177+0000] {dagbag.py:525} INFO - Filling up the DagBag from /home/airflow/.local/lib/python3.7/site-packages/airflow/example_dags/example_local_kubernetes_executor.py
[2022-10-03T12:41:24.205+0000] {processor.py:768} INFO - DAG(s) dict_keys(['example_local_kubernetes_executor']) retrieved from /home/airflow/.local/lib/python3.7/site-packages/airflow/example_dags/example_local_kubernetes_executor.py
[2022-10-03T12:41:24.249+0000] {logging_mixin.py:117} INFO - [2022-10-03T12:41:24.248+0000] {dag.py:2573} INFO - Sync 1 DAGs
[2022-10-03T12:41:24.279+0000] {logging_mixin.py:117} INFO - [2022-10-03T12:41:24.279+0000] {dag.py:3328} INFO - Setting next_dagrun for example_local_kubernetes_executor to None, run_after=None
[2022-10-03T12:41:24.308+0000] {processor.py:178} INFO - Processing /home/airflow/.local/lib/python3.7/site-packages/airflow/example_dags/example_local_kubernetes_executor.py took 0.137 seconds
[2022-10-03T12:41:54.978+0000] {processor.py:156} INFO - Started process (PID=7255) to work on /home/airflow/.local/lib/python3.7/site-packages/airflow/example_dags/example_local_kubernetes_executor.py
[2022-10-03T12:41:54.979+0000] {processor.py:758} INFO - Processing file /home/airflow/.local/lib/python3.7/site-packages/airflow/example_dags/example_local_kubernetes_executor.py for tasks to queue
[2022-10-03T12:41:54.980+0000] {logging_mixin.py:117} INFO - [2022-10-03T12:41:54.980+0000] {dagbag.py:525} INFO - Filling up the DagBag from /home/airflow/.local/lib/python3.7/site-packages/airflow/example_dags/example_local_kubernetes_executor.py
[2022-10-03T12:41:55.003+0000] {processor.py:768} INFO - DAG(s) dict_keys(['example_local_kubernetes_executor']) retrieved from /home/airflow/.local/lib/python3.7/site-packages/airflow/example_dags/example_local_kubernetes_executor.py
[2022-10-03T12:41:55.043+0000] {logging_mixin.py:117} INFO - [2022-10-03T12:41:55.043+0000] {dag.py:2573} INFO - Sync 1 DAGs
[2022-10-03T12:41:55.070+0000] {logging_mixin.py:117} INFO - [2022-10-03T12:41:55.070+0000] {dag.py:3328} INFO - Setting next_dagrun for example_local_kubernetes_executor to None, run_after=None
[2022-10-03T12:41:55.096+0000] {processor.py:178} INFO - Processing /home/airflow/.local/lib/python3.7/site-packages/airflow/example_dags/example_local_kubernetes_executor.py took 0.123 seconds
[2022-10-03T12:42:25.214+0000] {processor.py:156} INFO - Started process (PID=7462) to work on /home/airflow/.local/lib/python3.7/site-packages/airflow/example_dags/example_local_kubernetes_executor.py
[2022-10-03T12:42:25.215+0000] {processor.py:758} INFO - Processing file /home/airflow/.local/lib/python3.7/site-packages/airflow/example_dags/example_local_kubernetes_executor.py for tasks to queue
[2022-10-03T12:42:25.216+0000] {logging_mixin.py:117} INFO - [2022-10-03T12:42:25.216+0000] {dagbag.py:525} INFO - Filling up the DagBag from /home/airflow/.local/lib/python3.7/site-packages/airflow/example_dags/example_local_kubernetes_executor.py
[2022-10-03T12:42:25.243+0000] {processor.py:768} INFO - DAG(s) dict_keys(['example_local_kubernetes_executor']) retrieved from /home/airflow/.local/lib/python3.7/site-packages/airflow/example_dags/example_local_kubernetes_executor.py
[2022-10-03T12:42:25.296+0000] {logging_mixin.py:117} INFO - [2022-10-03T12:42:25.296+0000] {dag.py:2573} INFO - Sync 1 DAGs
[2022-10-03T12:42:25.328+0000] {logging_mixin.py:117} INFO - [2022-10-03T12:42:25.327+0000] {dag.py:3328} INFO - Setting next_dagrun for example_local_kubernetes_executor to None, run_after=None
[2022-10-03T12:42:25.361+0000] {processor.py:178} INFO - Processing /home/airflow/.local/lib/python3.7/site-packages/airflow/example_dags/example_local_kubernetes_executor.py took 0.150 seconds
[2022-10-03T12:42:55.571+0000] {processor.py:156} INFO - Started process (PID=7669) to work on /home/airflow/.local/lib/python3.7/site-packages/airflow/example_dags/example_local_kubernetes_executor.py
[2022-10-03T12:42:55.573+0000] {processor.py:758} INFO - Processing file /home/airflow/.local/lib/python3.7/site-packages/airflow/example_dags/example_local_kubernetes_executor.py for tasks to queue
[2022-10-03T12:42:55.574+0000] {logging_mixin.py:117} INFO - [2022-10-03T12:42:55.574+0000] {dagbag.py:525} INFO - Filling up the DagBag from /home/airflow/.local/lib/python3.7/site-packages/airflow/example_dags/example_local_kubernetes_executor.py
[2022-10-03T12:42:55.637+0000] {processor.py:768} INFO - DAG(s) dict_keys(['example_local_kubernetes_executor']) retrieved from /home/airflow/.local/lib/python3.7/site-packages/airflow/example_dags/example_local_kubernetes_executor.py
[2022-10-03T12:42:55.721+0000] {logging_mixin.py:117} INFO - [2022-10-03T12:42:55.721+0000] {dag.py:2573} INFO - Sync 1 DAGs
[2022-10-03T12:42:55.779+0000] {logging_mixin.py:117} INFO - [2022-10-03T12:42:55.778+0000] {dag.py:3328} INFO - Setting next_dagrun for example_local_kubernetes_executor to None, run_after=None
[2022-10-03T12:42:55.823+0000] {processor.py:178} INFO - Processing /home/airflow/.local/lib/python3.7/site-packages/airflow/example_dags/example_local_kubernetes_executor.py took 0.258 seconds
[2022-10-03T12:43:25.922+0000] {processor.py:156} INFO - Started process (PID=7867) to work on /home/airflow/.local/lib/python3.7/site-packages/airflow/example_dags/example_local_kubernetes_executor.py
[2022-10-03T12:43:25.925+0000] {processor.py:758} INFO - Processing file /home/airflow/.local/lib/python3.7/site-packages/airflow/example_dags/example_local_kubernetes_executor.py for tasks to queue
[2022-10-03T12:43:25.927+0000] {logging_mixin.py:117} INFO - [2022-10-03T12:43:25.926+0000] {dagbag.py:525} INFO - Filling up the DagBag from /home/airflow/.local/lib/python3.7/site-packages/airflow/example_dags/example_local_kubernetes_executor.py
[2022-10-03T12:43:25.986+0000] {processor.py:768} INFO - DAG(s) dict_keys(['example_local_kubernetes_executor']) retrieved from /home/airflow/.local/lib/python3.7/site-packages/airflow/example_dags/example_local_kubernetes_executor.py
[2022-10-03T12:43:26.092+0000] {logging_mixin.py:117} INFO - [2022-10-03T12:43:26.092+0000] {dag.py:2573} INFO - Sync 1 DAGs
[2022-10-03T12:43:26.160+0000] {logging_mixin.py:117} INFO - [2022-10-03T12:43:26.160+0000] {dag.py:3328} INFO - Setting next_dagrun for example_local_kubernetes_executor to None, run_after=None
[2022-10-03T12:43:26.208+0000] {processor.py:178} INFO - Processing /home/airflow/.local/lib/python3.7/site-packages/airflow/example_dags/example_local_kubernetes_executor.py took 0.293 seconds
[2022-10-03T12:43:56.549+0000] {processor.py:156} INFO - Started process (PID=8074) to work on /home/airflow/.local/lib/python3.7/site-packages/airflow/example_dags/example_local_kubernetes_executor.py
[2022-10-03T12:43:56.551+0000] {processor.py:758} INFO - Processing file /home/airflow/.local/lib/python3.7/site-packages/airflow/example_dags/example_local_kubernetes_executor.py for tasks to queue
[2022-10-03T12:43:56.552+0000] {logging_mixin.py:117} INFO - [2022-10-03T12:43:56.552+0000] {dagbag.py:525} INFO - Filling up the DagBag from /home/airflow/.local/lib/python3.7/site-packages/airflow/example_dags/example_local_kubernetes_executor.py
[2022-10-03T12:43:56.588+0000] {processor.py:768} INFO - DAG(s) dict_keys(['example_local_kubernetes_executor']) retrieved from /home/airflow/.local/lib/python3.7/site-packages/airflow/example_dags/example_local_kubernetes_executor.py
[2022-10-03T12:43:56.645+0000] {logging_mixin.py:117} INFO - [2022-10-03T12:43:56.645+0000] {dag.py:2573} INFO - Sync 1 DAGs
[2022-10-03T12:43:56.673+0000] {logging_mixin.py:117} INFO - [2022-10-03T12:43:56.673+0000] {dag.py:3328} INFO - Setting next_dagrun for example_local_kubernetes_executor to None, run_after=None
[2022-10-03T12:43:56.699+0000] {processor.py:178} INFO - Processing /home/airflow/.local/lib/python3.7/site-packages/airflow/example_dags/example_local_kubernetes_executor.py took 0.154 seconds
[2022-10-03T12:44:26.751+0000] {processor.py:156} INFO - Started process (PID=8281) to work on /home/airflow/.local/lib/python3.7/site-packages/airflow/example_dags/example_local_kubernetes_executor.py
[2022-10-03T12:44:26.754+0000] {processor.py:758} INFO - Processing file /home/airflow/.local/lib/python3.7/site-packages/airflow/example_dags/example_local_kubernetes_executor.py for tasks to queue
[2022-10-03T12:44:26.755+0000] {logging_mixin.py:117} INFO - [2022-10-03T12:44:26.755+0000] {dagbag.py:525} INFO - Filling up the DagBag from /home/airflow/.local/lib/python3.7/site-packages/airflow/example_dags/example_local_kubernetes_executor.py
[2022-10-03T12:44:26.815+0000] {processor.py:768} INFO - DAG(s) dict_keys(['example_local_kubernetes_executor']) retrieved from /home/airflow/.local/lib/python3.7/site-packages/airflow/example_dags/example_local_kubernetes_executor.py
[2022-10-03T12:44:26.916+0000] {logging_mixin.py:117} INFO - [2022-10-03T12:44:26.915+0000] {dag.py:2573} INFO - Sync 1 DAGs
[2022-10-03T12:44:26.986+0000] {logging_mixin.py:117} INFO - [2022-10-03T12:44:26.985+0000] {dag.py:3328} INFO - Setting next_dagrun for example_local_kubernetes_executor to None, run_after=None
[2022-10-03T12:44:27.039+0000] {processor.py:178} INFO - Processing /home/airflow/.local/lib/python3.7/site-packages/airflow/example_dags/example_local_kubernetes_executor.py took 0.296 seconds
[2022-10-03T12:44:57.255+0000] {processor.py:156} INFO - Started process (PID=8479) to work on /home/airflow/.local/lib/python3.7/site-packages/airflow/example_dags/example_local_kubernetes_executor.py
[2022-10-03T12:44:57.257+0000] {processor.py:758} INFO - Processing file /home/airflow/.local/lib/python3.7/site-packages/airflow/example_dags/example_local_kubernetes_executor.py for tasks to queue
[2022-10-03T12:44:57.258+0000] {logging_mixin.py:117} INFO - [2022-10-03T12:44:57.257+0000] {dagbag.py:525} INFO - Filling up the DagBag from /home/airflow/.local/lib/python3.7/site-packages/airflow/example_dags/example_local_kubernetes_executor.py
[2022-10-03T12:44:57.287+0000] {processor.py:768} INFO - DAG(s) dict_keys(['example_local_kubernetes_executor']) retrieved from /home/airflow/.local/lib/python3.7/site-packages/airflow/example_dags/example_local_kubernetes_executor.py
[2022-10-03T12:44:57.332+0000] {logging_mixin.py:117} INFO - [2022-10-03T12:44:57.331+0000] {dag.py:2573} INFO - Sync 1 DAGs
[2022-10-03T12:44:57.362+0000] {logging_mixin.py:117} INFO - [2022-10-03T12:44:57.362+0000] {dag.py:3328} INFO - Setting next_dagrun for example_local_kubernetes_executor to None, run_after=None
[2022-10-03T12:44:57.392+0000] {processor.py:178} INFO - Processing /home/airflow/.local/lib/python3.7/site-packages/airflow/example_dags/example_local_kubernetes_executor.py took 0.142 seconds
[2022-10-03T12:45:28.277+0000] {processor.py:156} INFO - Started process (PID=8687) to work on /home/airflow/.local/lib/python3.7/site-packages/airflow/example_dags/example_local_kubernetes_executor.py
[2022-10-03T12:45:28.279+0000] {processor.py:758} INFO - Processing file /home/airflow/.local/lib/python3.7/site-packages/airflow/example_dags/example_local_kubernetes_executor.py for tasks to queue
[2022-10-03T12:45:28.281+0000] {logging_mixin.py:117} INFO - [2022-10-03T12:45:28.280+0000] {dagbag.py:525} INFO - Filling up the DagBag from /home/airflow/.local/lib/python3.7/site-packages/airflow/example_dags/example_local_kubernetes_executor.py
[2022-10-03T12:45:28.339+0000] {processor.py:768} INFO - DAG(s) dict_keys(['example_local_kubernetes_executor']) retrieved from /home/airflow/.local/lib/python3.7/site-packages/airflow/example_dags/example_local_kubernetes_executor.py
[2022-10-03T12:45:28.429+0000] {logging_mixin.py:117} INFO - [2022-10-03T12:45:28.429+0000] {dag.py:2573} INFO - Sync 1 DAGs
[2022-10-03T12:45:28.492+0000] {logging_mixin.py:117} INFO - [2022-10-03T12:45:28.492+0000] {dag.py:3328} INFO - Setting next_dagrun for example_local_kubernetes_executor to None, run_after=None
[2022-10-03T12:45:28.540+0000] {processor.py:178} INFO - Processing /home/airflow/.local/lib/python3.7/site-packages/airflow/example_dags/example_local_kubernetes_executor.py took 0.270 seconds
[2022-10-03T12:45:58.653+0000] {processor.py:156} INFO - Started process (PID=8885) to work on /home/airflow/.local/lib/python3.7/site-packages/airflow/example_dags/example_local_kubernetes_executor.py
[2022-10-03T12:45:58.654+0000] {processor.py:758} INFO - Processing file /home/airflow/.local/lib/python3.7/site-packages/airflow/example_dags/example_local_kubernetes_executor.py for tasks to queue
[2022-10-03T12:45:58.656+0000] {logging_mixin.py:117} INFO - [2022-10-03T12:45:58.656+0000] {dagbag.py:525} INFO - Filling up the DagBag from /home/airflow/.local/lib/python3.7/site-packages/airflow/example_dags/example_local_kubernetes_executor.py
[2022-10-03T12:45:58.718+0000] {processor.py:768} INFO - DAG(s) dict_keys(['example_local_kubernetes_executor']) retrieved from /home/airflow/.local/lib/python3.7/site-packages/airflow/example_dags/example_local_kubernetes_executor.py
[2022-10-03T12:45:58.813+0000] {logging_mixin.py:117} INFO - [2022-10-03T12:45:58.813+0000] {dag.py:2573} INFO - Sync 1 DAGs
[2022-10-03T12:45:58.902+0000] {logging_mixin.py:117} INFO - [2022-10-03T12:45:58.901+0000] {dag.py:3328} INFO - Setting next_dagrun for example_local_kubernetes_executor to None, run_after=None
[2022-10-03T12:45:58.956+0000] {processor.py:178} INFO - Processing /home/airflow/.local/lib/python3.7/site-packages/airflow/example_dags/example_local_kubernetes_executor.py took 0.312 seconds
