[2022-10-03T12:24:27.980+0000] {processor.py:156} INFO - Started process (PID=342) to work on /home/airflow/.local/lib/python3.7/site-packages/airflow/example_dags/example_subdag_operator.py
[2022-10-03T12:24:27.982+0000] {processor.py:758} INFO - Processing file /home/airflow/.local/lib/python3.7/site-packages/airflow/example_dags/example_subdag_operator.py for tasks to queue
[2022-10-03T12:24:27.984+0000] {logging_mixin.py:117} INFO - [2022-10-03T12:24:27.983+0000] {dagbag.py:525} INFO - Filling up the DagBag from /home/airflow/.local/lib/python3.7/site-packages/airflow/example_dags/example_subdag_operator.py
[2022-10-03T12:24:28.112+0000] {processor.py:768} INFO - DAG(s) dict_keys(['example_subdag_operator.section-1', 'example_subdag_operator.section-2', 'example_subdag_operator']) retrieved from /home/airflow/.local/lib/python3.7/site-packages/airflow/example_dags/example_subdag_operator.py
[2022-10-03T12:24:28.770+0000] {logging_mixin.py:117} INFO - [2022-10-03T12:24:28.770+0000] {dag.py:2573} INFO - Sync 3 DAGs
[2022-10-03T12:24:29.071+0000] {logging_mixin.py:117} INFO - [2022-10-03T12:24:29.070+0000] {dag.py:3328} INFO - Setting next_dagrun for example_subdag_operator to 2022-01-01T00:00:00+00:00, run_after=2022-01-01T00:00:00+00:00
[2022-10-03T12:24:29.079+0000] {logging_mixin.py:117} INFO - [2022-10-03T12:24:29.079+0000] {dag.py:3328} INFO - Setting next_dagrun for example_subdag_operator.section-1 to None, run_after=None
[2022-10-03T12:24:29.084+0000] {logging_mixin.py:117} INFO - [2022-10-03T12:24:29.084+0000] {dag.py:3328} INFO - Setting next_dagrun for example_subdag_operator.section-2 to None, run_after=None
[2022-10-03T12:24:29.103+0000] {logging_mixin.py:117} INFO - [2022-10-03T12:24:29.102+0000] {dag.py:2573} INFO - Sync 2 DAGs
[2022-10-03T12:24:29.117+0000] {logging_mixin.py:117} INFO - [2022-10-03T12:24:29.117+0000] {dag.py:3328} INFO - Setting next_dagrun for example_subdag_operator.section-1 to None, run_after=None
[2022-10-03T12:24:29.118+0000] {logging_mixin.py:117} INFO - [2022-10-03T12:24:29.118+0000] {dag.py:3328} INFO - Setting next_dagrun for example_subdag_operator.section-2 to None, run_after=None
[2022-10-03T12:24:29.151+0000] {processor.py:178} INFO - Processing /home/airflow/.local/lib/python3.7/site-packages/airflow/example_dags/example_subdag_operator.py took 1.182 seconds
[2022-10-03T12:25:00.510+0000] {processor.py:156} INFO - Started process (PID=541) to work on /home/airflow/.local/lib/python3.7/site-packages/airflow/example_dags/example_subdag_operator.py
[2022-10-03T12:25:00.512+0000] {processor.py:758} INFO - Processing file /home/airflow/.local/lib/python3.7/site-packages/airflow/example_dags/example_subdag_operator.py for tasks to queue
[2022-10-03T12:25:00.514+0000] {logging_mixin.py:117} INFO - [2022-10-03T12:25:00.514+0000] {dagbag.py:525} INFO - Filling up the DagBag from /home/airflow/.local/lib/python3.7/site-packages/airflow/example_dags/example_subdag_operator.py
[2022-10-03T12:25:00.602+0000] {processor.py:768} INFO - DAG(s) dict_keys(['example_subdag_operator.section-1', 'example_subdag_operator.section-2', 'example_subdag_operator']) retrieved from /home/airflow/.local/lib/python3.7/site-packages/airflow/example_dags/example_subdag_operator.py
[2022-10-03T12:25:01.019+0000] {logging_mixin.py:117} INFO - [2022-10-03T12:25:01.019+0000] {dag.py:2573} INFO - Sync 3 DAGs
[2022-10-03T12:25:01.047+0000] {logging_mixin.py:117} INFO - [2022-10-03T12:25:01.047+0000] {dag.py:3328} INFO - Setting next_dagrun for example_subdag_operator to 2022-01-01T00:00:00+00:00, run_after=2022-01-01T00:00:00+00:00
[2022-10-03T12:25:01.051+0000] {logging_mixin.py:117} INFO - [2022-10-03T12:25:01.051+0000] {dag.py:3328} INFO - Setting next_dagrun for example_subdag_operator.section-1 to None, run_after=None
[2022-10-03T12:25:01.052+0000] {logging_mixin.py:117} INFO - [2022-10-03T12:25:01.052+0000] {dag.py:3328} INFO - Setting next_dagrun for example_subdag_operator.section-2 to None, run_after=None
[2022-10-03T12:25:01.063+0000] {logging_mixin.py:117} INFO - [2022-10-03T12:25:01.062+0000] {dag.py:2573} INFO - Sync 2 DAGs
[2022-10-03T12:25:01.069+0000] {logging_mixin.py:117} INFO - [2022-10-03T12:25:01.069+0000] {dag.py:3328} INFO - Setting next_dagrun for example_subdag_operator.section-1 to None, run_after=None
[2022-10-03T12:25:01.069+0000] {logging_mixin.py:117} INFO - [2022-10-03T12:25:01.069+0000] {dag.py:3328} INFO - Setting next_dagrun for example_subdag_operator.section-2 to None, run_after=None
[2022-10-03T12:25:01.085+0000] {processor.py:178} INFO - Processing /home/airflow/.local/lib/python3.7/site-packages/airflow/example_dags/example_subdag_operator.py took 0.590 seconds
[2022-10-03T12:25:31.202+0000] {processor.py:156} INFO - Started process (PID=741) to work on /home/airflow/.local/lib/python3.7/site-packages/airflow/example_dags/example_subdag_operator.py
[2022-10-03T12:25:31.204+0000] {processor.py:758} INFO - Processing file /home/airflow/.local/lib/python3.7/site-packages/airflow/example_dags/example_subdag_operator.py for tasks to queue
[2022-10-03T12:25:31.205+0000] {logging_mixin.py:117} INFO - [2022-10-03T12:25:31.205+0000] {dagbag.py:525} INFO - Filling up the DagBag from /home/airflow/.local/lib/python3.7/site-packages/airflow/example_dags/example_subdag_operator.py
[2022-10-03T12:25:31.284+0000] {processor.py:768} INFO - DAG(s) dict_keys(['example_subdag_operator.section-1', 'example_subdag_operator.section-2', 'example_subdag_operator']) retrieved from /home/airflow/.local/lib/python3.7/site-packages/airflow/example_dags/example_subdag_operator.py
[2022-10-03T12:25:32.101+0000] {logging_mixin.py:117} INFO - [2022-10-03T12:25:32.101+0000] {dag.py:2573} INFO - Sync 3 DAGs
[2022-10-03T12:25:32.167+0000] {logging_mixin.py:117} INFO - [2022-10-03T12:25:32.167+0000] {dag.py:3328} INFO - Setting next_dagrun for example_subdag_operator to 2022-01-01T00:00:00+00:00, run_after=2022-01-01T00:00:00+00:00
[2022-10-03T12:25:32.175+0000] {logging_mixin.py:117} INFO - [2022-10-03T12:25:32.175+0000] {dag.py:3328} INFO - Setting next_dagrun for example_subdag_operator.section-1 to None, run_after=None
[2022-10-03T12:25:32.178+0000] {logging_mixin.py:117} INFO - [2022-10-03T12:25:32.178+0000] {dag.py:3328} INFO - Setting next_dagrun for example_subdag_operator.section-2 to None, run_after=None
[2022-10-03T12:25:32.196+0000] {logging_mixin.py:117} INFO - [2022-10-03T12:25:32.196+0000] {dag.py:2573} INFO - Sync 2 DAGs
[2022-10-03T12:25:32.210+0000] {logging_mixin.py:117} INFO - [2022-10-03T12:25:32.210+0000] {dag.py:3328} INFO - Setting next_dagrun for example_subdag_operator.section-1 to None, run_after=None
[2022-10-03T12:25:32.211+0000] {logging_mixin.py:117} INFO - [2022-10-03T12:25:32.211+0000] {dag.py:3328} INFO - Setting next_dagrun for example_subdag_operator.section-2 to None, run_after=None
[2022-10-03T12:25:32.242+0000] {processor.py:178} INFO - Processing /home/airflow/.local/lib/python3.7/site-packages/airflow/example_dags/example_subdag_operator.py took 1.047 seconds
[2022-10-03T12:26:02.766+0000] {processor.py:156} INFO - Started process (PID=948) to work on /home/airflow/.local/lib/python3.7/site-packages/airflow/example_dags/example_subdag_operator.py
[2022-10-03T12:26:02.768+0000] {processor.py:758} INFO - Processing file /home/airflow/.local/lib/python3.7/site-packages/airflow/example_dags/example_subdag_operator.py for tasks to queue
[2022-10-03T12:26:02.770+0000] {logging_mixin.py:117} INFO - [2022-10-03T12:26:02.769+0000] {dagbag.py:525} INFO - Filling up the DagBag from /home/airflow/.local/lib/python3.7/site-packages/airflow/example_dags/example_subdag_operator.py
[2022-10-03T12:26:02.851+0000] {processor.py:768} INFO - DAG(s) dict_keys(['example_subdag_operator.section-1', 'example_subdag_operator.section-2', 'example_subdag_operator']) retrieved from /home/airflow/.local/lib/python3.7/site-packages/airflow/example_dags/example_subdag_operator.py
[2022-10-03T12:26:03.536+0000] {logging_mixin.py:117} INFO - [2022-10-03T12:26:03.535+0000] {dag.py:2573} INFO - Sync 3 DAGs
[2022-10-03T12:26:03.594+0000] {logging_mixin.py:117} INFO - [2022-10-03T12:26:03.594+0000] {dag.py:3328} INFO - Setting next_dagrun for example_subdag_operator to 2022-01-01T00:00:00+00:00, run_after=2022-01-01T00:00:00+00:00
[2022-10-03T12:26:03.604+0000] {logging_mixin.py:117} INFO - [2022-10-03T12:26:03.604+0000] {dag.py:3328} INFO - Setting next_dagrun for example_subdag_operator.section-1 to None, run_after=None
[2022-10-03T12:26:03.607+0000] {logging_mixin.py:117} INFO - [2022-10-03T12:26:03.607+0000] {dag.py:3328} INFO - Setting next_dagrun for example_subdag_operator.section-2 to None, run_after=None
[2022-10-03T12:26:03.629+0000] {logging_mixin.py:117} INFO - [2022-10-03T12:26:03.629+0000] {dag.py:2573} INFO - Sync 2 DAGs
[2022-10-03T12:26:03.644+0000] {logging_mixin.py:117} INFO - [2022-10-03T12:26:03.644+0000] {dag.py:3328} INFO - Setting next_dagrun for example_subdag_operator.section-1 to None, run_after=None
[2022-10-03T12:26:03.645+0000] {logging_mixin.py:117} INFO - [2022-10-03T12:26:03.645+0000] {dag.py:3328} INFO - Setting next_dagrun for example_subdag_operator.section-2 to None, run_after=None
[2022-10-03T12:26:03.677+0000] {processor.py:178} INFO - Processing /home/airflow/.local/lib/python3.7/site-packages/airflow/example_dags/example_subdag_operator.py took 0.917 seconds
[2022-10-03T12:26:33.783+0000] {processor.py:156} INFO - Started process (PID=1147) to work on /home/airflow/.local/lib/python3.7/site-packages/airflow/example_dags/example_subdag_operator.py
[2022-10-03T12:26:33.784+0000] {processor.py:758} INFO - Processing file /home/airflow/.local/lib/python3.7/site-packages/airflow/example_dags/example_subdag_operator.py for tasks to queue
[2022-10-03T12:26:33.785+0000] {logging_mixin.py:117} INFO - [2022-10-03T12:26:33.785+0000] {dagbag.py:525} INFO - Filling up the DagBag from /home/airflow/.local/lib/python3.7/site-packages/airflow/example_dags/example_subdag_operator.py
[2022-10-03T12:26:33.826+0000] {processor.py:768} INFO - DAG(s) dict_keys(['example_subdag_operator.section-1', 'example_subdag_operator.section-2', 'example_subdag_operator']) retrieved from /home/airflow/.local/lib/python3.7/site-packages/airflow/example_dags/example_subdag_operator.py
[2022-10-03T12:26:34.203+0000] {logging_mixin.py:117} INFO - [2022-10-03T12:26:34.203+0000] {dag.py:2573} INFO - Sync 3 DAGs
[2022-10-03T12:26:34.242+0000] {logging_mixin.py:117} INFO - [2022-10-03T12:26:34.242+0000] {dag.py:3328} INFO - Setting next_dagrun for example_subdag_operator to 2022-01-01T00:00:00+00:00, run_after=2022-01-01T00:00:00+00:00
[2022-10-03T12:26:34.247+0000] {logging_mixin.py:117} INFO - [2022-10-03T12:26:34.247+0000] {dag.py:3328} INFO - Setting next_dagrun for example_subdag_operator.section-1 to None, run_after=None
[2022-10-03T12:26:34.249+0000] {logging_mixin.py:117} INFO - [2022-10-03T12:26:34.249+0000] {dag.py:3328} INFO - Setting next_dagrun for example_subdag_operator.section-2 to None, run_after=None
[2022-10-03T12:26:34.262+0000] {logging_mixin.py:117} INFO - [2022-10-03T12:26:34.262+0000] {dag.py:2573} INFO - Sync 2 DAGs
[2022-10-03T12:26:34.271+0000] {logging_mixin.py:117} INFO - [2022-10-03T12:26:34.271+0000] {dag.py:3328} INFO - Setting next_dagrun for example_subdag_operator.section-1 to None, run_after=None
[2022-10-03T12:26:34.272+0000] {logging_mixin.py:117} INFO - [2022-10-03T12:26:34.272+0000] {dag.py:3328} INFO - Setting next_dagrun for example_subdag_operator.section-2 to None, run_after=None
[2022-10-03T12:26:34.293+0000] {processor.py:178} INFO - Processing /home/airflow/.local/lib/python3.7/site-packages/airflow/example_dags/example_subdag_operator.py took 0.513 seconds
[2022-10-03T12:27:05.044+0000] {processor.py:156} INFO - Started process (PID=1372) to work on /home/airflow/.local/lib/python3.7/site-packages/airflow/example_dags/example_subdag_operator.py
[2022-10-03T12:27:05.046+0000] {processor.py:758} INFO - Processing file /home/airflow/.local/lib/python3.7/site-packages/airflow/example_dags/example_subdag_operator.py for tasks to queue
[2022-10-03T12:27:05.048+0000] {logging_mixin.py:117} INFO - [2022-10-03T12:27:05.047+0000] {dagbag.py:525} INFO - Filling up the DagBag from /home/airflow/.local/lib/python3.7/site-packages/airflow/example_dags/example_subdag_operator.py
[2022-10-03T12:27:05.355+0000] {processor.py:768} INFO - DAG(s) dict_keys(['example_subdag_operator.section-1', 'example_subdag_operator.section-2', 'example_subdag_operator']) retrieved from /home/airflow/.local/lib/python3.7/site-packages/airflow/example_dags/example_subdag_operator.py
[2022-10-03T12:27:05.971+0000] {logging_mixin.py:117} INFO - [2022-10-03T12:27:05.970+0000] {dag.py:2573} INFO - Sync 3 DAGs
[2022-10-03T12:27:06.024+0000] {logging_mixin.py:117} INFO - [2022-10-03T12:27:06.024+0000] {dag.py:3328} INFO - Setting next_dagrun for example_subdag_operator to 2022-01-01T00:00:00+00:00, run_after=2022-01-01T00:00:00+00:00
[2022-10-03T12:27:06.032+0000] {logging_mixin.py:117} INFO - [2022-10-03T12:27:06.031+0000] {dag.py:3328} INFO - Setting next_dagrun for example_subdag_operator.section-1 to None, run_after=None
[2022-10-03T12:27:06.034+0000] {logging_mixin.py:117} INFO - [2022-10-03T12:27:06.034+0000] {dag.py:3328} INFO - Setting next_dagrun for example_subdag_operator.section-2 to None, run_after=None
[2022-10-03T12:27:06.050+0000] {logging_mixin.py:117} INFO - [2022-10-03T12:27:06.050+0000] {dag.py:2573} INFO - Sync 2 DAGs
[2022-10-03T12:27:06.063+0000] {logging_mixin.py:117} INFO - [2022-10-03T12:27:06.063+0000] {dag.py:3328} INFO - Setting next_dagrun for example_subdag_operator.section-1 to None, run_after=None
[2022-10-03T12:27:06.064+0000] {logging_mixin.py:117} INFO - [2022-10-03T12:27:06.064+0000] {dag.py:3328} INFO - Setting next_dagrun for example_subdag_operator.section-2 to None, run_after=None
[2022-10-03T12:27:06.092+0000] {processor.py:178} INFO - Processing /home/airflow/.local/lib/python3.7/site-packages/airflow/example_dags/example_subdag_operator.py took 1.055 seconds
[2022-10-03T12:27:36.702+0000] {processor.py:156} INFO - Started process (PID=1590) to work on /home/airflow/.local/lib/python3.7/site-packages/airflow/example_dags/example_subdag_operator.py
[2022-10-03T12:27:36.703+0000] {processor.py:758} INFO - Processing file /home/airflow/.local/lib/python3.7/site-packages/airflow/example_dags/example_subdag_operator.py for tasks to queue
[2022-10-03T12:27:36.704+0000] {logging_mixin.py:117} INFO - [2022-10-03T12:27:36.704+0000] {dagbag.py:525} INFO - Filling up the DagBag from /home/airflow/.local/lib/python3.7/site-packages/airflow/example_dags/example_subdag_operator.py
[2022-10-03T12:27:36.741+0000] {processor.py:768} INFO - DAG(s) dict_keys(['example_subdag_operator.section-1', 'example_subdag_operator.section-2', 'example_subdag_operator']) retrieved from /home/airflow/.local/lib/python3.7/site-packages/airflow/example_dags/example_subdag_operator.py
[2022-10-03T12:27:36.941+0000] {logging_mixin.py:117} INFO - [2022-10-03T12:27:36.941+0000] {dag.py:2573} INFO - Sync 3 DAGs
[2022-10-03T12:27:36.971+0000] {logging_mixin.py:117} INFO - [2022-10-03T12:27:36.971+0000] {dag.py:3328} INFO - Setting next_dagrun for example_subdag_operator to 2022-01-01T00:00:00+00:00, run_after=2022-01-01T00:00:00+00:00
[2022-10-03T12:27:36.975+0000] {logging_mixin.py:117} INFO - [2022-10-03T12:27:36.975+0000] {dag.py:3328} INFO - Setting next_dagrun for example_subdag_operator.section-1 to None, run_after=None
[2022-10-03T12:27:36.977+0000] {logging_mixin.py:117} INFO - [2022-10-03T12:27:36.977+0000] {dag.py:3328} INFO - Setting next_dagrun for example_subdag_operator.section-2 to None, run_after=None
[2022-10-03T12:27:36.986+0000] {logging_mixin.py:117} INFO - [2022-10-03T12:27:36.985+0000] {dag.py:2573} INFO - Sync 2 DAGs
[2022-10-03T12:27:36.993+0000] {logging_mixin.py:117} INFO - [2022-10-03T12:27:36.993+0000] {dag.py:3328} INFO - Setting next_dagrun for example_subdag_operator.section-1 to None, run_after=None
[2022-10-03T12:27:36.993+0000] {logging_mixin.py:117} INFO - [2022-10-03T12:27:36.993+0000] {dag.py:3328} INFO - Setting next_dagrun for example_subdag_operator.section-2 to None, run_after=None
[2022-10-03T12:27:37.010+0000] {processor.py:178} INFO - Processing /home/airflow/.local/lib/python3.7/site-packages/airflow/example_dags/example_subdag_operator.py took 0.312 seconds
[2022-10-03T12:28:07.238+0000] {processor.py:156} INFO - Started process (PID=1797) to work on /home/airflow/.local/lib/python3.7/site-packages/airflow/example_dags/example_subdag_operator.py
[2022-10-03T12:28:07.240+0000] {processor.py:758} INFO - Processing file /home/airflow/.local/lib/python3.7/site-packages/airflow/example_dags/example_subdag_operator.py for tasks to queue
[2022-10-03T12:28:07.242+0000] {logging_mixin.py:117} INFO - [2022-10-03T12:28:07.241+0000] {dagbag.py:525} INFO - Filling up the DagBag from /home/airflow/.local/lib/python3.7/site-packages/airflow/example_dags/example_subdag_operator.py
[2022-10-03T12:28:07.334+0000] {processor.py:768} INFO - DAG(s) dict_keys(['example_subdag_operator.section-1', 'example_subdag_operator.section-2', 'example_subdag_operator']) retrieved from /home/airflow/.local/lib/python3.7/site-packages/airflow/example_dags/example_subdag_operator.py
[2022-10-03T12:28:07.883+0000] {logging_mixin.py:117} INFO - [2022-10-03T12:28:07.883+0000] {dag.py:2573} INFO - Sync 3 DAGs
[2022-10-03T12:28:07.949+0000] {logging_mixin.py:117} INFO - [2022-10-03T12:28:07.949+0000] {dag.py:3328} INFO - Setting next_dagrun for example_subdag_operator to 2022-01-01T00:00:00+00:00, run_after=2022-01-01T00:00:00+00:00
[2022-10-03T12:28:07.957+0000] {logging_mixin.py:117} INFO - [2022-10-03T12:28:07.957+0000] {dag.py:3328} INFO - Setting next_dagrun for example_subdag_operator.section-1 to None, run_after=None
[2022-10-03T12:28:07.960+0000] {logging_mixin.py:117} INFO - [2022-10-03T12:28:07.960+0000] {dag.py:3328} INFO - Setting next_dagrun for example_subdag_operator.section-2 to None, run_after=None
[2022-10-03T12:28:07.981+0000] {logging_mixin.py:117} INFO - [2022-10-03T12:28:07.981+0000] {dag.py:2573} INFO - Sync 2 DAGs
[2022-10-03T12:28:07.995+0000] {logging_mixin.py:117} INFO - [2022-10-03T12:28:07.994+0000] {dag.py:3328} INFO - Setting next_dagrun for example_subdag_operator.section-1 to None, run_after=None
[2022-10-03T12:28:07.996+0000] {logging_mixin.py:117} INFO - [2022-10-03T12:28:07.996+0000] {dag.py:3328} INFO - Setting next_dagrun for example_subdag_operator.section-2 to None, run_after=None
[2022-10-03T12:28:08.026+0000] {processor.py:178} INFO - Processing /home/airflow/.local/lib/python3.7/site-packages/airflow/example_dags/example_subdag_operator.py took 0.797 seconds
[2022-10-03T12:28:38.382+0000] {processor.py:156} INFO - Started process (PID=2005) to work on /home/airflow/.local/lib/python3.7/site-packages/airflow/example_dags/example_subdag_operator.py
[2022-10-03T12:28:38.384+0000] {processor.py:758} INFO - Processing file /home/airflow/.local/lib/python3.7/site-packages/airflow/example_dags/example_subdag_operator.py for tasks to queue
[2022-10-03T12:28:38.386+0000] {logging_mixin.py:117} INFO - [2022-10-03T12:28:38.385+0000] {dagbag.py:525} INFO - Filling up the DagBag from /home/airflow/.local/lib/python3.7/site-packages/airflow/example_dags/example_subdag_operator.py
[2022-10-03T12:28:38.471+0000] {processor.py:768} INFO - DAG(s) dict_keys(['example_subdag_operator.section-1', 'example_subdag_operator.section-2', 'example_subdag_operator']) retrieved from /home/airflow/.local/lib/python3.7/site-packages/airflow/example_dags/example_subdag_operator.py
[2022-10-03T12:28:38.986+0000] {logging_mixin.py:117} INFO - [2022-10-03T12:28:38.985+0000] {dag.py:2573} INFO - Sync 3 DAGs
[2022-10-03T12:28:39.052+0000] {logging_mixin.py:117} INFO - [2022-10-03T12:28:39.051+0000] {dag.py:3328} INFO - Setting next_dagrun for example_subdag_operator to 2022-01-01T00:00:00+00:00, run_after=2022-01-01T00:00:00+00:00
[2022-10-03T12:28:39.060+0000] {logging_mixin.py:117} INFO - [2022-10-03T12:28:39.059+0000] {dag.py:3328} INFO - Setting next_dagrun for example_subdag_operator.section-1 to None, run_after=None
[2022-10-03T12:28:39.062+0000] {logging_mixin.py:117} INFO - [2022-10-03T12:28:39.062+0000] {dag.py:3328} INFO - Setting next_dagrun for example_subdag_operator.section-2 to None, run_after=None
[2022-10-03T12:28:39.080+0000] {logging_mixin.py:117} INFO - [2022-10-03T12:28:39.080+0000] {dag.py:2573} INFO - Sync 2 DAGs
[2022-10-03T12:28:39.094+0000] {logging_mixin.py:117} INFO - [2022-10-03T12:28:39.093+0000] {dag.py:3328} INFO - Setting next_dagrun for example_subdag_operator.section-1 to None, run_after=None
[2022-10-03T12:28:39.094+0000] {logging_mixin.py:117} INFO - [2022-10-03T12:28:39.094+0000] {dag.py:3328} INFO - Setting next_dagrun for example_subdag_operator.section-2 to None, run_after=None
[2022-10-03T12:28:39.124+0000] {processor.py:178} INFO - Processing /home/airflow/.local/lib/python3.7/site-packages/airflow/example_dags/example_subdag_operator.py took 0.748 seconds
[2022-10-03T12:29:09.339+0000] {processor.py:156} INFO - Started process (PID=2203) to work on /home/airflow/.local/lib/python3.7/site-packages/airflow/example_dags/example_subdag_operator.py
[2022-10-03T12:29:09.341+0000] {processor.py:758} INFO - Processing file /home/airflow/.local/lib/python3.7/site-packages/airflow/example_dags/example_subdag_operator.py for tasks to queue
[2022-10-03T12:29:09.342+0000] {logging_mixin.py:117} INFO - [2022-10-03T12:29:09.342+0000] {dagbag.py:525} INFO - Filling up the DagBag from /home/airflow/.local/lib/python3.7/site-packages/airflow/example_dags/example_subdag_operator.py
[2022-10-03T12:29:09.418+0000] {processor.py:768} INFO - DAG(s) dict_keys(['example_subdag_operator.section-1', 'example_subdag_operator.section-2', 'example_subdag_operator']) retrieved from /home/airflow/.local/lib/python3.7/site-packages/airflow/example_dags/example_subdag_operator.py
[2022-10-03T12:29:09.798+0000] {logging_mixin.py:117} INFO - [2022-10-03T12:29:09.798+0000] {dag.py:2573} INFO - Sync 3 DAGs
[2022-10-03T12:29:09.826+0000] {logging_mixin.py:117} INFO - [2022-10-03T12:29:09.826+0000] {dag.py:3328} INFO - Setting next_dagrun for example_subdag_operator to 2022-01-01T00:00:00+00:00, run_after=2022-01-01T00:00:00+00:00
[2022-10-03T12:29:09.830+0000] {logging_mixin.py:117} INFO - [2022-10-03T12:29:09.830+0000] {dag.py:3328} INFO - Setting next_dagrun for example_subdag_operator.section-1 to None, run_after=None
[2022-10-03T12:29:09.832+0000] {logging_mixin.py:117} INFO - [2022-10-03T12:29:09.832+0000] {dag.py:3328} INFO - Setting next_dagrun for example_subdag_operator.section-2 to None, run_after=None
[2022-10-03T12:29:09.841+0000] {logging_mixin.py:117} INFO - [2022-10-03T12:29:09.841+0000] {dag.py:2573} INFO - Sync 2 DAGs
[2022-10-03T12:29:09.849+0000] {logging_mixin.py:117} INFO - [2022-10-03T12:29:09.849+0000] {dag.py:3328} INFO - Setting next_dagrun for example_subdag_operator.section-1 to None, run_after=None
[2022-10-03T12:29:09.849+0000] {logging_mixin.py:117} INFO - [2022-10-03T12:29:09.849+0000] {dag.py:3328} INFO - Setting next_dagrun for example_subdag_operator.section-2 to None, run_after=None
[2022-10-03T12:29:09.867+0000] {processor.py:178} INFO - Processing /home/airflow/.local/lib/python3.7/site-packages/airflow/example_dags/example_subdag_operator.py took 0.534 seconds
[2022-10-03T12:29:40.488+0000] {processor.py:156} INFO - Started process (PID=2410) to work on /home/airflow/.local/lib/python3.7/site-packages/airflow/example_dags/example_subdag_operator.py
[2022-10-03T12:29:40.492+0000] {processor.py:758} INFO - Processing file /home/airflow/.local/lib/python3.7/site-packages/airflow/example_dags/example_subdag_operator.py for tasks to queue
[2022-10-03T12:29:40.493+0000] {logging_mixin.py:117} INFO - [2022-10-03T12:29:40.493+0000] {dagbag.py:525} INFO - Filling up the DagBag from /home/airflow/.local/lib/python3.7/site-packages/airflow/example_dags/example_subdag_operator.py
[2022-10-03T12:29:40.620+0000] {processor.py:768} INFO - DAG(s) dict_keys(['example_subdag_operator.section-1', 'example_subdag_operator.section-2', 'example_subdag_operator']) retrieved from /home/airflow/.local/lib/python3.7/site-packages/airflow/example_dags/example_subdag_operator.py
[2022-10-03T12:29:40.929+0000] {logging_mixin.py:117} INFO - [2022-10-03T12:29:40.929+0000] {dag.py:2573} INFO - Sync 3 DAGs
[2022-10-03T12:29:40.971+0000] {logging_mixin.py:117} INFO - [2022-10-03T12:29:40.971+0000] {dag.py:3328} INFO - Setting next_dagrun for example_subdag_operator to 2022-01-01T00:00:00+00:00, run_after=2022-01-01T00:00:00+00:00
[2022-10-03T12:29:40.976+0000] {logging_mixin.py:117} INFO - [2022-10-03T12:29:40.976+0000] {dag.py:3328} INFO - Setting next_dagrun for example_subdag_operator.section-1 to None, run_after=None
[2022-10-03T12:29:40.978+0000] {logging_mixin.py:117} INFO - [2022-10-03T12:29:40.978+0000] {dag.py:3328} INFO - Setting next_dagrun for example_subdag_operator.section-2 to None, run_after=None
[2022-10-03T12:29:40.988+0000] {logging_mixin.py:117} INFO - [2022-10-03T12:29:40.987+0000] {dag.py:2573} INFO - Sync 2 DAGs
[2022-10-03T12:29:40.996+0000] {logging_mixin.py:117} INFO - [2022-10-03T12:29:40.996+0000] {dag.py:3328} INFO - Setting next_dagrun for example_subdag_operator.section-1 to None, run_after=None
[2022-10-03T12:29:40.996+0000] {logging_mixin.py:117} INFO - [2022-10-03T12:29:40.996+0000] {dag.py:3328} INFO - Setting next_dagrun for example_subdag_operator.section-2 to None, run_after=None
[2022-10-03T12:29:41.015+0000] {processor.py:178} INFO - Processing /home/airflow/.local/lib/python3.7/site-packages/airflow/example_dags/example_subdag_operator.py took 0.532 seconds
[2022-10-03T12:30:11.354+0000] {processor.py:156} INFO - Started process (PID=2622) to work on /home/airflow/.local/lib/python3.7/site-packages/airflow/example_dags/example_subdag_operator.py
[2022-10-03T12:30:11.355+0000] {processor.py:758} INFO - Processing file /home/airflow/.local/lib/python3.7/site-packages/airflow/example_dags/example_subdag_operator.py for tasks to queue
[2022-10-03T12:30:11.356+0000] {logging_mixin.py:117} INFO - [2022-10-03T12:30:11.356+0000] {dagbag.py:525} INFO - Filling up the DagBag from /home/airflow/.local/lib/python3.7/site-packages/airflow/example_dags/example_subdag_operator.py
[2022-10-03T12:30:11.396+0000] {processor.py:768} INFO - DAG(s) dict_keys(['example_subdag_operator.section-1', 'example_subdag_operator.section-2', 'example_subdag_operator']) retrieved from /home/airflow/.local/lib/python3.7/site-packages/airflow/example_dags/example_subdag_operator.py
[2022-10-03T12:30:11.716+0000] {logging_mixin.py:117} INFO - [2022-10-03T12:30:11.716+0000] {dag.py:2573} INFO - Sync 3 DAGs
[2022-10-03T12:30:11.744+0000] {logging_mixin.py:117} INFO - [2022-10-03T12:30:11.743+0000] {dag.py:3328} INFO - Setting next_dagrun for example_subdag_operator to 2022-01-01T00:00:00+00:00, run_after=2022-01-01T00:00:00+00:00
[2022-10-03T12:30:11.747+0000] {logging_mixin.py:117} INFO - [2022-10-03T12:30:11.747+0000] {dag.py:3328} INFO - Setting next_dagrun for example_subdag_operator.section-1 to None, run_after=None
[2022-10-03T12:30:11.749+0000] {logging_mixin.py:117} INFO - [2022-10-03T12:30:11.749+0000] {dag.py:3328} INFO - Setting next_dagrun for example_subdag_operator.section-2 to None, run_after=None
[2022-10-03T12:30:11.757+0000] {logging_mixin.py:117} INFO - [2022-10-03T12:30:11.757+0000] {dag.py:2573} INFO - Sync 2 DAGs
[2022-10-03T12:30:11.764+0000] {logging_mixin.py:117} INFO - [2022-10-03T12:30:11.764+0000] {dag.py:3328} INFO - Setting next_dagrun for example_subdag_operator.section-1 to None, run_after=None
[2022-10-03T12:30:11.764+0000] {logging_mixin.py:117} INFO - [2022-10-03T12:30:11.764+0000] {dag.py:3328} INFO - Setting next_dagrun for example_subdag_operator.section-2 to None, run_after=None
[2022-10-03T12:30:11.780+0000] {processor.py:178} INFO - Processing /home/airflow/.local/lib/python3.7/site-packages/airflow/example_dags/example_subdag_operator.py took 0.429 seconds
[2022-10-03T12:30:42.303+0000] {processor.py:156} INFO - Started process (PID=2833) to work on /home/airflow/.local/lib/python3.7/site-packages/airflow/example_dags/example_subdag_operator.py
[2022-10-03T12:30:42.305+0000] {processor.py:758} INFO - Processing file /home/airflow/.local/lib/python3.7/site-packages/airflow/example_dags/example_subdag_operator.py for tasks to queue
[2022-10-03T12:30:42.306+0000] {logging_mixin.py:117} INFO - [2022-10-03T12:30:42.306+0000] {dagbag.py:525} INFO - Filling up the DagBag from /home/airflow/.local/lib/python3.7/site-packages/airflow/example_dags/example_subdag_operator.py
[2022-10-03T12:30:42.379+0000] {processor.py:768} INFO - DAG(s) dict_keys(['example_subdag_operator.section-1', 'example_subdag_operator.section-2', 'example_subdag_operator']) retrieved from /home/airflow/.local/lib/python3.7/site-packages/airflow/example_dags/example_subdag_operator.py
[2022-10-03T12:30:42.841+0000] {logging_mixin.py:117} INFO - [2022-10-03T12:30:42.840+0000] {dag.py:2573} INFO - Sync 3 DAGs
[2022-10-03T12:30:42.901+0000] {logging_mixin.py:117} INFO - [2022-10-03T12:30:42.900+0000] {dag.py:3328} INFO - Setting next_dagrun for example_subdag_operator to 2022-01-01T00:00:00+00:00, run_after=2022-01-01T00:00:00+00:00
[2022-10-03T12:30:42.909+0000] {logging_mixin.py:117} INFO - [2022-10-03T12:30:42.908+0000] {dag.py:3328} INFO - Setting next_dagrun for example_subdag_operator.section-1 to None, run_after=None
[2022-10-03T12:30:42.912+0000] {logging_mixin.py:117} INFO - [2022-10-03T12:30:42.912+0000] {dag.py:3328} INFO - Setting next_dagrun for example_subdag_operator.section-2 to None, run_after=None
[2022-10-03T12:30:42.934+0000] {logging_mixin.py:117} INFO - [2022-10-03T12:30:42.934+0000] {dag.py:2573} INFO - Sync 2 DAGs
[2022-10-03T12:30:42.951+0000] {logging_mixin.py:117} INFO - [2022-10-03T12:30:42.951+0000] {dag.py:3328} INFO - Setting next_dagrun for example_subdag_operator.section-1 to None, run_after=None
[2022-10-03T12:30:42.952+0000] {logging_mixin.py:117} INFO - [2022-10-03T12:30:42.951+0000] {dag.py:3328} INFO - Setting next_dagrun for example_subdag_operator.section-2 to None, run_after=None
[2022-10-03T12:30:42.981+0000] {processor.py:178} INFO - Processing /home/airflow/.local/lib/python3.7/site-packages/airflow/example_dags/example_subdag_operator.py took 0.685 seconds
[2022-10-03T12:31:13.402+0000] {processor.py:156} INFO - Started process (PID=3037) to work on /home/airflow/.local/lib/python3.7/site-packages/airflow/example_dags/example_subdag_operator.py
[2022-10-03T12:31:13.404+0000] {processor.py:758} INFO - Processing file /home/airflow/.local/lib/python3.7/site-packages/airflow/example_dags/example_subdag_operator.py for tasks to queue
[2022-10-03T12:31:13.405+0000] {logging_mixin.py:117} INFO - [2022-10-03T12:31:13.404+0000] {dagbag.py:525} INFO - Filling up the DagBag from /home/airflow/.local/lib/python3.7/site-packages/airflow/example_dags/example_subdag_operator.py
[2022-10-03T12:31:13.445+0000] {processor.py:768} INFO - DAG(s) dict_keys(['example_subdag_operator.section-1', 'example_subdag_operator.section-2', 'example_subdag_operator']) retrieved from /home/airflow/.local/lib/python3.7/site-packages/airflow/example_dags/example_subdag_operator.py
[2022-10-03T12:31:13.666+0000] {logging_mixin.py:117} INFO - [2022-10-03T12:31:13.666+0000] {dag.py:2573} INFO - Sync 3 DAGs
[2022-10-03T12:31:13.698+0000] {logging_mixin.py:117} INFO - [2022-10-03T12:31:13.698+0000] {dag.py:3328} INFO - Setting next_dagrun for example_subdag_operator to 2022-01-01T00:00:00+00:00, run_after=2022-01-01T00:00:00+00:00
[2022-10-03T12:31:13.704+0000] {logging_mixin.py:117} INFO - [2022-10-03T12:31:13.703+0000] {dag.py:3328} INFO - Setting next_dagrun for example_subdag_operator.section-1 to None, run_after=None
[2022-10-03T12:31:13.705+0000] {logging_mixin.py:117} INFO - [2022-10-03T12:31:13.705+0000] {dag.py:3328} INFO - Setting next_dagrun for example_subdag_operator.section-2 to None, run_after=None
[2022-10-03T12:31:13.714+0000] {logging_mixin.py:117} INFO - [2022-10-03T12:31:13.714+0000] {dag.py:2573} INFO - Sync 2 DAGs
[2022-10-03T12:31:13.722+0000] {logging_mixin.py:117} INFO - [2022-10-03T12:31:13.722+0000] {dag.py:3328} INFO - Setting next_dagrun for example_subdag_operator.section-1 to None, run_after=None
[2022-10-03T12:31:13.723+0000] {logging_mixin.py:117} INFO - [2022-10-03T12:31:13.723+0000] {dag.py:3328} INFO - Setting next_dagrun for example_subdag_operator.section-2 to None, run_after=None
[2022-10-03T12:31:13.742+0000] {processor.py:178} INFO - Processing /home/airflow/.local/lib/python3.7/site-packages/airflow/example_dags/example_subdag_operator.py took 0.344 seconds
[2022-10-03T12:31:43.769+0000] {processor.py:156} INFO - Started process (PID=3235) to work on /home/airflow/.local/lib/python3.7/site-packages/airflow/example_dags/example_subdag_operator.py
[2022-10-03T12:31:43.769+0000] {processor.py:758} INFO - Processing file /home/airflow/.local/lib/python3.7/site-packages/airflow/example_dags/example_subdag_operator.py for tasks to queue
[2022-10-03T12:31:43.770+0000] {logging_mixin.py:117} INFO - [2022-10-03T12:31:43.770+0000] {dagbag.py:525} INFO - Filling up the DagBag from /home/airflow/.local/lib/python3.7/site-packages/airflow/example_dags/example_subdag_operator.py
[2022-10-03T12:31:43.808+0000] {processor.py:768} INFO - DAG(s) dict_keys(['example_subdag_operator.section-1', 'example_subdag_operator.section-2', 'example_subdag_operator']) retrieved from /home/airflow/.local/lib/python3.7/site-packages/airflow/example_dags/example_subdag_operator.py
[2022-10-03T12:31:44.035+0000] {logging_mixin.py:117} INFO - [2022-10-03T12:31:44.034+0000] {dag.py:2573} INFO - Sync 3 DAGs
[2022-10-03T12:31:44.065+0000] {logging_mixin.py:117} INFO - [2022-10-03T12:31:44.064+0000] {dag.py:3328} INFO - Setting next_dagrun for example_subdag_operator to 2022-01-01T00:00:00+00:00, run_after=2022-01-01T00:00:00+00:00
[2022-10-03T12:31:44.069+0000] {logging_mixin.py:117} INFO - [2022-10-03T12:31:44.069+0000] {dag.py:3328} INFO - Setting next_dagrun for example_subdag_operator.section-1 to None, run_after=None
[2022-10-03T12:31:44.070+0000] {logging_mixin.py:117} INFO - [2022-10-03T12:31:44.070+0000] {dag.py:3328} INFO - Setting next_dagrun for example_subdag_operator.section-2 to None, run_after=None
[2022-10-03T12:31:44.080+0000] {logging_mixin.py:117} INFO - [2022-10-03T12:31:44.079+0000] {dag.py:2573} INFO - Sync 2 DAGs
[2022-10-03T12:31:44.087+0000] {logging_mixin.py:117} INFO - [2022-10-03T12:31:44.087+0000] {dag.py:3328} INFO - Setting next_dagrun for example_subdag_operator.section-1 to None, run_after=None
[2022-10-03T12:31:44.087+0000] {logging_mixin.py:117} INFO - [2022-10-03T12:31:44.087+0000] {dag.py:3328} INFO - Setting next_dagrun for example_subdag_operator.section-2 to None, run_after=None
[2022-10-03T12:31:44.103+0000] {processor.py:178} INFO - Processing /home/airflow/.local/lib/python3.7/site-packages/airflow/example_dags/example_subdag_operator.py took 0.338 seconds
[2022-10-03T12:32:14.398+0000] {processor.py:156} INFO - Started process (PID=3445) to work on /home/airflow/.local/lib/python3.7/site-packages/airflow/example_dags/example_subdag_operator.py
[2022-10-03T12:32:14.399+0000] {processor.py:758} INFO - Processing file /home/airflow/.local/lib/python3.7/site-packages/airflow/example_dags/example_subdag_operator.py for tasks to queue
[2022-10-03T12:32:14.400+0000] {logging_mixin.py:117} INFO - [2022-10-03T12:32:14.400+0000] {dagbag.py:525} INFO - Filling up the DagBag from /home/airflow/.local/lib/python3.7/site-packages/airflow/example_dags/example_subdag_operator.py
[2022-10-03T12:32:14.439+0000] {processor.py:768} INFO - DAG(s) dict_keys(['example_subdag_operator.section-1', 'example_subdag_operator.section-2', 'example_subdag_operator']) retrieved from /home/airflow/.local/lib/python3.7/site-packages/airflow/example_dags/example_subdag_operator.py
[2022-10-03T12:32:14.648+0000] {logging_mixin.py:117} INFO - [2022-10-03T12:32:14.648+0000] {dag.py:2573} INFO - Sync 3 DAGs
[2022-10-03T12:32:14.675+0000] {logging_mixin.py:117} INFO - [2022-10-03T12:32:14.675+0000] {dag.py:3328} INFO - Setting next_dagrun for example_subdag_operator to 2022-01-01T00:00:00+00:00, run_after=2022-01-01T00:00:00+00:00
[2022-10-03T12:32:14.678+0000] {logging_mixin.py:117} INFO - [2022-10-03T12:32:14.678+0000] {dag.py:3328} INFO - Setting next_dagrun for example_subdag_operator.section-1 to None, run_after=None
[2022-10-03T12:32:14.680+0000] {logging_mixin.py:117} INFO - [2022-10-03T12:32:14.680+0000] {dag.py:3328} INFO - Setting next_dagrun for example_subdag_operator.section-2 to None, run_after=None
[2022-10-03T12:32:14.690+0000] {logging_mixin.py:117} INFO - [2022-10-03T12:32:14.690+0000] {dag.py:2573} INFO - Sync 2 DAGs
[2022-10-03T12:32:14.697+0000] {logging_mixin.py:117} INFO - [2022-10-03T12:32:14.697+0000] {dag.py:3328} INFO - Setting next_dagrun for example_subdag_operator.section-1 to None, run_after=None
[2022-10-03T12:32:14.697+0000] {logging_mixin.py:117} INFO - [2022-10-03T12:32:14.697+0000] {dag.py:3328} INFO - Setting next_dagrun for example_subdag_operator.section-2 to None, run_after=None
[2022-10-03T12:32:14.714+0000] {processor.py:178} INFO - Processing /home/airflow/.local/lib/python3.7/site-packages/airflow/example_dags/example_subdag_operator.py took 0.319 seconds
[2022-10-03T12:32:45.077+0000] {processor.py:156} INFO - Started process (PID=3649) to work on /home/airflow/.local/lib/python3.7/site-packages/airflow/example_dags/example_subdag_operator.py
[2022-10-03T12:32:45.079+0000] {processor.py:758} INFO - Processing file /home/airflow/.local/lib/python3.7/site-packages/airflow/example_dags/example_subdag_operator.py for tasks to queue
[2022-10-03T12:32:45.081+0000] {logging_mixin.py:117} INFO - [2022-10-03T12:32:45.080+0000] {dagbag.py:525} INFO - Filling up the DagBag from /home/airflow/.local/lib/python3.7/site-packages/airflow/example_dags/example_subdag_operator.py
[2022-10-03T12:32:45.164+0000] {processor.py:768} INFO - DAG(s) dict_keys(['example_subdag_operator.section-1', 'example_subdag_operator.section-2', 'example_subdag_operator']) retrieved from /home/airflow/.local/lib/python3.7/site-packages/airflow/example_dags/example_subdag_operator.py
[2022-10-03T12:32:45.738+0000] {logging_mixin.py:117} INFO - [2022-10-03T12:32:45.738+0000] {dag.py:2573} INFO - Sync 3 DAGs
[2022-10-03T12:32:45.806+0000] {logging_mixin.py:117} INFO - [2022-10-03T12:32:45.806+0000] {dag.py:3328} INFO - Setting next_dagrun for example_subdag_operator to 2022-01-01T00:00:00+00:00, run_after=2022-01-01T00:00:00+00:00
[2022-10-03T12:32:45.816+0000] {logging_mixin.py:117} INFO - [2022-10-03T12:32:45.816+0000] {dag.py:3328} INFO - Setting next_dagrun for example_subdag_operator.section-1 to None, run_after=None
[2022-10-03T12:32:45.819+0000] {logging_mixin.py:117} INFO - [2022-10-03T12:32:45.819+0000] {dag.py:3328} INFO - Setting next_dagrun for example_subdag_operator.section-2 to None, run_after=None
[2022-10-03T12:32:45.838+0000] {logging_mixin.py:117} INFO - [2022-10-03T12:32:45.837+0000] {dag.py:2573} INFO - Sync 2 DAGs
[2022-10-03T12:32:45.853+0000] {logging_mixin.py:117} INFO - [2022-10-03T12:32:45.853+0000] {dag.py:3328} INFO - Setting next_dagrun for example_subdag_operator.section-1 to None, run_after=None
[2022-10-03T12:32:45.854+0000] {logging_mixin.py:117} INFO - [2022-10-03T12:32:45.854+0000] {dag.py:3328} INFO - Setting next_dagrun for example_subdag_operator.section-2 to None, run_after=None
[2022-10-03T12:32:45.884+0000] {processor.py:178} INFO - Processing /home/airflow/.local/lib/python3.7/site-packages/airflow/example_dags/example_subdag_operator.py took 0.814 seconds
[2022-10-03T12:33:16.738+0000] {processor.py:156} INFO - Started process (PID=3847) to work on /home/airflow/.local/lib/python3.7/site-packages/airflow/example_dags/example_subdag_operator.py
[2022-10-03T12:33:16.740+0000] {processor.py:758} INFO - Processing file /home/airflow/.local/lib/python3.7/site-packages/airflow/example_dags/example_subdag_operator.py for tasks to queue
[2022-10-03T12:33:16.741+0000] {logging_mixin.py:117} INFO - [2022-10-03T12:33:16.741+0000] {dagbag.py:525} INFO - Filling up the DagBag from /home/airflow/.local/lib/python3.7/site-packages/airflow/example_dags/example_subdag_operator.py
[2022-10-03T12:33:16.780+0000] {processor.py:768} INFO - DAG(s) dict_keys(['example_subdag_operator.section-1', 'example_subdag_operator.section-2', 'example_subdag_operator']) retrieved from /home/airflow/.local/lib/python3.7/site-packages/airflow/example_dags/example_subdag_operator.py
[2022-10-03T12:33:17.001+0000] {logging_mixin.py:117} INFO - [2022-10-03T12:33:17.000+0000] {dag.py:2573} INFO - Sync 3 DAGs
[2022-10-03T12:33:17.034+0000] {logging_mixin.py:117} INFO - [2022-10-03T12:33:17.034+0000] {dag.py:3328} INFO - Setting next_dagrun for example_subdag_operator to 2022-01-01T00:00:00+00:00, run_after=2022-01-01T00:00:00+00:00
[2022-10-03T12:33:17.040+0000] {logging_mixin.py:117} INFO - [2022-10-03T12:33:17.039+0000] {dag.py:3328} INFO - Setting next_dagrun for example_subdag_operator.section-1 to None, run_after=None
[2022-10-03T12:33:17.042+0000] {logging_mixin.py:117} INFO - [2022-10-03T12:33:17.041+0000] {dag.py:3328} INFO - Setting next_dagrun for example_subdag_operator.section-2 to None, run_after=None
[2022-10-03T12:33:17.051+0000] {logging_mixin.py:117} INFO - [2022-10-03T12:33:17.051+0000] {dag.py:2573} INFO - Sync 2 DAGs
[2022-10-03T12:33:17.059+0000] {logging_mixin.py:117} INFO - [2022-10-03T12:33:17.059+0000] {dag.py:3328} INFO - Setting next_dagrun for example_subdag_operator.section-1 to None, run_after=None
[2022-10-03T12:33:17.060+0000] {logging_mixin.py:117} INFO - [2022-10-03T12:33:17.060+0000] {dag.py:3328} INFO - Setting next_dagrun for example_subdag_operator.section-2 to None, run_after=None
[2022-10-03T12:33:17.079+0000] {processor.py:178} INFO - Processing /home/airflow/.local/lib/python3.7/site-packages/airflow/example_dags/example_subdag_operator.py took 0.345 seconds
[2022-10-03T12:33:47.550+0000] {processor.py:156} INFO - Started process (PID=4054) to work on /home/airflow/.local/lib/python3.7/site-packages/airflow/example_dags/example_subdag_operator.py
[2022-10-03T12:33:47.552+0000] {processor.py:758} INFO - Processing file /home/airflow/.local/lib/python3.7/site-packages/airflow/example_dags/example_subdag_operator.py for tasks to queue
[2022-10-03T12:33:47.553+0000] {logging_mixin.py:117} INFO - [2022-10-03T12:33:47.553+0000] {dagbag.py:525} INFO - Filling up the DagBag from /home/airflow/.local/lib/python3.7/site-packages/airflow/example_dags/example_subdag_operator.py
[2022-10-03T12:33:47.594+0000] {processor.py:768} INFO - DAG(s) dict_keys(['example_subdag_operator.section-1', 'example_subdag_operator.section-2', 'example_subdag_operator']) retrieved from /home/airflow/.local/lib/python3.7/site-packages/airflow/example_dags/example_subdag_operator.py
[2022-10-03T12:33:47.824+0000] {logging_mixin.py:117} INFO - [2022-10-03T12:33:47.824+0000] {dag.py:2573} INFO - Sync 3 DAGs
[2022-10-03T12:33:47.857+0000] {logging_mixin.py:117} INFO - [2022-10-03T12:33:47.857+0000] {dag.py:3328} INFO - Setting next_dagrun for example_subdag_operator to 2022-01-01T00:00:00+00:00, run_after=2022-01-01T00:00:00+00:00
[2022-10-03T12:33:47.861+0000] {logging_mixin.py:117} INFO - [2022-10-03T12:33:47.861+0000] {dag.py:3328} INFO - Setting next_dagrun for example_subdag_operator.section-1 to None, run_after=None
[2022-10-03T12:33:47.863+0000] {logging_mixin.py:117} INFO - [2022-10-03T12:33:47.863+0000] {dag.py:3328} INFO - Setting next_dagrun for example_subdag_operator.section-2 to None, run_after=None
[2022-10-03T12:33:47.873+0000] {logging_mixin.py:117} INFO - [2022-10-03T12:33:47.873+0000] {dag.py:2573} INFO - Sync 2 DAGs
[2022-10-03T12:33:47.882+0000] {logging_mixin.py:117} INFO - [2022-10-03T12:33:47.882+0000] {dag.py:3328} INFO - Setting next_dagrun for example_subdag_operator.section-1 to None, run_after=None
[2022-10-03T12:33:47.882+0000] {logging_mixin.py:117} INFO - [2022-10-03T12:33:47.882+0000] {dag.py:3328} INFO - Setting next_dagrun for example_subdag_operator.section-2 to None, run_after=None
[2022-10-03T12:33:47.899+0000] {processor.py:178} INFO - Processing /home/airflow/.local/lib/python3.7/site-packages/airflow/example_dags/example_subdag_operator.py took 0.354 seconds
[2022-10-03T12:34:17.978+0000] {processor.py:156} INFO - Started process (PID=4252) to work on /home/airflow/.local/lib/python3.7/site-packages/airflow/example_dags/example_subdag_operator.py
[2022-10-03T12:34:17.978+0000] {processor.py:758} INFO - Processing file /home/airflow/.local/lib/python3.7/site-packages/airflow/example_dags/example_subdag_operator.py for tasks to queue
[2022-10-03T12:34:17.979+0000] {logging_mixin.py:117} INFO - [2022-10-03T12:34:17.979+0000] {dagbag.py:525} INFO - Filling up the DagBag from /home/airflow/.local/lib/python3.7/site-packages/airflow/example_dags/example_subdag_operator.py
[2022-10-03T12:34:18.020+0000] {processor.py:768} INFO - DAG(s) dict_keys(['example_subdag_operator.section-1', 'example_subdag_operator.section-2', 'example_subdag_operator']) retrieved from /home/airflow/.local/lib/python3.7/site-packages/airflow/example_dags/example_subdag_operator.py
[2022-10-03T12:34:18.270+0000] {logging_mixin.py:117} INFO - [2022-10-03T12:34:18.270+0000] {dag.py:2573} INFO - Sync 3 DAGs
[2022-10-03T12:34:18.310+0000] {logging_mixin.py:117} INFO - [2022-10-03T12:34:18.310+0000] {dag.py:3328} INFO - Setting next_dagrun for example_subdag_operator to 2022-01-01T00:00:00+00:00, run_after=2022-01-01T00:00:00+00:00
[2022-10-03T12:34:18.314+0000] {logging_mixin.py:117} INFO - [2022-10-03T12:34:18.314+0000] {dag.py:3328} INFO - Setting next_dagrun for example_subdag_operator.section-1 to None, run_after=None
[2022-10-03T12:34:18.316+0000] {logging_mixin.py:117} INFO - [2022-10-03T12:34:18.316+0000] {dag.py:3328} INFO - Setting next_dagrun for example_subdag_operator.section-2 to None, run_after=None
[2022-10-03T12:34:18.326+0000] {logging_mixin.py:117} INFO - [2022-10-03T12:34:18.326+0000] {dag.py:2573} INFO - Sync 2 DAGs
[2022-10-03T12:34:18.334+0000] {logging_mixin.py:117} INFO - [2022-10-03T12:34:18.334+0000] {dag.py:3328} INFO - Setting next_dagrun for example_subdag_operator.section-1 to None, run_after=None
[2022-10-03T12:34:18.335+0000] {logging_mixin.py:117} INFO - [2022-10-03T12:34:18.335+0000] {dag.py:3328} INFO - Setting next_dagrun for example_subdag_operator.section-2 to None, run_after=None
[2022-10-03T12:34:18.354+0000] {processor.py:178} INFO - Processing /home/airflow/.local/lib/python3.7/site-packages/airflow/example_dags/example_subdag_operator.py took 0.380 seconds
[2022-10-03T12:34:49.346+0000] {processor.py:156} INFO - Started process (PID=4460) to work on /home/airflow/.local/lib/python3.7/site-packages/airflow/example_dags/example_subdag_operator.py
[2022-10-03T12:34:49.347+0000] {processor.py:758} INFO - Processing file /home/airflow/.local/lib/python3.7/site-packages/airflow/example_dags/example_subdag_operator.py for tasks to queue
[2022-10-03T12:34:49.348+0000] {logging_mixin.py:117} INFO - [2022-10-03T12:34:49.348+0000] {dagbag.py:525} INFO - Filling up the DagBag from /home/airflow/.local/lib/python3.7/site-packages/airflow/example_dags/example_subdag_operator.py
[2022-10-03T12:34:49.388+0000] {processor.py:768} INFO - DAG(s) dict_keys(['example_subdag_operator.section-1', 'example_subdag_operator.section-2', 'example_subdag_operator']) retrieved from /home/airflow/.local/lib/python3.7/site-packages/airflow/example_dags/example_subdag_operator.py
[2022-10-03T12:34:49.609+0000] {logging_mixin.py:117} INFO - [2022-10-03T12:34:49.609+0000] {dag.py:2573} INFO - Sync 3 DAGs
[2022-10-03T12:34:49.640+0000] {logging_mixin.py:117} INFO - [2022-10-03T12:34:49.640+0000] {dag.py:3328} INFO - Setting next_dagrun for example_subdag_operator to 2022-01-01T00:00:00+00:00, run_after=2022-01-01T00:00:00+00:00
[2022-10-03T12:34:49.646+0000] {logging_mixin.py:117} INFO - [2022-10-03T12:34:49.646+0000] {dag.py:3328} INFO - Setting next_dagrun for example_subdag_operator.section-1 to None, run_after=None
[2022-10-03T12:34:49.648+0000] {logging_mixin.py:117} INFO - [2022-10-03T12:34:49.647+0000] {dag.py:3328} INFO - Setting next_dagrun for example_subdag_operator.section-2 to None, run_after=None
[2022-10-03T12:34:49.658+0000] {logging_mixin.py:117} INFO - [2022-10-03T12:34:49.657+0000] {dag.py:2573} INFO - Sync 2 DAGs
[2022-10-03T12:34:49.666+0000] {logging_mixin.py:117} INFO - [2022-10-03T12:34:49.666+0000] {dag.py:3328} INFO - Setting next_dagrun for example_subdag_operator.section-1 to None, run_after=None
[2022-10-03T12:34:49.667+0000] {logging_mixin.py:117} INFO - [2022-10-03T12:34:49.667+0000] {dag.py:3328} INFO - Setting next_dagrun for example_subdag_operator.section-2 to None, run_after=None
[2022-10-03T12:34:49.683+0000] {processor.py:178} INFO - Processing /home/airflow/.local/lib/python3.7/site-packages/airflow/example_dags/example_subdag_operator.py took 0.341 seconds
[2022-10-03T12:35:20.614+0000] {processor.py:156} INFO - Started process (PID=4658) to work on /home/airflow/.local/lib/python3.7/site-packages/airflow/example_dags/example_subdag_operator.py
[2022-10-03T12:35:20.614+0000] {processor.py:758} INFO - Processing file /home/airflow/.local/lib/python3.7/site-packages/airflow/example_dags/example_subdag_operator.py for tasks to queue
[2022-10-03T12:35:20.615+0000] {logging_mixin.py:117} INFO - [2022-10-03T12:35:20.615+0000] {dagbag.py:525} INFO - Filling up the DagBag from /home/airflow/.local/lib/python3.7/site-packages/airflow/example_dags/example_subdag_operator.py
[2022-10-03T12:35:20.654+0000] {processor.py:768} INFO - DAG(s) dict_keys(['example_subdag_operator.section-1', 'example_subdag_operator.section-2', 'example_subdag_operator']) retrieved from /home/airflow/.local/lib/python3.7/site-packages/airflow/example_dags/example_subdag_operator.py
[2022-10-03T12:35:20.888+0000] {logging_mixin.py:117} INFO - [2022-10-03T12:35:20.887+0000] {dag.py:2573} INFO - Sync 3 DAGs
[2022-10-03T12:35:20.919+0000] {logging_mixin.py:117} INFO - [2022-10-03T12:35:20.919+0000] {dag.py:3328} INFO - Setting next_dagrun for example_subdag_operator to 2022-01-01T00:00:00+00:00, run_after=2022-01-01T00:00:00+00:00
[2022-10-03T12:35:20.924+0000] {logging_mixin.py:117} INFO - [2022-10-03T12:35:20.923+0000] {dag.py:3328} INFO - Setting next_dagrun for example_subdag_operator.section-1 to None, run_after=None
[2022-10-03T12:35:20.926+0000] {logging_mixin.py:117} INFO - [2022-10-03T12:35:20.926+0000] {dag.py:3328} INFO - Setting next_dagrun for example_subdag_operator.section-2 to None, run_after=None
[2022-10-03T12:35:20.935+0000] {logging_mixin.py:117} INFO - [2022-10-03T12:35:20.934+0000] {dag.py:2573} INFO - Sync 2 DAGs
[2022-10-03T12:35:20.943+0000] {logging_mixin.py:117} INFO - [2022-10-03T12:35:20.942+0000] {dag.py:3328} INFO - Setting next_dagrun for example_subdag_operator.section-1 to None, run_after=None
[2022-10-03T12:35:20.943+0000] {logging_mixin.py:117} INFO - [2022-10-03T12:35:20.943+0000] {dag.py:3328} INFO - Setting next_dagrun for example_subdag_operator.section-2 to None, run_after=None
[2022-10-03T12:35:20.962+0000] {processor.py:178} INFO - Processing /home/airflow/.local/lib/python3.7/site-packages/airflow/example_dags/example_subdag_operator.py took 0.352 seconds
[2022-10-03T12:35:51.115+0000] {processor.py:156} INFO - Started process (PID=4865) to work on /home/airflow/.local/lib/python3.7/site-packages/airflow/example_dags/example_subdag_operator.py
[2022-10-03T12:35:51.116+0000] {processor.py:758} INFO - Processing file /home/airflow/.local/lib/python3.7/site-packages/airflow/example_dags/example_subdag_operator.py for tasks to queue
[2022-10-03T12:35:51.117+0000] {logging_mixin.py:117} INFO - [2022-10-03T12:35:51.117+0000] {dagbag.py:525} INFO - Filling up the DagBag from /home/airflow/.local/lib/python3.7/site-packages/airflow/example_dags/example_subdag_operator.py
[2022-10-03T12:35:51.156+0000] {processor.py:768} INFO - DAG(s) dict_keys(['example_subdag_operator.section-1', 'example_subdag_operator.section-2', 'example_subdag_operator']) retrieved from /home/airflow/.local/lib/python3.7/site-packages/airflow/example_dags/example_subdag_operator.py
[2022-10-03T12:35:51.382+0000] {logging_mixin.py:117} INFO - [2022-10-03T12:35:51.381+0000] {dag.py:2573} INFO - Sync 3 DAGs
[2022-10-03T12:35:51.420+0000] {logging_mixin.py:117} INFO - [2022-10-03T12:35:51.420+0000] {dag.py:3328} INFO - Setting next_dagrun for example_subdag_operator to 2022-01-01T00:00:00+00:00, run_after=2022-01-01T00:00:00+00:00
[2022-10-03T12:35:51.424+0000] {logging_mixin.py:117} INFO - [2022-10-03T12:35:51.424+0000] {dag.py:3328} INFO - Setting next_dagrun for example_subdag_operator.section-1 to None, run_after=None
[2022-10-03T12:35:51.426+0000] {logging_mixin.py:117} INFO - [2022-10-03T12:35:51.426+0000] {dag.py:3328} INFO - Setting next_dagrun for example_subdag_operator.section-2 to None, run_after=None
[2022-10-03T12:35:51.436+0000] {logging_mixin.py:117} INFO - [2022-10-03T12:35:51.436+0000] {dag.py:2573} INFO - Sync 2 DAGs
[2022-10-03T12:35:51.444+0000] {logging_mixin.py:117} INFO - [2022-10-03T12:35:51.444+0000] {dag.py:3328} INFO - Setting next_dagrun for example_subdag_operator.section-1 to None, run_after=None
[2022-10-03T12:35:51.444+0000] {logging_mixin.py:117} INFO - [2022-10-03T12:35:51.444+0000] {dag.py:3328} INFO - Setting next_dagrun for example_subdag_operator.section-2 to None, run_after=None
[2022-10-03T12:35:51.460+0000] {processor.py:178} INFO - Processing /home/airflow/.local/lib/python3.7/site-packages/airflow/example_dags/example_subdag_operator.py took 0.350 seconds
[2022-10-03T12:36:21.906+0000] {processor.py:156} INFO - Started process (PID=5072) to work on /home/airflow/.local/lib/python3.7/site-packages/airflow/example_dags/example_subdag_operator.py
[2022-10-03T12:36:21.907+0000] {processor.py:758} INFO - Processing file /home/airflow/.local/lib/python3.7/site-packages/airflow/example_dags/example_subdag_operator.py for tasks to queue
[2022-10-03T12:36:21.909+0000] {logging_mixin.py:117} INFO - [2022-10-03T12:36:21.909+0000] {dagbag.py:525} INFO - Filling up the DagBag from /home/airflow/.local/lib/python3.7/site-packages/airflow/example_dags/example_subdag_operator.py
[2022-10-03T12:36:22.000+0000] {processor.py:768} INFO - DAG(s) dict_keys(['example_subdag_operator.section-1', 'example_subdag_operator.section-2', 'example_subdag_operator']) retrieved from /home/airflow/.local/lib/python3.7/site-packages/airflow/example_dags/example_subdag_operator.py
[2022-10-03T12:36:22.742+0000] {logging_mixin.py:117} INFO - [2022-10-03T12:36:22.741+0000] {dag.py:2573} INFO - Sync 3 DAGs
[2022-10-03T12:36:22.819+0000] {logging_mixin.py:117} INFO - [2022-10-03T12:36:22.818+0000] {dag.py:3328} INFO - Setting next_dagrun for example_subdag_operator to 2022-01-01T00:00:00+00:00, run_after=2022-01-01T00:00:00+00:00
[2022-10-03T12:36:22.830+0000] {logging_mixin.py:117} INFO - [2022-10-03T12:36:22.829+0000] {dag.py:3328} INFO - Setting next_dagrun for example_subdag_operator.section-1 to None, run_after=None
[2022-10-03T12:36:22.833+0000] {logging_mixin.py:117} INFO - [2022-10-03T12:36:22.833+0000] {dag.py:3328} INFO - Setting next_dagrun for example_subdag_operator.section-2 to None, run_after=None
[2022-10-03T12:36:22.855+0000] {logging_mixin.py:117} INFO - [2022-10-03T12:36:22.854+0000] {dag.py:2573} INFO - Sync 2 DAGs
[2022-10-03T12:36:22.870+0000] {logging_mixin.py:117} INFO - [2022-10-03T12:36:22.870+0000] {dag.py:3328} INFO - Setting next_dagrun for example_subdag_operator.section-1 to None, run_after=None
[2022-10-03T12:36:22.871+0000] {logging_mixin.py:117} INFO - [2022-10-03T12:36:22.871+0000] {dag.py:3328} INFO - Setting next_dagrun for example_subdag_operator.section-2 to None, run_after=None
[2022-10-03T12:36:22.904+0000] {processor.py:178} INFO - Processing /home/airflow/.local/lib/python3.7/site-packages/airflow/example_dags/example_subdag_operator.py took 1.005 seconds
[2022-10-03T12:36:53.228+0000] {processor.py:156} INFO - Started process (PID=5270) to work on /home/airflow/.local/lib/python3.7/site-packages/airflow/example_dags/example_subdag_operator.py
[2022-10-03T12:36:53.229+0000] {processor.py:758} INFO - Processing file /home/airflow/.local/lib/python3.7/site-packages/airflow/example_dags/example_subdag_operator.py for tasks to queue
[2022-10-03T12:36:53.230+0000] {logging_mixin.py:117} INFO - [2022-10-03T12:36:53.230+0000] {dagbag.py:525} INFO - Filling up the DagBag from /home/airflow/.local/lib/python3.7/site-packages/airflow/example_dags/example_subdag_operator.py
[2022-10-03T12:36:53.272+0000] {processor.py:768} INFO - DAG(s) dict_keys(['example_subdag_operator.section-1', 'example_subdag_operator.section-2', 'example_subdag_operator']) retrieved from /home/airflow/.local/lib/python3.7/site-packages/airflow/example_dags/example_subdag_operator.py
[2022-10-03T12:36:53.733+0000] {logging_mixin.py:117} INFO - [2022-10-03T12:36:53.732+0000] {dag.py:2573} INFO - Sync 3 DAGs
[2022-10-03T12:36:53.793+0000] {logging_mixin.py:117} INFO - [2022-10-03T12:36:53.792+0000] {dag.py:3328} INFO - Setting next_dagrun for example_subdag_operator to 2022-01-01T00:00:00+00:00, run_after=2022-01-01T00:00:00+00:00
[2022-10-03T12:36:53.804+0000] {logging_mixin.py:117} INFO - [2022-10-03T12:36:53.803+0000] {dag.py:3328} INFO - Setting next_dagrun for example_subdag_operator.section-1 to None, run_after=None
[2022-10-03T12:36:53.806+0000] {logging_mixin.py:117} INFO - [2022-10-03T12:36:53.806+0000] {dag.py:3328} INFO - Setting next_dagrun for example_subdag_operator.section-2 to None, run_after=None
[2022-10-03T12:36:53.824+0000] {logging_mixin.py:117} INFO - [2022-10-03T12:36:53.823+0000] {dag.py:2573} INFO - Sync 2 DAGs
[2022-10-03T12:36:53.838+0000] {logging_mixin.py:117} INFO - [2022-10-03T12:36:53.838+0000] {dag.py:3328} INFO - Setting next_dagrun for example_subdag_operator.section-1 to None, run_after=None
[2022-10-03T12:36:53.839+0000] {logging_mixin.py:117} INFO - [2022-10-03T12:36:53.839+0000] {dag.py:3328} INFO - Setting next_dagrun for example_subdag_operator.section-2 to None, run_after=None
[2022-10-03T12:36:53.869+0000] {processor.py:178} INFO - Processing /home/airflow/.local/lib/python3.7/site-packages/airflow/example_dags/example_subdag_operator.py took 0.645 seconds
[2022-10-03T12:37:24.461+0000] {processor.py:156} INFO - Started process (PID=5477) to work on /home/airflow/.local/lib/python3.7/site-packages/airflow/example_dags/example_subdag_operator.py
[2022-10-03T12:37:24.463+0000] {processor.py:758} INFO - Processing file /home/airflow/.local/lib/python3.7/site-packages/airflow/example_dags/example_subdag_operator.py for tasks to queue
[2022-10-03T12:37:24.464+0000] {logging_mixin.py:117} INFO - [2022-10-03T12:37:24.463+0000] {dagbag.py:525} INFO - Filling up the DagBag from /home/airflow/.local/lib/python3.7/site-packages/airflow/example_dags/example_subdag_operator.py
[2022-10-03T12:37:24.501+0000] {processor.py:768} INFO - DAG(s) dict_keys(['example_subdag_operator.section-1', 'example_subdag_operator.section-2', 'example_subdag_operator']) retrieved from /home/airflow/.local/lib/python3.7/site-packages/airflow/example_dags/example_subdag_operator.py
[2022-10-03T12:37:24.719+0000] {logging_mixin.py:117} INFO - [2022-10-03T12:37:24.719+0000] {dag.py:2573} INFO - Sync 3 DAGs
[2022-10-03T12:37:24.751+0000] {logging_mixin.py:117} INFO - [2022-10-03T12:37:24.751+0000] {dag.py:3328} INFO - Setting next_dagrun for example_subdag_operator to 2022-01-01T00:00:00+00:00, run_after=2022-01-01T00:00:00+00:00
[2022-10-03T12:37:24.756+0000] {logging_mixin.py:117} INFO - [2022-10-03T12:37:24.756+0000] {dag.py:3328} INFO - Setting next_dagrun for example_subdag_operator.section-1 to None, run_after=None
[2022-10-03T12:37:24.758+0000] {logging_mixin.py:117} INFO - [2022-10-03T12:37:24.758+0000] {dag.py:3328} INFO - Setting next_dagrun for example_subdag_operator.section-2 to None, run_after=None
[2022-10-03T12:37:24.770+0000] {logging_mixin.py:117} INFO - [2022-10-03T12:37:24.770+0000] {dag.py:2573} INFO - Sync 2 DAGs
[2022-10-03T12:37:24.779+0000] {logging_mixin.py:117} INFO - [2022-10-03T12:37:24.779+0000] {dag.py:3328} INFO - Setting next_dagrun for example_subdag_operator.section-1 to None, run_after=None
[2022-10-03T12:37:24.780+0000] {logging_mixin.py:117} INFO - [2022-10-03T12:37:24.780+0000] {dag.py:3328} INFO - Setting next_dagrun for example_subdag_operator.section-2 to None, run_after=None
[2022-10-03T12:37:24.799+0000] {processor.py:178} INFO - Processing /home/airflow/.local/lib/python3.7/site-packages/airflow/example_dags/example_subdag_operator.py took 0.342 seconds
[2022-10-03T12:37:55.484+0000] {processor.py:156} INFO - Started process (PID=5675) to work on /home/airflow/.local/lib/python3.7/site-packages/airflow/example_dags/example_subdag_operator.py
[2022-10-03T12:37:55.485+0000] {processor.py:758} INFO - Processing file /home/airflow/.local/lib/python3.7/site-packages/airflow/example_dags/example_subdag_operator.py for tasks to queue
[2022-10-03T12:37:55.487+0000] {logging_mixin.py:117} INFO - [2022-10-03T12:37:55.487+0000] {dagbag.py:525} INFO - Filling up the DagBag from /home/airflow/.local/lib/python3.7/site-packages/airflow/example_dags/example_subdag_operator.py
[2022-10-03T12:37:55.540+0000] {processor.py:768} INFO - DAG(s) dict_keys(['example_subdag_operator.section-1', 'example_subdag_operator.section-2', 'example_subdag_operator']) retrieved from /home/airflow/.local/lib/python3.7/site-packages/airflow/example_dags/example_subdag_operator.py
[2022-10-03T12:37:55.772+0000] {logging_mixin.py:117} INFO - [2022-10-03T12:37:55.772+0000] {dag.py:2573} INFO - Sync 3 DAGs
[2022-10-03T12:37:55.800+0000] {logging_mixin.py:117} INFO - [2022-10-03T12:37:55.800+0000] {dag.py:3328} INFO - Setting next_dagrun for example_subdag_operator to 2022-01-01T00:00:00+00:00, run_after=2022-01-01T00:00:00+00:00
[2022-10-03T12:37:55.806+0000] {logging_mixin.py:117} INFO - [2022-10-03T12:37:55.806+0000] {dag.py:3328} INFO - Setting next_dagrun for example_subdag_operator.section-1 to None, run_after=None
[2022-10-03T12:37:55.807+0000] {logging_mixin.py:117} INFO - [2022-10-03T12:37:55.807+0000] {dag.py:3328} INFO - Setting next_dagrun for example_subdag_operator.section-2 to None, run_after=None
[2022-10-03T12:37:55.816+0000] {logging_mixin.py:117} INFO - [2022-10-03T12:37:55.816+0000] {dag.py:2573} INFO - Sync 2 DAGs
[2022-10-03T12:37:55.824+0000] {logging_mixin.py:117} INFO - [2022-10-03T12:37:55.824+0000] {dag.py:3328} INFO - Setting next_dagrun for example_subdag_operator.section-1 to None, run_after=None
[2022-10-03T12:37:55.825+0000] {logging_mixin.py:117} INFO - [2022-10-03T12:37:55.825+0000] {dag.py:3328} INFO - Setting next_dagrun for example_subdag_operator.section-2 to None, run_after=None
[2022-10-03T12:37:55.849+0000] {processor.py:178} INFO - Processing /home/airflow/.local/lib/python3.7/site-packages/airflow/example_dags/example_subdag_operator.py took 0.372 seconds
[2022-10-03T12:38:26.705+0000] {processor.py:156} INFO - Started process (PID=5882) to work on /home/airflow/.local/lib/python3.7/site-packages/airflow/example_dags/example_subdag_operator.py
[2022-10-03T12:38:26.706+0000] {processor.py:758} INFO - Processing file /home/airflow/.local/lib/python3.7/site-packages/airflow/example_dags/example_subdag_operator.py for tasks to queue
[2022-10-03T12:38:26.706+0000] {logging_mixin.py:117} INFO - [2022-10-03T12:38:26.706+0000] {dagbag.py:525} INFO - Filling up the DagBag from /home/airflow/.local/lib/python3.7/site-packages/airflow/example_dags/example_subdag_operator.py
[2022-10-03T12:38:26.750+0000] {processor.py:768} INFO - DAG(s) dict_keys(['example_subdag_operator.section-1', 'example_subdag_operator.section-2', 'example_subdag_operator']) retrieved from /home/airflow/.local/lib/python3.7/site-packages/airflow/example_dags/example_subdag_operator.py
[2022-10-03T12:38:27.050+0000] {logging_mixin.py:117} INFO - [2022-10-03T12:38:27.050+0000] {dag.py:2573} INFO - Sync 3 DAGs
[2022-10-03T12:38:27.082+0000] {logging_mixin.py:117} INFO - [2022-10-03T12:38:27.082+0000] {dag.py:3328} INFO - Setting next_dagrun for example_subdag_operator to 2022-01-01T00:00:00+00:00, run_after=2022-01-01T00:00:00+00:00
[2022-10-03T12:38:27.088+0000] {logging_mixin.py:117} INFO - [2022-10-03T12:38:27.088+0000] {dag.py:3328} INFO - Setting next_dagrun for example_subdag_operator.section-1 to None, run_after=None
[2022-10-03T12:38:27.090+0000] {logging_mixin.py:117} INFO - [2022-10-03T12:38:27.090+0000] {dag.py:3328} INFO - Setting next_dagrun for example_subdag_operator.section-2 to None, run_after=None
[2022-10-03T12:38:27.101+0000] {logging_mixin.py:117} INFO - [2022-10-03T12:38:27.101+0000] {dag.py:2573} INFO - Sync 2 DAGs
[2022-10-03T12:38:27.108+0000] {logging_mixin.py:117} INFO - [2022-10-03T12:38:27.107+0000] {dag.py:3328} INFO - Setting next_dagrun for example_subdag_operator.section-1 to None, run_after=None
[2022-10-03T12:38:27.108+0000] {logging_mixin.py:117} INFO - [2022-10-03T12:38:27.108+0000] {dag.py:3328} INFO - Setting next_dagrun for example_subdag_operator.section-2 to None, run_after=None
[2022-10-03T12:38:27.123+0000] {processor.py:178} INFO - Processing /home/airflow/.local/lib/python3.7/site-packages/airflow/example_dags/example_subdag_operator.py took 0.423 seconds
[2022-10-03T12:38:57.403+0000] {processor.py:156} INFO - Started process (PID=6089) to work on /home/airflow/.local/lib/python3.7/site-packages/airflow/example_dags/example_subdag_operator.py
[2022-10-03T12:38:57.405+0000] {processor.py:758} INFO - Processing file /home/airflow/.local/lib/python3.7/site-packages/airflow/example_dags/example_subdag_operator.py for tasks to queue
[2022-10-03T12:38:57.407+0000] {logging_mixin.py:117} INFO - [2022-10-03T12:38:57.406+0000] {dagbag.py:525} INFO - Filling up the DagBag from /home/airflow/.local/lib/python3.7/site-packages/airflow/example_dags/example_subdag_operator.py
[2022-10-03T12:38:57.491+0000] {processor.py:768} INFO - DAG(s) dict_keys(['example_subdag_operator.section-1', 'example_subdag_operator.section-2', 'example_subdag_operator']) retrieved from /home/airflow/.local/lib/python3.7/site-packages/airflow/example_dags/example_subdag_operator.py
[2022-10-03T12:38:57.976+0000] {logging_mixin.py:117} INFO - [2022-10-03T12:38:57.976+0000] {dag.py:2573} INFO - Sync 3 DAGs
[2022-10-03T12:38:58.038+0000] {logging_mixin.py:117} INFO - [2022-10-03T12:38:58.038+0000] {dag.py:3328} INFO - Setting next_dagrun for example_subdag_operator to 2022-01-01T00:00:00+00:00, run_after=2022-01-01T00:00:00+00:00
[2022-10-03T12:38:58.048+0000] {logging_mixin.py:117} INFO - [2022-10-03T12:38:58.048+0000] {dag.py:3328} INFO - Setting next_dagrun for example_subdag_operator.section-1 to None, run_after=None
[2022-10-03T12:38:58.051+0000] {logging_mixin.py:117} INFO - [2022-10-03T12:38:58.051+0000] {dag.py:3328} INFO - Setting next_dagrun for example_subdag_operator.section-2 to None, run_after=None
[2022-10-03T12:38:58.069+0000] {logging_mixin.py:117} INFO - [2022-10-03T12:38:58.069+0000] {dag.py:2573} INFO - Sync 2 DAGs
[2022-10-03T12:38:58.083+0000] {logging_mixin.py:117} INFO - [2022-10-03T12:38:58.083+0000] {dag.py:3328} INFO - Setting next_dagrun for example_subdag_operator.section-1 to None, run_after=None
[2022-10-03T12:38:58.084+0000] {logging_mixin.py:117} INFO - [2022-10-03T12:38:58.084+0000] {dag.py:3328} INFO - Setting next_dagrun for example_subdag_operator.section-2 to None, run_after=None
[2022-10-03T12:38:58.113+0000] {processor.py:178} INFO - Processing /home/airflow/.local/lib/python3.7/site-packages/airflow/example_dags/example_subdag_operator.py took 0.719 seconds
[2022-10-03T12:39:28.342+0000] {processor.py:156} INFO - Started process (PID=6287) to work on /home/airflow/.local/lib/python3.7/site-packages/airflow/example_dags/example_subdag_operator.py
[2022-10-03T12:39:28.343+0000] {processor.py:758} INFO - Processing file /home/airflow/.local/lib/python3.7/site-packages/airflow/example_dags/example_subdag_operator.py for tasks to queue
[2022-10-03T12:39:28.345+0000] {logging_mixin.py:117} INFO - [2022-10-03T12:39:28.344+0000] {dagbag.py:525} INFO - Filling up the DagBag from /home/airflow/.local/lib/python3.7/site-packages/airflow/example_dags/example_subdag_operator.py
[2022-10-03T12:39:28.422+0000] {processor.py:768} INFO - DAG(s) dict_keys(['example_subdag_operator.section-1', 'example_subdag_operator.section-2', 'example_subdag_operator']) retrieved from /home/airflow/.local/lib/python3.7/site-packages/airflow/example_dags/example_subdag_operator.py
[2022-10-03T12:39:28.945+0000] {logging_mixin.py:117} INFO - [2022-10-03T12:39:28.945+0000] {dag.py:2573} INFO - Sync 3 DAGs
[2022-10-03T12:39:29.006+0000] {logging_mixin.py:117} INFO - [2022-10-03T12:39:29.006+0000] {dag.py:3328} INFO - Setting next_dagrun for example_subdag_operator to 2022-01-01T00:00:00+00:00, run_after=2022-01-01T00:00:00+00:00
[2022-10-03T12:39:29.015+0000] {logging_mixin.py:117} INFO - [2022-10-03T12:39:29.015+0000] {dag.py:3328} INFO - Setting next_dagrun for example_subdag_operator.section-1 to None, run_after=None
[2022-10-03T12:39:29.018+0000] {logging_mixin.py:117} INFO - [2022-10-03T12:39:29.018+0000] {dag.py:3328} INFO - Setting next_dagrun for example_subdag_operator.section-2 to None, run_after=None
[2022-10-03T12:39:29.035+0000] {logging_mixin.py:117} INFO - [2022-10-03T12:39:29.034+0000] {dag.py:2573} INFO - Sync 2 DAGs
[2022-10-03T12:39:29.048+0000] {logging_mixin.py:117} INFO - [2022-10-03T12:39:29.048+0000] {dag.py:3328} INFO - Setting next_dagrun for example_subdag_operator.section-1 to None, run_after=None
[2022-10-03T12:39:29.049+0000] {logging_mixin.py:117} INFO - [2022-10-03T12:39:29.049+0000] {dag.py:3328} INFO - Setting next_dagrun for example_subdag_operator.section-2 to None, run_after=None
[2022-10-03T12:39:29.077+0000] {processor.py:178} INFO - Processing /home/airflow/.local/lib/python3.7/site-packages/airflow/example_dags/example_subdag_operator.py took 0.742 seconds
[2022-10-03T12:39:59.749+0000] {processor.py:156} INFO - Started process (PID=6494) to work on /home/airflow/.local/lib/python3.7/site-packages/airflow/example_dags/example_subdag_operator.py
[2022-10-03T12:39:59.750+0000] {processor.py:758} INFO - Processing file /home/airflow/.local/lib/python3.7/site-packages/airflow/example_dags/example_subdag_operator.py for tasks to queue
[2022-10-03T12:39:59.751+0000] {logging_mixin.py:117} INFO - [2022-10-03T12:39:59.751+0000] {dagbag.py:525} INFO - Filling up the DagBag from /home/airflow/.local/lib/python3.7/site-packages/airflow/example_dags/example_subdag_operator.py
[2022-10-03T12:39:59.790+0000] {processor.py:768} INFO - DAG(s) dict_keys(['example_subdag_operator.section-1', 'example_subdag_operator.section-2', 'example_subdag_operator']) retrieved from /home/airflow/.local/lib/python3.7/site-packages/airflow/example_dags/example_subdag_operator.py
[2022-10-03T12:40:00.022+0000] {logging_mixin.py:117} INFO - [2022-10-03T12:40:00.022+0000] {dag.py:2573} INFO - Sync 3 DAGs
[2022-10-03T12:40:00.052+0000] {logging_mixin.py:117} INFO - [2022-10-03T12:40:00.051+0000] {dag.py:3328} INFO - Setting next_dagrun for example_subdag_operator to 2022-01-01T00:00:00+00:00, run_after=2022-01-01T00:00:00+00:00
[2022-10-03T12:40:00.056+0000] {logging_mixin.py:117} INFO - [2022-10-03T12:40:00.055+0000] {dag.py:3328} INFO - Setting next_dagrun for example_subdag_operator.section-1 to None, run_after=None
[2022-10-03T12:40:00.058+0000] {logging_mixin.py:117} INFO - [2022-10-03T12:40:00.058+0000] {dag.py:3328} INFO - Setting next_dagrun for example_subdag_operator.section-2 to None, run_after=None
[2022-10-03T12:40:00.067+0000] {logging_mixin.py:117} INFO - [2022-10-03T12:40:00.067+0000] {dag.py:2573} INFO - Sync 2 DAGs
[2022-10-03T12:40:00.076+0000] {logging_mixin.py:117} INFO - [2022-10-03T12:40:00.075+0000] {dag.py:3328} INFO - Setting next_dagrun for example_subdag_operator.section-1 to None, run_after=None
[2022-10-03T12:40:00.076+0000] {logging_mixin.py:117} INFO - [2022-10-03T12:40:00.076+0000] {dag.py:3328} INFO - Setting next_dagrun for example_subdag_operator.section-2 to None, run_after=None
[2022-10-03T12:40:00.093+0000] {processor.py:178} INFO - Processing /home/airflow/.local/lib/python3.7/site-packages/airflow/example_dags/example_subdag_operator.py took 0.348 seconds
[2022-10-03T12:40:30.577+0000] {processor.py:156} INFO - Started process (PID=6692) to work on /home/airflow/.local/lib/python3.7/site-packages/airflow/example_dags/example_subdag_operator.py
[2022-10-03T12:40:30.579+0000] {processor.py:758} INFO - Processing file /home/airflow/.local/lib/python3.7/site-packages/airflow/example_dags/example_subdag_operator.py for tasks to queue
[2022-10-03T12:40:30.580+0000] {logging_mixin.py:117} INFO - [2022-10-03T12:40:30.579+0000] {dagbag.py:525} INFO - Filling up the DagBag from /home/airflow/.local/lib/python3.7/site-packages/airflow/example_dags/example_subdag_operator.py
[2022-10-03T12:40:30.664+0000] {processor.py:768} INFO - DAG(s) dict_keys(['example_subdag_operator.section-1', 'example_subdag_operator.section-2', 'example_subdag_operator']) retrieved from /home/airflow/.local/lib/python3.7/site-packages/airflow/example_dags/example_subdag_operator.py
[2022-10-03T12:40:30.962+0000] {logging_mixin.py:117} INFO - [2022-10-03T12:40:30.962+0000] {dag.py:2573} INFO - Sync 3 DAGs
[2022-10-03T12:40:31.003+0000] {logging_mixin.py:117} INFO - [2022-10-03T12:40:31.003+0000] {dag.py:3328} INFO - Setting next_dagrun for example_subdag_operator to 2022-01-01T00:00:00+00:00, run_after=2022-01-01T00:00:00+00:00
[2022-10-03T12:40:31.008+0000] {logging_mixin.py:117} INFO - [2022-10-03T12:40:31.008+0000] {dag.py:3328} INFO - Setting next_dagrun for example_subdag_operator.section-1 to None, run_after=None
[2022-10-03T12:40:31.010+0000] {logging_mixin.py:117} INFO - [2022-10-03T12:40:31.010+0000] {dag.py:3328} INFO - Setting next_dagrun for example_subdag_operator.section-2 to None, run_after=None
[2022-10-03T12:40:31.020+0000] {logging_mixin.py:117} INFO - [2022-10-03T12:40:31.020+0000] {dag.py:2573} INFO - Sync 2 DAGs
[2022-10-03T12:40:31.027+0000] {logging_mixin.py:117} INFO - [2022-10-03T12:40:31.027+0000] {dag.py:3328} INFO - Setting next_dagrun for example_subdag_operator.section-1 to None, run_after=None
[2022-10-03T12:40:31.027+0000] {logging_mixin.py:117} INFO - [2022-10-03T12:40:31.027+0000] {dag.py:3328} INFO - Setting next_dagrun for example_subdag_operator.section-2 to None, run_after=None
[2022-10-03T12:40:31.044+0000] {processor.py:178} INFO - Processing /home/airflow/.local/lib/python3.7/site-packages/airflow/example_dags/example_subdag_operator.py took 0.472 seconds
[2022-10-03T12:41:01.336+0000] {processor.py:156} INFO - Started process (PID=6904) to work on /home/airflow/.local/lib/python3.7/site-packages/airflow/example_dags/example_subdag_operator.py
[2022-10-03T12:41:01.337+0000] {processor.py:758} INFO - Processing file /home/airflow/.local/lib/python3.7/site-packages/airflow/example_dags/example_subdag_operator.py for tasks to queue
[2022-10-03T12:41:01.337+0000] {logging_mixin.py:117} INFO - [2022-10-03T12:41:01.337+0000] {dagbag.py:525} INFO - Filling up the DagBag from /home/airflow/.local/lib/python3.7/site-packages/airflow/example_dags/example_subdag_operator.py
[2022-10-03T12:41:01.373+0000] {processor.py:768} INFO - DAG(s) dict_keys(['example_subdag_operator.section-1', 'example_subdag_operator.section-2', 'example_subdag_operator']) retrieved from /home/airflow/.local/lib/python3.7/site-packages/airflow/example_dags/example_subdag_operator.py
[2022-10-03T12:41:01.620+0000] {logging_mixin.py:117} INFO - [2022-10-03T12:41:01.620+0000] {dag.py:2573} INFO - Sync 3 DAGs
[2022-10-03T12:41:01.656+0000] {logging_mixin.py:117} INFO - [2022-10-03T12:41:01.656+0000] {dag.py:3328} INFO - Setting next_dagrun for example_subdag_operator to 2022-01-01T00:00:00+00:00, run_after=2022-01-01T00:00:00+00:00
[2022-10-03T12:41:01.663+0000] {logging_mixin.py:117} INFO - [2022-10-03T12:41:01.663+0000] {dag.py:3328} INFO - Setting next_dagrun for example_subdag_operator.section-1 to None, run_after=None
[2022-10-03T12:41:01.664+0000] {logging_mixin.py:117} INFO - [2022-10-03T12:41:01.664+0000] {dag.py:3328} INFO - Setting next_dagrun for example_subdag_operator.section-2 to None, run_after=None
[2022-10-03T12:41:01.672+0000] {logging_mixin.py:117} INFO - [2022-10-03T12:41:01.672+0000] {dag.py:2573} INFO - Sync 2 DAGs
[2022-10-03T12:41:01.679+0000] {logging_mixin.py:117} INFO - [2022-10-03T12:41:01.679+0000] {dag.py:3328} INFO - Setting next_dagrun for example_subdag_operator.section-1 to None, run_after=None
[2022-10-03T12:41:01.679+0000] {logging_mixin.py:117} INFO - [2022-10-03T12:41:01.679+0000] {dag.py:3328} INFO - Setting next_dagrun for example_subdag_operator.section-2 to None, run_after=None
[2022-10-03T12:41:01.696+0000] {processor.py:178} INFO - Processing /home/airflow/.local/lib/python3.7/site-packages/airflow/example_dags/example_subdag_operator.py took 0.363 seconds
[2022-10-03T12:41:31.843+0000] {processor.py:156} INFO - Started process (PID=7097) to work on /home/airflow/.local/lib/python3.7/site-packages/airflow/example_dags/example_subdag_operator.py
[2022-10-03T12:41:31.844+0000] {processor.py:758} INFO - Processing file /home/airflow/.local/lib/python3.7/site-packages/airflow/example_dags/example_subdag_operator.py for tasks to queue
[2022-10-03T12:41:31.845+0000] {logging_mixin.py:117} INFO - [2022-10-03T12:41:31.845+0000] {dagbag.py:525} INFO - Filling up the DagBag from /home/airflow/.local/lib/python3.7/site-packages/airflow/example_dags/example_subdag_operator.py
[2022-10-03T12:41:31.887+0000] {processor.py:768} INFO - DAG(s) dict_keys(['example_subdag_operator.section-1', 'example_subdag_operator.section-2', 'example_subdag_operator']) retrieved from /home/airflow/.local/lib/python3.7/site-packages/airflow/example_dags/example_subdag_operator.py
[2022-10-03T12:41:32.151+0000] {logging_mixin.py:117} INFO - [2022-10-03T12:41:32.151+0000] {dag.py:2573} INFO - Sync 3 DAGs
[2022-10-03T12:41:32.184+0000] {logging_mixin.py:117} INFO - [2022-10-03T12:41:32.184+0000] {dag.py:3328} INFO - Setting next_dagrun for example_subdag_operator to 2022-01-01T00:00:00+00:00, run_after=2022-01-01T00:00:00+00:00
[2022-10-03T12:41:32.188+0000] {logging_mixin.py:117} INFO - [2022-10-03T12:41:32.188+0000] {dag.py:3328} INFO - Setting next_dagrun for example_subdag_operator.section-1 to None, run_after=None
[2022-10-03T12:41:32.190+0000] {logging_mixin.py:117} INFO - [2022-10-03T12:41:32.190+0000] {dag.py:3328} INFO - Setting next_dagrun for example_subdag_operator.section-2 to None, run_after=None
[2022-10-03T12:41:32.199+0000] {logging_mixin.py:117} INFO - [2022-10-03T12:41:32.199+0000] {dag.py:2573} INFO - Sync 2 DAGs
[2022-10-03T12:41:32.207+0000] {logging_mixin.py:117} INFO - [2022-10-03T12:41:32.207+0000] {dag.py:3328} INFO - Setting next_dagrun for example_subdag_operator.section-1 to None, run_after=None
[2022-10-03T12:41:32.208+0000] {logging_mixin.py:117} INFO - [2022-10-03T12:41:32.207+0000] {dag.py:3328} INFO - Setting next_dagrun for example_subdag_operator.section-2 to None, run_after=None
[2022-10-03T12:41:32.225+0000] {processor.py:178} INFO - Processing /home/airflow/.local/lib/python3.7/site-packages/airflow/example_dags/example_subdag_operator.py took 0.386 seconds
[2022-10-03T12:42:02.550+0000] {processor.py:156} INFO - Started process (PID=7304) to work on /home/airflow/.local/lib/python3.7/site-packages/airflow/example_dags/example_subdag_operator.py
[2022-10-03T12:42:02.552+0000] {processor.py:758} INFO - Processing file /home/airflow/.local/lib/python3.7/site-packages/airflow/example_dags/example_subdag_operator.py for tasks to queue
[2022-10-03T12:42:02.553+0000] {logging_mixin.py:117} INFO - [2022-10-03T12:42:02.553+0000] {dagbag.py:525} INFO - Filling up the DagBag from /home/airflow/.local/lib/python3.7/site-packages/airflow/example_dags/example_subdag_operator.py
[2022-10-03T12:42:02.625+0000] {processor.py:768} INFO - DAG(s) dict_keys(['example_subdag_operator.section-1', 'example_subdag_operator.section-2', 'example_subdag_operator']) retrieved from /home/airflow/.local/lib/python3.7/site-packages/airflow/example_dags/example_subdag_operator.py
[2022-10-03T12:42:03.088+0000] {logging_mixin.py:117} INFO - [2022-10-03T12:42:03.088+0000] {dag.py:2573} INFO - Sync 3 DAGs
[2022-10-03T12:42:03.153+0000] {logging_mixin.py:117} INFO - [2022-10-03T12:42:03.152+0000] {dag.py:3328} INFO - Setting next_dagrun for example_subdag_operator to 2022-01-01T00:00:00+00:00, run_after=2022-01-01T00:00:00+00:00
[2022-10-03T12:42:03.161+0000] {logging_mixin.py:117} INFO - [2022-10-03T12:42:03.160+0000] {dag.py:3328} INFO - Setting next_dagrun for example_subdag_operator.section-1 to None, run_after=None
[2022-10-03T12:42:03.164+0000] {logging_mixin.py:117} INFO - [2022-10-03T12:42:03.163+0000] {dag.py:3328} INFO - Setting next_dagrun for example_subdag_operator.section-2 to None, run_after=None
[2022-10-03T12:42:03.181+0000] {logging_mixin.py:117} INFO - [2022-10-03T12:42:03.180+0000] {dag.py:2573} INFO - Sync 2 DAGs
[2022-10-03T12:42:03.194+0000] {logging_mixin.py:117} INFO - [2022-10-03T12:42:03.194+0000] {dag.py:3328} INFO - Setting next_dagrun for example_subdag_operator.section-1 to None, run_after=None
[2022-10-03T12:42:03.195+0000] {logging_mixin.py:117} INFO - [2022-10-03T12:42:03.195+0000] {dag.py:3328} INFO - Setting next_dagrun for example_subdag_operator.section-2 to None, run_after=None
[2022-10-03T12:42:03.222+0000] {processor.py:178} INFO - Processing /home/airflow/.local/lib/python3.7/site-packages/airflow/example_dags/example_subdag_operator.py took 0.679 seconds
[2022-10-03T12:42:33.338+0000] {processor.py:156} INFO - Started process (PID=7514) to work on /home/airflow/.local/lib/python3.7/site-packages/airflow/example_dags/example_subdag_operator.py
[2022-10-03T12:42:33.341+0000] {processor.py:758} INFO - Processing file /home/airflow/.local/lib/python3.7/site-packages/airflow/example_dags/example_subdag_operator.py for tasks to queue
[2022-10-03T12:42:33.342+0000] {logging_mixin.py:117} INFO - [2022-10-03T12:42:33.342+0000] {dagbag.py:525} INFO - Filling up the DagBag from /home/airflow/.local/lib/python3.7/site-packages/airflow/example_dags/example_subdag_operator.py
[2022-10-03T12:42:33.384+0000] {processor.py:768} INFO - DAG(s) dict_keys(['example_subdag_operator.section-1', 'example_subdag_operator.section-2', 'example_subdag_operator']) retrieved from /home/airflow/.local/lib/python3.7/site-packages/airflow/example_dags/example_subdag_operator.py
[2022-10-03T12:42:33.583+0000] {logging_mixin.py:117} INFO - [2022-10-03T12:42:33.583+0000] {dag.py:2573} INFO - Sync 3 DAGs
[2022-10-03T12:42:33.612+0000] {logging_mixin.py:117} INFO - [2022-10-03T12:42:33.612+0000] {dag.py:3328} INFO - Setting next_dagrun for example_subdag_operator to 2022-01-01T00:00:00+00:00, run_after=2022-01-01T00:00:00+00:00
[2022-10-03T12:42:33.615+0000] {logging_mixin.py:117} INFO - [2022-10-03T12:42:33.615+0000] {dag.py:3328} INFO - Setting next_dagrun for example_subdag_operator.section-1 to None, run_after=None
[2022-10-03T12:42:33.617+0000] {logging_mixin.py:117} INFO - [2022-10-03T12:42:33.616+0000] {dag.py:3328} INFO - Setting next_dagrun for example_subdag_operator.section-2 to None, run_after=None
[2022-10-03T12:42:33.624+0000] {logging_mixin.py:117} INFO - [2022-10-03T12:42:33.624+0000] {dag.py:2573} INFO - Sync 2 DAGs
[2022-10-03T12:42:33.630+0000] {logging_mixin.py:117} INFO - [2022-10-03T12:42:33.630+0000] {dag.py:3328} INFO - Setting next_dagrun for example_subdag_operator.section-1 to None, run_after=None
[2022-10-03T12:42:33.630+0000] {logging_mixin.py:117} INFO - [2022-10-03T12:42:33.630+0000] {dag.py:3328} INFO - Setting next_dagrun for example_subdag_operator.section-2 to None, run_after=None
[2022-10-03T12:42:33.644+0000] {processor.py:178} INFO - Processing /home/airflow/.local/lib/python3.7/site-packages/airflow/example_dags/example_subdag_operator.py took 0.312 seconds
[2022-10-03T12:43:04.154+0000] {processor.py:156} INFO - Started process (PID=7709) to work on /home/airflow/.local/lib/python3.7/site-packages/airflow/example_dags/example_subdag_operator.py
[2022-10-03T12:43:04.155+0000] {processor.py:758} INFO - Processing file /home/airflow/.local/lib/python3.7/site-packages/airflow/example_dags/example_subdag_operator.py for tasks to queue
[2022-10-03T12:43:04.156+0000] {logging_mixin.py:117} INFO - [2022-10-03T12:43:04.156+0000] {dagbag.py:525} INFO - Filling up the DagBag from /home/airflow/.local/lib/python3.7/site-packages/airflow/example_dags/example_subdag_operator.py
[2022-10-03T12:43:04.195+0000] {processor.py:768} INFO - DAG(s) dict_keys(['example_subdag_operator.section-1', 'example_subdag_operator.section-2', 'example_subdag_operator']) retrieved from /home/airflow/.local/lib/python3.7/site-packages/airflow/example_dags/example_subdag_operator.py
[2022-10-03T12:43:04.399+0000] {logging_mixin.py:117} INFO - [2022-10-03T12:43:04.398+0000] {dag.py:2573} INFO - Sync 3 DAGs
[2022-10-03T12:43:04.427+0000] {logging_mixin.py:117} INFO - [2022-10-03T12:43:04.427+0000] {dag.py:3328} INFO - Setting next_dagrun for example_subdag_operator to 2022-01-01T00:00:00+00:00, run_after=2022-01-01T00:00:00+00:00
[2022-10-03T12:43:04.432+0000] {logging_mixin.py:117} INFO - [2022-10-03T12:43:04.431+0000] {dag.py:3328} INFO - Setting next_dagrun for example_subdag_operator.section-1 to None, run_after=None
[2022-10-03T12:43:04.433+0000] {logging_mixin.py:117} INFO - [2022-10-03T12:43:04.433+0000] {dag.py:3328} INFO - Setting next_dagrun for example_subdag_operator.section-2 to None, run_after=None
[2022-10-03T12:43:04.443+0000] {logging_mixin.py:117} INFO - [2022-10-03T12:43:04.443+0000] {dag.py:2573} INFO - Sync 2 DAGs
[2022-10-03T12:43:04.451+0000] {logging_mixin.py:117} INFO - [2022-10-03T12:43:04.451+0000] {dag.py:3328} INFO - Setting next_dagrun for example_subdag_operator.section-1 to None, run_after=None
[2022-10-03T12:43:04.452+0000] {logging_mixin.py:117} INFO - [2022-10-03T12:43:04.452+0000] {dag.py:3328} INFO - Setting next_dagrun for example_subdag_operator.section-2 to None, run_after=None
[2022-10-03T12:43:04.466+0000] {processor.py:178} INFO - Processing /home/airflow/.local/lib/python3.7/site-packages/airflow/example_dags/example_subdag_operator.py took 0.316 seconds
[2022-10-03T12:43:34.700+0000] {processor.py:156} INFO - Started process (PID=7916) to work on /home/airflow/.local/lib/python3.7/site-packages/airflow/example_dags/example_subdag_operator.py
[2022-10-03T12:43:34.701+0000] {processor.py:758} INFO - Processing file /home/airflow/.local/lib/python3.7/site-packages/airflow/example_dags/example_subdag_operator.py for tasks to queue
[2022-10-03T12:43:34.701+0000] {logging_mixin.py:117} INFO - [2022-10-03T12:43:34.701+0000] {dagbag.py:525} INFO - Filling up the DagBag from /home/airflow/.local/lib/python3.7/site-packages/airflow/example_dags/example_subdag_operator.py
[2022-10-03T12:43:34.736+0000] {processor.py:768} INFO - DAG(s) dict_keys(['example_subdag_operator.section-1', 'example_subdag_operator.section-2', 'example_subdag_operator']) retrieved from /home/airflow/.local/lib/python3.7/site-packages/airflow/example_dags/example_subdag_operator.py
[2022-10-03T12:43:34.933+0000] {logging_mixin.py:117} INFO - [2022-10-03T12:43:34.933+0000] {dag.py:2573} INFO - Sync 3 DAGs
[2022-10-03T12:43:34.961+0000] {logging_mixin.py:117} INFO - [2022-10-03T12:43:34.961+0000] {dag.py:3328} INFO - Setting next_dagrun for example_subdag_operator to 2022-01-01T00:00:00+00:00, run_after=2022-01-01T00:00:00+00:00
[2022-10-03T12:43:34.965+0000] {logging_mixin.py:117} INFO - [2022-10-03T12:43:34.965+0000] {dag.py:3328} INFO - Setting next_dagrun for example_subdag_operator.section-1 to None, run_after=None
[2022-10-03T12:43:34.967+0000] {logging_mixin.py:117} INFO - [2022-10-03T12:43:34.967+0000] {dag.py:3328} INFO - Setting next_dagrun for example_subdag_operator.section-2 to None, run_after=None
[2022-10-03T12:43:34.975+0000] {logging_mixin.py:117} INFO - [2022-10-03T12:43:34.975+0000] {dag.py:2573} INFO - Sync 2 DAGs
[2022-10-03T12:43:34.983+0000] {logging_mixin.py:117} INFO - [2022-10-03T12:43:34.983+0000] {dag.py:3328} INFO - Setting next_dagrun for example_subdag_operator.section-1 to None, run_after=None
[2022-10-03T12:43:34.983+0000] {logging_mixin.py:117} INFO - [2022-10-03T12:43:34.983+0000] {dag.py:3328} INFO - Setting next_dagrun for example_subdag_operator.section-2 to None, run_after=None
[2022-10-03T12:43:35.000+0000] {processor.py:178} INFO - Processing /home/airflow/.local/lib/python3.7/site-packages/airflow/example_dags/example_subdag_operator.py took 0.303 seconds
[2022-10-03T12:44:05.205+0000] {processor.py:156} INFO - Started process (PID=8123) to work on /home/airflow/.local/lib/python3.7/site-packages/airflow/example_dags/example_subdag_operator.py
[2022-10-03T12:44:05.207+0000] {processor.py:758} INFO - Processing file /home/airflow/.local/lib/python3.7/site-packages/airflow/example_dags/example_subdag_operator.py for tasks to queue
[2022-10-03T12:44:05.209+0000] {logging_mixin.py:117} INFO - [2022-10-03T12:44:05.208+0000] {dagbag.py:525} INFO - Filling up the DagBag from /home/airflow/.local/lib/python3.7/site-packages/airflow/example_dags/example_subdag_operator.py
[2022-10-03T12:44:05.282+0000] {processor.py:768} INFO - DAG(s) dict_keys(['example_subdag_operator.section-1', 'example_subdag_operator.section-2', 'example_subdag_operator']) retrieved from /home/airflow/.local/lib/python3.7/site-packages/airflow/example_dags/example_subdag_operator.py
[2022-10-03T12:44:05.644+0000] {logging_mixin.py:117} INFO - [2022-10-03T12:44:05.644+0000] {dag.py:2573} INFO - Sync 3 DAGs
[2022-10-03T12:44:05.674+0000] {logging_mixin.py:117} INFO - [2022-10-03T12:44:05.673+0000] {dag.py:3328} INFO - Setting next_dagrun for example_subdag_operator to 2022-01-01T00:00:00+00:00, run_after=2022-01-01T00:00:00+00:00
[2022-10-03T12:44:05.678+0000] {logging_mixin.py:117} INFO - [2022-10-03T12:44:05.678+0000] {dag.py:3328} INFO - Setting next_dagrun for example_subdag_operator.section-1 to None, run_after=None
[2022-10-03T12:44:05.679+0000] {logging_mixin.py:117} INFO - [2022-10-03T12:44:05.679+0000] {dag.py:3328} INFO - Setting next_dagrun for example_subdag_operator.section-2 to None, run_after=None
[2022-10-03T12:44:05.688+0000] {logging_mixin.py:117} INFO - [2022-10-03T12:44:05.688+0000] {dag.py:2573} INFO - Sync 2 DAGs
[2022-10-03T12:44:05.696+0000] {logging_mixin.py:117} INFO - [2022-10-03T12:44:05.695+0000] {dag.py:3328} INFO - Setting next_dagrun for example_subdag_operator.section-1 to None, run_after=None
[2022-10-03T12:44:05.696+0000] {logging_mixin.py:117} INFO - [2022-10-03T12:44:05.696+0000] {dag.py:3328} INFO - Setting next_dagrun for example_subdag_operator.section-2 to None, run_after=None
[2022-10-03T12:44:05.711+0000] {processor.py:178} INFO - Processing /home/airflow/.local/lib/python3.7/site-packages/airflow/example_dags/example_subdag_operator.py took 0.512 seconds
[2022-10-03T12:44:35.833+0000] {processor.py:156} INFO - Started process (PID=8321) to work on /home/airflow/.local/lib/python3.7/site-packages/airflow/example_dags/example_subdag_operator.py
[2022-10-03T12:44:35.834+0000] {processor.py:758} INFO - Processing file /home/airflow/.local/lib/python3.7/site-packages/airflow/example_dags/example_subdag_operator.py for tasks to queue
[2022-10-03T12:44:35.835+0000] {logging_mixin.py:117} INFO - [2022-10-03T12:44:35.835+0000] {dagbag.py:525} INFO - Filling up the DagBag from /home/airflow/.local/lib/python3.7/site-packages/airflow/example_dags/example_subdag_operator.py
[2022-10-03T12:44:35.878+0000] {processor.py:768} INFO - DAG(s) dict_keys(['example_subdag_operator.section-1', 'example_subdag_operator.section-2', 'example_subdag_operator']) retrieved from /home/airflow/.local/lib/python3.7/site-packages/airflow/example_dags/example_subdag_operator.py
[2022-10-03T12:44:36.105+0000] {logging_mixin.py:117} INFO - [2022-10-03T12:44:36.105+0000] {dag.py:2573} INFO - Sync 3 DAGs
[2022-10-03T12:44:36.136+0000] {logging_mixin.py:117} INFO - [2022-10-03T12:44:36.136+0000] {dag.py:3328} INFO - Setting next_dagrun for example_subdag_operator to 2022-01-01T00:00:00+00:00, run_after=2022-01-01T00:00:00+00:00
[2022-10-03T12:44:36.142+0000] {logging_mixin.py:117} INFO - [2022-10-03T12:44:36.142+0000] {dag.py:3328} INFO - Setting next_dagrun for example_subdag_operator.section-1 to None, run_after=None
[2022-10-03T12:44:36.144+0000] {logging_mixin.py:117} INFO - [2022-10-03T12:44:36.143+0000] {dag.py:3328} INFO - Setting next_dagrun for example_subdag_operator.section-2 to None, run_after=None
[2022-10-03T12:44:36.153+0000] {logging_mixin.py:117} INFO - [2022-10-03T12:44:36.153+0000] {dag.py:2573} INFO - Sync 2 DAGs
[2022-10-03T12:44:36.162+0000] {logging_mixin.py:117} INFO - [2022-10-03T12:44:36.162+0000] {dag.py:3328} INFO - Setting next_dagrun for example_subdag_operator.section-1 to None, run_after=None
[2022-10-03T12:44:36.163+0000] {logging_mixin.py:117} INFO - [2022-10-03T12:44:36.163+0000] {dag.py:3328} INFO - Setting next_dagrun for example_subdag_operator.section-2 to None, run_after=None
[2022-10-03T12:44:36.180+0000] {processor.py:178} INFO - Processing /home/airflow/.local/lib/python3.7/site-packages/airflow/example_dags/example_subdag_operator.py took 0.351 seconds
[2022-10-03T12:45:06.253+0000] {processor.py:156} INFO - Started process (PID=8531) to work on /home/airflow/.local/lib/python3.7/site-packages/airflow/example_dags/example_subdag_operator.py
[2022-10-03T12:45:06.258+0000] {processor.py:758} INFO - Processing file /home/airflow/.local/lib/python3.7/site-packages/airflow/example_dags/example_subdag_operator.py for tasks to queue
[2022-10-03T12:45:06.258+0000] {logging_mixin.py:117} INFO - [2022-10-03T12:45:06.258+0000] {dagbag.py:525} INFO - Filling up the DagBag from /home/airflow/.local/lib/python3.7/site-packages/airflow/example_dags/example_subdag_operator.py
[2022-10-03T12:45:06.299+0000] {processor.py:768} INFO - DAG(s) dict_keys(['example_subdag_operator.section-1', 'example_subdag_operator.section-2', 'example_subdag_operator']) retrieved from /home/airflow/.local/lib/python3.7/site-packages/airflow/example_dags/example_subdag_operator.py
[2022-10-03T12:45:06.516+0000] {logging_mixin.py:117} INFO - [2022-10-03T12:45:06.516+0000] {dag.py:2573} INFO - Sync 3 DAGs
[2022-10-03T12:45:06.555+0000] {logging_mixin.py:117} INFO - [2022-10-03T12:45:06.555+0000] {dag.py:3328} INFO - Setting next_dagrun for example_subdag_operator to 2022-01-01T00:00:00+00:00, run_after=2022-01-01T00:00:00+00:00
[2022-10-03T12:45:06.562+0000] {logging_mixin.py:117} INFO - [2022-10-03T12:45:06.562+0000] {dag.py:3328} INFO - Setting next_dagrun for example_subdag_operator.section-1 to None, run_after=None
[2022-10-03T12:45:06.564+0000] {logging_mixin.py:117} INFO - [2022-10-03T12:45:06.564+0000] {dag.py:3328} INFO - Setting next_dagrun for example_subdag_operator.section-2 to None, run_after=None
[2022-10-03T12:45:06.579+0000] {logging_mixin.py:117} INFO - [2022-10-03T12:45:06.579+0000] {dag.py:2573} INFO - Sync 2 DAGs
[2022-10-03T12:45:06.590+0000] {logging_mixin.py:117} INFO - [2022-10-03T12:45:06.589+0000] {dag.py:3328} INFO - Setting next_dagrun for example_subdag_operator.section-1 to None, run_after=None
[2022-10-03T12:45:06.590+0000] {logging_mixin.py:117} INFO - [2022-10-03T12:45:06.590+0000] {dag.py:3328} INFO - Setting next_dagrun for example_subdag_operator.section-2 to None, run_after=None
[2022-10-03T12:45:06.613+0000] {processor.py:178} INFO - Processing /home/airflow/.local/lib/python3.7/site-packages/airflow/example_dags/example_subdag_operator.py took 0.364 seconds
[2022-10-03T12:45:36.999+0000] {processor.py:156} INFO - Started process (PID=8734) to work on /home/airflow/.local/lib/python3.7/site-packages/airflow/example_dags/example_subdag_operator.py
[2022-10-03T12:45:37.000+0000] {processor.py:758} INFO - Processing file /home/airflow/.local/lib/python3.7/site-packages/airflow/example_dags/example_subdag_operator.py for tasks to queue
[2022-10-03T12:45:37.001+0000] {logging_mixin.py:117} INFO - [2022-10-03T12:45:37.000+0000] {dagbag.py:525} INFO - Filling up the DagBag from /home/airflow/.local/lib/python3.7/site-packages/airflow/example_dags/example_subdag_operator.py
[2022-10-03T12:45:37.042+0000] {processor.py:768} INFO - DAG(s) dict_keys(['example_subdag_operator.section-1', 'example_subdag_operator.section-2', 'example_subdag_operator']) retrieved from /home/airflow/.local/lib/python3.7/site-packages/airflow/example_dags/example_subdag_operator.py
[2022-10-03T12:45:37.306+0000] {logging_mixin.py:117} INFO - [2022-10-03T12:45:37.306+0000] {dag.py:2573} INFO - Sync 3 DAGs
[2022-10-03T12:45:37.338+0000] {logging_mixin.py:117} INFO - [2022-10-03T12:45:37.338+0000] {dag.py:3328} INFO - Setting next_dagrun for example_subdag_operator to 2022-01-01T00:00:00+00:00, run_after=2022-01-01T00:00:00+00:00
[2022-10-03T12:45:37.343+0000] {logging_mixin.py:117} INFO - [2022-10-03T12:45:37.343+0000] {dag.py:3328} INFO - Setting next_dagrun for example_subdag_operator.section-1 to None, run_after=None
[2022-10-03T12:45:37.345+0000] {logging_mixin.py:117} INFO - [2022-10-03T12:45:37.345+0000] {dag.py:3328} INFO - Setting next_dagrun for example_subdag_operator.section-2 to None, run_after=None
[2022-10-03T12:45:37.355+0000] {logging_mixin.py:117} INFO - [2022-10-03T12:45:37.355+0000] {dag.py:2573} INFO - Sync 2 DAGs
[2022-10-03T12:45:37.365+0000] {logging_mixin.py:117} INFO - [2022-10-03T12:45:37.365+0000] {dag.py:3328} INFO - Setting next_dagrun for example_subdag_operator.section-1 to None, run_after=None
[2022-10-03T12:45:37.365+0000] {logging_mixin.py:117} INFO - [2022-10-03T12:45:37.365+0000] {dag.py:3328} INFO - Setting next_dagrun for example_subdag_operator.section-2 to None, run_after=None
[2022-10-03T12:45:37.384+0000] {processor.py:178} INFO - Processing /home/airflow/.local/lib/python3.7/site-packages/airflow/example_dags/example_subdag_operator.py took 0.389 seconds
