[2022-10-03T12:24:24.142+0000] {processor.py:156} INFO - Started process (PID=258) to work on /home/airflow/.local/lib/python3.7/site-packages/airflow/example_dags/tutorial_taskflow_api.py
[2022-10-03T12:24:24.143+0000] {processor.py:758} INFO - Processing file /home/airflow/.local/lib/python3.7/site-packages/airflow/example_dags/tutorial_taskflow_api.py for tasks to queue
[2022-10-03T12:24:24.143+0000] {logging_mixin.py:117} INFO - [2022-10-03T12:24:24.143+0000] {dagbag.py:525} INFO - Filling up the DagBag from /home/airflow/.local/lib/python3.7/site-packages/airflow/example_dags/tutorial_taskflow_api.py
[2022-10-03T12:24:24.171+0000] {processor.py:768} INFO - DAG(s) dict_keys(['tutorial_taskflow_api']) retrieved from /home/airflow/.local/lib/python3.7/site-packages/airflow/example_dags/tutorial_taskflow_api.py
[2022-10-03T12:24:24.212+0000] {logging_mixin.py:117} INFO - [2022-10-03T12:24:24.211+0000] {dag.py:2573} INFO - Sync 1 DAGs
[2022-10-03T12:24:24.245+0000] {logging_mixin.py:117} INFO - [2022-10-03T12:24:24.244+0000] {dag.py:3328} INFO - Setting next_dagrun for tutorial_taskflow_api to None, run_after=None
[2022-10-03T12:24:24.425+0000] {processor.py:178} INFO - Processing /home/airflow/.local/lib/python3.7/site-packages/airflow/example_dags/tutorial_taskflow_api.py took 0.287 seconds
[2022-10-03T12:24:55.722+0000] {processor.py:156} INFO - Started process (PID=466) to work on /home/airflow/.local/lib/python3.7/site-packages/airflow/example_dags/tutorial_taskflow_api.py
[2022-10-03T12:24:55.723+0000] {processor.py:758} INFO - Processing file /home/airflow/.local/lib/python3.7/site-packages/airflow/example_dags/tutorial_taskflow_api.py for tasks to queue
[2022-10-03T12:24:55.724+0000] {logging_mixin.py:117} INFO - [2022-10-03T12:24:55.724+0000] {dagbag.py:525} INFO - Filling up the DagBag from /home/airflow/.local/lib/python3.7/site-packages/airflow/example_dags/tutorial_taskflow_api.py
[2022-10-03T12:24:55.763+0000] {processor.py:768} INFO - DAG(s) dict_keys(['tutorial_taskflow_api']) retrieved from /home/airflow/.local/lib/python3.7/site-packages/airflow/example_dags/tutorial_taskflow_api.py
[2022-10-03T12:24:55.814+0000] {logging_mixin.py:117} INFO - [2022-10-03T12:24:55.813+0000] {dag.py:2573} INFO - Sync 1 DAGs
[2022-10-03T12:24:56.009+0000] {logging_mixin.py:117} INFO - [2022-10-03T12:24:56.009+0000] {dag.py:3328} INFO - Setting next_dagrun for tutorial_taskflow_api to None, run_after=None
[2022-10-03T12:24:56.041+0000] {processor.py:178} INFO - Processing /home/airflow/.local/lib/python3.7/site-packages/airflow/example_dags/tutorial_taskflow_api.py took 0.323 seconds
[2022-10-03T12:25:26.642+0000] {processor.py:156} INFO - Started process (PID=666) to work on /home/airflow/.local/lib/python3.7/site-packages/airflow/example_dags/tutorial_taskflow_api.py
[2022-10-03T12:25:26.644+0000] {processor.py:758} INFO - Processing file /home/airflow/.local/lib/python3.7/site-packages/airflow/example_dags/tutorial_taskflow_api.py for tasks to queue
[2022-10-03T12:25:26.646+0000] {logging_mixin.py:117} INFO - [2022-10-03T12:25:26.645+0000] {dagbag.py:525} INFO - Filling up the DagBag from /home/airflow/.local/lib/python3.7/site-packages/airflow/example_dags/tutorial_taskflow_api.py
[2022-10-03T12:25:26.711+0000] {processor.py:768} INFO - DAG(s) dict_keys(['tutorial_taskflow_api']) retrieved from /home/airflow/.local/lib/python3.7/site-packages/airflow/example_dags/tutorial_taskflow_api.py
[2022-10-03T12:25:27.026+0000] {logging_mixin.py:117} INFO - [2022-10-03T12:25:27.026+0000] {dag.py:2573} INFO - Sync 1 DAGs
[2022-10-03T12:25:27.086+0000] {logging_mixin.py:117} INFO - [2022-10-03T12:25:27.086+0000] {dag.py:3328} INFO - Setting next_dagrun for tutorial_taskflow_api to None, run_after=None
[2022-10-03T12:25:27.136+0000] {processor.py:178} INFO - Processing /home/airflow/.local/lib/python3.7/site-packages/airflow/example_dags/tutorial_taskflow_api.py took 0.505 seconds
[2022-10-03T12:25:57.929+0000] {processor.py:156} INFO - Started process (PID=871) to work on /home/airflow/.local/lib/python3.7/site-packages/airflow/example_dags/tutorial_taskflow_api.py
[2022-10-03T12:25:57.930+0000] {processor.py:758} INFO - Processing file /home/airflow/.local/lib/python3.7/site-packages/airflow/example_dags/tutorial_taskflow_api.py for tasks to queue
[2022-10-03T12:25:57.932+0000] {logging_mixin.py:117} INFO - [2022-10-03T12:25:57.932+0000] {dagbag.py:525} INFO - Filling up the DagBag from /home/airflow/.local/lib/python3.7/site-packages/airflow/example_dags/tutorial_taskflow_api.py
[2022-10-03T12:25:57.964+0000] {processor.py:768} INFO - DAG(s) dict_keys(['tutorial_taskflow_api']) retrieved from /home/airflow/.local/lib/python3.7/site-packages/airflow/example_dags/tutorial_taskflow_api.py
[2022-10-03T12:25:58.195+0000] {logging_mixin.py:117} INFO - [2022-10-03T12:25:58.195+0000] {dag.py:2573} INFO - Sync 1 DAGs
[2022-10-03T12:25:58.229+0000] {logging_mixin.py:117} INFO - [2022-10-03T12:25:58.229+0000] {dag.py:3328} INFO - Setting next_dagrun for tutorial_taskflow_api to None, run_after=None
[2022-10-03T12:25:58.258+0000] {processor.py:178} INFO - Processing /home/airflow/.local/lib/python3.7/site-packages/airflow/example_dags/tutorial_taskflow_api.py took 0.333 seconds
[2022-10-03T12:26:30.043+0000] {processor.py:156} INFO - Started process (PID=1072) to work on /home/airflow/.local/lib/python3.7/site-packages/airflow/example_dags/tutorial_taskflow_api.py
[2022-10-03T12:26:30.044+0000] {processor.py:758} INFO - Processing file /home/airflow/.local/lib/python3.7/site-packages/airflow/example_dags/tutorial_taskflow_api.py for tasks to queue
[2022-10-03T12:26:30.045+0000] {logging_mixin.py:117} INFO - [2022-10-03T12:26:30.045+0000] {dagbag.py:525} INFO - Filling up the DagBag from /home/airflow/.local/lib/python3.7/site-packages/airflow/example_dags/tutorial_taskflow_api.py
[2022-10-03T12:26:30.099+0000] {processor.py:768} INFO - DAG(s) dict_keys(['tutorial_taskflow_api']) retrieved from /home/airflow/.local/lib/python3.7/site-packages/airflow/example_dags/tutorial_taskflow_api.py
[2022-10-03T12:26:30.471+0000] {logging_mixin.py:117} INFO - [2022-10-03T12:26:30.470+0000] {dag.py:2573} INFO - Sync 1 DAGs
[2022-10-03T12:26:30.556+0000] {logging_mixin.py:117} INFO - [2022-10-03T12:26:30.556+0000] {dag.py:3328} INFO - Setting next_dagrun for tutorial_taskflow_api to None, run_after=None
[2022-10-03T12:26:30.624+0000] {processor.py:178} INFO - Processing /home/airflow/.local/lib/python3.7/site-packages/airflow/example_dags/tutorial_taskflow_api.py took 0.588 seconds
[2022-10-03T12:27:01.580+0000] {processor.py:156} INFO - Started process (PID=1290) to work on /home/airflow/.local/lib/python3.7/site-packages/airflow/example_dags/tutorial_taskflow_api.py
[2022-10-03T12:27:01.581+0000] {processor.py:758} INFO - Processing file /home/airflow/.local/lib/python3.7/site-packages/airflow/example_dags/tutorial_taskflow_api.py for tasks to queue
[2022-10-03T12:27:01.583+0000] {logging_mixin.py:117} INFO - [2022-10-03T12:27:01.582+0000] {dagbag.py:525} INFO - Filling up the DagBag from /home/airflow/.local/lib/python3.7/site-packages/airflow/example_dags/tutorial_taskflow_api.py
[2022-10-03T12:27:01.730+0000] {processor.py:768} INFO - DAG(s) dict_keys(['tutorial_taskflow_api']) retrieved from /home/airflow/.local/lib/python3.7/site-packages/airflow/example_dags/tutorial_taskflow_api.py
[2022-10-03T12:27:01.764+0000] {logging_mixin.py:117} INFO - [2022-10-03T12:27:01.764+0000] {dag.py:2573} INFO - Sync 1 DAGs
[2022-10-03T12:27:01.789+0000] {logging_mixin.py:117} INFO - [2022-10-03T12:27:01.789+0000] {dag.py:3328} INFO - Setting next_dagrun for tutorial_taskflow_api to None, run_after=None
[2022-10-03T12:27:01.819+0000] {processor.py:178} INFO - Processing /home/airflow/.local/lib/python3.7/site-packages/airflow/example_dags/tutorial_taskflow_api.py took 0.243 seconds
[2022-10-03T12:27:32.245+0000] {processor.py:156} INFO - Started process (PID=1515) to work on /home/airflow/.local/lib/python3.7/site-packages/airflow/example_dags/tutorial_taskflow_api.py
[2022-10-03T12:27:32.247+0000] {processor.py:758} INFO - Processing file /home/airflow/.local/lib/python3.7/site-packages/airflow/example_dags/tutorial_taskflow_api.py for tasks to queue
[2022-10-03T12:27:32.248+0000] {logging_mixin.py:117} INFO - [2022-10-03T12:27:32.248+0000] {dagbag.py:525} INFO - Filling up the DagBag from /home/airflow/.local/lib/python3.7/site-packages/airflow/example_dags/tutorial_taskflow_api.py
[2022-10-03T12:27:32.297+0000] {processor.py:768} INFO - DAG(s) dict_keys(['tutorial_taskflow_api']) retrieved from /home/airflow/.local/lib/python3.7/site-packages/airflow/example_dags/tutorial_taskflow_api.py
[2022-10-03T12:27:32.385+0000] {logging_mixin.py:117} INFO - [2022-10-03T12:27:32.385+0000] {dag.py:2573} INFO - Sync 1 DAGs
[2022-10-03T12:27:32.439+0000] {logging_mixin.py:117} INFO - [2022-10-03T12:27:32.439+0000] {dag.py:3328} INFO - Setting next_dagrun for tutorial_taskflow_api to None, run_after=None
[2022-10-03T12:27:32.485+0000] {processor.py:178} INFO - Processing /home/airflow/.local/lib/python3.7/site-packages/airflow/example_dags/tutorial_taskflow_api.py took 0.246 seconds
[2022-10-03T12:28:03.124+0000] {processor.py:156} INFO - Started process (PID=1722) to work on /home/airflow/.local/lib/python3.7/site-packages/airflow/example_dags/tutorial_taskflow_api.py
[2022-10-03T12:28:03.125+0000] {processor.py:758} INFO - Processing file /home/airflow/.local/lib/python3.7/site-packages/airflow/example_dags/tutorial_taskflow_api.py for tasks to queue
[2022-10-03T12:28:03.127+0000] {logging_mixin.py:117} INFO - [2022-10-03T12:28:03.126+0000] {dagbag.py:525} INFO - Filling up the DagBag from /home/airflow/.local/lib/python3.7/site-packages/airflow/example_dags/tutorial_taskflow_api.py
[2022-10-03T12:28:03.188+0000] {processor.py:768} INFO - DAG(s) dict_keys(['tutorial_taskflow_api']) retrieved from /home/airflow/.local/lib/python3.7/site-packages/airflow/example_dags/tutorial_taskflow_api.py
[2022-10-03T12:28:03.278+0000] {logging_mixin.py:117} INFO - [2022-10-03T12:28:03.278+0000] {dag.py:2573} INFO - Sync 1 DAGs
[2022-10-03T12:28:03.310+0000] {logging_mixin.py:117} INFO - [2022-10-03T12:28:03.309+0000] {dag.py:3328} INFO - Setting next_dagrun for tutorial_taskflow_api to None, run_after=None
[2022-10-03T12:28:03.339+0000] {processor.py:178} INFO - Processing /home/airflow/.local/lib/python3.7/site-packages/airflow/example_dags/tutorial_taskflow_api.py took 0.222 seconds
[2022-10-03T12:28:33.931+0000] {processor.py:156} INFO - Started process (PID=1921) to work on /home/airflow/.local/lib/python3.7/site-packages/airflow/example_dags/tutorial_taskflow_api.py
[2022-10-03T12:28:33.933+0000] {processor.py:758} INFO - Processing file /home/airflow/.local/lib/python3.7/site-packages/airflow/example_dags/tutorial_taskflow_api.py for tasks to queue
[2022-10-03T12:28:33.933+0000] {logging_mixin.py:117} INFO - [2022-10-03T12:28:33.933+0000] {dagbag.py:525} INFO - Filling up the DagBag from /home/airflow/.local/lib/python3.7/site-packages/airflow/example_dags/tutorial_taskflow_api.py
[2022-10-03T12:28:33.965+0000] {processor.py:768} INFO - DAG(s) dict_keys(['tutorial_taskflow_api']) retrieved from /home/airflow/.local/lib/python3.7/site-packages/airflow/example_dags/tutorial_taskflow_api.py
[2022-10-03T12:28:34.016+0000] {logging_mixin.py:117} INFO - [2022-10-03T12:28:34.016+0000] {dag.py:2573} INFO - Sync 1 DAGs
[2022-10-03T12:28:34.048+0000] {logging_mixin.py:117} INFO - [2022-10-03T12:28:34.048+0000] {dag.py:3328} INFO - Setting next_dagrun for tutorial_taskflow_api to None, run_after=None
[2022-10-03T12:28:34.078+0000] {processor.py:178} INFO - Processing /home/airflow/.local/lib/python3.7/site-packages/airflow/example_dags/tutorial_taskflow_api.py took 0.152 seconds
[2022-10-03T12:29:04.783+0000] {processor.py:156} INFO - Started process (PID=2128) to work on /home/airflow/.local/lib/python3.7/site-packages/airflow/example_dags/tutorial_taskflow_api.py
[2022-10-03T12:29:04.784+0000] {processor.py:758} INFO - Processing file /home/airflow/.local/lib/python3.7/site-packages/airflow/example_dags/tutorial_taskflow_api.py for tasks to queue
[2022-10-03T12:29:04.785+0000] {logging_mixin.py:117} INFO - [2022-10-03T12:29:04.784+0000] {dagbag.py:525} INFO - Filling up the DagBag from /home/airflow/.local/lib/python3.7/site-packages/airflow/example_dags/tutorial_taskflow_api.py
[2022-10-03T12:29:04.810+0000] {processor.py:768} INFO - DAG(s) dict_keys(['tutorial_taskflow_api']) retrieved from /home/airflow/.local/lib/python3.7/site-packages/airflow/example_dags/tutorial_taskflow_api.py
[2022-10-03T12:29:04.855+0000] {logging_mixin.py:117} INFO - [2022-10-03T12:29:04.855+0000] {dag.py:2573} INFO - Sync 1 DAGs
[2022-10-03T12:29:04.885+0000] {logging_mixin.py:117} INFO - [2022-10-03T12:29:04.885+0000] {dag.py:3328} INFO - Setting next_dagrun for tutorial_taskflow_api to None, run_after=None
[2022-10-03T12:29:04.911+0000] {processor.py:178} INFO - Processing /home/airflow/.local/lib/python3.7/site-packages/airflow/example_dags/tutorial_taskflow_api.py took 0.134 seconds
[2022-10-03T12:29:35.678+0000] {processor.py:156} INFO - Started process (PID=2335) to work on /home/airflow/.local/lib/python3.7/site-packages/airflow/example_dags/tutorial_taskflow_api.py
[2022-10-03T12:29:35.681+0000] {processor.py:758} INFO - Processing file /home/airflow/.local/lib/python3.7/site-packages/airflow/example_dags/tutorial_taskflow_api.py for tasks to queue
[2022-10-03T12:29:35.682+0000] {logging_mixin.py:117} INFO - [2022-10-03T12:29:35.682+0000] {dagbag.py:525} INFO - Filling up the DagBag from /home/airflow/.local/lib/python3.7/site-packages/airflow/example_dags/tutorial_taskflow_api.py
[2022-10-03T12:29:35.751+0000] {processor.py:768} INFO - DAG(s) dict_keys(['tutorial_taskflow_api']) retrieved from /home/airflow/.local/lib/python3.7/site-packages/airflow/example_dags/tutorial_taskflow_api.py
[2022-10-03T12:29:35.856+0000] {logging_mixin.py:117} INFO - [2022-10-03T12:29:35.856+0000] {dag.py:2573} INFO - Sync 1 DAGs
[2022-10-03T12:29:35.919+0000] {logging_mixin.py:117} INFO - [2022-10-03T12:29:35.919+0000] {dag.py:3328} INFO - Setting next_dagrun for tutorial_taskflow_api to None, run_after=None
[2022-10-03T12:29:35.968+0000] {processor.py:178} INFO - Processing /home/airflow/.local/lib/python3.7/site-packages/airflow/example_dags/tutorial_taskflow_api.py took 0.298 seconds
[2022-10-03T12:30:06.102+0000] {processor.py:156} INFO - Started process (PID=2533) to work on /home/airflow/.local/lib/python3.7/site-packages/airflow/example_dags/tutorial_taskflow_api.py
[2022-10-03T12:30:06.103+0000] {processor.py:758} INFO - Processing file /home/airflow/.local/lib/python3.7/site-packages/airflow/example_dags/tutorial_taskflow_api.py for tasks to queue
[2022-10-03T12:30:06.104+0000] {logging_mixin.py:117} INFO - [2022-10-03T12:30:06.104+0000] {dagbag.py:525} INFO - Filling up the DagBag from /home/airflow/.local/lib/python3.7/site-packages/airflow/example_dags/tutorial_taskflow_api.py
[2022-10-03T12:30:06.161+0000] {processor.py:768} INFO - DAG(s) dict_keys(['tutorial_taskflow_api']) retrieved from /home/airflow/.local/lib/python3.7/site-packages/airflow/example_dags/tutorial_taskflow_api.py
[2022-10-03T12:30:06.246+0000] {logging_mixin.py:117} INFO - [2022-10-03T12:30:06.246+0000] {dag.py:2573} INFO - Sync 1 DAGs
[2022-10-03T12:30:06.304+0000] {logging_mixin.py:117} INFO - [2022-10-03T12:30:06.303+0000] {dag.py:3328} INFO - Setting next_dagrun for tutorial_taskflow_api to None, run_after=None
[2022-10-03T12:30:06.350+0000] {processor.py:178} INFO - Processing /home/airflow/.local/lib/python3.7/site-packages/airflow/example_dags/tutorial_taskflow_api.py took 0.254 seconds
[2022-10-03T12:30:37.261+0000] {processor.py:156} INFO - Started process (PID=2740) to work on /home/airflow/.local/lib/python3.7/site-packages/airflow/example_dags/tutorial_taskflow_api.py
[2022-10-03T12:30:37.262+0000] {processor.py:758} INFO - Processing file /home/airflow/.local/lib/python3.7/site-packages/airflow/example_dags/tutorial_taskflow_api.py for tasks to queue
[2022-10-03T12:30:37.262+0000] {logging_mixin.py:117} INFO - [2022-10-03T12:30:37.262+0000] {dagbag.py:525} INFO - Filling up the DagBag from /home/airflow/.local/lib/python3.7/site-packages/airflow/example_dags/tutorial_taskflow_api.py
[2022-10-03T12:30:37.286+0000] {processor.py:768} INFO - DAG(s) dict_keys(['tutorial_taskflow_api']) retrieved from /home/airflow/.local/lib/python3.7/site-packages/airflow/example_dags/tutorial_taskflow_api.py
[2022-10-03T12:30:37.330+0000] {logging_mixin.py:117} INFO - [2022-10-03T12:30:37.330+0000] {dag.py:2573} INFO - Sync 1 DAGs
[2022-10-03T12:30:37.358+0000] {logging_mixin.py:117} INFO - [2022-10-03T12:30:37.358+0000] {dag.py:3328} INFO - Setting next_dagrun for tutorial_taskflow_api to None, run_after=None
[2022-10-03T12:30:37.387+0000] {processor.py:178} INFO - Processing /home/airflow/.local/lib/python3.7/site-packages/airflow/example_dags/tutorial_taskflow_api.py took 0.130 seconds
[2022-10-03T12:31:07.926+0000] {processor.py:156} INFO - Started process (PID=2938) to work on /home/airflow/.local/lib/python3.7/site-packages/airflow/example_dags/tutorial_taskflow_api.py
[2022-10-03T12:31:07.927+0000] {processor.py:758} INFO - Processing file /home/airflow/.local/lib/python3.7/site-packages/airflow/example_dags/tutorial_taskflow_api.py for tasks to queue
[2022-10-03T12:31:07.927+0000] {logging_mixin.py:117} INFO - [2022-10-03T12:31:07.927+0000] {dagbag.py:525} INFO - Filling up the DagBag from /home/airflow/.local/lib/python3.7/site-packages/airflow/example_dags/tutorial_taskflow_api.py
[2022-10-03T12:31:07.952+0000] {processor.py:768} INFO - DAG(s) dict_keys(['tutorial_taskflow_api']) retrieved from /home/airflow/.local/lib/python3.7/site-packages/airflow/example_dags/tutorial_taskflow_api.py
[2022-10-03T12:31:07.995+0000] {logging_mixin.py:117} INFO - [2022-10-03T12:31:07.995+0000] {dag.py:2573} INFO - Sync 1 DAGs
[2022-10-03T12:31:08.024+0000] {logging_mixin.py:117} INFO - [2022-10-03T12:31:08.023+0000] {dag.py:3328} INFO - Setting next_dagrun for tutorial_taskflow_api to None, run_after=None
[2022-10-03T12:31:08.048+0000] {processor.py:178} INFO - Processing /home/airflow/.local/lib/python3.7/site-packages/airflow/example_dags/tutorial_taskflow_api.py took 0.125 seconds
[2022-10-03T12:31:38.332+0000] {processor.py:156} INFO - Started process (PID=3145) to work on /home/airflow/.local/lib/python3.7/site-packages/airflow/example_dags/tutorial_taskflow_api.py
[2022-10-03T12:31:38.333+0000] {processor.py:758} INFO - Processing file /home/airflow/.local/lib/python3.7/site-packages/airflow/example_dags/tutorial_taskflow_api.py for tasks to queue
[2022-10-03T12:31:38.333+0000] {logging_mixin.py:117} INFO - [2022-10-03T12:31:38.333+0000] {dagbag.py:525} INFO - Filling up the DagBag from /home/airflow/.local/lib/python3.7/site-packages/airflow/example_dags/tutorial_taskflow_api.py
[2022-10-03T12:31:38.360+0000] {processor.py:768} INFO - DAG(s) dict_keys(['tutorial_taskflow_api']) retrieved from /home/airflow/.local/lib/python3.7/site-packages/airflow/example_dags/tutorial_taskflow_api.py
[2022-10-03T12:31:38.405+0000] {logging_mixin.py:117} INFO - [2022-10-03T12:31:38.405+0000] {dag.py:2573} INFO - Sync 1 DAGs
[2022-10-03T12:31:38.433+0000] {logging_mixin.py:117} INFO - [2022-10-03T12:31:38.433+0000] {dag.py:3328} INFO - Setting next_dagrun for tutorial_taskflow_api to None, run_after=None
[2022-10-03T12:31:38.457+0000] {processor.py:178} INFO - Processing /home/airflow/.local/lib/python3.7/site-packages/airflow/example_dags/tutorial_taskflow_api.py took 0.129 seconds
[2022-10-03T12:32:08.516+0000] {processor.py:156} INFO - Started process (PID=3343) to work on /home/airflow/.local/lib/python3.7/site-packages/airflow/example_dags/tutorial_taskflow_api.py
[2022-10-03T12:32:08.517+0000] {processor.py:758} INFO - Processing file /home/airflow/.local/lib/python3.7/site-packages/airflow/example_dags/tutorial_taskflow_api.py for tasks to queue
[2022-10-03T12:32:08.518+0000] {logging_mixin.py:117} INFO - [2022-10-03T12:32:08.518+0000] {dagbag.py:525} INFO - Filling up the DagBag from /home/airflow/.local/lib/python3.7/site-packages/airflow/example_dags/tutorial_taskflow_api.py
[2022-10-03T12:32:08.543+0000] {processor.py:768} INFO - DAG(s) dict_keys(['tutorial_taskflow_api']) retrieved from /home/airflow/.local/lib/python3.7/site-packages/airflow/example_dags/tutorial_taskflow_api.py
[2022-10-03T12:32:08.587+0000] {logging_mixin.py:117} INFO - [2022-10-03T12:32:08.587+0000] {dag.py:2573} INFO - Sync 1 DAGs
[2022-10-03T12:32:08.616+0000] {logging_mixin.py:117} INFO - [2022-10-03T12:32:08.616+0000] {dag.py:3328} INFO - Setting next_dagrun for tutorial_taskflow_api to None, run_after=None
[2022-10-03T12:32:08.643+0000] {processor.py:178} INFO - Processing /home/airflow/.local/lib/python3.7/site-packages/airflow/example_dags/tutorial_taskflow_api.py took 0.129 seconds
[2022-10-03T12:32:38.917+0000] {processor.py:156} INFO - Started process (PID=3550) to work on /home/airflow/.local/lib/python3.7/site-packages/airflow/example_dags/tutorial_taskflow_api.py
[2022-10-03T12:32:38.917+0000] {processor.py:758} INFO - Processing file /home/airflow/.local/lib/python3.7/site-packages/airflow/example_dags/tutorial_taskflow_api.py for tasks to queue
[2022-10-03T12:32:38.918+0000] {logging_mixin.py:117} INFO - [2022-10-03T12:32:38.918+0000] {dagbag.py:525} INFO - Filling up the DagBag from /home/airflow/.local/lib/python3.7/site-packages/airflow/example_dags/tutorial_taskflow_api.py
[2022-10-03T12:32:38.942+0000] {processor.py:768} INFO - DAG(s) dict_keys(['tutorial_taskflow_api']) retrieved from /home/airflow/.local/lib/python3.7/site-packages/airflow/example_dags/tutorial_taskflow_api.py
[2022-10-03T12:32:38.984+0000] {logging_mixin.py:117} INFO - [2022-10-03T12:32:38.983+0000] {dag.py:2573} INFO - Sync 1 DAGs
[2022-10-03T12:32:39.010+0000] {logging_mixin.py:117} INFO - [2022-10-03T12:32:39.009+0000] {dag.py:3328} INFO - Setting next_dagrun for tutorial_taskflow_api to None, run_after=None
[2022-10-03T12:32:39.034+0000] {processor.py:178} INFO - Processing /home/airflow/.local/lib/python3.7/site-packages/airflow/example_dags/tutorial_taskflow_api.py took 0.121 seconds
[2022-10-03T12:33:09.336+0000] {processor.py:156} INFO - Started process (PID=3755) to work on /home/airflow/.local/lib/python3.7/site-packages/airflow/example_dags/tutorial_taskflow_api.py
[2022-10-03T12:33:09.337+0000] {processor.py:758} INFO - Processing file /home/airflow/.local/lib/python3.7/site-packages/airflow/example_dags/tutorial_taskflow_api.py for tasks to queue
[2022-10-03T12:33:09.338+0000] {logging_mixin.py:117} INFO - [2022-10-03T12:33:09.338+0000] {dagbag.py:525} INFO - Filling up the DagBag from /home/airflow/.local/lib/python3.7/site-packages/airflow/example_dags/tutorial_taskflow_api.py
[2022-10-03T12:33:09.365+0000] {processor.py:768} INFO - DAG(s) dict_keys(['tutorial_taskflow_api']) retrieved from /home/airflow/.local/lib/python3.7/site-packages/airflow/example_dags/tutorial_taskflow_api.py
[2022-10-03T12:33:09.411+0000] {logging_mixin.py:117} INFO - [2022-10-03T12:33:09.410+0000] {dag.py:2573} INFO - Sync 1 DAGs
[2022-10-03T12:33:09.441+0000] {logging_mixin.py:117} INFO - [2022-10-03T12:33:09.440+0000] {dag.py:3328} INFO - Setting next_dagrun for tutorial_taskflow_api to None, run_after=None
[2022-10-03T12:33:09.468+0000] {processor.py:178} INFO - Processing /home/airflow/.local/lib/python3.7/site-packages/airflow/example_dags/tutorial_taskflow_api.py took 0.135 seconds
[2022-10-03T12:33:39.987+0000] {processor.py:156} INFO - Started process (PID=3955) to work on /home/airflow/.local/lib/python3.7/site-packages/airflow/example_dags/tutorial_taskflow_api.py
[2022-10-03T12:33:39.988+0000] {processor.py:758} INFO - Processing file /home/airflow/.local/lib/python3.7/site-packages/airflow/example_dags/tutorial_taskflow_api.py for tasks to queue
[2022-10-03T12:33:39.989+0000] {logging_mixin.py:117} INFO - [2022-10-03T12:33:39.989+0000] {dagbag.py:525} INFO - Filling up the DagBag from /home/airflow/.local/lib/python3.7/site-packages/airflow/example_dags/tutorial_taskflow_api.py
[2022-10-03T12:33:40.012+0000] {processor.py:768} INFO - DAG(s) dict_keys(['tutorial_taskflow_api']) retrieved from /home/airflow/.local/lib/python3.7/site-packages/airflow/example_dags/tutorial_taskflow_api.py
[2022-10-03T12:33:40.054+0000] {logging_mixin.py:117} INFO - [2022-10-03T12:33:40.054+0000] {dag.py:2573} INFO - Sync 1 DAGs
[2022-10-03T12:33:40.082+0000] {logging_mixin.py:117} INFO - [2022-10-03T12:33:40.082+0000] {dag.py:3328} INFO - Setting next_dagrun for tutorial_taskflow_api to None, run_after=None
[2022-10-03T12:33:40.107+0000] {processor.py:178} INFO - Processing /home/airflow/.local/lib/python3.7/site-packages/airflow/example_dags/tutorial_taskflow_api.py took 0.123 seconds
[2022-10-03T12:34:10.548+0000] {processor.py:156} INFO - Started process (PID=4162) to work on /home/airflow/.local/lib/python3.7/site-packages/airflow/example_dags/tutorial_taskflow_api.py
[2022-10-03T12:34:10.550+0000] {processor.py:758} INFO - Processing file /home/airflow/.local/lib/python3.7/site-packages/airflow/example_dags/tutorial_taskflow_api.py for tasks to queue
[2022-10-03T12:34:10.552+0000] {logging_mixin.py:117} INFO - [2022-10-03T12:34:10.551+0000] {dagbag.py:525} INFO - Filling up the DagBag from /home/airflow/.local/lib/python3.7/site-packages/airflow/example_dags/tutorial_taskflow_api.py
[2022-10-03T12:34:10.613+0000] {processor.py:768} INFO - DAG(s) dict_keys(['tutorial_taskflow_api']) retrieved from /home/airflow/.local/lib/python3.7/site-packages/airflow/example_dags/tutorial_taskflow_api.py
[2022-10-03T12:34:10.718+0000] {logging_mixin.py:117} INFO - [2022-10-03T12:34:10.718+0000] {dag.py:2573} INFO - Sync 1 DAGs
[2022-10-03T12:34:10.779+0000] {logging_mixin.py:117} INFO - [2022-10-03T12:34:10.779+0000] {dag.py:3328} INFO - Setting next_dagrun for tutorial_taskflow_api to None, run_after=None
[2022-10-03T12:34:10.833+0000] {processor.py:178} INFO - Processing /home/airflow/.local/lib/python3.7/site-packages/airflow/example_dags/tutorial_taskflow_api.py took 0.292 seconds
[2022-10-03T12:34:41.879+0000] {processor.py:156} INFO - Started process (PID=4361) to work on /home/airflow/.local/lib/python3.7/site-packages/airflow/example_dags/tutorial_taskflow_api.py
[2022-10-03T12:34:41.882+0000] {processor.py:758} INFO - Processing file /home/airflow/.local/lib/python3.7/site-packages/airflow/example_dags/tutorial_taskflow_api.py for tasks to queue
[2022-10-03T12:34:41.884+0000] {logging_mixin.py:117} INFO - [2022-10-03T12:34:41.883+0000] {dagbag.py:525} INFO - Filling up the DagBag from /home/airflow/.local/lib/python3.7/site-packages/airflow/example_dags/tutorial_taskflow_api.py
[2022-10-03T12:34:41.945+0000] {processor.py:768} INFO - DAG(s) dict_keys(['tutorial_taskflow_api']) retrieved from /home/airflow/.local/lib/python3.7/site-packages/airflow/example_dags/tutorial_taskflow_api.py
[2022-10-03T12:34:42.039+0000] {logging_mixin.py:117} INFO - [2022-10-03T12:34:42.039+0000] {dag.py:2573} INFO - Sync 1 DAGs
[2022-10-03T12:34:42.104+0000] {logging_mixin.py:117} INFO - [2022-10-03T12:34:42.103+0000] {dag.py:3328} INFO - Setting next_dagrun for tutorial_taskflow_api to None, run_after=None
[2022-10-03T12:34:42.154+0000] {processor.py:178} INFO - Processing /home/airflow/.local/lib/python3.7/site-packages/airflow/example_dags/tutorial_taskflow_api.py took 0.283 seconds
[2022-10-03T12:35:12.889+0000] {processor.py:156} INFO - Started process (PID=4568) to work on /home/airflow/.local/lib/python3.7/site-packages/airflow/example_dags/tutorial_taskflow_api.py
[2022-10-03T12:35:12.891+0000] {processor.py:758} INFO - Processing file /home/airflow/.local/lib/python3.7/site-packages/airflow/example_dags/tutorial_taskflow_api.py for tasks to queue
[2022-10-03T12:35:12.892+0000] {logging_mixin.py:117} INFO - [2022-10-03T12:35:12.891+0000] {dagbag.py:525} INFO - Filling up the DagBag from /home/airflow/.local/lib/python3.7/site-packages/airflow/example_dags/tutorial_taskflow_api.py
[2022-10-03T12:35:12.919+0000] {processor.py:768} INFO - DAG(s) dict_keys(['tutorial_taskflow_api']) retrieved from /home/airflow/.local/lib/python3.7/site-packages/airflow/example_dags/tutorial_taskflow_api.py
[2022-10-03T12:35:12.972+0000] {logging_mixin.py:117} INFO - [2022-10-03T12:35:12.971+0000] {dag.py:2573} INFO - Sync 1 DAGs
[2022-10-03T12:35:13.008+0000] {logging_mixin.py:117} INFO - [2022-10-03T12:35:13.008+0000] {dag.py:3328} INFO - Setting next_dagrun for tutorial_taskflow_api to None, run_after=None
[2022-10-03T12:35:13.036+0000] {processor.py:178} INFO - Processing /home/airflow/.local/lib/python3.7/site-packages/airflow/example_dags/tutorial_taskflow_api.py took 0.150 seconds
[2022-10-03T12:35:43.425+0000] {processor.py:156} INFO - Started process (PID=4766) to work on /home/airflow/.local/lib/python3.7/site-packages/airflow/example_dags/tutorial_taskflow_api.py
[2022-10-03T12:35:43.426+0000] {processor.py:758} INFO - Processing file /home/airflow/.local/lib/python3.7/site-packages/airflow/example_dags/tutorial_taskflow_api.py for tasks to queue
[2022-10-03T12:35:43.427+0000] {logging_mixin.py:117} INFO - [2022-10-03T12:35:43.427+0000] {dagbag.py:525} INFO - Filling up the DagBag from /home/airflow/.local/lib/python3.7/site-packages/airflow/example_dags/tutorial_taskflow_api.py
[2022-10-03T12:35:43.453+0000] {processor.py:768} INFO - DAG(s) dict_keys(['tutorial_taskflow_api']) retrieved from /home/airflow/.local/lib/python3.7/site-packages/airflow/example_dags/tutorial_taskflow_api.py
[2022-10-03T12:35:43.498+0000] {logging_mixin.py:117} INFO - [2022-10-03T12:35:43.498+0000] {dag.py:2573} INFO - Sync 1 DAGs
[2022-10-03T12:35:43.530+0000] {logging_mixin.py:117} INFO - [2022-10-03T12:35:43.529+0000] {dag.py:3328} INFO - Setting next_dagrun for tutorial_taskflow_api to None, run_after=None
[2022-10-03T12:35:43.559+0000] {processor.py:178} INFO - Processing /home/airflow/.local/lib/python3.7/site-packages/airflow/example_dags/tutorial_taskflow_api.py took 0.137 seconds
[2022-10-03T12:36:13.841+0000] {processor.py:156} INFO - Started process (PID=4973) to work on /home/airflow/.local/lib/python3.7/site-packages/airflow/example_dags/tutorial_taskflow_api.py
[2022-10-03T12:36:13.843+0000] {processor.py:758} INFO - Processing file /home/airflow/.local/lib/python3.7/site-packages/airflow/example_dags/tutorial_taskflow_api.py for tasks to queue
[2022-10-03T12:36:13.844+0000] {logging_mixin.py:117} INFO - [2022-10-03T12:36:13.844+0000] {dagbag.py:525} INFO - Filling up the DagBag from /home/airflow/.local/lib/python3.7/site-packages/airflow/example_dags/tutorial_taskflow_api.py
[2022-10-03T12:36:13.869+0000] {processor.py:768} INFO - DAG(s) dict_keys(['tutorial_taskflow_api']) retrieved from /home/airflow/.local/lib/python3.7/site-packages/airflow/example_dags/tutorial_taskflow_api.py
[2022-10-03T12:36:13.920+0000] {logging_mixin.py:117} INFO - [2022-10-03T12:36:13.920+0000] {dag.py:2573} INFO - Sync 1 DAGs
[2022-10-03T12:36:13.950+0000] {logging_mixin.py:117} INFO - [2022-10-03T12:36:13.950+0000] {dag.py:3328} INFO - Setting next_dagrun for tutorial_taskflow_api to None, run_after=None
[2022-10-03T12:36:13.977+0000] {processor.py:178} INFO - Processing /home/airflow/.local/lib/python3.7/site-packages/airflow/example_dags/tutorial_taskflow_api.py took 0.140 seconds
[2022-10-03T12:36:44.139+0000] {processor.py:156} INFO - Started process (PID=5171) to work on /home/airflow/.local/lib/python3.7/site-packages/airflow/example_dags/tutorial_taskflow_api.py
[2022-10-03T12:36:44.140+0000] {processor.py:758} INFO - Processing file /home/airflow/.local/lib/python3.7/site-packages/airflow/example_dags/tutorial_taskflow_api.py for tasks to queue
[2022-10-03T12:36:44.140+0000] {logging_mixin.py:117} INFO - [2022-10-03T12:36:44.140+0000] {dagbag.py:525} INFO - Filling up the DagBag from /home/airflow/.local/lib/python3.7/site-packages/airflow/example_dags/tutorial_taskflow_api.py
[2022-10-03T12:36:44.165+0000] {processor.py:768} INFO - DAG(s) dict_keys(['tutorial_taskflow_api']) retrieved from /home/airflow/.local/lib/python3.7/site-packages/airflow/example_dags/tutorial_taskflow_api.py
[2022-10-03T12:36:44.212+0000] {logging_mixin.py:117} INFO - [2022-10-03T12:36:44.212+0000] {dag.py:2573} INFO - Sync 1 DAGs
[2022-10-03T12:36:44.242+0000] {logging_mixin.py:117} INFO - [2022-10-03T12:36:44.242+0000] {dag.py:3328} INFO - Setting next_dagrun for tutorial_taskflow_api to None, run_after=None
[2022-10-03T12:36:44.268+0000] {processor.py:178} INFO - Processing /home/airflow/.local/lib/python3.7/site-packages/airflow/example_dags/tutorial_taskflow_api.py took 0.135 seconds
[2022-10-03T12:37:14.576+0000] {processor.py:156} INFO - Started process (PID=5378) to work on /home/airflow/.local/lib/python3.7/site-packages/airflow/example_dags/tutorial_taskflow_api.py
[2022-10-03T12:37:14.577+0000] {processor.py:758} INFO - Processing file /home/airflow/.local/lib/python3.7/site-packages/airflow/example_dags/tutorial_taskflow_api.py for tasks to queue
[2022-10-03T12:37:14.578+0000] {logging_mixin.py:117} INFO - [2022-10-03T12:37:14.578+0000] {dagbag.py:525} INFO - Filling up the DagBag from /home/airflow/.local/lib/python3.7/site-packages/airflow/example_dags/tutorial_taskflow_api.py
[2022-10-03T12:37:14.605+0000] {processor.py:768} INFO - DAG(s) dict_keys(['tutorial_taskflow_api']) retrieved from /home/airflow/.local/lib/python3.7/site-packages/airflow/example_dags/tutorial_taskflow_api.py
[2022-10-03T12:37:14.651+0000] {logging_mixin.py:117} INFO - [2022-10-03T12:37:14.651+0000] {dag.py:2573} INFO - Sync 1 DAGs
[2022-10-03T12:37:14.681+0000] {logging_mixin.py:117} INFO - [2022-10-03T12:37:14.680+0000] {dag.py:3328} INFO - Setting next_dagrun for tutorial_taskflow_api to None, run_after=None
[2022-10-03T12:37:14.711+0000] {processor.py:178} INFO - Processing /home/airflow/.local/lib/python3.7/site-packages/airflow/example_dags/tutorial_taskflow_api.py took 0.139 seconds
[2022-10-03T12:37:44.859+0000] {processor.py:156} INFO - Started process (PID=5585) to work on /home/airflow/.local/lib/python3.7/site-packages/airflow/example_dags/tutorial_taskflow_api.py
[2022-10-03T12:37:44.861+0000] {processor.py:758} INFO - Processing file /home/airflow/.local/lib/python3.7/site-packages/airflow/example_dags/tutorial_taskflow_api.py for tasks to queue
[2022-10-03T12:37:44.862+0000] {logging_mixin.py:117} INFO - [2022-10-03T12:37:44.861+0000] {dagbag.py:525} INFO - Filling up the DagBag from /home/airflow/.local/lib/python3.7/site-packages/airflow/example_dags/tutorial_taskflow_api.py
[2022-10-03T12:37:44.897+0000] {processor.py:768} INFO - DAG(s) dict_keys(['tutorial_taskflow_api']) retrieved from /home/airflow/.local/lib/python3.7/site-packages/airflow/example_dags/tutorial_taskflow_api.py
[2022-10-03T12:37:44.950+0000] {logging_mixin.py:117} INFO - [2022-10-03T12:37:44.950+0000] {dag.py:2573} INFO - Sync 1 DAGs
[2022-10-03T12:37:44.987+0000] {logging_mixin.py:117} INFO - [2022-10-03T12:37:44.986+0000] {dag.py:3328} INFO - Setting next_dagrun for tutorial_taskflow_api to None, run_after=None
[2022-10-03T12:37:45.020+0000] {processor.py:178} INFO - Processing /home/airflow/.local/lib/python3.7/site-packages/airflow/example_dags/tutorial_taskflow_api.py took 0.165 seconds
[2022-10-03T12:38:15.353+0000] {processor.py:156} INFO - Started process (PID=5783) to work on /home/airflow/.local/lib/python3.7/site-packages/airflow/example_dags/tutorial_taskflow_api.py
[2022-10-03T12:38:15.356+0000] {processor.py:758} INFO - Processing file /home/airflow/.local/lib/python3.7/site-packages/airflow/example_dags/tutorial_taskflow_api.py for tasks to queue
[2022-10-03T12:38:15.358+0000] {logging_mixin.py:117} INFO - [2022-10-03T12:38:15.358+0000] {dagbag.py:525} INFO - Filling up the DagBag from /home/airflow/.local/lib/python3.7/site-packages/airflow/example_dags/tutorial_taskflow_api.py
[2022-10-03T12:38:15.431+0000] {processor.py:768} INFO - DAG(s) dict_keys(['tutorial_taskflow_api']) retrieved from /home/airflow/.local/lib/python3.7/site-packages/airflow/example_dags/tutorial_taskflow_api.py
[2022-10-03T12:38:15.544+0000] {logging_mixin.py:117} INFO - [2022-10-03T12:38:15.543+0000] {dag.py:2573} INFO - Sync 1 DAGs
[2022-10-03T12:38:15.629+0000] {logging_mixin.py:117} INFO - [2022-10-03T12:38:15.629+0000] {dag.py:3328} INFO - Setting next_dagrun for tutorial_taskflow_api to None, run_after=None
[2022-10-03T12:38:15.686+0000] {processor.py:178} INFO - Processing /home/airflow/.local/lib/python3.7/site-packages/airflow/example_dags/tutorial_taskflow_api.py took 0.342 seconds
[2022-10-03T12:38:45.940+0000] {processor.py:156} INFO - Started process (PID=5990) to work on /home/airflow/.local/lib/python3.7/site-packages/airflow/example_dags/tutorial_taskflow_api.py
[2022-10-03T12:38:45.941+0000] {processor.py:758} INFO - Processing file /home/airflow/.local/lib/python3.7/site-packages/airflow/example_dags/tutorial_taskflow_api.py for tasks to queue
[2022-10-03T12:38:45.943+0000] {logging_mixin.py:117} INFO - [2022-10-03T12:38:45.942+0000] {dagbag.py:525} INFO - Filling up the DagBag from /home/airflow/.local/lib/python3.7/site-packages/airflow/example_dags/tutorial_taskflow_api.py
[2022-10-03T12:38:45.996+0000] {processor.py:768} INFO - DAG(s) dict_keys(['tutorial_taskflow_api']) retrieved from /home/airflow/.local/lib/python3.7/site-packages/airflow/example_dags/tutorial_taskflow_api.py
[2022-10-03T12:38:46.086+0000] {logging_mixin.py:117} INFO - [2022-10-03T12:38:46.085+0000] {dag.py:2573} INFO - Sync 1 DAGs
[2022-10-03T12:38:46.147+0000] {logging_mixin.py:117} INFO - [2022-10-03T12:38:46.147+0000] {dag.py:3328} INFO - Setting next_dagrun for tutorial_taskflow_api to None, run_after=None
[2022-10-03T12:38:46.195+0000] {processor.py:178} INFO - Processing /home/airflow/.local/lib/python3.7/site-packages/airflow/example_dags/tutorial_taskflow_api.py took 0.262 seconds
[2022-10-03T12:39:16.897+0000] {processor.py:156} INFO - Started process (PID=6188) to work on /home/airflow/.local/lib/python3.7/site-packages/airflow/example_dags/tutorial_taskflow_api.py
[2022-10-03T12:39:16.899+0000] {processor.py:758} INFO - Processing file /home/airflow/.local/lib/python3.7/site-packages/airflow/example_dags/tutorial_taskflow_api.py for tasks to queue
[2022-10-03T12:39:16.899+0000] {logging_mixin.py:117} INFO - [2022-10-03T12:39:16.899+0000] {dagbag.py:525} INFO - Filling up the DagBag from /home/airflow/.local/lib/python3.7/site-packages/airflow/example_dags/tutorial_taskflow_api.py
[2022-10-03T12:39:16.939+0000] {processor.py:768} INFO - DAG(s) dict_keys(['tutorial_taskflow_api']) retrieved from /home/airflow/.local/lib/python3.7/site-packages/airflow/example_dags/tutorial_taskflow_api.py
[2022-10-03T12:39:16.999+0000] {logging_mixin.py:117} INFO - [2022-10-03T12:39:16.998+0000] {dag.py:2573} INFO - Sync 1 DAGs
[2022-10-03T12:39:17.031+0000] {logging_mixin.py:117} INFO - [2022-10-03T12:39:17.031+0000] {dag.py:3328} INFO - Setting next_dagrun for tutorial_taskflow_api to None, run_after=None
[2022-10-03T12:39:17.061+0000] {processor.py:178} INFO - Processing /home/airflow/.local/lib/python3.7/site-packages/airflow/example_dags/tutorial_taskflow_api.py took 0.168 seconds
[2022-10-03T12:39:47.117+0000] {processor.py:156} INFO - Started process (PID=6395) to work on /home/airflow/.local/lib/python3.7/site-packages/airflow/example_dags/tutorial_taskflow_api.py
[2022-10-03T12:39:47.118+0000] {processor.py:758} INFO - Processing file /home/airflow/.local/lib/python3.7/site-packages/airflow/example_dags/tutorial_taskflow_api.py for tasks to queue
[2022-10-03T12:39:47.118+0000] {logging_mixin.py:117} INFO - [2022-10-03T12:39:47.118+0000] {dagbag.py:525} INFO - Filling up the DagBag from /home/airflow/.local/lib/python3.7/site-packages/airflow/example_dags/tutorial_taskflow_api.py
[2022-10-03T12:39:47.144+0000] {processor.py:768} INFO - DAG(s) dict_keys(['tutorial_taskflow_api']) retrieved from /home/airflow/.local/lib/python3.7/site-packages/airflow/example_dags/tutorial_taskflow_api.py
[2022-10-03T12:39:47.189+0000] {logging_mixin.py:117} INFO - [2022-10-03T12:39:47.189+0000] {dag.py:2573} INFO - Sync 1 DAGs
[2022-10-03T12:39:47.220+0000] {logging_mixin.py:117} INFO - [2022-10-03T12:39:47.219+0000] {dag.py:3328} INFO - Setting next_dagrun for tutorial_taskflow_api to None, run_after=None
[2022-10-03T12:39:47.247+0000] {processor.py:178} INFO - Processing /home/airflow/.local/lib/python3.7/site-packages/airflow/example_dags/tutorial_taskflow_api.py took 0.135 seconds
[2022-10-03T12:40:17.624+0000] {processor.py:156} INFO - Started process (PID=6593) to work on /home/airflow/.local/lib/python3.7/site-packages/airflow/example_dags/tutorial_taskflow_api.py
[2022-10-03T12:40:17.625+0000] {processor.py:758} INFO - Processing file /home/airflow/.local/lib/python3.7/site-packages/airflow/example_dags/tutorial_taskflow_api.py for tasks to queue
[2022-10-03T12:40:17.626+0000] {logging_mixin.py:117} INFO - [2022-10-03T12:40:17.626+0000] {dagbag.py:525} INFO - Filling up the DagBag from /home/airflow/.local/lib/python3.7/site-packages/airflow/example_dags/tutorial_taskflow_api.py
[2022-10-03T12:40:17.650+0000] {processor.py:768} INFO - DAG(s) dict_keys(['tutorial_taskflow_api']) retrieved from /home/airflow/.local/lib/python3.7/site-packages/airflow/example_dags/tutorial_taskflow_api.py
[2022-10-03T12:40:17.697+0000] {logging_mixin.py:117} INFO - [2022-10-03T12:40:17.697+0000] {dag.py:2573} INFO - Sync 1 DAGs
[2022-10-03T12:40:17.726+0000] {logging_mixin.py:117} INFO - [2022-10-03T12:40:17.726+0000] {dag.py:3328} INFO - Setting next_dagrun for tutorial_taskflow_api to None, run_after=None
[2022-10-03T12:40:17.755+0000] {processor.py:178} INFO - Processing /home/airflow/.local/lib/python3.7/site-packages/airflow/example_dags/tutorial_taskflow_api.py took 0.135 seconds
[2022-10-03T12:40:48.359+0000] {processor.py:156} INFO - Started process (PID=6800) to work on /home/airflow/.local/lib/python3.7/site-packages/airflow/example_dags/tutorial_taskflow_api.py
[2022-10-03T12:40:48.361+0000] {processor.py:758} INFO - Processing file /home/airflow/.local/lib/python3.7/site-packages/airflow/example_dags/tutorial_taskflow_api.py for tasks to queue
[2022-10-03T12:40:48.363+0000] {logging_mixin.py:117} INFO - [2022-10-03T12:40:48.362+0000] {dagbag.py:525} INFO - Filling up the DagBag from /home/airflow/.local/lib/python3.7/site-packages/airflow/example_dags/tutorial_taskflow_api.py
[2022-10-03T12:40:48.426+0000] {processor.py:768} INFO - DAG(s) dict_keys(['tutorial_taskflow_api']) retrieved from /home/airflow/.local/lib/python3.7/site-packages/airflow/example_dags/tutorial_taskflow_api.py
[2022-10-03T12:40:48.523+0000] {logging_mixin.py:117} INFO - [2022-10-03T12:40:48.523+0000] {dag.py:2573} INFO - Sync 1 DAGs
[2022-10-03T12:40:48.588+0000] {logging_mixin.py:117} INFO - [2022-10-03T12:40:48.588+0000] {dag.py:3328} INFO - Setting next_dagrun for tutorial_taskflow_api to None, run_after=None
[2022-10-03T12:40:48.645+0000] {processor.py:178} INFO - Processing /home/airflow/.local/lib/python3.7/site-packages/airflow/example_dags/tutorial_taskflow_api.py took 0.292 seconds
[2022-10-03T12:41:18.844+0000] {processor.py:156} INFO - Started process (PID=6998) to work on /home/airflow/.local/lib/python3.7/site-packages/airflow/example_dags/tutorial_taskflow_api.py
[2022-10-03T12:41:18.846+0000] {processor.py:758} INFO - Processing file /home/airflow/.local/lib/python3.7/site-packages/airflow/example_dags/tutorial_taskflow_api.py for tasks to queue
[2022-10-03T12:41:18.847+0000] {logging_mixin.py:117} INFO - [2022-10-03T12:41:18.847+0000] {dagbag.py:525} INFO - Filling up the DagBag from /home/airflow/.local/lib/python3.7/site-packages/airflow/example_dags/tutorial_taskflow_api.py
[2022-10-03T12:41:18.878+0000] {processor.py:768} INFO - DAG(s) dict_keys(['tutorial_taskflow_api']) retrieved from /home/airflow/.local/lib/python3.7/site-packages/airflow/example_dags/tutorial_taskflow_api.py
[2022-10-03T12:41:18.928+0000] {logging_mixin.py:117} INFO - [2022-10-03T12:41:18.928+0000] {dag.py:2573} INFO - Sync 1 DAGs
[2022-10-03T12:41:18.958+0000] {logging_mixin.py:117} INFO - [2022-10-03T12:41:18.958+0000] {dag.py:3328} INFO - Setting next_dagrun for tutorial_taskflow_api to None, run_after=None
[2022-10-03T12:41:18.987+0000] {processor.py:178} INFO - Processing /home/airflow/.local/lib/python3.7/site-packages/airflow/example_dags/tutorial_taskflow_api.py took 0.147 seconds
[2022-10-03T12:41:49.142+0000] {processor.py:156} INFO - Started process (PID=7205) to work on /home/airflow/.local/lib/python3.7/site-packages/airflow/example_dags/tutorial_taskflow_api.py
[2022-10-03T12:41:49.143+0000] {processor.py:758} INFO - Processing file /home/airflow/.local/lib/python3.7/site-packages/airflow/example_dags/tutorial_taskflow_api.py for tasks to queue
[2022-10-03T12:41:49.144+0000] {logging_mixin.py:117} INFO - [2022-10-03T12:41:49.144+0000] {dagbag.py:525} INFO - Filling up the DagBag from /home/airflow/.local/lib/python3.7/site-packages/airflow/example_dags/tutorial_taskflow_api.py
[2022-10-03T12:41:49.175+0000] {processor.py:768} INFO - DAG(s) dict_keys(['tutorial_taskflow_api']) retrieved from /home/airflow/.local/lib/python3.7/site-packages/airflow/example_dags/tutorial_taskflow_api.py
[2022-10-03T12:41:49.234+0000] {logging_mixin.py:117} INFO - [2022-10-03T12:41:49.234+0000] {dag.py:2573} INFO - Sync 1 DAGs
[2022-10-03T12:41:49.278+0000] {logging_mixin.py:117} INFO - [2022-10-03T12:41:49.277+0000] {dag.py:3328} INFO - Setting next_dagrun for tutorial_taskflow_api to None, run_after=None
[2022-10-03T12:41:49.311+0000] {processor.py:178} INFO - Processing /home/airflow/.local/lib/python3.7/site-packages/airflow/example_dags/tutorial_taskflow_api.py took 0.173 seconds
[2022-10-03T12:42:19.404+0000] {processor.py:156} INFO - Started process (PID=7412) to work on /home/airflow/.local/lib/python3.7/site-packages/airflow/example_dags/tutorial_taskflow_api.py
[2022-10-03T12:42:19.406+0000] {processor.py:758} INFO - Processing file /home/airflow/.local/lib/python3.7/site-packages/airflow/example_dags/tutorial_taskflow_api.py for tasks to queue
[2022-10-03T12:42:19.406+0000] {logging_mixin.py:117} INFO - [2022-10-03T12:42:19.406+0000] {dagbag.py:525} INFO - Filling up the DagBag from /home/airflow/.local/lib/python3.7/site-packages/airflow/example_dags/tutorial_taskflow_api.py
[2022-10-03T12:42:19.435+0000] {processor.py:768} INFO - DAG(s) dict_keys(['tutorial_taskflow_api']) retrieved from /home/airflow/.local/lib/python3.7/site-packages/airflow/example_dags/tutorial_taskflow_api.py
[2022-10-03T12:42:19.483+0000] {logging_mixin.py:117} INFO - [2022-10-03T12:42:19.483+0000] {dag.py:2573} INFO - Sync 1 DAGs
[2022-10-03T12:42:19.512+0000] {logging_mixin.py:117} INFO - [2022-10-03T12:42:19.512+0000] {dag.py:3328} INFO - Setting next_dagrun for tutorial_taskflow_api to None, run_after=None
[2022-10-03T12:42:19.539+0000] {processor.py:178} INFO - Processing /home/airflow/.local/lib/python3.7/site-packages/airflow/example_dags/tutorial_taskflow_api.py took 0.139 seconds
[2022-10-03T12:42:49.772+0000] {processor.py:156} INFO - Started process (PID=7608) to work on /home/airflow/.local/lib/python3.7/site-packages/airflow/example_dags/tutorial_taskflow_api.py
[2022-10-03T12:42:49.774+0000] {processor.py:758} INFO - Processing file /home/airflow/.local/lib/python3.7/site-packages/airflow/example_dags/tutorial_taskflow_api.py for tasks to queue
[2022-10-03T12:42:49.777+0000] {logging_mixin.py:117} INFO - [2022-10-03T12:42:49.776+0000] {dagbag.py:525} INFO - Filling up the DagBag from /home/airflow/.local/lib/python3.7/site-packages/airflow/example_dags/tutorial_taskflow_api.py
[2022-10-03T12:42:49.845+0000] {processor.py:768} INFO - DAG(s) dict_keys(['tutorial_taskflow_api']) retrieved from /home/airflow/.local/lib/python3.7/site-packages/airflow/example_dags/tutorial_taskflow_api.py
[2022-10-03T12:42:49.940+0000] {logging_mixin.py:117} INFO - [2022-10-03T12:42:49.940+0000] {dag.py:2573} INFO - Sync 1 DAGs
[2022-10-03T12:42:49.986+0000] {logging_mixin.py:117} INFO - [2022-10-03T12:42:49.986+0000] {dag.py:3328} INFO - Setting next_dagrun for tutorial_taskflow_api to None, run_after=None
[2022-10-03T12:42:50.021+0000] {processor.py:178} INFO - Processing /home/airflow/.local/lib/python3.7/site-packages/airflow/example_dags/tutorial_taskflow_api.py took 0.259 seconds
[2022-10-03T12:43:20.231+0000] {processor.py:156} INFO - Started process (PID=7815) to work on /home/airflow/.local/lib/python3.7/site-packages/airflow/example_dags/tutorial_taskflow_api.py
[2022-10-03T12:43:20.232+0000] {processor.py:758} INFO - Processing file /home/airflow/.local/lib/python3.7/site-packages/airflow/example_dags/tutorial_taskflow_api.py for tasks to queue
[2022-10-03T12:43:20.233+0000] {logging_mixin.py:117} INFO - [2022-10-03T12:43:20.233+0000] {dagbag.py:525} INFO - Filling up the DagBag from /home/airflow/.local/lib/python3.7/site-packages/airflow/example_dags/tutorial_taskflow_api.py
[2022-10-03T12:43:20.259+0000] {processor.py:768} INFO - DAG(s) dict_keys(['tutorial_taskflow_api']) retrieved from /home/airflow/.local/lib/python3.7/site-packages/airflow/example_dags/tutorial_taskflow_api.py
[2022-10-03T12:43:20.304+0000] {logging_mixin.py:117} INFO - [2022-10-03T12:43:20.304+0000] {dag.py:2573} INFO - Sync 1 DAGs
[2022-10-03T12:43:20.337+0000] {logging_mixin.py:117} INFO - [2022-10-03T12:43:20.337+0000] {dag.py:3328} INFO - Setting next_dagrun for tutorial_taskflow_api to None, run_after=None
[2022-10-03T12:43:20.376+0000] {processor.py:178} INFO - Processing /home/airflow/.local/lib/python3.7/site-packages/airflow/example_dags/tutorial_taskflow_api.py took 0.149 seconds
[2022-10-03T12:43:50.775+0000] {processor.py:156} INFO - Started process (PID=8013) to work on /home/airflow/.local/lib/python3.7/site-packages/airflow/example_dags/tutorial_taskflow_api.py
[2022-10-03T12:43:50.776+0000] {processor.py:758} INFO - Processing file /home/airflow/.local/lib/python3.7/site-packages/airflow/example_dags/tutorial_taskflow_api.py for tasks to queue
[2022-10-03T12:43:50.776+0000] {logging_mixin.py:117} INFO - [2022-10-03T12:43:50.776+0000] {dagbag.py:525} INFO - Filling up the DagBag from /home/airflow/.local/lib/python3.7/site-packages/airflow/example_dags/tutorial_taskflow_api.py
[2022-10-03T12:43:50.804+0000] {processor.py:768} INFO - DAG(s) dict_keys(['tutorial_taskflow_api']) retrieved from /home/airflow/.local/lib/python3.7/site-packages/airflow/example_dags/tutorial_taskflow_api.py
[2022-10-03T12:43:50.849+0000] {logging_mixin.py:117} INFO - [2022-10-03T12:43:50.849+0000] {dag.py:2573} INFO - Sync 1 DAGs
[2022-10-03T12:43:50.880+0000] {logging_mixin.py:117} INFO - [2022-10-03T12:43:50.880+0000] {dag.py:3328} INFO - Setting next_dagrun for tutorial_taskflow_api to None, run_after=None
[2022-10-03T12:43:50.905+0000] {processor.py:178} INFO - Processing /home/airflow/.local/lib/python3.7/site-packages/airflow/example_dags/tutorial_taskflow_api.py took 0.134 seconds
[2022-10-03T12:44:21.020+0000] {processor.py:156} INFO - Started process (PID=8222) to work on /home/airflow/.local/lib/python3.7/site-packages/airflow/example_dags/tutorial_taskflow_api.py
[2022-10-03T12:44:21.020+0000] {processor.py:758} INFO - Processing file /home/airflow/.local/lib/python3.7/site-packages/airflow/example_dags/tutorial_taskflow_api.py for tasks to queue
[2022-10-03T12:44:21.022+0000] {logging_mixin.py:117} INFO - [2022-10-03T12:44:21.022+0000] {dagbag.py:525} INFO - Filling up the DagBag from /home/airflow/.local/lib/python3.7/site-packages/airflow/example_dags/tutorial_taskflow_api.py
[2022-10-03T12:44:21.043+0000] {processor.py:768} INFO - DAG(s) dict_keys(['tutorial_taskflow_api']) retrieved from /home/airflow/.local/lib/python3.7/site-packages/airflow/example_dags/tutorial_taskflow_api.py
[2022-10-03T12:44:21.085+0000] {logging_mixin.py:117} INFO - [2022-10-03T12:44:21.085+0000] {dag.py:2573} INFO - Sync 1 DAGs
[2022-10-03T12:44:21.111+0000] {logging_mixin.py:117} INFO - [2022-10-03T12:44:21.110+0000] {dag.py:3328} INFO - Setting next_dagrun for tutorial_taskflow_api to None, run_after=None
[2022-10-03T12:44:21.133+0000] {processor.py:178} INFO - Processing /home/airflow/.local/lib/python3.7/site-packages/airflow/example_dags/tutorial_taskflow_api.py took 0.116 seconds
[2022-10-03T12:44:52.474+0000] {processor.py:156} INFO - Started process (PID=8427) to work on /home/airflow/.local/lib/python3.7/site-packages/airflow/example_dags/tutorial_taskflow_api.py
[2022-10-03T12:44:52.475+0000] {processor.py:758} INFO - Processing file /home/airflow/.local/lib/python3.7/site-packages/airflow/example_dags/tutorial_taskflow_api.py for tasks to queue
[2022-10-03T12:44:52.476+0000] {logging_mixin.py:117} INFO - [2022-10-03T12:44:52.476+0000] {dagbag.py:525} INFO - Filling up the DagBag from /home/airflow/.local/lib/python3.7/site-packages/airflow/example_dags/tutorial_taskflow_api.py
[2022-10-03T12:44:52.515+0000] {processor.py:768} INFO - DAG(s) dict_keys(['tutorial_taskflow_api']) retrieved from /home/airflow/.local/lib/python3.7/site-packages/airflow/example_dags/tutorial_taskflow_api.py
[2022-10-03T12:44:52.566+0000] {logging_mixin.py:117} INFO - [2022-10-03T12:44:52.566+0000] {dag.py:2573} INFO - Sync 1 DAGs
[2022-10-03T12:44:52.598+0000] {logging_mixin.py:117} INFO - [2022-10-03T12:44:52.598+0000] {dag.py:3328} INFO - Setting next_dagrun for tutorial_taskflow_api to None, run_after=None
[2022-10-03T12:44:52.625+0000] {processor.py:178} INFO - Processing /home/airflow/.local/lib/python3.7/site-packages/airflow/example_dags/tutorial_taskflow_api.py took 0.155 seconds
[2022-10-03T12:45:23.109+0000] {processor.py:156} INFO - Started process (PID=8626) to work on /home/airflow/.local/lib/python3.7/site-packages/airflow/example_dags/tutorial_taskflow_api.py
[2022-10-03T12:45:23.110+0000] {processor.py:758} INFO - Processing file /home/airflow/.local/lib/python3.7/site-packages/airflow/example_dags/tutorial_taskflow_api.py for tasks to queue
[2022-10-03T12:45:23.112+0000] {logging_mixin.py:117} INFO - [2022-10-03T12:45:23.111+0000] {dagbag.py:525} INFO - Filling up the DagBag from /home/airflow/.local/lib/python3.7/site-packages/airflow/example_dags/tutorial_taskflow_api.py
[2022-10-03T12:45:23.139+0000] {processor.py:768} INFO - DAG(s) dict_keys(['tutorial_taskflow_api']) retrieved from /home/airflow/.local/lib/python3.7/site-packages/airflow/example_dags/tutorial_taskflow_api.py
[2022-10-03T12:45:23.183+0000] {logging_mixin.py:117} INFO - [2022-10-03T12:45:23.182+0000] {dag.py:2573} INFO - Sync 1 DAGs
[2022-10-03T12:45:23.212+0000] {logging_mixin.py:117} INFO - [2022-10-03T12:45:23.212+0000] {dag.py:3328} INFO - Setting next_dagrun for tutorial_taskflow_api to None, run_after=None
[2022-10-03T12:45:23.241+0000] {processor.py:178} INFO - Processing /home/airflow/.local/lib/python3.7/site-packages/airflow/example_dags/tutorial_taskflow_api.py took 0.134 seconds
[2022-10-03T12:45:53.476+0000] {processor.py:156} INFO - Started process (PID=8835) to work on /home/airflow/.local/lib/python3.7/site-packages/airflow/example_dags/tutorial_taskflow_api.py
[2022-10-03T12:45:53.476+0000] {processor.py:758} INFO - Processing file /home/airflow/.local/lib/python3.7/site-packages/airflow/example_dags/tutorial_taskflow_api.py for tasks to queue
[2022-10-03T12:45:53.477+0000] {logging_mixin.py:117} INFO - [2022-10-03T12:45:53.477+0000] {dagbag.py:525} INFO - Filling up the DagBag from /home/airflow/.local/lib/python3.7/site-packages/airflow/example_dags/tutorial_taskflow_api.py
[2022-10-03T12:45:53.501+0000] {processor.py:768} INFO - DAG(s) dict_keys(['tutorial_taskflow_api']) retrieved from /home/airflow/.local/lib/python3.7/site-packages/airflow/example_dags/tutorial_taskflow_api.py
[2022-10-03T12:45:53.543+0000] {logging_mixin.py:117} INFO - [2022-10-03T12:45:53.543+0000] {dag.py:2573} INFO - Sync 1 DAGs
[2022-10-03T12:45:53.570+0000] {logging_mixin.py:117} INFO - [2022-10-03T12:45:53.570+0000] {dag.py:3328} INFO - Setting next_dagrun for tutorial_taskflow_api to None, run_after=None
[2022-10-03T12:45:53.597+0000] {processor.py:178} INFO - Processing /home/airflow/.local/lib/python3.7/site-packages/airflow/example_dags/tutorial_taskflow_api.py took 0.125 seconds
