[2022-10-03T12:24:23.828+0000] {processor.py:156} INFO - Started process (PID=243) to work on /home/airflow/.local/lib/python3.7/site-packages/airflow/example_dags/tutorial_dag.py
[2022-10-03T12:24:23.829+0000] {processor.py:758} INFO - Processing file /home/airflow/.local/lib/python3.7/site-packages/airflow/example_dags/tutorial_dag.py for tasks to queue
[2022-10-03T12:24:23.829+0000] {logging_mixin.py:117} INFO - [2022-10-03T12:24:23.829+0000] {dagbag.py:525} INFO - Filling up the DagBag from /home/airflow/.local/lib/python3.7/site-packages/airflow/example_dags/tutorial_dag.py
[2022-10-03T12:24:23.847+0000] {processor.py:768} INFO - DAG(s) dict_keys(['tutorial_dag']) retrieved from /home/airflow/.local/lib/python3.7/site-packages/airflow/example_dags/tutorial_dag.py
[2022-10-03T12:24:23.896+0000] {logging_mixin.py:117} INFO - [2022-10-03T12:24:23.896+0000] {dag.py:2573} INFO - Sync 1 DAGs
[2022-10-03T12:24:23.928+0000] {logging_mixin.py:117} INFO - [2022-10-03T12:24:23.927+0000] {dag.py:3328} INFO - Setting next_dagrun for tutorial_dag to None, run_after=None
[2022-10-03T12:24:23.956+0000] {processor.py:178} INFO - Processing /home/airflow/.local/lib/python3.7/site-packages/airflow/example_dags/tutorial_dag.py took 0.132 seconds
[2022-10-03T12:24:55.321+0000] {processor.py:156} INFO - Started process (PID=451) to work on /home/airflow/.local/lib/python3.7/site-packages/airflow/example_dags/tutorial_dag.py
[2022-10-03T12:24:55.323+0000] {processor.py:758} INFO - Processing file /home/airflow/.local/lib/python3.7/site-packages/airflow/example_dags/tutorial_dag.py for tasks to queue
[2022-10-03T12:24:55.324+0000] {logging_mixin.py:117} INFO - [2022-10-03T12:24:55.324+0000] {dagbag.py:525} INFO - Filling up the DagBag from /home/airflow/.local/lib/python3.7/site-packages/airflow/example_dags/tutorial_dag.py
[2022-10-03T12:24:55.355+0000] {processor.py:768} INFO - DAG(s) dict_keys(['tutorial_dag']) retrieved from /home/airflow/.local/lib/python3.7/site-packages/airflow/example_dags/tutorial_dag.py
[2022-10-03T12:24:55.419+0000] {logging_mixin.py:117} INFO - [2022-10-03T12:24:55.418+0000] {dag.py:2573} INFO - Sync 1 DAGs
[2022-10-03T12:24:55.475+0000] {logging_mixin.py:117} INFO - [2022-10-03T12:24:55.474+0000] {dag.py:3328} INFO - Setting next_dagrun for tutorial_dag to None, run_after=None
[2022-10-03T12:24:55.654+0000] {processor.py:178} INFO - Processing /home/airflow/.local/lib/python3.7/site-packages/airflow/example_dags/tutorial_dag.py took 0.338 seconds
[2022-10-03T12:25:26.148+0000] {processor.py:156} INFO - Started process (PID=651) to work on /home/airflow/.local/lib/python3.7/site-packages/airflow/example_dags/tutorial_dag.py
[2022-10-03T12:25:26.150+0000] {processor.py:758} INFO - Processing file /home/airflow/.local/lib/python3.7/site-packages/airflow/example_dags/tutorial_dag.py for tasks to queue
[2022-10-03T12:25:26.150+0000] {logging_mixin.py:117} INFO - [2022-10-03T12:25:26.150+0000] {dagbag.py:525} INFO - Filling up the DagBag from /home/airflow/.local/lib/python3.7/site-packages/airflow/example_dags/tutorial_dag.py
[2022-10-03T12:25:26.167+0000] {processor.py:768} INFO - DAG(s) dict_keys(['tutorial_dag']) retrieved from /home/airflow/.local/lib/python3.7/site-packages/airflow/example_dags/tutorial_dag.py
[2022-10-03T12:25:26.216+0000] {logging_mixin.py:117} INFO - [2022-10-03T12:25:26.216+0000] {dag.py:2573} INFO - Sync 1 DAGs
[2022-10-03T12:25:26.420+0000] {logging_mixin.py:117} INFO - [2022-10-03T12:25:26.419+0000] {dag.py:3328} INFO - Setting next_dagrun for tutorial_dag to None, run_after=None
[2022-10-03T12:25:26.469+0000] {processor.py:178} INFO - Processing /home/airflow/.local/lib/python3.7/site-packages/airflow/example_dags/tutorial_dag.py took 0.324 seconds
[2022-10-03T12:25:57.583+0000] {processor.py:156} INFO - Started process (PID=858) to work on /home/airflow/.local/lib/python3.7/site-packages/airflow/example_dags/tutorial_dag.py
[2022-10-03T12:25:57.584+0000] {processor.py:758} INFO - Processing file /home/airflow/.local/lib/python3.7/site-packages/airflow/example_dags/tutorial_dag.py for tasks to queue
[2022-10-03T12:25:57.585+0000] {logging_mixin.py:117} INFO - [2022-10-03T12:25:57.584+0000] {dagbag.py:525} INFO - Filling up the DagBag from /home/airflow/.local/lib/python3.7/site-packages/airflow/example_dags/tutorial_dag.py
[2022-10-03T12:25:57.603+0000] {processor.py:768} INFO - DAG(s) dict_keys(['tutorial_dag']) retrieved from /home/airflow/.local/lib/python3.7/site-packages/airflow/example_dags/tutorial_dag.py
[2022-10-03T12:25:57.807+0000] {logging_mixin.py:117} INFO - [2022-10-03T12:25:57.807+0000] {dag.py:2573} INFO - Sync 1 DAGs
[2022-10-03T12:25:57.846+0000] {logging_mixin.py:117} INFO - [2022-10-03T12:25:57.845+0000] {dag.py:3328} INFO - Setting next_dagrun for tutorial_dag to None, run_after=None
[2022-10-03T12:25:57.874+0000] {processor.py:178} INFO - Processing /home/airflow/.local/lib/python3.7/site-packages/airflow/example_dags/tutorial_dag.py took 0.298 seconds
[2022-10-03T12:26:28.983+0000] {processor.py:156} INFO - Started process (PID=1057) to work on /home/airflow/.local/lib/python3.7/site-packages/airflow/example_dags/tutorial_dag.py
[2022-10-03T12:26:28.985+0000] {processor.py:758} INFO - Processing file /home/airflow/.local/lib/python3.7/site-packages/airflow/example_dags/tutorial_dag.py for tasks to queue
[2022-10-03T12:26:28.988+0000] {logging_mixin.py:117} INFO - [2022-10-03T12:26:28.987+0000] {dagbag.py:525} INFO - Filling up the DagBag from /home/airflow/.local/lib/python3.7/site-packages/airflow/example_dags/tutorial_dag.py
[2022-10-03T12:26:29.038+0000] {processor.py:768} INFO - DAG(s) dict_keys(['tutorial_dag']) retrieved from /home/airflow/.local/lib/python3.7/site-packages/airflow/example_dags/tutorial_dag.py
[2022-10-03T12:26:29.462+0000] {logging_mixin.py:117} INFO - [2022-10-03T12:26:29.461+0000] {dag.py:2573} INFO - Sync 1 DAGs
[2022-10-03T12:26:29.553+0000] {logging_mixin.py:117} INFO - [2022-10-03T12:26:29.553+0000] {dag.py:3328} INFO - Setting next_dagrun for tutorial_dag to None, run_after=None
[2022-10-03T12:26:29.608+0000] {processor.py:178} INFO - Processing /home/airflow/.local/lib/python3.7/site-packages/airflow/example_dags/tutorial_dag.py took 0.631 seconds
[2022-10-03T12:27:00.048+0000] {processor.py:156} INFO - Started process (PID=1275) to work on /home/airflow/.local/lib/python3.7/site-packages/airflow/example_dags/tutorial_dag.py
[2022-10-03T12:27:00.049+0000] {processor.py:758} INFO - Processing file /home/airflow/.local/lib/python3.7/site-packages/airflow/example_dags/tutorial_dag.py for tasks to queue
[2022-10-03T12:27:00.050+0000] {logging_mixin.py:117} INFO - [2022-10-03T12:27:00.050+0000] {dagbag.py:525} INFO - Filling up the DagBag from /home/airflow/.local/lib/python3.7/site-packages/airflow/example_dags/tutorial_dag.py
[2022-10-03T12:27:00.063+0000] {processor.py:768} INFO - DAG(s) dict_keys(['tutorial_dag']) retrieved from /home/airflow/.local/lib/python3.7/site-packages/airflow/example_dags/tutorial_dag.py
[2022-10-03T12:27:00.200+0000] {logging_mixin.py:117} INFO - [2022-10-03T12:27:00.200+0000] {dag.py:2573} INFO - Sync 1 DAGs
[2022-10-03T12:27:00.224+0000] {logging_mixin.py:117} INFO - [2022-10-03T12:27:00.224+0000] {dag.py:3328} INFO - Setting next_dagrun for tutorial_dag to None, run_after=None
[2022-10-03T12:27:00.248+0000] {processor.py:178} INFO - Processing /home/airflow/.local/lib/python3.7/site-packages/airflow/example_dags/tutorial_dag.py took 0.203 seconds
[2022-10-03T12:27:30.426+0000] {processor.py:156} INFO - Started process (PID=1498) to work on /home/airflow/.local/lib/python3.7/site-packages/airflow/example_dags/tutorial_dag.py
[2022-10-03T12:27:30.427+0000] {processor.py:758} INFO - Processing file /home/airflow/.local/lib/python3.7/site-packages/airflow/example_dags/tutorial_dag.py for tasks to queue
[2022-10-03T12:27:30.428+0000] {logging_mixin.py:117} INFO - [2022-10-03T12:27:30.428+0000] {dagbag.py:525} INFO - Filling up the DagBag from /home/airflow/.local/lib/python3.7/site-packages/airflow/example_dags/tutorial_dag.py
[2022-10-03T12:27:30.448+0000] {processor.py:768} INFO - DAG(s) dict_keys(['tutorial_dag']) retrieved from /home/airflow/.local/lib/python3.7/site-packages/airflow/example_dags/tutorial_dag.py
[2022-10-03T12:27:30.504+0000] {logging_mixin.py:117} INFO - [2022-10-03T12:27:30.503+0000] {dag.py:2573} INFO - Sync 1 DAGs
[2022-10-03T12:27:30.540+0000] {logging_mixin.py:117} INFO - [2022-10-03T12:27:30.540+0000] {dag.py:3328} INFO - Setting next_dagrun for tutorial_dag to None, run_after=None
[2022-10-03T12:27:30.564+0000] {processor.py:178} INFO - Processing /home/airflow/.local/lib/python3.7/site-packages/airflow/example_dags/tutorial_dag.py took 0.274 seconds
[2022-10-03T12:28:01.517+0000] {processor.py:156} INFO - Started process (PID=1705) to work on /home/airflow/.local/lib/python3.7/site-packages/airflow/example_dags/tutorial_dag.py
[2022-10-03T12:28:01.518+0000] {processor.py:758} INFO - Processing file /home/airflow/.local/lib/python3.7/site-packages/airflow/example_dags/tutorial_dag.py for tasks to queue
[2022-10-03T12:28:01.519+0000] {logging_mixin.py:117} INFO - [2022-10-03T12:28:01.519+0000] {dagbag.py:525} INFO - Filling up the DagBag from /home/airflow/.local/lib/python3.7/site-packages/airflow/example_dags/tutorial_dag.py
[2022-10-03T12:28:01.539+0000] {processor.py:768} INFO - DAG(s) dict_keys(['tutorial_dag']) retrieved from /home/airflow/.local/lib/python3.7/site-packages/airflow/example_dags/tutorial_dag.py
[2022-10-03T12:28:01.610+0000] {logging_mixin.py:117} INFO - [2022-10-03T12:28:01.610+0000] {dag.py:2573} INFO - Sync 1 DAGs
[2022-10-03T12:28:01.655+0000] {logging_mixin.py:117} INFO - [2022-10-03T12:28:01.655+0000] {dag.py:3328} INFO - Setting next_dagrun for tutorial_dag to None, run_after=None
[2022-10-03T12:28:01.717+0000] {processor.py:178} INFO - Processing /home/airflow/.local/lib/python3.7/site-packages/airflow/example_dags/tutorial_dag.py took 0.205 seconds
[2022-10-03T12:28:31.759+0000] {processor.py:156} INFO - Started process (PID=1904) to work on /home/airflow/.local/lib/python3.7/site-packages/airflow/example_dags/tutorial_dag.py
[2022-10-03T12:28:31.759+0000] {processor.py:758} INFO - Processing file /home/airflow/.local/lib/python3.7/site-packages/airflow/example_dags/tutorial_dag.py for tasks to queue
[2022-10-03T12:28:31.760+0000] {logging_mixin.py:117} INFO - [2022-10-03T12:28:31.760+0000] {dagbag.py:525} INFO - Filling up the DagBag from /home/airflow/.local/lib/python3.7/site-packages/airflow/example_dags/tutorial_dag.py
[2022-10-03T12:28:31.779+0000] {processor.py:768} INFO - DAG(s) dict_keys(['tutorial_dag']) retrieved from /home/airflow/.local/lib/python3.7/site-packages/airflow/example_dags/tutorial_dag.py
[2022-10-03T12:28:31.827+0000] {logging_mixin.py:117} INFO - [2022-10-03T12:28:31.827+0000] {dag.py:2573} INFO - Sync 1 DAGs
[2022-10-03T12:28:31.857+0000] {logging_mixin.py:117} INFO - [2022-10-03T12:28:31.857+0000] {dag.py:3328} INFO - Setting next_dagrun for tutorial_dag to None, run_after=None
[2022-10-03T12:28:31.889+0000] {processor.py:178} INFO - Processing /home/airflow/.local/lib/python3.7/site-packages/airflow/example_dags/tutorial_dag.py took 0.135 seconds
[2022-10-03T12:29:02.509+0000] {processor.py:156} INFO - Started process (PID=2111) to work on /home/airflow/.local/lib/python3.7/site-packages/airflow/example_dags/tutorial_dag.py
[2022-10-03T12:29:02.510+0000] {processor.py:758} INFO - Processing file /home/airflow/.local/lib/python3.7/site-packages/airflow/example_dags/tutorial_dag.py for tasks to queue
[2022-10-03T12:29:02.511+0000] {logging_mixin.py:117} INFO - [2022-10-03T12:29:02.511+0000] {dagbag.py:525} INFO - Filling up the DagBag from /home/airflow/.local/lib/python3.7/site-packages/airflow/example_dags/tutorial_dag.py
[2022-10-03T12:29:02.527+0000] {processor.py:768} INFO - DAG(s) dict_keys(['tutorial_dag']) retrieved from /home/airflow/.local/lib/python3.7/site-packages/airflow/example_dags/tutorial_dag.py
[2022-10-03T12:29:02.572+0000] {logging_mixin.py:117} INFO - [2022-10-03T12:29:02.572+0000] {dag.py:2573} INFO - Sync 1 DAGs
[2022-10-03T12:29:02.603+0000] {logging_mixin.py:117} INFO - [2022-10-03T12:29:02.603+0000] {dag.py:3328} INFO - Setting next_dagrun for tutorial_dag to None, run_after=None
[2022-10-03T12:29:02.630+0000] {processor.py:178} INFO - Processing /home/airflow/.local/lib/python3.7/site-packages/airflow/example_dags/tutorial_dag.py took 0.124 seconds
[2022-10-03T12:29:33.488+0000] {processor.py:156} INFO - Started process (PID=2309) to work on /home/airflow/.local/lib/python3.7/site-packages/airflow/example_dags/tutorial_dag.py
[2022-10-03T12:29:33.489+0000] {processor.py:758} INFO - Processing file /home/airflow/.local/lib/python3.7/site-packages/airflow/example_dags/tutorial_dag.py for tasks to queue
[2022-10-03T12:29:33.489+0000] {logging_mixin.py:117} INFO - [2022-10-03T12:29:33.489+0000] {dagbag.py:525} INFO - Filling up the DagBag from /home/airflow/.local/lib/python3.7/site-packages/airflow/example_dags/tutorial_dag.py
[2022-10-03T12:29:33.505+0000] {processor.py:768} INFO - DAG(s) dict_keys(['tutorial_dag']) retrieved from /home/airflow/.local/lib/python3.7/site-packages/airflow/example_dags/tutorial_dag.py
[2022-10-03T12:29:33.551+0000] {logging_mixin.py:117} INFO - [2022-10-03T12:29:33.551+0000] {dag.py:2573} INFO - Sync 1 DAGs
[2022-10-03T12:29:33.582+0000] {logging_mixin.py:117} INFO - [2022-10-03T12:29:33.582+0000] {dag.py:3328} INFO - Setting next_dagrun for tutorial_dag to None, run_after=None
[2022-10-03T12:29:33.610+0000] {processor.py:178} INFO - Processing /home/airflow/.local/lib/python3.7/site-packages/airflow/example_dags/tutorial_dag.py took 0.125 seconds
[2022-10-03T12:30:03.678+0000] {processor.py:156} INFO - Started process (PID=2516) to work on /home/airflow/.local/lib/python3.7/site-packages/airflow/example_dags/tutorial_dag.py
[2022-10-03T12:30:03.679+0000] {processor.py:758} INFO - Processing file /home/airflow/.local/lib/python3.7/site-packages/airflow/example_dags/tutorial_dag.py for tasks to queue
[2022-10-03T12:30:03.679+0000] {logging_mixin.py:117} INFO - [2022-10-03T12:30:03.679+0000] {dagbag.py:525} INFO - Filling up the DagBag from /home/airflow/.local/lib/python3.7/site-packages/airflow/example_dags/tutorial_dag.py
[2022-10-03T12:30:03.693+0000] {processor.py:768} INFO - DAG(s) dict_keys(['tutorial_dag']) retrieved from /home/airflow/.local/lib/python3.7/site-packages/airflow/example_dags/tutorial_dag.py
[2022-10-03T12:30:03.736+0000] {logging_mixin.py:117} INFO - [2022-10-03T12:30:03.735+0000] {dag.py:2573} INFO - Sync 1 DAGs
[2022-10-03T12:30:03.767+0000] {logging_mixin.py:117} INFO - [2022-10-03T12:30:03.767+0000] {dag.py:3328} INFO - Setting next_dagrun for tutorial_dag to None, run_after=None
[2022-10-03T12:30:03.796+0000] {processor.py:178} INFO - Processing /home/airflow/.local/lib/python3.7/site-packages/airflow/example_dags/tutorial_dag.py took 0.121 seconds
[2022-10-03T12:30:33.927+0000] {processor.py:156} INFO - Started process (PID=2714) to work on /home/airflow/.local/lib/python3.7/site-packages/airflow/example_dags/tutorial_dag.py
[2022-10-03T12:30:33.929+0000] {processor.py:758} INFO - Processing file /home/airflow/.local/lib/python3.7/site-packages/airflow/example_dags/tutorial_dag.py for tasks to queue
[2022-10-03T12:30:33.930+0000] {logging_mixin.py:117} INFO - [2022-10-03T12:30:33.930+0000] {dagbag.py:525} INFO - Filling up the DagBag from /home/airflow/.local/lib/python3.7/site-packages/airflow/example_dags/tutorial_dag.py
[2022-10-03T12:30:33.945+0000] {processor.py:768} INFO - DAG(s) dict_keys(['tutorial_dag']) retrieved from /home/airflow/.local/lib/python3.7/site-packages/airflow/example_dags/tutorial_dag.py
[2022-10-03T12:30:33.990+0000] {logging_mixin.py:117} INFO - [2022-10-03T12:30:33.990+0000] {dag.py:2573} INFO - Sync 1 DAGs
[2022-10-03T12:30:34.023+0000] {logging_mixin.py:117} INFO - [2022-10-03T12:30:34.023+0000] {dag.py:3328} INFO - Setting next_dagrun for tutorial_dag to None, run_after=None
[2022-10-03T12:30:34.052+0000] {processor.py:178} INFO - Processing /home/airflow/.local/lib/python3.7/site-packages/airflow/example_dags/tutorial_dag.py took 0.129 seconds
[2022-10-03T12:31:04.470+0000] {processor.py:156} INFO - Started process (PID=2921) to work on /home/airflow/.local/lib/python3.7/site-packages/airflow/example_dags/tutorial_dag.py
[2022-10-03T12:31:04.471+0000] {processor.py:758} INFO - Processing file /home/airflow/.local/lib/python3.7/site-packages/airflow/example_dags/tutorial_dag.py for tasks to queue
[2022-10-03T12:31:04.473+0000] {logging_mixin.py:117} INFO - [2022-10-03T12:31:04.473+0000] {dagbag.py:525} INFO - Filling up the DagBag from /home/airflow/.local/lib/python3.7/site-packages/airflow/example_dags/tutorial_dag.py
[2022-10-03T12:31:04.506+0000] {processor.py:768} INFO - DAG(s) dict_keys(['tutorial_dag']) retrieved from /home/airflow/.local/lib/python3.7/site-packages/airflow/example_dags/tutorial_dag.py
[2022-10-03T12:31:04.607+0000] {logging_mixin.py:117} INFO - [2022-10-03T12:31:04.606+0000] {dag.py:2573} INFO - Sync 1 DAGs
[2022-10-03T12:31:04.672+0000] {logging_mixin.py:117} INFO - [2022-10-03T12:31:04.672+0000] {dag.py:3328} INFO - Setting next_dagrun for tutorial_dag to None, run_after=None
[2022-10-03T12:31:04.724+0000] {processor.py:178} INFO - Processing /home/airflow/.local/lib/python3.7/site-packages/airflow/example_dags/tutorial_dag.py took 0.261 seconds
[2022-10-03T12:31:34.840+0000] {processor.py:156} INFO - Started process (PID=3128) to work on /home/airflow/.local/lib/python3.7/site-packages/airflow/example_dags/tutorial_dag.py
[2022-10-03T12:31:34.842+0000] {processor.py:758} INFO - Processing file /home/airflow/.local/lib/python3.7/site-packages/airflow/example_dags/tutorial_dag.py for tasks to queue
[2022-10-03T12:31:34.843+0000] {logging_mixin.py:117} INFO - [2022-10-03T12:31:34.843+0000] {dagbag.py:525} INFO - Filling up the DagBag from /home/airflow/.local/lib/python3.7/site-packages/airflow/example_dags/tutorial_dag.py
[2022-10-03T12:31:34.876+0000] {processor.py:768} INFO - DAG(s) dict_keys(['tutorial_dag']) retrieved from /home/airflow/.local/lib/python3.7/site-packages/airflow/example_dags/tutorial_dag.py
[2022-10-03T12:31:34.979+0000] {logging_mixin.py:117} INFO - [2022-10-03T12:31:34.978+0000] {dag.py:2573} INFO - Sync 1 DAGs
[2022-10-03T12:31:35.059+0000] {logging_mixin.py:117} INFO - [2022-10-03T12:31:35.059+0000] {dag.py:3328} INFO - Setting next_dagrun for tutorial_dag to None, run_after=None
[2022-10-03T12:31:35.114+0000] {processor.py:178} INFO - Processing /home/airflow/.local/lib/python3.7/site-packages/airflow/example_dags/tutorial_dag.py took 0.280 seconds
[2022-10-03T12:32:05.249+0000] {processor.py:156} INFO - Started process (PID=3326) to work on /home/airflow/.local/lib/python3.7/site-packages/airflow/example_dags/tutorial_dag.py
[2022-10-03T12:32:05.250+0000] {processor.py:758} INFO - Processing file /home/airflow/.local/lib/python3.7/site-packages/airflow/example_dags/tutorial_dag.py for tasks to queue
[2022-10-03T12:32:05.251+0000] {logging_mixin.py:117} INFO - [2022-10-03T12:32:05.251+0000] {dagbag.py:525} INFO - Filling up the DagBag from /home/airflow/.local/lib/python3.7/site-packages/airflow/example_dags/tutorial_dag.py
[2022-10-03T12:32:05.266+0000] {processor.py:768} INFO - DAG(s) dict_keys(['tutorial_dag']) retrieved from /home/airflow/.local/lib/python3.7/site-packages/airflow/example_dags/tutorial_dag.py
[2022-10-03T12:32:05.312+0000] {logging_mixin.py:117} INFO - [2022-10-03T12:32:05.312+0000] {dag.py:2573} INFO - Sync 1 DAGs
[2022-10-03T12:32:05.343+0000] {logging_mixin.py:117} INFO - [2022-10-03T12:32:05.342+0000] {dag.py:3328} INFO - Setting next_dagrun for tutorial_dag to None, run_after=None
[2022-10-03T12:32:05.383+0000] {processor.py:178} INFO - Processing /home/airflow/.local/lib/python3.7/site-packages/airflow/example_dags/tutorial_dag.py took 0.137 seconds
[2022-10-03T12:32:35.666+0000] {processor.py:156} INFO - Started process (PID=3533) to work on /home/airflow/.local/lib/python3.7/site-packages/airflow/example_dags/tutorial_dag.py
[2022-10-03T12:32:35.667+0000] {processor.py:758} INFO - Processing file /home/airflow/.local/lib/python3.7/site-packages/airflow/example_dags/tutorial_dag.py for tasks to queue
[2022-10-03T12:32:35.668+0000] {logging_mixin.py:117} INFO - [2022-10-03T12:32:35.668+0000] {dagbag.py:525} INFO - Filling up the DagBag from /home/airflow/.local/lib/python3.7/site-packages/airflow/example_dags/tutorial_dag.py
[2022-10-03T12:32:35.700+0000] {processor.py:768} INFO - DAG(s) dict_keys(['tutorial_dag']) retrieved from /home/airflow/.local/lib/python3.7/site-packages/airflow/example_dags/tutorial_dag.py
[2022-10-03T12:32:35.798+0000] {logging_mixin.py:117} INFO - [2022-10-03T12:32:35.798+0000] {dag.py:2573} INFO - Sync 1 DAGs
[2022-10-03T12:32:35.858+0000] {logging_mixin.py:117} INFO - [2022-10-03T12:32:35.858+0000] {dag.py:3328} INFO - Setting next_dagrun for tutorial_dag to None, run_after=None
[2022-10-03T12:32:35.905+0000] {processor.py:178} INFO - Processing /home/airflow/.local/lib/python3.7/site-packages/airflow/example_dags/tutorial_dag.py took 0.246 seconds
[2022-10-03T12:33:05.989+0000] {processor.py:156} INFO - Started process (PID=3731) to work on /home/airflow/.local/lib/python3.7/site-packages/airflow/example_dags/tutorial_dag.py
[2022-10-03T12:33:05.990+0000] {processor.py:758} INFO - Processing file /home/airflow/.local/lib/python3.7/site-packages/airflow/example_dags/tutorial_dag.py for tasks to queue
[2022-10-03T12:33:05.992+0000] {logging_mixin.py:117} INFO - [2022-10-03T12:33:05.991+0000] {dagbag.py:525} INFO - Filling up the DagBag from /home/airflow/.local/lib/python3.7/site-packages/airflow/example_dags/tutorial_dag.py
[2022-10-03T12:33:06.011+0000] {processor.py:768} INFO - DAG(s) dict_keys(['tutorial_dag']) retrieved from /home/airflow/.local/lib/python3.7/site-packages/airflow/example_dags/tutorial_dag.py
[2022-10-03T12:33:06.059+0000] {logging_mixin.py:117} INFO - [2022-10-03T12:33:06.059+0000] {dag.py:2573} INFO - Sync 1 DAGs
[2022-10-03T12:33:06.088+0000] {logging_mixin.py:117} INFO - [2022-10-03T12:33:06.088+0000] {dag.py:3328} INFO - Setting next_dagrun for tutorial_dag to None, run_after=None
[2022-10-03T12:33:06.120+0000] {processor.py:178} INFO - Processing /home/airflow/.local/lib/python3.7/site-packages/airflow/example_dags/tutorial_dag.py took 0.134 seconds
[2022-10-03T12:33:36.664+0000] {processor.py:156} INFO - Started process (PID=3938) to work on /home/airflow/.local/lib/python3.7/site-packages/airflow/example_dags/tutorial_dag.py
[2022-10-03T12:33:36.665+0000] {processor.py:758} INFO - Processing file /home/airflow/.local/lib/python3.7/site-packages/airflow/example_dags/tutorial_dag.py for tasks to queue
[2022-10-03T12:33:36.666+0000] {logging_mixin.py:117} INFO - [2022-10-03T12:33:36.666+0000] {dagbag.py:525} INFO - Filling up the DagBag from /home/airflow/.local/lib/python3.7/site-packages/airflow/example_dags/tutorial_dag.py
[2022-10-03T12:33:36.681+0000] {processor.py:768} INFO - DAG(s) dict_keys(['tutorial_dag']) retrieved from /home/airflow/.local/lib/python3.7/site-packages/airflow/example_dags/tutorial_dag.py
[2022-10-03T12:33:36.733+0000] {logging_mixin.py:117} INFO - [2022-10-03T12:33:36.733+0000] {dag.py:2573} INFO - Sync 1 DAGs
[2022-10-03T12:33:36.764+0000] {logging_mixin.py:117} INFO - [2022-10-03T12:33:36.764+0000] {dag.py:3328} INFO - Setting next_dagrun for tutorial_dag to None, run_after=None
[2022-10-03T12:33:36.794+0000] {processor.py:178} INFO - Processing /home/airflow/.local/lib/python3.7/site-packages/airflow/example_dags/tutorial_dag.py took 0.133 seconds
[2022-10-03T12:34:07.143+0000] {processor.py:156} INFO - Started process (PID=4136) to work on /home/airflow/.local/lib/python3.7/site-packages/airflow/example_dags/tutorial_dag.py
[2022-10-03T12:34:07.145+0000] {processor.py:758} INFO - Processing file /home/airflow/.local/lib/python3.7/site-packages/airflow/example_dags/tutorial_dag.py for tasks to queue
[2022-10-03T12:34:07.146+0000] {logging_mixin.py:117} INFO - [2022-10-03T12:34:07.146+0000] {dagbag.py:525} INFO - Filling up the DagBag from /home/airflow/.local/lib/python3.7/site-packages/airflow/example_dags/tutorial_dag.py
[2022-10-03T12:34:07.179+0000] {processor.py:768} INFO - DAG(s) dict_keys(['tutorial_dag']) retrieved from /home/airflow/.local/lib/python3.7/site-packages/airflow/example_dags/tutorial_dag.py
[2022-10-03T12:34:07.276+0000] {logging_mixin.py:117} INFO - [2022-10-03T12:34:07.275+0000] {dag.py:2573} INFO - Sync 1 DAGs
[2022-10-03T12:34:07.349+0000] {logging_mixin.py:117} INFO - [2022-10-03T12:34:07.349+0000] {dag.py:3328} INFO - Setting next_dagrun for tutorial_dag to None, run_after=None
[2022-10-03T12:34:07.397+0000] {processor.py:178} INFO - Processing /home/airflow/.local/lib/python3.7/site-packages/airflow/example_dags/tutorial_dag.py took 0.263 seconds
[2022-10-03T12:34:37.550+0000] {processor.py:156} INFO - Started process (PID=4344) to work on /home/airflow/.local/lib/python3.7/site-packages/airflow/example_dags/tutorial_dag.py
[2022-10-03T12:34:37.552+0000] {processor.py:758} INFO - Processing file /home/airflow/.local/lib/python3.7/site-packages/airflow/example_dags/tutorial_dag.py for tasks to queue
[2022-10-03T12:34:37.553+0000] {logging_mixin.py:117} INFO - [2022-10-03T12:34:37.553+0000] {dagbag.py:525} INFO - Filling up the DagBag from /home/airflow/.local/lib/python3.7/site-packages/airflow/example_dags/tutorial_dag.py
[2022-10-03T12:34:37.568+0000] {processor.py:768} INFO - DAG(s) dict_keys(['tutorial_dag']) retrieved from /home/airflow/.local/lib/python3.7/site-packages/airflow/example_dags/tutorial_dag.py
[2022-10-03T12:34:37.619+0000] {logging_mixin.py:117} INFO - [2022-10-03T12:34:37.619+0000] {dag.py:2573} INFO - Sync 1 DAGs
[2022-10-03T12:34:37.649+0000] {logging_mixin.py:117} INFO - [2022-10-03T12:34:37.649+0000] {dag.py:3328} INFO - Setting next_dagrun for tutorial_dag to None, run_after=None
[2022-10-03T12:34:37.678+0000] {processor.py:178} INFO - Processing /home/airflow/.local/lib/python3.7/site-packages/airflow/example_dags/tutorial_dag.py took 0.130 seconds
[2022-10-03T12:35:08.427+0000] {processor.py:156} INFO - Started process (PID=4549) to work on /home/airflow/.local/lib/python3.7/site-packages/airflow/example_dags/tutorial_dag.py
[2022-10-03T12:35:08.429+0000] {processor.py:758} INFO - Processing file /home/airflow/.local/lib/python3.7/site-packages/airflow/example_dags/tutorial_dag.py for tasks to queue
[2022-10-03T12:35:08.430+0000] {logging_mixin.py:117} INFO - [2022-10-03T12:35:08.430+0000] {dagbag.py:525} INFO - Filling up the DagBag from /home/airflow/.local/lib/python3.7/site-packages/airflow/example_dags/tutorial_dag.py
[2022-10-03T12:35:08.463+0000] {processor.py:768} INFO - DAG(s) dict_keys(['tutorial_dag']) retrieved from /home/airflow/.local/lib/python3.7/site-packages/airflow/example_dags/tutorial_dag.py
[2022-10-03T12:35:08.560+0000] {logging_mixin.py:117} INFO - [2022-10-03T12:35:08.559+0000] {dag.py:2573} INFO - Sync 1 DAGs
[2022-10-03T12:35:08.623+0000] {logging_mixin.py:117} INFO - [2022-10-03T12:35:08.623+0000] {dag.py:3328} INFO - Setting next_dagrun for tutorial_dag to None, run_after=None
[2022-10-03T12:35:08.676+0000] {processor.py:178} INFO - Processing /home/airflow/.local/lib/python3.7/site-packages/airflow/example_dags/tutorial_dag.py took 0.256 seconds
[2022-10-03T12:35:39.212+0000] {processor.py:156} INFO - Started process (PID=4749) to work on /home/airflow/.local/lib/python3.7/site-packages/airflow/example_dags/tutorial_dag.py
[2022-10-03T12:35:39.214+0000] {processor.py:758} INFO - Processing file /home/airflow/.local/lib/python3.7/site-packages/airflow/example_dags/tutorial_dag.py for tasks to queue
[2022-10-03T12:35:39.215+0000] {logging_mixin.py:117} INFO - [2022-10-03T12:35:39.215+0000] {dagbag.py:525} INFO - Filling up the DagBag from /home/airflow/.local/lib/python3.7/site-packages/airflow/example_dags/tutorial_dag.py
[2022-10-03T12:35:39.247+0000] {processor.py:768} INFO - DAG(s) dict_keys(['tutorial_dag']) retrieved from /home/airflow/.local/lib/python3.7/site-packages/airflow/example_dags/tutorial_dag.py
[2022-10-03T12:35:39.315+0000] {logging_mixin.py:117} INFO - [2022-10-03T12:35:39.315+0000] {dag.py:2573} INFO - Sync 1 DAGs
[2022-10-03T12:35:39.349+0000] {logging_mixin.py:117} INFO - [2022-10-03T12:35:39.349+0000] {dag.py:3328} INFO - Setting next_dagrun for tutorial_dag to None, run_after=None
[2022-10-03T12:35:39.378+0000] {processor.py:178} INFO - Processing /home/airflow/.local/lib/python3.7/site-packages/airflow/example_dags/tutorial_dag.py took 0.176 seconds
[2022-10-03T12:36:09.435+0000] {processor.py:156} INFO - Started process (PID=4947) to work on /home/airflow/.local/lib/python3.7/site-packages/airflow/example_dags/tutorial_dag.py
[2022-10-03T12:36:09.436+0000] {processor.py:758} INFO - Processing file /home/airflow/.local/lib/python3.7/site-packages/airflow/example_dags/tutorial_dag.py for tasks to queue
[2022-10-03T12:36:09.437+0000] {logging_mixin.py:117} INFO - [2022-10-03T12:36:09.437+0000] {dagbag.py:525} INFO - Filling up the DagBag from /home/airflow/.local/lib/python3.7/site-packages/airflow/example_dags/tutorial_dag.py
[2022-10-03T12:36:09.458+0000] {processor.py:768} INFO - DAG(s) dict_keys(['tutorial_dag']) retrieved from /home/airflow/.local/lib/python3.7/site-packages/airflow/example_dags/tutorial_dag.py
[2022-10-03T12:36:09.575+0000] {logging_mixin.py:117} INFO - [2022-10-03T12:36:09.575+0000] {dag.py:2573} INFO - Sync 1 DAGs
[2022-10-03T12:36:09.606+0000] {logging_mixin.py:117} INFO - [2022-10-03T12:36:09.606+0000] {dag.py:3328} INFO - Setting next_dagrun for tutorial_dag to None, run_after=None
[2022-10-03T12:36:09.637+0000] {processor.py:178} INFO - Processing /home/airflow/.local/lib/python3.7/site-packages/airflow/example_dags/tutorial_dag.py took 0.206 seconds
[2022-10-03T12:36:40.034+0000] {processor.py:156} INFO - Started process (PID=5154) to work on /home/airflow/.local/lib/python3.7/site-packages/airflow/example_dags/tutorial_dag.py
[2022-10-03T12:36:40.036+0000] {processor.py:758} INFO - Processing file /home/airflow/.local/lib/python3.7/site-packages/airflow/example_dags/tutorial_dag.py for tasks to queue
[2022-10-03T12:36:40.038+0000] {logging_mixin.py:117} INFO - [2022-10-03T12:36:40.038+0000] {dagbag.py:525} INFO - Filling up the DagBag from /home/airflow/.local/lib/python3.7/site-packages/airflow/example_dags/tutorial_dag.py
[2022-10-03T12:36:40.082+0000] {processor.py:768} INFO - DAG(s) dict_keys(['tutorial_dag']) retrieved from /home/airflow/.local/lib/python3.7/site-packages/airflow/example_dags/tutorial_dag.py
[2022-10-03T12:36:40.182+0000] {logging_mixin.py:117} INFO - [2022-10-03T12:36:40.181+0000] {dag.py:2573} INFO - Sync 1 DAGs
[2022-10-03T12:36:40.250+0000] {logging_mixin.py:117} INFO - [2022-10-03T12:36:40.249+0000] {dag.py:3328} INFO - Setting next_dagrun for tutorial_dag to None, run_after=None
[2022-10-03T12:36:40.300+0000] {processor.py:178} INFO - Processing /home/airflow/.local/lib/python3.7/site-packages/airflow/example_dags/tutorial_dag.py took 0.277 seconds
[2022-10-03T12:37:11.111+0000] {processor.py:156} INFO - Started process (PID=5361) to work on /home/airflow/.local/lib/python3.7/site-packages/airflow/example_dags/tutorial_dag.py
[2022-10-03T12:37:11.113+0000] {processor.py:758} INFO - Processing file /home/airflow/.local/lib/python3.7/site-packages/airflow/example_dags/tutorial_dag.py for tasks to queue
[2022-10-03T12:37:11.115+0000] {logging_mixin.py:117} INFO - [2022-10-03T12:37:11.114+0000] {dagbag.py:525} INFO - Filling up the DagBag from /home/airflow/.local/lib/python3.7/site-packages/airflow/example_dags/tutorial_dag.py
[2022-10-03T12:37:11.155+0000] {processor.py:768} INFO - DAG(s) dict_keys(['tutorial_dag']) retrieved from /home/airflow/.local/lib/python3.7/site-packages/airflow/example_dags/tutorial_dag.py
[2022-10-03T12:37:11.264+0000] {logging_mixin.py:117} INFO - [2022-10-03T12:37:11.263+0000] {dag.py:2573} INFO - Sync 1 DAGs
[2022-10-03T12:37:11.338+0000] {logging_mixin.py:117} INFO - [2022-10-03T12:37:11.337+0000] {dag.py:3328} INFO - Setting next_dagrun for tutorial_dag to None, run_after=None
[2022-10-03T12:37:11.392+0000] {processor.py:178} INFO - Processing /home/airflow/.local/lib/python3.7/site-packages/airflow/example_dags/tutorial_dag.py took 0.288 seconds
[2022-10-03T12:37:41.530+0000] {processor.py:156} INFO - Started process (PID=5559) to work on /home/airflow/.local/lib/python3.7/site-packages/airflow/example_dags/tutorial_dag.py
[2022-10-03T12:37:41.532+0000] {processor.py:758} INFO - Processing file /home/airflow/.local/lib/python3.7/site-packages/airflow/example_dags/tutorial_dag.py for tasks to queue
[2022-10-03T12:37:41.533+0000] {logging_mixin.py:117} INFO - [2022-10-03T12:37:41.533+0000] {dagbag.py:525} INFO - Filling up the DagBag from /home/airflow/.local/lib/python3.7/site-packages/airflow/example_dags/tutorial_dag.py
[2022-10-03T12:37:41.569+0000] {processor.py:768} INFO - DAG(s) dict_keys(['tutorial_dag']) retrieved from /home/airflow/.local/lib/python3.7/site-packages/airflow/example_dags/tutorial_dag.py
[2022-10-03T12:37:41.665+0000] {logging_mixin.py:117} INFO - [2022-10-03T12:37:41.664+0000] {dag.py:2573} INFO - Sync 1 DAGs
[2022-10-03T12:37:41.739+0000] {logging_mixin.py:117} INFO - [2022-10-03T12:37:41.738+0000] {dag.py:3328} INFO - Setting next_dagrun for tutorial_dag to None, run_after=None
[2022-10-03T12:37:41.791+0000] {processor.py:178} INFO - Processing /home/airflow/.local/lib/python3.7/site-packages/airflow/example_dags/tutorial_dag.py took 0.267 seconds
[2022-10-03T12:38:12.096+0000] {processor.py:156} INFO - Started process (PID=5766) to work on /home/airflow/.local/lib/python3.7/site-packages/airflow/example_dags/tutorial_dag.py
[2022-10-03T12:38:12.097+0000] {processor.py:758} INFO - Processing file /home/airflow/.local/lib/python3.7/site-packages/airflow/example_dags/tutorial_dag.py for tasks to queue
[2022-10-03T12:38:12.098+0000] {logging_mixin.py:117} INFO - [2022-10-03T12:38:12.098+0000] {dagbag.py:525} INFO - Filling up the DagBag from /home/airflow/.local/lib/python3.7/site-packages/airflow/example_dags/tutorial_dag.py
[2022-10-03T12:38:12.114+0000] {processor.py:768} INFO - DAG(s) dict_keys(['tutorial_dag']) retrieved from /home/airflow/.local/lib/python3.7/site-packages/airflow/example_dags/tutorial_dag.py
[2022-10-03T12:38:12.160+0000] {logging_mixin.py:117} INFO - [2022-10-03T12:38:12.160+0000] {dag.py:2573} INFO - Sync 1 DAGs
[2022-10-03T12:38:12.190+0000] {logging_mixin.py:117} INFO - [2022-10-03T12:38:12.190+0000] {dag.py:3328} INFO - Setting next_dagrun for tutorial_dag to None, run_after=None
[2022-10-03T12:38:12.218+0000] {processor.py:178} INFO - Processing /home/airflow/.local/lib/python3.7/site-packages/airflow/example_dags/tutorial_dag.py took 0.124 seconds
[2022-10-03T12:38:42.680+0000] {processor.py:156} INFO - Started process (PID=5964) to work on /home/airflow/.local/lib/python3.7/site-packages/airflow/example_dags/tutorial_dag.py
[2022-10-03T12:38:42.680+0000] {processor.py:758} INFO - Processing file /home/airflow/.local/lib/python3.7/site-packages/airflow/example_dags/tutorial_dag.py for tasks to queue
[2022-10-03T12:38:42.681+0000] {logging_mixin.py:117} INFO - [2022-10-03T12:38:42.681+0000] {dagbag.py:525} INFO - Filling up the DagBag from /home/airflow/.local/lib/python3.7/site-packages/airflow/example_dags/tutorial_dag.py
[2022-10-03T12:38:42.699+0000] {processor.py:768} INFO - DAG(s) dict_keys(['tutorial_dag']) retrieved from /home/airflow/.local/lib/python3.7/site-packages/airflow/example_dags/tutorial_dag.py
[2022-10-03T12:38:42.749+0000] {logging_mixin.py:117} INFO - [2022-10-03T12:38:42.749+0000] {dag.py:2573} INFO - Sync 1 DAGs
[2022-10-03T12:38:42.780+0000] {logging_mixin.py:117} INFO - [2022-10-03T12:38:42.779+0000] {dag.py:3328} INFO - Setting next_dagrun for tutorial_dag to None, run_after=None
[2022-10-03T12:38:42.802+0000] {processor.py:178} INFO - Processing /home/airflow/.local/lib/python3.7/site-packages/airflow/example_dags/tutorial_dag.py took 0.126 seconds
[2022-10-03T12:39:13.459+0000] {processor.py:156} INFO - Started process (PID=6171) to work on /home/airflow/.local/lib/python3.7/site-packages/airflow/example_dags/tutorial_dag.py
[2022-10-03T12:39:13.460+0000] {processor.py:758} INFO - Processing file /home/airflow/.local/lib/python3.7/site-packages/airflow/example_dags/tutorial_dag.py for tasks to queue
[2022-10-03T12:39:13.461+0000] {logging_mixin.py:117} INFO - [2022-10-03T12:39:13.461+0000] {dagbag.py:525} INFO - Filling up the DagBag from /home/airflow/.local/lib/python3.7/site-packages/airflow/example_dags/tutorial_dag.py
[2022-10-03T12:39:13.483+0000] {processor.py:768} INFO - DAG(s) dict_keys(['tutorial_dag']) retrieved from /home/airflow/.local/lib/python3.7/site-packages/airflow/example_dags/tutorial_dag.py
[2022-10-03T12:39:13.538+0000] {logging_mixin.py:117} INFO - [2022-10-03T12:39:13.538+0000] {dag.py:2573} INFO - Sync 1 DAGs
[2022-10-03T12:39:13.571+0000] {logging_mixin.py:117} INFO - [2022-10-03T12:39:13.571+0000] {dag.py:3328} INFO - Setting next_dagrun for tutorial_dag to None, run_after=None
[2022-10-03T12:39:13.600+0000] {processor.py:178} INFO - Processing /home/airflow/.local/lib/python3.7/site-packages/airflow/example_dags/tutorial_dag.py took 0.144 seconds
[2022-10-03T12:39:43.843+0000] {processor.py:156} INFO - Started process (PID=6378) to work on /home/airflow/.local/lib/python3.7/site-packages/airflow/example_dags/tutorial_dag.py
[2022-10-03T12:39:43.844+0000] {processor.py:758} INFO - Processing file /home/airflow/.local/lib/python3.7/site-packages/airflow/example_dags/tutorial_dag.py for tasks to queue
[2022-10-03T12:39:43.845+0000] {logging_mixin.py:117} INFO - [2022-10-03T12:39:43.845+0000] {dagbag.py:525} INFO - Filling up the DagBag from /home/airflow/.local/lib/python3.7/site-packages/airflow/example_dags/tutorial_dag.py
[2022-10-03T12:39:43.860+0000] {processor.py:768} INFO - DAG(s) dict_keys(['tutorial_dag']) retrieved from /home/airflow/.local/lib/python3.7/site-packages/airflow/example_dags/tutorial_dag.py
[2022-10-03T12:39:43.910+0000] {logging_mixin.py:117} INFO - [2022-10-03T12:39:43.910+0000] {dag.py:2573} INFO - Sync 1 DAGs
[2022-10-03T12:39:43.940+0000] {logging_mixin.py:117} INFO - [2022-10-03T12:39:43.940+0000] {dag.py:3328} INFO - Setting next_dagrun for tutorial_dag to None, run_after=None
[2022-10-03T12:39:43.967+0000] {processor.py:178} INFO - Processing /home/airflow/.local/lib/python3.7/site-packages/airflow/example_dags/tutorial_dag.py took 0.129 seconds
[2022-10-03T12:40:14.361+0000] {processor.py:156} INFO - Started process (PID=6576) to work on /home/airflow/.local/lib/python3.7/site-packages/airflow/example_dags/tutorial_dag.py
[2022-10-03T12:40:14.363+0000] {processor.py:758} INFO - Processing file /home/airflow/.local/lib/python3.7/site-packages/airflow/example_dags/tutorial_dag.py for tasks to queue
[2022-10-03T12:40:14.363+0000] {logging_mixin.py:117} INFO - [2022-10-03T12:40:14.363+0000] {dagbag.py:525} INFO - Filling up the DagBag from /home/airflow/.local/lib/python3.7/site-packages/airflow/example_dags/tutorial_dag.py
[2022-10-03T12:40:14.382+0000] {processor.py:768} INFO - DAG(s) dict_keys(['tutorial_dag']) retrieved from /home/airflow/.local/lib/python3.7/site-packages/airflow/example_dags/tutorial_dag.py
[2022-10-03T12:40:14.435+0000] {logging_mixin.py:117} INFO - [2022-10-03T12:40:14.435+0000] {dag.py:2573} INFO - Sync 1 DAGs
[2022-10-03T12:40:14.465+0000] {logging_mixin.py:117} INFO - [2022-10-03T12:40:14.465+0000] {dag.py:3328} INFO - Setting next_dagrun for tutorial_dag to None, run_after=None
[2022-10-03T12:40:14.493+0000] {processor.py:178} INFO - Processing /home/airflow/.local/lib/python3.7/site-packages/airflow/example_dags/tutorial_dag.py took 0.135 seconds
[2022-10-03T12:40:45.934+0000] {processor.py:156} INFO - Started process (PID=6783) to work on /home/airflow/.local/lib/python3.7/site-packages/airflow/example_dags/tutorial_dag.py
[2022-10-03T12:40:45.935+0000] {processor.py:758} INFO - Processing file /home/airflow/.local/lib/python3.7/site-packages/airflow/example_dags/tutorial_dag.py for tasks to queue
[2022-10-03T12:40:45.937+0000] {logging_mixin.py:117} INFO - [2022-10-03T12:40:45.936+0000] {dagbag.py:525} INFO - Filling up the DagBag from /home/airflow/.local/lib/python3.7/site-packages/airflow/example_dags/tutorial_dag.py
[2022-10-03T12:40:45.974+0000] {processor.py:768} INFO - DAG(s) dict_keys(['tutorial_dag']) retrieved from /home/airflow/.local/lib/python3.7/site-packages/airflow/example_dags/tutorial_dag.py
[2022-10-03T12:40:46.079+0000] {logging_mixin.py:117} INFO - [2022-10-03T12:40:46.078+0000] {dag.py:2573} INFO - Sync 1 DAGs
[2022-10-03T12:40:46.144+0000] {logging_mixin.py:117} INFO - [2022-10-03T12:40:46.144+0000] {dag.py:3328} INFO - Setting next_dagrun for tutorial_dag to None, run_after=None
[2022-10-03T12:40:46.196+0000] {processor.py:178} INFO - Processing /home/airflow/.local/lib/python3.7/site-packages/airflow/example_dags/tutorial_dag.py took 0.270 seconds
[2022-10-03T12:41:16.488+0000] {processor.py:156} INFO - Started process (PID=6981) to work on /home/airflow/.local/lib/python3.7/site-packages/airflow/example_dags/tutorial_dag.py
[2022-10-03T12:41:16.490+0000] {processor.py:758} INFO - Processing file /home/airflow/.local/lib/python3.7/site-packages/airflow/example_dags/tutorial_dag.py for tasks to queue
[2022-10-03T12:41:16.491+0000] {logging_mixin.py:117} INFO - [2022-10-03T12:41:16.491+0000] {dagbag.py:525} INFO - Filling up the DagBag from /home/airflow/.local/lib/python3.7/site-packages/airflow/example_dags/tutorial_dag.py
[2022-10-03T12:41:16.525+0000] {processor.py:768} INFO - DAG(s) dict_keys(['tutorial_dag']) retrieved from /home/airflow/.local/lib/python3.7/site-packages/airflow/example_dags/tutorial_dag.py
[2022-10-03T12:41:16.619+0000] {logging_mixin.py:117} INFO - [2022-10-03T12:41:16.618+0000] {dag.py:2573} INFO - Sync 1 DAGs
[2022-10-03T12:41:16.694+0000] {logging_mixin.py:117} INFO - [2022-10-03T12:41:16.694+0000] {dag.py:3328} INFO - Setting next_dagrun for tutorial_dag to None, run_after=None
[2022-10-03T12:41:16.747+0000] {processor.py:178} INFO - Processing /home/airflow/.local/lib/python3.7/site-packages/airflow/example_dags/tutorial_dag.py took 0.266 seconds
[2022-10-03T12:41:47.692+0000] {processor.py:156} INFO - Started process (PID=7188) to work on /home/airflow/.local/lib/python3.7/site-packages/airflow/example_dags/tutorial_dag.py
[2022-10-03T12:41:47.694+0000] {processor.py:758} INFO - Processing file /home/airflow/.local/lib/python3.7/site-packages/airflow/example_dags/tutorial_dag.py for tasks to queue
[2022-10-03T12:41:47.695+0000] {logging_mixin.py:117} INFO - [2022-10-03T12:41:47.695+0000] {dagbag.py:525} INFO - Filling up the DagBag from /home/airflow/.local/lib/python3.7/site-packages/airflow/example_dags/tutorial_dag.py
[2022-10-03T12:41:47.728+0000] {processor.py:768} INFO - DAG(s) dict_keys(['tutorial_dag']) retrieved from /home/airflow/.local/lib/python3.7/site-packages/airflow/example_dags/tutorial_dag.py
[2022-10-03T12:41:47.824+0000] {logging_mixin.py:117} INFO - [2022-10-03T12:41:47.824+0000] {dag.py:2573} INFO - Sync 1 DAGs
[2022-10-03T12:41:47.890+0000] {logging_mixin.py:117} INFO - [2022-10-03T12:41:47.890+0000] {dag.py:3328} INFO - Setting next_dagrun for tutorial_dag to None, run_after=None
[2022-10-03T12:41:47.938+0000] {processor.py:178} INFO - Processing /home/airflow/.local/lib/python3.7/site-packages/airflow/example_dags/tutorial_dag.py took 0.253 seconds
[2022-10-03T12:42:18.130+0000] {processor.py:156} INFO - Started process (PID=7386) to work on /home/airflow/.local/lib/python3.7/site-packages/airflow/example_dags/tutorial_dag.py
[2022-10-03T12:42:18.131+0000] {processor.py:758} INFO - Processing file /home/airflow/.local/lib/python3.7/site-packages/airflow/example_dags/tutorial_dag.py for tasks to queue
[2022-10-03T12:42:18.132+0000] {logging_mixin.py:117} INFO - [2022-10-03T12:42:18.132+0000] {dagbag.py:525} INFO - Filling up the DagBag from /home/airflow/.local/lib/python3.7/site-packages/airflow/example_dags/tutorial_dag.py
[2022-10-03T12:42:18.147+0000] {processor.py:768} INFO - DAG(s) dict_keys(['tutorial_dag']) retrieved from /home/airflow/.local/lib/python3.7/site-packages/airflow/example_dags/tutorial_dag.py
[2022-10-03T12:42:18.188+0000] {logging_mixin.py:117} INFO - [2022-10-03T12:42:18.187+0000] {dag.py:2573} INFO - Sync 1 DAGs
[2022-10-03T12:42:18.216+0000] {logging_mixin.py:117} INFO - [2022-10-03T12:42:18.216+0000] {dag.py:3328} INFO - Setting next_dagrun for tutorial_dag to None, run_after=None
[2022-10-03T12:42:18.240+0000] {processor.py:178} INFO - Processing /home/airflow/.local/lib/python3.7/site-packages/airflow/example_dags/tutorial_dag.py took 0.114 seconds
[2022-10-03T12:42:49.350+0000] {processor.py:156} INFO - Started process (PID=7593) to work on /home/airflow/.local/lib/python3.7/site-packages/airflow/example_dags/tutorial_dag.py
[2022-10-03T12:42:49.352+0000] {processor.py:758} INFO - Processing file /home/airflow/.local/lib/python3.7/site-packages/airflow/example_dags/tutorial_dag.py for tasks to queue
[2022-10-03T12:42:49.353+0000] {logging_mixin.py:117} INFO - [2022-10-03T12:42:49.353+0000] {dagbag.py:525} INFO - Filling up the DagBag from /home/airflow/.local/lib/python3.7/site-packages/airflow/example_dags/tutorial_dag.py
[2022-10-03T12:42:49.386+0000] {processor.py:768} INFO - DAG(s) dict_keys(['tutorial_dag']) retrieved from /home/airflow/.local/lib/python3.7/site-packages/airflow/example_dags/tutorial_dag.py
[2022-10-03T12:42:49.488+0000] {logging_mixin.py:117} INFO - [2022-10-03T12:42:49.487+0000] {dag.py:2573} INFO - Sync 1 DAGs
[2022-10-03T12:42:49.569+0000] {logging_mixin.py:117} INFO - [2022-10-03T12:42:49.569+0000] {dag.py:3328} INFO - Setting next_dagrun for tutorial_dag to None, run_after=None
[2022-10-03T12:42:49.626+0000] {processor.py:178} INFO - Processing /home/airflow/.local/lib/python3.7/site-packages/airflow/example_dags/tutorial_dag.py took 0.285 seconds
[2022-10-03T12:43:20.050+0000] {processor.py:156} INFO - Started process (PID=7800) to work on /home/airflow/.local/lib/python3.7/site-packages/airflow/example_dags/tutorial_dag.py
[2022-10-03T12:43:20.051+0000] {processor.py:758} INFO - Processing file /home/airflow/.local/lib/python3.7/site-packages/airflow/example_dags/tutorial_dag.py for tasks to queue
[2022-10-03T12:43:20.053+0000] {logging_mixin.py:117} INFO - [2022-10-03T12:43:20.053+0000] {dagbag.py:525} INFO - Filling up the DagBag from /home/airflow/.local/lib/python3.7/site-packages/airflow/example_dags/tutorial_dag.py
[2022-10-03T12:43:20.069+0000] {processor.py:768} INFO - DAG(s) dict_keys(['tutorial_dag']) retrieved from /home/airflow/.local/lib/python3.7/site-packages/airflow/example_dags/tutorial_dag.py
[2022-10-03T12:43:20.109+0000] {logging_mixin.py:117} INFO - [2022-10-03T12:43:20.109+0000] {dag.py:2573} INFO - Sync 1 DAGs
[2022-10-03T12:43:20.138+0000] {logging_mixin.py:117} INFO - [2022-10-03T12:43:20.137+0000] {dag.py:3328} INFO - Setting next_dagrun for tutorial_dag to None, run_after=None
[2022-10-03T12:43:20.160+0000] {processor.py:178} INFO - Processing /home/airflow/.local/lib/python3.7/site-packages/airflow/example_dags/tutorial_dag.py took 0.113 seconds
[2022-10-03T12:43:50.599+0000] {processor.py:156} INFO - Started process (PID=7998) to work on /home/airflow/.local/lib/python3.7/site-packages/airflow/example_dags/tutorial_dag.py
[2022-10-03T12:43:50.600+0000] {processor.py:758} INFO - Processing file /home/airflow/.local/lib/python3.7/site-packages/airflow/example_dags/tutorial_dag.py for tasks to queue
[2022-10-03T12:43:50.601+0000] {logging_mixin.py:117} INFO - [2022-10-03T12:43:50.600+0000] {dagbag.py:525} INFO - Filling up the DagBag from /home/airflow/.local/lib/python3.7/site-packages/airflow/example_dags/tutorial_dag.py
[2022-10-03T12:43:50.617+0000] {processor.py:768} INFO - DAG(s) dict_keys(['tutorial_dag']) retrieved from /home/airflow/.local/lib/python3.7/site-packages/airflow/example_dags/tutorial_dag.py
[2022-10-03T12:43:50.659+0000] {logging_mixin.py:117} INFO - [2022-10-03T12:43:50.659+0000] {dag.py:2573} INFO - Sync 1 DAGs
[2022-10-03T12:43:50.688+0000] {logging_mixin.py:117} INFO - [2022-10-03T12:43:50.688+0000] {dag.py:3328} INFO - Setting next_dagrun for tutorial_dag to None, run_after=None
[2022-10-03T12:43:50.711+0000] {processor.py:178} INFO - Processing /home/airflow/.local/lib/python3.7/site-packages/airflow/example_dags/tutorial_dag.py took 0.116 seconds
[2022-10-03T12:44:20.760+0000] {processor.py:156} INFO - Started process (PID=8205) to work on /home/airflow/.local/lib/python3.7/site-packages/airflow/example_dags/tutorial_dag.py
[2022-10-03T12:44:20.761+0000] {processor.py:758} INFO - Processing file /home/airflow/.local/lib/python3.7/site-packages/airflow/example_dags/tutorial_dag.py for tasks to queue
[2022-10-03T12:44:20.762+0000] {logging_mixin.py:117} INFO - [2022-10-03T12:44:20.761+0000] {dagbag.py:525} INFO - Filling up the DagBag from /home/airflow/.local/lib/python3.7/site-packages/airflow/example_dags/tutorial_dag.py
[2022-10-03T12:44:20.778+0000] {processor.py:768} INFO - DAG(s) dict_keys(['tutorial_dag']) retrieved from /home/airflow/.local/lib/python3.7/site-packages/airflow/example_dags/tutorial_dag.py
[2022-10-03T12:44:20.816+0000] {logging_mixin.py:117} INFO - [2022-10-03T12:44:20.816+0000] {dag.py:2573} INFO - Sync 1 DAGs
[2022-10-03T12:44:20.845+0000] {logging_mixin.py:117} INFO - [2022-10-03T12:44:20.844+0000] {dag.py:3328} INFO - Setting next_dagrun for tutorial_dag to None, run_after=None
[2022-10-03T12:44:20.867+0000] {processor.py:178} INFO - Processing /home/airflow/.local/lib/python3.7/site-packages/airflow/example_dags/tutorial_dag.py took 0.110 seconds
[2022-10-03T12:44:52.158+0000] {processor.py:156} INFO - Started process (PID=8412) to work on /home/airflow/.local/lib/python3.7/site-packages/airflow/example_dags/tutorial_dag.py
[2022-10-03T12:44:52.160+0000] {processor.py:758} INFO - Processing file /home/airflow/.local/lib/python3.7/site-packages/airflow/example_dags/tutorial_dag.py for tasks to queue
[2022-10-03T12:44:52.162+0000] {logging_mixin.py:117} INFO - [2022-10-03T12:44:52.161+0000] {dagbag.py:525} INFO - Filling up the DagBag from /home/airflow/.local/lib/python3.7/site-packages/airflow/example_dags/tutorial_dag.py
[2022-10-03T12:44:52.194+0000] {processor.py:768} INFO - DAG(s) dict_keys(['tutorial_dag']) retrieved from /home/airflow/.local/lib/python3.7/site-packages/airflow/example_dags/tutorial_dag.py
[2022-10-03T12:44:52.282+0000] {logging_mixin.py:117} INFO - [2022-10-03T12:44:52.282+0000] {dag.py:2573} INFO - Sync 1 DAGs
[2022-10-03T12:44:52.313+0000] {logging_mixin.py:117} INFO - [2022-10-03T12:44:52.313+0000] {dag.py:3328} INFO - Setting next_dagrun for tutorial_dag to None, run_after=None
[2022-10-03T12:44:52.342+0000] {processor.py:178} INFO - Processing /home/airflow/.local/lib/python3.7/site-packages/airflow/example_dags/tutorial_dag.py took 0.191 seconds
[2022-10-03T12:45:22.923+0000] {processor.py:156} INFO - Started process (PID=8613) to work on /home/airflow/.local/lib/python3.7/site-packages/airflow/example_dags/tutorial_dag.py
[2022-10-03T12:45:22.925+0000] {processor.py:758} INFO - Processing file /home/airflow/.local/lib/python3.7/site-packages/airflow/example_dags/tutorial_dag.py for tasks to queue
[2022-10-03T12:45:22.926+0000] {logging_mixin.py:117} INFO - [2022-10-03T12:45:22.926+0000] {dagbag.py:525} INFO - Filling up the DagBag from /home/airflow/.local/lib/python3.7/site-packages/airflow/example_dags/tutorial_dag.py
[2022-10-03T12:45:22.950+0000] {processor.py:768} INFO - DAG(s) dict_keys(['tutorial_dag']) retrieved from /home/airflow/.local/lib/python3.7/site-packages/airflow/example_dags/tutorial_dag.py
[2022-10-03T12:45:22.999+0000] {logging_mixin.py:117} INFO - [2022-10-03T12:45:22.999+0000] {dag.py:2573} INFO - Sync 1 DAGs
[2022-10-03T12:45:23.030+0000] {logging_mixin.py:117} INFO - [2022-10-03T12:45:23.030+0000] {dag.py:3328} INFO - Setting next_dagrun for tutorial_dag to None, run_after=None
[2022-10-03T12:45:23.057+0000] {processor.py:178} INFO - Processing /home/airflow/.local/lib/python3.7/site-packages/airflow/example_dags/tutorial_dag.py took 0.139 seconds
[2022-10-03T12:45:53.089+0000] {processor.py:156} INFO - Started process (PID=8818) to work on /home/airflow/.local/lib/python3.7/site-packages/airflow/example_dags/tutorial_dag.py
[2022-10-03T12:45:53.089+0000] {processor.py:758} INFO - Processing file /home/airflow/.local/lib/python3.7/site-packages/airflow/example_dags/tutorial_dag.py for tasks to queue
[2022-10-03T12:45:53.090+0000] {logging_mixin.py:117} INFO - [2022-10-03T12:45:53.090+0000] {dagbag.py:525} INFO - Filling up the DagBag from /home/airflow/.local/lib/python3.7/site-packages/airflow/example_dags/tutorial_dag.py
[2022-10-03T12:45:53.107+0000] {processor.py:768} INFO - DAG(s) dict_keys(['tutorial_dag']) retrieved from /home/airflow/.local/lib/python3.7/site-packages/airflow/example_dags/tutorial_dag.py
[2022-10-03T12:45:53.149+0000] {logging_mixin.py:117} INFO - [2022-10-03T12:45:53.149+0000] {dag.py:2573} INFO - Sync 1 DAGs
[2022-10-03T12:45:53.179+0000] {logging_mixin.py:117} INFO - [2022-10-03T12:45:53.179+0000] {dag.py:3328} INFO - Setting next_dagrun for tutorial_dag to None, run_after=None
[2022-10-03T12:45:53.203+0000] {processor.py:178} INFO - Processing /home/airflow/.local/lib/python3.7/site-packages/airflow/example_dags/tutorial_dag.py took 0.118 seconds
